[0.069s] Invoking command in '/home/asis/hokuyo_ws/src/build/dwb_core': AMENT_PREFIX_PATH=/home/asis/hokuyo_ws/src/install/nav2_core:/home/asis/hokuyo_ws/src/install/nav2_costmap_2d:/home/asis/hokuyo_ws/src/install/nav_2d_utils:/home/asis/hokuyo_ws/src/install/nav2_util:/home/asis/hokuyo_ws/src/install/nav2_voxel_grid:/home/asis/hokuyo_ws/src/install/nav2_msgs:/home/asis/hokuyo_ws/src/install/dwb_msgs:/home/asis/hokuyo_ws/src/install/nav_2d_msgs:/home/asis/hokuyo_ws/src/install/nav2_common:${AMENT_PREFIX_PATH} CMAKE_PREFIX_PATH=/home/asis/hokuyo_ws/src/install/nav2_core:/home/asis/hokuyo_ws/src/install/nav2_costmap_2d:/home/asis/hokuyo_ws/src/install/nav_2d_utils:/home/asis/hokuyo_ws/src/install/nav2_util:/home/asis/hokuyo_ws/src/install/nav2_voxel_grid:/home/asis/hokuyo_ws/src/install/nav2_msgs:/home/asis/hokuyo_ws/src/install/dwb_msgs:/home/asis/hokuyo_ws/src/install/nav_2d_msgs:/home/asis/hokuyo_ws/src/install/nav2_common:/home/asis/hokuyo_ws/install/urg_node2:/home/asis/hokuyo_ws/install/slam_toolbox:/opt/ros/humble LD_LIBRARY_PATH=/home/asis/hokuyo_ws/src/install/nav2_costmap_2d/lib:/home/asis/hokuyo_ws/src/install/nav_2d_utils/lib:/home/asis/hokuyo_ws/src/install/nav2_util/lib:/home/asis/hokuyo_ws/src/install/nav2_voxel_grid/lib:/home/asis/hokuyo_ws/src/install/nav2_msgs/lib:/home/asis/hokuyo_ws/src/install/dwb_msgs/lib:/home/asis/hokuyo_ws/src/install/nav_2d_msgs/lib:${LD_LIBRARY_PATH} PYTHONPATH=/home/asis/hokuyo_ws/src/install/nav2_msgs/local/lib/python3.10/dist-packages:/home/asis/hokuyo_ws/src/install/dwb_msgs/local/lib/python3.10/dist-packages:/home/asis/hokuyo_ws/src/install/nav_2d_msgs/local/lib/python3.10/dist-packages:/home/asis/hokuyo_ws/src/install/nav2_common/local/lib/python3.10/dist-packages:${PYTHONPATH} /usr/bin/cmake /home/asis/hokuyo_ws/src/navigation2/nav2_dwb_controller/dwb_core -DCMAKE_INSTALL_PREFIX=/home/asis/hokuyo_ws/src/install/dwb_core
[15.077s] -- The C compiler identification is GNU 11.4.0
[15.078s] -- The CXX compiler identification is GNU 11.4.0
[15.078s] -- Detecting C compiler ABI info
[15.078s] -- Detecting C compiler ABI info - done
[15.078s] -- Check for working C compiler: /usr/bin/cc - skipped
[15.078s] -- Detecting C compile features
[15.078s] -- Detecting C compile features - done
[15.078s] -- Detecting CXX compiler ABI info
[15.078s] -- Detecting CXX compiler ABI info - done
[15.078s] -- Check for working CXX compiler: /usr/bin/c++ - skipped
[15.078s] -- Detecting CXX compile features
[15.078s] -- Detecting CXX compile features - done
[15.078s] -- Found ament_cmake: 1.3.9 (/opt/ros/humble/share/ament_cmake/cmake)
[15.078s] -- Found Python3: /usr/bin/python3 (found version "3.10.12") found components: Interpreter 
[15.078s] -- Found nav2_common: 1.1.15 (/home/asis/hokuyo_ws/src/install/nav2_common/share/nav2_common/cmake)
[15.078s] -- Found rclcpp: 16.0.9 (/opt/ros/humble/share/rclcpp/cmake)
[15.078s] -- Found rosidl_generator_c: 3.1.5 (/opt/ros/humble/share/rosidl_generator_c/cmake)
[15.078s] -- Found rosidl_adapter: 3.1.5 (/opt/ros/humble/share/rosidl_adapter/cmake)
[15.078s] -- Found rosidl_generator_cpp: 3.1.5 (/opt/ros/humble/share/rosidl_generator_cpp/cmake)
[15.078s] -- Using all available rosidl_typesupport_c: rosidl_typesupport_fastrtps_c;rosidl_typesupport_introspection_c
[15.079s] -- Using all available rosidl_typesupport_cpp: rosidl_typesupport_fastrtps_cpp;rosidl_typesupport_introspection_cpp
[15.079s] -- Found rmw_implementation_cmake: 6.1.2 (/opt/ros/humble/share/rmw_implementation_cmake/cmake)
[15.079s] -- Found rmw_fastrtps_cpp: 6.2.6 (/opt/ros/humble/share/rmw_fastrtps_cpp/cmake)
[15.079s] -- Found OpenSSL: /usr/lib/x86_64-linux-gnu/libcrypto.so (found version "3.0.2")  
[15.079s] -- Found FastRTPS: /opt/ros/humble/include  
[15.080s] -- Using RMW implementation 'rmw_fastrtps_cpp' as default
[15.080s] -- Looking for pthread.h
[15.080s] -- Looking for pthread.h - found
[15.080s] -- Performing Test CMAKE_HAVE_LIBC_PTHREAD
[15.080s] -- Performing Test CMAKE_HAVE_LIBC_PTHREAD - Success
[15.080s] -- Found Threads: TRUE  
[15.080s] -- Found geometry_msgs: 4.2.3 (/opt/ros/humble/share/geometry_msgs/cmake)
[15.080s] -- Found nav_2d_msgs: 1.1.15 (/home/asis/hokuyo_ws/src/install/nav_2d_msgs/share/nav_2d_msgs/cmake)
[15.080s] -- Found dwb_msgs: 1.1.15 (/home/asis/hokuyo_ws/src/install/dwb_msgs/share/dwb_msgs/cmake)
[15.080s] -- Found nav2_costmap_2d: 1.1.15 (/home/asis/hokuyo_ws/src/install/nav2_costmap_2d/share/nav2_costmap_2d/cmake)
[15.080s] -- Found Eigen3: TRUE (found version "3.4.0") 
[15.080s] -- Ensuring Eigen3 include directory is part of orocos-kdl CMake target
[15.081s] -- Found nav_2d_utils: 1.1.15 (/home/asis/hokuyo_ws/src/install/nav_2d_utils/share/nav_2d_utils/cmake)
[15.081s] -- Found nav2_core: 1.1.15 (/home/asis/hokuyo_ws/src/install/nav2_core/share/nav2_core/cmake)
[15.081s] -- Setting build type to Release as none was specified.
[15.081s] -- Found ament_lint_auto: 0.12.11 (/opt/ros/humble/share/ament_lint_auto/cmake)
[15.081s] -- Found gtest sources under '/opt/ros/humble/src/gtest_vendor': C++ tests using 'Google Test' will be built
[15.083s] -- Added test 'cppcheck' to perform static code analysis on C / C++ code
[15.083s] -- Configured cppcheck include dirs: /home/asis/hokuyo_ws/src/navigation2/nav2_dwb_controller/dwb_core/include
[15.083s] -- Configured cppcheck exclude dirs and/or files: 
[15.083s] -- Added test 'cpplint' to check C / C++ code against the Google style
[15.084s] -- Configured cpplint exclude dirs and/or files: 
[15.084s] -- Added test 'lint_cmake' to check CMake code style
[15.084s] -- Added test 'uncrustify' to check C / C++ code style
[15.084s] -- Configured uncrustify additional arguments: 
[15.084s] -- Added test 'xmllint' to check XML markup files
[15.084s] -- Configuring done
[15.084s] -- Generating done
[15.084s] -- Build files have been written to: /home/asis/hokuyo_ws/src/build/dwb_core
[15.088s] Invoked command in '/home/asis/hokuyo_ws/src/build/dwb_core' returned '0': AMENT_PREFIX_PATH=/home/asis/hokuyo_ws/src/install/nav2_core:/home/asis/hokuyo_ws/src/install/nav2_costmap_2d:/home/asis/hokuyo_ws/src/install/nav_2d_utils:/home/asis/hokuyo_ws/src/install/nav2_util:/home/asis/hokuyo_ws/src/install/nav2_voxel_grid:/home/asis/hokuyo_ws/src/install/nav2_msgs:/home/asis/hokuyo_ws/src/install/dwb_msgs:/home/asis/hokuyo_ws/src/install/nav_2d_msgs:/home/asis/hokuyo_ws/src/install/nav2_common:${AMENT_PREFIX_PATH} CMAKE_PREFIX_PATH=/home/asis/hokuyo_ws/src/install/nav2_core:/home/asis/hokuyo_ws/src/install/nav2_costmap_2d:/home/asis/hokuyo_ws/src/install/nav_2d_utils:/home/asis/hokuyo_ws/src/install/nav2_util:/home/asis/hokuyo_ws/src/install/nav2_voxel_grid:/home/asis/hokuyo_ws/src/install/nav2_msgs:/home/asis/hokuyo_ws/src/install/dwb_msgs:/home/asis/hokuyo_ws/src/install/nav_2d_msgs:/home/asis/hokuyo_ws/src/install/nav2_common:/home/asis/hokuyo_ws/install/urg_node2:/home/asis/hokuyo_ws/install/slam_toolbox:/opt/ros/humble LD_LIBRARY_PATH=/home/asis/hokuyo_ws/src/install/nav2_costmap_2d/lib:/home/asis/hokuyo_ws/src/install/nav_2d_utils/lib:/home/asis/hokuyo_ws/src/install/nav2_util/lib:/home/asis/hokuyo_ws/src/install/nav2_voxel_grid/lib:/home/asis/hokuyo_ws/src/install/nav2_msgs/lib:/home/asis/hokuyo_ws/src/install/dwb_msgs/lib:/home/asis/hokuyo_ws/src/install/nav_2d_msgs/lib:${LD_LIBRARY_PATH} PYTHONPATH=/home/asis/hokuyo_ws/src/install/nav2_msgs/local/lib/python3.10/dist-packages:/home/asis/hokuyo_ws/src/install/dwb_msgs/local/lib/python3.10/dist-packages:/home/asis/hokuyo_ws/src/install/nav_2d_msgs/local/lib/python3.10/dist-packages:/home/asis/hokuyo_ws/src/install/nav2_common/local/lib/python3.10/dist-packages:${PYTHONPATH} /usr/bin/cmake /home/asis/hokuyo_ws/src/navigation2/nav2_dwb_controller/dwb_core -DCMAKE_INSTALL_PREFIX=/home/asis/hokuyo_ws/src/install/dwb_core
[15.089s] Invoking command in '/home/asis/hokuyo_ws/src/build/dwb_core': AMENT_PREFIX_PATH=/home/asis/hokuyo_ws/src/install/nav2_core:/home/asis/hokuyo_ws/src/install/nav2_costmap_2d:/home/asis/hokuyo_ws/src/install/nav_2d_utils:/home/asis/hokuyo_ws/src/install/nav2_util:/home/asis/hokuyo_ws/src/install/nav2_voxel_grid:/home/asis/hokuyo_ws/src/install/nav2_msgs:/home/asis/hokuyo_ws/src/install/dwb_msgs:/home/asis/hokuyo_ws/src/install/nav_2d_msgs:/home/asis/hokuyo_ws/src/install/nav2_common:${AMENT_PREFIX_PATH} CMAKE_PREFIX_PATH=/home/asis/hokuyo_ws/src/install/nav2_core:/home/asis/hokuyo_ws/src/install/nav2_costmap_2d:/home/asis/hokuyo_ws/src/install/nav_2d_utils:/home/asis/hokuyo_ws/src/install/nav2_util:/home/asis/hokuyo_ws/src/install/nav2_voxel_grid:/home/asis/hokuyo_ws/src/install/nav2_msgs:/home/asis/hokuyo_ws/src/install/dwb_msgs:/home/asis/hokuyo_ws/src/install/nav_2d_msgs:/home/asis/hokuyo_ws/src/install/nav2_common:/home/asis/hokuyo_ws/install/urg_node2:/home/asis/hokuyo_ws/install/slam_toolbox:/opt/ros/humble LD_LIBRARY_PATH=/home/asis/hokuyo_ws/src/install/nav2_costmap_2d/lib:/home/asis/hokuyo_ws/src/install/nav_2d_utils/lib:/home/asis/hokuyo_ws/src/install/nav2_util/lib:/home/asis/hokuyo_ws/src/install/nav2_voxel_grid/lib:/home/asis/hokuyo_ws/src/install/nav2_msgs/lib:/home/asis/hokuyo_ws/src/install/dwb_msgs/lib:/home/asis/hokuyo_ws/src/install/nav_2d_msgs/lib:${LD_LIBRARY_PATH} PYTHONPATH=/home/asis/hokuyo_ws/src/install/nav2_msgs/local/lib/python3.10/dist-packages:/home/asis/hokuyo_ws/src/install/dwb_msgs/local/lib/python3.10/dist-packages:/home/asis/hokuyo_ws/src/install/nav_2d_msgs/local/lib/python3.10/dist-packages:/home/asis/hokuyo_ws/src/install/nav2_common/local/lib/python3.10/dist-packages:${PYTHONPATH} /usr/bin/cmake --build /home/asis/hokuyo_ws/src/build/dwb_core -- -j8 -l8
[28.279s] [  9%] [32mBuilding CXX object CMakeFiles/dwb_core.dir/src/dwb_local_planner.cpp.o[0m
[34.967s] [ 18%] [32mBuilding CXX object CMakeFiles/dwb_core.dir/src/trajectory_utils.cpp.o[0m
[39.703s] [ 27%] [32mBuilding CXX object CMakeFiles/dwb_core.dir/src/illegal_trajectory_tracker.cpp.o[0m
[41.040s] [ 36%] [32mBuilding CXX object CMakeFiles/dwb_core.dir/src/publisher.cpp.o[0m
[55.734s] [ 45%] [32m[1mLinking CXX shared library libdwb_core.so[0m
[56.677s] [ 45%] Built target dwb_core
[56.709s] [ 54%] [32mBuilding CXX object gtest/CMakeFiles/gtest.dir/src/gtest-all.cc.o[0m
[68.407s] [ 63%] [32m[1mLinking CXX static library libgtest.a[0m
[68.622s] [ 63%] Built target gtest
[68.796s] [ 72%] [32mBuilding CXX object gtest/CMakeFiles/gtest_main.dir/src/gtest_main.cc.o[0m
[70.598s] [ 81%] [32m[1mLinking CXX static library libgtest_main.a[0m
[70.745s] [ 81%] Built target gtest_main
[70.887s] [ 90%] [32mBuilding CXX object test/CMakeFiles/utils_test.dir/utils_test.cpp.o[0m
[78.669s] [100%] [32m[1mLinking CXX executable utils_test[0m
[79.456s] [100%] Built target utils_test
[79.475s] Invoked command in '/home/asis/hokuyo_ws/src/build/dwb_core' returned '0': AMENT_PREFIX_PATH=/home/asis/hokuyo_ws/src/install/nav2_core:/home/asis/hokuyo_ws/src/install/nav2_costmap_2d:/home/asis/hokuyo_ws/src/install/nav_2d_utils:/home/asis/hokuyo_ws/src/install/nav2_util:/home/asis/hokuyo_ws/src/install/nav2_voxel_grid:/home/asis/hokuyo_ws/src/install/nav2_msgs:/home/asis/hokuyo_ws/src/install/dwb_msgs:/home/asis/hokuyo_ws/src/install/nav_2d_msgs:/home/asis/hokuyo_ws/src/install/nav2_common:${AMENT_PREFIX_PATH} CMAKE_PREFIX_PATH=/home/asis/hokuyo_ws/src/install/nav2_core:/home/asis/hokuyo_ws/src/install/nav2_costmap_2d:/home/asis/hokuyo_ws/src/install/nav_2d_utils:/home/asis/hokuyo_ws/src/install/nav2_util:/home/asis/hokuyo_ws/src/install/nav2_voxel_grid:/home/asis/hokuyo_ws/src/install/nav2_msgs:/home/asis/hokuyo_ws/src/install/dwb_msgs:/home/asis/hokuyo_ws/src/install/nav_2d_msgs:/home/asis/hokuyo_ws/src/install/nav2_common:/home/asis/hokuyo_ws/install/urg_node2:/home/asis/hokuyo_ws/install/slam_toolbox:/opt/ros/humble LD_LIBRARY_PATH=/home/asis/hokuyo_ws/src/install/nav2_costmap_2d/lib:/home/asis/hokuyo_ws/src/install/nav_2d_utils/lib:/home/asis/hokuyo_ws/src/install/nav2_util/lib:/home/asis/hokuyo_ws/src/install/nav2_voxel_grid/lib:/home/asis/hokuyo_ws/src/install/nav2_msgs/lib:/home/asis/hokuyo_ws/src/install/dwb_msgs/lib:/home/asis/hokuyo_ws/src/install/nav_2d_msgs/lib:${LD_LIBRARY_PATH} PYTHONPATH=/home/asis/hokuyo_ws/src/install/nav2_msgs/local/lib/python3.10/dist-packages:/home/asis/hokuyo_ws/src/install/dwb_msgs/local/lib/python3.10/dist-packages:/home/asis/hokuyo_ws/src/install/nav_2d_msgs/local/lib/python3.10/dist-packages:/home/asis/hokuyo_ws/src/install/nav2_common/local/lib/python3.10/dist-packages:${PYTHONPATH} /usr/bin/cmake --build /home/asis/hokuyo_ws/src/build/dwb_core -- -j8 -l8
[80.011s] Invoking command in '/home/asis/hokuyo_ws/src/build/dwb_core': AMENT_PREFIX_PATH=/home/asis/hokuyo_ws/src/install/nav2_core:/home/asis/hokuyo_ws/src/install/nav2_costmap_2d:/home/asis/hokuyo_ws/src/install/nav_2d_utils:/home/asis/hokuyo_ws/src/install/nav2_util:/home/asis/hokuyo_ws/src/install/nav2_voxel_grid:/home/asis/hokuyo_ws/src/install/nav2_msgs:/home/asis/hokuyo_ws/src/install/dwb_msgs:/home/asis/hokuyo_ws/src/install/nav_2d_msgs:/home/asis/hokuyo_ws/src/install/nav2_common:${AMENT_PREFIX_PATH} CMAKE_PREFIX_PATH=/home/asis/hokuyo_ws/src/install/nav2_core:/home/asis/hokuyo_ws/src/install/nav2_costmap_2d:/home/asis/hokuyo_ws/src/install/nav_2d_utils:/home/asis/hokuyo_ws/src/install/nav2_util:/home/asis/hokuyo_ws/src/install/nav2_voxel_grid:/home/asis/hokuyo_ws/src/install/nav2_msgs:/home/asis/hokuyo_ws/src/install/dwb_msgs:/home/asis/hokuyo_ws/src/install/nav_2d_msgs:/home/asis/hokuyo_ws/src/install/nav2_common:/home/asis/hokuyo_ws/install/urg_node2:/home/asis/hokuyo_ws/install/slam_toolbox:/opt/ros/humble LD_LIBRARY_PATH=/home/asis/hokuyo_ws/src/install/nav2_costmap_2d/lib:/home/asis/hokuyo_ws/src/install/nav_2d_utils/lib:/home/asis/hokuyo_ws/src/install/nav2_util/lib:/home/asis/hokuyo_ws/src/install/nav2_voxel_grid/lib:/home/asis/hokuyo_ws/src/install/nav2_msgs/lib:/home/asis/hokuyo_ws/src/install/dwb_msgs/lib:/home/asis/hokuyo_ws/src/install/nav_2d_msgs/lib:${LD_LIBRARY_PATH} PYTHONPATH=/home/asis/hokuyo_ws/src/install/nav2_msgs/local/lib/python3.10/dist-packages:/home/asis/hokuyo_ws/src/install/dwb_msgs/local/lib/python3.10/dist-packages:/home/asis/hokuyo_ws/src/install/nav_2d_msgs/local/lib/python3.10/dist-packages:/home/asis/hokuyo_ws/src/install/nav2_common/local/lib/python3.10/dist-packages:${PYTHONPATH} /usr/bin/cmake --install /home/asis/hokuyo_ws/src/build/dwb_core
[87.740s] -- Install configuration: "Release"
[87.740s] -- Installing: /home/asis/hokuyo_ws/src/install/dwb_core/lib/libdwb_core.so
[87.740s] -- Set runtime path of "/home/asis/hokuyo_ws/src/install/dwb_core/lib/libdwb_core.so" to ""
[87.740s] -- Installing: /home/asis/hokuyo_ws/src/install/dwb_core/include/
[87.740s] -- Installing: /home/asis/hokuyo_ws/src/install/dwb_core/include//dwb_core
[87.740s] -- Installing: /home/asis/hokuyo_ws/src/install/dwb_core/include//dwb_core/illegal_trajectory_tracker.hpp
[87.740s] -- Installing: /home/asis/hokuyo_ws/src/install/dwb_core/include//dwb_core/publisher.hpp
[87.740s] -- Installing: /home/asis/hokuyo_ws/src/install/dwb_core/include//dwb_core/trajectory_critic.hpp
[87.740s] -- Installing: /home/asis/hokuyo_ws/src/install/dwb_core/include//dwb_core/dwb_local_planner.hpp
[87.741s] -- Installing: /home/asis/hokuyo_ws/src/install/dwb_core/include//dwb_core/trajectory_utils.hpp
[87.741s] -- Installing: /home/asis/hokuyo_ws/src/install/dwb_core/include//dwb_core/trajectory_generator.hpp
[87.741s] -- Installing: /home/asis/hokuyo_ws/src/install/dwb_core/include//dwb_core/exceptions.hpp
[87.741s] -- Installing: /home/asis/hokuyo_ws/src/install/dwb_core/share/dwb_core/environment/library_path.sh
[87.741s] -- Installing: /home/asis/hokuyo_ws/src/install/dwb_core/share/dwb_core/environment/library_path.dsv
[87.741s] -- Installing: /home/asis/hokuyo_ws/src/install/dwb_core/share/dwb_core/local_planner_plugin.xml
[87.741s] -- Installing: /home/asis/hokuyo_ws/src/install/dwb_core/share/ament_index/resource_index/package_run_dependencies/dwb_core
[87.741s] -- Installing: /home/asis/hokuyo_ws/src/install/dwb_core/share/ament_index/resource_index/parent_prefix_path/dwb_core
[87.741s] -- Installing: /home/asis/hokuyo_ws/src/install/dwb_core/share/dwb_core/environment/ament_prefix_path.sh
[87.741s] -- Installing: /home/asis/hokuyo_ws/src/install/dwb_core/share/dwb_core/environment/ament_prefix_path.dsv
[87.741s] -- Installing: /home/asis/hokuyo_ws/src/install/dwb_core/share/dwb_core/environment/path.sh
[87.742s] -- Installing: /home/asis/hokuyo_ws/src/install/dwb_core/share/dwb_core/environment/path.dsv
[87.742s] -- Installing: /home/asis/hokuyo_ws/src/install/dwb_core/share/dwb_core/local_setup.bash
[87.742s] -- Installing: /home/asis/hokuyo_ws/src/install/dwb_core/share/dwb_core/local_setup.sh
[87.742s] -- Installing: /home/asis/hokuyo_ws/src/install/dwb_core/share/dwb_core/local_setup.zsh
[87.742s] -- Installing: /home/asis/hokuyo_ws/src/install/dwb_core/share/dwb_core/local_setup.dsv
[87.742s] -- Installing: /home/asis/hokuyo_ws/src/install/dwb_core/share/dwb_core/package.dsv
[87.742s] -- Installing: /home/asis/hokuyo_ws/src/install/dwb_core/share/ament_index/resource_index/packages/dwb_core
[87.742s] -- Installing: /home/asis/hokuyo_ws/src/install/dwb_core/share/ament_index/resource_index/nav2_core__pluginlib__plugin/dwb_core
[87.742s] -- Installing: /home/asis/hokuyo_ws/src/install/dwb_core/share/dwb_core/cmake/ament_cmake_export_include_directories-extras.cmake
[87.742s] -- Installing: /home/asis/hokuyo_ws/src/install/dwb_core/share/dwb_core/cmake/ament_cmake_export_libraries-extras.cmake
[87.742s] -- Installing: /home/asis/hokuyo_ws/src/install/dwb_core/share/dwb_core/cmake/ament_cmake_export_dependencies-extras.cmake
[87.743s] -- Installing: /home/asis/hokuyo_ws/src/install/dwb_core/share/dwb_core/cmake/dwb_coreConfig.cmake
[87.743s] -- Installing: /home/asis/hokuyo_ws/src/install/dwb_core/share/dwb_core/cmake/dwb_coreConfig-version.cmake
[87.743s] -- Installing: /home/asis/hokuyo_ws/src/install/dwb_core/share/dwb_core/package.xml
[87.759s] Invoked command in '/home/asis/hokuyo_ws/src/build/dwb_core' returned '0': AMENT_PREFIX_PATH=/home/asis/hokuyo_ws/src/install/nav2_core:/home/asis/hokuyo_ws/src/install/nav2_costmap_2d:/home/asis/hokuyo_ws/src/install/nav_2d_utils:/home/asis/hokuyo_ws/src/install/nav2_util:/home/asis/hokuyo_ws/src/install/nav2_voxel_grid:/home/asis/hokuyo_ws/src/install/nav2_msgs:/home/asis/hokuyo_ws/src/install/dwb_msgs:/home/asis/hokuyo_ws/src/install/nav_2d_msgs:/home/asis/hokuyo_ws/src/install/nav2_common:${AMENT_PREFIX_PATH} CMAKE_PREFIX_PATH=/home/asis/hokuyo_ws/src/install/nav2_core:/home/asis/hokuyo_ws/src/install/nav2_costmap_2d:/home/asis/hokuyo_ws/src/install/nav_2d_utils:/home/asis/hokuyo_ws/src/install/nav2_util:/home/asis/hokuyo_ws/src/install/nav2_voxel_grid:/home/asis/hokuyo_ws/src/install/nav2_msgs:/home/asis/hokuyo_ws/src/install/dwb_msgs:/home/asis/hokuyo_ws/src/install/nav_2d_msgs:/home/asis/hokuyo_ws/src/install/nav2_common:/home/asis/hokuyo_ws/install/urg_node2:/home/asis/hokuyo_ws/install/slam_toolbox:/opt/ros/humble LD_LIBRARY_PATH=/home/asis/hokuyo_ws/src/install/nav2_costmap_2d/lib:/home/asis/hokuyo_ws/src/install/nav_2d_utils/lib:/home/asis/hokuyo_ws/src/install/nav2_util/lib:/home/asis/hokuyo_ws/src/install/nav2_voxel_grid/lib:/home/asis/hokuyo_ws/src/install/nav2_msgs/lib:/home/asis/hokuyo_ws/src/install/dwb_msgs/lib:/home/asis/hokuyo_ws/src/install/nav_2d_msgs/lib:${LD_LIBRARY_PATH} PYTHONPATH=/home/asis/hokuyo_ws/src/install/nav2_msgs/local/lib/python3.10/dist-packages:/home/asis/hokuyo_ws/src/install/dwb_msgs/local/lib/python3.10/dist-packages:/home/asis/hokuyo_ws/src/install/nav_2d_msgs/local/lib/python3.10/dist-packages:/home/asis/hokuyo_ws/src/install/nav2_common/local/lib/python3.10/dist-packages:${PYTHONPATH} /usr/bin/cmake --install /home/asis/hokuyo_ws/src/build/dwb_core
