[0.280s] Invoking command in '/home/asis/hokuyo_ws/src/build/nav2_mppi_controller': AMENT_PREFIX_PATH=/home/asis/hokuyo_ws/src/install/nav2_core:/home/asis/hokuyo_ws/src/install/nav2_costmap_2d:/home/asis/hokuyo_ws/src/install/nav2_util:/home/asis/hokuyo_ws/src/install/nav2_voxel_grid:/home/asis/hokuyo_ws/src/install/nav2_msgs:/home/asis/hokuyo_ws/src/install/nav2_common:${AMENT_PREFIX_PATH} CMAKE_PREFIX_PATH=/home/asis/hokuyo_ws/src/install/nav2_core:/home/asis/hokuyo_ws/src/install/nav2_costmap_2d:/home/asis/hokuyo_ws/src/install/nav2_util:/home/asis/hokuyo_ws/src/install/nav2_voxel_grid:/home/asis/hokuyo_ws/src/install/nav2_msgs:/home/asis/hokuyo_ws/src/install/nav2_common:/home/asis/hokuyo_ws/install/urg_node2:/home/asis/hokuyo_ws/install/slam_toolbox:/opt/ros/humble LD_LIBRARY_PATH=/home/asis/hokuyo_ws/src/install/nav2_costmap_2d/lib:/home/asis/hokuyo_ws/src/install/nav2_util/lib:/home/asis/hokuyo_ws/src/install/nav2_voxel_grid/lib:/home/asis/hokuyo_ws/src/install/nav2_msgs/lib:${LD_LIBRARY_PATH} PYTHONPATH=/home/asis/hokuyo_ws/src/install/nav2_msgs/local/lib/python3.10/dist-packages:/home/asis/hokuyo_ws/src/install/nav2_common/local/lib/python3.10/dist-packages:${PYTHONPATH} /usr/bin/cmake /home/asis/hokuyo_ws/src/navigation2/nav2_mppi_controller -DCMAKE_INSTALL_PREFIX=/home/asis/hokuyo_ws/src/install/nav2_mppi_controller
[4.154s] -- The C compiler identification is GNU 11.4.0
[4.154s] -- The CXX compiler identification is GNU 11.4.0
[4.154s] -- Detecting C compiler ABI info
[4.154s] -- Detecting C compiler ABI info - done
[4.154s] -- Check for working C compiler: /usr/bin/cc - skipped
[4.155s] -- Detecting C compile features
[4.155s] -- Detecting C compile features - done
[4.155s] -- Detecting CXX compiler ABI info
[4.155s] -- Detecting CXX compiler ABI info - done
[4.155s] -- Check for working CXX compiler: /usr/bin/c++ - skipped
[4.155s] -- Detecting CXX compile features
[4.155s] -- Detecting CXX compile features - done
[4.155s] -- Found ament_cmake: 1.3.9 (/opt/ros/humble/share/ament_cmake/cmake)
[4.155s] -- Found Python3: /usr/bin/python3 (found version "3.10.12") found components: Interpreter 
[4.155s] -- Performing Test arch_native_supported
[4.156s] -- Performing Test arch_native_supported - Success
[4.156s] -- Found rclcpp: 16.0.9 (/opt/ros/humble/share/rclcpp/cmake)
[4.156s] -- Found rosidl_generator_c: 3.1.5 (/opt/ros/humble/share/rosidl_generator_c/cmake)
[4.156s] -- Found rosidl_adapter: 3.1.5 (/opt/ros/humble/share/rosidl_adapter/cmake)
[4.156s] -- Found rosidl_generator_cpp: 3.1.5 (/opt/ros/humble/share/rosidl_generator_cpp/cmake)
[4.156s] -- Using all available rosidl_typesupport_c: rosidl_typesupport_fastrtps_c;rosidl_typesupport_introspection_c
[4.156s] -- Using all available rosidl_typesupport_cpp: rosidl_typesupport_fastrtps_cpp;rosidl_typesupport_introspection_cpp
[4.156s] -- Found rmw_implementation_cmake: 6.1.2 (/opt/ros/humble/share/rmw_implementation_cmake/cmake)
[4.156s] -- Found rmw_fastrtps_cpp: 6.2.6 (/opt/ros/humble/share/rmw_fastrtps_cpp/cmake)
[4.156s] -- Found OpenSSL: /usr/lib/x86_64-linux-gnu/libcrypto.so (found version "3.0.2")  
[4.156s] -- Found FastRTPS: /opt/ros/humble/include  
[4.157s] -- Using RMW implementation 'rmw_fastrtps_cpp' as default
[4.157s] -- Looking for pthread.h
[4.157s] -- Looking for pthread.h - found
[4.157s] -- Performing Test CMAKE_HAVE_LIBC_PTHREAD
[4.203s] -- Performing Test CMAKE_HAVE_LIBC_PTHREAD - Success
[4.203s] -- Found Threads: TRUE  
[4.488s] -- Found nav2_common: 1.1.15 (/home/asis/hokuyo_ws/src/install/nav2_common/share/nav2_common/cmake)
[4.493s] -- Found pluginlib: 5.1.0 (/opt/ros/humble/share/pluginlib/cmake)
[4.538s] -- Found tf2: 0.25.6 (/opt/ros/humble/share/tf2/cmake)
[4.646s] -- Found visualization_msgs: 4.2.3 (/opt/ros/humble/share/visualization_msgs/cmake)
[5.128s] -- Found nav_msgs: 4.2.3 (/opt/ros/humble/share/nav_msgs/cmake)
[5.334s] -- Found nav2_core: 1.1.15 (/home/asis/hokuyo_ws/src/install/nav2_core/share/nav2_core/cmake)
[6.955s] -- Found Eigen3: TRUE (found version "3.4.0") 
[6.955s] -- Ensuring Eigen3 include directory is part of orocos-kdl CMake target
[9.571s] -- Found tf2_eigen: 0.25.6 (/opt/ros/humble/share/tf2_eigen/cmake)
[9.581s] -- Setting build type to Release as none was specified.
[9.583s] -- Performing Test COMPILER_SUPPORTS_AVX512
[9.765s] -- Performing Test COMPILER_SUPPORTS_AVX512 - Success
[9.766s] -- Performing Test COMPILER_SUPPORTS_SSE4
[9.907s] -- Performing Test COMPILER_SUPPORTS_SSE4 - Success
[9.908s] -- Performing Test COMPILER_SUPPORTS_AVX2
[10.042s] -- Performing Test COMPILER_SUPPORTS_AVX2 - Success
[10.044s] -- Performing Test COMPILER_SUPPORTS_FMA
[10.185s] -- Performing Test COMPILER_SUPPORTS_FMA - Success
[17.083s] -- Found ament_lint_auto: 0.12.11 (/opt/ros/humble/share/ament_lint_auto/cmake)
[17.087s] -- Found ament_cmake_gtest: 1.3.9 (/opt/ros/humble/share/ament_cmake_gtest/cmake)
[17.221s] -- Found gtest sources under '/opt/ros/humble/src/gtest_vendor': C++ tests using 'Google Test' will be built
[67.836s] -- Added test 'cppcheck' to perform static code analysis on C / C++ code
[67.837s] -- Configured cppcheck include dirs: /home/asis/hokuyo_ws/src/navigation2/nav2_mppi_controller/include
[67.837s] -- Configured cppcheck exclude dirs and/or files: 
[67.843s] -- Added test 'cpplint' to check C / C++ code against the Google style
[67.843s] -- Configured cpplint exclude dirs and/or files: 
[67.846s] -- Added test 'lint_cmake' to check CMake code style
[67.853s] -- Added test 'uncrustify' to check C / C++ code style
[67.853s] -- Configured uncrustify additional arguments: 
[67.855s] -- Added test 'xmllint' to check XML markup files
[67.880s] -- Configuring done
[69.478s] -- Generating done
[69.478s] -- Build files have been written to: /home/asis/hokuyo_ws/src/build/nav2_mppi_controller
[69.549s] Invoked command in '/home/asis/hokuyo_ws/src/build/nav2_mppi_controller' returned '0': AMENT_PREFIX_PATH=/home/asis/hokuyo_ws/src/install/nav2_core:/home/asis/hokuyo_ws/src/install/nav2_costmap_2d:/home/asis/hokuyo_ws/src/install/nav2_util:/home/asis/hokuyo_ws/src/install/nav2_voxel_grid:/home/asis/hokuyo_ws/src/install/nav2_msgs:/home/asis/hokuyo_ws/src/install/nav2_common:${AMENT_PREFIX_PATH} CMAKE_PREFIX_PATH=/home/asis/hokuyo_ws/src/install/nav2_core:/home/asis/hokuyo_ws/src/install/nav2_costmap_2d:/home/asis/hokuyo_ws/src/install/nav2_util:/home/asis/hokuyo_ws/src/install/nav2_voxel_grid:/home/asis/hokuyo_ws/src/install/nav2_msgs:/home/asis/hokuyo_ws/src/install/nav2_common:/home/asis/hokuyo_ws/install/urg_node2:/home/asis/hokuyo_ws/install/slam_toolbox:/opt/ros/humble LD_LIBRARY_PATH=/home/asis/hokuyo_ws/src/install/nav2_costmap_2d/lib:/home/asis/hokuyo_ws/src/install/nav2_util/lib:/home/asis/hokuyo_ws/src/install/nav2_voxel_grid/lib:/home/asis/hokuyo_ws/src/install/nav2_msgs/lib:${LD_LIBRARY_PATH} PYTHONPATH=/home/asis/hokuyo_ws/src/install/nav2_msgs/local/lib/python3.10/dist-packages:/home/asis/hokuyo_ws/src/install/nav2_common/local/lib/python3.10/dist-packages:${PYTHONPATH} /usr/bin/cmake /home/asis/hokuyo_ws/src/navigation2/nav2_mppi_controller -DCMAKE_INSTALL_PREFIX=/home/asis/hokuyo_ws/src/install/nav2_mppi_controller
[69.550s] Invoking command in '/home/asis/hokuyo_ws/src/build/nav2_mppi_controller': AMENT_PREFIX_PATH=/home/asis/hokuyo_ws/src/install/nav2_core:/home/asis/hokuyo_ws/src/install/nav2_costmap_2d:/home/asis/hokuyo_ws/src/install/nav2_util:/home/asis/hokuyo_ws/src/install/nav2_voxel_grid:/home/asis/hokuyo_ws/src/install/nav2_msgs:/home/asis/hokuyo_ws/src/install/nav2_common:${AMENT_PREFIX_PATH} CMAKE_PREFIX_PATH=/home/asis/hokuyo_ws/src/install/nav2_core:/home/asis/hokuyo_ws/src/install/nav2_costmap_2d:/home/asis/hokuyo_ws/src/install/nav2_util:/home/asis/hokuyo_ws/src/install/nav2_voxel_grid:/home/asis/hokuyo_ws/src/install/nav2_msgs:/home/asis/hokuyo_ws/src/install/nav2_common:/home/asis/hokuyo_ws/install/urg_node2:/home/asis/hokuyo_ws/install/slam_toolbox:/opt/ros/humble LD_LIBRARY_PATH=/home/asis/hokuyo_ws/src/install/nav2_costmap_2d/lib:/home/asis/hokuyo_ws/src/install/nav2_util/lib:/home/asis/hokuyo_ws/src/install/nav2_voxel_grid/lib:/home/asis/hokuyo_ws/src/install/nav2_msgs/lib:${LD_LIBRARY_PATH} PYTHONPATH=/home/asis/hokuyo_ws/src/install/nav2_msgs/local/lib/python3.10/dist-packages:/home/asis/hokuyo_ws/src/install/nav2_common/local/lib/python3.10/dist-packages:${PYTHONPATH} /usr/bin/cmake --build /home/asis/hokuyo_ws/src/build/nav2_mppi_controller -- -j8 -l8
[110.401s] [  2%] [32mBuilding CXX object CMakeFiles/mppi_controller.dir/src/controller.cpp.o[0m
[110.401s] [  4%] [32mBuilding CXX object CMakeFiles/mppi_controller.dir/src/path_handler.cpp.o[0m
[110.401s] [  6%] [32mBuilding CXX object CMakeFiles/mppi_controller.dir/src/parameters_handler.cpp.o[0m
[110.402s] [  8%] [32mBuilding CXX object CMakeFiles/mppi_controller.dir/src/noise_generator.cpp.o[0m
[116.596s] [ 10%] [32mBuilding CXX object CMakeFiles/mppi_controller.dir/src/trajectory_visualizer.cpp.o[0m
[134.708s] [ 12%] [32mBuilding CXX object CMakeFiles/mppi_controller.dir/src/critic_manager.cpp.o[0m
[157.823s] [ 14%] [32mBuilding CXX object CMakeFiles/mppi_controller.dir/src/optimizer.cpp.o[0m
[189.305s] [ 16%] [32m[1mLinking CXX shared library libmppi_controller.so[0m
[190.069s] [ 16%] Built target mppi_controller
[190.093s] [ 18%] [32mBuilding CXX object gtest/CMakeFiles/gtest.dir/src/gtest-all.cc.o[0m
[202.922s] [ 20%] [32m[1mLinking CXX static library libgtest.a[0m
[202.986s] [ 20%] Built target gtest
[203.020s] [ 22%] [32mBuilding CXX object gtest/CMakeFiles/gtest_main.dir/src/gtest_main.cc.o[0m
[204.489s] [ 24%] [32m[1mLinking CXX static library libgtest_main.a[0m
[204.554s] [ 24%] Built target gtest_main
[204.604s] [ 26%] [32mBuilding CXX object CMakeFiles/mppi_critics.dir/src/critics/obstacles_critic.cpp.o[0m
[220.148s] [ 28%] [32mBuilding CXX object CMakeFiles/mppi_critics.dir/src/critics/cost_critic.cpp.o[0m
[231.316s] [ 30%] [32mBuilding CXX object CMakeFiles/mppi_critics.dir/src/critics/goal_critic.cpp.o[0m
[240.675s] [ 32%] [32mBuilding CXX object test/CMakeFiles/trajectory_visualizer_tests.dir/trajectory_visualizer_tests.cpp.o[0m
[241.784s] [ 34%] [32mBuilding CXX object test/CMakeFiles/motion_model_tests.dir/motion_model_tests.cpp.o[0m
[242.886s] [ 36%] [32mBuilding CXX object test/CMakeFiles/parameter_handler_test.dir/parameter_handler_test.cpp.o[0m
[243.971s] [ 38%] [32mBuilding CXX object test/CMakeFiles/noise_generator_test.dir/noise_generator_test.cpp.o[0m
[245.050s] [ 40%] [32mBuilding CXX object test/CMakeFiles/models_test.dir/models_test.cpp.o[0m
[252.010s] [ 42%] [32mBuilding CXX object CMakeFiles/mppi_critics.dir/src/critics/goal_angle_critic.cpp.o[0m
[261.242s] [ 44%] [32m[1mLinking CXX executable parameter_handler_test[0m
[262.372s] [ 44%] Built target parameter_handler_test
[264.653s] [ 46%] [32m[1mLinking CXX executable noise_generator_test[0m
[264.882s] [ 48%] [32m[1mLinking CXX executable models_test[0m
[265.768s] [ 48%] Built target noise_generator_test
[265.787s] [ 48%] Built target models_test
[267.603s] [ 51%] [32m[1mLinking CXX executable motion_model_tests[0m
[268.364s] [ 51%] Built target motion_model_tests
[272.990s] [ 53%] [32mBuilding CXX object CMakeFiles/mppi_critics.dir/src/critics/path_align_critic.cpp.o[0m
[286.687s] [ 55%] [32m[1mLinking CXX executable trajectory_visualizer_tests[0m
[287.619s] [ 55%] Built target trajectory_visualizer_tests
[287.962s] [ 57%] [32mBuilding CXX object CMakeFiles/mppi_critics.dir/src/critics/path_align_legacy_critic.cpp.o[0m
[302.103s] [ 59%] [32mBuilding CXX object CMakeFiles/mppi_critics.dir/src/critics/path_follow_critic.cpp.o[0m
[316.131s] [ 61%] [32mBuilding CXX object CMakeFiles/mppi_critics.dir/src/critics/path_angle_critic.cpp.o[0m
[317.044s] [ 63%] [32mBuilding CXX object CMakeFiles/mppi_critics.dir/src/critics/prefer_forward_critic.cpp.o[0m
[339.721s] [ 65%] [32mBuilding CXX object CMakeFiles/mppi_critics.dir/src/critics/twirling_critic.cpp.o[0m
[345.740s] [ 67%] [32mBuilding CXX object CMakeFiles/mppi_critics.dir/src/critics/constraint_critic.cpp.o[0m
[350.494s] [ 69%] [32mBuilding CXX object CMakeFiles/mppi_critics.dir/src/critics/velocity_deadband_critic.cpp.o[0m
[365.309s] [ 71%] [32m[1mLinking CXX shared library libmppi_critics.so[0m
[365.705s] [ 71%] Built target mppi_critics
[365.738s] [ 75%] [32mBuilding CXX object test/CMakeFiles/critic_manager_test.dir/critic_manager_test.cpp.o[0m
[365.738s] [ 75%] [32mBuilding CXX object test/CMakeFiles/path_handler_test.dir/path_handler_test.cpp.o[0m
[365.738s] [ 77%] [32mBuilding CXX object test/CMakeFiles/optimizer_unit_tests.dir/optimizer_unit_tests.cpp.o[0m
[379.062s] [ 79%] [32m[1mLinking CXX executable path_handler_test[0m
[380.056s] [ 79%] Built target path_handler_test
[380.091s] [ 81%] [32mBuilding CXX object test/CMakeFiles/critics_tests.dir/critics_tests.cpp.o[0m
[387.010s] [ 83%] [32m[1mLinking CXX executable critic_manager_test[0m
[388.219s] [ 83%] Built target critic_manager_test
[388.255s] [ 85%] [32mBuilding CXX object test/CMakeFiles/utils_test.dir/utils_test.cpp.o[0m
[395.327s] [ 87%] [32m[1mLinking CXX executable optimizer_unit_tests[0m
[396.078s] [ 87%] Built target optimizer_unit_tests
[396.116s] [ 89%] [32mBuilding CXX object test/CMakeFiles/controller_state_transition_test.dir/controller_state_transition_test.cpp.o[0m
[408.433s] [ 91%] [32m[1mLinking CXX executable critics_tests[0m
[408.911s] [ 91%] Built target critics_tests
[408.934s] [ 93%] [32mBuilding CXX object test/CMakeFiles/optimizer_smoke_test.dir/optimizer_smoke_test.cpp.o[0m
[409.130s] [ 95%] [32m[1mLinking CXX executable utils_test[0m
[409.541s] [ 95%] Built target utils_test
[414.152s] [ 97%] [32m[1mLinking CXX executable controller_state_transition_test[0m
[414.532s] [ 97%] Built target controller_state_transition_test
[421.372s] [100%] [32m[1mLinking CXX executable optimizer_smoke_test[0m
[421.719s] [100%] Built target optimizer_smoke_test
[421.730s] Invoked command in '/home/asis/hokuyo_ws/src/build/nav2_mppi_controller' returned '0': AMENT_PREFIX_PATH=/home/asis/hokuyo_ws/src/install/nav2_core:/home/asis/hokuyo_ws/src/install/nav2_costmap_2d:/home/asis/hokuyo_ws/src/install/nav2_util:/home/asis/hokuyo_ws/src/install/nav2_voxel_grid:/home/asis/hokuyo_ws/src/install/nav2_msgs:/home/asis/hokuyo_ws/src/install/nav2_common:${AMENT_PREFIX_PATH} CMAKE_PREFIX_PATH=/home/asis/hokuyo_ws/src/install/nav2_core:/home/asis/hokuyo_ws/src/install/nav2_costmap_2d:/home/asis/hokuyo_ws/src/install/nav2_util:/home/asis/hokuyo_ws/src/install/nav2_voxel_grid:/home/asis/hokuyo_ws/src/install/nav2_msgs:/home/asis/hokuyo_ws/src/install/nav2_common:/home/asis/hokuyo_ws/install/urg_node2:/home/asis/hokuyo_ws/install/slam_toolbox:/opt/ros/humble LD_LIBRARY_PATH=/home/asis/hokuyo_ws/src/install/nav2_costmap_2d/lib:/home/asis/hokuyo_ws/src/install/nav2_util/lib:/home/asis/hokuyo_ws/src/install/nav2_voxel_grid/lib:/home/asis/hokuyo_ws/src/install/nav2_msgs/lib:${LD_LIBRARY_PATH} PYTHONPATH=/home/asis/hokuyo_ws/src/install/nav2_msgs/local/lib/python3.10/dist-packages:/home/asis/hokuyo_ws/src/install/nav2_common/local/lib/python3.10/dist-packages:${PYTHONPATH} /usr/bin/cmake --build /home/asis/hokuyo_ws/src/build/nav2_mppi_controller -- -j8 -l8
[421.808s] Invoking command in '/home/asis/hokuyo_ws/src/build/nav2_mppi_controller': AMENT_PREFIX_PATH=/home/asis/hokuyo_ws/src/install/nav2_core:/home/asis/hokuyo_ws/src/install/nav2_costmap_2d:/home/asis/hokuyo_ws/src/install/nav2_util:/home/asis/hokuyo_ws/src/install/nav2_voxel_grid:/home/asis/hokuyo_ws/src/install/nav2_msgs:/home/asis/hokuyo_ws/src/install/nav2_common:${AMENT_PREFIX_PATH} CMAKE_PREFIX_PATH=/home/asis/hokuyo_ws/src/install/nav2_core:/home/asis/hokuyo_ws/src/install/nav2_costmap_2d:/home/asis/hokuyo_ws/src/install/nav2_util:/home/asis/hokuyo_ws/src/install/nav2_voxel_grid:/home/asis/hokuyo_ws/src/install/nav2_msgs:/home/asis/hokuyo_ws/src/install/nav2_common:/home/asis/hokuyo_ws/install/urg_node2:/home/asis/hokuyo_ws/install/slam_toolbox:/opt/ros/humble LD_LIBRARY_PATH=/home/asis/hokuyo_ws/src/install/nav2_costmap_2d/lib:/home/asis/hokuyo_ws/src/install/nav2_util/lib:/home/asis/hokuyo_ws/src/install/nav2_voxel_grid/lib:/home/asis/hokuyo_ws/src/install/nav2_msgs/lib:${LD_LIBRARY_PATH} PYTHONPATH=/home/asis/hokuyo_ws/src/install/nav2_msgs/local/lib/python3.10/dist-packages:/home/asis/hokuyo_ws/src/install/nav2_common/local/lib/python3.10/dist-packages:${PYTHONPATH} /usr/bin/cmake --install /home/asis/hokuyo_ws/src/build/nav2_mppi_controller
[421.814s] -- Install configuration: "Release"
[421.815s] -- Installing: /home/asis/hokuyo_ws/src/install/nav2_mppi_controller/lib/libmppi_controller.so
[421.816s] -- Set runtime path of "/home/asis/hokuyo_ws/src/install/nav2_mppi_controller/lib/libmppi_controller.so" to ""
[421.816s] -- Installing: /home/asis/hokuyo_ws/src/install/nav2_mppi_controller/lib/libmppi_critics.so
[421.818s] -- Set runtime path of "/home/asis/hokuyo_ws/src/install/nav2_mppi_controller/lib/libmppi_critics.so" to ""
[421.818s] -- Installing: /home/asis/hokuyo_ws/src/install/nav2_mppi_controller/include/
[421.818s] -- Installing: /home/asis/hokuyo_ws/src/install/nav2_mppi_controller/include//nav2_mppi_controller
[421.818s] -- Installing: /home/asis/hokuyo_ws/src/install/nav2_mppi_controller/include//nav2_mppi_controller/controller.hpp
[421.818s] -- Installing: /home/asis/hokuyo_ws/src/install/nav2_mppi_controller/include//nav2_mppi_controller/critics
[421.818s] -- Installing: /home/asis/hokuyo_ws/src/install/nav2_mppi_controller/include//nav2_mppi_controller/critics/goal_critic.hpp
[421.818s] -- Installing: /home/asis/hokuyo_ws/src/install/nav2_mppi_controller/include//nav2_mppi_controller/critics/path_follow_critic.hpp
[421.818s] -- Installing: /home/asis/hokuyo_ws/src/install/nav2_mppi_controller/include//nav2_mppi_controller/critics/prefer_forward_critic.hpp
[421.818s] -- Installing: /home/asis/hokuyo_ws/src/install/nav2_mppi_controller/include//nav2_mppi_controller/critics/constraint_critic.hpp
[421.819s] -- Installing: /home/asis/hokuyo_ws/src/install/nav2_mppi_controller/include//nav2_mppi_controller/critics/goal_angle_critic.hpp
[421.819s] -- Installing: /home/asis/hokuyo_ws/src/install/nav2_mppi_controller/include//nav2_mppi_controller/critics/velocity_deadband_critic.hpp
[421.819s] -- Installing: /home/asis/hokuyo_ws/src/install/nav2_mppi_controller/include//nav2_mppi_controller/critics/path_align_legacy_critic.hpp
[421.819s] -- Installing: /home/asis/hokuyo_ws/src/install/nav2_mppi_controller/include//nav2_mppi_controller/critics/path_align_critic.hpp
[421.819s] -- Installing: /home/asis/hokuyo_ws/src/install/nav2_mppi_controller/include//nav2_mppi_controller/critics/twirling_critic.hpp
[421.819s] -- Installing: /home/asis/hokuyo_ws/src/install/nav2_mppi_controller/include//nav2_mppi_controller/critics/path_angle_critic.hpp
[421.819s] -- Installing: /home/asis/hokuyo_ws/src/install/nav2_mppi_controller/include//nav2_mppi_controller/critics/cost_critic.hpp
[421.819s] -- Installing: /home/asis/hokuyo_ws/src/install/nav2_mppi_controller/include//nav2_mppi_controller/critics/obstacles_critic.hpp
[421.819s] -- Installing: /home/asis/hokuyo_ws/src/install/nav2_mppi_controller/include//nav2_mppi_controller/tools
[421.819s] -- Installing: /home/asis/hokuyo_ws/src/install/nav2_mppi_controller/include//nav2_mppi_controller/tools/path_handler.hpp
[421.819s] -- Installing: /home/asis/hokuyo_ws/src/install/nav2_mppi_controller/include//nav2_mppi_controller/tools/parameters_handler.hpp
[421.819s] -- Installing: /home/asis/hokuyo_ws/src/install/nav2_mppi_controller/include//nav2_mppi_controller/tools/noise_generator.hpp
[421.819s] -- Installing: /home/asis/hokuyo_ws/src/install/nav2_mppi_controller/include//nav2_mppi_controller/tools/trajectory_visualizer.hpp
[421.820s] -- Installing: /home/asis/hokuyo_ws/src/install/nav2_mppi_controller/include//nav2_mppi_controller/tools/utils.hpp
[421.820s] -- Installing: /home/asis/hokuyo_ws/src/install/nav2_mppi_controller/include//nav2_mppi_controller/optimizer.hpp
[421.820s] -- Installing: /home/asis/hokuyo_ws/src/install/nav2_mppi_controller/include//nav2_mppi_controller/critic_manager.hpp
[421.820s] -- Installing: /home/asis/hokuyo_ws/src/install/nav2_mppi_controller/include//nav2_mppi_controller/motion_models.hpp
[421.820s] -- Installing: /home/asis/hokuyo_ws/src/install/nav2_mppi_controller/include//nav2_mppi_controller/critic_data.hpp
[421.820s] -- Installing: /home/asis/hokuyo_ws/src/install/nav2_mppi_controller/include//nav2_mppi_controller/models
[421.820s] -- Installing: /home/asis/hokuyo_ws/src/install/nav2_mppi_controller/include//nav2_mppi_controller/models/optimizer_settings.hpp
[421.820s] -- Installing: /home/asis/hokuyo_ws/src/install/nav2_mppi_controller/include//nav2_mppi_controller/models/path.hpp
[421.820s] -- Installing: /home/asis/hokuyo_ws/src/install/nav2_mppi_controller/include//nav2_mppi_controller/models/trajectories.hpp
[421.820s] -- Installing: /home/asis/hokuyo_ws/src/install/nav2_mppi_controller/include//nav2_mppi_controller/models/constraints.hpp
[421.820s] -- Installing: /home/asis/hokuyo_ws/src/install/nav2_mppi_controller/include//nav2_mppi_controller/models/control_sequence.hpp
[421.820s] -- Installing: /home/asis/hokuyo_ws/src/install/nav2_mppi_controller/include//nav2_mppi_controller/models/state.hpp
[421.821s] -- Installing: /home/asis/hokuyo_ws/src/install/nav2_mppi_controller/include//nav2_mppi_controller/critic_function.hpp
[421.821s] -- Installing: /home/asis/hokuyo_ws/src/install/nav2_mppi_controller/share/nav2_mppi_controller/environment/library_path.sh
[421.821s] -- Installing: /home/asis/hokuyo_ws/src/install/nav2_mppi_controller/share/nav2_mppi_controller/environment/library_path.dsv
[421.821s] -- Installing: /home/asis/hokuyo_ws/src/install/nav2_mppi_controller/share/nav2_mppi_controller/mppic.xml
[421.821s] -- Installing: /home/asis/hokuyo_ws/src/install/nav2_mppi_controller/share/nav2_mppi_controller/critics.xml
[421.821s] -- Installing: /home/asis/hokuyo_ws/src/install/nav2_mppi_controller/share/ament_index/resource_index/package_run_dependencies/nav2_mppi_controller
[421.822s] -- Installing: /home/asis/hokuyo_ws/src/install/nav2_mppi_controller/share/ament_index/resource_index/parent_prefix_path/nav2_mppi_controller
[421.822s] -- Installing: /home/asis/hokuyo_ws/src/install/nav2_mppi_controller/share/nav2_mppi_controller/environment/ament_prefix_path.sh
[421.822s] -- Installing: /home/asis/hokuyo_ws/src/install/nav2_mppi_controller/share/nav2_mppi_controller/environment/ament_prefix_path.dsv
[421.822s] -- Installing: /home/asis/hokuyo_ws/src/install/nav2_mppi_controller/share/nav2_mppi_controller/environment/path.sh
[421.822s] -- Installing: /home/asis/hokuyo_ws/src/install/nav2_mppi_controller/share/nav2_mppi_controller/environment/path.dsv
[421.822s] -- Installing: /home/asis/hokuyo_ws/src/install/nav2_mppi_controller/share/nav2_mppi_controller/local_setup.bash
[421.822s] -- Installing: /home/asis/hokuyo_ws/src/install/nav2_mppi_controller/share/nav2_mppi_controller/local_setup.sh
[421.822s] -- Installing: /home/asis/hokuyo_ws/src/install/nav2_mppi_controller/share/nav2_mppi_controller/local_setup.zsh
[421.822s] -- Installing: /home/asis/hokuyo_ws/src/install/nav2_mppi_controller/share/nav2_mppi_controller/local_setup.dsv
[421.823s] -- Installing: /home/asis/hokuyo_ws/src/install/nav2_mppi_controller/share/nav2_mppi_controller/package.dsv
[421.823s] -- Installing: /home/asis/hokuyo_ws/src/install/nav2_mppi_controller/share/ament_index/resource_index/packages/nav2_mppi_controller
[421.823s] -- Installing: /home/asis/hokuyo_ws/src/install/nav2_mppi_controller/share/ament_index/resource_index/nav2_core__pluginlib__plugin/nav2_mppi_controller
[421.823s] -- Installing: /home/asis/hokuyo_ws/src/install/nav2_mppi_controller/share/ament_index/resource_index/nav2_mppi_controller__pluginlib__plugin/nav2_mppi_controller
[421.823s] -- Installing: /home/asis/hokuyo_ws/src/install/nav2_mppi_controller/share/nav2_mppi_controller/cmake/ament_cmake_export_libraries-extras.cmake
[421.823s] -- Installing: /home/asis/hokuyo_ws/src/install/nav2_mppi_controller/share/nav2_mppi_controller/cmake/ament_cmake_export_dependencies-extras.cmake
[421.824s] -- Installing: /home/asis/hokuyo_ws/src/install/nav2_mppi_controller/share/nav2_mppi_controller/cmake/ament_cmake_export_include_directories-extras.cmake
[421.824s] -- Installing: /home/asis/hokuyo_ws/src/install/nav2_mppi_controller/share/nav2_mppi_controller/cmake/nav2_mppi_controllerConfig.cmake
[421.824s] -- Installing: /home/asis/hokuyo_ws/src/install/nav2_mppi_controller/share/nav2_mppi_controller/cmake/nav2_mppi_controllerConfig-version.cmake
[421.824s] -- Installing: /home/asis/hokuyo_ws/src/install/nav2_mppi_controller/share/nav2_mppi_controller/package.xml
[421.826s] Invoked command in '/home/asis/hokuyo_ws/src/build/nav2_mppi_controller' returned '0': AMENT_PREFIX_PATH=/home/asis/hokuyo_ws/src/install/nav2_core:/home/asis/hokuyo_ws/src/install/nav2_costmap_2d:/home/asis/hokuyo_ws/src/install/nav2_util:/home/asis/hokuyo_ws/src/install/nav2_voxel_grid:/home/asis/hokuyo_ws/src/install/nav2_msgs:/home/asis/hokuyo_ws/src/install/nav2_common:${AMENT_PREFIX_PATH} CMAKE_PREFIX_PATH=/home/asis/hokuyo_ws/src/install/nav2_core:/home/asis/hokuyo_ws/src/install/nav2_costmap_2d:/home/asis/hokuyo_ws/src/install/nav2_util:/home/asis/hokuyo_ws/src/install/nav2_voxel_grid:/home/asis/hokuyo_ws/src/install/nav2_msgs:/home/asis/hokuyo_ws/src/install/nav2_common:/home/asis/hokuyo_ws/install/urg_node2:/home/asis/hokuyo_ws/install/slam_toolbox:/opt/ros/humble LD_LIBRARY_PATH=/home/asis/hokuyo_ws/src/install/nav2_costmap_2d/lib:/home/asis/hokuyo_ws/src/install/nav2_util/lib:/home/asis/hokuyo_ws/src/install/nav2_voxel_grid/lib:/home/asis/hokuyo_ws/src/install/nav2_msgs/lib:${LD_LIBRARY_PATH} PYTHONPATH=/home/asis/hokuyo_ws/src/install/nav2_msgs/local/lib/python3.10/dist-packages:/home/asis/hokuyo_ws/src/install/nav2_common/local/lib/python3.10/dist-packages:${PYTHONPATH} /usr/bin/cmake --install /home/asis/hokuyo_ws/src/build/nav2_mppi_controller
