[0.014s] Invoking command in '/home/asis/hokuyo_ws/build/urg_node2': CMAKE_PREFIX_PATH=${CMAKE_PREFIX_PATH}:/opt/ros/humble /usr/bin/cmake --build /home/asis/hokuyo_ws/build/urg_node2 -- -j8 -l8
[0.239s] [35m[1mConsolidate compiler generated dependencies of target gtest_main[0m
[0.240s] [35m[1mConsolidate compiler generated dependencies of target gtest[0m
[0.240s] [35m[1mConsolidate compiler generated dependencies of target urg_node2_node[0m
[0.242s] [35m[1mConsolidate compiler generated dependencies of target urg_c[0m
[0.274s] [ 25%] Built target gtest_main
[0.274s] [ 55%] Built target urg_c
[0.277s] [ 65%] Built target gtest
[0.288s] [35m[1mConsolidate compiler generated dependencies of target urg_node2[0m
[0.291s] [35m[1mConsolidate compiler generated dependencies of target urg_node2_test[0m
[0.292s] [ 75%] Built target urg_node2_node
[0.313s] [ 85%] Built target urg_node2
[0.314s] [100%] Built target urg_node2_test
[0.324s] Invoked command in '/home/asis/hokuyo_ws/build/urg_node2' returned '0': CMAKE_PREFIX_PATH=${CMAKE_PREFIX_PATH}:/opt/ros/humble /usr/bin/cmake --build /home/asis/hokuyo_ws/build/urg_node2 -- -j8 -l8
[0.379s] Invoking command in '/home/asis/hokuyo_ws/build/urg_node2': CMAKE_PREFIX_PATH=${CMAKE_PREFIX_PATH}:/opt/ros/humble /usr/bin/cmake --install /home/asis/hokuyo_ws/build/urg_node2
[0.388s] -- Install configuration: ""
[0.389s] -- Up-to-date: /home/asis/hokuyo_ws/install/urg_node2/lib/urg_node2/urg_node2_node
[0.391s] -- Up-to-date: /home/asis/hokuyo_ws/install/urg_node2/lib/liburg_node2.so
[0.392s] -- Up-to-date: /home/asis/hokuyo_ws/install/urg_node2/lib/liburg_c.so
[0.392s] -- Up-to-date: /home/asis/hokuyo_ws/install/urg_node2/share/urg_node2/launch
[0.393s] -- Up-to-date: /home/asis/hokuyo_ws/install/urg_node2/share/urg_node2/launch/urg_node2_2lidar.launch.py
[0.393s] -- Up-to-date: /home/asis/hokuyo_ws/install/urg_node2/share/urg_node2/launch/urg_node2.launch.py
[0.393s] -- Up-to-date: /home/asis/hokuyo_ws/install/urg_node2/share/urg_node2/launch/urg_node2_component.launch.py
[0.393s] -- Up-to-date: /home/asis/hokuyo_ws/install/urg_node2/share/urg_node2/config
[0.393s] -- Up-to-date: /home/asis/hokuyo_ws/install/urg_node2/share/urg_node2/config/params_ether.yaml
[0.394s] -- Up-to-date: /home/asis/hokuyo_ws/install/urg_node2/share/urg_node2/config/params_ether_2nd.yaml
[0.394s] -- Up-to-date: /home/asis/hokuyo_ws/install/urg_node2/share/urg_node2/config/params_serial.yaml
[0.394s] -- Up-to-date: /home/asis/hokuyo_ws/install/urg_node2/share/ament_index/resource_index/package_run_dependencies/urg_node2
[0.394s] -- Up-to-date: /home/asis/hokuyo_ws/install/urg_node2/share/ament_index/resource_index/parent_prefix_path/urg_node2
[0.394s] -- Up-to-date: /home/asis/hokuyo_ws/install/urg_node2/share/urg_node2/environment/ament_prefix_path.sh
[0.394s] -- Up-to-date: /home/asis/hokuyo_ws/install/urg_node2/share/urg_node2/environment/ament_prefix_path.dsv
[0.394s] -- Up-to-date: /home/asis/hokuyo_ws/install/urg_node2/share/urg_node2/environment/path.sh
[0.395s] -- Up-to-date: /home/asis/hokuyo_ws/install/urg_node2/share/urg_node2/environment/path.dsv
[0.395s] -- Up-to-date: /home/asis/hokuyo_ws/install/urg_node2/share/urg_node2/local_setup.bash
[0.395s] -- Up-to-date: /home/asis/hokuyo_ws/install/urg_node2/share/urg_node2/local_setup.sh
[0.395s] -- Up-to-date: /home/asis/hokuyo_ws/install/urg_node2/share/urg_node2/local_setup.zsh
[0.395s] -- Up-to-date: /home/asis/hokuyo_ws/install/urg_node2/share/urg_node2/local_setup.dsv
[0.395s] -- Installing: /home/asis/hokuyo_ws/install/urg_node2/share/urg_node2/package.dsv
[0.395s] -- Up-to-date: /home/asis/hokuyo_ws/install/urg_node2/share/ament_index/resource_index/packages/urg_node2
[0.395s] -- Up-to-date: /home/asis/hokuyo_ws/install/urg_node2/share/ament_index/resource_index/rclcpp_components/urg_node2
[0.396s] -- Up-to-date: /home/asis/hokuyo_ws/install/urg_node2/share/urg_node2/cmake/urg_node2Config.cmake
[0.396s] -- Up-to-date: /home/asis/hokuyo_ws/install/urg_node2/share/urg_node2/cmake/urg_node2Config-version.cmake
[0.396s] -- Up-to-date: /home/asis/hokuyo_ws/install/urg_node2/share/urg_node2/package.xml
[0.399s] Invoked command in '/home/asis/hokuyo_ws/build/urg_node2' returned '0': CMAKE_PREFIX_PATH=${CMAKE_PREFIX_PATH}:/opt/ros/humble /usr/bin/cmake --install /home/asis/hokuyo_ws/build/urg_node2
