[0.047s] Invoking command in '/home/asis/hokuyo_ws/src/build/nav2_rotation_shim_controller': AMENT_PREFIX_PATH=/home/asis/hokuyo_ws/src/install/nav2_regulated_pure_pursuit_controller:/home/asis/hokuyo_ws/src/install/nav2_controller:/home/asis/hokuyo_ws/src/install/nav2_core:/home/asis/hokuyo_ws/src/install/nav2_costmap_2d:/home/asis/hokuyo_ws/src/install/nav_2d_utils:/home/asis/hokuyo_ws/src/install/nav2_util:/home/asis/hokuyo_ws/src/install/nav2_voxel_grid:/home/asis/hokuyo_ws/src/install/nav2_msgs:/home/asis/hokuyo_ws/src/install/nav_2d_msgs:/home/asis/hokuyo_ws/src/install/nav2_common:${AMENT_PREFIX_PATH} CMAKE_PREFIX_PATH=/home/asis/hokuyo_ws/src/install/nav2_regulated_pure_pursuit_controller:/home/asis/hokuyo_ws/src/install/nav2_controller:/home/asis/hokuyo_ws/src/install/nav2_core:/home/asis/hokuyo_ws/src/install/nav2_costmap_2d:/home/asis/hokuyo_ws/src/install/nav_2d_utils:/home/asis/hokuyo_ws/src/install/nav2_util:/home/asis/hokuyo_ws/src/install/nav2_voxel_grid:/home/asis/hokuyo_ws/src/install/nav2_msgs:/home/asis/hokuyo_ws/src/install/nav_2d_msgs:/home/asis/hokuyo_ws/src/install/nav2_common:/home/asis/hokuyo_ws/install/urg_node2:/home/asis/hokuyo_ws/install/slam_toolbox:/opt/ros/humble LD_LIBRARY_PATH=/home/asis/hokuyo_ws/src/install/nav2_regulated_pure_pursuit_controller/lib:/home/asis/hokuyo_ws/src/install/nav2_controller/lib:/home/asis/hokuyo_ws/src/install/nav2_costmap_2d/lib:/home/asis/hokuyo_ws/src/install/nav_2d_utils/lib:/home/asis/hokuyo_ws/src/install/nav2_util/lib:/home/asis/hokuyo_ws/src/install/nav2_voxel_grid/lib:/home/asis/hokuyo_ws/src/install/nav2_msgs/lib:/home/asis/hokuyo_ws/src/install/nav_2d_msgs/lib:${LD_LIBRARY_PATH} PYTHONPATH=/home/asis/hokuyo_ws/src/install/nav2_msgs/local/lib/python3.10/dist-packages:/home/asis/hokuyo_ws/src/install/nav_2d_msgs/local/lib/python3.10/dist-packages:/home/asis/hokuyo_ws/src/install/nav2_common/local/lib/python3.10/dist-packages:${PYTHONPATH} /usr/bin/cmake /home/asis/hokuyo_ws/src/navigation2/nav2_rotation_shim_controller -DCMAKE_INSTALL_PREFIX=/home/asis/hokuyo_ws/src/install/nav2_rotation_shim_controller
[76.226s] -- The C compiler identification is GNU 11.4.0
[76.226s] -- The CXX compiler identification is GNU 11.4.0
[76.227s] -- Detecting C compiler ABI info
[76.227s] -- Detecting C compiler ABI info - done
[76.227s] -- Check for working C compiler: /usr/bin/cc - skipped
[76.227s] -- Detecting C compile features
[76.227s] -- Detecting C compile features - done
[76.227s] -- Detecting CXX compiler ABI info
[76.227s] -- Detecting CXX compiler ABI info - done
[76.227s] -- Check for working CXX compiler: /usr/bin/c++ - skipped
[76.227s] -- Detecting CXX compile features
[76.227s] -- Detecting CXX compile features - done
[76.227s] -- Found ament_cmake: 1.3.9 (/opt/ros/humble/share/ament_cmake/cmake)
[76.228s] -- Found Python3: /usr/bin/python3 (found version "3.10.12") found components: Interpreter 
[76.228s] -- Found nav2_common: 1.1.15 (/home/asis/hokuyo_ws/src/install/nav2_common/share/nav2_common/cmake)
[76.228s] -- Found nav2_core: 1.1.15 (/home/asis/hokuyo_ws/src/install/nav2_core/share/nav2_core/cmake)
[76.228s] -- Found rosidl_generator_c: 3.1.5 (/opt/ros/humble/share/rosidl_generator_c/cmake)
[76.228s] -- Found rosidl_adapter: 3.1.5 (/opt/ros/humble/share/rosidl_adapter/cmake)
[76.228s] -- Found rosidl_generator_cpp: 3.1.5 (/opt/ros/humble/share/rosidl_generator_cpp/cmake)
[76.228s] -- Using all available rosidl_typesupport_c: rosidl_typesupport_fastrtps_c;rosidl_typesupport_introspection_c
[76.228s] -- Using all available rosidl_typesupport_cpp: rosidl_typesupport_fastrtps_cpp;rosidl_typesupport_introspection_cpp
[76.228s] -- Found rmw_implementation_cmake: 6.1.2 (/opt/ros/humble/share/rmw_implementation_cmake/cmake)
[76.228s] -- Found rmw_fastrtps_cpp: 6.2.6 (/opt/ros/humble/share/rmw_fastrtps_cpp/cmake)
[76.228s] -- Found OpenSSL: /usr/lib/x86_64-linux-gnu/libcrypto.so (found version "3.0.2")  
[76.228s] -- Found FastRTPS: /opt/ros/humble/include  
[76.229s] -- Using RMW implementation 'rmw_fastrtps_cpp' as default
[76.229s] -- Looking for pthread.h
[76.229s] -- Looking for pthread.h - found
[76.229s] -- Performing Test CMAKE_HAVE_LIBC_PTHREAD
[76.229s] -- Performing Test CMAKE_HAVE_LIBC_PTHREAD - Success
[76.229s] -- Found Threads: TRUE  
[76.229s] -- Found Eigen3: TRUE (found version "3.4.0") 
[76.229s] -- Ensuring Eigen3 include directory is part of orocos-kdl CMake target
[76.229s] -- Setting build type to Release as none was specified.
[76.229s] -- Found ament_lint_auto: 0.12.11 (/opt/ros/humble/share/ament_lint_auto/cmake)
[76.230s] -- Found gtest sources under '/opt/ros/humble/src/gtest_vendor': C++ tests using 'Google Test' will be built
[76.230s] -- Added test 'cppcheck' to perform static code analysis on C / C++ code
[76.230s] -- Configured cppcheck include dirs: /home/asis/hokuyo_ws/src/navigation2/nav2_rotation_shim_controller/include
[76.230s] -- Configured cppcheck exclude dirs and/or files: 
[76.230s] -- Added test 'cpplint' to check C / C++ code against the Google style
[76.230s] -- Configured cpplint exclude dirs and/or files: 
[76.230s] -- Added test 'lint_cmake' to check CMake code style
[76.230s] -- Added test 'uncrustify' to check C / C++ code style
[76.230s] -- Configured uncrustify additional arguments: 
[76.230s] -- Added test 'xmllint' to check XML markup files
[76.230s] -- Configuring done
[76.231s] -- Generating done
[76.231s] -- Build files have been written to: /home/asis/hokuyo_ws/src/build/nav2_rotation_shim_controller
[76.238s] Invoked command in '/home/asis/hokuyo_ws/src/build/nav2_rotation_shim_controller' returned '0': AMENT_PREFIX_PATH=/home/asis/hokuyo_ws/src/install/nav2_regulated_pure_pursuit_controller:/home/asis/hokuyo_ws/src/install/nav2_controller:/home/asis/hokuyo_ws/src/install/nav2_core:/home/asis/hokuyo_ws/src/install/nav2_costmap_2d:/home/asis/hokuyo_ws/src/install/nav_2d_utils:/home/asis/hokuyo_ws/src/install/nav2_util:/home/asis/hokuyo_ws/src/install/nav2_voxel_grid:/home/asis/hokuyo_ws/src/install/nav2_msgs:/home/asis/hokuyo_ws/src/install/nav_2d_msgs:/home/asis/hokuyo_ws/src/install/nav2_common:${AMENT_PREFIX_PATH} CMAKE_PREFIX_PATH=/home/asis/hokuyo_ws/src/install/nav2_regulated_pure_pursuit_controller:/home/asis/hokuyo_ws/src/install/nav2_controller:/home/asis/hokuyo_ws/src/install/nav2_core:/home/asis/hokuyo_ws/src/install/nav2_costmap_2d:/home/asis/hokuyo_ws/src/install/nav_2d_utils:/home/asis/hokuyo_ws/src/install/nav2_util:/home/asis/hokuyo_ws/src/install/nav2_voxel_grid:/home/asis/hokuyo_ws/src/install/nav2_msgs:/home/asis/hokuyo_ws/src/install/nav_2d_msgs:/home/asis/hokuyo_ws/src/install/nav2_common:/home/asis/hokuyo_ws/install/urg_node2:/home/asis/hokuyo_ws/install/slam_toolbox:/opt/ros/humble LD_LIBRARY_PATH=/home/asis/hokuyo_ws/src/install/nav2_regulated_pure_pursuit_controller/lib:/home/asis/hokuyo_ws/src/install/nav2_controller/lib:/home/asis/hokuyo_ws/src/install/nav2_costmap_2d/lib:/home/asis/hokuyo_ws/src/install/nav_2d_utils/lib:/home/asis/hokuyo_ws/src/install/nav2_util/lib:/home/asis/hokuyo_ws/src/install/nav2_voxel_grid/lib:/home/asis/hokuyo_ws/src/install/nav2_msgs/lib:/home/asis/hokuyo_ws/src/install/nav_2d_msgs/lib:${LD_LIBRARY_PATH} PYTHONPATH=/home/asis/hokuyo_ws/src/install/nav2_msgs/local/lib/python3.10/dist-packages:/home/asis/hokuyo_ws/src/install/nav_2d_msgs/local/lib/python3.10/dist-packages:/home/asis/hokuyo_ws/src/install/nav2_common/local/lib/python3.10/dist-packages:${PYTHONPATH} /usr/bin/cmake /home/asis/hokuyo_ws/src/navigation2/nav2_rotation_shim_controller -DCMAKE_INSTALL_PREFIX=/home/asis/hokuyo_ws/src/install/nav2_rotation_shim_controller
[76.240s] Invoking command in '/home/asis/hokuyo_ws/src/build/nav2_rotation_shim_controller': AMENT_PREFIX_PATH=/home/asis/hokuyo_ws/src/install/nav2_regulated_pure_pursuit_controller:/home/asis/hokuyo_ws/src/install/nav2_controller:/home/asis/hokuyo_ws/src/install/nav2_core:/home/asis/hokuyo_ws/src/install/nav2_costmap_2d:/home/asis/hokuyo_ws/src/install/nav_2d_utils:/home/asis/hokuyo_ws/src/install/nav2_util:/home/asis/hokuyo_ws/src/install/nav2_voxel_grid:/home/asis/hokuyo_ws/src/install/nav2_msgs:/home/asis/hokuyo_ws/src/install/nav_2d_msgs:/home/asis/hokuyo_ws/src/install/nav2_common:${AMENT_PREFIX_PATH} CMAKE_PREFIX_PATH=/home/asis/hokuyo_ws/src/install/nav2_regulated_pure_pursuit_controller:/home/asis/hokuyo_ws/src/install/nav2_controller:/home/asis/hokuyo_ws/src/install/nav2_core:/home/asis/hokuyo_ws/src/install/nav2_costmap_2d:/home/asis/hokuyo_ws/src/install/nav_2d_utils:/home/asis/hokuyo_ws/src/install/nav2_util:/home/asis/hokuyo_ws/src/install/nav2_voxel_grid:/home/asis/hokuyo_ws/src/install/nav2_msgs:/home/asis/hokuyo_ws/src/install/nav_2d_msgs:/home/asis/hokuyo_ws/src/install/nav2_common:/home/asis/hokuyo_ws/install/urg_node2:/home/asis/hokuyo_ws/install/slam_toolbox:/opt/ros/humble LD_LIBRARY_PATH=/home/asis/hokuyo_ws/src/install/nav2_regulated_pure_pursuit_controller/lib:/home/asis/hokuyo_ws/src/install/nav2_controller/lib:/home/asis/hokuyo_ws/src/install/nav2_costmap_2d/lib:/home/asis/hokuyo_ws/src/install/nav_2d_utils/lib:/home/asis/hokuyo_ws/src/install/nav2_util/lib:/home/asis/hokuyo_ws/src/install/nav2_voxel_grid/lib:/home/asis/hokuyo_ws/src/install/nav2_msgs/lib:/home/asis/hokuyo_ws/src/install/nav_2d_msgs/lib:${LD_LIBRARY_PATH} PYTHONPATH=/home/asis/hokuyo_ws/src/install/nav2_msgs/local/lib/python3.10/dist-packages:/home/asis/hokuyo_ws/src/install/nav_2d_msgs/local/lib/python3.10/dist-packages:/home/asis/hokuyo_ws/src/install/nav2_common/local/lib/python3.10/dist-packages:${PYTHONPATH} /usr/bin/cmake --build /home/asis/hokuyo_ws/src/build/nav2_rotation_shim_controller -- -j8 -l8
[76.367s] [ 12%] [32mBuilding CXX object CMakeFiles/nav2_rotation_shim_controller.dir/src/nav2_rotation_shim_controller.cpp.o[0m
[92.399s] [ 25%] [32m[1mLinking CXX shared library libnav2_rotation_shim_controller.so[0m
[93.168s] [ 25%] Built target nav2_rotation_shim_controller
[93.195s] [ 37%] [32mBuilding CXX object gtest/CMakeFiles/gtest.dir/src/gtest-all.cc.o[0m
[101.669s] [ 50%] [32m[1mLinking CXX static library libgtest.a[0m
[101.715s] [ 50%] Built target gtest
[101.738s] [ 62%] [32mBuilding CXX object gtest/CMakeFiles/gtest_main.dir/src/gtest_main.cc.o[0m
[102.617s] [ 75%] [32m[1mLinking CXX static library libgtest_main.a[0m
[102.654s] [ 75%] Built target gtest_main
[102.680s] [ 87%] [32mBuilding CXX object test/CMakeFiles/test_shim_controller.dir/test_shim_controller.cpp.o[0m
[126.210s] [100%] [32m[1mLinking CXX executable test_shim_controller[0m
[127.415s] [100%] Built target test_shim_controller
[127.454s] Invoked command in '/home/asis/hokuyo_ws/src/build/nav2_rotation_shim_controller' returned '0': AMENT_PREFIX_PATH=/home/asis/hokuyo_ws/src/install/nav2_regulated_pure_pursuit_controller:/home/asis/hokuyo_ws/src/install/nav2_controller:/home/asis/hokuyo_ws/src/install/nav2_core:/home/asis/hokuyo_ws/src/install/nav2_costmap_2d:/home/asis/hokuyo_ws/src/install/nav_2d_utils:/home/asis/hokuyo_ws/src/install/nav2_util:/home/asis/hokuyo_ws/src/install/nav2_voxel_grid:/home/asis/hokuyo_ws/src/install/nav2_msgs:/home/asis/hokuyo_ws/src/install/nav_2d_msgs:/home/asis/hokuyo_ws/src/install/nav2_common:${AMENT_PREFIX_PATH} CMAKE_PREFIX_PATH=/home/asis/hokuyo_ws/src/install/nav2_regulated_pure_pursuit_controller:/home/asis/hokuyo_ws/src/install/nav2_controller:/home/asis/hokuyo_ws/src/install/nav2_core:/home/asis/hokuyo_ws/src/install/nav2_costmap_2d:/home/asis/hokuyo_ws/src/install/nav_2d_utils:/home/asis/hokuyo_ws/src/install/nav2_util:/home/asis/hokuyo_ws/src/install/nav2_voxel_grid:/home/asis/hokuyo_ws/src/install/nav2_msgs:/home/asis/hokuyo_ws/src/install/nav_2d_msgs:/home/asis/hokuyo_ws/src/install/nav2_common:/home/asis/hokuyo_ws/install/urg_node2:/home/asis/hokuyo_ws/install/slam_toolbox:/opt/ros/humble LD_LIBRARY_PATH=/home/asis/hokuyo_ws/src/install/nav2_regulated_pure_pursuit_controller/lib:/home/asis/hokuyo_ws/src/install/nav2_controller/lib:/home/asis/hokuyo_ws/src/install/nav2_costmap_2d/lib:/home/asis/hokuyo_ws/src/install/nav_2d_utils/lib:/home/asis/hokuyo_ws/src/install/nav2_util/lib:/home/asis/hokuyo_ws/src/install/nav2_voxel_grid/lib:/home/asis/hokuyo_ws/src/install/nav2_msgs/lib:/home/asis/hokuyo_ws/src/install/nav_2d_msgs/lib:${LD_LIBRARY_PATH} PYTHONPATH=/home/asis/hokuyo_ws/src/install/nav2_msgs/local/lib/python3.10/dist-packages:/home/asis/hokuyo_ws/src/install/nav_2d_msgs/local/lib/python3.10/dist-packages:/home/asis/hokuyo_ws/src/install/nav2_common/local/lib/python3.10/dist-packages:${PYTHONPATH} /usr/bin/cmake --build /home/asis/hokuyo_ws/src/build/nav2_rotation_shim_controller -- -j8 -l8
[127.849s] Invoking command in '/home/asis/hokuyo_ws/src/build/nav2_rotation_shim_controller': AMENT_PREFIX_PATH=/home/asis/hokuyo_ws/src/install/nav2_regulated_pure_pursuit_controller:/home/asis/hokuyo_ws/src/install/nav2_controller:/home/asis/hokuyo_ws/src/install/nav2_core:/home/asis/hokuyo_ws/src/install/nav2_costmap_2d:/home/asis/hokuyo_ws/src/install/nav_2d_utils:/home/asis/hokuyo_ws/src/install/nav2_util:/home/asis/hokuyo_ws/src/install/nav2_voxel_grid:/home/asis/hokuyo_ws/src/install/nav2_msgs:/home/asis/hokuyo_ws/src/install/nav_2d_msgs:/home/asis/hokuyo_ws/src/install/nav2_common:${AMENT_PREFIX_PATH} CMAKE_PREFIX_PATH=/home/asis/hokuyo_ws/src/install/nav2_regulated_pure_pursuit_controller:/home/asis/hokuyo_ws/src/install/nav2_controller:/home/asis/hokuyo_ws/src/install/nav2_core:/home/asis/hokuyo_ws/src/install/nav2_costmap_2d:/home/asis/hokuyo_ws/src/install/nav_2d_utils:/home/asis/hokuyo_ws/src/install/nav2_util:/home/asis/hokuyo_ws/src/install/nav2_voxel_grid:/home/asis/hokuyo_ws/src/install/nav2_msgs:/home/asis/hokuyo_ws/src/install/nav_2d_msgs:/home/asis/hokuyo_ws/src/install/nav2_common:/home/asis/hokuyo_ws/install/urg_node2:/home/asis/hokuyo_ws/install/slam_toolbox:/opt/ros/humble LD_LIBRARY_PATH=/home/asis/hokuyo_ws/src/install/nav2_regulated_pure_pursuit_controller/lib:/home/asis/hokuyo_ws/src/install/nav2_controller/lib:/home/asis/hokuyo_ws/src/install/nav2_costmap_2d/lib:/home/asis/hokuyo_ws/src/install/nav_2d_utils/lib:/home/asis/hokuyo_ws/src/install/nav2_util/lib:/home/asis/hokuyo_ws/src/install/nav2_voxel_grid/lib:/home/asis/hokuyo_ws/src/install/nav2_msgs/lib:/home/asis/hokuyo_ws/src/install/nav_2d_msgs/lib:${LD_LIBRARY_PATH} PYTHONPATH=/home/asis/hokuyo_ws/src/install/nav2_msgs/local/lib/python3.10/dist-packages:/home/asis/hokuyo_ws/src/install/nav_2d_msgs/local/lib/python3.10/dist-packages:/home/asis/hokuyo_ws/src/install/nav2_common/local/lib/python3.10/dist-packages:${PYTHONPATH} /usr/bin/cmake --install /home/asis/hokuyo_ws/src/build/nav2_rotation_shim_controller
[127.865s] -- Install configuration: "Release"
[127.865s] -- Installing: /home/asis/hokuyo_ws/src/install/nav2_rotation_shim_controller/lib/libnav2_rotation_shim_controller.so
[127.866s] -- Set runtime path of "/home/asis/hokuyo_ws/src/install/nav2_rotation_shim_controller/lib/libnav2_rotation_shim_controller.so" to ""
[127.866s] -- Installing: /home/asis/hokuyo_ws/src/install/nav2_rotation_shim_controller/include/
[127.866s] -- Installing: /home/asis/hokuyo_ws/src/install/nav2_rotation_shim_controller/include//nav2_rotation_shim_controller
[127.866s] -- Installing: /home/asis/hokuyo_ws/src/install/nav2_rotation_shim_controller/include//nav2_rotation_shim_controller/nav2_rotation_shim_controller.hpp
[127.866s] -- Installing: /home/asis/hokuyo_ws/src/install/nav2_rotation_shim_controller/share/nav2_rotation_shim_controller/environment/library_path.sh
[127.866s] -- Installing: /home/asis/hokuyo_ws/src/install/nav2_rotation_shim_controller/share/nav2_rotation_shim_controller/environment/library_path.dsv
[127.866s] -- Installing: /home/asis/hokuyo_ws/src/install/nav2_rotation_shim_controller/share/nav2_rotation_shim_controller/nav2_rotation_shim_controller.xml
[127.866s] -- Installing: /home/asis/hokuyo_ws/src/install/nav2_rotation_shim_controller/share/ament_index/resource_index/package_run_dependencies/nav2_rotation_shim_controller
[127.867s] -- Installing: /home/asis/hokuyo_ws/src/install/nav2_rotation_shim_controller/share/ament_index/resource_index/parent_prefix_path/nav2_rotation_shim_controller
[127.867s] -- Installing: /home/asis/hokuyo_ws/src/install/nav2_rotation_shim_controller/share/nav2_rotation_shim_controller/environment/ament_prefix_path.sh
[127.867s] -- Installing: /home/asis/hokuyo_ws/src/install/nav2_rotation_shim_controller/share/nav2_rotation_shim_controller/environment/ament_prefix_path.dsv
[127.867s] -- Installing: /home/asis/hokuyo_ws/src/install/nav2_rotation_shim_controller/share/nav2_rotation_shim_controller/environment/path.sh
[127.867s] -- Installing: /home/asis/hokuyo_ws/src/install/nav2_rotation_shim_controller/share/nav2_rotation_shim_controller/environment/path.dsv
[127.867s] -- Installing: /home/asis/hokuyo_ws/src/install/nav2_rotation_shim_controller/share/nav2_rotation_shim_controller/local_setup.bash
[127.867s] -- Installing: /home/asis/hokuyo_ws/src/install/nav2_rotation_shim_controller/share/nav2_rotation_shim_controller/local_setup.sh
[127.867s] -- Installing: /home/asis/hokuyo_ws/src/install/nav2_rotation_shim_controller/share/nav2_rotation_shim_controller/local_setup.zsh
[127.867s] -- Installing: /home/asis/hokuyo_ws/src/install/nav2_rotation_shim_controller/share/nav2_rotation_shim_controller/local_setup.dsv
[127.868s] -- Installing: /home/asis/hokuyo_ws/src/install/nav2_rotation_shim_controller/share/nav2_rotation_shim_controller/package.dsv
[127.868s] -- Installing: /home/asis/hokuyo_ws/src/install/nav2_rotation_shim_controller/share/ament_index/resource_index/packages/nav2_rotation_shim_controller
[127.868s] -- Installing: /home/asis/hokuyo_ws/src/install/nav2_rotation_shim_controller/share/ament_index/resource_index/nav2_core__pluginlib__plugin/nav2_rotation_shim_controller
[127.868s] -- Installing: /home/asis/hokuyo_ws/src/install/nav2_rotation_shim_controller/share/nav2_rotation_shim_controller/cmake/ament_cmake_export_include_directories-extras.cmake
[127.868s] -- Installing: /home/asis/hokuyo_ws/src/install/nav2_rotation_shim_controller/share/nav2_rotation_shim_controller/cmake/ament_cmake_export_libraries-extras.cmake
[127.868s] -- Installing: /home/asis/hokuyo_ws/src/install/nav2_rotation_shim_controller/share/nav2_rotation_shim_controller/cmake/ament_cmake_export_dependencies-extras.cmake
[127.868s] -- Installing: /home/asis/hokuyo_ws/src/install/nav2_rotation_shim_controller/share/nav2_rotation_shim_controller/cmake/nav2_rotation_shim_controllerConfig.cmake
[127.868s] -- Installing: /home/asis/hokuyo_ws/src/install/nav2_rotation_shim_controller/share/nav2_rotation_shim_controller/cmake/nav2_rotation_shim_controllerConfig-version.cmake
[127.868s] -- Installing: /home/asis/hokuyo_ws/src/install/nav2_rotation_shim_controller/share/nav2_rotation_shim_controller/package.xml
[127.872s] Invoked command in '/home/asis/hokuyo_ws/src/build/nav2_rotation_shim_controller' returned '0': AMENT_PREFIX_PATH=/home/asis/hokuyo_ws/src/install/nav2_regulated_pure_pursuit_controller:/home/asis/hokuyo_ws/src/install/nav2_controller:/home/asis/hokuyo_ws/src/install/nav2_core:/home/asis/hokuyo_ws/src/install/nav2_costmap_2d:/home/asis/hokuyo_ws/src/install/nav_2d_utils:/home/asis/hokuyo_ws/src/install/nav2_util:/home/asis/hokuyo_ws/src/install/nav2_voxel_grid:/home/asis/hokuyo_ws/src/install/nav2_msgs:/home/asis/hokuyo_ws/src/install/nav_2d_msgs:/home/asis/hokuyo_ws/src/install/nav2_common:${AMENT_PREFIX_PATH} CMAKE_PREFIX_PATH=/home/asis/hokuyo_ws/src/install/nav2_regulated_pure_pursuit_controller:/home/asis/hokuyo_ws/src/install/nav2_controller:/home/asis/hokuyo_ws/src/install/nav2_core:/home/asis/hokuyo_ws/src/install/nav2_costmap_2d:/home/asis/hokuyo_ws/src/install/nav_2d_utils:/home/asis/hokuyo_ws/src/install/nav2_util:/home/asis/hokuyo_ws/src/install/nav2_voxel_grid:/home/asis/hokuyo_ws/src/install/nav2_msgs:/home/asis/hokuyo_ws/src/install/nav_2d_msgs:/home/asis/hokuyo_ws/src/install/nav2_common:/home/asis/hokuyo_ws/install/urg_node2:/home/asis/hokuyo_ws/install/slam_toolbox:/opt/ros/humble LD_LIBRARY_PATH=/home/asis/hokuyo_ws/src/install/nav2_regulated_pure_pursuit_controller/lib:/home/asis/hokuyo_ws/src/install/nav2_controller/lib:/home/asis/hokuyo_ws/src/install/nav2_costmap_2d/lib:/home/asis/hokuyo_ws/src/install/nav_2d_utils/lib:/home/asis/hokuyo_ws/src/install/nav2_util/lib:/home/asis/hokuyo_ws/src/install/nav2_voxel_grid/lib:/home/asis/hokuyo_ws/src/install/nav2_msgs/lib:/home/asis/hokuyo_ws/src/install/nav_2d_msgs/lib:${LD_LIBRARY_PATH} PYTHONPATH=/home/asis/hokuyo_ws/src/install/nav2_msgs/local/lib/python3.10/dist-packages:/home/asis/hokuyo_ws/src/install/nav_2d_msgs/local/lib/python3.10/dist-packages:/home/asis/hokuyo_ws/src/install/nav2_common/local/lib/python3.10/dist-packages:${PYTHONPATH} /usr/bin/cmake --install /home/asis/hokuyo_ws/src/build/nav2_rotation_shim_controller
