[0.036s] Invoking command in '/home/asis/hokuyo_ws/src/build/nav2_constrained_smoother': AMENT_PREFIX_PATH=/home/asis/hokuyo_ws/src/install/nav2_core:/home/asis/hokuyo_ws/src/install/nav2_costmap_2d:/home/asis/hokuyo_ws/src/install/nav2_util:/home/asis/hokuyo_ws/src/install/nav2_voxel_grid:/home/asis/hokuyo_ws/src/install/nav2_msgs:/home/asis/hokuyo_ws/src/install/nav2_common:${AMENT_PREFIX_PATH} CMAKE_PREFIX_PATH=/home/asis/hokuyo_ws/src/install/nav2_core:/home/asis/hokuyo_ws/src/install/nav2_costmap_2d:/home/asis/hokuyo_ws/src/install/nav2_util:/home/asis/hokuyo_ws/src/install/nav2_voxel_grid:/home/asis/hokuyo_ws/src/install/nav2_msgs:/home/asis/hokuyo_ws/src/install/nav2_common:/home/asis/hokuyo_ws/install/urg_node2:/home/asis/hokuyo_ws/install/slam_toolbox:/opt/ros/humble LD_LIBRARY_PATH=/home/asis/hokuyo_ws/src/install/nav2_costmap_2d/lib:/home/asis/hokuyo_ws/src/install/nav2_util/lib:/home/asis/hokuyo_ws/src/install/nav2_voxel_grid/lib:/home/asis/hokuyo_ws/src/install/nav2_msgs/lib:${LD_LIBRARY_PATH} PYTHONPATH=/home/asis/hokuyo_ws/src/install/nav2_msgs/local/lib/python3.10/dist-packages:/home/asis/hokuyo_ws/src/install/nav2_common/local/lib/python3.10/dist-packages:${PYTHONPATH} /usr/bin/cmake /home/asis/hokuyo_ws/src/navigation2/nav2_constrained_smoother -DCMAKE_INSTALL_PREFIX=/home/asis/hokuyo_ws/src/install/nav2_constrained_smoother
[4.170s] -- The C compiler identification is GNU 11.4.0
[4.170s] -- The CXX compiler identification is GNU 11.4.0
[4.172s] -- Detecting C compiler ABI info
[4.172s] -- Detecting C compiler ABI info - done
[4.172s] -- Check for working C compiler: /usr/bin/cc - skipped
[4.172s] -- Detecting C compile features
[4.172s] -- Detecting C compile features - done
[4.172s] -- Detecting CXX compiler ABI info
[4.172s] -- Detecting CXX compiler ABI info - done
[4.172s] -- Check for working CXX compiler: /usr/bin/c++ - skipped
[4.172s] -- Detecting CXX compile features
[4.172s] -- Detecting CXX compile features - done
[4.173s] -- Found ament_cmake: 1.3.9 (/opt/ros/humble/share/ament_cmake/cmake)
[4.173s] -- Found Python3: /usr/bin/python3 (found version "3.10.12") found components: Interpreter 
[4.173s] -- Found nav2_core: 1.1.15 (/home/asis/hokuyo_ws/src/install/nav2_core/share/nav2_core/cmake)
[4.173s] -- Found rosidl_generator_c: 3.1.5 (/opt/ros/humble/share/rosidl_generator_c/cmake)
[4.173s] -- Found rosidl_adapter: 3.1.5 (/opt/ros/humble/share/rosidl_adapter/cmake)
[4.173s] -- Found rosidl_generator_cpp: 3.1.5 (/opt/ros/humble/share/rosidl_generator_cpp/cmake)
[4.173s] -- Using all available rosidl_typesupport_c: rosidl_typesupport_fastrtps_c;rosidl_typesupport_introspection_c
[4.173s] -- Using all available rosidl_typesupport_cpp: rosidl_typesupport_fastrtps_cpp;rosidl_typesupport_introspection_cpp
[4.173s] -- Found rmw_implementation_cmake: 6.1.2 (/opt/ros/humble/share/rmw_implementation_cmake/cmake)
[4.173s] -- Found rmw_fastrtps_cpp: 6.2.6 (/opt/ros/humble/share/rmw_fastrtps_cpp/cmake)
[4.173s] -- Found OpenSSL: /usr/lib/x86_64-linux-gnu/libcrypto.so (found version "3.0.2")  
[4.173s] -- Found FastRTPS: /opt/ros/humble/include  
[4.174s] -- Using RMW implementation 'rmw_fastrtps_cpp' as default
[4.174s] -- Looking for pthread.h
[4.174s] -- Looking for pthread.h - found
[4.174s] -- Performing Test CMAKE_HAVE_LIBC_PTHREAD
[4.174s] -- Performing Test CMAKE_HAVE_LIBC_PTHREAD - Success
[4.174s] -- Found Threads: TRUE  
[4.174s] -- Found Eigen3: TRUE (found version "3.4.0") 
[4.174s] -- Ensuring Eigen3 include directory is part of orocos-kdl CMake target
[7.009s] -- Found nav2_common: 1.1.15 (/home/asis/hokuyo_ws/src/install/nav2_common/share/nav2_common/cmake)
[7.018s] -- Found required Ceres dependency: Eigen version 3.4.0 in /usr/include/eigen3
[7.028s] -- Found required Ceres dependency: glog
[7.029s] -- Found required Ceres dependency: gflags
[7.029s] -- Found Ceres version: 2.0.0 installed in: /usr with components: [EigenSparse, SparseLinearAlgebraLibrary, LAPACK, SuiteSparse, CXSparse, SchurSpecializations, Multithreading]
[10.741s] -- Found ament_lint_auto: 0.12.11 (/opt/ros/humble/share/ament_lint_auto/cmake)
[10.905s] -- Found gtest sources under '/opt/ros/humble/src/gtest_vendor': C++ tests using 'Google Test' will be built
[18.266s] -- Added test 'cppcheck' to perform static code analysis on C / C++ code
[18.267s] -- Configured cppcheck include dirs: /home/asis/hokuyo_ws/src/navigation2/nav2_constrained_smoother/include
[18.267s] -- Configured cppcheck exclude dirs and/or files: 
[18.270s] -- Added test 'cpplint' to check C / C++ code against the Google style
[18.270s] -- Configured cpplint exclude dirs and/or files: 
[18.271s] -- Added test 'lint_cmake' to check CMake code style
[18.274s] -- Added test 'uncrustify' to check C / C++ code style
[18.274s] -- Configured uncrustify additional arguments: 
[18.275s] -- Added test 'xmllint' to check XML markup files
[18.280s] -- Configuring done
[18.600s] -- Generating done
[18.604s] -- Build files have been written to: /home/asis/hokuyo_ws/src/build/nav2_constrained_smoother
[18.631s] Invoked command in '/home/asis/hokuyo_ws/src/build/nav2_constrained_smoother' returned '0': AMENT_PREFIX_PATH=/home/asis/hokuyo_ws/src/install/nav2_core:/home/asis/hokuyo_ws/src/install/nav2_costmap_2d:/home/asis/hokuyo_ws/src/install/nav2_util:/home/asis/hokuyo_ws/src/install/nav2_voxel_grid:/home/asis/hokuyo_ws/src/install/nav2_msgs:/home/asis/hokuyo_ws/src/install/nav2_common:${AMENT_PREFIX_PATH} CMAKE_PREFIX_PATH=/home/asis/hokuyo_ws/src/install/nav2_core:/home/asis/hokuyo_ws/src/install/nav2_costmap_2d:/home/asis/hokuyo_ws/src/install/nav2_util:/home/asis/hokuyo_ws/src/install/nav2_voxel_grid:/home/asis/hokuyo_ws/src/install/nav2_msgs:/home/asis/hokuyo_ws/src/install/nav2_common:/home/asis/hokuyo_ws/install/urg_node2:/home/asis/hokuyo_ws/install/slam_toolbox:/opt/ros/humble LD_LIBRARY_PATH=/home/asis/hokuyo_ws/src/install/nav2_costmap_2d/lib:/home/asis/hokuyo_ws/src/install/nav2_util/lib:/home/asis/hokuyo_ws/src/install/nav2_voxel_grid/lib:/home/asis/hokuyo_ws/src/install/nav2_msgs/lib:${LD_LIBRARY_PATH} PYTHONPATH=/home/asis/hokuyo_ws/src/install/nav2_msgs/local/lib/python3.10/dist-packages:/home/asis/hokuyo_ws/src/install/nav2_common/local/lib/python3.10/dist-packages:${PYTHONPATH} /usr/bin/cmake /home/asis/hokuyo_ws/src/navigation2/nav2_constrained_smoother -DCMAKE_INSTALL_PREFIX=/home/asis/hokuyo_ws/src/install/nav2_constrained_smoother
[18.631s] Invoking command in '/home/asis/hokuyo_ws/src/build/nav2_constrained_smoother': AMENT_PREFIX_PATH=/home/asis/hokuyo_ws/src/install/nav2_core:/home/asis/hokuyo_ws/src/install/nav2_costmap_2d:/home/asis/hokuyo_ws/src/install/nav2_util:/home/asis/hokuyo_ws/src/install/nav2_voxel_grid:/home/asis/hokuyo_ws/src/install/nav2_msgs:/home/asis/hokuyo_ws/src/install/nav2_common:${AMENT_PREFIX_PATH} CMAKE_PREFIX_PATH=/home/asis/hokuyo_ws/src/install/nav2_core:/home/asis/hokuyo_ws/src/install/nav2_costmap_2d:/home/asis/hokuyo_ws/src/install/nav2_util:/home/asis/hokuyo_ws/src/install/nav2_voxel_grid:/home/asis/hokuyo_ws/src/install/nav2_msgs:/home/asis/hokuyo_ws/src/install/nav2_common:/home/asis/hokuyo_ws/install/urg_node2:/home/asis/hokuyo_ws/install/slam_toolbox:/opt/ros/humble LD_LIBRARY_PATH=/home/asis/hokuyo_ws/src/install/nav2_costmap_2d/lib:/home/asis/hokuyo_ws/src/install/nav2_util/lib:/home/asis/hokuyo_ws/src/install/nav2_voxel_grid/lib:/home/asis/hokuyo_ws/src/install/nav2_msgs/lib:${LD_LIBRARY_PATH} PYTHONPATH=/home/asis/hokuyo_ws/src/install/nav2_msgs/local/lib/python3.10/dist-packages:/home/asis/hokuyo_ws/src/install/nav2_common/local/lib/python3.10/dist-packages:${PYTHONPATH} /usr/bin/cmake --build /home/asis/hokuyo_ws/src/build/nav2_constrained_smoother -- -j8 -l8
[58.555s] [ 10%] [32mBuilding CXX object CMakeFiles/nav2_constrained_smoother.dir/src/constrained_smoother.cpp.o[0m
[58.556s] [ 20%] [32m[1mLinking CXX shared library libnav2_constrained_smoother.so[0m
[58.556s] [ 20%] Built target nav2_constrained_smoother
[58.558s] [ 30%] [32mBuilding CXX object gtest/CMakeFiles/gtest_main.dir/src/gtest_main.cc.o[0m
[58.558s] [ 40%] [32m[1mLinking CXX static library libgtest_main.a[0m
[58.558s] [ 40%] Built target gtest_main
[58.558s] [ 50%] [32mBuilding CXX object gtest/CMakeFiles/gtest.dir/src/gtest-all.cc.o[0m
[58.558s] [ 60%] [32m[1mLinking CXX static library libgtest.a[0m
[58.558s] [ 60%] Built target gtest
[58.558s] [ 70%] [32mBuilding CXX object test/CMakeFiles/test_constrained_smoother.dir/test_constrained_smoother.cpp.o[0m
[74.042s] [ 80%] [32m[1mLinking CXX executable test_constrained_smoother[0m
[75.294s] [ 80%] Built target test_constrained_smoother
[75.354s] [ 90%] [32mBuilding CXX object test/CMakeFiles/test_smoother_cost_function.dir/test_smoother_cost_function.cpp.o[0m
[87.522s] [100%] [32m[1mLinking CXX executable test_smoother_cost_function[0m
[88.262s] [100%] Built target test_smoother_cost_function
[88.289s] Invoked command in '/home/asis/hokuyo_ws/src/build/nav2_constrained_smoother' returned '0': AMENT_PREFIX_PATH=/home/asis/hokuyo_ws/src/install/nav2_core:/home/asis/hokuyo_ws/src/install/nav2_costmap_2d:/home/asis/hokuyo_ws/src/install/nav2_util:/home/asis/hokuyo_ws/src/install/nav2_voxel_grid:/home/asis/hokuyo_ws/src/install/nav2_msgs:/home/asis/hokuyo_ws/src/install/nav2_common:${AMENT_PREFIX_PATH} CMAKE_PREFIX_PATH=/home/asis/hokuyo_ws/src/install/nav2_core:/home/asis/hokuyo_ws/src/install/nav2_costmap_2d:/home/asis/hokuyo_ws/src/install/nav2_util:/home/asis/hokuyo_ws/src/install/nav2_voxel_grid:/home/asis/hokuyo_ws/src/install/nav2_msgs:/home/asis/hokuyo_ws/src/install/nav2_common:/home/asis/hokuyo_ws/install/urg_node2:/home/asis/hokuyo_ws/install/slam_toolbox:/opt/ros/humble LD_LIBRARY_PATH=/home/asis/hokuyo_ws/src/install/nav2_costmap_2d/lib:/home/asis/hokuyo_ws/src/install/nav2_util/lib:/home/asis/hokuyo_ws/src/install/nav2_voxel_grid/lib:/home/asis/hokuyo_ws/src/install/nav2_msgs/lib:${LD_LIBRARY_PATH} PYTHONPATH=/home/asis/hokuyo_ws/src/install/nav2_msgs/local/lib/python3.10/dist-packages:/home/asis/hokuyo_ws/src/install/nav2_common/local/lib/python3.10/dist-packages:${PYTHONPATH} /usr/bin/cmake --build /home/asis/hokuyo_ws/src/build/nav2_constrained_smoother -- -j8 -l8
[88.368s] Invoking command in '/home/asis/hokuyo_ws/src/build/nav2_constrained_smoother': AMENT_PREFIX_PATH=/home/asis/hokuyo_ws/src/install/nav2_core:/home/asis/hokuyo_ws/src/install/nav2_costmap_2d:/home/asis/hokuyo_ws/src/install/nav2_util:/home/asis/hokuyo_ws/src/install/nav2_voxel_grid:/home/asis/hokuyo_ws/src/install/nav2_msgs:/home/asis/hokuyo_ws/src/install/nav2_common:${AMENT_PREFIX_PATH} CMAKE_PREFIX_PATH=/home/asis/hokuyo_ws/src/install/nav2_core:/home/asis/hokuyo_ws/src/install/nav2_costmap_2d:/home/asis/hokuyo_ws/src/install/nav2_util:/home/asis/hokuyo_ws/src/install/nav2_voxel_grid:/home/asis/hokuyo_ws/src/install/nav2_msgs:/home/asis/hokuyo_ws/src/install/nav2_common:/home/asis/hokuyo_ws/install/urg_node2:/home/asis/hokuyo_ws/install/slam_toolbox:/opt/ros/humble LD_LIBRARY_PATH=/home/asis/hokuyo_ws/src/install/nav2_costmap_2d/lib:/home/asis/hokuyo_ws/src/install/nav2_util/lib:/home/asis/hokuyo_ws/src/install/nav2_voxel_grid/lib:/home/asis/hokuyo_ws/src/install/nav2_msgs/lib:${LD_LIBRARY_PATH} PYTHONPATH=/home/asis/hokuyo_ws/src/install/nav2_msgs/local/lib/python3.10/dist-packages:/home/asis/hokuyo_ws/src/install/nav2_common/local/lib/python3.10/dist-packages:${PYTHONPATH} /usr/bin/cmake --install /home/asis/hokuyo_ws/src/build/nav2_constrained_smoother
[95.338s] -- Install configuration: "Release"
[95.343s] -- Installing: /home/asis/hokuyo_ws/src/install/nav2_constrained_smoother/lib/libnav2_constrained_smoother.so
[95.344s] -- Set runtime path of "/home/asis/hokuyo_ws/src/install/nav2_constrained_smoother/lib/libnav2_constrained_smoother.so" to ""
[95.345s] -- Installing: /home/asis/hokuyo_ws/src/install/nav2_constrained_smoother/include/
[95.346s] -- Installing: /home/asis/hokuyo_ws/src/install/nav2_constrained_smoother/include//nav2_constrained_smoother
[95.346s] -- Installing: /home/asis/hokuyo_ws/src/install/nav2_constrained_smoother/include//nav2_constrained_smoother/smoother.hpp
[95.346s] -- Installing: /home/asis/hokuyo_ws/src/install/nav2_constrained_smoother/include//nav2_constrained_smoother/smoother_cost_function.hpp
[95.346s] -- Installing: /home/asis/hokuyo_ws/src/install/nav2_constrained_smoother/include//nav2_constrained_smoother/constrained_smoother.hpp
[95.346s] -- Installing: /home/asis/hokuyo_ws/src/install/nav2_constrained_smoother/include//nav2_constrained_smoother/options.hpp
[95.346s] -- Installing: /home/asis/hokuyo_ws/src/install/nav2_constrained_smoother/include//nav2_constrained_smoother/utils.hpp
[95.346s] -- Installing: /home/asis/hokuyo_ws/src/install/nav2_constrained_smoother/share/nav2_constrained_smoother/environment/library_path.sh
[95.346s] -- Installing: /home/asis/hokuyo_ws/src/install/nav2_constrained_smoother/share/nav2_constrained_smoother/environment/library_path.dsv
[95.346s] -- Installing: /home/asis/hokuyo_ws/src/install/nav2_constrained_smoother/share/nav2_constrained_smoother/nav2_constrained_smoother.xml
[95.346s] -- Installing: /home/asis/hokuyo_ws/src/install/nav2_constrained_smoother/share/ament_index/resource_index/package_run_dependencies/nav2_constrained_smoother
[95.347s] -- Installing: /home/asis/hokuyo_ws/src/install/nav2_constrained_smoother/share/ament_index/resource_index/parent_prefix_path/nav2_constrained_smoother
[95.347s] -- Installing: /home/asis/hokuyo_ws/src/install/nav2_constrained_smoother/share/nav2_constrained_smoother/environment/ament_prefix_path.sh
[95.347s] -- Installing: /home/asis/hokuyo_ws/src/install/nav2_constrained_smoother/share/nav2_constrained_smoother/environment/ament_prefix_path.dsv
[95.347s] -- Installing: /home/asis/hokuyo_ws/src/install/nav2_constrained_smoother/share/nav2_constrained_smoother/environment/path.sh
[95.347s] -- Installing: /home/asis/hokuyo_ws/src/install/nav2_constrained_smoother/share/nav2_constrained_smoother/environment/path.dsv
[95.347s] -- Installing: /home/asis/hokuyo_ws/src/install/nav2_constrained_smoother/share/nav2_constrained_smoother/local_setup.bash
[95.347s] -- Installing: /home/asis/hokuyo_ws/src/install/nav2_constrained_smoother/share/nav2_constrained_smoother/local_setup.sh
[95.347s] -- Installing: /home/asis/hokuyo_ws/src/install/nav2_constrained_smoother/share/nav2_constrained_smoother/local_setup.zsh
[95.347s] -- Installing: /home/asis/hokuyo_ws/src/install/nav2_constrained_smoother/share/nav2_constrained_smoother/local_setup.dsv
[95.347s] -- Installing: /home/asis/hokuyo_ws/src/install/nav2_constrained_smoother/share/nav2_constrained_smoother/package.dsv
[95.347s] -- Installing: /home/asis/hokuyo_ws/src/install/nav2_constrained_smoother/share/ament_index/resource_index/packages/nav2_constrained_smoother
[95.348s] -- Installing: /home/asis/hokuyo_ws/src/install/nav2_constrained_smoother/share/ament_index/resource_index/nav2_core__pluginlib__plugin/nav2_constrained_smoother
[95.348s] -- Installing: /home/asis/hokuyo_ws/src/install/nav2_constrained_smoother/share/nav2_constrained_smoother/cmake/ament_cmake_export_include_directories-extras.cmake
[95.348s] -- Installing: /home/asis/hokuyo_ws/src/install/nav2_constrained_smoother/share/nav2_constrained_smoother/cmake/ament_cmake_export_libraries-extras.cmake
[95.348s] -- Installing: /home/asis/hokuyo_ws/src/install/nav2_constrained_smoother/share/nav2_constrained_smoother/cmake/ament_cmake_export_dependencies-extras.cmake
[95.348s] -- Installing: /home/asis/hokuyo_ws/src/install/nav2_constrained_smoother/share/nav2_constrained_smoother/cmake/nav2_constrained_smootherConfig.cmake
[95.348s] -- Installing: /home/asis/hokuyo_ws/src/install/nav2_constrained_smoother/share/nav2_constrained_smoother/cmake/nav2_constrained_smootherConfig-version.cmake
[95.348s] -- Installing: /home/asis/hokuyo_ws/src/install/nav2_constrained_smoother/share/nav2_constrained_smoother/package.xml
[95.382s] Invoked command in '/home/asis/hokuyo_ws/src/build/nav2_constrained_smoother' returned '0': AMENT_PREFIX_PATH=/home/asis/hokuyo_ws/src/install/nav2_core:/home/asis/hokuyo_ws/src/install/nav2_costmap_2d:/home/asis/hokuyo_ws/src/install/nav2_util:/home/asis/hokuyo_ws/src/install/nav2_voxel_grid:/home/asis/hokuyo_ws/src/install/nav2_msgs:/home/asis/hokuyo_ws/src/install/nav2_common:${AMENT_PREFIX_PATH} CMAKE_PREFIX_PATH=/home/asis/hokuyo_ws/src/install/nav2_core:/home/asis/hokuyo_ws/src/install/nav2_costmap_2d:/home/asis/hokuyo_ws/src/install/nav2_util:/home/asis/hokuyo_ws/src/install/nav2_voxel_grid:/home/asis/hokuyo_ws/src/install/nav2_msgs:/home/asis/hokuyo_ws/src/install/nav2_common:/home/asis/hokuyo_ws/install/urg_node2:/home/asis/hokuyo_ws/install/slam_toolbox:/opt/ros/humble LD_LIBRARY_PATH=/home/asis/hokuyo_ws/src/install/nav2_costmap_2d/lib:/home/asis/hokuyo_ws/src/install/nav2_util/lib:/home/asis/hokuyo_ws/src/install/nav2_voxel_grid/lib:/home/asis/hokuyo_ws/src/install/nav2_msgs/lib:${LD_LIBRARY_PATH} PYTHONPATH=/home/asis/hokuyo_ws/src/install/nav2_msgs/local/lib/python3.10/dist-packages:/home/asis/hokuyo_ws/src/install/nav2_common/local/lib/python3.10/dist-packages:${PYTHONPATH} /usr/bin/cmake --install /home/asis/hokuyo_ws/src/build/nav2_constrained_smoother
