[0.019s] Invoking command in '/home/asis/hokuyo_ws/src/build/costmap_queue': AMENT_PREFIX_PATH=/home/asis/hokuyo_ws/src/install/nav2_costmap_2d:/home/asis/hokuyo_ws/src/install/nav2_util:/home/asis/hokuyo_ws/src/install/nav2_voxel_grid:/home/asis/hokuyo_ws/src/install/nav2_msgs:/home/asis/hokuyo_ws/src/install/nav2_common:${AMENT_PREFIX_PATH} CMAKE_PREFIX_PATH=/home/asis/hokuyo_ws/src/install/nav2_costmap_2d:/home/asis/hokuyo_ws/src/install/nav2_util:/home/asis/hokuyo_ws/src/install/nav2_voxel_grid:/home/asis/hokuyo_ws/src/install/nav2_msgs:/home/asis/hokuyo_ws/src/install/nav2_common:/home/asis/hokuyo_ws/install/urg_node2:/home/asis/hokuyo_ws/install/slam_toolbox:/opt/ros/humble LD_LIBRARY_PATH=/home/asis/hokuyo_ws/src/install/nav2_costmap_2d/lib:/home/asis/hokuyo_ws/src/install/nav2_util/lib:/home/asis/hokuyo_ws/src/install/nav2_voxel_grid/lib:/home/asis/hokuyo_ws/src/install/nav2_msgs/lib:${LD_LIBRARY_PATH} PYTHONPATH=/home/asis/hokuyo_ws/src/install/nav2_msgs/local/lib/python3.10/dist-packages:/home/asis/hokuyo_ws/src/install/nav2_common/local/lib/python3.10/dist-packages:${PYTHONPATH} /usr/bin/cmake /home/asis/hokuyo_ws/src/navigation2/nav2_dwb_controller/costmap_queue -DCMAKE_INSTALL_PREFIX=/home/asis/hokuyo_ws/src/install/costmap_queue
[0.084s] -- The C compiler identification is GNU 11.4.0
[0.163s] -- The CXX compiler identification is GNU 11.4.0
[0.172s] -- Detecting C compiler ABI info
[0.258s] -- Detecting C compiler ABI info - done
[0.270s] -- Check for working C compiler: /usr/bin/cc - skipped
[0.271s] -- Detecting C compile features
[0.271s] -- Detecting C compile features - done
[0.275s] -- Detecting CXX compiler ABI info
[0.380s] -- Detecting CXX compiler ABI info - done
[0.393s] -- Check for working CXX compiler: /usr/bin/c++ - skipped
[0.393s] -- Detecting CXX compile features
[0.394s] -- Detecting CXX compile features - done
[0.398s] -- Found ament_cmake: 1.3.9 (/opt/ros/humble/share/ament_cmake/cmake)
[0.598s] -- Found Python3: /usr/bin/python3 (found version "3.10.12") found components: Interpreter 
[0.728s] -- Found nav2_common: 1.1.15 (/home/asis/hokuyo_ws/src/install/nav2_common/share/nav2_common/cmake)
[0.729s] -- Found nav2_costmap_2d: 1.1.15 (/home/asis/hokuyo_ws/src/install/nav2_costmap_2d/share/nav2_costmap_2d/cmake)
[0.779s] -- Found rosidl_generator_c: 3.1.5 (/opt/ros/humble/share/rosidl_generator_c/cmake)
[0.786s] -- Found rosidl_adapter: 3.1.5 (/opt/ros/humble/share/rosidl_adapter/cmake)
[0.797s] -- Found rosidl_generator_cpp: 3.1.5 (/opt/ros/humble/share/rosidl_generator_cpp/cmake)
[0.812s] -- Using all available rosidl_typesupport_c: rosidl_typesupport_fastrtps_c;rosidl_typesupport_introspection_c
[0.836s] -- Using all available rosidl_typesupport_cpp: rosidl_typesupport_fastrtps_cpp;rosidl_typesupport_introspection_cpp
[1.040s] -- Found rmw_implementation_cmake: 6.1.2 (/opt/ros/humble/share/rmw_implementation_cmake/cmake)
[1.043s] -- Found rmw_fastrtps_cpp: 6.2.6 (/opt/ros/humble/share/rmw_fastrtps_cpp/cmake)
[1.159s] -- Found OpenSSL: /usr/lib/x86_64-linux-gnu/libcrypto.so (found version "3.0.2")  
[1.206s] -- Found FastRTPS: /opt/ros/humble/include  
[1.291s] -- Using RMW implementation 'rmw_fastrtps_cpp' as default
[1.311s] -- Looking for pthread.h
[1.408s] -- Looking for pthread.h - found
[1.408s] -- Performing Test CMAKE_HAVE_LIBC_PTHREAD
[1.487s] -- Performing Test CMAKE_HAVE_LIBC_PTHREAD - Success
[1.489s] -- Found Threads: TRUE  
[3.316s] -- Found Eigen3: TRUE (found version "3.4.0") 
[3.316s] -- Ensuring Eigen3 include directory is part of orocos-kdl CMake target
[4.832s] -- Setting build type to Release as none was specified.
[4.840s] -- Found ament_lint_auto: 0.12.11 (/opt/ros/humble/share/ament_lint_auto/cmake)
[4.934s] -- Found gtest sources under '/opt/ros/humble/src/gtest_vendor': C++ tests using 'Google Test' will be built
[4.954s] -- Added test 'cppcheck' to perform static code analysis on C / C++ code
[4.955s] -- Configured cppcheck include dirs: /home/asis/hokuyo_ws/src/navigation2/nav2_dwb_controller/costmap_queue/include
[4.955s] -- Configured cppcheck exclude dirs and/or files: 
[4.956s] -- Added test 'cpplint' to check C / C++ code against the Google style
[4.956s] -- Configured cpplint exclude dirs and/or files: 
[4.957s] -- Added test 'lint_cmake' to check CMake code style
[4.959s] -- Added test 'uncrustify' to check C / C++ code style
[4.959s] -- Configured uncrustify additional arguments: 
[4.959s] -- Added test 'xmllint' to check XML markup files
[4.962s] -- Configuring done
[5.083s] -- Generating done
[5.085s] -- Build files have been written to: /home/asis/hokuyo_ws/src/build/costmap_queue
[5.100s] Invoked command in '/home/asis/hokuyo_ws/src/build/costmap_queue' returned '0': AMENT_PREFIX_PATH=/home/asis/hokuyo_ws/src/install/nav2_costmap_2d:/home/asis/hokuyo_ws/src/install/nav2_util:/home/asis/hokuyo_ws/src/install/nav2_voxel_grid:/home/asis/hokuyo_ws/src/install/nav2_msgs:/home/asis/hokuyo_ws/src/install/nav2_common:${AMENT_PREFIX_PATH} CMAKE_PREFIX_PATH=/home/asis/hokuyo_ws/src/install/nav2_costmap_2d:/home/asis/hokuyo_ws/src/install/nav2_util:/home/asis/hokuyo_ws/src/install/nav2_voxel_grid:/home/asis/hokuyo_ws/src/install/nav2_msgs:/home/asis/hokuyo_ws/src/install/nav2_common:/home/asis/hokuyo_ws/install/urg_node2:/home/asis/hokuyo_ws/install/slam_toolbox:/opt/ros/humble LD_LIBRARY_PATH=/home/asis/hokuyo_ws/src/install/nav2_costmap_2d/lib:/home/asis/hokuyo_ws/src/install/nav2_util/lib:/home/asis/hokuyo_ws/src/install/nav2_voxel_grid/lib:/home/asis/hokuyo_ws/src/install/nav2_msgs/lib:${LD_LIBRARY_PATH} PYTHONPATH=/home/asis/hokuyo_ws/src/install/nav2_msgs/local/lib/python3.10/dist-packages:/home/asis/hokuyo_ws/src/install/nav2_common/local/lib/python3.10/dist-packages:${PYTHONPATH} /usr/bin/cmake /home/asis/hokuyo_ws/src/navigation2/nav2_dwb_controller/costmap_queue -DCMAKE_INSTALL_PREFIX=/home/asis/hokuyo_ws/src/install/costmap_queue
[5.102s] Invoking command in '/home/asis/hokuyo_ws/src/build/costmap_queue': AMENT_PREFIX_PATH=/home/asis/hokuyo_ws/src/install/nav2_costmap_2d:/home/asis/hokuyo_ws/src/install/nav2_util:/home/asis/hokuyo_ws/src/install/nav2_voxel_grid:/home/asis/hokuyo_ws/src/install/nav2_msgs:/home/asis/hokuyo_ws/src/install/nav2_common:${AMENT_PREFIX_PATH} CMAKE_PREFIX_PATH=/home/asis/hokuyo_ws/src/install/nav2_costmap_2d:/home/asis/hokuyo_ws/src/install/nav2_util:/home/asis/hokuyo_ws/src/install/nav2_voxel_grid:/home/asis/hokuyo_ws/src/install/nav2_msgs:/home/asis/hokuyo_ws/src/install/nav2_common:/home/asis/hokuyo_ws/install/urg_node2:/home/asis/hokuyo_ws/install/slam_toolbox:/opt/ros/humble LD_LIBRARY_PATH=/home/asis/hokuyo_ws/src/install/nav2_costmap_2d/lib:/home/asis/hokuyo_ws/src/install/nav2_util/lib:/home/asis/hokuyo_ws/src/install/nav2_voxel_grid/lib:/home/asis/hokuyo_ws/src/install/nav2_msgs/lib:${LD_LIBRARY_PATH} PYTHONPATH=/home/asis/hokuyo_ws/src/install/nav2_msgs/local/lib/python3.10/dist-packages:/home/asis/hokuyo_ws/src/install/nav2_common/local/lib/python3.10/dist-packages:${PYTHONPATH} /usr/bin/cmake --build /home/asis/hokuyo_ws/src/build/costmap_queue -- -j8 -l8
[5.157s] [  9%] [32mBuilding CXX object CMakeFiles/costmap_queue.dir/src/costmap_queue.cpp.o[0m
[7.067s] [ 18%] [32mBuilding CXX object CMakeFiles/costmap_queue.dir/src/limited_costmap_queue.cpp.o[0m
[8.476s] [ 27%] [32m[1mLinking CXX shared library libcostmap_queue.so[0m
[8.789s] [ 27%] Built target costmap_queue
[8.819s] [ 36%] [32mBuilding CXX object gtest/CMakeFiles/gtest.dir/src/gtest-all.cc.o[0m
[20.499s] [ 45%] [32m[1mLinking CXX static library libgtest.a[0m
[20.613s] [ 45%] Built target gtest
[20.643s] [ 54%] [32mBuilding CXX object gtest/CMakeFiles/gtest_main.dir/src/gtest_main.cc.o[0m
[22.113s] [ 63%] [32m[1mLinking CXX static library libgtest_main.a[0m
[22.165s] [ 63%] Built target gtest_main
[22.200s] [ 72%] [32mBuilding CXX object CMakeFiles/mbq_test.dir/test/mbq_test.cpp.o[0m
[24.792s] [ 81%] [32m[1mLinking CXX executable mbq_test[0m
[26.196s] [ 81%] Built target mbq_test
[26.233s] [ 90%] [32mBuilding CXX object CMakeFiles/utest.dir/test/utest.cpp.o[0m
[33.072s] [100%] [32m[1mLinking CXX executable utest[0m
[33.563s] [100%] Built target utest
[33.588s] Invoked command in '/home/asis/hokuyo_ws/src/build/costmap_queue' returned '0': AMENT_PREFIX_PATH=/home/asis/hokuyo_ws/src/install/nav2_costmap_2d:/home/asis/hokuyo_ws/src/install/nav2_util:/home/asis/hokuyo_ws/src/install/nav2_voxel_grid:/home/asis/hokuyo_ws/src/install/nav2_msgs:/home/asis/hokuyo_ws/src/install/nav2_common:${AMENT_PREFIX_PATH} CMAKE_PREFIX_PATH=/home/asis/hokuyo_ws/src/install/nav2_costmap_2d:/home/asis/hokuyo_ws/src/install/nav2_util:/home/asis/hokuyo_ws/src/install/nav2_voxel_grid:/home/asis/hokuyo_ws/src/install/nav2_msgs:/home/asis/hokuyo_ws/src/install/nav2_common:/home/asis/hokuyo_ws/install/urg_node2:/home/asis/hokuyo_ws/install/slam_toolbox:/opt/ros/humble LD_LIBRARY_PATH=/home/asis/hokuyo_ws/src/install/nav2_costmap_2d/lib:/home/asis/hokuyo_ws/src/install/nav2_util/lib:/home/asis/hokuyo_ws/src/install/nav2_voxel_grid/lib:/home/asis/hokuyo_ws/src/install/nav2_msgs/lib:${LD_LIBRARY_PATH} PYTHONPATH=/home/asis/hokuyo_ws/src/install/nav2_msgs/local/lib/python3.10/dist-packages:/home/asis/hokuyo_ws/src/install/nav2_common/local/lib/python3.10/dist-packages:${PYTHONPATH} /usr/bin/cmake --build /home/asis/hokuyo_ws/src/build/costmap_queue -- -j8 -l8
[33.648s] Invoking command in '/home/asis/hokuyo_ws/src/build/costmap_queue': AMENT_PREFIX_PATH=/home/asis/hokuyo_ws/src/install/nav2_costmap_2d:/home/asis/hokuyo_ws/src/install/nav2_util:/home/asis/hokuyo_ws/src/install/nav2_voxel_grid:/home/asis/hokuyo_ws/src/install/nav2_msgs:/home/asis/hokuyo_ws/src/install/nav2_common:${AMENT_PREFIX_PATH} CMAKE_PREFIX_PATH=/home/asis/hokuyo_ws/src/install/nav2_costmap_2d:/home/asis/hokuyo_ws/src/install/nav2_util:/home/asis/hokuyo_ws/src/install/nav2_voxel_grid:/home/asis/hokuyo_ws/src/install/nav2_msgs:/home/asis/hokuyo_ws/src/install/nav2_common:/home/asis/hokuyo_ws/install/urg_node2:/home/asis/hokuyo_ws/install/slam_toolbox:/opt/ros/humble LD_LIBRARY_PATH=/home/asis/hokuyo_ws/src/install/nav2_costmap_2d/lib:/home/asis/hokuyo_ws/src/install/nav2_util/lib:/home/asis/hokuyo_ws/src/install/nav2_voxel_grid/lib:/home/asis/hokuyo_ws/src/install/nav2_msgs/lib:${LD_LIBRARY_PATH} PYTHONPATH=/home/asis/hokuyo_ws/src/install/nav2_msgs/local/lib/python3.10/dist-packages:/home/asis/hokuyo_ws/src/install/nav2_common/local/lib/python3.10/dist-packages:${PYTHONPATH} /usr/bin/cmake --install /home/asis/hokuyo_ws/src/build/costmap_queue
[80.135s] -- Install configuration: "Release"
[80.136s] -- Installing: /home/asis/hokuyo_ws/src/install/costmap_queue/lib/libcostmap_queue.so
[80.137s] -- Set runtime path of "/home/asis/hokuyo_ws/src/install/costmap_queue/lib/libcostmap_queue.so" to ""
[80.154s] -- Installing: /home/asis/hokuyo_ws/src/install/costmap_queue/include/
[80.154s] -- Installing: /home/asis/hokuyo_ws/src/install/costmap_queue/include//costmap_queue
[80.154s] -- Installing: /home/asis/hokuyo_ws/src/install/costmap_queue/include//costmap_queue/limited_costmap_queue.hpp
[80.154s] -- Installing: /home/asis/hokuyo_ws/src/install/costmap_queue/include//costmap_queue/map_based_queue.hpp
[80.155s] -- Installing: /home/asis/hokuyo_ws/src/install/costmap_queue/include//costmap_queue/costmap_queue.hpp
[80.155s] -- Installing: /home/asis/hokuyo_ws/src/install/costmap_queue/share/costmap_queue/environment/library_path.sh
[80.155s] -- Installing: /home/asis/hokuyo_ws/src/install/costmap_queue/share/costmap_queue/environment/library_path.dsv
[80.155s] -- Installing: /home/asis/hokuyo_ws/src/install/costmap_queue/share/ament_index/resource_index/package_run_dependencies/costmap_queue
[80.155s] -- Installing: /home/asis/hokuyo_ws/src/install/costmap_queue/share/ament_index/resource_index/parent_prefix_path/costmap_queue
[80.155s] -- Installing: /home/asis/hokuyo_ws/src/install/costmap_queue/share/costmap_queue/environment/ament_prefix_path.sh
[80.155s] -- Installing: /home/asis/hokuyo_ws/src/install/costmap_queue/share/costmap_queue/environment/ament_prefix_path.dsv
[80.155s] -- Installing: /home/asis/hokuyo_ws/src/install/costmap_queue/share/costmap_queue/environment/path.sh
[80.155s] -- Installing: /home/asis/hokuyo_ws/src/install/costmap_queue/share/costmap_queue/environment/path.dsv
[80.155s] -- Installing: /home/asis/hokuyo_ws/src/install/costmap_queue/share/costmap_queue/local_setup.bash
[80.155s] -- Installing: /home/asis/hokuyo_ws/src/install/costmap_queue/share/costmap_queue/local_setup.sh
[80.156s] -- Installing: /home/asis/hokuyo_ws/src/install/costmap_queue/share/costmap_queue/local_setup.zsh
[80.156s] -- Installing: /home/asis/hokuyo_ws/src/install/costmap_queue/share/costmap_queue/local_setup.dsv
[80.156s] -- Installing: /home/asis/hokuyo_ws/src/install/costmap_queue/share/costmap_queue/package.dsv
[80.156s] -- Installing: /home/asis/hokuyo_ws/src/install/costmap_queue/share/ament_index/resource_index/packages/costmap_queue
[80.156s] -- Installing: /home/asis/hokuyo_ws/src/install/costmap_queue/share/costmap_queue/cmake/ament_cmake_export_include_directories-extras.cmake
[80.156s] -- Installing: /home/asis/hokuyo_ws/src/install/costmap_queue/share/costmap_queue/cmake/ament_cmake_export_libraries-extras.cmake
[80.156s] -- Installing: /home/asis/hokuyo_ws/src/install/costmap_queue/share/costmap_queue/cmake/costmap_queueConfig.cmake
[80.156s] -- Installing: /home/asis/hokuyo_ws/src/install/costmap_queue/share/costmap_queue/cmake/costmap_queueConfig-version.cmake
[80.156s] -- Installing: /home/asis/hokuyo_ws/src/install/costmap_queue/share/costmap_queue/package.xml
[80.167s] Invoked command in '/home/asis/hokuyo_ws/src/build/costmap_queue' returned '0': AMENT_PREFIX_PATH=/home/asis/hokuyo_ws/src/install/nav2_costmap_2d:/home/asis/hokuyo_ws/src/install/nav2_util:/home/asis/hokuyo_ws/src/install/nav2_voxel_grid:/home/asis/hokuyo_ws/src/install/nav2_msgs:/home/asis/hokuyo_ws/src/install/nav2_common:${AMENT_PREFIX_PATH} CMAKE_PREFIX_PATH=/home/asis/hokuyo_ws/src/install/nav2_costmap_2d:/home/asis/hokuyo_ws/src/install/nav2_util:/home/asis/hokuyo_ws/src/install/nav2_voxel_grid:/home/asis/hokuyo_ws/src/install/nav2_msgs:/home/asis/hokuyo_ws/src/install/nav2_common:/home/asis/hokuyo_ws/install/urg_node2:/home/asis/hokuyo_ws/install/slam_toolbox:/opt/ros/humble LD_LIBRARY_PATH=/home/asis/hokuyo_ws/src/install/nav2_costmap_2d/lib:/home/asis/hokuyo_ws/src/install/nav2_util/lib:/home/asis/hokuyo_ws/src/install/nav2_voxel_grid/lib:/home/asis/hokuyo_ws/src/install/nav2_msgs/lib:${LD_LIBRARY_PATH} PYTHONPATH=/home/asis/hokuyo_ws/src/install/nav2_msgs/local/lib/python3.10/dist-packages:/home/asis/hokuyo_ws/src/install/nav2_common/local/lib/python3.10/dist-packages:${PYTHONPATH} /usr/bin/cmake --install /home/asis/hokuyo_ws/src/build/costmap_queue
