[0.101s] Invoking command in '/home/asis/hokuyo_ws/src/build/nav2_voxel_grid': AMENT_PREFIX_PATH=/home/asis/hokuyo_ws/src/install/nav2_common:${AMENT_PREFIX_PATH} CMAKE_PREFIX_PATH=/home/asis/hokuyo_ws/src/install/nav2_common:/home/asis/hokuyo_ws/install/urg_node2:/home/asis/hokuyo_ws/install/slam_toolbox:/opt/ros/humble PYTHONPATH=/home/asis/hokuyo_ws/src/install/nav2_common/local/lib/python3.10/dist-packages:${PYTHONPATH} /usr/bin/cmake /home/asis/hokuyo_ws/src/navigation2/nav2_voxel_grid -DCMAKE_INSTALL_PREFIX=/home/asis/hokuyo_ws/src/install/nav2_voxel_grid
[0.484s] -- The C compiler identification is GNU 11.4.0
[0.721s] -- The CXX compiler identification is GNU 11.4.0
[0.733s] -- Detecting C compiler ABI info
[1.171s] -- Detecting C compiler ABI info - done
[1.189s] -- Check for working C compiler: /usr/bin/cc - skipped
[1.200s] -- Detecting C compile features
[1.201s] -- Detecting C compile features - done
[1.209s] -- Detecting CXX compiler ABI info
[1.552s] -- Detecting CXX compiler ABI info - done
[1.567s] -- Check for working CXX compiler: /usr/bin/c++ - skipped
[1.567s] -- Detecting CXX compile features
[1.569s] -- Detecting CXX compile features - done
[1.575s] -- Found ament_cmake: 1.3.9 (/opt/ros/humble/share/ament_cmake/cmake)
[2.067s] -- Found Python3: /usr/bin/python3 (found version "3.10.12") found components: Interpreter 
[2.308s] -- Found nav2_common: 1.1.15 (/home/asis/hokuyo_ws/src/install/nav2_common/share/nav2_common/cmake)
[2.311s] -- Found rclcpp: 16.0.9 (/opt/ros/humble/share/rclcpp/cmake)
[2.384s] -- Found rosidl_generator_c: 3.1.5 (/opt/ros/humble/share/rosidl_generator_c/cmake)
[2.393s] -- Found rosidl_adapter: 3.1.5 (/opt/ros/humble/share/rosidl_adapter/cmake)
[2.423s] -- Found rosidl_generator_cpp: 3.1.5 (/opt/ros/humble/share/rosidl_generator_cpp/cmake)
[2.456s] -- Using all available rosidl_typesupport_c: rosidl_typesupport_fastrtps_c;rosidl_typesupport_introspection_c
[2.490s] -- Using all available rosidl_typesupport_cpp: rosidl_typesupport_fastrtps_cpp;rosidl_typesupport_introspection_cpp
[2.653s] -- Found rmw_implementation_cmake: 6.1.2 (/opt/ros/humble/share/rmw_implementation_cmake/cmake)
[2.653s] -- Found rmw_fastrtps_cpp: 6.2.6 (/opt/ros/humble/share/rmw_fastrtps_cpp/cmake)
[3.293s] -- Found OpenSSL: /usr/lib/x86_64-linux-gnu/libcrypto.so (found version "3.0.2")  
[3.431s] -- Found FastRTPS: /opt/ros/humble/include  
[3.623s] -- Using RMW implementation 'rmw_fastrtps_cpp' as default
[3.694s] -- Looking for pthread.h
[4.120s] -- Looking for pthread.h - found
[4.132s] -- Performing Test CMAKE_HAVE_LIBC_PTHREAD
[4.682s] -- Performing Test CMAKE_HAVE_LIBC_PTHREAD - Success
[4.682s] -- Found Threads: TRUE  
[5.510s] -- Setting build type to Release as none was specified.
[5.513s] -- Found ament_lint_auto: 0.12.11 (/opt/ros/humble/share/ament_lint_auto/cmake)
[5.718s] -- Found gtest sources under '/opt/ros/humble/src/gtest_vendor': C++ tests using 'Google Test' will be built
[5.778s] -- Added test 'cppcheck' to perform static code analysis on C / C++ code
[5.778s] -- Configured cppcheck include dirs: /home/asis/hokuyo_ws/src/navigation2/nav2_voxel_grid/include
[5.783s] -- Configured cppcheck exclude dirs and/or files: 
[5.783s] -- Added test 'cpplint' to check C / C++ code against the Google style
[5.783s] -- Configured cpplint exclude dirs and/or files: 
[5.784s] -- Added test 'lint_cmake' to check CMake code style
[5.789s] -- Added test 'uncrustify' to check C / C++ code style
[5.789s] -- Configured uncrustify additional arguments: 
[5.794s] -- Added test 'xmllint' to check XML markup files
[5.815s] -- Configuring done
[5.914s] -- Generating done
[5.932s] -- Build files have been written to: /home/asis/hokuyo_ws/src/build/nav2_voxel_grid
[6.008s] Invoked command in '/home/asis/hokuyo_ws/src/build/nav2_voxel_grid' returned '0': AMENT_PREFIX_PATH=/home/asis/hokuyo_ws/src/install/nav2_common:${AMENT_PREFIX_PATH} CMAKE_PREFIX_PATH=/home/asis/hokuyo_ws/src/install/nav2_common:/home/asis/hokuyo_ws/install/urg_node2:/home/asis/hokuyo_ws/install/slam_toolbox:/opt/ros/humble PYTHONPATH=/home/asis/hokuyo_ws/src/install/nav2_common/local/lib/python3.10/dist-packages:${PYTHONPATH} /usr/bin/cmake /home/asis/hokuyo_ws/src/navigation2/nav2_voxel_grid -DCMAKE_INSTALL_PREFIX=/home/asis/hokuyo_ws/src/install/nav2_voxel_grid
[6.009s] Invoking command in '/home/asis/hokuyo_ws/src/build/nav2_voxel_grid': AMENT_PREFIX_PATH=/home/asis/hokuyo_ws/src/install/nav2_common:${AMENT_PREFIX_PATH} CMAKE_PREFIX_PATH=/home/asis/hokuyo_ws/src/install/nav2_common:/home/asis/hokuyo_ws/install/urg_node2:/home/asis/hokuyo_ws/install/slam_toolbox:/opt/ros/humble PYTHONPATH=/home/asis/hokuyo_ws/src/install/nav2_common/local/lib/python3.10/dist-packages:${PYTHONPATH} /usr/bin/cmake --build /home/asis/hokuyo_ws/src/build/nav2_voxel_grid -- -j8 -l8
[6.418s] [ 10%] [32mBuilding CXX object gtest/CMakeFiles/gtest_main.dir/src/gtest_main.cc.o[0m
[6.496s] [ 20%] [32mBuilding CXX object gtest/CMakeFiles/gtest.dir/src/gtest-all.cc.o[0m
[6.530s] [ 30%] [32mBuilding CXX object CMakeFiles/voxel_grid.dir/src/voxel_grid.cpp.o[0m
[14.840s] [ 40%] [32m[1mLinking CXX static library libgtest_main.a[0m
[15.128s] [ 40%] Built target gtest_main
[20.744s] [ 50%] [32m[1mLinking CXX shared library libvoxel_grid.so[0m
[21.136s] [ 50%] Built target voxel_grid
[28.102s] [ 60%] [32m[1mLinking CXX static library libgtest.a[0m
[28.159s] [ 60%] Built target gtest
[28.190s] [ 70%] [32mBuilding CXX object test/CMakeFiles/voxel_grid_tests.dir/voxel_grid_tests.cpp.o[0m
[33.319s] [ 80%] [32m[1mLinking CXX executable voxel_grid_tests[0m
[33.510s] [ 80%] Built target voxel_grid_tests
[33.539s] [ 90%] [32mBuilding CXX object test/CMakeFiles/voxel_grid_bresenham_3d.dir/voxel_grid_bresenham_3d.cpp.o[0m
[38.894s] [100%] [32m[1mLinking CXX executable voxel_grid_bresenham_3d[0m
[39.265s] [100%] Built target voxel_grid_bresenham_3d
[39.315s] Invoked command in '/home/asis/hokuyo_ws/src/build/nav2_voxel_grid' returned '0': AMENT_PREFIX_PATH=/home/asis/hokuyo_ws/src/install/nav2_common:${AMENT_PREFIX_PATH} CMAKE_PREFIX_PATH=/home/asis/hokuyo_ws/src/install/nav2_common:/home/asis/hokuyo_ws/install/urg_node2:/home/asis/hokuyo_ws/install/slam_toolbox:/opt/ros/humble PYTHONPATH=/home/asis/hokuyo_ws/src/install/nav2_common/local/lib/python3.10/dist-packages:${PYTHONPATH} /usr/bin/cmake --build /home/asis/hokuyo_ws/src/build/nav2_voxel_grid -- -j8 -l8
[39.705s] Invoking command in '/home/asis/hokuyo_ws/src/build/nav2_voxel_grid': AMENT_PREFIX_PATH=/home/asis/hokuyo_ws/src/install/nav2_common:${AMENT_PREFIX_PATH} CMAKE_PREFIX_PATH=/home/asis/hokuyo_ws/src/install/nav2_common:/home/asis/hokuyo_ws/install/urg_node2:/home/asis/hokuyo_ws/install/slam_toolbox:/opt/ros/humble PYTHONPATH=/home/asis/hokuyo_ws/src/install/nav2_common/local/lib/python3.10/dist-packages:${PYTHONPATH} /usr/bin/cmake --install /home/asis/hokuyo_ws/src/build/nav2_voxel_grid
[39.717s] -- Install configuration: "Release"
[39.717s] -- Installing: /home/asis/hokuyo_ws/src/install/nav2_voxel_grid/lib/libvoxel_grid.so
[39.717s] -- Set runtime path of "/home/asis/hokuyo_ws/src/install/nav2_voxel_grid/lib/libvoxel_grid.so" to ""
[39.717s] -- Installing: /home/asis/hokuyo_ws/src/install/nav2_voxel_grid/include
[39.717s] -- Installing: /home/asis/hokuyo_ws/src/install/nav2_voxel_grid/include/nav2_voxel_grid
[39.717s] -- Installing: /home/asis/hokuyo_ws/src/install/nav2_voxel_grid/include/nav2_voxel_grid/voxel_grid.hpp
[39.718s] -- Installing: /home/asis/hokuyo_ws/src/install/nav2_voxel_grid/share/nav2_voxel_grid/environment/library_path.sh
[39.718s] -- Installing: /home/asis/hokuyo_ws/src/install/nav2_voxel_grid/share/nav2_voxel_grid/environment/library_path.dsv
[39.718s] -- Installing: /home/asis/hokuyo_ws/src/install/nav2_voxel_grid/share/ament_index/resource_index/package_run_dependencies/nav2_voxel_grid
[39.718s] -- Installing: /home/asis/hokuyo_ws/src/install/nav2_voxel_grid/share/ament_index/resource_index/parent_prefix_path/nav2_voxel_grid
[39.719s] -- Installing: /home/asis/hokuyo_ws/src/install/nav2_voxel_grid/share/nav2_voxel_grid/environment/ament_prefix_path.sh
[39.719s] -- Installing: /home/asis/hokuyo_ws/src/install/nav2_voxel_grid/share/nav2_voxel_grid/environment/ament_prefix_path.dsv
[39.719s] -- Installing: /home/asis/hokuyo_ws/src/install/nav2_voxel_grid/share/nav2_voxel_grid/environment/path.sh
[39.719s] -- Installing: /home/asis/hokuyo_ws/src/install/nav2_voxel_grid/share/nav2_voxel_grid/environment/path.dsv
[39.719s] -- Installing: /home/asis/hokuyo_ws/src/install/nav2_voxel_grid/share/nav2_voxel_grid/local_setup.bash
[39.719s] -- Installing: /home/asis/hokuyo_ws/src/install/nav2_voxel_grid/share/nav2_voxel_grid/local_setup.sh
[39.720s] -- Installing: /home/asis/hokuyo_ws/src/install/nav2_voxel_grid/share/nav2_voxel_grid/local_setup.zsh
[39.732s] -- Installing: /home/asis/hokuyo_ws/src/install/nav2_voxel_grid/share/nav2_voxel_grid/local_setup.dsv
[39.732s] -- Installing: /home/asis/hokuyo_ws/src/install/nav2_voxel_grid/share/nav2_voxel_grid/package.dsv
[39.733s] -- Installing: /home/asis/hokuyo_ws/src/install/nav2_voxel_grid/share/ament_index/resource_index/packages/nav2_voxel_grid
[39.733s] -- Installing: /home/asis/hokuyo_ws/src/install/nav2_voxel_grid/share/nav2_voxel_grid/cmake/ament_cmake_export_dependencies-extras.cmake
[39.733s] -- Installing: /home/asis/hokuyo_ws/src/install/nav2_voxel_grid/share/nav2_voxel_grid/cmake/ament_cmake_export_include_directories-extras.cmake
[39.733s] -- Installing: /home/asis/hokuyo_ws/src/install/nav2_voxel_grid/share/nav2_voxel_grid/cmake/ament_cmake_export_libraries-extras.cmake
[39.733s] -- Installing: /home/asis/hokuyo_ws/src/install/nav2_voxel_grid/share/nav2_voxel_grid/cmake/nav2_voxel_gridConfig.cmake
[39.733s] -- Installing: /home/asis/hokuyo_ws/src/install/nav2_voxel_grid/share/nav2_voxel_grid/cmake/nav2_voxel_gridConfig-version.cmake
[39.734s] -- Installing: /home/asis/hokuyo_ws/src/install/nav2_voxel_grid/share/nav2_voxel_grid/package.xml
[39.748s] Invoked command in '/home/asis/hokuyo_ws/src/build/nav2_voxel_grid' returned '0': AMENT_PREFIX_PATH=/home/asis/hokuyo_ws/src/install/nav2_common:${AMENT_PREFIX_PATH} CMAKE_PREFIX_PATH=/home/asis/hokuyo_ws/src/install/nav2_common:/home/asis/hokuyo_ws/install/urg_node2:/home/asis/hokuyo_ws/install/slam_toolbox:/opt/ros/humble PYTHONPATH=/home/asis/hokuyo_ws/src/install/nav2_common/local/lib/python3.10/dist-packages:${PYTHONPATH} /usr/bin/cmake --install /home/asis/hokuyo_ws/src/build/nav2_voxel_grid
