[0.018s] Invoking command in '/home/asis/hokuyo_ws/src/build/nav_2d_msgs': CMAKE_PREFIX_PATH=${CMAKE_PREFIX_PATH}:/opt/ros/humble /usr/bin/cmake /home/asis/hokuyo_ws/src/navigation2/nav2_dwb_controller/nav_2d_msgs -DCMAKE_INSTALL_PREFIX=/home/asis/hokuyo_ws/src/install/nav_2d_msgs
[0.089s] -- The C compiler identification is GNU 11.4.0
[0.164s] -- The CXX compiler identification is GNU 11.4.0
[0.174s] -- Detecting C compiler ABI info
[0.262s] -- Detecting C compiler ABI info - done
[0.272s] -- Check for working C compiler: /usr/bin/cc - skipped
[0.272s] -- Detecting C compile features
[0.273s] -- Detecting C compile features - done
[0.278s] -- Detecting CXX compiler ABI info
[0.382s] -- Detecting CXX compiler ABI info - done
[0.389s] -- Check for working CXX compiler: /usr/bin/c++ - skipped
[0.390s] -- Detecting CXX compile features
[0.390s] -- Detecting CXX compile features - done
[0.392s] -- Found geometry_msgs: 4.2.3 (/opt/ros/humble/share/geometry_msgs/cmake)
[0.568s] -- Found Python3: /usr/bin/python3 (found version "3.10.12") found components: Interpreter 
[0.751s] -- Found rosidl_generator_c: 3.1.5 (/opt/ros/humble/share/rosidl_generator_c/cmake)
[0.759s] -- Found rosidl_adapter: 3.1.5 (/opt/ros/humble/share/rosidl_adapter/cmake)
[0.772s] -- Found rosidl_generator_cpp: 3.1.5 (/opt/ros/humble/share/rosidl_generator_cpp/cmake)
[0.795s] -- Using all available rosidl_typesupport_c: rosidl_typesupport_fastrtps_c;rosidl_typesupport_introspection_c
[0.828s] -- Using all available rosidl_typesupport_cpp: rosidl_typesupport_fastrtps_cpp;rosidl_typesupport_introspection_cpp
[1.026s] -- Found rosidl_default_generators: 1.2.0 (/opt/ros/humble/share/rosidl_default_generators/cmake)
[1.637s] -- Found ament_cmake_ros: 0.10.0 (/opt/ros/humble/share/ament_cmake_ros/cmake)
[2.877s] -- Using all available rosidl_typesupport_c: rosidl_typesupport_fastrtps_c;rosidl_typesupport_introspection_c
[3.428s] -- Using all available rosidl_typesupport_cpp: rosidl_typesupport_fastrtps_cpp;rosidl_typesupport_introspection_cpp
[3.516s] -- Found PythonInterp: /usr/bin/python3 (found suitable version "3.10.12", minimum required is "3.6") 
[3.518s] -- Found python_cmake_module: 0.10.0 (/opt/ros/humble/share/python_cmake_module/cmake)
[3.604s] -- Found PythonLibs: /usr/lib/x86_64-linux-gnu/libpython3.10.so (found suitable version "3.10.12", minimum required is "3.5") 
[3.605s] -- Using PYTHON_EXECUTABLE: /usr/bin/python3
[3.605s] -- Using PYTHON_INCLUDE_DIRS: /usr/include/python3.10
[3.605s] -- Using PYTHON_LIBRARIES: /usr/lib/x86_64-linux-gnu/libpython3.10.so
[3.737s] -- Found PythonExtra: .so  
[3.929s] -- Configuring done
[4.102s] -- Generating done
[4.106s] -- Build files have been written to: /home/asis/hokuyo_ws/src/build/nav_2d_msgs
[4.171s] Invoked command in '/home/asis/hokuyo_ws/src/build/nav_2d_msgs' returned '0': CMAKE_PREFIX_PATH=${CMAKE_PREFIX_PATH}:/opt/ros/humble /usr/bin/cmake /home/asis/hokuyo_ws/src/navigation2/nav2_dwb_controller/nav_2d_msgs -DCMAKE_INSTALL_PREFIX=/home/asis/hokuyo_ws/src/install/nav_2d_msgs
[4.171s] Invoking command in '/home/asis/hokuyo_ws/src/build/nav_2d_msgs': CMAKE_PREFIX_PATH=${CMAKE_PREFIX_PATH}:/opt/ros/humble /usr/bin/cmake --build /home/asis/hokuyo_ws/src/build/nav_2d_msgs -- -j8 -l8
[4.413s] [  1%] [34m[1mGenerating C code for ROS interfaces[0m
[4.460s] [  2%] [34m[1mGenerating C++ code for ROS interfaces[0m
[4.554s] [  2%] Built target ament_cmake_python_copy_nav_2d_msgs
[5.585s] running egg_info
[5.586s] creating nav_2d_msgs.egg-info
[5.587s] writing nav_2d_msgs.egg-info/PKG-INFO
[5.587s] writing dependency_links to nav_2d_msgs.egg-info/dependency_links.txt
[5.587s] writing top-level names to nav_2d_msgs.egg-info/top_level.txt
[5.588s] writing manifest file 'nav_2d_msgs.egg-info/SOURCES.txt'
[5.591s] reading manifest file 'nav_2d_msgs.egg-info/SOURCES.txt'
[5.592s] writing manifest file 'nav_2d_msgs.egg-info/SOURCES.txt'
[5.666s] [  2%] Built target ament_cmake_python_build_nav_2d_msgs_egg
[7.091s] [  4%] [32mBuilding C object CMakeFiles/nav_2d_msgs__rosidl_generator_c.dir/rosidl_generator_c/nav_2d_msgs/msg/detail/pose2_d32__functions.c.o[0m
[7.118s] [  5%] [32mBuilding C object CMakeFiles/nav_2d_msgs__rosidl_generator_c.dir/rosidl_generator_c/nav_2d_msgs/msg/detail/path2_d__functions.c.o[0m
[7.150s] [  5%] Built target nav_2d_msgs__cpp
[7.153s] [  7%] [32mBuilding C object CMakeFiles/nav_2d_msgs__rosidl_generator_c.dir/rosidl_generator_c/nav_2d_msgs/msg/detail/pose2_d_stamped__functions.c.o[0m
[7.191s] [  8%] [32mBuilding C object CMakeFiles/nav_2d_msgs__rosidl_generator_c.dir/rosidl_generator_c/nav_2d_msgs/msg/detail/twist2_d__functions.c.o[0m
[7.229s] [  9%] [32mBuilding C object CMakeFiles/nav_2d_msgs__rosidl_generator_c.dir/rosidl_generator_c/nav_2d_msgs/msg/detail/twist2_d32__functions.c.o[0m
[7.258s] [ 12%] [34m[1mGenerating C++ type support for eProsima Fast-RTPS[0m
[7.282s] [ 14%] [34m[1mGenerating C++ type support dispatch for ROS interfaces[0m
[7.288s] [ 14%] [34m[1mGenerating C++ introspection for ROS interfaces[0m
[7.410s] [ 15%] [32mBuilding C object CMakeFiles/nav_2d_msgs__rosidl_generator_c.dir/rosidl_generator_c/nav_2d_msgs/msg/detail/twist2_d_stamped__functions.c.o[0m
[7.698s] [ 16%] [32m[1mLinking C shared library libnav_2d_msgs__rosidl_generator_c.so[0m
[8.124s] [ 16%] Built target nav_2d_msgs__rosidl_generator_c
[8.212s] [ 18%] [34m[1mGenerating C introspection for ROS interfaces[0m
[8.235s] [ 19%] [34m[1mGenerating C type support dispatch for ROS interfaces[0m
[8.239s] [ 21%] [34m[1mGenerating C type support for eProsima Fast-RTPS[0m
[8.990s] [ 22%] [32mBuilding CXX object CMakeFiles/nav_2d_msgs__rosidl_typesupport_cpp.dir/rosidl_typesupport_cpp/nav_2d_msgs/msg/path2_d__type_support.cpp.o[0m
[9.042s] [ 23%] [32mBuilding CXX object CMakeFiles/nav_2d_msgs__rosidl_typesupport_cpp.dir/rosidl_typesupport_cpp/nav_2d_msgs/msg/pose2_d32__type_support.cpp.o[0m
[9.084s] [ 25%] [32mBuilding CXX object CMakeFiles/nav_2d_msgs__rosidl_typesupport_cpp.dir/rosidl_typesupport_cpp/nav_2d_msgs/msg/pose2_d_stamped__type_support.cpp.o[0m
[9.700s] [ 26%] [32mBuilding CXX object CMakeFiles/nav_2d_msgs__rosidl_typesupport_introspection_cpp.dir/rosidl_typesupport_introspection_cpp/nav_2d_msgs/msg/detail/path2_d__type_support.cpp.o[0m
[10.362s] [ 28%] [32mBuilding CXX object CMakeFiles/nav_2d_msgs__rosidl_typesupport_c.dir/rosidl_typesupport_c/nav_2d_msgs/msg/path2_d__type_support.cpp.o[0m
[10.537s] [ 29%] [32mBuilding CXX object CMakeFiles/nav_2d_msgs__rosidl_typesupport_c.dir/rosidl_typesupport_c/nav_2d_msgs/msg/pose2_d32__type_support.cpp.o[0m
[10.604s] [ 30%] [32mBuilding CXX object CMakeFiles/nav_2d_msgs__rosidl_typesupport_c.dir/rosidl_typesupport_c/nav_2d_msgs/msg/pose2_d_stamped__type_support.cpp.o[0m
[10.752s] [ 32%] [32mBuilding CXX object CMakeFiles/nav_2d_msgs__rosidl_typesupport_cpp.dir/rosidl_typesupport_cpp/nav_2d_msgs/msg/twist2_d__type_support.cpp.o[0m
[10.793s] [ 33%] [32mBuilding CXX object CMakeFiles/nav_2d_msgs__rosidl_typesupport_c.dir/rosidl_typesupport_c/nav_2d_msgs/msg/twist2_d__type_support.cpp.o[0m
[10.900s] [ 35%] [32mBuilding CXX object CMakeFiles/nav_2d_msgs__rosidl_typesupport_c.dir/rosidl_typesupport_c/nav_2d_msgs/msg/twist2_d32__type_support.cpp.o[0m
[10.970s] [ 36%] [32mBuilding CXX object CMakeFiles/nav_2d_msgs__rosidl_typesupport_fastrtps_cpp.dir/rosidl_typesupport_fastrtps_cpp/nav_2d_msgs/msg/detail/dds_fastrtps/path2_d__type_support.cpp.o[0m
[11.118s] [ 38%] [32mBuilding CXX object CMakeFiles/nav_2d_msgs__rosidl_typesupport_cpp.dir/rosidl_typesupport_cpp/nav_2d_msgs/msg/twist2_d32__type_support.cpp.o[0m
[11.157s] [ 39%] [32mBuilding CXX object CMakeFiles/nav_2d_msgs__rosidl_typesupport_c.dir/rosidl_typesupport_c/nav_2d_msgs/msg/twist2_d_stamped__type_support.cpp.o[0m
[11.227s] [ 40%] [32mBuilding CXX object CMakeFiles/nav_2d_msgs__rosidl_typesupport_fastrtps_cpp.dir/rosidl_typesupport_fastrtps_cpp/nav_2d_msgs/msg/detail/dds_fastrtps/pose2_d32__type_support.cpp.o[0m
[11.382s] [ 42%] [32m[1mLinking CXX shared library libnav_2d_msgs__rosidl_typesupport_c.so[0m
[11.484s] [ 43%] [32mBuilding C object CMakeFiles/nav_2d_msgs__rosidl_typesupport_introspection_c.dir/rosidl_typesupport_introspection_c/nav_2d_msgs/msg/detail/path2_d__type_support.c.o[0m
[11.576s] [ 45%] [32mBuilding CXX object CMakeFiles/nav_2d_msgs__rosidl_typesupport_cpp.dir/rosidl_typesupport_cpp/nav_2d_msgs/msg/twist2_d_stamped__type_support.cpp.o[0m
[11.600s] [ 45%] Built target nav_2d_msgs__rosidl_typesupport_c
[11.651s] [ 46%] [32mBuilding C object CMakeFiles/nav_2d_msgs__rosidl_typesupport_introspection_c.dir/rosidl_typesupport_introspection_c/nav_2d_msgs/msg/detail/pose2_d32__type_support.c.o[0m
[11.699s] [ 47%] [32mBuilding CXX object CMakeFiles/nav_2d_msgs__rosidl_typesupport_fastrtps_cpp.dir/rosidl_typesupport_fastrtps_cpp/nav_2d_msgs/msg/detail/dds_fastrtps/pose2_d_stamped__type_support.cpp.o[0m
[11.851s] [ 49%] [32mBuilding CXX object CMakeFiles/nav_2d_msgs__rosidl_typesupport_fastrtps_c.dir/rosidl_typesupport_fastrtps_c/nav_2d_msgs/msg/detail/path2_d__type_support_c.cpp.o[0m
[11.866s] [ 50%] [32mBuilding C object CMakeFiles/nav_2d_msgs__rosidl_typesupport_introspection_c.dir/rosidl_typesupport_introspection_c/nav_2d_msgs/msg/detail/pose2_d_stamped__type_support.c.o[0m
[12.015s] [ 52%] [32mBuilding CXX object CMakeFiles/nav_2d_msgs__rosidl_typesupport_introspection_cpp.dir/rosidl_typesupport_introspection_cpp/nav_2d_msgs/msg/detail/pose2_d32__type_support.cpp.o[0m
[12.095s] [ 53%] [32mBuilding C object CMakeFiles/nav_2d_msgs__rosidl_typesupport_introspection_c.dir/rosidl_typesupport_introspection_c/nav_2d_msgs/msg/detail/twist2_d__type_support.c.o[0m
[12.284s] [ 54%] [32mBuilding C object CMakeFiles/nav_2d_msgs__rosidl_typesupport_introspection_c.dir/rosidl_typesupport_introspection_c/nav_2d_msgs/msg/detail/twist2_d32__type_support.c.o[0m
[12.553s] [ 56%] [32mBuilding C object CMakeFiles/nav_2d_msgs__rosidl_typesupport_introspection_c.dir/rosidl_typesupport_introspection_c/nav_2d_msgs/msg/detail/twist2_d_stamped__type_support.c.o[0m
[12.746s] [ 57%] [32m[1mLinking C shared library libnav_2d_msgs__rosidl_typesupport_introspection_c.so[0m
[12.805s] [ 59%] [32mBuilding CXX object CMakeFiles/nav_2d_msgs__rosidl_typesupport_fastrtps_cpp.dir/rosidl_typesupport_fastrtps_cpp/nav_2d_msgs/msg/detail/dds_fastrtps/twist2_d__type_support.cpp.o[0m
[12.855s] [ 59%] Built target nav_2d_msgs__rosidl_typesupport_introspection_c
[12.925s] [ 60%] [32mBuilding CXX object CMakeFiles/nav_2d_msgs__rosidl_typesupport_introspection_cpp.dir/rosidl_typesupport_introspection_cpp/nav_2d_msgs/msg/detail/pose2_d_stamped__type_support.cpp.o[0m
[13.024s] [ 61%] [32mBuilding CXX object CMakeFiles/nav_2d_msgs__rosidl_typesupport_fastrtps_cpp.dir/rosidl_typesupport_fastrtps_cpp/nav_2d_msgs/msg/detail/dds_fastrtps/twist2_d32__type_support.cpp.o[0m
[13.582s] [ 63%] [32m[1mLinking CXX shared library libnav_2d_msgs__rosidl_typesupport_cpp.so[0m
[13.633s] [ 64%] [32mBuilding CXX object CMakeFiles/nav_2d_msgs__rosidl_typesupport_fastrtps_cpp.dir/rosidl_typesupport_fastrtps_cpp/nav_2d_msgs/msg/detail/dds_fastrtps/twist2_d_stamped__type_support.cpp.o[0m
[13.868s] [ 66%] [32mBuilding CXX object CMakeFiles/nav_2d_msgs__rosidl_typesupport_introspection_cpp.dir/rosidl_typesupport_introspection_cpp/nav_2d_msgs/msg/detail/twist2_d__type_support.cpp.o[0m
[13.871s] [ 66%] Built target nav_2d_msgs__rosidl_typesupport_cpp
[13.965s] [ 67%] [32mBuilding CXX object CMakeFiles/nav_2d_msgs__rosidl_typesupport_introspection_cpp.dir/rosidl_typesupport_introspection_cpp/nav_2d_msgs/msg/detail/twist2_d32__type_support.cpp.o[0m
[14.156s] [ 69%] [32mBuilding CXX object CMakeFiles/nav_2d_msgs__rosidl_typesupport_introspection_cpp.dir/rosidl_typesupport_introspection_cpp/nav_2d_msgs/msg/detail/twist2_d_stamped__type_support.cpp.o[0m
[14.788s] [ 70%] [32mBuilding CXX object CMakeFiles/nav_2d_msgs__rosidl_typesupport_fastrtps_c.dir/rosidl_typesupport_fastrtps_c/nav_2d_msgs/msg/detail/pose2_d32__type_support_c.cpp.o[0m
[14.886s] [ 71%] [32mBuilding CXX object CMakeFiles/nav_2d_msgs__rosidl_typesupport_fastrtps_c.dir/rosidl_typesupport_fastrtps_c/nav_2d_msgs/msg/detail/pose2_d_stamped__type_support_c.cpp.o[0m
[15.241s] [ 73%] [32mBuilding CXX object CMakeFiles/nav_2d_msgs__rosidl_typesupport_fastrtps_c.dir/rosidl_typesupport_fastrtps_c/nav_2d_msgs/msg/detail/twist2_d__type_support_c.cpp.o[0m
[15.323s] [ 74%] [32mBuilding CXX object CMakeFiles/nav_2d_msgs__rosidl_typesupport_fastrtps_c.dir/rosidl_typesupport_fastrtps_c/nav_2d_msgs/msg/detail/twist2_d32__type_support_c.cpp.o[0m
[15.710s] [ 76%] [32mBuilding CXX object CMakeFiles/nav_2d_msgs__rosidl_typesupport_fastrtps_c.dir/rosidl_typesupport_fastrtps_c/nav_2d_msgs/msg/detail/twist2_d_stamped__type_support_c.cpp.o[0m
[16.161s] [ 77%] [32m[1mLinking CXX shared library libnav_2d_msgs__rosidl_typesupport_fastrtps_cpp.so[0m
[16.435s] [ 78%] [32m[1mLinking CXX shared library libnav_2d_msgs__rosidl_typesupport_introspection_cpp.so[0m
[16.827s] [ 78%] Built target nav_2d_msgs__rosidl_typesupport_fastrtps_cpp
[17.036s] [ 78%] Built target nav_2d_msgs__rosidl_typesupport_introspection_cpp
[17.343s] [ 80%] [32m[1mLinking CXX shared library libnav_2d_msgs__rosidl_typesupport_fastrtps_c.so[0m
[17.681s] [ 80%] Built target nav_2d_msgs__rosidl_typesupport_fastrtps_c
[17.801s] [ 80%] Built target nav_2d_msgs
[17.939s] [ 81%] [34m[1mGenerating Python code for ROS interfaces[0m
[20.296s] [ 81%] Built target nav_2d_msgs__py
[20.415s] [ 83%] [32mBuilding C object CMakeFiles/nav_2d_msgs__rosidl_generator_py.dir/rosidl_generator_py/nav_2d_msgs/msg/_path2_d_s.c.o[0m
[20.441s] [ 85%] [32mBuilding C object CMakeFiles/nav_2d_msgs__rosidl_generator_py.dir/rosidl_generator_py/nav_2d_msgs/msg/_pose2_d32_s.c.o[0m
[20.459s] [ 85%] [32mBuilding C object CMakeFiles/nav_2d_msgs__rosidl_generator_py.dir/rosidl_generator_py/nav_2d_msgs/msg/_pose2_d_stamped_s.c.o[0m
[20.482s] [ 87%] [32mBuilding C object CMakeFiles/nav_2d_msgs__rosidl_generator_py.dir/rosidl_generator_py/nav_2d_msgs/msg/_twist2_d_s.c.o[0m
[20.576s] [ 90%] [32mBuilding C object CMakeFiles/nav_2d_msgs__rosidl_generator_py.dir/rosidl_generator_py/nav_2d_msgs/msg/_twist2_d_stamped_s.c.o[0m
[20.576s] [ 90%] [32mBuilding C object CMakeFiles/nav_2d_msgs__rosidl_generator_py.dir/rosidl_generator_py/nav_2d_msgs/msg/_twist2_d32_s.c.o[0m
[20.977s] [ 91%] [32m[1mLinking C shared library rosidl_generator_py/nav_2d_msgs/libnav_2d_msgs__rosidl_generator_py.so[0m
[21.182s] [ 91%] Built target nav_2d_msgs__rosidl_generator_py
[21.328s] [ 92%] [32mBuilding C object CMakeFiles/nav_2d_msgs__rosidl_typesupport_introspection_c__pyext.dir/rosidl_generator_py/nav_2d_msgs/_nav_2d_msgs_s.ep.rosidl_typesupport_introspection_c.c.o[0m
[21.350s] [ 94%] [32mBuilding C object CMakeFiles/nav_2d_msgs__rosidl_typesupport_fastrtps_c__pyext.dir/rosidl_generator_py/nav_2d_msgs/_nav_2d_msgs_s.ep.rosidl_typesupport_fastrtps_c.c.o[0m
[21.409s] [ 95%] [32mBuilding C object CMakeFiles/nav_2d_msgs__rosidl_typesupport_c__pyext.dir/rosidl_generator_py/nav_2d_msgs/_nav_2d_msgs_s.ep.rosidl_typesupport_c.c.o[0m
[21.675s] [ 97%] [32m[1mLinking C shared library rosidl_generator_py/nav_2d_msgs/nav_2d_msgs_s__rosidl_typesupport_introspection_c.cpython-310-x86_64-linux-gnu.so[0m
[21.804s] [ 98%] [32m[1mLinking C shared library rosidl_generator_py/nav_2d_msgs/nav_2d_msgs_s__rosidl_typesupport_fastrtps_c.cpython-310-x86_64-linux-gnu.so[0m
[21.894s] [ 98%] Built target nav_2d_msgs__rosidl_typesupport_introspection_c__pyext
[21.948s] [100%] [32m[1mLinking C shared library rosidl_generator_py/nav_2d_msgs/nav_2d_msgs_s__rosidl_typesupport_c.cpython-310-x86_64-linux-gnu.so[0m
[22.030s] [100%] Built target nav_2d_msgs__rosidl_typesupport_fastrtps_c__pyext
[22.093s] [100%] Built target nav_2d_msgs__rosidl_typesupport_c__pyext
[22.151s] Invoked command in '/home/asis/hokuyo_ws/src/build/nav_2d_msgs' returned '0': CMAKE_PREFIX_PATH=${CMAKE_PREFIX_PATH}:/opt/ros/humble /usr/bin/cmake --build /home/asis/hokuyo_ws/src/build/nav_2d_msgs -- -j8 -l8
[25.201s] Invoking command in '/home/asis/hokuyo_ws/src/build/nav_2d_msgs': CMAKE_PREFIX_PATH=${CMAKE_PREFIX_PATH}:/opt/ros/humble /usr/bin/cmake --install /home/asis/hokuyo_ws/src/build/nav_2d_msgs
[25.224s] -- Install configuration: ""
[25.224s] -- Installing: /home/asis/hokuyo_ws/src/install/nav_2d_msgs/share/ament_index/resource_index/rosidl_interfaces/nav_2d_msgs
[25.225s] -- Installing: /home/asis/hokuyo_ws/src/install/nav_2d_msgs/include/nav_2d_msgs/nav_2d_msgs
[25.229s] -- Installing: /home/asis/hokuyo_ws/src/install/nav_2d_msgs/include/nav_2d_msgs/nav_2d_msgs/msg
[25.229s] -- Installing: /home/asis/hokuyo_ws/src/install/nav_2d_msgs/include/nav_2d_msgs/nav_2d_msgs/msg/path2_d.h
[25.229s] -- Installing: /home/asis/hokuyo_ws/src/install/nav_2d_msgs/include/nav_2d_msgs/nav_2d_msgs/msg/rosidl_generator_c__visibility_control.h
[25.230s] -- Installing: /home/asis/hokuyo_ws/src/install/nav_2d_msgs/include/nav_2d_msgs/nav_2d_msgs/msg/pose2_d_stamped.h
[25.230s] -- Installing: /home/asis/hokuyo_ws/src/install/nav_2d_msgs/include/nav_2d_msgs/nav_2d_msgs/msg/twist2_d.h
[25.230s] -- Installing: /home/asis/hokuyo_ws/src/install/nav_2d_msgs/include/nav_2d_msgs/nav_2d_msgs/msg/detail
[25.231s] -- Installing: /home/asis/hokuyo_ws/src/install/nav_2d_msgs/include/nav_2d_msgs/nav_2d_msgs/msg/detail/twist2_d32__functions.h
[25.231s] -- Installing: /home/asis/hokuyo_ws/src/install/nav_2d_msgs/include/nav_2d_msgs/nav_2d_msgs/msg/detail/twist2_d_stamped__struct.h
[25.231s] -- Installing: /home/asis/hokuyo_ws/src/install/nav_2d_msgs/include/nav_2d_msgs/nav_2d_msgs/msg/detail/twist2_d__functions.h
[25.232s] -- Installing: /home/asis/hokuyo_ws/src/install/nav_2d_msgs/include/nav_2d_msgs/nav_2d_msgs/msg/detail/twist2_d32__type_support.h
[25.232s] -- Installing: /home/asis/hokuyo_ws/src/install/nav_2d_msgs/include/nav_2d_msgs/nav_2d_msgs/msg/detail/pose2_d_stamped__struct.h
[25.232s] -- Installing: /home/asis/hokuyo_ws/src/install/nav_2d_msgs/include/nav_2d_msgs/nav_2d_msgs/msg/detail/twist2_d32__struct.h
[25.233s] -- Installing: /home/asis/hokuyo_ws/src/install/nav_2d_msgs/include/nav_2d_msgs/nav_2d_msgs/msg/detail/twist2_d_stamped__functions.c
[25.233s] -- Installing: /home/asis/hokuyo_ws/src/install/nav_2d_msgs/include/nav_2d_msgs/nav_2d_msgs/msg/detail/path2_d__functions.h
[25.233s] -- Installing: /home/asis/hokuyo_ws/src/install/nav_2d_msgs/include/nav_2d_msgs/nav_2d_msgs/msg/detail/pose2_d_stamped__functions.h
[25.234s] -- Installing: /home/asis/hokuyo_ws/src/install/nav_2d_msgs/include/nav_2d_msgs/nav_2d_msgs/msg/detail/pose2_d_stamped__type_support.h
[25.234s] -- Installing: /home/asis/hokuyo_ws/src/install/nav_2d_msgs/include/nav_2d_msgs/nav_2d_msgs/msg/detail/twist2_d__functions.c
[25.234s] -- Installing: /home/asis/hokuyo_ws/src/install/nav_2d_msgs/include/nav_2d_msgs/nav_2d_msgs/msg/detail/pose2_d32__functions.h
[25.241s] -- Installing: /home/asis/hokuyo_ws/src/install/nav_2d_msgs/include/nav_2d_msgs/nav_2d_msgs/msg/detail/path2_d__struct.h
[25.242s] -- Installing: /home/asis/hokuyo_ws/src/install/nav_2d_msgs/include/nav_2d_msgs/nav_2d_msgs/msg/detail/twist2_d__struct.h
[25.242s] -- Installing: /home/asis/hokuyo_ws/src/install/nav_2d_msgs/include/nav_2d_msgs/nav_2d_msgs/msg/detail/pose2_d32__struct.h
[25.242s] -- Installing: /home/asis/hokuyo_ws/src/install/nav_2d_msgs/include/nav_2d_msgs/nav_2d_msgs/msg/detail/path2_d__type_support.h
[25.243s] -- Installing: /home/asis/hokuyo_ws/src/install/nav_2d_msgs/include/nav_2d_msgs/nav_2d_msgs/msg/detail/pose2_d_stamped__functions.c
[25.243s] -- Installing: /home/asis/hokuyo_ws/src/install/nav_2d_msgs/include/nav_2d_msgs/nav_2d_msgs/msg/detail/pose2_d32__functions.c
[25.248s] -- Installing: /home/asis/hokuyo_ws/src/install/nav_2d_msgs/include/nav_2d_msgs/nav_2d_msgs/msg/detail/twist2_d_stamped__type_support.h
[25.250s] -- Installing: /home/asis/hokuyo_ws/src/install/nav_2d_msgs/include/nav_2d_msgs/nav_2d_msgs/msg/detail/twist2_d__type_support.h
[25.250s] -- Installing: /home/asis/hokuyo_ws/src/install/nav_2d_msgs/include/nav_2d_msgs/nav_2d_msgs/msg/detail/twist2_d_stamped__functions.h
[25.250s] -- Installing: /home/asis/hokuyo_ws/src/install/nav_2d_msgs/include/nav_2d_msgs/nav_2d_msgs/msg/detail/pose2_d32__type_support.h
[25.250s] -- Installing: /home/asis/hokuyo_ws/src/install/nav_2d_msgs/include/nav_2d_msgs/nav_2d_msgs/msg/detail/twist2_d32__functions.c
[25.251s] -- Installing: /home/asis/hokuyo_ws/src/install/nav_2d_msgs/include/nav_2d_msgs/nav_2d_msgs/msg/detail/path2_d__functions.c
[25.251s] -- Installing: /home/asis/hokuyo_ws/src/install/nav_2d_msgs/include/nav_2d_msgs/nav_2d_msgs/msg/twist2_d32.h
[25.251s] -- Installing: /home/asis/hokuyo_ws/src/install/nav_2d_msgs/include/nav_2d_msgs/nav_2d_msgs/msg/pose2_d32.h
[25.251s] -- Installing: /home/asis/hokuyo_ws/src/install/nav_2d_msgs/include/nav_2d_msgs/nav_2d_msgs/msg/twist2_d_stamped.h
[25.251s] -- Installing: /home/asis/hokuyo_ws/src/install/nav_2d_msgs/share/nav_2d_msgs/environment/library_path.sh
[25.251s] -- Installing: /home/asis/hokuyo_ws/src/install/nav_2d_msgs/share/nav_2d_msgs/environment/library_path.dsv
[25.251s] -- Installing: /home/asis/hokuyo_ws/src/install/nav_2d_msgs/lib/libnav_2d_msgs__rosidl_generator_c.so
[25.251s] -- Set runtime path of "/home/asis/hokuyo_ws/src/install/nav_2d_msgs/lib/libnav_2d_msgs__rosidl_generator_c.so" to ""
[25.252s] -- Up-to-date: /home/asis/hokuyo_ws/src/install/nav_2d_msgs/include/nav_2d_msgs/nav_2d_msgs
[25.252s] -- Up-to-date: /home/asis/hokuyo_ws/src/install/nav_2d_msgs/include/nav_2d_msgs/nav_2d_msgs/msg
[25.252s] -- Up-to-date: /home/asis/hokuyo_ws/src/install/nav_2d_msgs/include/nav_2d_msgs/nav_2d_msgs/msg/detail
[25.252s] -- Installing: /home/asis/hokuyo_ws/src/install/nav_2d_msgs/include/nav_2d_msgs/nav_2d_msgs/msg/detail/pose2_d_stamped__rosidl_typesupport_fastrtps_c.h
[25.252s] -- Installing: /home/asis/hokuyo_ws/src/install/nav_2d_msgs/include/nav_2d_msgs/nav_2d_msgs/msg/detail/twist2_d__rosidl_typesupport_fastrtps_c.h
[25.252s] -- Installing: /home/asis/hokuyo_ws/src/install/nav_2d_msgs/include/nav_2d_msgs/nav_2d_msgs/msg/detail/twist2_d_stamped__rosidl_typesupport_fastrtps_c.h
[25.252s] -- Installing: /home/asis/hokuyo_ws/src/install/nav_2d_msgs/include/nav_2d_msgs/nav_2d_msgs/msg/detail/twist2_d32__rosidl_typesupport_fastrtps_c.h
[25.252s] -- Installing: /home/asis/hokuyo_ws/src/install/nav_2d_msgs/include/nav_2d_msgs/nav_2d_msgs/msg/detail/pose2_d32__rosidl_typesupport_fastrtps_c.h
[25.252s] -- Installing: /home/asis/hokuyo_ws/src/install/nav_2d_msgs/include/nav_2d_msgs/nav_2d_msgs/msg/detail/path2_d__rosidl_typesupport_fastrtps_c.h
[25.252s] -- Installing: /home/asis/hokuyo_ws/src/install/nav_2d_msgs/include/nav_2d_msgs/nav_2d_msgs/msg/rosidl_typesupport_fastrtps_c__visibility_control.h
[25.253s] -- Installing: /home/asis/hokuyo_ws/src/install/nav_2d_msgs/lib/libnav_2d_msgs__rosidl_typesupport_fastrtps_c.so
[25.253s] -- Set runtime path of "/home/asis/hokuyo_ws/src/install/nav_2d_msgs/lib/libnav_2d_msgs__rosidl_typesupport_fastrtps_c.so" to ""
[25.253s] -- Up-to-date: /home/asis/hokuyo_ws/src/install/nav_2d_msgs/include/nav_2d_msgs/nav_2d_msgs
[25.253s] -- Up-to-date: /home/asis/hokuyo_ws/src/install/nav_2d_msgs/include/nav_2d_msgs/nav_2d_msgs/msg
[25.253s] -- Installing: /home/asis/hokuyo_ws/src/install/nav_2d_msgs/include/nav_2d_msgs/nav_2d_msgs/msg/pose2_d32.hpp
[25.253s] -- Installing: /home/asis/hokuyo_ws/src/install/nav_2d_msgs/include/nav_2d_msgs/nav_2d_msgs/msg/pose2_d_stamped.hpp
[25.253s] -- Installing: /home/asis/hokuyo_ws/src/install/nav_2d_msgs/include/nav_2d_msgs/nav_2d_msgs/msg/twist2_d_stamped.hpp
[25.253s] -- Up-to-date: /home/asis/hokuyo_ws/src/install/nav_2d_msgs/include/nav_2d_msgs/nav_2d_msgs/msg/detail
[25.254s] -- Installing: /home/asis/hokuyo_ws/src/install/nav_2d_msgs/include/nav_2d_msgs/nav_2d_msgs/msg/detail/twist2_d32__traits.hpp
[25.254s] -- Installing: /home/asis/hokuyo_ws/src/install/nav_2d_msgs/include/nav_2d_msgs/nav_2d_msgs/msg/detail/twist2_d_stamped__builder.hpp
[25.254s] -- Installing: /home/asis/hokuyo_ws/src/install/nav_2d_msgs/include/nav_2d_msgs/nav_2d_msgs/msg/detail/twist2_d_stamped__traits.hpp
[25.254s] -- Installing: /home/asis/hokuyo_ws/src/install/nav_2d_msgs/include/nav_2d_msgs/nav_2d_msgs/msg/detail/twist2_d_stamped__struct.hpp
[25.254s] -- Installing: /home/asis/hokuyo_ws/src/install/nav_2d_msgs/include/nav_2d_msgs/nav_2d_msgs/msg/detail/twist2_d__traits.hpp
[25.254s] -- Installing: /home/asis/hokuyo_ws/src/install/nav_2d_msgs/include/nav_2d_msgs/nav_2d_msgs/msg/detail/pose2_d32__traits.hpp
[25.254s] -- Installing: /home/asis/hokuyo_ws/src/install/nav_2d_msgs/include/nav_2d_msgs/nav_2d_msgs/msg/detail/path2_d__builder.hpp
[25.254s] -- Installing: /home/asis/hokuyo_ws/src/install/nav_2d_msgs/include/nav_2d_msgs/nav_2d_msgs/msg/detail/pose2_d32__struct.hpp
[25.255s] -- Installing: /home/asis/hokuyo_ws/src/install/nav_2d_msgs/include/nav_2d_msgs/nav_2d_msgs/msg/detail/pose2_d_stamped__builder.hpp
[25.255s] -- Installing: /home/asis/hokuyo_ws/src/install/nav_2d_msgs/include/nav_2d_msgs/nav_2d_msgs/msg/detail/twist2_d__builder.hpp
[25.255s] -- Installing: /home/asis/hokuyo_ws/src/install/nav_2d_msgs/include/nav_2d_msgs/nav_2d_msgs/msg/detail/pose2_d_stamped__struct.hpp
[25.255s] -- Installing: /home/asis/hokuyo_ws/src/install/nav_2d_msgs/include/nav_2d_msgs/nav_2d_msgs/msg/detail/pose2_d_stamped__traits.hpp
[25.255s] -- Installing: /home/asis/hokuyo_ws/src/install/nav_2d_msgs/include/nav_2d_msgs/nav_2d_msgs/msg/detail/pose2_d32__builder.hpp
[25.255s] -- Installing: /home/asis/hokuyo_ws/src/install/nav_2d_msgs/include/nav_2d_msgs/nav_2d_msgs/msg/detail/twist2_d32__struct.hpp
[25.255s] -- Installing: /home/asis/hokuyo_ws/src/install/nav_2d_msgs/include/nav_2d_msgs/nav_2d_msgs/msg/detail/path2_d__traits.hpp
[25.255s] -- Installing: /home/asis/hokuyo_ws/src/install/nav_2d_msgs/include/nav_2d_msgs/nav_2d_msgs/msg/detail/twist2_d__struct.hpp
[25.256s] -- Installing: /home/asis/hokuyo_ws/src/install/nav_2d_msgs/include/nav_2d_msgs/nav_2d_msgs/msg/detail/path2_d__struct.hpp
[25.256s] -- Installing: /home/asis/hokuyo_ws/src/install/nav_2d_msgs/include/nav_2d_msgs/nav_2d_msgs/msg/detail/twist2_d32__builder.hpp
[25.256s] -- Installing: /home/asis/hokuyo_ws/src/install/nav_2d_msgs/include/nav_2d_msgs/nav_2d_msgs/msg/twist2_d.hpp
[25.256s] -- Installing: /home/asis/hokuyo_ws/src/install/nav_2d_msgs/include/nav_2d_msgs/nav_2d_msgs/msg/twist2_d32.hpp
[25.256s] -- Installing: /home/asis/hokuyo_ws/src/install/nav_2d_msgs/include/nav_2d_msgs/nav_2d_msgs/msg/path2_d.hpp
[25.256s] -- Up-to-date: /home/asis/hokuyo_ws/src/install/nav_2d_msgs/include/nav_2d_msgs/nav_2d_msgs
[25.257s] -- Up-to-date: /home/asis/hokuyo_ws/src/install/nav_2d_msgs/include/nav_2d_msgs/nav_2d_msgs/msg
[25.257s] -- Installing: /home/asis/hokuyo_ws/src/install/nav_2d_msgs/include/nav_2d_msgs/nav_2d_msgs/msg/rosidl_typesupport_fastrtps_cpp__visibility_control.h
[25.257s] -- Up-to-date: /home/asis/hokuyo_ws/src/install/nav_2d_msgs/include/nav_2d_msgs/nav_2d_msgs/msg/detail
[25.257s] -- Installing: /home/asis/hokuyo_ws/src/install/nav_2d_msgs/include/nav_2d_msgs/nav_2d_msgs/msg/detail/path2_d__rosidl_typesupport_fastrtps_cpp.hpp
[25.257s] -- Installing: /home/asis/hokuyo_ws/src/install/nav_2d_msgs/include/nav_2d_msgs/nav_2d_msgs/msg/detail/pose2_d32__rosidl_typesupport_fastrtps_cpp.hpp
[25.257s] -- Installing: /home/asis/hokuyo_ws/src/install/nav_2d_msgs/include/nav_2d_msgs/nav_2d_msgs/msg/detail/twist2_d32__rosidl_typesupport_fastrtps_cpp.hpp
[25.257s] -- Installing: /home/asis/hokuyo_ws/src/install/nav_2d_msgs/include/nav_2d_msgs/nav_2d_msgs/msg/detail/pose2_d_stamped__rosidl_typesupport_fastrtps_cpp.hpp
[25.258s] -- Installing: /home/asis/hokuyo_ws/src/install/nav_2d_msgs/include/nav_2d_msgs/nav_2d_msgs/msg/detail/twist2_d_stamped__rosidl_typesupport_fastrtps_cpp.hpp
[25.258s] -- Installing: /home/asis/hokuyo_ws/src/install/nav_2d_msgs/include/nav_2d_msgs/nav_2d_msgs/msg/detail/dds_fastrtps
[25.258s] -- Installing: /home/asis/hokuyo_ws/src/install/nav_2d_msgs/include/nav_2d_msgs/nav_2d_msgs/msg/detail/twist2_d__rosidl_typesupport_fastrtps_cpp.hpp
[25.258s] -- Installing: /home/asis/hokuyo_ws/src/install/nav_2d_msgs/lib/libnav_2d_msgs__rosidl_typesupport_fastrtps_cpp.so
[25.263s] -- Set runtime path of "/home/asis/hokuyo_ws/src/install/nav_2d_msgs/lib/libnav_2d_msgs__rosidl_typesupport_fastrtps_cpp.so" to ""
[25.264s] -- Up-to-date: /home/asis/hokuyo_ws/src/install/nav_2d_msgs/include/nav_2d_msgs/nav_2d_msgs
[25.264s] -- Up-to-date: /home/asis/hokuyo_ws/src/install/nav_2d_msgs/include/nav_2d_msgs/nav_2d_msgs/msg
[25.264s] -- Installing: /home/asis/hokuyo_ws/src/install/nav_2d_msgs/include/nav_2d_msgs/nav_2d_msgs/msg/rosidl_typesupport_introspection_c__visibility_control.h
[25.264s] -- Up-to-date: /home/asis/hokuyo_ws/src/install/nav_2d_msgs/include/nav_2d_msgs/nav_2d_msgs/msg/detail
[25.264s] -- Installing: /home/asis/hokuyo_ws/src/install/nav_2d_msgs/include/nav_2d_msgs/nav_2d_msgs/msg/detail/pose2_d_stamped__rosidl_typesupport_introspection_c.h
[25.264s] -- Installing: /home/asis/hokuyo_ws/src/install/nav_2d_msgs/include/nav_2d_msgs/nav_2d_msgs/msg/detail/pose2_d32__type_support.c
[25.264s] -- Installing: /home/asis/hokuyo_ws/src/install/nav_2d_msgs/include/nav_2d_msgs/nav_2d_msgs/msg/detail/path2_d__type_support.c
[25.265s] -- Installing: /home/asis/hokuyo_ws/src/install/nav_2d_msgs/include/nav_2d_msgs/nav_2d_msgs/msg/detail/path2_d__rosidl_typesupport_introspection_c.h
[25.265s] -- Installing: /home/asis/hokuyo_ws/src/install/nav_2d_msgs/include/nav_2d_msgs/nav_2d_msgs/msg/detail/pose2_d32__rosidl_typesupport_introspection_c.h
[25.270s] -- Installing: /home/asis/hokuyo_ws/src/install/nav_2d_msgs/include/nav_2d_msgs/nav_2d_msgs/msg/detail/twist2_d__type_support.c
[25.270s] -- Installing: /home/asis/hokuyo_ws/src/install/nav_2d_msgs/include/nav_2d_msgs/nav_2d_msgs/msg/detail/twist2_d_stamped__type_support.c
[25.270s] -- Installing: /home/asis/hokuyo_ws/src/install/nav_2d_msgs/include/nav_2d_msgs/nav_2d_msgs/msg/detail/twist2_d_stamped__rosidl_typesupport_introspection_c.h
[25.270s] -- Installing: /home/asis/hokuyo_ws/src/install/nav_2d_msgs/include/nav_2d_msgs/nav_2d_msgs/msg/detail/pose2_d_stamped__type_support.c
[25.271s] -- Installing: /home/asis/hokuyo_ws/src/install/nav_2d_msgs/include/nav_2d_msgs/nav_2d_msgs/msg/detail/twist2_d32__rosidl_typesupport_introspection_c.h
[25.271s] -- Installing: /home/asis/hokuyo_ws/src/install/nav_2d_msgs/include/nav_2d_msgs/nav_2d_msgs/msg/detail/twist2_d__rosidl_typesupport_introspection_c.h
[25.271s] -- Installing: /home/asis/hokuyo_ws/src/install/nav_2d_msgs/include/nav_2d_msgs/nav_2d_msgs/msg/detail/twist2_d32__type_support.c
[25.271s] -- Installing: /home/asis/hokuyo_ws/src/install/nav_2d_msgs/lib/libnav_2d_msgs__rosidl_typesupport_introspection_c.so
[25.271s] -- Set runtime path of "/home/asis/hokuyo_ws/src/install/nav_2d_msgs/lib/libnav_2d_msgs__rosidl_typesupport_introspection_c.so" to ""
[25.271s] -- Installing: /home/asis/hokuyo_ws/src/install/nav_2d_msgs/lib/libnav_2d_msgs__rosidl_typesupport_c.so
[25.273s] -- Set runtime path of "/home/asis/hokuyo_ws/src/install/nav_2d_msgs/lib/libnav_2d_msgs__rosidl_typesupport_c.so" to ""
[25.274s] -- Up-to-date: /home/asis/hokuyo_ws/src/install/nav_2d_msgs/include/nav_2d_msgs/nav_2d_msgs
[25.274s] -- Up-to-date: /home/asis/hokuyo_ws/src/install/nav_2d_msgs/include/nav_2d_msgs/nav_2d_msgs/msg
[25.274s] -- Up-to-date: /home/asis/hokuyo_ws/src/install/nav_2d_msgs/include/nav_2d_msgs/nav_2d_msgs/msg/detail
[25.274s] -- Installing: /home/asis/hokuyo_ws/src/install/nav_2d_msgs/include/nav_2d_msgs/nav_2d_msgs/msg/detail/pose2_d32__rosidl_typesupport_introspection_cpp.hpp
[25.274s] -- Installing: /home/asis/hokuyo_ws/src/install/nav_2d_msgs/include/nav_2d_msgs/nav_2d_msgs/msg/detail/twist2_d_stamped__rosidl_typesupport_introspection_cpp.hpp
[25.274s] -- Installing: /home/asis/hokuyo_ws/src/install/nav_2d_msgs/include/nav_2d_msgs/nav_2d_msgs/msg/detail/twist2_d32__type_support.cpp
[25.274s] -- Installing: /home/asis/hokuyo_ws/src/install/nav_2d_msgs/include/nav_2d_msgs/nav_2d_msgs/msg/detail/path2_d__rosidl_typesupport_introspection_cpp.hpp
[25.275s] -- Installing: /home/asis/hokuyo_ws/src/install/nav_2d_msgs/include/nav_2d_msgs/nav_2d_msgs/msg/detail/pose2_d32__type_support.cpp
[25.275s] -- Installing: /home/asis/hokuyo_ws/src/install/nav_2d_msgs/include/nav_2d_msgs/nav_2d_msgs/msg/detail/twist2_d_stamped__type_support.cpp
[25.275s] -- Installing: /home/asis/hokuyo_ws/src/install/nav_2d_msgs/include/nav_2d_msgs/nav_2d_msgs/msg/detail/path2_d__type_support.cpp
[25.275s] -- Installing: /home/asis/hokuyo_ws/src/install/nav_2d_msgs/include/nav_2d_msgs/nav_2d_msgs/msg/detail/twist2_d__type_support.cpp
[25.275s] -- Installing: /home/asis/hokuyo_ws/src/install/nav_2d_msgs/include/nav_2d_msgs/nav_2d_msgs/msg/detail/twist2_d32__rosidl_typesupport_introspection_cpp.hpp
[25.275s] -- Installing: /home/asis/hokuyo_ws/src/install/nav_2d_msgs/include/nav_2d_msgs/nav_2d_msgs/msg/detail/pose2_d_stamped__type_support.cpp
[25.276s] -- Installing: /home/asis/hokuyo_ws/src/install/nav_2d_msgs/include/nav_2d_msgs/nav_2d_msgs/msg/detail/pose2_d_stamped__rosidl_typesupport_introspection_cpp.hpp
[25.276s] -- Installing: /home/asis/hokuyo_ws/src/install/nav_2d_msgs/include/nav_2d_msgs/nav_2d_msgs/msg/detail/twist2_d__rosidl_typesupport_introspection_cpp.hpp
[25.276s] -- Installing: /home/asis/hokuyo_ws/src/install/nav_2d_msgs/lib/libnav_2d_msgs__rosidl_typesupport_introspection_cpp.so
[25.282s] -- Set runtime path of "/home/asis/hokuyo_ws/src/install/nav_2d_msgs/lib/libnav_2d_msgs__rosidl_typesupport_introspection_cpp.so" to ""
[25.283s] -- Installing: /home/asis/hokuyo_ws/src/install/nav_2d_msgs/lib/libnav_2d_msgs__rosidl_typesupport_cpp.so
[25.286s] -- Set runtime path of "/home/asis/hokuyo_ws/src/install/nav_2d_msgs/lib/libnav_2d_msgs__rosidl_typesupport_cpp.so" to ""
[25.286s] -- Installing: /home/asis/hokuyo_ws/src/install/nav_2d_msgs/share/nav_2d_msgs/environment/pythonpath.sh
[25.287s] -- Installing: /home/asis/hokuyo_ws/src/install/nav_2d_msgs/share/nav_2d_msgs/environment/pythonpath.dsv
[25.287s] -- Installing: /home/asis/hokuyo_ws/src/install/nav_2d_msgs/local/lib/python3.10/dist-packages/nav_2d_msgs-1.1.15-py3.10.egg-info
[25.288s] -- Installing: /home/asis/hokuyo_ws/src/install/nav_2d_msgs/local/lib/python3.10/dist-packages/nav_2d_msgs-1.1.15-py3.10.egg-info/PKG-INFO
[25.290s] -- Installing: /home/asis/hokuyo_ws/src/install/nav_2d_msgs/local/lib/python3.10/dist-packages/nav_2d_msgs-1.1.15-py3.10.egg-info/SOURCES.txt
[25.293s] -- Installing: /home/asis/hokuyo_ws/src/install/nav_2d_msgs/local/lib/python3.10/dist-packages/nav_2d_msgs-1.1.15-py3.10.egg-info/dependency_links.txt
[25.295s] -- Installing: /home/asis/hokuyo_ws/src/install/nav_2d_msgs/local/lib/python3.10/dist-packages/nav_2d_msgs-1.1.15-py3.10.egg-info/top_level.txt
[25.297s] -- Installing: /home/asis/hokuyo_ws/src/install/nav_2d_msgs/local/lib/python3.10/dist-packages/nav_2d_msgs
[25.298s] -- Installing: /home/asis/hokuyo_ws/src/install/nav_2d_msgs/local/lib/python3.10/dist-packages/nav_2d_msgs/_nav_2d_msgs_s.ep.rosidl_typesupport_fastrtps_c.c
[25.302s] -- Installing: /home/asis/hokuyo_ws/src/install/nav_2d_msgs/local/lib/python3.10/dist-packages/nav_2d_msgs/nav_2d_msgs_s__rosidl_typesupport_introspection_c.cpython-310-x86_64-linux-gnu.so
[25.306s] -- Installing: /home/asis/hokuyo_ws/src/install/nav_2d_msgs/local/lib/python3.10/dist-packages/nav_2d_msgs/libnav_2d_msgs__rosidl_generator_py.so
[25.309s] -- Installing: /home/asis/hokuyo_ws/src/install/nav_2d_msgs/local/lib/python3.10/dist-packages/nav_2d_msgs/nav_2d_msgs_s__rosidl_typesupport_fastrtps_c.cpython-310-x86_64-linux-gnu.so
[25.312s] -- Installing: /home/asis/hokuyo_ws/src/install/nav_2d_msgs/local/lib/python3.10/dist-packages/nav_2d_msgs/_nav_2d_msgs_s.ep.rosidl_typesupport_c.c
[25.315s] -- Installing: /home/asis/hokuyo_ws/src/install/nav_2d_msgs/local/lib/python3.10/dist-packages/nav_2d_msgs/__init__.py
[25.316s] -- Installing: /home/asis/hokuyo_ws/src/install/nav_2d_msgs/local/lib/python3.10/dist-packages/nav_2d_msgs/nav_2d_msgs_s__rosidl_typesupport_c.cpython-310-x86_64-linux-gnu.so
[25.320s] -- Installing: /home/asis/hokuyo_ws/src/install/nav_2d_msgs/local/lib/python3.10/dist-packages/nav_2d_msgs/msg
[25.320s] -- Installing: /home/asis/hokuyo_ws/src/install/nav_2d_msgs/local/lib/python3.10/dist-packages/nav_2d_msgs/msg/_path2_d.py
[25.320s] -- Installing: /home/asis/hokuyo_ws/src/install/nav_2d_msgs/local/lib/python3.10/dist-packages/nav_2d_msgs/msg/_path2_d_s.c
[25.320s] -- Installing: /home/asis/hokuyo_ws/src/install/nav_2d_msgs/local/lib/python3.10/dist-packages/nav_2d_msgs/msg/_twist2_d.py
[25.321s] -- Installing: /home/asis/hokuyo_ws/src/install/nav_2d_msgs/local/lib/python3.10/dist-packages/nav_2d_msgs/msg/_twist2_d_s.c
[25.321s] -- Installing: /home/asis/hokuyo_ws/src/install/nav_2d_msgs/local/lib/python3.10/dist-packages/nav_2d_msgs/msg/__init__.py
[25.321s] -- Installing: /home/asis/hokuyo_ws/src/install/nav_2d_msgs/local/lib/python3.10/dist-packages/nav_2d_msgs/msg/_twist2_d32.py
[25.321s] -- Installing: /home/asis/hokuyo_ws/src/install/nav_2d_msgs/local/lib/python3.10/dist-packages/nav_2d_msgs/msg/_twist2_d_stamped.py
[25.321s] -- Installing: /home/asis/hokuyo_ws/src/install/nav_2d_msgs/local/lib/python3.10/dist-packages/nav_2d_msgs/msg/_twist2_d32_s.c
[25.321s] -- Installing: /home/asis/hokuyo_ws/src/install/nav_2d_msgs/local/lib/python3.10/dist-packages/nav_2d_msgs/msg/_pose2_d_stamped.py
[25.321s] -- Installing: /home/asis/hokuyo_ws/src/install/nav_2d_msgs/local/lib/python3.10/dist-packages/nav_2d_msgs/msg/_pose2_d32_s.c
[25.322s] -- Installing: /home/asis/hokuyo_ws/src/install/nav_2d_msgs/local/lib/python3.10/dist-packages/nav_2d_msgs/msg/_pose2_d_stamped_s.c
[25.322s] -- Installing: /home/asis/hokuyo_ws/src/install/nav_2d_msgs/local/lib/python3.10/dist-packages/nav_2d_msgs/msg/_pose2_d32.py
[25.322s] -- Installing: /home/asis/hokuyo_ws/src/install/nav_2d_msgs/local/lib/python3.10/dist-packages/nav_2d_msgs/msg/_twist2_d_stamped_s.c
[25.322s] -- Installing: /home/asis/hokuyo_ws/src/install/nav_2d_msgs/local/lib/python3.10/dist-packages/nav_2d_msgs/_nav_2d_msgs_s.ep.rosidl_typesupport_introspection_c.c
[25.390s] Listing '/home/asis/hokuyo_ws/src/install/nav_2d_msgs/local/lib/python3.10/dist-packages/nav_2d_msgs'...
[25.390s] Compiling '/home/asis/hokuyo_ws/src/install/nav_2d_msgs/local/lib/python3.10/dist-packages/nav_2d_msgs/__init__.py'...
[25.390s] Listing '/home/asis/hokuyo_ws/src/install/nav_2d_msgs/local/lib/python3.10/dist-packages/nav_2d_msgs/msg'...
[25.390s] Compiling '/home/asis/hokuyo_ws/src/install/nav_2d_msgs/local/lib/python3.10/dist-packages/nav_2d_msgs/msg/__init__.py'...
[25.390s] Compiling '/home/asis/hokuyo_ws/src/install/nav_2d_msgs/local/lib/python3.10/dist-packages/nav_2d_msgs/msg/_path2_d.py'...
[25.390s] Compiling '/home/asis/hokuyo_ws/src/install/nav_2d_msgs/local/lib/python3.10/dist-packages/nav_2d_msgs/msg/_pose2_d32.py'...
[25.391s] Compiling '/home/asis/hokuyo_ws/src/install/nav_2d_msgs/local/lib/python3.10/dist-packages/nav_2d_msgs/msg/_pose2_d_stamped.py'...
[25.391s] Compiling '/home/asis/hokuyo_ws/src/install/nav_2d_msgs/local/lib/python3.10/dist-packages/nav_2d_msgs/msg/_twist2_d.py'...
[25.391s] Compiling '/home/asis/hokuyo_ws/src/install/nav_2d_msgs/local/lib/python3.10/dist-packages/nav_2d_msgs/msg/_twist2_d32.py'...
[25.391s] Compiling '/home/asis/hokuyo_ws/src/install/nav_2d_msgs/local/lib/python3.10/dist-packages/nav_2d_msgs/msg/_twist2_d_stamped.py'...
[25.398s] -- Installing: /home/asis/hokuyo_ws/src/install/nav_2d_msgs/local/lib/python3.10/dist-packages/nav_2d_msgs/nav_2d_msgs_s__rosidl_typesupport_fastrtps_c.cpython-310-x86_64-linux-gnu.so
[25.399s] -- Set runtime path of "/home/asis/hokuyo_ws/src/install/nav_2d_msgs/local/lib/python3.10/dist-packages/nav_2d_msgs/nav_2d_msgs_s__rosidl_typesupport_fastrtps_c.cpython-310-x86_64-linux-gnu.so" to ""
[25.399s] -- Installing: /home/asis/hokuyo_ws/src/install/nav_2d_msgs/local/lib/python3.10/dist-packages/nav_2d_msgs/nav_2d_msgs_s__rosidl_typesupport_introspection_c.cpython-310-x86_64-linux-gnu.so
[25.400s] -- Set runtime path of "/home/asis/hokuyo_ws/src/install/nav_2d_msgs/local/lib/python3.10/dist-packages/nav_2d_msgs/nav_2d_msgs_s__rosidl_typesupport_introspection_c.cpython-310-x86_64-linux-gnu.so" to ""
[25.400s] -- Installing: /home/asis/hokuyo_ws/src/install/nav_2d_msgs/local/lib/python3.10/dist-packages/nav_2d_msgs/nav_2d_msgs_s__rosidl_typesupport_c.cpython-310-x86_64-linux-gnu.so
[25.401s] -- Set runtime path of "/home/asis/hokuyo_ws/src/install/nav_2d_msgs/local/lib/python3.10/dist-packages/nav_2d_msgs/nav_2d_msgs_s__rosidl_typesupport_c.cpython-310-x86_64-linux-gnu.so" to ""
[25.401s] -- Installing: /home/asis/hokuyo_ws/src/install/nav_2d_msgs/lib/libnav_2d_msgs__rosidl_generator_py.so
[25.401s] -- Set runtime path of "/home/asis/hokuyo_ws/src/install/nav_2d_msgs/lib/libnav_2d_msgs__rosidl_generator_py.so" to ""
[25.402s] -- Installing: /home/asis/hokuyo_ws/src/install/nav_2d_msgs/share/nav_2d_msgs/msg/Path2D.idl
[25.402s] -- Installing: /home/asis/hokuyo_ws/src/install/nav_2d_msgs/share/nav_2d_msgs/msg/Pose2D32.idl
[25.402s] -- Installing: /home/asis/hokuyo_ws/src/install/nav_2d_msgs/share/nav_2d_msgs/msg/Pose2DStamped.idl
[25.402s] -- Installing: /home/asis/hokuyo_ws/src/install/nav_2d_msgs/share/nav_2d_msgs/msg/Twist2D.idl
[25.402s] -- Installing: /home/asis/hokuyo_ws/src/install/nav_2d_msgs/share/nav_2d_msgs/msg/Twist2D32.idl
[25.403s] -- Installing: /home/asis/hokuyo_ws/src/install/nav_2d_msgs/share/nav_2d_msgs/msg/Twist2DStamped.idl
[25.403s] -- Installing: /home/asis/hokuyo_ws/src/install/nav_2d_msgs/share/nav_2d_msgs/msg/Path2D.msg
[25.403s] -- Installing: /home/asis/hokuyo_ws/src/install/nav_2d_msgs/share/nav_2d_msgs/msg/Pose2D32.msg
[25.403s] -- Installing: /home/asis/hokuyo_ws/src/install/nav_2d_msgs/share/nav_2d_msgs/msg/Pose2DStamped.msg
[25.403s] -- Installing: /home/asis/hokuyo_ws/src/install/nav_2d_msgs/share/nav_2d_msgs/msg/Twist2D.msg
[25.404s] -- Installing: /home/asis/hokuyo_ws/src/install/nav_2d_msgs/share/nav_2d_msgs/msg/Twist2D32.msg
[25.404s] -- Installing: /home/asis/hokuyo_ws/src/install/nav_2d_msgs/share/nav_2d_msgs/msg/Twist2DStamped.msg
[25.404s] -- Installing: /home/asis/hokuyo_ws/src/install/nav_2d_msgs/share/ament_index/resource_index/package_run_dependencies/nav_2d_msgs
[25.404s] -- Installing: /home/asis/hokuyo_ws/src/install/nav_2d_msgs/share/ament_index/resource_index/parent_prefix_path/nav_2d_msgs
[25.404s] -- Installing: /home/asis/hokuyo_ws/src/install/nav_2d_msgs/share/nav_2d_msgs/environment/ament_prefix_path.sh
[25.405s] -- Installing: /home/asis/hokuyo_ws/src/install/nav_2d_msgs/share/nav_2d_msgs/environment/ament_prefix_path.dsv
[25.405s] -- Installing: /home/asis/hokuyo_ws/src/install/nav_2d_msgs/share/nav_2d_msgs/environment/path.sh
[25.405s] -- Installing: /home/asis/hokuyo_ws/src/install/nav_2d_msgs/share/nav_2d_msgs/environment/path.dsv
[25.405s] -- Installing: /home/asis/hokuyo_ws/src/install/nav_2d_msgs/share/nav_2d_msgs/local_setup.bash
[25.405s] -- Installing: /home/asis/hokuyo_ws/src/install/nav_2d_msgs/share/nav_2d_msgs/local_setup.sh
[25.406s] -- Installing: /home/asis/hokuyo_ws/src/install/nav_2d_msgs/share/nav_2d_msgs/local_setup.zsh
[25.406s] -- Installing: /home/asis/hokuyo_ws/src/install/nav_2d_msgs/share/nav_2d_msgs/local_setup.dsv
[25.406s] -- Installing: /home/asis/hokuyo_ws/src/install/nav_2d_msgs/share/nav_2d_msgs/package.dsv
[25.406s] -- Installing: /home/asis/hokuyo_ws/src/install/nav_2d_msgs/share/ament_index/resource_index/packages/nav_2d_msgs
[25.407s] -- Installing: /home/asis/hokuyo_ws/src/install/nav_2d_msgs/share/nav_2d_msgs/cmake/export_nav_2d_msgs__rosidl_generator_cExport.cmake
[25.407s] -- Installing: /home/asis/hokuyo_ws/src/install/nav_2d_msgs/share/nav_2d_msgs/cmake/export_nav_2d_msgs__rosidl_generator_cExport-noconfig.cmake
[25.407s] -- Installing: /home/asis/hokuyo_ws/src/install/nav_2d_msgs/share/nav_2d_msgs/cmake/export_nav_2d_msgs__rosidl_typesupport_fastrtps_cExport.cmake
[25.407s] -- Installing: /home/asis/hokuyo_ws/src/install/nav_2d_msgs/share/nav_2d_msgs/cmake/export_nav_2d_msgs__rosidl_typesupport_fastrtps_cExport-noconfig.cmake
[25.407s] -- Installing: /home/asis/hokuyo_ws/src/install/nav_2d_msgs/share/nav_2d_msgs/cmake/export_nav_2d_msgs__rosidl_generator_cppExport.cmake
[25.408s] -- Installing: /home/asis/hokuyo_ws/src/install/nav_2d_msgs/share/nav_2d_msgs/cmake/export_nav_2d_msgs__rosidl_typesupport_fastrtps_cppExport.cmake
[25.408s] -- Installing: /home/asis/hokuyo_ws/src/install/nav_2d_msgs/share/nav_2d_msgs/cmake/export_nav_2d_msgs__rosidl_typesupport_fastrtps_cppExport-noconfig.cmake
[25.408s] -- Installing: /home/asis/hokuyo_ws/src/install/nav_2d_msgs/share/nav_2d_msgs/cmake/nav_2d_msgs__rosidl_typesupport_introspection_cExport.cmake
[25.408s] -- Installing: /home/asis/hokuyo_ws/src/install/nav_2d_msgs/share/nav_2d_msgs/cmake/nav_2d_msgs__rosidl_typesupport_introspection_cExport-noconfig.cmake
[25.409s] -- Installing: /home/asis/hokuyo_ws/src/install/nav_2d_msgs/share/nav_2d_msgs/cmake/nav_2d_msgs__rosidl_typesupport_cExport.cmake
[25.409s] -- Installing: /home/asis/hokuyo_ws/src/install/nav_2d_msgs/share/nav_2d_msgs/cmake/nav_2d_msgs__rosidl_typesupport_cExport-noconfig.cmake
[25.409s] -- Installing: /home/asis/hokuyo_ws/src/install/nav_2d_msgs/share/nav_2d_msgs/cmake/nav_2d_msgs__rosidl_typesupport_introspection_cppExport.cmake
[25.409s] -- Installing: /home/asis/hokuyo_ws/src/install/nav_2d_msgs/share/nav_2d_msgs/cmake/nav_2d_msgs__rosidl_typesupport_introspection_cppExport-noconfig.cmake
[25.409s] -- Installing: /home/asis/hokuyo_ws/src/install/nav_2d_msgs/share/nav_2d_msgs/cmake/nav_2d_msgs__rosidl_typesupport_cppExport.cmake
[25.410s] -- Installing: /home/asis/hokuyo_ws/src/install/nav_2d_msgs/share/nav_2d_msgs/cmake/nav_2d_msgs__rosidl_typesupport_cppExport-noconfig.cmake
[25.410s] -- Installing: /home/asis/hokuyo_ws/src/install/nav_2d_msgs/share/nav_2d_msgs/cmake/export_nav_2d_msgs__rosidl_generator_pyExport.cmake
[25.414s] -- Installing: /home/asis/hokuyo_ws/src/install/nav_2d_msgs/share/nav_2d_msgs/cmake/export_nav_2d_msgs__rosidl_generator_pyExport-noconfig.cmake
[25.414s] -- Installing: /home/asis/hokuyo_ws/src/install/nav_2d_msgs/share/nav_2d_msgs/cmake/rosidl_cmake-extras.cmake
[25.415s] -- Installing: /home/asis/hokuyo_ws/src/install/nav_2d_msgs/share/nav_2d_msgs/cmake/ament_cmake_export_dependencies-extras.cmake
[25.415s] -- Installing: /home/asis/hokuyo_ws/src/install/nav_2d_msgs/share/nav_2d_msgs/cmake/ament_cmake_export_include_directories-extras.cmake
[25.415s] -- Installing: /home/asis/hokuyo_ws/src/install/nav_2d_msgs/share/nav_2d_msgs/cmake/ament_cmake_export_libraries-extras.cmake
[25.415s] -- Installing: /home/asis/hokuyo_ws/src/install/nav_2d_msgs/share/nav_2d_msgs/cmake/ament_cmake_export_targets-extras.cmake
[25.415s] -- Installing: /home/asis/hokuyo_ws/src/install/nav_2d_msgs/share/nav_2d_msgs/cmake/rosidl_cmake_export_typesupport_targets-extras.cmake
[25.416s] -- Installing: /home/asis/hokuyo_ws/src/install/nav_2d_msgs/share/nav_2d_msgs/cmake/rosidl_cmake_export_typesupport_libraries-extras.cmake
[25.416s] -- Installing: /home/asis/hokuyo_ws/src/install/nav_2d_msgs/share/nav_2d_msgs/cmake/nav_2d_msgsConfig.cmake
[25.416s] -- Installing: /home/asis/hokuyo_ws/src/install/nav_2d_msgs/share/nav_2d_msgs/cmake/nav_2d_msgsConfig-version.cmake
[25.416s] -- Installing: /home/asis/hokuyo_ws/src/install/nav_2d_msgs/share/nav_2d_msgs/package.xml
[25.424s] Invoked command in '/home/asis/hokuyo_ws/src/build/nav_2d_msgs' returned '0': CMAKE_PREFIX_PATH=${CMAKE_PREFIX_PATH}:/opt/ros/humble /usr/bin/cmake --install /home/asis/hokuyo_ws/src/build/nav_2d_msgs
