[0.036s] Invoking command in '/home/asis/hokuyo_ws/src/build/nav2_navfn_planner': AMENT_PREFIX_PATH=/home/asis/hokuyo_ws/src/install/nav2_core:/home/asis/hokuyo_ws/src/install/nav2_costmap_2d:/home/asis/hokuyo_ws/src/install/nav2_util:/home/asis/hokuyo_ws/src/install/nav2_voxel_grid:/home/asis/hokuyo_ws/src/install/nav2_msgs:/home/asis/hokuyo_ws/src/install/nav2_common:${AMENT_PREFIX_PATH} CMAKE_PREFIX_PATH=/home/asis/hokuyo_ws/src/install/nav2_core:/home/asis/hokuyo_ws/src/install/nav2_costmap_2d:/home/asis/hokuyo_ws/src/install/nav2_util:/home/asis/hokuyo_ws/src/install/nav2_voxel_grid:/home/asis/hokuyo_ws/src/install/nav2_msgs:/home/asis/hokuyo_ws/src/install/nav2_common:/home/asis/hokuyo_ws/install/urg_node2:/home/asis/hokuyo_ws/install/slam_toolbox:/opt/ros/humble LD_LIBRARY_PATH=/home/asis/hokuyo_ws/src/install/nav2_costmap_2d/lib:/home/asis/hokuyo_ws/src/install/nav2_util/lib:/home/asis/hokuyo_ws/src/install/nav2_voxel_grid/lib:/home/asis/hokuyo_ws/src/install/nav2_msgs/lib:${LD_LIBRARY_PATH} PYTHONPATH=/home/asis/hokuyo_ws/src/install/nav2_msgs/local/lib/python3.10/dist-packages:/home/asis/hokuyo_ws/src/install/nav2_common/local/lib/python3.10/dist-packages:${PYTHONPATH} /usr/bin/cmake /home/asis/hokuyo_ws/src/navigation2/nav2_navfn_planner -DCMAKE_INSTALL_PREFIX=/home/asis/hokuyo_ws/src/install/nav2_navfn_planner
[7.703s] -- The C compiler identification is GNU 11.4.0
[7.703s] -- The CXX compiler identification is GNU 11.4.0
[7.703s] -- Detecting C compiler ABI info
[7.703s] -- Detecting C compiler ABI info - done
[7.703s] -- Check for working C compiler: /usr/bin/cc - skipped
[7.704s] -- Detecting C compile features
[7.704s] -- Detecting C compile features - done
[7.704s] -- Detecting CXX compiler ABI info
[7.704s] -- Detecting CXX compiler ABI info - done
[7.704s] -- Check for working CXX compiler: /usr/bin/c++ - skipped
[7.704s] -- Detecting CXX compile features
[7.704s] -- Detecting CXX compile features - done
[7.704s] -- Found ament_cmake: 1.3.9 (/opt/ros/humble/share/ament_cmake/cmake)
[7.704s] -- Found Python3: /usr/bin/python3 (found version "3.10.12") found components: Interpreter 
[7.704s] -- Found nav2_common: 1.1.15 (/home/asis/hokuyo_ws/src/install/nav2_common/share/nav2_common/cmake)
[7.705s] -- Found rclcpp: 16.0.9 (/opt/ros/humble/share/rclcpp/cmake)
[7.705s] -- Found rosidl_generator_c: 3.1.5 (/opt/ros/humble/share/rosidl_generator_c/cmake)
[7.705s] -- Found rosidl_adapter: 3.1.5 (/opt/ros/humble/share/rosidl_adapter/cmake)
[7.705s] -- Found rosidl_generator_cpp: 3.1.5 (/opt/ros/humble/share/rosidl_generator_cpp/cmake)
[7.705s] -- Using all available rosidl_typesupport_c: rosidl_typesupport_fastrtps_c;rosidl_typesupport_introspection_c
[7.705s] -- Using all available rosidl_typesupport_cpp: rosidl_typesupport_fastrtps_cpp;rosidl_typesupport_introspection_cpp
[7.705s] -- Found rmw_implementation_cmake: 6.1.2 (/opt/ros/humble/share/rmw_implementation_cmake/cmake)
[7.705s] -- Found rmw_fastrtps_cpp: 6.2.6 (/opt/ros/humble/share/rmw_fastrtps_cpp/cmake)
[7.705s] -- Found OpenSSL: /usr/lib/x86_64-linux-gnu/libcrypto.so (found version "3.0.2")  
[7.705s] -- Found FastRTPS: /opt/ros/humble/include  
[7.705s] -- Using RMW implementation 'rmw_fastrtps_cpp' as default
[7.706s] -- Looking for pthread.h
[7.706s] -- Looking for pthread.h - found
[7.706s] -- Performing Test CMAKE_HAVE_LIBC_PTHREAD
[7.706s] -- Performing Test CMAKE_HAVE_LIBC_PTHREAD - Success
[7.706s] -- Found Threads: TRUE  
[7.706s] -- Found rclcpp_action: 16.0.9 (/opt/ros/humble/share/rclcpp_action/cmake)
[7.706s] -- Found rclcpp_lifecycle: 16.0.9 (/opt/ros/humble/share/rclcpp_lifecycle/cmake)
[7.706s] -- Found visualization_msgs: 4.2.3 (/opt/ros/humble/share/visualization_msgs/cmake)
[7.706s] -- Found nav2_util: 1.1.15 (/home/asis/hokuyo_ws/src/install/nav2_util/share/nav2_util/cmake)
[7.706s] -- Found eigen3_cmake_module: 0.1.1 (/opt/ros/humble/share/eigen3_cmake_module/cmake)
[7.706s] -- Found Eigen3: TRUE (found version "3.4.0") 
[7.706s] -- Ensuring Eigen3 include directory is part of orocos-kdl CMake target
[7.707s] -- Found nav2_core: 1.1.15 (/home/asis/hokuyo_ws/src/install/nav2_core/share/nav2_core/cmake)
[8.320s] -- Setting build type to Release as none was specified.
[11.266s] -- Found ament_lint_auto: 0.12.11 (/opt/ros/humble/share/ament_lint_auto/cmake)
[11.270s] -- Found ament_cmake_gtest: 1.3.9 (/opt/ros/humble/share/ament_cmake_gtest/cmake)
[11.407s] -- Found gtest sources under '/opt/ros/humble/src/gtest_vendor': C++ tests using 'Google Test' will be built
[15.090s] -- Added test 'copyright' to check source files copyright and LICENSE
[15.090s] -- Added test 'cppcheck' to perform static code analysis on C / C++ code
[15.091s] -- Configured cppcheck include dirs: /home/asis/hokuyo_ws/src/navigation2/nav2_navfn_planner/include
[15.091s] -- Configured cppcheck exclude dirs and/or files: 
[15.091s] -- Added test 'cpplint' to check C / C++ code against the Google style
[15.092s] -- Configured cpplint exclude dirs and/or files: 
[15.092s] -- Added test 'lint_cmake' to check CMake code style
[15.094s] -- Added test 'uncrustify' to check C / C++ code style
[15.094s] -- Configured uncrustify additional arguments: 
[15.095s] -- Added test 'xmllint' to check XML markup files
[15.099s] -- Configuring done
[15.294s] -- Generating done
[15.298s] -- Build files have been written to: /home/asis/hokuyo_ws/src/build/nav2_navfn_planner
[15.330s] Invoked command in '/home/asis/hokuyo_ws/src/build/nav2_navfn_planner' returned '0': AMENT_PREFIX_PATH=/home/asis/hokuyo_ws/src/install/nav2_core:/home/asis/hokuyo_ws/src/install/nav2_costmap_2d:/home/asis/hokuyo_ws/src/install/nav2_util:/home/asis/hokuyo_ws/src/install/nav2_voxel_grid:/home/asis/hokuyo_ws/src/install/nav2_msgs:/home/asis/hokuyo_ws/src/install/nav2_common:${AMENT_PREFIX_PATH} CMAKE_PREFIX_PATH=/home/asis/hokuyo_ws/src/install/nav2_core:/home/asis/hokuyo_ws/src/install/nav2_costmap_2d:/home/asis/hokuyo_ws/src/install/nav2_util:/home/asis/hokuyo_ws/src/install/nav2_voxel_grid:/home/asis/hokuyo_ws/src/install/nav2_msgs:/home/asis/hokuyo_ws/src/install/nav2_common:/home/asis/hokuyo_ws/install/urg_node2:/home/asis/hokuyo_ws/install/slam_toolbox:/opt/ros/humble LD_LIBRARY_PATH=/home/asis/hokuyo_ws/src/install/nav2_costmap_2d/lib:/home/asis/hokuyo_ws/src/install/nav2_util/lib:/home/asis/hokuyo_ws/src/install/nav2_voxel_grid/lib:/home/asis/hokuyo_ws/src/install/nav2_msgs/lib:${LD_LIBRARY_PATH} PYTHONPATH=/home/asis/hokuyo_ws/src/install/nav2_msgs/local/lib/python3.10/dist-packages:/home/asis/hokuyo_ws/src/install/nav2_common/local/lib/python3.10/dist-packages:${PYTHONPATH} /usr/bin/cmake /home/asis/hokuyo_ws/src/navigation2/nav2_navfn_planner -DCMAKE_INSTALL_PREFIX=/home/asis/hokuyo_ws/src/install/nav2_navfn_planner
[15.346s] Invoking command in '/home/asis/hokuyo_ws/src/build/nav2_navfn_planner': AMENT_PREFIX_PATH=/home/asis/hokuyo_ws/src/install/nav2_core:/home/asis/hokuyo_ws/src/install/nav2_costmap_2d:/home/asis/hokuyo_ws/src/install/nav2_util:/home/asis/hokuyo_ws/src/install/nav2_voxel_grid:/home/asis/hokuyo_ws/src/install/nav2_msgs:/home/asis/hokuyo_ws/src/install/nav2_common:${AMENT_PREFIX_PATH} CMAKE_PREFIX_PATH=/home/asis/hokuyo_ws/src/install/nav2_core:/home/asis/hokuyo_ws/src/install/nav2_costmap_2d:/home/asis/hokuyo_ws/src/install/nav2_util:/home/asis/hokuyo_ws/src/install/nav2_voxel_grid:/home/asis/hokuyo_ws/src/install/nav2_msgs:/home/asis/hokuyo_ws/src/install/nav2_common:/home/asis/hokuyo_ws/install/urg_node2:/home/asis/hokuyo_ws/install/slam_toolbox:/opt/ros/humble LD_LIBRARY_PATH=/home/asis/hokuyo_ws/src/install/nav2_costmap_2d/lib:/home/asis/hokuyo_ws/src/install/nav2_util/lib:/home/asis/hokuyo_ws/src/install/nav2_voxel_grid/lib:/home/asis/hokuyo_ws/src/install/nav2_msgs/lib:${LD_LIBRARY_PATH} PYTHONPATH=/home/asis/hokuyo_ws/src/install/nav2_msgs/local/lib/python3.10/dist-packages:/home/asis/hokuyo_ws/src/install/nav2_common/local/lib/python3.10/dist-packages:${PYTHONPATH} /usr/bin/cmake --build /home/asis/hokuyo_ws/src/build/nav2_navfn_planner -- -j8 -l8
[15.567s] [ 11%] [32mBuilding CXX object CMakeFiles/nav2_navfn_planner.dir/src/navfn_planner.cpp.o[0m
[25.978s] [ 22%] [32mBuilding CXX object CMakeFiles/nav2_navfn_planner.dir/src/navfn.cpp.o[0m
[32.300s] [ 33%] [32m[1mLinking CXX shared library libnav2_navfn_planner.so[0m
[32.927s] [ 33%] Built target nav2_navfn_planner
[33.031s] [ 44%] [32mBuilding CXX object gtest/CMakeFiles/gtest.dir/src/gtest-all.cc.o[0m
[47.006s] [ 55%] [32m[1mLinking CXX static library libgtest.a[0m
[47.069s] [ 55%] Built target gtest
[47.102s] [ 66%] [32mBuilding CXX object gtest/CMakeFiles/gtest_main.dir/src/gtest_main.cc.o[0m
[48.853s] [ 77%] [32m[1mLinking CXX static library libgtest_main.a[0m
[48.905s] [ 77%] Built target gtest_main
[48.959s] [ 88%] [32mBuilding CXX object test/CMakeFiles/test_dynamic_parameters.dir/test_dynamic_parameters.cpp.o[0m
[60.875s] [100%] [32m[1mLinking CXX executable test_dynamic_parameters[0m
[62.110s] [100%] Built target test_dynamic_parameters
[62.143s] Invoked command in '/home/asis/hokuyo_ws/src/build/nav2_navfn_planner' returned '0': AMENT_PREFIX_PATH=/home/asis/hokuyo_ws/src/install/nav2_core:/home/asis/hokuyo_ws/src/install/nav2_costmap_2d:/home/asis/hokuyo_ws/src/install/nav2_util:/home/asis/hokuyo_ws/src/install/nav2_voxel_grid:/home/asis/hokuyo_ws/src/install/nav2_msgs:/home/asis/hokuyo_ws/src/install/nav2_common:${AMENT_PREFIX_PATH} CMAKE_PREFIX_PATH=/home/asis/hokuyo_ws/src/install/nav2_core:/home/asis/hokuyo_ws/src/install/nav2_costmap_2d:/home/asis/hokuyo_ws/src/install/nav2_util:/home/asis/hokuyo_ws/src/install/nav2_voxel_grid:/home/asis/hokuyo_ws/src/install/nav2_msgs:/home/asis/hokuyo_ws/src/install/nav2_common:/home/asis/hokuyo_ws/install/urg_node2:/home/asis/hokuyo_ws/install/slam_toolbox:/opt/ros/humble LD_LIBRARY_PATH=/home/asis/hokuyo_ws/src/install/nav2_costmap_2d/lib:/home/asis/hokuyo_ws/src/install/nav2_util/lib:/home/asis/hokuyo_ws/src/install/nav2_voxel_grid/lib:/home/asis/hokuyo_ws/src/install/nav2_msgs/lib:${LD_LIBRARY_PATH} PYTHONPATH=/home/asis/hokuyo_ws/src/install/nav2_msgs/local/lib/python3.10/dist-packages:/home/asis/hokuyo_ws/src/install/nav2_common/local/lib/python3.10/dist-packages:${PYTHONPATH} /usr/bin/cmake --build /home/asis/hokuyo_ws/src/build/nav2_navfn_planner -- -j8 -l8
[62.323s] Invoking command in '/home/asis/hokuyo_ws/src/build/nav2_navfn_planner': AMENT_PREFIX_PATH=/home/asis/hokuyo_ws/src/install/nav2_core:/home/asis/hokuyo_ws/src/install/nav2_costmap_2d:/home/asis/hokuyo_ws/src/install/nav2_util:/home/asis/hokuyo_ws/src/install/nav2_voxel_grid:/home/asis/hokuyo_ws/src/install/nav2_msgs:/home/asis/hokuyo_ws/src/install/nav2_common:${AMENT_PREFIX_PATH} CMAKE_PREFIX_PATH=/home/asis/hokuyo_ws/src/install/nav2_core:/home/asis/hokuyo_ws/src/install/nav2_costmap_2d:/home/asis/hokuyo_ws/src/install/nav2_util:/home/asis/hokuyo_ws/src/install/nav2_voxel_grid:/home/asis/hokuyo_ws/src/install/nav2_msgs:/home/asis/hokuyo_ws/src/install/nav2_common:/home/asis/hokuyo_ws/install/urg_node2:/home/asis/hokuyo_ws/install/slam_toolbox:/opt/ros/humble LD_LIBRARY_PATH=/home/asis/hokuyo_ws/src/install/nav2_costmap_2d/lib:/home/asis/hokuyo_ws/src/install/nav2_util/lib:/home/asis/hokuyo_ws/src/install/nav2_voxel_grid/lib:/home/asis/hokuyo_ws/src/install/nav2_msgs/lib:${LD_LIBRARY_PATH} PYTHONPATH=/home/asis/hokuyo_ws/src/install/nav2_msgs/local/lib/python3.10/dist-packages:/home/asis/hokuyo_ws/src/install/nav2_common/local/lib/python3.10/dist-packages:${PYTHONPATH} /usr/bin/cmake --install /home/asis/hokuyo_ws/src/build/nav2_navfn_planner
[105.690s] -- Install configuration: "Release"
[105.690s] -- Installing: /home/asis/hokuyo_ws/src/install/nav2_navfn_planner/share/nav2_navfn_planner/global_planner_plugin.xml
[105.690s] -- Installing: /home/asis/hokuyo_ws/src/install/nav2_navfn_planner/lib/libnav2_navfn_planner.so
[105.690s] -- Set runtime path of "/home/asis/hokuyo_ws/src/install/nav2_navfn_planner/lib/libnav2_navfn_planner.so" to ""
[105.690s] -- Installing: /home/asis/hokuyo_ws/src/install/nav2_navfn_planner/include/
[105.691s] -- Installing: /home/asis/hokuyo_ws/src/install/nav2_navfn_planner/include//nav2_navfn_planner
[105.691s] -- Installing: /home/asis/hokuyo_ws/src/install/nav2_navfn_planner/include//nav2_navfn_planner/navfn_planner.hpp
[105.691s] -- Installing: /home/asis/hokuyo_ws/src/install/nav2_navfn_planner/include//nav2_navfn_planner/navfn.hpp
[105.691s] -- Up-to-date: /home/asis/hokuyo_ws/src/install/nav2_navfn_planner/share/nav2_navfn_planner/global_planner_plugin.xml
[105.691s] -- Installing: /home/asis/hokuyo_ws/src/install/nav2_navfn_planner/share/nav2_navfn_planner/environment/library_path.sh
[105.691s] -- Installing: /home/asis/hokuyo_ws/src/install/nav2_navfn_planner/share/nav2_navfn_planner/environment/library_path.dsv
[105.691s] -- Installing: /home/asis/hokuyo_ws/src/install/nav2_navfn_planner/share/ament_index/resource_index/package_run_dependencies/nav2_navfn_planner
[105.691s] -- Installing: /home/asis/hokuyo_ws/src/install/nav2_navfn_planner/share/ament_index/resource_index/parent_prefix_path/nav2_navfn_planner
[105.696s] -- Installing: /home/asis/hokuyo_ws/src/install/nav2_navfn_planner/share/nav2_navfn_planner/environment/ament_prefix_path.sh
[105.696s] -- Installing: /home/asis/hokuyo_ws/src/install/nav2_navfn_planner/share/nav2_navfn_planner/environment/ament_prefix_path.dsv
[105.696s] -- Installing: /home/asis/hokuyo_ws/src/install/nav2_navfn_planner/share/nav2_navfn_planner/environment/path.sh
[105.696s] -- Installing: /home/asis/hokuyo_ws/src/install/nav2_navfn_planner/share/nav2_navfn_planner/environment/path.dsv
[105.696s] -- Installing: /home/asis/hokuyo_ws/src/install/nav2_navfn_planner/share/nav2_navfn_planner/local_setup.bash
[105.696s] -- Installing: /home/asis/hokuyo_ws/src/install/nav2_navfn_planner/share/nav2_navfn_planner/local_setup.sh
[105.696s] -- Installing: /home/asis/hokuyo_ws/src/install/nav2_navfn_planner/share/nav2_navfn_planner/local_setup.zsh
[105.696s] -- Installing: /home/asis/hokuyo_ws/src/install/nav2_navfn_planner/share/nav2_navfn_planner/local_setup.dsv
[105.697s] -- Installing: /home/asis/hokuyo_ws/src/install/nav2_navfn_planner/share/nav2_navfn_planner/package.dsv
[105.697s] -- Installing: /home/asis/hokuyo_ws/src/install/nav2_navfn_planner/share/ament_index/resource_index/packages/nav2_navfn_planner
[105.697s] -- Installing: /home/asis/hokuyo_ws/src/install/nav2_navfn_planner/share/ament_index/resource_index/nav2_core__pluginlib__plugin/nav2_navfn_planner
[105.697s] -- Installing: /home/asis/hokuyo_ws/src/install/nav2_navfn_planner/share/nav2_navfn_planner/cmake/ament_cmake_export_include_directories-extras.cmake
[105.697s] -- Installing: /home/asis/hokuyo_ws/src/install/nav2_navfn_planner/share/nav2_navfn_planner/cmake/ament_cmake_export_libraries-extras.cmake
[105.697s] -- Installing: /home/asis/hokuyo_ws/src/install/nav2_navfn_planner/share/nav2_navfn_planner/cmake/ament_cmake_export_dependencies-extras.cmake
[105.697s] -- Installing: /home/asis/hokuyo_ws/src/install/nav2_navfn_planner/share/nav2_navfn_planner/cmake/nav2_navfn_plannerConfig.cmake
[105.697s] -- Installing: /home/asis/hokuyo_ws/src/install/nav2_navfn_planner/share/nav2_navfn_planner/cmake/nav2_navfn_plannerConfig-version.cmake
[105.697s] -- Installing: /home/asis/hokuyo_ws/src/install/nav2_navfn_planner/share/nav2_navfn_planner/package.xml
[105.703s] Invoked command in '/home/asis/hokuyo_ws/src/build/nav2_navfn_planner' returned '0': AMENT_PREFIX_PATH=/home/asis/hokuyo_ws/src/install/nav2_core:/home/asis/hokuyo_ws/src/install/nav2_costmap_2d:/home/asis/hokuyo_ws/src/install/nav2_util:/home/asis/hokuyo_ws/src/install/nav2_voxel_grid:/home/asis/hokuyo_ws/src/install/nav2_msgs:/home/asis/hokuyo_ws/src/install/nav2_common:${AMENT_PREFIX_PATH} CMAKE_PREFIX_PATH=/home/asis/hokuyo_ws/src/install/nav2_core:/home/asis/hokuyo_ws/src/install/nav2_costmap_2d:/home/asis/hokuyo_ws/src/install/nav2_util:/home/asis/hokuyo_ws/src/install/nav2_voxel_grid:/home/asis/hokuyo_ws/src/install/nav2_msgs:/home/asis/hokuyo_ws/src/install/nav2_common:/home/asis/hokuyo_ws/install/urg_node2:/home/asis/hokuyo_ws/install/slam_toolbox:/opt/ros/humble LD_LIBRARY_PATH=/home/asis/hokuyo_ws/src/install/nav2_costmap_2d/lib:/home/asis/hokuyo_ws/src/install/nav2_util/lib:/home/asis/hokuyo_ws/src/install/nav2_voxel_grid/lib:/home/asis/hokuyo_ws/src/install/nav2_msgs/lib:${LD_LIBRARY_PATH} PYTHONPATH=/home/asis/hokuyo_ws/src/install/nav2_msgs/local/lib/python3.10/dist-packages:/home/asis/hokuyo_ws/src/install/nav2_common/local/lib/python3.10/dist-packages:${PYTHONPATH} /usr/bin/cmake --install /home/asis/hokuyo_ws/src/build/nav2_navfn_planner
