[0.016s] Invoking command in '/home/asis/hokuyo_ws/build/slam_toolbox': CMAKE_PREFIX_PATH=${CMAKE_PREFIX_PATH}:/opt/ros/humble /usr/bin/cmake /home/asis/hokuyo_ws/src/slam_toolbox -DCMAKE_INSTALL_PREFIX=/home/asis/hokuyo_ws/install/slam_toolbox
[0.157s] -- The C compiler identification is GNU 11.4.0
[0.259s] -- The CXX compiler identification is GNU 11.4.0
[0.270s] -- Detecting C compiler ABI info
[0.334s] -- Detecting C compiler ABI info - done
[0.340s] -- Check for working C compiler: /usr/bin/cc - skipped
[0.341s] -- Detecting C compile features
[0.341s] -- Detecting C compile features - done
[0.344s] -- Detecting CXX compiler ABI info
[0.416s] -- Detecting CXX compiler ABI info - done
[0.422s] -- Check for working CXX compiler: /usr/bin/c++ - skipped
[0.423s] -- Detecting CXX compile features
[0.423s] -- Detecting CXX compile features - done
[0.427s] -- Found ament_cmake: 1.3.9 (/opt/ros/humble/share/ament_cmake/cmake)
[0.556s] -- Found Python3: /usr/bin/python3 (found version "3.10.12") found components: Interpreter 
[0.648s] -- Found message_filters: 4.3.4 (/opt/ros/humble/share/message_filters/cmake)
[0.706s] -- Found rosidl_generator_c: 3.1.5 (/opt/ros/humble/share/rosidl_generator_c/cmake)
[0.712s] -- Found rosidl_adapter: 3.1.5 (/opt/ros/humble/share/rosidl_adapter/cmake)
[0.724s] -- Found rosidl_generator_cpp: 3.1.5 (/opt/ros/humble/share/rosidl_generator_cpp/cmake)
[0.741s] -- Using all available rosidl_typesupport_c: rosidl_typesupport_fastrtps_c;rosidl_typesupport_introspection_c
[0.763s] -- Using all available rosidl_typesupport_cpp: rosidl_typesupport_fastrtps_cpp;rosidl_typesupport_introspection_cpp
[0.841s] -- Found rmw_implementation_cmake: 6.1.2 (/opt/ros/humble/share/rmw_implementation_cmake/cmake)
[0.845s] -- Found rmw_fastrtps_cpp: 6.2.6 (/opt/ros/humble/share/rmw_fastrtps_cpp/cmake)
[0.944s] -- Found OpenSSL: /usr/lib/x86_64-linux-gnu/libcrypto.so (found version "3.0.2")  
[0.969s] -- Found FastRTPS: /opt/ros/humble/include  
[1.009s] -- Using RMW implementation 'rmw_fastrtps_cpp' as default
[1.021s] -- Looking for pthread.h
[1.085s] -- Looking for pthread.h - found
[1.085s] -- Performing Test CMAKE_HAVE_LIBC_PTHREAD
[1.149s] -- Performing Test CMAKE_HAVE_LIBC_PTHREAD - Success
[1.150s] -- Found Threads: TRUE  
[1.323s] -- Found nav_msgs: 4.2.3 (/opt/ros/humble/share/nav_msgs/cmake)
[1.451s] -- Found sensor_msgs: 4.2.3 (/opt/ros/humble/share/sensor_msgs/cmake)
[1.538s] -- Found tf2: 0.25.6 (/opt/ros/humble/share/tf2/cmake)
[1.552s] -- Found tf2_ros: 0.25.6 (/opt/ros/humble/share/tf2_ros/cmake)
[1.889s] -- Found visualization_msgs: 4.2.3 (/opt/ros/humble/share/visualization_msgs/cmake)
[2.011s] -- Found pluginlib: 5.1.0 (/opt/ros/humble/share/pluginlib/cmake)
[2.030s] -- Found tf2_geometry_msgs: 0.25.6 (/opt/ros/humble/share/tf2_geometry_msgs/cmake)
[2.046s] -- Found eigen3_cmake_module: 0.1.1 (/opt/ros/humble/share/eigen3_cmake_module/cmake)
[2.047s] -- Found Eigen3: TRUE (found version "3.4.0") 
[2.048s] -- Ensuring Eigen3 include directory is part of orocos-kdl CMake target
[2.057s] -- Found tf2_sensor_msgs: 0.25.6 (/opt/ros/humble/share/tf2_sensor_msgs/cmake)
[2.079s] -- Found std_srvs: 4.2.3 (/opt/ros/humble/share/std_srvs/cmake)
[2.100s] -- Found rosidl_default_generators: 1.2.0 (/opt/ros/humble/share/rosidl_default_generators/cmake)
[2.111s] -- Found lifecycle_msgs: 1.2.1 (/opt/ros/humble/share/lifecycle_msgs/cmake)
[2.131s] -- Found bondcpp: 3.0.2 (/opt/ros/humble/share/bondcpp/cmake)
[2.220s] -- Found rviz_common: 11.2.12 (/opt/ros/humble/share/rviz_common/cmake)
[2.258s] -- Setting OGRE_DIR to: '/opt/ros/humble/share/rviz_ogre_vendor/cmake/../../../opt/rviz_ogre_vendor/lib/OGRE/cmake'
[2.260s] -- Found OGRE
[2.260s] --   static     : OFF
[2.260s] --   components : HLMS;MeshLodGenerator;Overlay;Paging;Property;RTShaderSystem;Terrain;Volume
[2.260s] --   plugins    : Plugin_BSPSceneManager;Plugin_OctreeSceneManager;Plugin_PCZSceneManager;Plugin_ParticleFX;RenderSystem_GL;RenderSystem_GL3Plus;Codec_STBI
[2.260s] --   media      : /opt/ros/humble/opt/rviz_ogre_vendor/share/OGRE/Media
[2.261s] -- OGRE_LIBRARIES: OgreHLMS;OgreMeshLodGenerator;OgreOverlay;OgrePaging;OgreProperty;OgreRTShaderSystem;OgreTerrain;OgreVolume;OgreMain
[2.261s] -- OGRE_LIBRARY_DIRS: /opt/ros/humble/opt/rviz_ogre_vendor/lib
[2.261s] -- OGRE_PLUGINS: Plugin_BSPSceneManager;Plugin_OctreeSceneManager;Plugin_PCZSceneManager;Plugin_ParticleFX;RenderSystem_GL;RenderSystem_GL3Plus;Codec_STBI
[2.261s] -- OGRE_PLUGIN_DIR: /opt/ros/humble/opt/rviz_ogre_vendor/lib/OGRE
[2.261s] -- rviz_ogre_vendor::OgreOverlay for IMPORTED_LOCATION_RELEASE: /opt/ros/humble/opt/rviz_ogre_vendor/lib/libOgreOverlay.so
[2.261s] -- rviz_ogre_vendor::OgreOverlay for IMPORTED_LOCATION_DEBUG: /opt/ros/humble/opt/rviz_ogre_vendor/lib/libOgreOverlay.so
[2.261s] -- rviz_ogre_vendor::OgreMain for IMPORTED_LOCATION_RELEASE: /opt/ros/humble/opt/rviz_ogre_vendor/lib/libOgreMain.so
[2.261s] -- rviz_ogre_vendor::OgreMain for IMPORTED_LOCATION_DEBUG: /opt/ros/humble/opt/rviz_ogre_vendor/lib/libOgreMain.so
[2.276s] -- Found ZLIB: /usr/lib/x86_64-linux-gnu/libz.so (found version "1.2.11") 
[2.280s] -- Found OpenGL: /usr/lib/x86_64-linux-gnu/libOpenGL.so   
[2.353s] -- Found X11: /usr/include   
[2.353s] -- Looking for XOpenDisplay in /usr/lib/x86_64-linux-gnu/libX11.so;/usr/lib/x86_64-linux-gnu/libXext.so
[2.415s] -- Looking for XOpenDisplay in /usr/lib/x86_64-linux-gnu/libX11.so;/usr/lib/x86_64-linux-gnu/libXext.so - found
[2.415s] -- Looking for gethostbyname
[2.474s] -- Looking for gethostbyname - found
[2.474s] -- Looking for connect
[2.532s] -- Looking for connect - found
[2.532s] -- Looking for remove
[2.591s] -- Looking for remove - found
[2.591s] -- Looking for shmat
[2.650s] -- Looking for shmat - found
[2.650s] -- Looking for IceConnectionNumber in ICE
[2.708s] -- Looking for IceConnectionNumber in ICE - found
[2.710s] -- rviz_ogre_vendor::RenderSystem_GL for IMPORTED_LOCATION_RELEASE: _render_system_gl_static_library_abs-NOTFOUND
[2.710s] -- rviz_ogre_vendor::RenderSystem_GL for IMPORTED_LOCATION_DEBUG: _render_system_gl_static_library_abs-NOTFOUND
[2.777s] -- library: /usr/lib/x86_64-linux-gnu/libcurl.so
[2.848s] -- Found rviz_default_plugins: 11.2.12 (/opt/ros/humble/share/rviz_default_plugins/cmake)
[3.187s] -- Found Boost: /usr/lib/x86_64-linux-gnu/cmake/Boost-1.74.0/BoostConfig.cmake (found version "1.74.0") found components: system serialization filesystem thread 
[3.195s] -- Found PkgConfig: /usr/bin/pkg-config (found version "0.29.2") 
[3.201s] -- Found CHOLMOD: /usr/include/suitesparse  
[3.202s] -- Found CSparse: /usr/include/suitesparse  
[3.229s] -- Looking for sgemm_
[3.288s] -- Looking for sgemm_ - not found
[3.318s] -- Looking for sgemm_
[3.380s] -- Looking for sgemm_ - found
[3.380s] -- Found BLAS: /usr/lib/x86_64-linux-gnu/libblas.so  
[3.382s] -- Looking for cheev_
[3.444s] -- Looking for cheev_ - not found
[3.452s] -- Looking for cheev_
[3.501s] -- Looking for cheev_ - not found
[3.501s] -- Looking for cheev_
[3.576s] -- Looking for cheev_ - found
[3.577s] -- Found LAPACK: /usr/lib/x86_64-linux-gnu/liblapack.so;/usr/lib/x86_64-linux-gnu/libblas.so  
[3.581s] -- Found required Ceres dependency: Eigen version 3.4.0 in /usr/include/eigen3
[3.585s] -- Found required Ceres dependency: glog
[3.585s] -- Found required Ceres dependency: gflags
[3.586s] -- Found Ceres version: 2.0.0 installed in: /usr with components: [EigenSparse, SparseLinearAlgebraLibrary, LAPACK, SuiteSparse, CXSparse, SchurSpecializations, Multithreading]
[3.946s] -- Found ament_cmake_ros: 0.10.0 (/opt/ros/humble/share/ament_cmake_ros/cmake)
[4.398s] -- Using all available rosidl_typesupport_c: rosidl_typesupport_fastrtps_c;rosidl_typesupport_introspection_c
[4.572s] -- Using all available rosidl_typesupport_cpp: rosidl_typesupport_fastrtps_cpp;rosidl_typesupport_introspection_cpp
[4.591s] -- Found PythonInterp: /usr/bin/python3 (found suitable version "3.10.12", minimum required is "3.6") 
[4.593s] -- Found python_cmake_module: 0.10.0 (/opt/ros/humble/share/python_cmake_module/cmake)
[4.616s] -- Found PythonLibs: /usr/lib/x86_64-linux-gnu/libpython3.10.so (found suitable version "3.10.12", minimum required is "3.5") 
[4.616s] -- Using PYTHON_EXECUTABLE: /usr/bin/python3
[4.616s] -- Using PYTHON_INCLUDE_DIRS: /usr/include/python3.10
[4.616s] -- Using PYTHON_LIBRARIES: /usr/lib/x86_64-linux-gnu/libpython3.10.so
[4.634s] -- Found PythonExtra: .so  
[4.935s] -- Configuring done
[5.370s] -- Generating done
[5.374s] -- Build files have been written to: /home/asis/hokuyo_ws/build/slam_toolbox
[5.391s] Invoked command in '/home/asis/hokuyo_ws/build/slam_toolbox' returned '0': CMAKE_PREFIX_PATH=${CMAKE_PREFIX_PATH}:/opt/ros/humble /usr/bin/cmake /home/asis/hokuyo_ws/src/slam_toolbox -DCMAKE_INSTALL_PREFIX=/home/asis/hokuyo_ws/install/slam_toolbox
[5.393s] Invoking command in '/home/asis/hokuyo_ws/build/slam_toolbox': CMAKE_PREFIX_PATH=${CMAKE_PREFIX_PATH}:/opt/ros/humble /usr/bin/cmake --build /home/asis/hokuyo_ws/build/slam_toolbox -- -j8 -l8
[5.434s] [  1%] [34m[1mGenerating C code for ROS interfaces[0m
[5.447s] [  1%] [34m[1mGenerating C++ code for ROS interfaces[0m
[5.448s] [  3%] [32mBuilding CXX object lib/karto_sdk/CMakeFiles/kartoSlamToolbox.dir/src/Mapper.cpp.o[0m
[5.448s] [  3%] [32mBuilding CXX object lib/karto_sdk/CMakeFiles/kartoSlamToolbox.dir/src/Karto.cpp.o[0m
[5.452s] [  3%] Built target ament_cmake_python_copy_slam_toolbox
[5.683s] running egg_info
[5.684s] creating slam_toolbox.egg-info
[5.684s] writing slam_toolbox.egg-info/PKG-INFO
[5.684s] writing dependency_links to slam_toolbox.egg-info/dependency_links.txt
[5.684s] writing top-level names to slam_toolbox.egg-info/top_level.txt
[5.684s] writing manifest file 'slam_toolbox.egg-info/SOURCES.txt'
[5.687s] reading manifest file 'slam_toolbox.egg-info/SOURCES.txt'
[5.687s] writing manifest file 'slam_toolbox.egg-info/SOURCES.txt'
[5.711s] [  3%] Built target ament_cmake_python_build_slam_toolbox_egg
[6.462s] [  3%] Built target slam_toolbox__cpp
[6.472s] [  4%] [34m[1mGenerating C++ type support dispatch for ROS interfaces[0m
[6.476s] [  5%] [34m[1mGenerating C++ type support for eProsima Fast-RTPS[0m
[6.476s] [  6%] [34m[1mGenerating C++ introspection for ROS interfaces[0m
[6.849s] [  7%] [32mBuilding C object CMakeFiles/slam_toolbox__rosidl_generator_c.dir/rosidl_generator_c/slam_toolbox/srv/detail/pause__functions.c.o[0m
[6.849s] [  7%] [32mBuilding C object CMakeFiles/slam_toolbox__rosidl_generator_c.dir/rosidl_generator_c/slam_toolbox/srv/detail/reset__functions.c.o[0m
[6.857s] [  8%] [32mBuilding C object CMakeFiles/slam_toolbox__rosidl_generator_c.dir/rosidl_generator_c/slam_toolbox/srv/detail/clear_queue__functions.c.o[0m
[7.053s] [  8%] [32mBuilding C object CMakeFiles/slam_toolbox__rosidl_generator_c.dir/rosidl_generator_c/slam_toolbox/srv/detail/toggle_interactive__functions.c.o[0m
[7.057s] [  9%] [32mBuilding C object CMakeFiles/slam_toolbox__rosidl_generator_c.dir/rosidl_generator_c/slam_toolbox/srv/detail/clear__functions.c.o[0m
[7.059s] [ 10%] [32mBuilding C object CMakeFiles/slam_toolbox__rosidl_generator_c.dir/rosidl_generator_c/slam_toolbox/srv/detail/save_map__functions.c.o[0m
[7.228s] [ 11%] [32mBuilding C object CMakeFiles/slam_toolbox__rosidl_generator_c.dir/rosidl_generator_c/slam_toolbox/srv/detail/loop_closure__functions.c.o[0m
[7.234s] [ 11%] [32mBuilding C object CMakeFiles/slam_toolbox__rosidl_generator_c.dir/rosidl_generator_c/slam_toolbox/srv/detail/merge_maps__functions.c.o[0m
[7.246s] [ 12%] [32mBuilding C object CMakeFiles/slam_toolbox__rosidl_generator_c.dir/rosidl_generator_c/slam_toolbox/srv/detail/add_submap__functions.c.o[0m
[7.404s] [ 13%] [32mBuilding C object CMakeFiles/slam_toolbox__rosidl_generator_c.dir/rosidl_generator_c/slam_toolbox/srv/detail/deserialize_pose_graph__functions.c.o[0m
[7.412s] [ 13%] [32mBuilding C object CMakeFiles/slam_toolbox__rosidl_generator_c.dir/rosidl_generator_c/slam_toolbox/srv/detail/serialize_pose_graph__functions.c.o[0m
[7.573s] [ 15%] [32mBuilding CXX object CMakeFiles/slam_toolbox__rosidl_typesupport_cpp.dir/rosidl_typesupport_cpp/slam_toolbox/srv/pause__type_support.cpp.o[0m
[7.573s] [ 15%] [32mBuilding CXX object CMakeFiles/slam_toolbox__rosidl_typesupport_cpp.dir/rosidl_typesupport_cpp/slam_toolbox/srv/reset__type_support.cpp.o[0m
[7.574s] [ 15%] [32mBuilding CXX object CMakeFiles/slam_toolbox__rosidl_typesupport_cpp.dir/rosidl_typesupport_cpp/slam_toolbox/srv/clear_queue__type_support.cpp.o[0m
[7.597s] [ 16%] [32m[1mLinking C shared library libslam_toolbox__rosidl_generator_c.so[0m
[7.659s] [ 16%] Built target slam_toolbox__rosidl_generator_c
[7.674s] [ 17%] [34m[1mGenerating C type support for eProsima Fast-RTPS[0m
[8.004s] [ 18%] [32mBuilding CXX object CMakeFiles/slam_toolbox__rosidl_typesupport_cpp.dir/rosidl_typesupport_cpp/slam_toolbox/srv/toggle_interactive__type_support.cpp.o[0m
[8.010s] [ 18%] [32mBuilding CXX object CMakeFiles/slam_toolbox__rosidl_typesupport_cpp.dir/rosidl_typesupport_cpp/slam_toolbox/srv/clear__type_support.cpp.o[0m
[8.034s] [ 18%] [32mBuilding CXX object CMakeFiles/slam_toolbox__rosidl_typesupport_introspection_cpp.dir/rosidl_typesupport_introspection_cpp/slam_toolbox/srv/detail/pause__type_support.cpp.o[0m
[8.050s] [ 19%] [32mBuilding CXX object CMakeFiles/slam_toolbox__rosidl_typesupport_cpp.dir/rosidl_typesupport_cpp/slam_toolbox/srv/save_map__type_support.cpp.o[0m
[8.312s] [ 19%] [32mBuilding CXX object CMakeFiles/slam_toolbox__rosidl_typesupport_fastrtps_cpp.dir/rosidl_typesupport_fastrtps_cpp/slam_toolbox/srv/detail/dds_fastrtps/pause__type_support.cpp.o[0m
[8.454s] [ 20%] [32mBuilding CXX object CMakeFiles/slam_toolbox__rosidl_typesupport_cpp.dir/rosidl_typesupport_cpp/slam_toolbox/srv/loop_closure__type_support.cpp.o[0m
[8.457s] [ 20%] [32mBuilding CXX object CMakeFiles/slam_toolbox__rosidl_typesupport_cpp.dir/rosidl_typesupport_cpp/slam_toolbox/srv/merge_maps__type_support.cpp.o[0m
[8.509s] [ 21%] [32mBuilding CXX object CMakeFiles/slam_toolbox__rosidl_typesupport_cpp.dir/rosidl_typesupport_cpp/slam_toolbox/srv/add_submap__type_support.cpp.o[0m
[8.685s] [ 22%] [32mBuilding CXX object CMakeFiles/slam_toolbox__rosidl_typesupport_introspection_cpp.dir/rosidl_typesupport_introspection_cpp/slam_toolbox/srv/detail/reset__type_support.cpp.o[0m
[8.876s] [ 23%] [32mBuilding CXX object CMakeFiles/slam_toolbox__rosidl_typesupport_cpp.dir/rosidl_typesupport_cpp/slam_toolbox/srv/deserialize_pose_graph__type_support.cpp.o[0m
[8.886s] [ 23%] [32mBuilding CXX object CMakeFiles/slam_toolbox__rosidl_typesupport_cpp.dir/rosidl_typesupport_cpp/slam_toolbox/srv/serialize_pose_graph__type_support.cpp.o[0m
[8.949s] [ 24%] [32mBuilding CXX object CMakeFiles/slam_toolbox__rosidl_typesupport_introspection_cpp.dir/rosidl_typesupport_introspection_cpp/slam_toolbox/srv/detail/clear_queue__type_support.cpp.o[0m
[8.986s] [ 25%] [32mBuilding CXX object CMakeFiles/slam_toolbox__rosidl_typesupport_fastrtps_cpp.dir/rosidl_typesupport_fastrtps_cpp/slam_toolbox/srv/detail/dds_fastrtps/reset__type_support.cpp.o[0m
[9.326s] [ 26%] [32m[1mLinking CXX shared library libslam_toolbox__rosidl_typesupport_cpp.so[0m
[9.331s] [ 26%] [32mBuilding CXX object CMakeFiles/slam_toolbox__rosidl_typesupport_introspection_cpp.dir/rosidl_typesupport_introspection_cpp/slam_toolbox/srv/detail/toggle_interactive__type_support.cpp.o[0m
[9.350s] [ 27%] [32mBuilding CXX object CMakeFiles/slam_toolbox__rosidl_typesupport_introspection_cpp.dir/rosidl_typesupport_introspection_cpp/slam_toolbox/srv/detail/clear__type_support.cpp.o[0m
[9.391s] [ 27%] [32mBuilding CXX object CMakeFiles/slam_toolbox__rosidl_typesupport_fastrtps_c.dir/rosidl_typesupport_fastrtps_c/slam_toolbox/srv/detail/pause__type_support_c.cpp.o[0m
[9.400s] [ 27%] Built target slam_toolbox__rosidl_typesupport_cpp
[9.412s] [ 28%] [32mBuilding CXX object CMakeFiles/slam_toolbox__rosidl_typesupport_fastrtps_c.dir/rosidl_typesupport_fastrtps_c/slam_toolbox/srv/detail/reset__type_support_c.cpp.o[0m
[9.560s] [ 29%] [32mBuilding CXX object CMakeFiles/slam_toolbox__rosidl_typesupport_introspection_cpp.dir/rosidl_typesupport_introspection_cpp/slam_toolbox/srv/detail/save_map__type_support.cpp.o[0m
[9.645s] [ 30%] [32mBuilding CXX object CMakeFiles/slam_toolbox__rosidl_typesupport_fastrtps_cpp.dir/rosidl_typesupport_fastrtps_cpp/slam_toolbox/srv/detail/dds_fastrtps/clear_queue__type_support.cpp.o[0m
[9.947s] [ 30%] [32mBuilding CXX object CMakeFiles/slam_toolbox__rosidl_typesupport_introspection_cpp.dir/rosidl_typesupport_introspection_cpp/slam_toolbox/srv/detail/loop_closure__type_support.cpp.o[0m
[9.966s] [ 32%] [32mBuilding CXX object CMakeFiles/slam_toolbox__rosidl_typesupport_fastrtps_c.dir/rosidl_typesupport_fastrtps_c/slam_toolbox/srv/detail/clear_queue__type_support_c.cpp.o[0m
[9.966s] [ 32%] [32mBuilding CXX object CMakeFiles/slam_toolbox__rosidl_typesupport_introspection_cpp.dir/rosidl_typesupport_introspection_cpp/slam_toolbox/srv/detail/merge_maps__type_support.cpp.o[0m
[10.005s] [ 32%] [32mBuilding CXX object CMakeFiles/slam_toolbox__rosidl_typesupport_fastrtps_c.dir/rosidl_typesupport_fastrtps_c/slam_toolbox/srv/detail/toggle_interactive__type_support_c.cpp.o[0m
[10.199s] [ 33%] [32mBuilding CXX object CMakeFiles/slam_toolbox__rosidl_typesupport_introspection_cpp.dir/rosidl_typesupport_introspection_cpp/slam_toolbox/srv/detail/add_submap__type_support.cpp.o[0m
[10.296s] [ 33%] [32mBuilding CXX object CMakeFiles/slam_toolbox__rosidl_typesupport_fastrtps_cpp.dir/rosidl_typesupport_fastrtps_cpp/slam_toolbox/srv/detail/dds_fastrtps/toggle_interactive__type_support.cpp.o[0m
[10.533s] [ 34%] [32mBuilding CXX object CMakeFiles/slam_toolbox__rosidl_typesupport_fastrtps_c.dir/rosidl_typesupport_fastrtps_c/slam_toolbox/srv/detail/clear__type_support_c.cpp.o[0m
[10.558s] [ 34%] [32mBuilding CXX object CMakeFiles/slam_toolbox__rosidl_typesupport_introspection_cpp.dir/rosidl_typesupport_introspection_cpp/slam_toolbox/srv/detail/deserialize_pose_graph__type_support.cpp.o[0m
[10.575s] [ 35%] [32mBuilding CXX object CMakeFiles/slam_toolbox__rosidl_typesupport_introspection_cpp.dir/rosidl_typesupport_introspection_cpp/slam_toolbox/srv/detail/serialize_pose_graph__type_support.cpp.o[0m
[10.599s] [ 36%] [32mBuilding CXX object CMakeFiles/slam_toolbox__rosidl_typesupport_fastrtps_c.dir/rosidl_typesupport_fastrtps_c/slam_toolbox/srv/detail/save_map__type_support_c.cpp.o[0m
[10.826s] [ 36%] [32mBuilding CXX object CMakeFiles/slam_toolbox__rosidl_typesupport_fastrtps_c.dir/rosidl_typesupport_fastrtps_c/slam_toolbox/srv/detail/loop_closure__type_support_c.cpp.o[0m
[10.966s] [ 37%] [32mBuilding CXX object CMakeFiles/slam_toolbox__rosidl_typesupport_fastrtps_cpp.dir/rosidl_typesupport_fastrtps_cpp/slam_toolbox/srv/detail/dds_fastrtps/clear__type_support.cpp.o[0m
[11.087s] [ 38%] [32mBuilding CXX object CMakeFiles/slam_toolbox__rosidl_typesupport_fastrtps_c.dir/rosidl_typesupport_fastrtps_c/slam_toolbox/srv/detail/merge_maps__type_support_c.cpp.o[0m
[11.204s] [ 39%] [32mBuilding CXX object CMakeFiles/slam_toolbox__rosidl_typesupport_fastrtps_c.dir/rosidl_typesupport_fastrtps_c/slam_toolbox/srv/detail/add_submap__type_support_c.cpp.o[0m
[11.209s] [ 39%] [32mBuilding CXX object CMakeFiles/slam_toolbox__rosidl_typesupport_fastrtps_c.dir/rosidl_typesupport_fastrtps_c/slam_toolbox/srv/detail/deserialize_pose_graph__type_support_c.cpp.o[0m
[11.229s] [ 40%] [32m[1mLinking CXX shared library libslam_toolbox__rosidl_typesupport_introspection_cpp.so[0m
[11.353s] [ 40%] Built target slam_toolbox__rosidl_typesupport_introspection_cpp
[11.369s] [ 41%] [34m[1mGenerating C introspection for ROS interfaces[0m
[11.394s] [ 42%] [32mBuilding CXX object CMakeFiles/slam_toolbox__rosidl_typesupport_fastrtps_c.dir/rosidl_typesupport_fastrtps_c/slam_toolbox/srv/detail/serialize_pose_graph__type_support_c.cpp.o[0m
[11.623s] [ 43%] [32mBuilding CXX object CMakeFiles/slam_toolbox__rosidl_typesupport_fastrtps_cpp.dir/rosidl_typesupport_fastrtps_cpp/slam_toolbox/srv/detail/dds_fastrtps/save_map__type_support.cpp.o[0m
[11.663s] [ 43%] [32mBuilding CXX object CMakeFiles/slam_toolbox__rosidl_typesupport_fastrtps_cpp.dir/rosidl_typesupport_fastrtps_cpp/slam_toolbox/srv/detail/dds_fastrtps/loop_closure__type_support.cpp.o[0m
[11.833s] [ 44%] [32mBuilding CXX object CMakeFiles/slam_toolbox__rosidl_typesupport_fastrtps_cpp.dir/rosidl_typesupport_fastrtps_cpp/slam_toolbox/srv/detail/dds_fastrtps/merge_maps__type_support.cpp.o[0m
[11.891s] [ 45%] [32mBuilding CXX object CMakeFiles/slam_toolbox__rosidl_typesupport_fastrtps_cpp.dir/rosidl_typesupport_fastrtps_cpp/slam_toolbox/srv/detail/dds_fastrtps/add_submap__type_support.cpp.o[0m
[11.990s] [ 46%] [32m[1mLinking CXX shared library libslam_toolbox__rosidl_typesupport_fastrtps_c.so[0m
[12.130s] [ 46%] Built target slam_toolbox__rosidl_typesupport_fastrtps_c
[12.147s] [ 47%] [34m[1mGenerating C type support dispatch for ROS interfaces[0m
[12.246s] [ 47%] [32mBuilding CXX object CMakeFiles/slam_toolbox__rosidl_typesupport_fastrtps_cpp.dir/rosidl_typesupport_fastrtps_cpp/slam_toolbox/srv/detail/dds_fastrtps/deserialize_pose_graph__type_support.cpp.o[0m
[12.323s] [ 48%] [32mBuilding CXX object CMakeFiles/slam_toolbox__rosidl_typesupport_fastrtps_cpp.dir/rosidl_typesupport_fastrtps_cpp/slam_toolbox/srv/detail/dds_fastrtps/serialize_pose_graph__type_support.cpp.o[0m
[12.509s] [ 48%] [34m[1mGenerating rviz_plugin/moc_slam_toolbox_rviz_plugin.cpp[0m
[12.547s] [ 49%] [32mBuilding CXX object CMakeFiles/SlamToolboxPlugin.dir/rviz_plugin/slam_toolbox_rviz_plugin.cpp.o[0m
[12.599s] [ 50%] [32mBuilding CXX object CMakeFiles/SlamToolboxPlugin.dir/rviz_plugin/moc_slam_toolbox_rviz_plugin.cpp.o[0m
[12.998s] [ 51%] [32m[1mLinking CXX shared library libslam_toolbox__rosidl_typesupport_fastrtps_cpp.so[0m
[13.083s] [ 52%] [32mBuilding C object CMakeFiles/slam_toolbox__rosidl_typesupport_introspection_c.dir/rosidl_typesupport_introspection_c/slam_toolbox/srv/detail/reset__type_support.c.o[0m
[13.087s] [ 52%] [32mBuilding C object CMakeFiles/slam_toolbox__rosidl_typesupport_introspection_c.dir/rosidl_typesupport_introspection_c/slam_toolbox/srv/detail/pause__type_support.c.o[0m
[13.141s] [ 52%] Built target slam_toolbox__rosidl_typesupport_fastrtps_cpp
[13.152s] [ 53%] [32mBuilding C object CMakeFiles/slam_toolbox__rosidl_typesupport_introspection_c.dir/rosidl_typesupport_introspection_c/slam_toolbox/srv/detail/clear_queue__type_support.c.o[0m
[13.156s] [ 54%] [32mBuilding C object CMakeFiles/slam_toolbox__rosidl_typesupport_introspection_c.dir/rosidl_typesupport_introspection_c/slam_toolbox/srv/detail/clear__type_support.c.o[0m
[13.157s] [ 54%] [32mBuilding C object CMakeFiles/slam_toolbox__rosidl_typesupport_introspection_c.dir/rosidl_typesupport_introspection_c/slam_toolbox/srv/detail/toggle_interactive__type_support.c.o[0m
[13.214s] [ 55%] [32mBuilding C object CMakeFiles/slam_toolbox__rosidl_typesupport_introspection_c.dir/rosidl_typesupport_introspection_c/slam_toolbox/srv/detail/save_map__type_support.c.o[0m
[13.220s] [ 56%] [32mBuilding C object CMakeFiles/slam_toolbox__rosidl_typesupport_introspection_c.dir/rosidl_typesupport_introspection_c/slam_toolbox/srv/detail/merge_maps__type_support.c.o[0m
[13.225s] [ 56%] [32mBuilding C object CMakeFiles/slam_toolbox__rosidl_typesupport_introspection_c.dir/rosidl_typesupport_introspection_c/slam_toolbox/srv/detail/loop_closure__type_support.c.o[0m
[13.287s] [ 57%] [32mBuilding C object CMakeFiles/slam_toolbox__rosidl_typesupport_introspection_c.dir/rosidl_typesupport_introspection_c/slam_toolbox/srv/detail/add_submap__type_support.c.o[0m
[13.298s] [ 57%] [32mBuilding C object CMakeFiles/slam_toolbox__rosidl_typesupport_introspection_c.dir/rosidl_typesupport_introspection_c/slam_toolbox/srv/detail/deserialize_pose_graph__type_support.c.o[0m
[13.305s] [ 58%] [32mBuilding C object CMakeFiles/slam_toolbox__rosidl_typesupport_introspection_c.dir/rosidl_typesupport_introspection_c/slam_toolbox/srv/detail/serialize_pose_graph__type_support.c.o[0m
[13.372s] [ 59%] [32m[1mLinking C shared library libslam_toolbox__rosidl_typesupport_introspection_c.so[0m
[13.391s] [ 60%] [32mBuilding CXX object CMakeFiles/slam_toolbox__rosidl_typesupport_c.dir/rosidl_typesupport_c/slam_toolbox/srv/clear_queue__type_support.cpp.o[0m
[13.391s] [ 60%] [32mBuilding CXX object CMakeFiles/slam_toolbox__rosidl_typesupport_c.dir/rosidl_typesupport_c/slam_toolbox/srv/pause__type_support.cpp.o[0m
[13.392s] [ 61%] [32mBuilding CXX object CMakeFiles/slam_toolbox__rosidl_typesupport_c.dir/rosidl_typesupport_c/slam_toolbox/srv/reset__type_support.cpp.o[0m
[13.432s] [ 61%] Built target slam_toolbox__rosidl_typesupport_introspection_c
[13.443s] [ 62%] [32mBuilding CXX object CMakeFiles/slam_toolbox__rosidl_typesupport_c.dir/rosidl_typesupport_c/slam_toolbox/srv/toggle_interactive__type_support.cpp.o[0m
[13.444s] [ 62%] [32mBuilding CXX object CMakeFiles/slam_toolbox__rosidl_typesupport_c.dir/rosidl_typesupport_c/slam_toolbox/srv/clear__type_support.cpp.o[0m
[13.444s] [ 63%] [32mBuilding CXX object CMakeFiles/slam_toolbox__rosidl_typesupport_c.dir/rosidl_typesupport_c/slam_toolbox/srv/save_map__type_support.cpp.o[0m
[13.447s] [ 63%] [32mBuilding CXX object CMakeFiles/slam_toolbox__rosidl_typesupport_c.dir/rosidl_typesupport_c/slam_toolbox/srv/loop_closure__type_support.cpp.o[0m
[13.494s] [ 64%] [32mBuilding CXX object CMakeFiles/slam_toolbox__rosidl_typesupport_c.dir/rosidl_typesupport_c/slam_toolbox/srv/merge_maps__type_support.cpp.o[0m
[13.496s] [ 65%] [32mBuilding CXX object CMakeFiles/slam_toolbox__rosidl_typesupport_c.dir/rosidl_typesupport_c/slam_toolbox/srv/add_submap__type_support.cpp.o[0m
[13.498s] [ 65%] [32mBuilding CXX object CMakeFiles/slam_toolbox__rosidl_typesupport_c.dir/rosidl_typesupport_c/slam_toolbox/srv/deserialize_pose_graph__type_support.cpp.o[0m
[13.499s] [ 66%] [32mBuilding CXX object CMakeFiles/slam_toolbox__rosidl_typesupport_c.dir/rosidl_typesupport_c/slam_toolbox/srv/serialize_pose_graph__type_support.cpp.o[0m
[13.550s] [ 67%] [32m[1mLinking CXX shared library libslam_toolbox__rosidl_typesupport_c.so[0m
[13.600s] [ 67%] Built target slam_toolbox__rosidl_typesupport_c
[13.620s] [ 67%] Built target slam_toolbox
[13.640s] [ 68%] [34m[1mGenerating Python code for ROS interfaces[0m
[15.582s] [ 68%] Built target slam_toolbox__py
[15.606s] [ 68%] [32mBuilding C object CMakeFiles/slam_toolbox__rosidl_generator_py.dir/rosidl_generator_py/slam_toolbox/srv/_reset_s.c.o[0m
[15.606s] [ 70%] [32mBuilding C object CMakeFiles/slam_toolbox__rosidl_generator_py.dir/rosidl_generator_py/slam_toolbox/srv/_clear_queue_s.c.o[0m
[15.606s] [ 70%] [32mBuilding C object CMakeFiles/slam_toolbox__rosidl_generator_py.dir/rosidl_generator_py/slam_toolbox/srv/_pause_s.c.o[0m
[15.606s] [ 71%] [32mBuilding C object CMakeFiles/slam_toolbox__rosidl_generator_py.dir/rosidl_generator_py/slam_toolbox/srv/_toggle_interactive_s.c.o[0m
[15.822s] [ 72%] [32mBuilding C object CMakeFiles/slam_toolbox__rosidl_generator_py.dir/rosidl_generator_py/slam_toolbox/srv/_clear_s.c.o[0m
[15.822s] [ 73%] [32mBuilding C object CMakeFiles/slam_toolbox__rosidl_generator_py.dir/rosidl_generator_py/slam_toolbox/srv/_save_map_s.c.o[0m
[15.822s] [ 73%] [32mBuilding C object CMakeFiles/slam_toolbox__rosidl_generator_py.dir/rosidl_generator_py/slam_toolbox/srv/_loop_closure_s.c.o[0m
[15.831s] [ 73%] [32mBuilding C object CMakeFiles/slam_toolbox__rosidl_generator_py.dir/rosidl_generator_py/slam_toolbox/srv/_merge_maps_s.c.o[0m
[16.028s] [ 74%] [32mBuilding C object CMakeFiles/slam_toolbox__rosidl_generator_py.dir/rosidl_generator_py/slam_toolbox/srv/_add_submap_s.c.o[0m
[16.042s] [ 75%] [32mBuilding C object CMakeFiles/slam_toolbox__rosidl_generator_py.dir/rosidl_generator_py/slam_toolbox/srv/_deserialize_pose_graph_s.c.o[0m
[16.043s] [ 75%] [32mBuilding C object CMakeFiles/slam_toolbox__rosidl_generator_py.dir/rosidl_generator_py/slam_toolbox/srv/_serialize_pose_graph_s.c.o[0m
[16.263s] [ 76%] [32m[1mLinking C shared library rosidl_generator_py/slam_toolbox/libslam_toolbox__rosidl_generator_py.so[0m
[16.311s] [ 76%] Built target slam_toolbox__rosidl_generator_py
[16.339s] [ 76%] [32mBuilding C object CMakeFiles/slam_toolbox__rosidl_typesupport_fastrtps_c__pyext.dir/rosidl_generator_py/slam_toolbox/_slam_toolbox_s.ep.rosidl_typesupport_fastrtps_c.c.o[0m
[16.339s] [ 76%] [32mBuilding C object CMakeFiles/slam_toolbox__rosidl_typesupport_introspection_c__pyext.dir/rosidl_generator_py/slam_toolbox/_slam_toolbox_s.ep.rosidl_typesupport_introspection_c.c.o[0m
[16.339s] [ 76%] [32mBuilding C object CMakeFiles/slam_toolbox__rosidl_typesupport_c__pyext.dir/rosidl_generator_py/slam_toolbox/_slam_toolbox_s.ep.rosidl_typesupport_c.c.o[0m
[16.912s] [ 77%] [32m[1mLinking C shared library rosidl_generator_py/slam_toolbox/slam_toolbox_s__rosidl_typesupport_fastrtps_c.cpython-310-x86_64-linux-gnu.so[0m
[16.915s] [ 78%] [32m[1mLinking C shared library rosidl_generator_py/slam_toolbox/slam_toolbox_s__rosidl_typesupport_introspection_c.cpython-310-x86_64-linux-gnu.so[0m
[16.926s] [ 79%] [32m[1mLinking C shared library rosidl_generator_py/slam_toolbox/slam_toolbox_s__rosidl_typesupport_c.cpython-310-x86_64-linux-gnu.so[0m
[16.982s] [ 79%] Built target slam_toolbox__rosidl_typesupport_introspection_c__pyext
[16.993s] [ 79%] Built target slam_toolbox__rosidl_typesupport_fastrtps_c__pyext
[16.998s] [ 79%] Built target slam_toolbox__rosidl_typesupport_c__pyext
[26.925s] [ 79%] [32m[1mLinking CXX shared library libkartoSlamToolbox.so[0m
[27.310s] [ 79%] Built target kartoSlamToolbox
[27.330s] [ 80%] [32mBuilding CXX object CMakeFiles/toolbox_common.dir/src/map_saver.cpp.o[0m
[27.333s] [ 82%] [32mBuilding CXX object CMakeFiles/toolbox_common.dir/src/loop_closure_assistant.cpp.o[0m
[27.333s] [ 82%] [32mBuilding CXX object CMakeFiles/ceres_solver_plugin.dir/solvers/ceres_solver.cpp.o[0m
[27.333s] [ 82%] [32mBuilding CXX object CMakeFiles/toolbox_common.dir/src/slam_toolbox_common.cpp.o[0m
[27.333s] [ 84%] [32mBuilding CXX object CMakeFiles/toolbox_common.dir/src/slam_mapper.cpp.o[0m
[27.333s] [ 83%] [32mBuilding CXX object CMakeFiles/toolbox_common.dir/src/laser_utils.cpp.o[0m
[37.270s] [ 84%] [32m[1mLinking CXX shared library libSlamToolboxPlugin.so[0m
[40.239s] [ 84%] Built target SlamToolboxPlugin
[43.713s] [ 84%] [32m[1mLinking CXX shared library libceres_solver_plugin.so[0m
[44.379s] [ 84%] Built target ceres_solver_plugin
[64.946s] [ 85%] [32m[1mLinking CXX shared library libtoolbox_common.so[0m
[65.578s] [ 85%] Built target toolbox_common
[65.598s] [ 86%] [32mBuilding CXX object CMakeFiles/sync_slam_toolbox.dir/src/slam_toolbox_sync.cpp.o[0m
[65.598s] [ 86%] [32mBuilding CXX object CMakeFiles/async_slam_toolbox.dir/src/slam_toolbox_async.cpp.o[0m
[65.598s] [ 87%] [32mBuilding CXX object CMakeFiles/lifelong_slam_toolbox.dir/src/experimental/slam_toolbox_lifelong.cpp.o[0m
[65.602s] [ 88%] [32mBuilding CXX object CMakeFiles/localization_slam_toolbox.dir/src/slam_toolbox_localization.cpp.o[0m
[65.605s] [ 89%] [32mBuilding CXX object CMakeFiles/merge_maps_kinematic.dir/src/merge_maps_kinematic.cpp.o[0m
[78.550s] [ 90%] [32m[1mLinking CXX shared library libasync_slam_toolbox.so[0m
[79.419s] [ 90%] Built target async_slam_toolbox
[79.439s] [ 90%] [32mBuilding CXX object CMakeFiles/async_slam_toolbox_node.dir/src/slam_toolbox_async_node.cpp.o[0m
[79.736s] [ 91%] [32m[1mLinking CXX shared library libsync_slam_toolbox.so[0m
[80.465s] [ 91%] Built target sync_slam_toolbox
[80.485s] [ 92%] [32mBuilding CXX object CMakeFiles/sync_slam_toolbox_node.dir/src/slam_toolbox_sync_node.cpp.o[0m
[84.992s] [ 93%] [32m[1mLinking CXX shared library liblifelong_slam_toolbox.so[0m
[86.194s] [ 93%] Built target lifelong_slam_toolbox
[86.236s] [ 93%] [32mBuilding CXX object CMakeFiles/lifelong_slam_toolbox_node.dir/src/experimental/slam_toolbox_lifelong_node.cpp.o[0m
[87.082s] [ 93%] [32m[1mLinking CXX shared library liblocalization_slam_toolbox.so[0m
[88.027s] [ 93%] Built target localization_slam_toolbox
[88.061s] [ 93%] [32mBuilding CXX object CMakeFiles/map_and_localization_slam_toolbox.dir/src/experimental/slam_toolbox_map_and_localization.cpp.o[0m
[88.064s] [ 94%] [32mBuilding CXX object CMakeFiles/localization_slam_toolbox_node.dir/src/slam_toolbox_localization_node.cpp.o[0m
[90.332s] [ 95%] [32m[1mLinking CXX executable merge_maps_kinematic[0m
[91.327s] [ 95%] Built target merge_maps_kinematic
[94.135s] [ 96%] [32m[1mLinking CXX executable async_slam_toolbox_node[0m
[94.659s] [ 96%] Built target async_slam_toolbox_node
[94.843s] [ 96%] [32m[1mLinking CXX executable sync_slam_toolbox_node[0m
[95.330s] [ 96%] Built target sync_slam_toolbox_node
[100.493s] [ 97%] [32m[1mLinking CXX executable lifelong_slam_toolbox_node[0m
[100.933s] [ 97%] Built target lifelong_slam_toolbox_node
[102.781s] [ 98%] [32m[1mLinking CXX executable localization_slam_toolbox_node[0m
[103.180s] [ 98%] Built target localization_slam_toolbox_node
[109.755s] [ 99%] [32m[1mLinking CXX shared library libmap_and_localization_slam_toolbox.so[0m
[110.242s] [ 99%] Built target map_and_localization_slam_toolbox
[110.260s] [100%] [32mBuilding CXX object CMakeFiles/map_and_localization_slam_toolbox_node.dir/src/experimental/slam_toolbox_map_and_localization_node.cpp.o[0m
[120.920s] [100%] [32m[1mLinking CXX executable map_and_localization_slam_toolbox_node[0m
[121.285s] [100%] Built target map_and_localization_slam_toolbox_node
[121.296s] Invoked command in '/home/asis/hokuyo_ws/build/slam_toolbox' returned '0': CMAKE_PREFIX_PATH=${CMAKE_PREFIX_PATH}:/opt/ros/humble /usr/bin/cmake --build /home/asis/hokuyo_ws/build/slam_toolbox -- -j8 -l8
[121.573s] Invoking command in '/home/asis/hokuyo_ws/build/slam_toolbox': CMAKE_PREFIX_PATH=${CMAKE_PREFIX_PATH}:/opt/ros/humble /usr/bin/cmake --install /home/asis/hokuyo_ws/build/slam_toolbox
[121.580s] -- Install configuration: "Release"
[121.580s] -- Installing: /home/asis/hokuyo_ws/install/slam_toolbox/share/ament_index/resource_index/rosidl_interfaces/slam_toolbox
[121.580s] -- Installing: /home/asis/hokuyo_ws/install/slam_toolbox/include/slam_toolbox/slam_toolbox
[121.580s] -- Installing: /home/asis/hokuyo_ws/install/slam_toolbox/include/slam_toolbox/slam_toolbox/srv
[121.580s] -- Installing: /home/asis/hokuyo_ws/install/slam_toolbox/include/slam_toolbox/slam_toolbox/srv/pause.h
[121.581s] -- Installing: /home/asis/hokuyo_ws/install/slam_toolbox/include/slam_toolbox/slam_toolbox/srv/reset.h
[121.581s] -- Installing: /home/asis/hokuyo_ws/install/slam_toolbox/include/slam_toolbox/slam_toolbox/srv/merge_maps.h
[121.581s] -- Installing: /home/asis/hokuyo_ws/install/slam_toolbox/include/slam_toolbox/slam_toolbox/srv/clear.h
[121.581s] -- Installing: /home/asis/hokuyo_ws/install/slam_toolbox/include/slam_toolbox/slam_toolbox/srv/serialize_pose_graph.h
[121.581s] -- Installing: /home/asis/hokuyo_ws/install/slam_toolbox/include/slam_toolbox/slam_toolbox/srv/deserialize_pose_graph.h
[121.581s] -- Installing: /home/asis/hokuyo_ws/install/slam_toolbox/include/slam_toolbox/slam_toolbox/srv/toggle_interactive.h
[121.581s] -- Installing: /home/asis/hokuyo_ws/install/slam_toolbox/include/slam_toolbox/slam_toolbox/srv/detail
[121.581s] -- Installing: /home/asis/hokuyo_ws/install/slam_toolbox/include/slam_toolbox/slam_toolbox/srv/detail/pause__type_support.h
[121.581s] -- Installing: /home/asis/hokuyo_ws/install/slam_toolbox/include/slam_toolbox/slam_toolbox/srv/detail/clear__functions.h
[121.582s] -- Installing: /home/asis/hokuyo_ws/install/slam_toolbox/include/slam_toolbox/slam_toolbox/srv/detail/pause__functions.h
[121.582s] -- Installing: /home/asis/hokuyo_ws/install/slam_toolbox/include/slam_toolbox/slam_toolbox/srv/detail/serialize_pose_graph__type_support.h
[121.582s] -- Installing: /home/asis/hokuyo_ws/install/slam_toolbox/include/slam_toolbox/slam_toolbox/srv/detail/loop_closure__type_support.h
[121.582s] -- Installing: /home/asis/hokuyo_ws/install/slam_toolbox/include/slam_toolbox/slam_toolbox/srv/detail/serialize_pose_graph__struct.h
[121.582s] -- Installing: /home/asis/hokuyo_ws/install/slam_toolbox/include/slam_toolbox/slam_toolbox/srv/detail/clear_queue__functions.h
[121.582s] -- Installing: /home/asis/hokuyo_ws/install/slam_toolbox/include/slam_toolbox/slam_toolbox/srv/detail/save_map__functions.c
[121.582s] -- Installing: /home/asis/hokuyo_ws/install/slam_toolbox/include/slam_toolbox/slam_toolbox/srv/detail/reset__type_support.h
[121.582s] -- Installing: /home/asis/hokuyo_ws/install/slam_toolbox/include/slam_toolbox/slam_toolbox/srv/detail/reset__functions.h
[121.582s] -- Installing: /home/asis/hokuyo_ws/install/slam_toolbox/include/slam_toolbox/slam_toolbox/srv/detail/deserialize_pose_graph__functions.c
[121.583s] -- Installing: /home/asis/hokuyo_ws/install/slam_toolbox/include/slam_toolbox/slam_toolbox/srv/detail/clear_queue__type_support.h
[121.583s] -- Installing: /home/asis/hokuyo_ws/install/slam_toolbox/include/slam_toolbox/slam_toolbox/srv/detail/merge_maps__functions.h
[121.583s] -- Installing: /home/asis/hokuyo_ws/install/slam_toolbox/include/slam_toolbox/slam_toolbox/srv/detail/clear__type_support.h
[121.583s] -- Installing: /home/asis/hokuyo_ws/install/slam_toolbox/include/slam_toolbox/slam_toolbox/srv/detail/deserialize_pose_graph__struct.h
[121.583s] -- Installing: /home/asis/hokuyo_ws/install/slam_toolbox/include/slam_toolbox/slam_toolbox/srv/detail/merge_maps__struct.h
[121.583s] -- Installing: /home/asis/hokuyo_ws/install/slam_toolbox/include/slam_toolbox/slam_toolbox/srv/detail/save_map__struct.h
[121.583s] -- Installing: /home/asis/hokuyo_ws/install/slam_toolbox/include/slam_toolbox/slam_toolbox/srv/detail/merge_maps__functions.c
[121.583s] -- Installing: /home/asis/hokuyo_ws/install/slam_toolbox/include/slam_toolbox/slam_toolbox/srv/detail/save_map__type_support.h
[121.584s] -- Installing: /home/asis/hokuyo_ws/install/slam_toolbox/include/slam_toolbox/slam_toolbox/srv/detail/clear__struct.h
[121.584s] -- Installing: /home/asis/hokuyo_ws/install/slam_toolbox/include/slam_toolbox/slam_toolbox/srv/detail/toggle_interactive__functions.c
[121.584s] -- Installing: /home/asis/hokuyo_ws/install/slam_toolbox/include/slam_toolbox/slam_toolbox/srv/detail/pause__functions.c
[121.584s] -- Installing: /home/asis/hokuyo_ws/install/slam_toolbox/include/slam_toolbox/slam_toolbox/srv/detail/save_map__functions.h
[121.584s] -- Installing: /home/asis/hokuyo_ws/install/slam_toolbox/include/slam_toolbox/slam_toolbox/srv/detail/clear_queue__struct.h
[121.584s] -- Installing: /home/asis/hokuyo_ws/install/slam_toolbox/include/slam_toolbox/slam_toolbox/srv/detail/reset__functions.c
[121.584s] -- Installing: /home/asis/hokuyo_ws/install/slam_toolbox/include/slam_toolbox/slam_toolbox/srv/detail/deserialize_pose_graph__type_support.h
[121.584s] -- Installing: /home/asis/hokuyo_ws/install/slam_toolbox/include/slam_toolbox/slam_toolbox/srv/detail/add_submap__struct.h
[121.584s] -- Installing: /home/asis/hokuyo_ws/install/slam_toolbox/include/slam_toolbox/slam_toolbox/srv/detail/serialize_pose_graph__functions.c
[121.584s] -- Installing: /home/asis/hokuyo_ws/install/slam_toolbox/include/slam_toolbox/slam_toolbox/srv/detail/add_submap__functions.h
[121.585s] -- Installing: /home/asis/hokuyo_ws/install/slam_toolbox/include/slam_toolbox/slam_toolbox/srv/detail/toggle_interactive__struct.h
[121.585s] -- Installing: /home/asis/hokuyo_ws/install/slam_toolbox/include/slam_toolbox/slam_toolbox/srv/detail/serialize_pose_graph__functions.h
[121.585s] -- Installing: /home/asis/hokuyo_ws/install/slam_toolbox/include/slam_toolbox/slam_toolbox/srv/detail/add_submap__functions.c
[121.585s] -- Installing: /home/asis/hokuyo_ws/install/slam_toolbox/include/slam_toolbox/slam_toolbox/srv/detail/clear__functions.c
[121.585s] -- Installing: /home/asis/hokuyo_ws/install/slam_toolbox/include/slam_toolbox/slam_toolbox/srv/detail/loop_closure__functions.h
[121.585s] -- Installing: /home/asis/hokuyo_ws/install/slam_toolbox/include/slam_toolbox/slam_toolbox/srv/detail/deserialize_pose_graph__functions.h
[121.585s] -- Installing: /home/asis/hokuyo_ws/install/slam_toolbox/include/slam_toolbox/slam_toolbox/srv/detail/clear_queue__functions.c
[121.585s] -- Installing: /home/asis/hokuyo_ws/install/slam_toolbox/include/slam_toolbox/slam_toolbox/srv/detail/merge_maps__type_support.h
[121.585s] -- Installing: /home/asis/hokuyo_ws/install/slam_toolbox/include/slam_toolbox/slam_toolbox/srv/detail/toggle_interactive__functions.h
[121.586s] -- Installing: /home/asis/hokuyo_ws/install/slam_toolbox/include/slam_toolbox/slam_toolbox/srv/detail/loop_closure__functions.c
[121.586s] -- Installing: /home/asis/hokuyo_ws/install/slam_toolbox/include/slam_toolbox/slam_toolbox/srv/detail/reset__struct.h
[121.586s] -- Installing: /home/asis/hokuyo_ws/install/slam_toolbox/include/slam_toolbox/slam_toolbox/srv/detail/pause__struct.h
[121.586s] -- Installing: /home/asis/hokuyo_ws/install/slam_toolbox/include/slam_toolbox/slam_toolbox/srv/detail/add_submap__type_support.h
[121.586s] -- Installing: /home/asis/hokuyo_ws/install/slam_toolbox/include/slam_toolbox/slam_toolbox/srv/detail/toggle_interactive__type_support.h
[121.586s] -- Installing: /home/asis/hokuyo_ws/install/slam_toolbox/include/slam_toolbox/slam_toolbox/srv/detail/loop_closure__struct.h
[121.586s] -- Installing: /home/asis/hokuyo_ws/install/slam_toolbox/include/slam_toolbox/slam_toolbox/srv/save_map.h
[121.586s] -- Installing: /home/asis/hokuyo_ws/install/slam_toolbox/include/slam_toolbox/slam_toolbox/srv/add_submap.h
[121.586s] -- Installing: /home/asis/hokuyo_ws/install/slam_toolbox/include/slam_toolbox/slam_toolbox/srv/clear_queue.h
[121.586s] -- Installing: /home/asis/hokuyo_ws/install/slam_toolbox/include/slam_toolbox/slam_toolbox/srv/loop_closure.h
[121.587s] -- Installing: /home/asis/hokuyo_ws/install/slam_toolbox/include/slam_toolbox/slam_toolbox/msg
[121.587s] -- Installing: /home/asis/hokuyo_ws/install/slam_toolbox/include/slam_toolbox/slam_toolbox/msg/rosidl_generator_c__visibility_control.h
[121.587s] -- Installing: /home/asis/hokuyo_ws/install/slam_toolbox/share/slam_toolbox/environment/library_path.sh
[121.587s] -- Installing: /home/asis/hokuyo_ws/install/slam_toolbox/share/slam_toolbox/environment/library_path.dsv
[121.587s] -- Installing: /home/asis/hokuyo_ws/install/slam_toolbox/lib/libslam_toolbox__rosidl_generator_c.so
[121.588s] -- Set runtime path of "/home/asis/hokuyo_ws/install/slam_toolbox/lib/libslam_toolbox__rosidl_generator_c.so" to ""
[121.588s] -- Up-to-date: /home/asis/hokuyo_ws/install/slam_toolbox/include/slam_toolbox/slam_toolbox
[121.588s] -- Up-to-date: /home/asis/hokuyo_ws/install/slam_toolbox/include/slam_toolbox/slam_toolbox/srv
[121.588s] -- Up-to-date: /home/asis/hokuyo_ws/install/slam_toolbox/include/slam_toolbox/slam_toolbox/srv/detail
[121.588s] -- Installing: /home/asis/hokuyo_ws/install/slam_toolbox/include/slam_toolbox/slam_toolbox/srv/detail/save_map__rosidl_typesupport_fastrtps_c.h
[121.588s] -- Installing: /home/asis/hokuyo_ws/install/slam_toolbox/include/slam_toolbox/slam_toolbox/srv/detail/loop_closure__rosidl_typesupport_fastrtps_c.h
[121.588s] -- Installing: /home/asis/hokuyo_ws/install/slam_toolbox/include/slam_toolbox/slam_toolbox/srv/detail/deserialize_pose_graph__rosidl_typesupport_fastrtps_c.h
[121.588s] -- Installing: /home/asis/hokuyo_ws/install/slam_toolbox/include/slam_toolbox/slam_toolbox/srv/detail/pause__rosidl_typesupport_fastrtps_c.h
[121.588s] -- Installing: /home/asis/hokuyo_ws/install/slam_toolbox/include/slam_toolbox/slam_toolbox/srv/detail/reset__rosidl_typesupport_fastrtps_c.h
[121.588s] -- Installing: /home/asis/hokuyo_ws/install/slam_toolbox/include/slam_toolbox/slam_toolbox/srv/detail/clear__rosidl_typesupport_fastrtps_c.h
[121.588s] -- Installing: /home/asis/hokuyo_ws/install/slam_toolbox/include/slam_toolbox/slam_toolbox/srv/detail/add_submap__rosidl_typesupport_fastrtps_c.h
[121.589s] -- Installing: /home/asis/hokuyo_ws/install/slam_toolbox/include/slam_toolbox/slam_toolbox/srv/detail/toggle_interactive__rosidl_typesupport_fastrtps_c.h
[121.589s] -- Installing: /home/asis/hokuyo_ws/install/slam_toolbox/include/slam_toolbox/slam_toolbox/srv/detail/merge_maps__rosidl_typesupport_fastrtps_c.h
[121.589s] -- Installing: /home/asis/hokuyo_ws/install/slam_toolbox/include/slam_toolbox/slam_toolbox/srv/detail/clear_queue__rosidl_typesupport_fastrtps_c.h
[121.589s] -- Installing: /home/asis/hokuyo_ws/install/slam_toolbox/include/slam_toolbox/slam_toolbox/srv/detail/serialize_pose_graph__rosidl_typesupport_fastrtps_c.h
[121.589s] -- Up-to-date: /home/asis/hokuyo_ws/install/slam_toolbox/include/slam_toolbox/slam_toolbox/msg
[121.589s] -- Installing: /home/asis/hokuyo_ws/install/slam_toolbox/include/slam_toolbox/slam_toolbox/msg/rosidl_typesupport_fastrtps_c__visibility_control.h
[121.589s] -- Installing: /home/asis/hokuyo_ws/install/slam_toolbox/lib/libslam_toolbox__rosidl_typesupport_fastrtps_c.so
[121.590s] -- Set runtime path of "/home/asis/hokuyo_ws/install/slam_toolbox/lib/libslam_toolbox__rosidl_typesupport_fastrtps_c.so" to ""
[121.590s] -- Up-to-date: /home/asis/hokuyo_ws/install/slam_toolbox/include/slam_toolbox/slam_toolbox
[121.590s] -- Up-to-date: /home/asis/hokuyo_ws/install/slam_toolbox/include/slam_toolbox/slam_toolbox/srv
[121.590s] -- Installing: /home/asis/hokuyo_ws/install/slam_toolbox/include/slam_toolbox/slam_toolbox/srv/save_map.hpp
[121.590s] -- Installing: /home/asis/hokuyo_ws/install/slam_toolbox/include/slam_toolbox/slam_toolbox/srv/reset.hpp
[121.590s] -- Installing: /home/asis/hokuyo_ws/install/slam_toolbox/include/slam_toolbox/slam_toolbox/srv/toggle_interactive.hpp
[121.590s] -- Installing: /home/asis/hokuyo_ws/install/slam_toolbox/include/slam_toolbox/slam_toolbox/srv/loop_closure.hpp
[121.590s] -- Installing: /home/asis/hokuyo_ws/install/slam_toolbox/include/slam_toolbox/slam_toolbox/srv/add_submap.hpp
[121.590s] -- Installing: /home/asis/hokuyo_ws/install/slam_toolbox/include/slam_toolbox/slam_toolbox/srv/serialize_pose_graph.hpp
[121.590s] -- Installing: /home/asis/hokuyo_ws/install/slam_toolbox/include/slam_toolbox/slam_toolbox/srv/clear.hpp
[121.590s] -- Up-to-date: /home/asis/hokuyo_ws/install/slam_toolbox/include/slam_toolbox/slam_toolbox/srv/detail
[121.591s] -- Installing: /home/asis/hokuyo_ws/install/slam_toolbox/include/slam_toolbox/slam_toolbox/srv/detail/pause__struct.hpp
[121.591s] -- Installing: /home/asis/hokuyo_ws/install/slam_toolbox/include/slam_toolbox/slam_toolbox/srv/detail/loop_closure__struct.hpp
[121.591s] -- Installing: /home/asis/hokuyo_ws/install/slam_toolbox/include/slam_toolbox/slam_toolbox/srv/detail/toggle_interactive__traits.hpp
[121.591s] -- Installing: /home/asis/hokuyo_ws/install/slam_toolbox/include/slam_toolbox/slam_toolbox/srv/detail/add_submap__traits.hpp
[121.591s] -- Installing: /home/asis/hokuyo_ws/install/slam_toolbox/include/slam_toolbox/slam_toolbox/srv/detail/clear__builder.hpp
[121.591s] -- Installing: /home/asis/hokuyo_ws/install/slam_toolbox/include/slam_toolbox/slam_toolbox/srv/detail/add_submap__builder.hpp
[121.591s] -- Installing: /home/asis/hokuyo_ws/install/slam_toolbox/include/slam_toolbox/slam_toolbox/srv/detail/clear_queue__builder.hpp
[121.592s] -- Installing: /home/asis/hokuyo_ws/install/slam_toolbox/include/slam_toolbox/slam_toolbox/srv/detail/save_map__builder.hpp
[121.592s] -- Installing: /home/asis/hokuyo_ws/install/slam_toolbox/include/slam_toolbox/slam_toolbox/srv/detail/serialize_pose_graph__struct.hpp
[121.592s] -- Installing: /home/asis/hokuyo_ws/install/slam_toolbox/include/slam_toolbox/slam_toolbox/srv/detail/add_submap__struct.hpp
[121.592s] -- Installing: /home/asis/hokuyo_ws/install/slam_toolbox/include/slam_toolbox/slam_toolbox/srv/detail/save_map__traits.hpp
[121.592s] -- Installing: /home/asis/hokuyo_ws/install/slam_toolbox/include/slam_toolbox/slam_toolbox/srv/detail/reset__struct.hpp
[121.592s] -- Installing: /home/asis/hokuyo_ws/install/slam_toolbox/include/slam_toolbox/slam_toolbox/srv/detail/clear_queue__traits.hpp
[121.592s] -- Installing: /home/asis/hokuyo_ws/install/slam_toolbox/include/slam_toolbox/slam_toolbox/srv/detail/toggle_interactive__builder.hpp
[121.592s] -- Installing: /home/asis/hokuyo_ws/install/slam_toolbox/include/slam_toolbox/slam_toolbox/srv/detail/save_map__struct.hpp
[121.592s] -- Installing: /home/asis/hokuyo_ws/install/slam_toolbox/include/slam_toolbox/slam_toolbox/srv/detail/reset__traits.hpp
[121.593s] -- Installing: /home/asis/hokuyo_ws/install/slam_toolbox/include/slam_toolbox/slam_toolbox/srv/detail/merge_maps__traits.hpp
[121.593s] -- Installing: /home/asis/hokuyo_ws/install/slam_toolbox/include/slam_toolbox/slam_toolbox/srv/detail/clear__traits.hpp
[121.593s] -- Installing: /home/asis/hokuyo_ws/install/slam_toolbox/include/slam_toolbox/slam_toolbox/srv/detail/deserialize_pose_graph__struct.hpp
[121.593s] -- Installing: /home/asis/hokuyo_ws/install/slam_toolbox/include/slam_toolbox/slam_toolbox/srv/detail/clear__struct.hpp
[121.593s] -- Installing: /home/asis/hokuyo_ws/install/slam_toolbox/include/slam_toolbox/slam_toolbox/srv/detail/deserialize_pose_graph__traits.hpp
[121.593s] -- Installing: /home/asis/hokuyo_ws/install/slam_toolbox/include/slam_toolbox/slam_toolbox/srv/detail/toggle_interactive__struct.hpp
[121.593s] -- Installing: /home/asis/hokuyo_ws/install/slam_toolbox/include/slam_toolbox/slam_toolbox/srv/detail/pause__builder.hpp
[121.593s] -- Installing: /home/asis/hokuyo_ws/install/slam_toolbox/include/slam_toolbox/slam_toolbox/srv/detail/merge_maps__builder.hpp
[121.593s] -- Installing: /home/asis/hokuyo_ws/install/slam_toolbox/include/slam_toolbox/slam_toolbox/srv/detail/reset__builder.hpp
[121.594s] -- Installing: /home/asis/hokuyo_ws/install/slam_toolbox/include/slam_toolbox/slam_toolbox/srv/detail/serialize_pose_graph__traits.hpp
[121.594s] -- Installing: /home/asis/hokuyo_ws/install/slam_toolbox/include/slam_toolbox/slam_toolbox/srv/detail/serialize_pose_graph__builder.hpp
[121.594s] -- Installing: /home/asis/hokuyo_ws/install/slam_toolbox/include/slam_toolbox/slam_toolbox/srv/detail/loop_closure__builder.hpp
[121.594s] -- Installing: /home/asis/hokuyo_ws/install/slam_toolbox/include/slam_toolbox/slam_toolbox/srv/detail/pause__traits.hpp
[121.594s] -- Installing: /home/asis/hokuyo_ws/install/slam_toolbox/include/slam_toolbox/slam_toolbox/srv/detail/merge_maps__struct.hpp
[121.594s] -- Installing: /home/asis/hokuyo_ws/install/slam_toolbox/include/slam_toolbox/slam_toolbox/srv/detail/deserialize_pose_graph__builder.hpp
[121.594s] -- Installing: /home/asis/hokuyo_ws/install/slam_toolbox/include/slam_toolbox/slam_toolbox/srv/detail/clear_queue__struct.hpp
[121.594s] -- Installing: /home/asis/hokuyo_ws/install/slam_toolbox/include/slam_toolbox/slam_toolbox/srv/detail/loop_closure__traits.hpp
[121.594s] -- Installing: /home/asis/hokuyo_ws/install/slam_toolbox/include/slam_toolbox/slam_toolbox/srv/deserialize_pose_graph.hpp
[121.595s] -- Installing: /home/asis/hokuyo_ws/install/slam_toolbox/include/slam_toolbox/slam_toolbox/srv/pause.hpp
[121.595s] -- Installing: /home/asis/hokuyo_ws/install/slam_toolbox/include/slam_toolbox/slam_toolbox/srv/merge_maps.hpp
[121.595s] -- Installing: /home/asis/hokuyo_ws/install/slam_toolbox/include/slam_toolbox/slam_toolbox/srv/clear_queue.hpp
[121.595s] -- Up-to-date: /home/asis/hokuyo_ws/install/slam_toolbox/include/slam_toolbox/slam_toolbox
[121.595s] -- Up-to-date: /home/asis/hokuyo_ws/install/slam_toolbox/include/slam_toolbox/slam_toolbox/srv
[121.595s] -- Up-to-date: /home/asis/hokuyo_ws/install/slam_toolbox/include/slam_toolbox/slam_toolbox/srv/detail
[121.595s] -- Installing: /home/asis/hokuyo_ws/install/slam_toolbox/include/slam_toolbox/slam_toolbox/srv/detail/deserialize_pose_graph__rosidl_typesupport_fastrtps_cpp.hpp
[121.595s] -- Installing: /home/asis/hokuyo_ws/install/slam_toolbox/include/slam_toolbox/slam_toolbox/srv/detail/add_submap__rosidl_typesupport_fastrtps_cpp.hpp
[121.595s] -- Installing: /home/asis/hokuyo_ws/install/slam_toolbox/include/slam_toolbox/slam_toolbox/srv/detail/clear__rosidl_typesupport_fastrtps_cpp.hpp
[121.595s] -- Installing: /home/asis/hokuyo_ws/install/slam_toolbox/include/slam_toolbox/slam_toolbox/srv/detail/save_map__rosidl_typesupport_fastrtps_cpp.hpp
[121.595s] -- Installing: /home/asis/hokuyo_ws/install/slam_toolbox/include/slam_toolbox/slam_toolbox/srv/detail/dds_fastrtps
[121.596s] -- Installing: /home/asis/hokuyo_ws/install/slam_toolbox/include/slam_toolbox/slam_toolbox/srv/detail/serialize_pose_graph__rosidl_typesupport_fastrtps_cpp.hpp
[121.596s] -- Installing: /home/asis/hokuyo_ws/install/slam_toolbox/include/slam_toolbox/slam_toolbox/srv/detail/reset__rosidl_typesupport_fastrtps_cpp.hpp
[121.596s] -- Installing: /home/asis/hokuyo_ws/install/slam_toolbox/include/slam_toolbox/slam_toolbox/srv/detail/loop_closure__rosidl_typesupport_fastrtps_cpp.hpp
[121.596s] -- Installing: /home/asis/hokuyo_ws/install/slam_toolbox/include/slam_toolbox/slam_toolbox/srv/detail/toggle_interactive__rosidl_typesupport_fastrtps_cpp.hpp
[121.596s] -- Installing: /home/asis/hokuyo_ws/install/slam_toolbox/include/slam_toolbox/slam_toolbox/srv/detail/merge_maps__rosidl_typesupport_fastrtps_cpp.hpp
[121.596s] -- Installing: /home/asis/hokuyo_ws/install/slam_toolbox/include/slam_toolbox/slam_toolbox/srv/detail/pause__rosidl_typesupport_fastrtps_cpp.hpp
[121.596s] -- Installing: /home/asis/hokuyo_ws/install/slam_toolbox/include/slam_toolbox/slam_toolbox/srv/detail/clear_queue__rosidl_typesupport_fastrtps_cpp.hpp
[121.596s] -- Up-to-date: /home/asis/hokuyo_ws/install/slam_toolbox/include/slam_toolbox/slam_toolbox/msg
[121.596s] -- Installing: /home/asis/hokuyo_ws/install/slam_toolbox/include/slam_toolbox/slam_toolbox/msg/rosidl_typesupport_fastrtps_cpp__visibility_control.h
[121.597s] -- Installing: /home/asis/hokuyo_ws/install/slam_toolbox/lib/libslam_toolbox__rosidl_typesupport_fastrtps_cpp.so
[121.597s] -- Set runtime path of "/home/asis/hokuyo_ws/install/slam_toolbox/lib/libslam_toolbox__rosidl_typesupport_fastrtps_cpp.so" to ""
[121.597s] -- Up-to-date: /home/asis/hokuyo_ws/install/slam_toolbox/include/slam_toolbox/slam_toolbox
[121.597s] -- Up-to-date: /home/asis/hokuyo_ws/install/slam_toolbox/include/slam_toolbox/slam_toolbox/srv
[121.597s] -- Up-to-date: /home/asis/hokuyo_ws/install/slam_toolbox/include/slam_toolbox/slam_toolbox/srv/detail
[121.597s] -- Installing: /home/asis/hokuyo_ws/install/slam_toolbox/include/slam_toolbox/slam_toolbox/srv/detail/serialize_pose_graph__rosidl_typesupport_introspection_c.h
[121.597s] -- Installing: /home/asis/hokuyo_ws/install/slam_toolbox/include/slam_toolbox/slam_toolbox/srv/detail/loop_closure__type_support.c
[121.597s] -- Installing: /home/asis/hokuyo_ws/install/slam_toolbox/include/slam_toolbox/slam_toolbox/srv/detail/deserialize_pose_graph__rosidl_typesupport_introspection_c.h
[121.598s] -- Installing: /home/asis/hokuyo_ws/install/slam_toolbox/include/slam_toolbox/slam_toolbox/srv/detail/add_submap__rosidl_typesupport_introspection_c.h
[121.598s] -- Installing: /home/asis/hokuyo_ws/install/slam_toolbox/include/slam_toolbox/slam_toolbox/srv/detail/merge_maps__type_support.c
[121.598s] -- Installing: /home/asis/hokuyo_ws/install/slam_toolbox/include/slam_toolbox/slam_toolbox/srv/detail/toggle_interactive__type_support.c
[121.598s] -- Installing: /home/asis/hokuyo_ws/install/slam_toolbox/include/slam_toolbox/slam_toolbox/srv/detail/add_submap__type_support.c
[121.598s] -- Installing: /home/asis/hokuyo_ws/install/slam_toolbox/include/slam_toolbox/slam_toolbox/srv/detail/save_map__type_support.c
[121.598s] -- Installing: /home/asis/hokuyo_ws/install/slam_toolbox/include/slam_toolbox/slam_toolbox/srv/detail/merge_maps__rosidl_typesupport_introspection_c.h
[121.598s] -- Installing: /home/asis/hokuyo_ws/install/slam_toolbox/include/slam_toolbox/slam_toolbox/srv/detail/clear_queue__type_support.c
[121.598s] -- Installing: /home/asis/hokuyo_ws/install/slam_toolbox/include/slam_toolbox/slam_toolbox/srv/detail/serialize_pose_graph__type_support.c
[121.599s] -- Installing: /home/asis/hokuyo_ws/install/slam_toolbox/include/slam_toolbox/slam_toolbox/srv/detail/clear_queue__rosidl_typesupport_introspection_c.h
[121.599s] -- Installing: /home/asis/hokuyo_ws/install/slam_toolbox/include/slam_toolbox/slam_toolbox/srv/detail/loop_closure__rosidl_typesupport_introspection_c.h
[121.599s] -- Installing: /home/asis/hokuyo_ws/install/slam_toolbox/include/slam_toolbox/slam_toolbox/srv/detail/reset__type_support.c
[121.599s] -- Installing: /home/asis/hokuyo_ws/install/slam_toolbox/include/slam_toolbox/slam_toolbox/srv/detail/deserialize_pose_graph__type_support.c
[121.599s] -- Installing: /home/asis/hokuyo_ws/install/slam_toolbox/include/slam_toolbox/slam_toolbox/srv/detail/clear__type_support.c
[121.599s] -- Installing: /home/asis/hokuyo_ws/install/slam_toolbox/include/slam_toolbox/slam_toolbox/srv/detail/pause__rosidl_typesupport_introspection_c.h
[121.599s] -- Installing: /home/asis/hokuyo_ws/install/slam_toolbox/include/slam_toolbox/slam_toolbox/srv/detail/pause__type_support.c
[121.599s] -- Installing: /home/asis/hokuyo_ws/install/slam_toolbox/include/slam_toolbox/slam_toolbox/srv/detail/save_map__rosidl_typesupport_introspection_c.h
[121.600s] -- Installing: /home/asis/hokuyo_ws/install/slam_toolbox/include/slam_toolbox/slam_toolbox/srv/detail/toggle_interactive__rosidl_typesupport_introspection_c.h
[121.600s] -- Installing: /home/asis/hokuyo_ws/install/slam_toolbox/include/slam_toolbox/slam_toolbox/srv/detail/reset__rosidl_typesupport_introspection_c.h
[121.600s] -- Installing: /home/asis/hokuyo_ws/install/slam_toolbox/include/slam_toolbox/slam_toolbox/srv/detail/clear__rosidl_typesupport_introspection_c.h
[121.600s] -- Up-to-date: /home/asis/hokuyo_ws/install/slam_toolbox/include/slam_toolbox/slam_toolbox/msg
[121.600s] -- Installing: /home/asis/hokuyo_ws/install/slam_toolbox/include/slam_toolbox/slam_toolbox/msg/rosidl_typesupport_introspection_c__visibility_control.h
[121.600s] -- Installing: /home/asis/hokuyo_ws/install/slam_toolbox/lib/libslam_toolbox__rosidl_typesupport_introspection_c.so
[121.601s] -- Set runtime path of "/home/asis/hokuyo_ws/install/slam_toolbox/lib/libslam_toolbox__rosidl_typesupport_introspection_c.so" to ""
[121.601s] -- Installing: /home/asis/hokuyo_ws/install/slam_toolbox/lib/libslam_toolbox__rosidl_typesupport_c.so
[121.601s] -- Set runtime path of "/home/asis/hokuyo_ws/install/slam_toolbox/lib/libslam_toolbox__rosidl_typesupport_c.so" to ""
[121.601s] -- Up-to-date: /home/asis/hokuyo_ws/install/slam_toolbox/include/slam_toolbox/slam_toolbox
[121.601s] -- Up-to-date: /home/asis/hokuyo_ws/install/slam_toolbox/include/slam_toolbox/slam_toolbox/srv
[121.601s] -- Up-to-date: /home/asis/hokuyo_ws/install/slam_toolbox/include/slam_toolbox/slam_toolbox/srv/detail
[121.601s] -- Installing: /home/asis/hokuyo_ws/install/slam_toolbox/include/slam_toolbox/slam_toolbox/srv/detail/reset__type_support.cpp
[121.601s] -- Installing: /home/asis/hokuyo_ws/install/slam_toolbox/include/slam_toolbox/slam_toolbox/srv/detail/pause__type_support.cpp
[121.601s] -- Installing: /home/asis/hokuyo_ws/install/slam_toolbox/include/slam_toolbox/slam_toolbox/srv/detail/pause__rosidl_typesupport_introspection_cpp.hpp
[121.601s] -- Installing: /home/asis/hokuyo_ws/install/slam_toolbox/include/slam_toolbox/slam_toolbox/srv/detail/clear_queue__type_support.cpp
[121.601s] -- Installing: /home/asis/hokuyo_ws/install/slam_toolbox/include/slam_toolbox/slam_toolbox/srv/detail/merge_maps__type_support.cpp
[121.602s] -- Installing: /home/asis/hokuyo_ws/install/slam_toolbox/include/slam_toolbox/slam_toolbox/srv/detail/deserialize_pose_graph__rosidl_typesupport_introspection_cpp.hpp
[121.602s] -- Installing: /home/asis/hokuyo_ws/install/slam_toolbox/include/slam_toolbox/slam_toolbox/srv/detail/clear__rosidl_typesupport_introspection_cpp.hpp
[121.602s] -- Installing: /home/asis/hokuyo_ws/install/slam_toolbox/include/slam_toolbox/slam_toolbox/srv/detail/save_map__type_support.cpp
[121.602s] -- Installing: /home/asis/hokuyo_ws/install/slam_toolbox/include/slam_toolbox/slam_toolbox/srv/detail/add_submap__type_support.cpp
[121.602s] -- Installing: /home/asis/hokuyo_ws/install/slam_toolbox/include/slam_toolbox/slam_toolbox/srv/detail/merge_maps__rosidl_typesupport_introspection_cpp.hpp
[121.602s] -- Installing: /home/asis/hokuyo_ws/install/slam_toolbox/include/slam_toolbox/slam_toolbox/srv/detail/toggle_interactive__rosidl_typesupport_introspection_cpp.hpp
[121.602s] -- Installing: /home/asis/hokuyo_ws/install/slam_toolbox/include/slam_toolbox/slam_toolbox/srv/detail/loop_closure__rosidl_typesupport_introspection_cpp.hpp
[121.602s] -- Installing: /home/asis/hokuyo_ws/install/slam_toolbox/include/slam_toolbox/slam_toolbox/srv/detail/deserialize_pose_graph__type_support.cpp
[121.602s] -- Installing: /home/asis/hokuyo_ws/install/slam_toolbox/include/slam_toolbox/slam_toolbox/srv/detail/reset__rosidl_typesupport_introspection_cpp.hpp
[121.603s] -- Installing: /home/asis/hokuyo_ws/install/slam_toolbox/include/slam_toolbox/slam_toolbox/srv/detail/toggle_interactive__type_support.cpp
[121.603s] -- Installing: /home/asis/hokuyo_ws/install/slam_toolbox/include/slam_toolbox/slam_toolbox/srv/detail/serialize_pose_graph__rosidl_typesupport_introspection_cpp.hpp
[121.603s] -- Installing: /home/asis/hokuyo_ws/install/slam_toolbox/include/slam_toolbox/slam_toolbox/srv/detail/add_submap__rosidl_typesupport_introspection_cpp.hpp
[121.603s] -- Installing: /home/asis/hokuyo_ws/install/slam_toolbox/include/slam_toolbox/slam_toolbox/srv/detail/loop_closure__type_support.cpp
[121.603s] -- Installing: /home/asis/hokuyo_ws/install/slam_toolbox/include/slam_toolbox/slam_toolbox/srv/detail/save_map__rosidl_typesupport_introspection_cpp.hpp
[121.603s] -- Installing: /home/asis/hokuyo_ws/install/slam_toolbox/include/slam_toolbox/slam_toolbox/srv/detail/clear_queue__rosidl_typesupport_introspection_cpp.hpp
[121.603s] -- Installing: /home/asis/hokuyo_ws/install/slam_toolbox/include/slam_toolbox/slam_toolbox/srv/detail/serialize_pose_graph__type_support.cpp
[121.603s] -- Installing: /home/asis/hokuyo_ws/install/slam_toolbox/include/slam_toolbox/slam_toolbox/srv/detail/clear__type_support.cpp
[121.604s] -- Installing: /home/asis/hokuyo_ws/install/slam_toolbox/lib/libslam_toolbox__rosidl_typesupport_introspection_cpp.so
[121.604s] -- Set runtime path of "/home/asis/hokuyo_ws/install/slam_toolbox/lib/libslam_toolbox__rosidl_typesupport_introspection_cpp.so" to ""
[121.604s] -- Installing: /home/asis/hokuyo_ws/install/slam_toolbox/lib/libslam_toolbox__rosidl_typesupport_cpp.so
[121.604s] -- Set runtime path of "/home/asis/hokuyo_ws/install/slam_toolbox/lib/libslam_toolbox__rosidl_typesupport_cpp.so" to ""
[121.604s] -- Installing: /home/asis/hokuyo_ws/install/slam_toolbox/share/slam_toolbox/environment/pythonpath.sh
[121.605s] -- Installing: /home/asis/hokuyo_ws/install/slam_toolbox/share/slam_toolbox/environment/pythonpath.dsv
[121.605s] -- Installing: /home/asis/hokuyo_ws/install/slam_toolbox/local/lib/python3.10/dist-packages/slam_toolbox-2.7.0-py3.10.egg-info
[121.605s] -- Installing: /home/asis/hokuyo_ws/install/slam_toolbox/local/lib/python3.10/dist-packages/slam_toolbox-2.7.0-py3.10.egg-info/PKG-INFO
[121.605s] -- Installing: /home/asis/hokuyo_ws/install/slam_toolbox/local/lib/python3.10/dist-packages/slam_toolbox-2.7.0-py3.10.egg-info/SOURCES.txt
[121.605s] -- Installing: /home/asis/hokuyo_ws/install/slam_toolbox/local/lib/python3.10/dist-packages/slam_toolbox-2.7.0-py3.10.egg-info/dependency_links.txt
[121.605s] -- Installing: /home/asis/hokuyo_ws/install/slam_toolbox/local/lib/python3.10/dist-packages/slam_toolbox-2.7.0-py3.10.egg-info/top_level.txt
[121.605s] -- Installing: /home/asis/hokuyo_ws/install/slam_toolbox/local/lib/python3.10/dist-packages/slam_toolbox
[121.605s] -- Installing: /home/asis/hokuyo_ws/install/slam_toolbox/local/lib/python3.10/dist-packages/slam_toolbox/libslam_toolbox__rosidl_generator_py.so
[121.605s] -- Installing: /home/asis/hokuyo_ws/install/slam_toolbox/local/lib/python3.10/dist-packages/slam_toolbox/_slam_toolbox_s.ep.rosidl_typesupport_introspection_c.c
[121.606s] -- Installing: /home/asis/hokuyo_ws/install/slam_toolbox/local/lib/python3.10/dist-packages/slam_toolbox/slam_toolbox_s__rosidl_typesupport_introspection_c.cpython-310-x86_64-linux-gnu.so
[121.606s] -- Installing: /home/asis/hokuyo_ws/install/slam_toolbox/local/lib/python3.10/dist-packages/slam_toolbox/slam_toolbox_s__rosidl_typesupport_c.cpython-310-x86_64-linux-gnu.so
[121.606s] -- Installing: /home/asis/hokuyo_ws/install/slam_toolbox/local/lib/python3.10/dist-packages/slam_toolbox/srv
[121.606s] -- Installing: /home/asis/hokuyo_ws/install/slam_toolbox/local/lib/python3.10/dist-packages/slam_toolbox/srv/_pause.py
[121.606s] -- Installing: /home/asis/hokuyo_ws/install/slam_toolbox/local/lib/python3.10/dist-packages/slam_toolbox/srv/_serialize_pose_graph_s.c
[121.606s] -- Installing: /home/asis/hokuyo_ws/install/slam_toolbox/local/lib/python3.10/dist-packages/slam_toolbox/srv/_reset.py
[121.606s] -- Installing: /home/asis/hokuyo_ws/install/slam_toolbox/local/lib/python3.10/dist-packages/slam_toolbox/srv/_pause_s.c
[121.606s] -- Installing: /home/asis/hokuyo_ws/install/slam_toolbox/local/lib/python3.10/dist-packages/slam_toolbox/srv/_merge_maps_s.c
[121.607s] -- Installing: /home/asis/hokuyo_ws/install/slam_toolbox/local/lib/python3.10/dist-packages/slam_toolbox/srv/_serialize_pose_graph.py
[121.607s] -- Installing: /home/asis/hokuyo_ws/install/slam_toolbox/local/lib/python3.10/dist-packages/slam_toolbox/srv/_deserialize_pose_graph_s.c
[121.607s] -- Installing: /home/asis/hokuyo_ws/install/slam_toolbox/local/lib/python3.10/dist-packages/slam_toolbox/srv/_merge_maps.py
[121.607s] -- Installing: /home/asis/hokuyo_ws/install/slam_toolbox/local/lib/python3.10/dist-packages/slam_toolbox/srv/_reset_s.c
[121.607s] -- Installing: /home/asis/hokuyo_ws/install/slam_toolbox/local/lib/python3.10/dist-packages/slam_toolbox/srv/_clear_s.c
[121.607s] -- Installing: /home/asis/hokuyo_ws/install/slam_toolbox/local/lib/python3.10/dist-packages/slam_toolbox/srv/_add_submap.py
[121.607s] -- Installing: /home/asis/hokuyo_ws/install/slam_toolbox/local/lib/python3.10/dist-packages/slam_toolbox/srv/_clear_queue_s.c
[121.607s] -- Installing: /home/asis/hokuyo_ws/install/slam_toolbox/local/lib/python3.10/dist-packages/slam_toolbox/srv/_save_map.py
[121.608s] -- Installing: /home/asis/hokuyo_ws/install/slam_toolbox/local/lib/python3.10/dist-packages/slam_toolbox/srv/_clear_queue.py
[121.608s] -- Installing: /home/asis/hokuyo_ws/install/slam_toolbox/local/lib/python3.10/dist-packages/slam_toolbox/srv/_loop_closure.py
[121.608s] -- Installing: /home/asis/hokuyo_ws/install/slam_toolbox/local/lib/python3.10/dist-packages/slam_toolbox/srv/__init__.py
[121.608s] -- Installing: /home/asis/hokuyo_ws/install/slam_toolbox/local/lib/python3.10/dist-packages/slam_toolbox/srv/_deserialize_pose_graph.py
[121.608s] -- Installing: /home/asis/hokuyo_ws/install/slam_toolbox/local/lib/python3.10/dist-packages/slam_toolbox/srv/_add_submap_s.c
[121.608s] -- Installing: /home/asis/hokuyo_ws/install/slam_toolbox/local/lib/python3.10/dist-packages/slam_toolbox/srv/_clear.py
[121.609s] -- Installing: /home/asis/hokuyo_ws/install/slam_toolbox/local/lib/python3.10/dist-packages/slam_toolbox/srv/_save_map_s.c
[121.609s] -- Installing: /home/asis/hokuyo_ws/install/slam_toolbox/local/lib/python3.10/dist-packages/slam_toolbox/srv/_toggle_interactive_s.c
[121.609s] -- Installing: /home/asis/hokuyo_ws/install/slam_toolbox/local/lib/python3.10/dist-packages/slam_toolbox/srv/_toggle_interactive.py
[121.609s] -- Installing: /home/asis/hokuyo_ws/install/slam_toolbox/local/lib/python3.10/dist-packages/slam_toolbox/srv/_loop_closure_s.c
[121.609s] -- Installing: /home/asis/hokuyo_ws/install/slam_toolbox/local/lib/python3.10/dist-packages/slam_toolbox/__init__.py
[121.609s] -- Installing: /home/asis/hokuyo_ws/install/slam_toolbox/local/lib/python3.10/dist-packages/slam_toolbox/slam_toolbox_s__rosidl_typesupport_fastrtps_c.cpython-310-x86_64-linux-gnu.so
[121.609s] -- Installing: /home/asis/hokuyo_ws/install/slam_toolbox/local/lib/python3.10/dist-packages/slam_toolbox/_slam_toolbox_s.ep.rosidl_typesupport_c.c
[121.610s] -- Installing: /home/asis/hokuyo_ws/install/slam_toolbox/local/lib/python3.10/dist-packages/slam_toolbox/_slam_toolbox_s.ep.rosidl_typesupport_fastrtps_c.c
[121.649s] Listing '/home/asis/hokuyo_ws/install/slam_toolbox/local/lib/python3.10/dist-packages/slam_toolbox'...
[121.649s] Compiling '/home/asis/hokuyo_ws/install/slam_toolbox/local/lib/python3.10/dist-packages/slam_toolbox/__init__.py'...
[121.649s] Listing '/home/asis/hokuyo_ws/install/slam_toolbox/local/lib/python3.10/dist-packages/slam_toolbox/srv'...
[121.649s] Compiling '/home/asis/hokuyo_ws/install/slam_toolbox/local/lib/python3.10/dist-packages/slam_toolbox/srv/__init__.py'...
[121.650s] Compiling '/home/asis/hokuyo_ws/install/slam_toolbox/local/lib/python3.10/dist-packages/slam_toolbox/srv/_add_submap.py'...
[121.650s] Compiling '/home/asis/hokuyo_ws/install/slam_toolbox/local/lib/python3.10/dist-packages/slam_toolbox/srv/_clear.py'...
[121.650s] Compiling '/home/asis/hokuyo_ws/install/slam_toolbox/local/lib/python3.10/dist-packages/slam_toolbox/srv/_clear_queue.py'...
[121.650s] Compiling '/home/asis/hokuyo_ws/install/slam_toolbox/local/lib/python3.10/dist-packages/slam_toolbox/srv/_deserialize_pose_graph.py'...
[121.650s] Compiling '/home/asis/hokuyo_ws/install/slam_toolbox/local/lib/python3.10/dist-packages/slam_toolbox/srv/_loop_closure.py'...
[121.650s] Compiling '/home/asis/hokuyo_ws/install/slam_toolbox/local/lib/python3.10/dist-packages/slam_toolbox/srv/_merge_maps.py'...
[121.650s] Compiling '/home/asis/hokuyo_ws/install/slam_toolbox/local/lib/python3.10/dist-packages/slam_toolbox/srv/_pause.py'...
[121.650s] Compiling '/home/asis/hokuyo_ws/install/slam_toolbox/local/lib/python3.10/dist-packages/slam_toolbox/srv/_reset.py'...
[121.650s] Compiling '/home/asis/hokuyo_ws/install/slam_toolbox/local/lib/python3.10/dist-packages/slam_toolbox/srv/_save_map.py'...
[121.650s] Compiling '/home/asis/hokuyo_ws/install/slam_toolbox/local/lib/python3.10/dist-packages/slam_toolbox/srv/_serialize_pose_graph.py'...
[121.650s] Compiling '/home/asis/hokuyo_ws/install/slam_toolbox/local/lib/python3.10/dist-packages/slam_toolbox/srv/_toggle_interactive.py'...
[121.653s] -- Installing: /home/asis/hokuyo_ws/install/slam_toolbox/local/lib/python3.10/dist-packages/slam_toolbox/slam_toolbox_s__rosidl_typesupport_fastrtps_c.cpython-310-x86_64-linux-gnu.so
[121.654s] -- Set runtime path of "/home/asis/hokuyo_ws/install/slam_toolbox/local/lib/python3.10/dist-packages/slam_toolbox/slam_toolbox_s__rosidl_typesupport_fastrtps_c.cpython-310-x86_64-linux-gnu.so" to ""
[121.654s] -- Installing: /home/asis/hokuyo_ws/install/slam_toolbox/local/lib/python3.10/dist-packages/slam_toolbox/slam_toolbox_s__rosidl_typesupport_introspection_c.cpython-310-x86_64-linux-gnu.so
[121.654s] -- Set runtime path of "/home/asis/hokuyo_ws/install/slam_toolbox/local/lib/python3.10/dist-packages/slam_toolbox/slam_toolbox_s__rosidl_typesupport_introspection_c.cpython-310-x86_64-linux-gnu.so" to ""
[121.655s] -- Installing: /home/asis/hokuyo_ws/install/slam_toolbox/local/lib/python3.10/dist-packages/slam_toolbox/slam_toolbox_s__rosidl_typesupport_c.cpython-310-x86_64-linux-gnu.so
[121.655s] -- Set runtime path of "/home/asis/hokuyo_ws/install/slam_toolbox/local/lib/python3.10/dist-packages/slam_toolbox/slam_toolbox_s__rosidl_typesupport_c.cpython-310-x86_64-linux-gnu.so" to ""
[121.655s] -- Installing: /home/asis/hokuyo_ws/install/slam_toolbox/lib/libslam_toolbox__rosidl_generator_py.so
[121.655s] -- Set runtime path of "/home/asis/hokuyo_ws/install/slam_toolbox/lib/libslam_toolbox__rosidl_generator_py.so" to ""
[121.656s] -- Installing: /home/asis/hokuyo_ws/install/slam_toolbox/share/slam_toolbox/srv/Pause.idl
[121.656s] -- Installing: /home/asis/hokuyo_ws/install/slam_toolbox/share/slam_toolbox/srv/Reset.idl
[121.656s] -- Installing: /home/asis/hokuyo_ws/install/slam_toolbox/share/slam_toolbox/srv/ClearQueue.idl
[121.656s] -- Installing: /home/asis/hokuyo_ws/install/slam_toolbox/share/slam_toolbox/srv/ToggleInteractive.idl
[121.656s] -- Installing: /home/asis/hokuyo_ws/install/slam_toolbox/share/slam_toolbox/srv/Clear.idl
[121.656s] -- Installing: /home/asis/hokuyo_ws/install/slam_toolbox/share/slam_toolbox/srv/SaveMap.idl
[121.656s] -- Installing: /home/asis/hokuyo_ws/install/slam_toolbox/share/slam_toolbox/srv/LoopClosure.idl
[121.656s] -- Installing: /home/asis/hokuyo_ws/install/slam_toolbox/share/slam_toolbox/srv/MergeMaps.idl
[121.657s] -- Installing: /home/asis/hokuyo_ws/install/slam_toolbox/share/slam_toolbox/srv/AddSubmap.idl
[121.657s] -- Installing: /home/asis/hokuyo_ws/install/slam_toolbox/share/slam_toolbox/srv/DeserializePoseGraph.idl
[121.657s] -- Installing: /home/asis/hokuyo_ws/install/slam_toolbox/share/slam_toolbox/srv/SerializePoseGraph.idl
[121.657s] -- Installing: /home/asis/hokuyo_ws/install/slam_toolbox/share/slam_toolbox/srvs/Pause.srv
[121.657s] -- Installing: /home/asis/hokuyo_ws/install/slam_toolbox/share/slam_toolbox/srvs/Pause_Request.msg
[121.657s] -- Installing: /home/asis/hokuyo_ws/install/slam_toolbox/share/slam_toolbox/srvs/Pause_Response.msg
[121.657s] -- Installing: /home/asis/hokuyo_ws/install/slam_toolbox/share/slam_toolbox/srvs/Reset.srv
[121.657s] -- Installing: /home/asis/hokuyo_ws/install/slam_toolbox/share/slam_toolbox/srvs/Reset_Request.msg
[121.658s] -- Installing: /home/asis/hokuyo_ws/install/slam_toolbox/share/slam_toolbox/srvs/Reset_Response.msg
[121.658s] -- Installing: /home/asis/hokuyo_ws/install/slam_toolbox/share/slam_toolbox/srvs/ClearQueue.srv
[121.658s] -- Installing: /home/asis/hokuyo_ws/install/slam_toolbox/share/slam_toolbox/srvs/ClearQueue_Request.msg
[121.658s] -- Installing: /home/asis/hokuyo_ws/install/slam_toolbox/share/slam_toolbox/srvs/ClearQueue_Response.msg
[121.658s] -- Installing: /home/asis/hokuyo_ws/install/slam_toolbox/share/slam_toolbox/srvs/ToggleInteractive.srv
[121.658s] -- Installing: /home/asis/hokuyo_ws/install/slam_toolbox/share/slam_toolbox/srvs/ToggleInteractive_Request.msg
[121.658s] -- Installing: /home/asis/hokuyo_ws/install/slam_toolbox/share/slam_toolbox/srvs/ToggleInteractive_Response.msg
[121.658s] -- Installing: /home/asis/hokuyo_ws/install/slam_toolbox/share/slam_toolbox/srvs/Clear.srv
[121.659s] -- Installing: /home/asis/hokuyo_ws/install/slam_toolbox/share/slam_toolbox/srvs/Clear_Request.msg
[121.659s] -- Installing: /home/asis/hokuyo_ws/install/slam_toolbox/share/slam_toolbox/srvs/Clear_Response.msg
[121.659s] -- Installing: /home/asis/hokuyo_ws/install/slam_toolbox/share/slam_toolbox/srvs/SaveMap.srv
[121.659s] -- Installing: /home/asis/hokuyo_ws/install/slam_toolbox/share/slam_toolbox/srvs/SaveMap_Request.msg
[121.659s] -- Installing: /home/asis/hokuyo_ws/install/slam_toolbox/share/slam_toolbox/srvs/SaveMap_Response.msg
[121.659s] -- Installing: /home/asis/hokuyo_ws/install/slam_toolbox/share/slam_toolbox/srvs/LoopClosure.srv
[121.659s] -- Installing: /home/asis/hokuyo_ws/install/slam_toolbox/share/slam_toolbox/srvs/LoopClosure_Request.msg
[121.660s] -- Installing: /home/asis/hokuyo_ws/install/slam_toolbox/share/slam_toolbox/srvs/LoopClosure_Response.msg
[121.660s] -- Installing: /home/asis/hokuyo_ws/install/slam_toolbox/share/slam_toolbox/srvs/MergeMaps.srv
[121.660s] -- Installing: /home/asis/hokuyo_ws/install/slam_toolbox/share/slam_toolbox/srvs/MergeMaps_Request.msg
[121.660s] -- Installing: /home/asis/hokuyo_ws/install/slam_toolbox/share/slam_toolbox/srvs/MergeMaps_Response.msg
[121.660s] -- Installing: /home/asis/hokuyo_ws/install/slam_toolbox/share/slam_toolbox/srvs/AddSubmap.srv
[121.660s] -- Installing: /home/asis/hokuyo_ws/install/slam_toolbox/share/slam_toolbox/srvs/AddSubmap_Request.msg
[121.660s] -- Installing: /home/asis/hokuyo_ws/install/slam_toolbox/share/slam_toolbox/srvs/AddSubmap_Response.msg
[121.661s] -- Installing: /home/asis/hokuyo_ws/install/slam_toolbox/share/slam_toolbox/srvs/DeserializePoseGraph.srv
[121.661s] -- Installing: /home/asis/hokuyo_ws/install/slam_toolbox/share/slam_toolbox/srvs/DeserializePoseGraph_Request.msg
[121.661s] -- Installing: /home/asis/hokuyo_ws/install/slam_toolbox/share/slam_toolbox/srvs/DeserializePoseGraph_Response.msg
[121.661s] -- Installing: /home/asis/hokuyo_ws/install/slam_toolbox/share/slam_toolbox/srvs/SerializePoseGraph.srv
[121.661s] -- Installing: /home/asis/hokuyo_ws/install/slam_toolbox/share/slam_toolbox/srvs/SerializePoseGraph_Request.msg
[121.661s] -- Installing: /home/asis/hokuyo_ws/install/slam_toolbox/share/slam_toolbox/srvs/SerializePoseGraph_Response.msg
[121.661s] -- Installing: /home/asis/hokuyo_ws/install/slam_toolbox/share/slam_toolbox/rviz_plugins.xml
[121.661s] -- Installing: /home/asis/hokuyo_ws/install/slam_toolbox/share/slam_toolbox/solver_plugins.xml
[121.662s] -- Installing: /home/asis/hokuyo_ws/install/slam_toolbox/lib/slam_toolbox/async_slam_toolbox_node
[121.663s] -- Set runtime path of "/home/asis/hokuyo_ws/install/slam_toolbox/lib/slam_toolbox/async_slam_toolbox_node" to ""
[121.663s] -- Installing: /home/asis/hokuyo_ws/install/slam_toolbox/lib/slam_toolbox/sync_slam_toolbox_node
[121.664s] -- Set runtime path of "/home/asis/hokuyo_ws/install/slam_toolbox/lib/slam_toolbox/sync_slam_toolbox_node" to ""
[121.664s] -- Installing: /home/asis/hokuyo_ws/install/slam_toolbox/lib/slam_toolbox/localization_slam_toolbox_node
[121.665s] -- Set runtime path of "/home/asis/hokuyo_ws/install/slam_toolbox/lib/slam_toolbox/localization_slam_toolbox_node" to ""
[121.665s] -- Installing: /home/asis/hokuyo_ws/install/slam_toolbox/lib/slam_toolbox/map_and_localization_slam_toolbox_node
[121.666s] -- Set runtime path of "/home/asis/hokuyo_ws/install/slam_toolbox/lib/slam_toolbox/map_and_localization_slam_toolbox_node" to ""
[121.666s] -- Installing: /home/asis/hokuyo_ws/install/slam_toolbox/lib/slam_toolbox/lifelong_slam_toolbox_node
[121.668s] -- Set runtime path of "/home/asis/hokuyo_ws/install/slam_toolbox/lib/slam_toolbox/lifelong_slam_toolbox_node" to ""
[121.668s] -- Installing: /home/asis/hokuyo_ws/install/slam_toolbox/lib/slam_toolbox/merge_maps_kinematic
[121.669s] -- Set runtime path of "/home/asis/hokuyo_ws/install/slam_toolbox/lib/slam_toolbox/merge_maps_kinematic" to ""
[121.669s] -- Installing: /home/asis/hokuyo_ws/install/slam_toolbox/lib/libtoolbox_common.so
[121.674s] -- Set runtime path of "/home/asis/hokuyo_ws/install/slam_toolbox/lib/libtoolbox_common.so" to ""
[121.674s] -- Installing: /home/asis/hokuyo_ws/install/slam_toolbox/lib/libSlamToolboxPlugin.so
[121.675s] -- Set runtime path of "/home/asis/hokuyo_ws/install/slam_toolbox/lib/libSlamToolboxPlugin.so" to ""
[121.676s] -- Installing: /home/asis/hokuyo_ws/install/slam_toolbox/lib/libceres_solver_plugin.so
[121.677s] -- Set runtime path of "/home/asis/hokuyo_ws/install/slam_toolbox/lib/libceres_solver_plugin.so" to ""
[121.677s] -- Installing: /home/asis/hokuyo_ws/install/slam_toolbox/lib/libasync_slam_toolbox.so
[121.678s] -- Set runtime path of "/home/asis/hokuyo_ws/install/slam_toolbox/lib/libasync_slam_toolbox.so" to ""
[121.678s] -- Installing: /home/asis/hokuyo_ws/install/slam_toolbox/lib/libsync_slam_toolbox.so
[121.679s] -- Set runtime path of "/home/asis/hokuyo_ws/install/slam_toolbox/lib/libsync_slam_toolbox.so" to ""
[121.679s] -- Installing: /home/asis/hokuyo_ws/install/slam_toolbox/lib/liblocalization_slam_toolbox.so
[121.682s] -- Set runtime path of "/home/asis/hokuyo_ws/install/slam_toolbox/lib/liblocalization_slam_toolbox.so" to ""
[121.682s] -- Installing: /home/asis/hokuyo_ws/install/slam_toolbox/lib/liblifelong_slam_toolbox.so
[121.683s] -- Set runtime path of "/home/asis/hokuyo_ws/install/slam_toolbox/lib/liblifelong_slam_toolbox.so" to ""
[121.683s] -- Installing: /home/asis/hokuyo_ws/install/slam_toolbox/lib/libmap_and_localization_slam_toolbox.so
[121.685s] -- Set runtime path of "/home/asis/hokuyo_ws/install/slam_toolbox/lib/libmap_and_localization_slam_toolbox.so" to ""
[121.685s] -- Installing: /home/asis/hokuyo_ws/install/slam_toolbox/lib/libkartoSlamToolbox.so
[121.689s] -- Set runtime path of "/home/asis/hokuyo_ws/install/slam_toolbox/lib/libkartoSlamToolbox.so" to ""
[121.689s] -- Up-to-date: /home/asis/hokuyo_ws/install/slam_toolbox/lib/libSlamToolboxPlugin.so
[121.690s] -- Up-to-date: /home/asis/hokuyo_ws/install/slam_toolbox/include
[121.690s] -- Up-to-date: /home/asis/hokuyo_ws/install/slam_toolbox/include/slam_toolbox
[121.690s] -- Installing: /home/asis/hokuyo_ws/install/slam_toolbox/include/slam_toolbox/get_pose_helper.hpp
[121.690s] -- Installing: /home/asis/hokuyo_ws/install/slam_toolbox/include/slam_toolbox/map_saver.hpp
[121.690s] -- Installing: /home/asis/hokuyo_ws/install/slam_toolbox/include/slam_toolbox/laser_utils.hpp
[121.690s] -- Installing: /home/asis/hokuyo_ws/install/slam_toolbox/include/slam_toolbox/slam_toolbox_sync.hpp
[121.690s] -- Installing: /home/asis/hokuyo_ws/install/slam_toolbox/include/slam_toolbox/slam_mapper.hpp
[121.690s] -- Installing: /home/asis/hokuyo_ws/install/slam_toolbox/include/slam_toolbox/merge_maps_kinematic.hpp
[121.690s] -- Installing: /home/asis/hokuyo_ws/install/slam_toolbox/include/slam_toolbox/slam_toolbox_common.hpp
[121.690s] -- Installing: /home/asis/hokuyo_ws/install/slam_toolbox/include/slam_toolbox/snap_utils.hpp
[121.691s] -- Installing: /home/asis/hokuyo_ws/install/slam_toolbox/include/slam_toolbox/toolbox_types.hpp
[121.691s] -- Installing: /home/asis/hokuyo_ws/install/slam_toolbox/include/slam_toolbox/visualization_utils.hpp
[121.691s] -- Installing: /home/asis/hokuyo_ws/install/slam_toolbox/include/slam_toolbox/toolbox_msgs.hpp
[121.691s] -- Installing: /home/asis/hokuyo_ws/install/slam_toolbox/include/slam_toolbox/serialization.hpp
[121.691s] -- Installing: /home/asis/hokuyo_ws/install/slam_toolbox/include/slam_toolbox/slam_toolbox_localization.hpp
[121.691s] -- Installing: /home/asis/hokuyo_ws/install/slam_toolbox/include/slam_toolbox/slam_toolbox_async.hpp
[121.691s] -- Installing: /home/asis/hokuyo_ws/install/slam_toolbox/include/slam_toolbox/loop_closure_assistant.hpp
[121.691s] -- Installing: /home/asis/hokuyo_ws/install/slam_toolbox/include/slam_toolbox/experimental
[121.691s] -- Installing: /home/asis/hokuyo_ws/install/slam_toolbox/include/slam_toolbox/experimental/slam_toolbox_map_and_localization.hpp
[121.692s] -- Installing: /home/asis/hokuyo_ws/install/slam_toolbox/include/slam_toolbox/experimental/slam_toolbox_lifelong.hpp
[121.692s] -- Installing: /home/asis/hokuyo_ws/install/slam_toolbox/share/slam_toolbox/launch
[121.692s] -- Installing: /home/asis/hokuyo_ws/install/slam_toolbox/share/slam_toolbox/launch/localization_launch.py
[121.692s] -- Installing: /home/asis/hokuyo_ws/install/slam_toolbox/share/slam_toolbox/launch/merge_maps_kinematic_launch.py
[121.692s] -- Installing: /home/asis/hokuyo_ws/install/slam_toolbox/share/slam_toolbox/launch/online_async_launch.py
[121.692s] -- Installing: /home/asis/hokuyo_ws/install/slam_toolbox/share/slam_toolbox/launch/online_sync_launch.py
[121.692s] -- Installing: /home/asis/hokuyo_ws/install/slam_toolbox/share/slam_toolbox/launch/offline_launch.py
[121.692s] -- Installing: /home/asis/hokuyo_ws/install/slam_toolbox/share/slam_toolbox/config
[121.693s] -- Installing: /home/asis/hokuyo_ws/install/slam_toolbox/share/slam_toolbox/config/mapper_params_offline.yaml
[121.693s] -- Installing: /home/asis/hokuyo_ws/install/slam_toolbox/share/slam_toolbox/config/mapper_params_localization.yaml
[121.693s] -- Installing: /home/asis/hokuyo_ws/install/slam_toolbox/share/slam_toolbox/config/mapper_params_lifelong.yaml
[121.693s] -- Installing: /home/asis/hokuyo_ws/install/slam_toolbox/share/slam_toolbox/config/slam_toolbox_default.rviz
[121.693s] -- Installing: /home/asis/hokuyo_ws/install/slam_toolbox/share/slam_toolbox/config/mapper_params_online_sync.yaml
[121.693s] -- Installing: /home/asis/hokuyo_ws/install/slam_toolbox/share/slam_toolbox/config/mapper_params_online_async.yaml
[121.693s] -- Installing: /home/asis/hokuyo_ws/install/slam_toolbox/share/solver_plugins.xml
[121.693s] -- Installing: /home/asis/hokuyo_ws/install/slam_toolbox/share/rviz_plugins.xml
[121.694s] -- Installing: /home/asis/hokuyo_ws/install/slam_toolbox/share/ament_index/resource_index/package_run_dependencies/slam_toolbox
[121.694s] -- Installing: /home/asis/hokuyo_ws/install/slam_toolbox/share/ament_index/resource_index/parent_prefix_path/slam_toolbox
[121.694s] -- Installing: /home/asis/hokuyo_ws/install/slam_toolbox/share/slam_toolbox/environment/ament_prefix_path.sh
[121.694s] -- Installing: /home/asis/hokuyo_ws/install/slam_toolbox/share/slam_toolbox/environment/ament_prefix_path.dsv
[121.694s] -- Installing: /home/asis/hokuyo_ws/install/slam_toolbox/share/slam_toolbox/environment/path.sh
[121.694s] -- Installing: /home/asis/hokuyo_ws/install/slam_toolbox/share/slam_toolbox/environment/path.dsv
[121.695s] -- Installing: /home/asis/hokuyo_ws/install/slam_toolbox/share/slam_toolbox/local_setup.bash
[121.695s] -- Installing: /home/asis/hokuyo_ws/install/slam_toolbox/share/slam_toolbox/local_setup.sh
[121.695s] -- Installing: /home/asis/hokuyo_ws/install/slam_toolbox/share/slam_toolbox/local_setup.zsh
[121.695s] -- Installing: /home/asis/hokuyo_ws/install/slam_toolbox/share/slam_toolbox/local_setup.dsv
[121.695s] -- Installing: /home/asis/hokuyo_ws/install/slam_toolbox/share/slam_toolbox/package.dsv
[121.696s] -- Installing: /home/asis/hokuyo_ws/install/slam_toolbox/share/ament_index/resource_index/packages/slam_toolbox
[121.696s] -- Installing: /home/asis/hokuyo_ws/install/slam_toolbox/share/ament_index/resource_index/rviz_common__pluginlib__plugin/slam_toolbox
[121.696s] -- Installing: /home/asis/hokuyo_ws/install/slam_toolbox/share/ament_index/resource_index/slam_toolbox__pluginlib__plugin/slam_toolbox
[121.696s] -- Installing: /home/asis/hokuyo_ws/install/slam_toolbox/share/slam_toolbox/cmake/export_slam_toolbox__rosidl_generator_cExport.cmake
[121.696s] -- Installing: /home/asis/hokuyo_ws/install/slam_toolbox/share/slam_toolbox/cmake/export_slam_toolbox__rosidl_generator_cExport-release.cmake
[121.697s] -- Installing: /home/asis/hokuyo_ws/install/slam_toolbox/share/slam_toolbox/cmake/export_slam_toolbox__rosidl_typesupport_fastrtps_cExport.cmake
[121.697s] -- Installing: /home/asis/hokuyo_ws/install/slam_toolbox/share/slam_toolbox/cmake/export_slam_toolbox__rosidl_typesupport_fastrtps_cExport-release.cmake
[121.697s] -- Installing: /home/asis/hokuyo_ws/install/slam_toolbox/share/slam_toolbox/cmake/export_slam_toolbox__rosidl_generator_cppExport.cmake
[121.697s] -- Installing: /home/asis/hokuyo_ws/install/slam_toolbox/share/slam_toolbox/cmake/export_slam_toolbox__rosidl_typesupport_fastrtps_cppExport.cmake
[121.697s] -- Installing: /home/asis/hokuyo_ws/install/slam_toolbox/share/slam_toolbox/cmake/export_slam_toolbox__rosidl_typesupport_fastrtps_cppExport-release.cmake
[121.697s] -- Installing: /home/asis/hokuyo_ws/install/slam_toolbox/share/slam_toolbox/cmake/slam_toolbox__rosidl_typesupport_introspection_cExport.cmake
[121.698s] -- Installing: /home/asis/hokuyo_ws/install/slam_toolbox/share/slam_toolbox/cmake/slam_toolbox__rosidl_typesupport_introspection_cExport-release.cmake
[121.698s] -- Installing: /home/asis/hokuyo_ws/install/slam_toolbox/share/slam_toolbox/cmake/slam_toolbox__rosidl_typesupport_cExport.cmake
[121.698s] -- Installing: /home/asis/hokuyo_ws/install/slam_toolbox/share/slam_toolbox/cmake/slam_toolbox__rosidl_typesupport_cExport-release.cmake
[121.698s] -- Installing: /home/asis/hokuyo_ws/install/slam_toolbox/share/slam_toolbox/cmake/slam_toolbox__rosidl_typesupport_introspection_cppExport.cmake
[121.698s] -- Installing: /home/asis/hokuyo_ws/install/slam_toolbox/share/slam_toolbox/cmake/slam_toolbox__rosidl_typesupport_introspection_cppExport-release.cmake
[121.699s] -- Installing: /home/asis/hokuyo_ws/install/slam_toolbox/share/slam_toolbox/cmake/slam_toolbox__rosidl_typesupport_cppExport.cmake
[121.699s] -- Installing: /home/asis/hokuyo_ws/install/slam_toolbox/share/slam_toolbox/cmake/slam_toolbox__rosidl_typesupport_cppExport-release.cmake
[121.699s] -- Installing: /home/asis/hokuyo_ws/install/slam_toolbox/share/slam_toolbox/cmake/export_slam_toolbox__rosidl_generator_pyExport.cmake
[121.699s] -- Installing: /home/asis/hokuyo_ws/install/slam_toolbox/share/slam_toolbox/cmake/export_slam_toolbox__rosidl_generator_pyExport-release.cmake
[121.699s] -- Installing: /home/asis/hokuyo_ws/install/slam_toolbox/share/slam_toolbox/cmake/SlamToolboxPluginExport.cmake
[121.700s] -- Installing: /home/asis/hokuyo_ws/install/slam_toolbox/share/slam_toolbox/cmake/SlamToolboxPluginExport-release.cmake
[121.700s] -- Installing: /home/asis/hokuyo_ws/install/slam_toolbox/share/ament_index/resource_index/rclcpp_components/slam_toolbox
[121.700s] -- Installing: /home/asis/hokuyo_ws/install/slam_toolbox/share/slam_toolbox/cmake/rosidl_cmake-extras.cmake
[121.700s] -- Installing: /home/asis/hokuyo_ws/install/slam_toolbox/share/slam_toolbox/cmake/ament_cmake_export_dependencies-extras.cmake
[121.700s] -- Installing: /home/asis/hokuyo_ws/install/slam_toolbox/share/slam_toolbox/cmake/ament_cmake_export_include_directories-extras.cmake
[121.700s] -- Installing: /home/asis/hokuyo_ws/install/slam_toolbox/share/slam_toolbox/cmake/ament_cmake_export_libraries-extras.cmake
[121.700s] -- Installing: /home/asis/hokuyo_ws/install/slam_toolbox/share/slam_toolbox/cmake/ament_cmake_export_targets-extras.cmake
[121.701s] -- Installing: /home/asis/hokuyo_ws/install/slam_toolbox/share/slam_toolbox/cmake/rosidl_cmake_export_typesupport_targets-extras.cmake
[121.701s] -- Installing: /home/asis/hokuyo_ws/install/slam_toolbox/share/slam_toolbox/cmake/rosidl_cmake_export_typesupport_libraries-extras.cmake
[121.701s] -- Installing: /home/asis/hokuyo_ws/install/slam_toolbox/share/slam_toolbox/cmake/slam_toolboxConfig.cmake
[121.701s] -- Installing: /home/asis/hokuyo_ws/install/slam_toolbox/share/slam_toolbox/cmake/slam_toolboxConfig-version.cmake
[121.701s] -- Installing: /home/asis/hokuyo_ws/install/slam_toolbox/share/slam_toolbox/package.xml
[121.701s] -- Up-to-date: /home/asis/hokuyo_ws/install/slam_toolbox/include/
[121.701s] -- Installing: /home/asis/hokuyo_ws/install/slam_toolbox/include//karto_sdk
[121.701s] -- Installing: /home/asis/hokuyo_ws/install/slam_toolbox/include//karto_sdk/Types.h
[121.702s] -- Installing: /home/asis/hokuyo_ws/install/slam_toolbox/include//karto_sdk/Karto.h
[121.702s] -- Installing: /home/asis/hokuyo_ws/install/slam_toolbox/include//karto_sdk/Macros.h
[121.702s] -- Installing: /home/asis/hokuyo_ws/install/slam_toolbox/include//karto_sdk/nanoflann.hpp
[121.702s] -- Installing: /home/asis/hokuyo_ws/install/slam_toolbox/include//karto_sdk/Mapper.h
[121.702s] -- Installing: /home/asis/hokuyo_ws/install/slam_toolbox/include//karto_sdk/Math.h
[121.702s] -- Installing: /home/asis/hokuyo_ws/install/slam_toolbox/include//karto_sdk/nanoflann_adaptors.h
[121.705s] Invoked command in '/home/asis/hokuyo_ws/build/slam_toolbox' returned '0': CMAKE_PREFIX_PATH=${CMAKE_PREFIX_PATH}:/opt/ros/humble /usr/bin/cmake --install /home/asis/hokuyo_ws/build/slam_toolbox
