[0.105s] Invoking command in '/home/asis/hokuyo_ws/src/build/dwb_msgs': AMENT_PREFIX_PATH=/home/asis/hokuyo_ws/src/install/nav_2d_msgs:${AMENT_PREFIX_PATH} CMAKE_PREFIX_PATH=/home/asis/hokuyo_ws/src/install/nav_2d_msgs:/home/asis/hokuyo_ws/install/urg_node2:/home/asis/hokuyo_ws/install/slam_toolbox:/opt/ros/humble LD_LIBRARY_PATH=/home/asis/hokuyo_ws/src/install/nav_2d_msgs/lib:${LD_LIBRARY_PATH} PYTHONPATH=/home/asis/hokuyo_ws/src/install/nav_2d_msgs/local/lib/python3.10/dist-packages:${PYTHONPATH} /usr/bin/cmake /home/asis/hokuyo_ws/src/navigation2/nav2_dwb_controller/dwb_msgs -DCMAKE_INSTALL_PREFIX=/home/asis/hokuyo_ws/src/install/dwb_msgs
[0.358s] -- The C compiler identification is GNU 11.4.0
[0.594s] -- The CXX compiler identification is GNU 11.4.0
[0.623s] -- Detecting C compiler ABI info
[1.054s] -- Detecting C compiler ABI info - done
[1.066s] -- Check for working C compiler: /usr/bin/cc - skipped
[1.088s] -- Detecting C compile features
[1.089s] -- Detecting C compile features - done
[1.089s] -- Detecting CXX compiler ABI info
[1.335s] -- Detecting CXX compiler ABI info - done
[1.355s] -- Check for working CXX compiler: /usr/bin/c++ - skipped
[1.356s] -- Detecting CXX compile features
[1.356s] -- Detecting CXX compile features - done
[1.362s] -- Found builtin_interfaces: 1.2.1 (/opt/ros/humble/share/builtin_interfaces/cmake)
[1.736s] -- Found Python3: /usr/bin/python3 (found version "3.10.12") found components: Interpreter 
[2.017s] -- Found rosidl_generator_c: 3.1.5 (/opt/ros/humble/share/rosidl_generator_c/cmake)
[2.027s] -- Found rosidl_adapter: 3.1.5 (/opt/ros/humble/share/rosidl_adapter/cmake)
[2.042s] -- Found rosidl_generator_cpp: 3.1.5 (/opt/ros/humble/share/rosidl_generator_cpp/cmake)
[2.066s] -- Using all available rosidl_typesupport_c: rosidl_typesupport_fastrtps_c;rosidl_typesupport_introspection_c
[2.102s] -- Using all available rosidl_typesupport_cpp: rosidl_typesupport_fastrtps_cpp;rosidl_typesupport_introspection_cpp
[2.133s] -- Found geometry_msgs: 4.2.3 (/opt/ros/humble/share/geometry_msgs/cmake)
[2.315s] -- Found nav_2d_msgs: 1.1.15 (/home/asis/hokuyo_ws/src/install/nav_2d_msgs/share/nav_2d_msgs/cmake)
[2.437s] -- Found nav_msgs: 4.2.3 (/opt/ros/humble/share/nav_msgs/cmake)
[2.591s] -- Found rosidl_default_generators: 1.2.0 (/opt/ros/humble/share/rosidl_default_generators/cmake)
[3.282s] -- Found ament_cmake_ros: 0.10.0 (/opt/ros/humble/share/ament_cmake_ros/cmake)
[4.107s] -- Using all available rosidl_typesupport_c: rosidl_typesupport_fastrtps_c;rosidl_typesupport_introspection_c
[4.420s] -- Using all available rosidl_typesupport_cpp: rosidl_typesupport_fastrtps_cpp;rosidl_typesupport_introspection_cpp
[4.456s] -- Found PythonInterp: /usr/bin/python3 (found suitable version "3.10.12", minimum required is "3.6") 
[4.460s] -- Found python_cmake_module: 0.10.0 (/opt/ros/humble/share/python_cmake_module/cmake)
[4.522s] -- Found PythonLibs: /usr/lib/x86_64-linux-gnu/libpython3.10.so (found suitable version "3.10.12", minimum required is "3.5") 
[4.522s] -- Using PYTHON_EXECUTABLE: /usr/bin/python3
[4.522s] -- Using PYTHON_INCLUDE_DIRS: /usr/include/python3.10
[4.522s] -- Using PYTHON_LIBRARIES: /usr/lib/x86_64-linux-gnu/libpython3.10.so
[4.555s] -- Found PythonExtra: .so  
[4.690s] -- Configuring done
[4.782s] -- Generating done
[4.787s] -- Build files have been written to: /home/asis/hokuyo_ws/src/build/dwb_msgs
[4.821s] Invoked command in '/home/asis/hokuyo_ws/src/build/dwb_msgs' returned '0': AMENT_PREFIX_PATH=/home/asis/hokuyo_ws/src/install/nav_2d_msgs:${AMENT_PREFIX_PATH} CMAKE_PREFIX_PATH=/home/asis/hokuyo_ws/src/install/nav_2d_msgs:/home/asis/hokuyo_ws/install/urg_node2:/home/asis/hokuyo_ws/install/slam_toolbox:/opt/ros/humble LD_LIBRARY_PATH=/home/asis/hokuyo_ws/src/install/nav_2d_msgs/lib:${LD_LIBRARY_PATH} PYTHONPATH=/home/asis/hokuyo_ws/src/install/nav_2d_msgs/local/lib/python3.10/dist-packages:${PYTHONPATH} /usr/bin/cmake /home/asis/hokuyo_ws/src/navigation2/nav2_dwb_controller/dwb_msgs -DCMAKE_INSTALL_PREFIX=/home/asis/hokuyo_ws/src/install/dwb_msgs
[4.821s] Invoking command in '/home/asis/hokuyo_ws/src/build/dwb_msgs': AMENT_PREFIX_PATH=/home/asis/hokuyo_ws/src/install/nav_2d_msgs:${AMENT_PREFIX_PATH} CMAKE_PREFIX_PATH=/home/asis/hokuyo_ws/src/install/nav_2d_msgs:/home/asis/hokuyo_ws/install/urg_node2:/home/asis/hokuyo_ws/install/slam_toolbox:/opt/ros/humble LD_LIBRARY_PATH=/home/asis/hokuyo_ws/src/install/nav_2d_msgs/lib:${LD_LIBRARY_PATH} PYTHONPATH=/home/asis/hokuyo_ws/src/install/nav_2d_msgs/local/lib/python3.10/dist-packages:${PYTHONPATH} /usr/bin/cmake --build /home/asis/hokuyo_ws/src/build/dwb_msgs -- -j8 -l8
[4.895s] [  1%] [34m[1mGenerating C++ code for ROS interfaces[0m
[6.776s] [  1%] Built target dwb_msgs__cpp
[6.818s] [  1%] Built target ament_cmake_python_copy_dwb_msgs
[6.834s] [  2%] [34m[1mGenerating C++ introspection for ROS interfaces[0m
[8.311s] [  3%] [32mBuilding CXX object CMakeFiles/dwb_msgs__rosidl_typesupport_introspection_cpp.dir/rosidl_typesupport_introspection_cpp/dwb_msgs/msg/detail/critic_score__type_support.cpp.o[0m
[8.888s] [  4%] [32mBuilding CXX object CMakeFiles/dwb_msgs__rosidl_typesupport_introspection_cpp.dir/rosidl_typesupport_introspection_cpp/dwb_msgs/msg/detail/trajectory_score__type_support.cpp.o[0m
[9.531s] [  5%] [32mBuilding CXX object CMakeFiles/dwb_msgs__rosidl_typesupport_introspection_cpp.dir/rosidl_typesupport_introspection_cpp/dwb_msgs/srv/detail/debug_local_plan__type_support.cpp.o[0m
[10.189s] [  6%] [32mBuilding CXX object CMakeFiles/dwb_msgs__rosidl_typesupport_introspection_cpp.dir/rosidl_typesupport_introspection_cpp/dwb_msgs/srv/detail/generate_trajectory__type_support.cpp.o[0m
[10.694s] [  7%] [32mBuilding CXX object CMakeFiles/dwb_msgs__rosidl_typesupport_introspection_cpp.dir/rosidl_typesupport_introspection_cpp/dwb_msgs/srv/detail/generate_twists__type_support.cpp.o[0m
[10.725s] [  8%] [32mBuilding CXX object CMakeFiles/dwb_msgs__rosidl_typesupport_introspection_cpp.dir/rosidl_typesupport_introspection_cpp/dwb_msgs/msg/detail/trajectory2_d__type_support.cpp.o[0m
[11.617s] [  9%] [32mBuilding CXX object CMakeFiles/dwb_msgs__rosidl_typesupport_introspection_cpp.dir/rosidl_typesupport_introspection_cpp/dwb_msgs/srv/detail/get_critic_score__type_support.cpp.o[0m
[11.740s] [ 10%] [32mBuilding CXX object CMakeFiles/dwb_msgs__rosidl_typesupport_introspection_cpp.dir/rosidl_typesupport_introspection_cpp/dwb_msgs/srv/detail/score_trajectory__type_support.cpp.o[0m
[12.717s] [ 11%] [32mBuilding CXX object CMakeFiles/dwb_msgs__rosidl_typesupport_introspection_cpp.dir/rosidl_typesupport_introspection_cpp/dwb_msgs/msg/detail/local_plan_evaluation__type_support.cpp.o[0m
[14.055s] [ 12%] [32m[1mLinking CXX shared library libdwb_msgs__rosidl_typesupport_introspection_cpp.so[0m
[14.459s] [ 12%] Built target dwb_msgs__rosidl_typesupport_introspection_cpp
[14.546s] [ 13%] [34m[1mGenerating C++ type support for eProsima Fast-RTPS[0m
[15.242s] running egg_info
[15.242s] creating dwb_msgs.egg-info
[15.242s] writing dwb_msgs.egg-info/PKG-INFO
[15.261s] writing dependency_links to dwb_msgs.egg-info/dependency_links.txt
[15.261s] writing top-level names to dwb_msgs.egg-info/top_level.txt
[15.261s] writing manifest file 'dwb_msgs.egg-info/SOURCES.txt'
[15.266s] reading manifest file 'dwb_msgs.egg-info/SOURCES.txt'
[15.266s] writing manifest file 'dwb_msgs.egg-info/SOURCES.txt'
[15.455s] [ 13%] Built target ament_cmake_python_build_dwb_msgs_egg
[16.956s] [ 14%] [32mBuilding CXX object CMakeFiles/dwb_msgs__rosidl_typesupport_fastrtps_cpp.dir/rosidl_typesupport_fastrtps_cpp/dwb_msgs/msg/detail/dds_fastrtps/critic_score__type_support.cpp.o[0m
[17.568s] [ 15%] [32mBuilding CXX object CMakeFiles/dwb_msgs__rosidl_typesupport_fastrtps_cpp.dir/rosidl_typesupport_fastrtps_cpp/dwb_msgs/srv/detail/dds_fastrtps/generate_trajectory__type_support.cpp.o[0m
[18.144s] [ 16%] [32mBuilding CXX object CMakeFiles/dwb_msgs__rosidl_typesupport_fastrtps_cpp.dir/rosidl_typesupport_fastrtps_cpp/dwb_msgs/srv/detail/dds_fastrtps/generate_twists__type_support.cpp.o[0m
[18.779s] [ 17%] [32mBuilding CXX object CMakeFiles/dwb_msgs__rosidl_typesupport_fastrtps_cpp.dir/rosidl_typesupport_fastrtps_cpp/dwb_msgs/srv/detail/dds_fastrtps/get_critic_score__type_support.cpp.o[0m
[19.401s] [ 18%] [32mBuilding CXX object CMakeFiles/dwb_msgs__rosidl_typesupport_fastrtps_cpp.dir/rosidl_typesupport_fastrtps_cpp/dwb_msgs/srv/detail/dds_fastrtps/score_trajectory__type_support.cpp.o[0m
[20.002s] [ 20%] [32mBuilding CXX object CMakeFiles/dwb_msgs__rosidl_typesupport_fastrtps_cpp.dir/rosidl_typesupport_fastrtps_cpp/dwb_msgs/srv/detail/dds_fastrtps/debug_local_plan__type_support.cpp.o[0m
[20.593s] [ 21%] [32mBuilding CXX object CMakeFiles/dwb_msgs__rosidl_typesupport_fastrtps_cpp.dir/rosidl_typesupport_fastrtps_cpp/dwb_msgs/msg/detail/dds_fastrtps/trajectory_score__type_support.cpp.o[0m
[21.021s] [ 22%] [32mBuilding CXX object CMakeFiles/dwb_msgs__rosidl_typesupport_fastrtps_cpp.dir/rosidl_typesupport_fastrtps_cpp/dwb_msgs/msg/detail/dds_fastrtps/trajectory2_d__type_support.cpp.o[0m
[21.648s] [ 23%] [32mBuilding CXX object CMakeFiles/dwb_msgs__rosidl_typesupport_fastrtps_cpp.dir/rosidl_typesupport_fastrtps_cpp/dwb_msgs/msg/detail/dds_fastrtps/local_plan_evaluation__type_support.cpp.o[0m
[22.356s] [ 24%] [32m[1mLinking CXX shared library libdwb_msgs__rosidl_typesupport_fastrtps_cpp.so[0m
[22.461s] [ 24%] Built target dwb_msgs__rosidl_typesupport_fastrtps_cpp
[22.473s] [ 25%] [34m[1mGenerating C++ type support dispatch for ROS interfaces[0m
[23.328s] [ 26%] [32mBuilding CXX object CMakeFiles/dwb_msgs__rosidl_typesupport_cpp.dir/rosidl_typesupport_cpp/dwb_msgs/msg/critic_score__type_support.cpp.o[0m
[23.682s] [ 27%] [32mBuilding CXX object CMakeFiles/dwb_msgs__rosidl_typesupport_cpp.dir/rosidl_typesupport_cpp/dwb_msgs/srv/generate_twists__type_support.cpp.o[0m
[23.931s] [ 28%] [32mBuilding CXX object CMakeFiles/dwb_msgs__rosidl_typesupport_cpp.dir/rosidl_typesupport_cpp/dwb_msgs/srv/get_critic_score__type_support.cpp.o[0m
[24.195s] [ 29%] [32mBuilding CXX object CMakeFiles/dwb_msgs__rosidl_typesupport_cpp.dir/rosidl_typesupport_cpp/dwb_msgs/srv/score_trajectory__type_support.cpp.o[0m
[24.463s] [ 30%] [32mBuilding CXX object CMakeFiles/dwb_msgs__rosidl_typesupport_cpp.dir/rosidl_typesupport_cpp/dwb_msgs/srv/generate_trajectory__type_support.cpp.o[0m
[24.871s] [ 31%] [32mBuilding CXX object CMakeFiles/dwb_msgs__rosidl_typesupport_cpp.dir/rosidl_typesupport_cpp/dwb_msgs/srv/debug_local_plan__type_support.cpp.o[0m
[25.292s] [ 32%] [32mBuilding CXX object CMakeFiles/dwb_msgs__rosidl_typesupport_cpp.dir/rosidl_typesupport_cpp/dwb_msgs/msg/trajectory_score__type_support.cpp.o[0m
[25.631s] [ 34%] [32mBuilding CXX object CMakeFiles/dwb_msgs__rosidl_typesupport_cpp.dir/rosidl_typesupport_cpp/dwb_msgs/msg/local_plan_evaluation__type_support.cpp.o[0m
[25.631s] [ 34%] [32mBuilding CXX object CMakeFiles/dwb_msgs__rosidl_typesupport_cpp.dir/rosidl_typesupport_cpp/dwb_msgs/msg/trajectory2_d__type_support.cpp.o[0m
[26.049s] [ 35%] [32m[1mLinking CXX shared library libdwb_msgs__rosidl_typesupport_cpp.so[0m
[26.137s] [ 35%] Built target dwb_msgs__rosidl_typesupport_cpp
[26.154s] [ 36%] [34m[1mGenerating C code for ROS interfaces[0m
[28.402s] [ 37%] [32mBuilding C object CMakeFiles/dwb_msgs__rosidl_generator_c.dir/rosidl_generator_c/dwb_msgs/msg/detail/local_plan_evaluation__functions.c.o[0m
[28.413s] [ 38%] [32mBuilding C object CMakeFiles/dwb_msgs__rosidl_generator_c.dir/rosidl_generator_c/dwb_msgs/msg/detail/critic_score__functions.c.o[0m
[28.532s] [ 40%] [32mBuilding C object CMakeFiles/dwb_msgs__rosidl_generator_c.dir/rosidl_generator_c/dwb_msgs/srv/detail/get_critic_score__functions.c.o[0m
[28.544s] [ 41%] [32mBuilding C object CMakeFiles/dwb_msgs__rosidl_generator_c.dir/rosidl_generator_c/dwb_msgs/srv/detail/score_trajectory__functions.c.o[0m
[28.687s] [ 42%] [32mBuilding C object CMakeFiles/dwb_msgs__rosidl_generator_c.dir/rosidl_generator_c/dwb_msgs/srv/detail/generate_twists__functions.c.o[0m
[28.709s] [ 43%] [32mBuilding C object CMakeFiles/dwb_msgs__rosidl_generator_c.dir/rosidl_generator_c/dwb_msgs/srv/detail/generate_trajectory__functions.c.o[0m
[28.832s] [ 44%] [32mBuilding C object CMakeFiles/dwb_msgs__rosidl_generator_c.dir/rosidl_generator_c/dwb_msgs/srv/detail/debug_local_plan__functions.c.o[0m
[28.847s] [ 45%] [32mBuilding C object CMakeFiles/dwb_msgs__rosidl_generator_c.dir/rosidl_generator_c/dwb_msgs/msg/detail/trajectory_score__functions.c.o[0m
[28.935s] [ 46%] [32mBuilding C object CMakeFiles/dwb_msgs__rosidl_generator_c.dir/rosidl_generator_c/dwb_msgs/msg/detail/trajectory2_d__functions.c.o[0m
[29.022s] [ 47%] [32m[1mLinking C shared library libdwb_msgs__rosidl_generator_c.so[0m
[29.090s] [ 47%] Built target dwb_msgs__rosidl_generator_c
[29.110s] [ 48%] [34m[1mGenerating C introspection for ROS interfaces[0m
[29.155s] [ 49%] [34m[1mGenerating C type support for eProsima Fast-RTPS[0m
[30.713s] [ 50%] [32mBuilding C object CMakeFiles/dwb_msgs__rosidl_typesupport_introspection_c.dir/rosidl_typesupport_introspection_c/dwb_msgs/msg/detail/local_plan_evaluation__type_support.c.o[0m
[30.725s] [ 51%] [32mBuilding C object CMakeFiles/dwb_msgs__rosidl_typesupport_introspection_c.dir/rosidl_typesupport_introspection_c/dwb_msgs/msg/detail/critic_score__type_support.c.o[0m
[30.788s] [ 52%] [32mBuilding C object CMakeFiles/dwb_msgs__rosidl_typesupport_introspection_c.dir/rosidl_typesupport_introspection_c/dwb_msgs/srv/detail/generate_trajectory__type_support.c.o[0m
[30.869s] [ 54%] [32mBuilding C object CMakeFiles/dwb_msgs__rosidl_typesupport_introspection_c.dir/rosidl_typesupport_introspection_c/dwb_msgs/srv/detail/debug_local_plan__type_support.c.o[0m
[30.871s] [ 54%] [32mBuilding C object CMakeFiles/dwb_msgs__rosidl_typesupport_introspection_c.dir/rosidl_typesupport_introspection_c/dwb_msgs/srv/detail/generate_twists__type_support.c.o[0m
[30.950s] [ 55%] [32mBuilding C object CMakeFiles/dwb_msgs__rosidl_typesupport_introspection_c.dir/rosidl_typesupport_introspection_c/dwb_msgs/srv/detail/score_trajectory__type_support.c.o[0m
[30.972s] [ 56%] [32mBuilding C object CMakeFiles/dwb_msgs__rosidl_typesupport_introspection_c.dir/rosidl_typesupport_introspection_c/dwb_msgs/srv/detail/get_critic_score__type_support.c.o[0m
[31.013s] [ 57%] [32mBuilding CXX object CMakeFiles/dwb_msgs__rosidl_typesupport_fastrtps_c.dir/rosidl_typesupport_fastrtps_c/dwb_msgs/msg/detail/critic_score__type_support_c.cpp.o[0m
[31.041s] [ 58%] [32mBuilding CXX object CMakeFiles/dwb_msgs__rosidl_typesupport_fastrtps_c.dir/rosidl_typesupport_fastrtps_c/dwb_msgs/msg/detail/local_plan_evaluation__type_support_c.cpp.o[0m
[31.068s] [ 60%] [32mBuilding C object CMakeFiles/dwb_msgs__rosidl_typesupport_introspection_c.dir/rosidl_typesupport_introspection_c/dwb_msgs/msg/detail/trajectory2_d__type_support.c.o[0m
[31.095s] [ 61%] [32mBuilding C object CMakeFiles/dwb_msgs__rosidl_typesupport_introspection_c.dir/rosidl_typesupport_introspection_c/dwb_msgs/msg/detail/trajectory_score__type_support.c.o[0m
[31.255s] [ 62%] [32m[1mLinking C shared library libdwb_msgs__rosidl_typesupport_introspection_c.so[0m
[31.450s] [ 62%] Built target dwb_msgs__rosidl_typesupport_introspection_c
[31.467s] [ 63%] [34m[1mGenerating C type support dispatch for ROS interfaces[0m
[31.482s] [ 64%] [32mBuilding CXX object CMakeFiles/dwb_msgs__rosidl_typesupport_fastrtps_c.dir/rosidl_typesupport_fastrtps_c/dwb_msgs/srv/detail/generate_twists__type_support_c.cpp.o[0m
[31.669s] [ 65%] [32mBuilding CXX object CMakeFiles/dwb_msgs__rosidl_typesupport_fastrtps_c.dir/rosidl_typesupport_fastrtps_c/dwb_msgs/srv/detail/generate_trajectory__type_support_c.cpp.o[0m
[31.682s] [ 66%] [32mBuilding CXX object CMakeFiles/dwb_msgs__rosidl_typesupport_fastrtps_c.dir/rosidl_typesupport_fastrtps_c/dwb_msgs/srv/detail/debug_local_plan__type_support_c.cpp.o[0m
[32.247s] [ 67%] [32mBuilding CXX object CMakeFiles/dwb_msgs__rosidl_typesupport_fastrtps_c.dir/rosidl_typesupport_fastrtps_c/dwb_msgs/srv/detail/score_trajectory__type_support_c.cpp.o[0m
[32.271s] [ 68%] [32mBuilding CXX object CMakeFiles/dwb_msgs__rosidl_typesupport_fastrtps_c.dir/rosidl_typesupport_fastrtps_c/dwb_msgs/srv/detail/get_critic_score__type_support_c.cpp.o[0m
[32.313s] [ 69%] [32mBuilding CXX object CMakeFiles/dwb_msgs__rosidl_typesupport_fastrtps_c.dir/rosidl_typesupport_fastrtps_c/dwb_msgs/msg/detail/trajectory_score__type_support_c.cpp.o[0m
[33.015s] [ 70%] [32mBuilding CXX object CMakeFiles/dwb_msgs__rosidl_typesupport_fastrtps_c.dir/rosidl_typesupport_fastrtps_c/dwb_msgs/msg/detail/trajectory2_d__type_support_c.cpp.o[0m
[33.180s] [ 72%] [32mBuilding CXX object CMakeFiles/dwb_msgs__rosidl_typesupport_c.dir/rosidl_typesupport_c/dwb_msgs/msg/critic_score__type_support.cpp.o[0m
[33.182s] [ 72%] [32mBuilding CXX object CMakeFiles/dwb_msgs__rosidl_typesupport_c.dir/rosidl_typesupport_c/dwb_msgs/msg/local_plan_evaluation__type_support.cpp.o[0m
[33.309s] [ 73%] [32mBuilding CXX object CMakeFiles/dwb_msgs__rosidl_typesupport_c.dir/rosidl_typesupport_c/dwb_msgs/srv/generate_twists__type_support.cpp.o[0m
[33.329s] [ 74%] [32mBuilding CXX object CMakeFiles/dwb_msgs__rosidl_typesupport_c.dir/rosidl_typesupport_c/dwb_msgs/srv/get_critic_score__type_support.cpp.o[0m
[33.375s] [ 75%] [32mBuilding CXX object CMakeFiles/dwb_msgs__rosidl_typesupport_c.dir/rosidl_typesupport_c/dwb_msgs/srv/score_trajectory__type_support.cpp.o[0m
[33.420s] [ 76%] [32mBuilding CXX object CMakeFiles/dwb_msgs__rosidl_typesupport_c.dir/rosidl_typesupport_c/dwb_msgs/srv/generate_trajectory__type_support.cpp.o[0m
[33.433s] [ 77%] [32mBuilding CXX object CMakeFiles/dwb_msgs__rosidl_typesupport_c.dir/rosidl_typesupport_c/dwb_msgs/srv/debug_local_plan__type_support.cpp.o[0m
[33.507s] [ 78%] [32mBuilding CXX object CMakeFiles/dwb_msgs__rosidl_typesupport_c.dir/rosidl_typesupport_c/dwb_msgs/msg/trajectory_score__type_support.cpp.o[0m
[33.539s] [ 80%] [32mBuilding CXX object CMakeFiles/dwb_msgs__rosidl_typesupport_c.dir/rosidl_typesupport_c/dwb_msgs/msg/trajectory2_d__type_support.cpp.o[0m
[33.643s] [ 81%] [32m[1mLinking CXX shared library libdwb_msgs__rosidl_typesupport_c.so[0m
[33.736s] [ 82%] [32m[1mLinking CXX shared library libdwb_msgs__rosidl_typesupport_fastrtps_c.so[0m
[33.738s] [ 82%] Built target dwb_msgs__rosidl_typesupport_c
[33.885s] [ 82%] Built target dwb_msgs__rosidl_typesupport_fastrtps_c
[33.919s] [ 82%] Built target dwb_msgs
[33.950s] [ 83%] [34m[1mGenerating Python code for ROS interfaces[0m
[36.312s] [ 83%] Built target dwb_msgs__py
[36.339s] [ 84%] [32mBuilding C object CMakeFiles/dwb_msgs__rosidl_generator_py.dir/rosidl_generator_py/dwb_msgs/msg/_critic_score_s.c.o[0m
[36.341s] [ 85%] [32mBuilding C object CMakeFiles/dwb_msgs__rosidl_generator_py.dir/rosidl_generator_py/dwb_msgs/msg/_local_plan_evaluation_s.c.o[0m
[36.509s] [ 86%] [32mBuilding C object CMakeFiles/dwb_msgs__rosidl_generator_py.dir/rosidl_generator_py/dwb_msgs/srv/_get_critic_score_s.c.o[0m
[36.518s] [ 87%] [32mBuilding C object CMakeFiles/dwb_msgs__rosidl_generator_py.dir/rosidl_generator_py/dwb_msgs/srv/_score_trajectory_s.c.o[0m
[36.671s] [ 88%] [32mBuilding C object CMakeFiles/dwb_msgs__rosidl_generator_py.dir/rosidl_generator_py/dwb_msgs/srv/_generate_twists_s.c.o[0m
[36.694s] [ 89%] [32mBuilding C object CMakeFiles/dwb_msgs__rosidl_generator_py.dir/rosidl_generator_py/dwb_msgs/srv/_generate_trajectory_s.c.o[0m
[36.789s] [ 90%] [32mBuilding C object CMakeFiles/dwb_msgs__rosidl_generator_py.dir/rosidl_generator_py/dwb_msgs/srv/_debug_local_plan_s.c.o[0m
[36.860s] [ 91%] [32mBuilding C object CMakeFiles/dwb_msgs__rosidl_generator_py.dir/rosidl_generator_py/dwb_msgs/msg/_trajectory_score_s.c.o[0m
[36.903s] [ 92%] [32mBuilding C object CMakeFiles/dwb_msgs__rosidl_generator_py.dir/rosidl_generator_py/dwb_msgs/msg/_trajectory2_d_s.c.o[0m
[37.064s] [ 93%] [32m[1mLinking C shared library rosidl_generator_py/dwb_msgs/libdwb_msgs__rosidl_generator_py.so[0m
[37.111s] [ 93%] Built target dwb_msgs__rosidl_generator_py
[37.134s] [ 94%] [32mBuilding C object CMakeFiles/dwb_msgs__rosidl_typesupport_introspection_c__pyext.dir/rosidl_generator_py/dwb_msgs/_dwb_msgs_s.ep.rosidl_typesupport_introspection_c.c.o[0m
[37.136s] [ 95%] [32mBuilding C object CMakeFiles/dwb_msgs__rosidl_typesupport_fastrtps_c__pyext.dir/rosidl_generator_py/dwb_msgs/_dwb_msgs_s.ep.rosidl_typesupport_fastrtps_c.c.o[0m
[37.281s] [ 96%] [32m[1mLinking C shared library rosidl_generator_py/dwb_msgs/dwb_msgs_s__rosidl_typesupport_fastrtps_c.cpython-310-x86_64-linux-gnu.so[0m
[37.340s] [ 96%] Built target dwb_msgs__rosidl_typesupport_fastrtps_c__pyext
[37.343s] [ 97%] [32m[1mLinking C shared library rosidl_generator_py/dwb_msgs/dwb_msgs_s__rosidl_typesupport_introspection_c.cpython-310-x86_64-linux-gnu.so[0m
[37.361s] [ 98%] [32mBuilding C object CMakeFiles/dwb_msgs__rosidl_typesupport_c__pyext.dir/rosidl_generator_py/dwb_msgs/_dwb_msgs_s.ep.rosidl_typesupport_c.c.o[0m
[37.407s] [ 98%] Built target dwb_msgs__rosidl_typesupport_introspection_c__pyext
[37.531s] [100%] [32m[1mLinking C shared library rosidl_generator_py/dwb_msgs/dwb_msgs_s__rosidl_typesupport_c.cpython-310-x86_64-linux-gnu.so[0m
[37.575s] [100%] Built target dwb_msgs__rosidl_typesupport_c__pyext
[37.588s] Invoked command in '/home/asis/hokuyo_ws/src/build/dwb_msgs' returned '0': AMENT_PREFIX_PATH=/home/asis/hokuyo_ws/src/install/nav_2d_msgs:${AMENT_PREFIX_PATH} CMAKE_PREFIX_PATH=/home/asis/hokuyo_ws/src/install/nav_2d_msgs:/home/asis/hokuyo_ws/install/urg_node2:/home/asis/hokuyo_ws/install/slam_toolbox:/opt/ros/humble LD_LIBRARY_PATH=/home/asis/hokuyo_ws/src/install/nav_2d_msgs/lib:${LD_LIBRARY_PATH} PYTHONPATH=/home/asis/hokuyo_ws/src/install/nav_2d_msgs/local/lib/python3.10/dist-packages:${PYTHONPATH} /usr/bin/cmake --build /home/asis/hokuyo_ws/src/build/dwb_msgs -- -j8 -l8
[37.798s] Invoking command in '/home/asis/hokuyo_ws/src/build/dwb_msgs': AMENT_PREFIX_PATH=/home/asis/hokuyo_ws/src/install/nav_2d_msgs:${AMENT_PREFIX_PATH} CMAKE_PREFIX_PATH=/home/asis/hokuyo_ws/src/install/nav_2d_msgs:/home/asis/hokuyo_ws/install/urg_node2:/home/asis/hokuyo_ws/install/slam_toolbox:/opt/ros/humble LD_LIBRARY_PATH=/home/asis/hokuyo_ws/src/install/nav_2d_msgs/lib:${LD_LIBRARY_PATH} PYTHONPATH=/home/asis/hokuyo_ws/src/install/nav_2d_msgs/local/lib/python3.10/dist-packages:${PYTHONPATH} /usr/bin/cmake --install /home/asis/hokuyo_ws/src/build/dwb_msgs
[37.806s] -- Install configuration: ""
[37.806s] -- Installing: /home/asis/hokuyo_ws/src/install/dwb_msgs/share/ament_index/resource_index/rosidl_interfaces/dwb_msgs
[37.807s] -- Installing: /home/asis/hokuyo_ws/src/install/dwb_msgs/include/dwb_msgs/dwb_msgs
[37.807s] -- Installing: /home/asis/hokuyo_ws/src/install/dwb_msgs/include/dwb_msgs/dwb_msgs/srv
[37.807s] -- Installing: /home/asis/hokuyo_ws/src/install/dwb_msgs/include/dwb_msgs/dwb_msgs/srv/get_critic_score.h
[37.807s] -- Installing: /home/asis/hokuyo_ws/src/install/dwb_msgs/include/dwb_msgs/dwb_msgs/srv/generate_trajectory.h
[37.807s] -- Installing: /home/asis/hokuyo_ws/src/install/dwb_msgs/include/dwb_msgs/dwb_msgs/srv/generate_twists.h
[37.807s] -- Installing: /home/asis/hokuyo_ws/src/install/dwb_msgs/include/dwb_msgs/dwb_msgs/srv/debug_local_plan.h
[37.808s] -- Installing: /home/asis/hokuyo_ws/src/install/dwb_msgs/include/dwb_msgs/dwb_msgs/srv/detail
[37.808s] -- Installing: /home/asis/hokuyo_ws/src/install/dwb_msgs/include/dwb_msgs/dwb_msgs/srv/detail/debug_local_plan__struct.h
[37.808s] -- Installing: /home/asis/hokuyo_ws/src/install/dwb_msgs/include/dwb_msgs/dwb_msgs/srv/detail/get_critic_score__type_support.h
[37.808s] -- Installing: /home/asis/hokuyo_ws/src/install/dwb_msgs/include/dwb_msgs/dwb_msgs/srv/detail/score_trajectory__functions.h
[37.808s] -- Installing: /home/asis/hokuyo_ws/src/install/dwb_msgs/include/dwb_msgs/dwb_msgs/srv/detail/get_critic_score__struct.h
[37.808s] -- Installing: /home/asis/hokuyo_ws/src/install/dwb_msgs/include/dwb_msgs/dwb_msgs/srv/detail/get_critic_score__functions.c
[37.808s] -- Installing: /home/asis/hokuyo_ws/src/install/dwb_msgs/include/dwb_msgs/dwb_msgs/srv/detail/generate_twists__functions.c
[37.809s] -- Installing: /home/asis/hokuyo_ws/src/install/dwb_msgs/include/dwb_msgs/dwb_msgs/srv/detail/score_trajectory__struct.h
[37.809s] -- Installing: /home/asis/hokuyo_ws/src/install/dwb_msgs/include/dwb_msgs/dwb_msgs/srv/detail/generate_trajectory__functions.h
[37.809s] -- Installing: /home/asis/hokuyo_ws/src/install/dwb_msgs/include/dwb_msgs/dwb_msgs/srv/detail/debug_local_plan__functions.h
[37.809s] -- Installing: /home/asis/hokuyo_ws/src/install/dwb_msgs/include/dwb_msgs/dwb_msgs/srv/detail/score_trajectory__type_support.h
[37.809s] -- Installing: /home/asis/hokuyo_ws/src/install/dwb_msgs/include/dwb_msgs/dwb_msgs/srv/detail/generate_twists__struct.h
[37.809s] -- Installing: /home/asis/hokuyo_ws/src/install/dwb_msgs/include/dwb_msgs/dwb_msgs/srv/detail/score_trajectory__functions.c
[37.810s] -- Installing: /home/asis/hokuyo_ws/src/install/dwb_msgs/include/dwb_msgs/dwb_msgs/srv/detail/generate_trajectory__type_support.h
[37.810s] -- Installing: /home/asis/hokuyo_ws/src/install/dwb_msgs/include/dwb_msgs/dwb_msgs/srv/detail/generate_trajectory__struct.h
[37.810s] -- Installing: /home/asis/hokuyo_ws/src/install/dwb_msgs/include/dwb_msgs/dwb_msgs/srv/detail/generate_trajectory__functions.c
[37.810s] -- Installing: /home/asis/hokuyo_ws/src/install/dwb_msgs/include/dwb_msgs/dwb_msgs/srv/detail/debug_local_plan__functions.c
[37.810s] -- Installing: /home/asis/hokuyo_ws/src/install/dwb_msgs/include/dwb_msgs/dwb_msgs/srv/detail/generate_twists__functions.h
[37.810s] -- Installing: /home/asis/hokuyo_ws/src/install/dwb_msgs/include/dwb_msgs/dwb_msgs/srv/detail/get_critic_score__functions.h
[37.810s] -- Installing: /home/asis/hokuyo_ws/src/install/dwb_msgs/include/dwb_msgs/dwb_msgs/srv/detail/generate_twists__type_support.h
[37.811s] -- Installing: /home/asis/hokuyo_ws/src/install/dwb_msgs/include/dwb_msgs/dwb_msgs/srv/detail/debug_local_plan__type_support.h
[37.811s] -- Installing: /home/asis/hokuyo_ws/src/install/dwb_msgs/include/dwb_msgs/dwb_msgs/srv/score_trajectory.h
[37.811s] -- Installing: /home/asis/hokuyo_ws/src/install/dwb_msgs/include/dwb_msgs/dwb_msgs/msg
[37.811s] -- Installing: /home/asis/hokuyo_ws/src/install/dwb_msgs/include/dwb_msgs/dwb_msgs/msg/critic_score.h
[37.811s] -- Installing: /home/asis/hokuyo_ws/src/install/dwb_msgs/include/dwb_msgs/dwb_msgs/msg/rosidl_generator_c__visibility_control.h
[37.811s] -- Installing: /home/asis/hokuyo_ws/src/install/dwb_msgs/include/dwb_msgs/dwb_msgs/msg/trajectory_score.h
[37.812s] -- Installing: /home/asis/hokuyo_ws/src/install/dwb_msgs/include/dwb_msgs/dwb_msgs/msg/trajectory2_d.h
[37.812s] -- Installing: /home/asis/hokuyo_ws/src/install/dwb_msgs/include/dwb_msgs/dwb_msgs/msg/detail
[37.812s] -- Installing: /home/asis/hokuyo_ws/src/install/dwb_msgs/include/dwb_msgs/dwb_msgs/msg/detail/trajectory2_d__type_support.h
[37.812s] -- Installing: /home/asis/hokuyo_ws/src/install/dwb_msgs/include/dwb_msgs/dwb_msgs/msg/detail/trajectory2_d__functions.h
[37.812s] -- Installing: /home/asis/hokuyo_ws/src/install/dwb_msgs/include/dwb_msgs/dwb_msgs/msg/detail/trajectory2_d__functions.c
[37.812s] -- Installing: /home/asis/hokuyo_ws/src/install/dwb_msgs/include/dwb_msgs/dwb_msgs/msg/detail/trajectory_score__functions.c
[37.813s] -- Installing: /home/asis/hokuyo_ws/src/install/dwb_msgs/include/dwb_msgs/dwb_msgs/msg/detail/critic_score__type_support.h
[37.813s] -- Installing: /home/asis/hokuyo_ws/src/install/dwb_msgs/include/dwb_msgs/dwb_msgs/msg/detail/trajectory_score__type_support.h
[37.813s] -- Installing: /home/asis/hokuyo_ws/src/install/dwb_msgs/include/dwb_msgs/dwb_msgs/msg/detail/critic_score__struct.h
[37.813s] -- Installing: /home/asis/hokuyo_ws/src/install/dwb_msgs/include/dwb_msgs/dwb_msgs/msg/detail/critic_score__functions.c
[37.813s] -- Installing: /home/asis/hokuyo_ws/src/install/dwb_msgs/include/dwb_msgs/dwb_msgs/msg/detail/trajectory_score__struct.h
[37.813s] -- Installing: /home/asis/hokuyo_ws/src/install/dwb_msgs/include/dwb_msgs/dwb_msgs/msg/detail/local_plan_evaluation__struct.h
[37.813s] -- Installing: /home/asis/hokuyo_ws/src/install/dwb_msgs/include/dwb_msgs/dwb_msgs/msg/detail/trajectory_score__functions.h
[37.813s] -- Installing: /home/asis/hokuyo_ws/src/install/dwb_msgs/include/dwb_msgs/dwb_msgs/msg/detail/local_plan_evaluation__functions.c
[37.814s] -- Installing: /home/asis/hokuyo_ws/src/install/dwb_msgs/include/dwb_msgs/dwb_msgs/msg/detail/critic_score__functions.h
[37.814s] -- Installing: /home/asis/hokuyo_ws/src/install/dwb_msgs/include/dwb_msgs/dwb_msgs/msg/detail/local_plan_evaluation__functions.h
[37.814s] -- Installing: /home/asis/hokuyo_ws/src/install/dwb_msgs/include/dwb_msgs/dwb_msgs/msg/detail/local_plan_evaluation__type_support.h
[37.814s] -- Installing: /home/asis/hokuyo_ws/src/install/dwb_msgs/include/dwb_msgs/dwb_msgs/msg/detail/trajectory2_d__struct.h
[37.814s] -- Installing: /home/asis/hokuyo_ws/src/install/dwb_msgs/include/dwb_msgs/dwb_msgs/msg/local_plan_evaluation.h
[37.814s] -- Installing: /home/asis/hokuyo_ws/src/install/dwb_msgs/share/dwb_msgs/environment/library_path.sh
[37.814s] -- Installing: /home/asis/hokuyo_ws/src/install/dwb_msgs/share/dwb_msgs/environment/library_path.dsv
[37.815s] -- Installing: /home/asis/hokuyo_ws/src/install/dwb_msgs/lib/libdwb_msgs__rosidl_generator_c.so
[37.815s] -- Set runtime path of "/home/asis/hokuyo_ws/src/install/dwb_msgs/lib/libdwb_msgs__rosidl_generator_c.so" to ""
[37.816s] -- Up-to-date: /home/asis/hokuyo_ws/src/install/dwb_msgs/include/dwb_msgs/dwb_msgs
[37.816s] -- Up-to-date: /home/asis/hokuyo_ws/src/install/dwb_msgs/include/dwb_msgs/dwb_msgs/srv
[37.816s] -- Up-to-date: /home/asis/hokuyo_ws/src/install/dwb_msgs/include/dwb_msgs/dwb_msgs/srv/detail
[37.816s] -- Installing: /home/asis/hokuyo_ws/src/install/dwb_msgs/include/dwb_msgs/dwb_msgs/srv/detail/debug_local_plan__rosidl_typesupport_fastrtps_c.h
[37.816s] -- Installing: /home/asis/hokuyo_ws/src/install/dwb_msgs/include/dwb_msgs/dwb_msgs/srv/detail/generate_twists__rosidl_typesupport_fastrtps_c.h
[37.816s] -- Installing: /home/asis/hokuyo_ws/src/install/dwb_msgs/include/dwb_msgs/dwb_msgs/srv/detail/get_critic_score__rosidl_typesupport_fastrtps_c.h
[37.816s] -- Installing: /home/asis/hokuyo_ws/src/install/dwb_msgs/include/dwb_msgs/dwb_msgs/srv/detail/score_trajectory__rosidl_typesupport_fastrtps_c.h
[37.816s] -- Installing: /home/asis/hokuyo_ws/src/install/dwb_msgs/include/dwb_msgs/dwb_msgs/srv/detail/generate_trajectory__rosidl_typesupport_fastrtps_c.h
[37.817s] -- Up-to-date: /home/asis/hokuyo_ws/src/install/dwb_msgs/include/dwb_msgs/dwb_msgs/msg
[37.817s] -- Up-to-date: /home/asis/hokuyo_ws/src/install/dwb_msgs/include/dwb_msgs/dwb_msgs/msg/detail
[37.817s] -- Installing: /home/asis/hokuyo_ws/src/install/dwb_msgs/include/dwb_msgs/dwb_msgs/msg/detail/trajectory2_d__rosidl_typesupport_fastrtps_c.h
[37.817s] -- Installing: /home/asis/hokuyo_ws/src/install/dwb_msgs/include/dwb_msgs/dwb_msgs/msg/detail/local_plan_evaluation__rosidl_typesupport_fastrtps_c.h
[37.817s] -- Installing: /home/asis/hokuyo_ws/src/install/dwb_msgs/include/dwb_msgs/dwb_msgs/msg/detail/trajectory_score__rosidl_typesupport_fastrtps_c.h
[37.817s] -- Installing: /home/asis/hokuyo_ws/src/install/dwb_msgs/include/dwb_msgs/dwb_msgs/msg/detail/critic_score__rosidl_typesupport_fastrtps_c.h
[37.817s] -- Installing: /home/asis/hokuyo_ws/src/install/dwb_msgs/include/dwb_msgs/dwb_msgs/msg/rosidl_typesupport_fastrtps_c__visibility_control.h
[37.817s] -- Installing: /home/asis/hokuyo_ws/src/install/dwb_msgs/lib/libdwb_msgs__rosidl_typesupport_fastrtps_c.so
[37.818s] -- Set runtime path of "/home/asis/hokuyo_ws/src/install/dwb_msgs/lib/libdwb_msgs__rosidl_typesupport_fastrtps_c.so" to ""
[37.818s] -- Up-to-date: /home/asis/hokuyo_ws/src/install/dwb_msgs/include/dwb_msgs/dwb_msgs
[37.818s] -- Up-to-date: /home/asis/hokuyo_ws/src/install/dwb_msgs/include/dwb_msgs/dwb_msgs/srv
[37.818s] -- Installing: /home/asis/hokuyo_ws/src/install/dwb_msgs/include/dwb_msgs/dwb_msgs/srv/score_trajectory.hpp
[37.818s] -- Installing: /home/asis/hokuyo_ws/src/install/dwb_msgs/include/dwb_msgs/dwb_msgs/srv/get_critic_score.hpp
[37.818s] -- Installing: /home/asis/hokuyo_ws/src/install/dwb_msgs/include/dwb_msgs/dwb_msgs/srv/debug_local_plan.hpp
[37.819s] -- Installing: /home/asis/hokuyo_ws/src/install/dwb_msgs/include/dwb_msgs/dwb_msgs/srv/generate_trajectory.hpp
[37.819s] -- Up-to-date: /home/asis/hokuyo_ws/src/install/dwb_msgs/include/dwb_msgs/dwb_msgs/srv/detail
[37.819s] -- Installing: /home/asis/hokuyo_ws/src/install/dwb_msgs/include/dwb_msgs/dwb_msgs/srv/detail/score_trajectory__builder.hpp
[37.819s] -- Installing: /home/asis/hokuyo_ws/src/install/dwb_msgs/include/dwb_msgs/dwb_msgs/srv/detail/get_critic_score__traits.hpp
[37.819s] -- Installing: /home/asis/hokuyo_ws/src/install/dwb_msgs/include/dwb_msgs/dwb_msgs/srv/detail/generate_twists__traits.hpp
[37.819s] -- Installing: /home/asis/hokuyo_ws/src/install/dwb_msgs/include/dwb_msgs/dwb_msgs/srv/detail/generate_twists__struct.hpp
[37.820s] -- Installing: /home/asis/hokuyo_ws/src/install/dwb_msgs/include/dwb_msgs/dwb_msgs/srv/detail/generate_trajectory__struct.hpp
[37.820s] -- Installing: /home/asis/hokuyo_ws/src/install/dwb_msgs/include/dwb_msgs/dwb_msgs/srv/detail/score_trajectory__struct.hpp
[37.820s] -- Installing: /home/asis/hokuyo_ws/src/install/dwb_msgs/include/dwb_msgs/dwb_msgs/srv/detail/debug_local_plan__builder.hpp
[37.820s] -- Installing: /home/asis/hokuyo_ws/src/install/dwb_msgs/include/dwb_msgs/dwb_msgs/srv/detail/get_critic_score__struct.hpp
[37.820s] -- Installing: /home/asis/hokuyo_ws/src/install/dwb_msgs/include/dwb_msgs/dwb_msgs/srv/detail/generate_trajectory__builder.hpp
[37.820s] -- Installing: /home/asis/hokuyo_ws/src/install/dwb_msgs/include/dwb_msgs/dwb_msgs/srv/detail/debug_local_plan__traits.hpp
[37.821s] -- Installing: /home/asis/hokuyo_ws/src/install/dwb_msgs/include/dwb_msgs/dwb_msgs/srv/detail/score_trajectory__traits.hpp
[37.821s] -- Installing: /home/asis/hokuyo_ws/src/install/dwb_msgs/include/dwb_msgs/dwb_msgs/srv/detail/debug_local_plan__struct.hpp
[37.821s] -- Installing: /home/asis/hokuyo_ws/src/install/dwb_msgs/include/dwb_msgs/dwb_msgs/srv/detail/generate_trajectory__traits.hpp
[37.821s] -- Installing: /home/asis/hokuyo_ws/src/install/dwb_msgs/include/dwb_msgs/dwb_msgs/srv/detail/get_critic_score__builder.hpp
[37.821s] -- Installing: /home/asis/hokuyo_ws/src/install/dwb_msgs/include/dwb_msgs/dwb_msgs/srv/detail/generate_twists__builder.hpp
[37.821s] -- Installing: /home/asis/hokuyo_ws/src/install/dwb_msgs/include/dwb_msgs/dwb_msgs/srv/generate_twists.hpp
[37.821s] -- Up-to-date: /home/asis/hokuyo_ws/src/install/dwb_msgs/include/dwb_msgs/dwb_msgs/msg
[37.822s] -- Installing: /home/asis/hokuyo_ws/src/install/dwb_msgs/include/dwb_msgs/dwb_msgs/msg/local_plan_evaluation.hpp
[37.822s] -- Up-to-date: /home/asis/hokuyo_ws/src/install/dwb_msgs/include/dwb_msgs/dwb_msgs/msg/detail
[37.822s] -- Installing: /home/asis/hokuyo_ws/src/install/dwb_msgs/include/dwb_msgs/dwb_msgs/msg/detail/trajectory2_d__struct.hpp
[37.822s] -- Installing: /home/asis/hokuyo_ws/src/install/dwb_msgs/include/dwb_msgs/dwb_msgs/msg/detail/trajectory_score__traits.hpp
[37.822s] -- Installing: /home/asis/hokuyo_ws/src/install/dwb_msgs/include/dwb_msgs/dwb_msgs/msg/detail/trajectory2_d__builder.hpp
[37.822s] -- Installing: /home/asis/hokuyo_ws/src/install/dwb_msgs/include/dwb_msgs/dwb_msgs/msg/detail/local_plan_evaluation__struct.hpp
[37.822s] -- Installing: /home/asis/hokuyo_ws/src/install/dwb_msgs/include/dwb_msgs/dwb_msgs/msg/detail/critic_score__builder.hpp
[37.822s] -- Installing: /home/asis/hokuyo_ws/src/install/dwb_msgs/include/dwb_msgs/dwb_msgs/msg/detail/critic_score__struct.hpp
[37.822s] -- Installing: /home/asis/hokuyo_ws/src/install/dwb_msgs/include/dwb_msgs/dwb_msgs/msg/detail/trajectory_score__builder.hpp
[37.823s] -- Installing: /home/asis/hokuyo_ws/src/install/dwb_msgs/include/dwb_msgs/dwb_msgs/msg/detail/trajectory_score__struct.hpp
[37.823s] -- Installing: /home/asis/hokuyo_ws/src/install/dwb_msgs/include/dwb_msgs/dwb_msgs/msg/detail/local_plan_evaluation__traits.hpp
[37.823s] -- Installing: /home/asis/hokuyo_ws/src/install/dwb_msgs/include/dwb_msgs/dwb_msgs/msg/detail/trajectory2_d__traits.hpp
[37.823s] -- Installing: /home/asis/hokuyo_ws/src/install/dwb_msgs/include/dwb_msgs/dwb_msgs/msg/detail/local_plan_evaluation__builder.hpp
[37.823s] -- Installing: /home/asis/hokuyo_ws/src/install/dwb_msgs/include/dwb_msgs/dwb_msgs/msg/detail/critic_score__traits.hpp
[37.823s] -- Installing: /home/asis/hokuyo_ws/src/install/dwb_msgs/include/dwb_msgs/dwb_msgs/msg/critic_score.hpp
[37.823s] -- Installing: /home/asis/hokuyo_ws/src/install/dwb_msgs/include/dwb_msgs/dwb_msgs/msg/trajectory_score.hpp
[37.823s] -- Installing: /home/asis/hokuyo_ws/src/install/dwb_msgs/include/dwb_msgs/dwb_msgs/msg/trajectory2_d.hpp
[37.823s] -- Up-to-date: /home/asis/hokuyo_ws/src/install/dwb_msgs/include/dwb_msgs/dwb_msgs
[37.824s] -- Up-to-date: /home/asis/hokuyo_ws/src/install/dwb_msgs/include/dwb_msgs/dwb_msgs/srv
[37.824s] -- Up-to-date: /home/asis/hokuyo_ws/src/install/dwb_msgs/include/dwb_msgs/dwb_msgs/srv/detail
[37.824s] -- Installing: /home/asis/hokuyo_ws/src/install/dwb_msgs/include/dwb_msgs/dwb_msgs/srv/detail/score_trajectory__rosidl_typesupport_fastrtps_cpp.hpp
[37.824s] -- Installing: /home/asis/hokuyo_ws/src/install/dwb_msgs/include/dwb_msgs/dwb_msgs/srv/detail/dds_fastrtps
[37.824s] -- Installing: /home/asis/hokuyo_ws/src/install/dwb_msgs/include/dwb_msgs/dwb_msgs/srv/detail/generate_twists__rosidl_typesupport_fastrtps_cpp.hpp
[37.824s] -- Installing: /home/asis/hokuyo_ws/src/install/dwb_msgs/include/dwb_msgs/dwb_msgs/srv/detail/generate_trajectory__rosidl_typesupport_fastrtps_cpp.hpp
[37.824s] -- Installing: /home/asis/hokuyo_ws/src/install/dwb_msgs/include/dwb_msgs/dwb_msgs/srv/detail/debug_local_plan__rosidl_typesupport_fastrtps_cpp.hpp
[37.824s] -- Installing: /home/asis/hokuyo_ws/src/install/dwb_msgs/include/dwb_msgs/dwb_msgs/srv/detail/get_critic_score__rosidl_typesupport_fastrtps_cpp.hpp
[37.824s] -- Up-to-date: /home/asis/hokuyo_ws/src/install/dwb_msgs/include/dwb_msgs/dwb_msgs/msg
[37.825s] -- Installing: /home/asis/hokuyo_ws/src/install/dwb_msgs/include/dwb_msgs/dwb_msgs/msg/rosidl_typesupport_fastrtps_cpp__visibility_control.h
[37.825s] -- Up-to-date: /home/asis/hokuyo_ws/src/install/dwb_msgs/include/dwb_msgs/dwb_msgs/msg/detail
[37.825s] -- Installing: /home/asis/hokuyo_ws/src/install/dwb_msgs/include/dwb_msgs/dwb_msgs/msg/detail/critic_score__rosidl_typesupport_fastrtps_cpp.hpp
[37.825s] -- Installing: /home/asis/hokuyo_ws/src/install/dwb_msgs/include/dwb_msgs/dwb_msgs/msg/detail/dds_fastrtps
[37.825s] -- Installing: /home/asis/hokuyo_ws/src/install/dwb_msgs/include/dwb_msgs/dwb_msgs/msg/detail/local_plan_evaluation__rosidl_typesupport_fastrtps_cpp.hpp
[37.825s] -- Installing: /home/asis/hokuyo_ws/src/install/dwb_msgs/include/dwb_msgs/dwb_msgs/msg/detail/trajectory_score__rosidl_typesupport_fastrtps_cpp.hpp
[37.825s] -- Installing: /home/asis/hokuyo_ws/src/install/dwb_msgs/include/dwb_msgs/dwb_msgs/msg/detail/trajectory2_d__rosidl_typesupport_fastrtps_cpp.hpp
[37.825s] -- Installing: /home/asis/hokuyo_ws/src/install/dwb_msgs/lib/libdwb_msgs__rosidl_typesupport_fastrtps_cpp.so
[37.826s] -- Set runtime path of "/home/asis/hokuyo_ws/src/install/dwb_msgs/lib/libdwb_msgs__rosidl_typesupport_fastrtps_cpp.so" to ""
[37.826s] -- Up-to-date: /home/asis/hokuyo_ws/src/install/dwb_msgs/include/dwb_msgs/dwb_msgs
[37.826s] -- Up-to-date: /home/asis/hokuyo_ws/src/install/dwb_msgs/include/dwb_msgs/dwb_msgs/srv
[37.826s] -- Up-to-date: /home/asis/hokuyo_ws/src/install/dwb_msgs/include/dwb_msgs/dwb_msgs/srv/detail
[37.826s] -- Installing: /home/asis/hokuyo_ws/src/install/dwb_msgs/include/dwb_msgs/dwb_msgs/srv/detail/get_critic_score__rosidl_typesupport_introspection_c.h
[37.826s] -- Installing: /home/asis/hokuyo_ws/src/install/dwb_msgs/include/dwb_msgs/dwb_msgs/srv/detail/generate_trajectory__rosidl_typesupport_introspection_c.h
[37.826s] -- Installing: /home/asis/hokuyo_ws/src/install/dwb_msgs/include/dwb_msgs/dwb_msgs/srv/detail/score_trajectory__rosidl_typesupport_introspection_c.h
[37.827s] -- Installing: /home/asis/hokuyo_ws/src/install/dwb_msgs/include/dwb_msgs/dwb_msgs/srv/detail/generate_trajectory__type_support.c
[37.827s] -- Installing: /home/asis/hokuyo_ws/src/install/dwb_msgs/include/dwb_msgs/dwb_msgs/srv/detail/score_trajectory__type_support.c
[37.827s] -- Installing: /home/asis/hokuyo_ws/src/install/dwb_msgs/include/dwb_msgs/dwb_msgs/srv/detail/get_critic_score__type_support.c
[37.827s] -- Installing: /home/asis/hokuyo_ws/src/install/dwb_msgs/include/dwb_msgs/dwb_msgs/srv/detail/generate_twists__rosidl_typesupport_introspection_c.h
[37.827s] -- Installing: /home/asis/hokuyo_ws/src/install/dwb_msgs/include/dwb_msgs/dwb_msgs/srv/detail/generate_twists__type_support.c
[37.827s] -- Installing: /home/asis/hokuyo_ws/src/install/dwb_msgs/include/dwb_msgs/dwb_msgs/srv/detail/debug_local_plan__type_support.c
[37.827s] -- Installing: /home/asis/hokuyo_ws/src/install/dwb_msgs/include/dwb_msgs/dwb_msgs/srv/detail/debug_local_plan__rosidl_typesupport_introspection_c.h
[37.827s] -- Up-to-date: /home/asis/hokuyo_ws/src/install/dwb_msgs/include/dwb_msgs/dwb_msgs/msg
[37.827s] -- Installing: /home/asis/hokuyo_ws/src/install/dwb_msgs/include/dwb_msgs/dwb_msgs/msg/rosidl_typesupport_introspection_c__visibility_control.h
[37.828s] -- Up-to-date: /home/asis/hokuyo_ws/src/install/dwb_msgs/include/dwb_msgs/dwb_msgs/msg/detail
[37.828s] -- Installing: /home/asis/hokuyo_ws/src/install/dwb_msgs/include/dwb_msgs/dwb_msgs/msg/detail/local_plan_evaluation__type_support.c
[37.828s] -- Installing: /home/asis/hokuyo_ws/src/install/dwb_msgs/include/dwb_msgs/dwb_msgs/msg/detail/trajectory2_d__rosidl_typesupport_introspection_c.h
[37.828s] -- Installing: /home/asis/hokuyo_ws/src/install/dwb_msgs/include/dwb_msgs/dwb_msgs/msg/detail/trajectory_score__rosidl_typesupport_introspection_c.h
[37.828s] -- Installing: /home/asis/hokuyo_ws/src/install/dwb_msgs/include/dwb_msgs/dwb_msgs/msg/detail/critic_score__rosidl_typesupport_introspection_c.h
[37.828s] -- Installing: /home/asis/hokuyo_ws/src/install/dwb_msgs/include/dwb_msgs/dwb_msgs/msg/detail/critic_score__type_support.c
[37.828s] -- Installing: /home/asis/hokuyo_ws/src/install/dwb_msgs/include/dwb_msgs/dwb_msgs/msg/detail/trajectory2_d__type_support.c
[37.828s] -- Installing: /home/asis/hokuyo_ws/src/install/dwb_msgs/include/dwb_msgs/dwb_msgs/msg/detail/trajectory_score__type_support.c
[37.828s] -- Installing: /home/asis/hokuyo_ws/src/install/dwb_msgs/include/dwb_msgs/dwb_msgs/msg/detail/local_plan_evaluation__rosidl_typesupport_introspection_c.h
[37.829s] -- Installing: /home/asis/hokuyo_ws/src/install/dwb_msgs/lib/libdwb_msgs__rosidl_typesupport_introspection_c.so
[37.829s] -- Set runtime path of "/home/asis/hokuyo_ws/src/install/dwb_msgs/lib/libdwb_msgs__rosidl_typesupport_introspection_c.so" to ""
[37.829s] -- Installing: /home/asis/hokuyo_ws/src/install/dwb_msgs/lib/libdwb_msgs__rosidl_typesupport_c.so
[37.829s] -- Set runtime path of "/home/asis/hokuyo_ws/src/install/dwb_msgs/lib/libdwb_msgs__rosidl_typesupport_c.so" to ""
[37.830s] -- Up-to-date: /home/asis/hokuyo_ws/src/install/dwb_msgs/include/dwb_msgs/dwb_msgs
[37.830s] -- Up-to-date: /home/asis/hokuyo_ws/src/install/dwb_msgs/include/dwb_msgs/dwb_msgs/srv
[37.830s] -- Up-to-date: /home/asis/hokuyo_ws/src/install/dwb_msgs/include/dwb_msgs/dwb_msgs/srv/detail
[37.830s] -- Installing: /home/asis/hokuyo_ws/src/install/dwb_msgs/include/dwb_msgs/dwb_msgs/srv/detail/generate_twists__type_support.cpp
[37.830s] -- Installing: /home/asis/hokuyo_ws/src/install/dwb_msgs/include/dwb_msgs/dwb_msgs/srv/detail/debug_local_plan__type_support.cpp
[37.830s] -- Installing: /home/asis/hokuyo_ws/src/install/dwb_msgs/include/dwb_msgs/dwb_msgs/srv/detail/get_critic_score__type_support.cpp
[37.830s] -- Installing: /home/asis/hokuyo_ws/src/install/dwb_msgs/include/dwb_msgs/dwb_msgs/srv/detail/debug_local_plan__rosidl_typesupport_introspection_cpp.hpp
[37.830s] -- Installing: /home/asis/hokuyo_ws/src/install/dwb_msgs/include/dwb_msgs/dwb_msgs/srv/detail/score_trajectory__type_support.cpp
[37.830s] -- Installing: /home/asis/hokuyo_ws/src/install/dwb_msgs/include/dwb_msgs/dwb_msgs/srv/detail/generate_trajectory__type_support.cpp
[37.831s] -- Installing: /home/asis/hokuyo_ws/src/install/dwb_msgs/include/dwb_msgs/dwb_msgs/srv/detail/get_critic_score__rosidl_typesupport_introspection_cpp.hpp
[37.831s] -- Installing: /home/asis/hokuyo_ws/src/install/dwb_msgs/include/dwb_msgs/dwb_msgs/srv/detail/generate_twists__rosidl_typesupport_introspection_cpp.hpp
[37.831s] -- Installing: /home/asis/hokuyo_ws/src/install/dwb_msgs/include/dwb_msgs/dwb_msgs/srv/detail/generate_trajectory__rosidl_typesupport_introspection_cpp.hpp
[37.831s] -- Installing: /home/asis/hokuyo_ws/src/install/dwb_msgs/include/dwb_msgs/dwb_msgs/srv/detail/score_trajectory__rosidl_typesupport_introspection_cpp.hpp
[37.831s] -- Up-to-date: /home/asis/hokuyo_ws/src/install/dwb_msgs/include/dwb_msgs/dwb_msgs/msg
[37.831s] -- Up-to-date: /home/asis/hokuyo_ws/src/install/dwb_msgs/include/dwb_msgs/dwb_msgs/msg/detail
[37.831s] -- Installing: /home/asis/hokuyo_ws/src/install/dwb_msgs/include/dwb_msgs/dwb_msgs/msg/detail/trajectory2_d__type_support.cpp
[37.831s] -- Installing: /home/asis/hokuyo_ws/src/install/dwb_msgs/include/dwb_msgs/dwb_msgs/msg/detail/trajectory_score__type_support.cpp
[37.832s] -- Installing: /home/asis/hokuyo_ws/src/install/dwb_msgs/include/dwb_msgs/dwb_msgs/msg/detail/critic_score__rosidl_typesupport_introspection_cpp.hpp
[37.832s] -- Installing: /home/asis/hokuyo_ws/src/install/dwb_msgs/include/dwb_msgs/dwb_msgs/msg/detail/trajectory2_d__rosidl_typesupport_introspection_cpp.hpp
[37.832s] -- Installing: /home/asis/hokuyo_ws/src/install/dwb_msgs/include/dwb_msgs/dwb_msgs/msg/detail/trajectory_score__rosidl_typesupport_introspection_cpp.hpp
[37.832s] -- Installing: /home/asis/hokuyo_ws/src/install/dwb_msgs/include/dwb_msgs/dwb_msgs/msg/detail/critic_score__type_support.cpp
[37.832s] -- Installing: /home/asis/hokuyo_ws/src/install/dwb_msgs/include/dwb_msgs/dwb_msgs/msg/detail/local_plan_evaluation__type_support.cpp
[37.832s] -- Installing: /home/asis/hokuyo_ws/src/install/dwb_msgs/include/dwb_msgs/dwb_msgs/msg/detail/local_plan_evaluation__rosidl_typesupport_introspection_cpp.hpp
[37.832s] -- Installing: /home/asis/hokuyo_ws/src/install/dwb_msgs/lib/libdwb_msgs__rosidl_typesupport_introspection_cpp.so
[37.833s] -- Set runtime path of "/home/asis/hokuyo_ws/src/install/dwb_msgs/lib/libdwb_msgs__rosidl_typesupport_introspection_cpp.so" to ""
[37.833s] -- Installing: /home/asis/hokuyo_ws/src/install/dwb_msgs/lib/libdwb_msgs__rosidl_typesupport_cpp.so
[37.833s] -- Set runtime path of "/home/asis/hokuyo_ws/src/install/dwb_msgs/lib/libdwb_msgs__rosidl_typesupport_cpp.so" to ""
[37.834s] -- Installing: /home/asis/hokuyo_ws/src/install/dwb_msgs/share/dwb_msgs/environment/pythonpath.sh
[37.834s] -- Installing: /home/asis/hokuyo_ws/src/install/dwb_msgs/share/dwb_msgs/environment/pythonpath.dsv
[37.834s] -- Installing: /home/asis/hokuyo_ws/src/install/dwb_msgs/local/lib/python3.10/dist-packages/dwb_msgs-1.1.15-py3.10.egg-info
[37.834s] -- Installing: /home/asis/hokuyo_ws/src/install/dwb_msgs/local/lib/python3.10/dist-packages/dwb_msgs-1.1.15-py3.10.egg-info/PKG-INFO
[37.834s] -- Installing: /home/asis/hokuyo_ws/src/install/dwb_msgs/local/lib/python3.10/dist-packages/dwb_msgs-1.1.15-py3.10.egg-info/SOURCES.txt
[37.834s] -- Installing: /home/asis/hokuyo_ws/src/install/dwb_msgs/local/lib/python3.10/dist-packages/dwb_msgs-1.1.15-py3.10.egg-info/dependency_links.txt
[37.834s] -- Installing: /home/asis/hokuyo_ws/src/install/dwb_msgs/local/lib/python3.10/dist-packages/dwb_msgs-1.1.15-py3.10.egg-info/top_level.txt
[37.834s] -- Installing: /home/asis/hokuyo_ws/src/install/dwb_msgs/local/lib/python3.10/dist-packages/dwb_msgs
[37.834s] -- Installing: /home/asis/hokuyo_ws/src/install/dwb_msgs/local/lib/python3.10/dist-packages/dwb_msgs/dwb_msgs_s__rosidl_typesupport_fastrtps_c.cpython-310-x86_64-linux-gnu.so
[37.835s] -- Installing: /home/asis/hokuyo_ws/src/install/dwb_msgs/local/lib/python3.10/dist-packages/dwb_msgs/_dwb_msgs_s.ep.rosidl_typesupport_c.c
[37.835s] -- Installing: /home/asis/hokuyo_ws/src/install/dwb_msgs/local/lib/python3.10/dist-packages/dwb_msgs/_dwb_msgs_s.ep.rosidl_typesupport_fastrtps_c.c
[37.835s] -- Installing: /home/asis/hokuyo_ws/src/install/dwb_msgs/local/lib/python3.10/dist-packages/dwb_msgs/srv
[37.835s] -- Installing: /home/asis/hokuyo_ws/src/install/dwb_msgs/local/lib/python3.10/dist-packages/dwb_msgs/srv/_debug_local_plan.py
[37.835s] -- Installing: /home/asis/hokuyo_ws/src/install/dwb_msgs/local/lib/python3.10/dist-packages/dwb_msgs/srv/_get_critic_score.py
[37.835s] -- Installing: /home/asis/hokuyo_ws/src/install/dwb_msgs/local/lib/python3.10/dist-packages/dwb_msgs/srv/_generate_twists_s.c
[37.835s] -- Installing: /home/asis/hokuyo_ws/src/install/dwb_msgs/local/lib/python3.10/dist-packages/dwb_msgs/srv/_generate_trajectory.py
[37.836s] -- Installing: /home/asis/hokuyo_ws/src/install/dwb_msgs/local/lib/python3.10/dist-packages/dwb_msgs/srv/_generate_twists.py
[37.836s] -- Installing: /home/asis/hokuyo_ws/src/install/dwb_msgs/local/lib/python3.10/dist-packages/dwb_msgs/srv/_score_trajectory_s.c
[37.836s] -- Installing: /home/asis/hokuyo_ws/src/install/dwb_msgs/local/lib/python3.10/dist-packages/dwb_msgs/srv/_generate_trajectory_s.c
[37.836s] -- Installing: /home/asis/hokuyo_ws/src/install/dwb_msgs/local/lib/python3.10/dist-packages/dwb_msgs/srv/_score_trajectory.py
[37.836s] -- Installing: /home/asis/hokuyo_ws/src/install/dwb_msgs/local/lib/python3.10/dist-packages/dwb_msgs/srv/__init__.py
[37.836s] -- Installing: /home/asis/hokuyo_ws/src/install/dwb_msgs/local/lib/python3.10/dist-packages/dwb_msgs/srv/_debug_local_plan_s.c
[37.836s] -- Installing: /home/asis/hokuyo_ws/src/install/dwb_msgs/local/lib/python3.10/dist-packages/dwb_msgs/srv/_get_critic_score_s.c
[37.837s] -- Installing: /home/asis/hokuyo_ws/src/install/dwb_msgs/local/lib/python3.10/dist-packages/dwb_msgs/__init__.py
[37.837s] -- Installing: /home/asis/hokuyo_ws/src/install/dwb_msgs/local/lib/python3.10/dist-packages/dwb_msgs/libdwb_msgs__rosidl_generator_py.so
[37.837s] -- Installing: /home/asis/hokuyo_ws/src/install/dwb_msgs/local/lib/python3.10/dist-packages/dwb_msgs/dwb_msgs_s__rosidl_typesupport_c.cpython-310-x86_64-linux-gnu.so
[37.837s] -- Installing: /home/asis/hokuyo_ws/src/install/dwb_msgs/local/lib/python3.10/dist-packages/dwb_msgs/dwb_msgs_s__rosidl_typesupport_introspection_c.cpython-310-x86_64-linux-gnu.so
[37.837s] -- Installing: /home/asis/hokuyo_ws/src/install/dwb_msgs/local/lib/python3.10/dist-packages/dwb_msgs/msg
[37.837s] -- Installing: /home/asis/hokuyo_ws/src/install/dwb_msgs/local/lib/python3.10/dist-packages/dwb_msgs/msg/_local_plan_evaluation_s.c
[37.837s] -- Installing: /home/asis/hokuyo_ws/src/install/dwb_msgs/local/lib/python3.10/dist-packages/dwb_msgs/msg/_trajectory2_d.py
[37.837s] -- Installing: /home/asis/hokuyo_ws/src/install/dwb_msgs/local/lib/python3.10/dist-packages/dwb_msgs/msg/_trajectory_score.py
[37.838s] -- Installing: /home/asis/hokuyo_ws/src/install/dwb_msgs/local/lib/python3.10/dist-packages/dwb_msgs/msg/_critic_score_s.c
[37.838s] -- Installing: /home/asis/hokuyo_ws/src/install/dwb_msgs/local/lib/python3.10/dist-packages/dwb_msgs/msg/_local_plan_evaluation.py
[37.838s] -- Installing: /home/asis/hokuyo_ws/src/install/dwb_msgs/local/lib/python3.10/dist-packages/dwb_msgs/msg/__init__.py
[37.838s] -- Installing: /home/asis/hokuyo_ws/src/install/dwb_msgs/local/lib/python3.10/dist-packages/dwb_msgs/msg/_trajectory_score_s.c
[37.838s] -- Installing: /home/asis/hokuyo_ws/src/install/dwb_msgs/local/lib/python3.10/dist-packages/dwb_msgs/msg/_trajectory2_d_s.c
[37.838s] -- Installing: /home/asis/hokuyo_ws/src/install/dwb_msgs/local/lib/python3.10/dist-packages/dwb_msgs/msg/_critic_score.py
[37.838s] -- Installing: /home/asis/hokuyo_ws/src/install/dwb_msgs/local/lib/python3.10/dist-packages/dwb_msgs/_dwb_msgs_s.ep.rosidl_typesupport_introspection_c.c
[37.878s] Listing '/home/asis/hokuyo_ws/src/install/dwb_msgs/local/lib/python3.10/dist-packages/dwb_msgs'...
[37.878s] Compiling '/home/asis/hokuyo_ws/src/install/dwb_msgs/local/lib/python3.10/dist-packages/dwb_msgs/__init__.py'...
[37.878s] Listing '/home/asis/hokuyo_ws/src/install/dwb_msgs/local/lib/python3.10/dist-packages/dwb_msgs/msg'...
[37.878s] Compiling '/home/asis/hokuyo_ws/src/install/dwb_msgs/local/lib/python3.10/dist-packages/dwb_msgs/msg/__init__.py'...
[37.878s] Compiling '/home/asis/hokuyo_ws/src/install/dwb_msgs/local/lib/python3.10/dist-packages/dwb_msgs/msg/_critic_score.py'...
[37.878s] Compiling '/home/asis/hokuyo_ws/src/install/dwb_msgs/local/lib/python3.10/dist-packages/dwb_msgs/msg/_local_plan_evaluation.py'...
[37.879s] Compiling '/home/asis/hokuyo_ws/src/install/dwb_msgs/local/lib/python3.10/dist-packages/dwb_msgs/msg/_trajectory2_d.py'...
[37.879s] Compiling '/home/asis/hokuyo_ws/src/install/dwb_msgs/local/lib/python3.10/dist-packages/dwb_msgs/msg/_trajectory_score.py'...
[37.879s] Listing '/home/asis/hokuyo_ws/src/install/dwb_msgs/local/lib/python3.10/dist-packages/dwb_msgs/srv'...
[37.879s] Compiling '/home/asis/hokuyo_ws/src/install/dwb_msgs/local/lib/python3.10/dist-packages/dwb_msgs/srv/__init__.py'...
[37.879s] Compiling '/home/asis/hokuyo_ws/src/install/dwb_msgs/local/lib/python3.10/dist-packages/dwb_msgs/srv/_debug_local_plan.py'...
[37.879s] Compiling '/home/asis/hokuyo_ws/src/install/dwb_msgs/local/lib/python3.10/dist-packages/dwb_msgs/srv/_generate_trajectory.py'...
[37.879s] Compiling '/home/asis/hokuyo_ws/src/install/dwb_msgs/local/lib/python3.10/dist-packages/dwb_msgs/srv/_generate_twists.py'...
[37.879s] Compiling '/home/asis/hokuyo_ws/src/install/dwb_msgs/local/lib/python3.10/dist-packages/dwb_msgs/srv/_get_critic_score.py'...
[37.879s] Compiling '/home/asis/hokuyo_ws/src/install/dwb_msgs/local/lib/python3.10/dist-packages/dwb_msgs/srv/_score_trajectory.py'...
[37.882s] -- Installing: /home/asis/hokuyo_ws/src/install/dwb_msgs/local/lib/python3.10/dist-packages/dwb_msgs/dwb_msgs_s__rosidl_typesupport_fastrtps_c.cpython-310-x86_64-linux-gnu.so
[37.883s] -- Set runtime path of "/home/asis/hokuyo_ws/src/install/dwb_msgs/local/lib/python3.10/dist-packages/dwb_msgs/dwb_msgs_s__rosidl_typesupport_fastrtps_c.cpython-310-x86_64-linux-gnu.so" to ""
[37.883s] -- Installing: /home/asis/hokuyo_ws/src/install/dwb_msgs/local/lib/python3.10/dist-packages/dwb_msgs/dwb_msgs_s__rosidl_typesupport_introspection_c.cpython-310-x86_64-linux-gnu.so
[37.884s] -- Set runtime path of "/home/asis/hokuyo_ws/src/install/dwb_msgs/local/lib/python3.10/dist-packages/dwb_msgs/dwb_msgs_s__rosidl_typesupport_introspection_c.cpython-310-x86_64-linux-gnu.so" to ""
[37.884s] -- Installing: /home/asis/hokuyo_ws/src/install/dwb_msgs/local/lib/python3.10/dist-packages/dwb_msgs/dwb_msgs_s__rosidl_typesupport_c.cpython-310-x86_64-linux-gnu.so
[37.885s] -- Set runtime path of "/home/asis/hokuyo_ws/src/install/dwb_msgs/local/lib/python3.10/dist-packages/dwb_msgs/dwb_msgs_s__rosidl_typesupport_c.cpython-310-x86_64-linux-gnu.so" to ""
[37.885s] -- Installing: /home/asis/hokuyo_ws/src/install/dwb_msgs/lib/libdwb_msgs__rosidl_generator_py.so
[37.885s] -- Set runtime path of "/home/asis/hokuyo_ws/src/install/dwb_msgs/lib/libdwb_msgs__rosidl_generator_py.so" to ""
[37.886s] -- Installing: /home/asis/hokuyo_ws/src/install/dwb_msgs/share/dwb_msgs/msg/CriticScore.idl
[37.886s] -- Installing: /home/asis/hokuyo_ws/src/install/dwb_msgs/share/dwb_msgs/msg/LocalPlanEvaluation.idl
[37.886s] -- Installing: /home/asis/hokuyo_ws/src/install/dwb_msgs/share/dwb_msgs/msg/Trajectory2D.idl
[37.886s] -- Installing: /home/asis/hokuyo_ws/src/install/dwb_msgs/share/dwb_msgs/msg/TrajectoryScore.idl
[37.886s] -- Installing: /home/asis/hokuyo_ws/src/install/dwb_msgs/share/dwb_msgs/srv/DebugLocalPlan.idl
[37.887s] -- Installing: /home/asis/hokuyo_ws/src/install/dwb_msgs/share/dwb_msgs/srv/GenerateTrajectory.idl
[37.887s] -- Installing: /home/asis/hokuyo_ws/src/install/dwb_msgs/share/dwb_msgs/srv/GenerateTwists.idl
[37.887s] -- Installing: /home/asis/hokuyo_ws/src/install/dwb_msgs/share/dwb_msgs/srv/GetCriticScore.idl
[37.887s] -- Installing: /home/asis/hokuyo_ws/src/install/dwb_msgs/share/dwb_msgs/srv/ScoreTrajectory.idl
[37.887s] -- Installing: /home/asis/hokuyo_ws/src/install/dwb_msgs/share/dwb_msgs/msg/CriticScore.msg
[37.888s] -- Installing: /home/asis/hokuyo_ws/src/install/dwb_msgs/share/dwb_msgs/msg/LocalPlanEvaluation.msg
[37.888s] -- Installing: /home/asis/hokuyo_ws/src/install/dwb_msgs/share/dwb_msgs/msg/Trajectory2D.msg
[37.888s] -- Installing: /home/asis/hokuyo_ws/src/install/dwb_msgs/share/dwb_msgs/msg/TrajectoryScore.msg
[37.888s] -- Installing: /home/asis/hokuyo_ws/src/install/dwb_msgs/share/dwb_msgs/srv/DebugLocalPlan.srv
[37.888s] -- Installing: /home/asis/hokuyo_ws/src/install/dwb_msgs/share/dwb_msgs/srv/DebugLocalPlan_Request.msg
[37.889s] -- Installing: /home/asis/hokuyo_ws/src/install/dwb_msgs/share/dwb_msgs/srv/DebugLocalPlan_Response.msg
[37.889s] -- Installing: /home/asis/hokuyo_ws/src/install/dwb_msgs/share/dwb_msgs/srv/GenerateTrajectory.srv
[37.889s] -- Installing: /home/asis/hokuyo_ws/src/install/dwb_msgs/share/dwb_msgs/srv/GenerateTrajectory_Request.msg
[37.889s] -- Installing: /home/asis/hokuyo_ws/src/install/dwb_msgs/share/dwb_msgs/srv/GenerateTrajectory_Response.msg
[37.889s] -- Installing: /home/asis/hokuyo_ws/src/install/dwb_msgs/share/dwb_msgs/srv/GenerateTwists.srv
[37.890s] -- Installing: /home/asis/hokuyo_ws/src/install/dwb_msgs/share/dwb_msgs/srv/GenerateTwists_Request.msg
[37.890s] -- Installing: /home/asis/hokuyo_ws/src/install/dwb_msgs/share/dwb_msgs/srv/GenerateTwists_Response.msg
[37.890s] -- Installing: /home/asis/hokuyo_ws/src/install/dwb_msgs/share/dwb_msgs/srv/GetCriticScore.srv
[37.890s] -- Installing: /home/asis/hokuyo_ws/src/install/dwb_msgs/share/dwb_msgs/srv/GetCriticScore_Request.msg
[37.890s] -- Installing: /home/asis/hokuyo_ws/src/install/dwb_msgs/share/dwb_msgs/srv/GetCriticScore_Response.msg
[37.891s] -- Installing: /home/asis/hokuyo_ws/src/install/dwb_msgs/share/dwb_msgs/srv/ScoreTrajectory.srv
[37.891s] -- Installing: /home/asis/hokuyo_ws/src/install/dwb_msgs/share/dwb_msgs/srv/ScoreTrajectory_Request.msg
[37.891s] -- Installing: /home/asis/hokuyo_ws/src/install/dwb_msgs/share/dwb_msgs/srv/ScoreTrajectory_Response.msg
[37.891s] -- Installing: /home/asis/hokuyo_ws/src/install/dwb_msgs/share/ament_index/resource_index/package_run_dependencies/dwb_msgs
[37.892s] -- Installing: /home/asis/hokuyo_ws/src/install/dwb_msgs/share/ament_index/resource_index/parent_prefix_path/dwb_msgs
[37.892s] -- Installing: /home/asis/hokuyo_ws/src/install/dwb_msgs/share/dwb_msgs/environment/ament_prefix_path.sh
[37.892s] -- Installing: /home/asis/hokuyo_ws/src/install/dwb_msgs/share/dwb_msgs/environment/ament_prefix_path.dsv
[37.892s] -- Installing: /home/asis/hokuyo_ws/src/install/dwb_msgs/share/dwb_msgs/environment/path.sh
[37.892s] -- Installing: /home/asis/hokuyo_ws/src/install/dwb_msgs/share/dwb_msgs/environment/path.dsv
[37.893s] -- Installing: /home/asis/hokuyo_ws/src/install/dwb_msgs/share/dwb_msgs/local_setup.bash
[37.893s] -- Installing: /home/asis/hokuyo_ws/src/install/dwb_msgs/share/dwb_msgs/local_setup.sh
[37.893s] -- Installing: /home/asis/hokuyo_ws/src/install/dwb_msgs/share/dwb_msgs/local_setup.zsh
[37.893s] -- Installing: /home/asis/hokuyo_ws/src/install/dwb_msgs/share/dwb_msgs/local_setup.dsv
[37.893s] -- Installing: /home/asis/hokuyo_ws/src/install/dwb_msgs/share/dwb_msgs/package.dsv
[37.894s] -- Installing: /home/asis/hokuyo_ws/src/install/dwb_msgs/share/ament_index/resource_index/packages/dwb_msgs
[37.894s] -- Installing: /home/asis/hokuyo_ws/src/install/dwb_msgs/share/dwb_msgs/cmake/export_dwb_msgs__rosidl_generator_cExport.cmake
[37.894s] -- Installing: /home/asis/hokuyo_ws/src/install/dwb_msgs/share/dwb_msgs/cmake/export_dwb_msgs__rosidl_generator_cExport-noconfig.cmake
[37.894s] -- Installing: /home/asis/hokuyo_ws/src/install/dwb_msgs/share/dwb_msgs/cmake/export_dwb_msgs__rosidl_typesupport_fastrtps_cExport.cmake
[37.895s] -- Installing: /home/asis/hokuyo_ws/src/install/dwb_msgs/share/dwb_msgs/cmake/export_dwb_msgs__rosidl_typesupport_fastrtps_cExport-noconfig.cmake
[37.895s] -- Installing: /home/asis/hokuyo_ws/src/install/dwb_msgs/share/dwb_msgs/cmake/export_dwb_msgs__rosidl_generator_cppExport.cmake
[37.895s] -- Installing: /home/asis/hokuyo_ws/src/install/dwb_msgs/share/dwb_msgs/cmake/export_dwb_msgs__rosidl_typesupport_fastrtps_cppExport.cmake
[37.895s] -- Installing: /home/asis/hokuyo_ws/src/install/dwb_msgs/share/dwb_msgs/cmake/export_dwb_msgs__rosidl_typesupport_fastrtps_cppExport-noconfig.cmake
[37.895s] -- Installing: /home/asis/hokuyo_ws/src/install/dwb_msgs/share/dwb_msgs/cmake/dwb_msgs__rosidl_typesupport_introspection_cExport.cmake
[37.896s] -- Installing: /home/asis/hokuyo_ws/src/install/dwb_msgs/share/dwb_msgs/cmake/dwb_msgs__rosidl_typesupport_introspection_cExport-noconfig.cmake
[37.896s] -- Installing: /home/asis/hokuyo_ws/src/install/dwb_msgs/share/dwb_msgs/cmake/dwb_msgs__rosidl_typesupport_cExport.cmake
[37.896s] -- Installing: /home/asis/hokuyo_ws/src/install/dwb_msgs/share/dwb_msgs/cmake/dwb_msgs__rosidl_typesupport_cExport-noconfig.cmake
[37.896s] -- Installing: /home/asis/hokuyo_ws/src/install/dwb_msgs/share/dwb_msgs/cmake/dwb_msgs__rosidl_typesupport_introspection_cppExport.cmake
[37.897s] -- Installing: /home/asis/hokuyo_ws/src/install/dwb_msgs/share/dwb_msgs/cmake/dwb_msgs__rosidl_typesupport_introspection_cppExport-noconfig.cmake
[37.897s] -- Installing: /home/asis/hokuyo_ws/src/install/dwb_msgs/share/dwb_msgs/cmake/dwb_msgs__rosidl_typesupport_cppExport.cmake
[37.897s] -- Installing: /home/asis/hokuyo_ws/src/install/dwb_msgs/share/dwb_msgs/cmake/dwb_msgs__rosidl_typesupport_cppExport-noconfig.cmake
[37.897s] -- Installing: /home/asis/hokuyo_ws/src/install/dwb_msgs/share/dwb_msgs/cmake/export_dwb_msgs__rosidl_generator_pyExport.cmake
[37.897s] -- Installing: /home/asis/hokuyo_ws/src/install/dwb_msgs/share/dwb_msgs/cmake/export_dwb_msgs__rosidl_generator_pyExport-noconfig.cmake
[37.898s] -- Installing: /home/asis/hokuyo_ws/src/install/dwb_msgs/share/dwb_msgs/cmake/rosidl_cmake-extras.cmake
[37.898s] -- Installing: /home/asis/hokuyo_ws/src/install/dwb_msgs/share/dwb_msgs/cmake/ament_cmake_export_dependencies-extras.cmake
[37.898s] -- Installing: /home/asis/hokuyo_ws/src/install/dwb_msgs/share/dwb_msgs/cmake/ament_cmake_export_include_directories-extras.cmake
[37.898s] -- Installing: /home/asis/hokuyo_ws/src/install/dwb_msgs/share/dwb_msgs/cmake/ament_cmake_export_libraries-extras.cmake
[37.898s] -- Installing: /home/asis/hokuyo_ws/src/install/dwb_msgs/share/dwb_msgs/cmake/ament_cmake_export_targets-extras.cmake
[37.899s] -- Installing: /home/asis/hokuyo_ws/src/install/dwb_msgs/share/dwb_msgs/cmake/rosidl_cmake_export_typesupport_targets-extras.cmake
[37.899s] -- Installing: /home/asis/hokuyo_ws/src/install/dwb_msgs/share/dwb_msgs/cmake/rosidl_cmake_export_typesupport_libraries-extras.cmake
[37.899s] -- Installing: /home/asis/hokuyo_ws/src/install/dwb_msgs/share/dwb_msgs/cmake/dwb_msgsConfig.cmake
[37.899s] -- Installing: /home/asis/hokuyo_ws/src/install/dwb_msgs/share/dwb_msgs/cmake/dwb_msgsConfig-version.cmake
[37.899s] -- Installing: /home/asis/hokuyo_ws/src/install/dwb_msgs/share/dwb_msgs/package.xml
[37.902s] Invoked command in '/home/asis/hokuyo_ws/src/build/dwb_msgs' returned '0': AMENT_PREFIX_PATH=/home/asis/hokuyo_ws/src/install/nav_2d_msgs:${AMENT_PREFIX_PATH} CMAKE_PREFIX_PATH=/home/asis/hokuyo_ws/src/install/nav_2d_msgs:/home/asis/hokuyo_ws/install/urg_node2:/home/asis/hokuyo_ws/install/slam_toolbox:/opt/ros/humble LD_LIBRARY_PATH=/home/asis/hokuyo_ws/src/install/nav_2d_msgs/lib:${LD_LIBRARY_PATH} PYTHONPATH=/home/asis/hokuyo_ws/src/install/nav_2d_msgs/local/lib/python3.10/dist-packages:${PYTHONPATH} /usr/bin/cmake --install /home/asis/hokuyo_ws/src/build/dwb_msgs
