[0.037s] Invoking command in '/home/asis/hokuyo_ws/src/build/nav2_smac_planner': AMENT_PREFIX_PATH=/home/asis/hokuyo_ws/src/install/nav2_core:/home/asis/hokuyo_ws/src/install/nav2_costmap_2d:/home/asis/hokuyo_ws/src/install/nav2_util:/home/asis/hokuyo_ws/src/install/nav2_voxel_grid:/home/asis/hokuyo_ws/src/install/nav2_msgs:/home/asis/hokuyo_ws/src/install/nav2_common:${AMENT_PREFIX_PATH} CMAKE_PREFIX_PATH=/home/asis/hokuyo_ws/src/install/nav2_core:/home/asis/hokuyo_ws/src/install/nav2_costmap_2d:/home/asis/hokuyo_ws/src/install/nav2_util:/home/asis/hokuyo_ws/src/install/nav2_voxel_grid:/home/asis/hokuyo_ws/src/install/nav2_msgs:/home/asis/hokuyo_ws/src/install/nav2_common:/home/asis/hokuyo_ws/install/urg_node2:/home/asis/hokuyo_ws/install/slam_toolbox:/opt/ros/humble LD_LIBRARY_PATH=/home/asis/hokuyo_ws/src/install/nav2_costmap_2d/lib:/home/asis/hokuyo_ws/src/install/nav2_util/lib:/home/asis/hokuyo_ws/src/install/nav2_voxel_grid/lib:/home/asis/hokuyo_ws/src/install/nav2_msgs/lib:${LD_LIBRARY_PATH} PYTHONPATH=/home/asis/hokuyo_ws/src/install/nav2_msgs/local/lib/python3.10/dist-packages:/home/asis/hokuyo_ws/src/install/nav2_common/local/lib/python3.10/dist-packages:${PYTHONPATH} /usr/bin/cmake /home/asis/hokuyo_ws/src/navigation2/nav2_smac_planner -DCMAKE_INSTALL_PREFIX=/home/asis/hokuyo_ws/src/install/nav2_smac_planner
[2.281s] -- The C compiler identification is GNU 11.4.0
[2.281s] -- The CXX compiler identification is GNU 11.4.0
[2.281s] -- Detecting C compiler ABI info
[2.281s] -- Detecting C compiler ABI info - done
[2.281s] -- Check for working C compiler: /usr/bin/cc - skipped
[2.281s] -- Detecting C compile features
[2.281s] -- Detecting C compile features - done
[2.282s] -- Detecting CXX compiler ABI info
[2.282s] -- Detecting CXX compiler ABI info - done
[2.282s] -- Check for working CXX compiler: /usr/bin/c++ - skipped
[2.282s] -- Detecting CXX compile features
[2.282s] -- Detecting CXX compile features - done
[2.282s] -- Found ament_cmake: 1.3.9 (/opt/ros/humble/share/ament_cmake/cmake)
[2.282s] -- Found Python3: /usr/bin/python3 (found version "3.10.12") found components: Interpreter 
[2.282s] -- Found nav2_common: 1.1.15 (/home/asis/hokuyo_ws/src/install/nav2_common/share/nav2_common/cmake)
[2.282s] -- Found rclcpp: 16.0.9 (/opt/ros/humble/share/rclcpp/cmake)
[2.282s] -- Found rosidl_generator_c: 3.1.5 (/opt/ros/humble/share/rosidl_generator_c/cmake)
[2.282s] -- Found rosidl_adapter: 3.1.5 (/opt/ros/humble/share/rosidl_adapter/cmake)
[2.282s] -- Found rosidl_generator_cpp: 3.1.5 (/opt/ros/humble/share/rosidl_generator_cpp/cmake)
[2.282s] -- Using all available rosidl_typesupport_c: rosidl_typesupport_fastrtps_c;rosidl_typesupport_introspection_c
[2.282s] -- Using all available rosidl_typesupport_cpp: rosidl_typesupport_fastrtps_cpp;rosidl_typesupport_introspection_cpp
[2.283s] -- Found rmw_implementation_cmake: 6.1.2 (/opt/ros/humble/share/rmw_implementation_cmake/cmake)
[2.283s] -- Found rmw_fastrtps_cpp: 6.2.6 (/opt/ros/humble/share/rmw_fastrtps_cpp/cmake)
[2.283s] -- Found OpenSSL: /usr/lib/x86_64-linux-gnu/libcrypto.so (found version "3.0.2")  
[2.283s] -- Found FastRTPS: /opt/ros/humble/include  
[2.283s] -- Using RMW implementation 'rmw_fastrtps_cpp' as default
[2.283s] -- Looking for pthread.h
[2.283s] -- Looking for pthread.h - found
[2.283s] -- Performing Test CMAKE_HAVE_LIBC_PTHREAD
[2.283s] -- Performing Test CMAKE_HAVE_LIBC_PTHREAD - Success
[2.283s] -- Found Threads: TRUE  
[2.375s] -- Found rclcpp_action: 16.0.9 (/opt/ros/humble/share/rclcpp_action/cmake)
[2.551s] -- Found rclcpp_lifecycle: 16.0.9 (/opt/ros/humble/share/rclcpp_lifecycle/cmake)
[2.597s] -- Found visualization_msgs: 4.2.3 (/opt/ros/humble/share/visualization_msgs/cmake)
[2.941s] -- Found nav2_util: 1.1.15 (/home/asis/hokuyo_ws/src/install/nav2_util/share/nav2_util/cmake)
[3.620s] -- Found eigen3_cmake_module: 0.1.1 (/opt/ros/humble/share/eigen3_cmake_module/cmake)
[3.623s] -- Found Eigen3: TRUE (found version "3.4.0") 
[3.623s] -- Ensuring Eigen3 include directory is part of orocos-kdl CMake target
[3.940s] -- Found nav2_core: 1.1.15 (/home/asis/hokuyo_ws/src/install/nav2_core/share/nav2_core/cmake)
[6.449s] -- Found ompl: /opt/ros/humble/include/ompl-1.6;/usr/include;/usr/include/eigen3  
[6.913s] -- Found OpenMP_C: -fopenmp (found version "4.5") 
[7.068s] -- Found OpenMP_CXX: -fopenmp (found version "4.5") 
[7.069s] -- Found OpenMP: TRUE (found version "4.5")  
[7.075s] -- Found OpenMP_C: -fopenmp (found version "4.5") 
[7.076s] -- Found OpenMP_CXX: -fopenmp (found version "4.5") 
[18.825s] -- Found ament_lint_auto: 0.12.11 (/opt/ros/humble/share/ament_lint_auto/cmake)
[18.975s] -- Found gtest sources under '/opt/ros/humble/src/gtest_vendor': C++ tests using 'Google Test' will be built
[63.683s] -- Added test 'copyright' to check source files copyright and LICENSE
[63.691s] -- Added test 'cppcheck' to perform static code analysis on C / C++ code
[63.694s] -- Configured cppcheck include dirs: /home/asis/hokuyo_ws/src/navigation2/nav2_smac_planner/include
[63.694s] -- Configured cppcheck exclude dirs and/or files: include/nav2_smac_planner/thirdparty/robin_hood.h
[63.702s] -- Added test 'cpplint' to check C / C++ code against the Google style
[63.702s] -- Configured cpplint exclude dirs and/or files: include/nav2_smac_planner/thirdparty/robin_hood.h
[63.704s] -- Added test 'flake8' to check Python code syntax and style conventions
[63.707s] -- Added test 'lint_cmake' to check CMake code style
[63.709s] -- Added test 'pep257' to check Python code against some of the docstring style conventions in PEP 257
[63.717s] -- Added test 'uncrustify' to check C / C++ code style
[63.717s] -- Configured uncrustify additional arguments: 
[63.719s] -- Added test 'xmllint' to check XML markup files
[63.727s] -- Configuring done
[65.268s] -- Generating done
[65.273s] -- Build files have been written to: /home/asis/hokuyo_ws/src/build/nav2_smac_planner
[65.324s] Invoked command in '/home/asis/hokuyo_ws/src/build/nav2_smac_planner' returned '0': AMENT_PREFIX_PATH=/home/asis/hokuyo_ws/src/install/nav2_core:/home/asis/hokuyo_ws/src/install/nav2_costmap_2d:/home/asis/hokuyo_ws/src/install/nav2_util:/home/asis/hokuyo_ws/src/install/nav2_voxel_grid:/home/asis/hokuyo_ws/src/install/nav2_msgs:/home/asis/hokuyo_ws/src/install/nav2_common:${AMENT_PREFIX_PATH} CMAKE_PREFIX_PATH=/home/asis/hokuyo_ws/src/install/nav2_core:/home/asis/hokuyo_ws/src/install/nav2_costmap_2d:/home/asis/hokuyo_ws/src/install/nav2_util:/home/asis/hokuyo_ws/src/install/nav2_voxel_grid:/home/asis/hokuyo_ws/src/install/nav2_msgs:/home/asis/hokuyo_ws/src/install/nav2_common:/home/asis/hokuyo_ws/install/urg_node2:/home/asis/hokuyo_ws/install/slam_toolbox:/opt/ros/humble LD_LIBRARY_PATH=/home/asis/hokuyo_ws/src/install/nav2_costmap_2d/lib:/home/asis/hokuyo_ws/src/install/nav2_util/lib:/home/asis/hokuyo_ws/src/install/nav2_voxel_grid/lib:/home/asis/hokuyo_ws/src/install/nav2_msgs/lib:${LD_LIBRARY_PATH} PYTHONPATH=/home/asis/hokuyo_ws/src/install/nav2_msgs/local/lib/python3.10/dist-packages:/home/asis/hokuyo_ws/src/install/nav2_common/local/lib/python3.10/dist-packages:${PYTHONPATH} /usr/bin/cmake /home/asis/hokuyo_ws/src/navigation2/nav2_smac_planner -DCMAKE_INSTALL_PREFIX=/home/asis/hokuyo_ws/src/install/nav2_smac_planner
[65.325s] Invoking command in '/home/asis/hokuyo_ws/src/build/nav2_smac_planner': AMENT_PREFIX_PATH=/home/asis/hokuyo_ws/src/install/nav2_core:/home/asis/hokuyo_ws/src/install/nav2_costmap_2d:/home/asis/hokuyo_ws/src/install/nav2_util:/home/asis/hokuyo_ws/src/install/nav2_voxel_grid:/home/asis/hokuyo_ws/src/install/nav2_msgs:/home/asis/hokuyo_ws/src/install/nav2_common:${AMENT_PREFIX_PATH} CMAKE_PREFIX_PATH=/home/asis/hokuyo_ws/src/install/nav2_core:/home/asis/hokuyo_ws/src/install/nav2_costmap_2d:/home/asis/hokuyo_ws/src/install/nav2_util:/home/asis/hokuyo_ws/src/install/nav2_voxel_grid:/home/asis/hokuyo_ws/src/install/nav2_msgs:/home/asis/hokuyo_ws/src/install/nav2_common:/home/asis/hokuyo_ws/install/urg_node2:/home/asis/hokuyo_ws/install/slam_toolbox:/opt/ros/humble LD_LIBRARY_PATH=/home/asis/hokuyo_ws/src/install/nav2_costmap_2d/lib:/home/asis/hokuyo_ws/src/install/nav2_util/lib:/home/asis/hokuyo_ws/src/install/nav2_voxel_grid/lib:/home/asis/hokuyo_ws/src/install/nav2_msgs/lib:${LD_LIBRARY_PATH} PYTHONPATH=/home/asis/hokuyo_ws/src/install/nav2_msgs/local/lib/python3.10/dist-packages:/home/asis/hokuyo_ws/src/install/nav2_common/local/lib/python3.10/dist-packages:${PYTHONPATH} /usr/bin/cmake --build /home/asis/hokuyo_ws/src/build/nav2_smac_planner -- -j8 -l8
[65.448s] [  1%] [32mBuilding CXX object CMakeFiles/nav2_smac_planner.dir/src/smac_planner_hybrid.cpp.o[0m
[85.491s] [  3%] [32mBuilding CXX object CMakeFiles/nav2_smac_planner.dir/src/smoother.cpp.o[0m
[95.552s] [  5%] [32mBuilding CXX object CMakeFiles/nav2_smac_planner.dir/src/analytic_expansion.cpp.o[0m
[105.618s] [  6%] [32mBuilding CXX object CMakeFiles/nav2_smac_planner.dir/src/node_hybrid.cpp.o[0m
[115.642s] [  8%] [32mBuilding CXX object CMakeFiles/nav2_smac_planner.dir/src/node_lattice.cpp.o[0m
[130.708s] [ 10%] [32mBuilding CXX object CMakeFiles/nav2_smac_planner.dir/src/costmap_downsampler.cpp.o[0m
[130.771s] [ 11%] [32mBuilding CXX object CMakeFiles/nav2_smac_planner.dir/src/collision_checker.cpp.o[0m
[131.843s] [ 13%] [32mBuilding CXX object CMakeFiles/nav2_smac_planner.dir/src/a_star.cpp.o[0m
[133.867s] [ 15%] [32mBuilding CXX object CMakeFiles/nav2_smac_planner.dir/src/node_2d.cpp.o[0m
[152.423s] [ 16%] [32mBuilding CXX object CMakeFiles/nav2_smac_planner.dir/src/node_basic.cpp.o[0m
[163.797s] [ 18%] [32m[1mLinking CXX shared library libnav2_smac_planner.so[0m
[165.816s] [ 18%] Built target nav2_smac_planner
[165.851s] [ 20%] [32mBuilding CXX object gtest/CMakeFiles/gtest.dir/src/gtest-all.cc.o[0m
[177.015s] [ 22%] [32m[1mLinking CXX static library libgtest.a[0m
[177.098s] [ 22%] Built target gtest
[177.128s] [ 23%] [32mBuilding CXX object gtest/CMakeFiles/gtest_main.dir/src/gtest_main.cc.o[0m
[178.578s] [ 25%] [32m[1mLinking CXX static library libgtest_main.a[0m
[178.628s] [ 25%] Built target gtest_main
[178.664s] [ 27%] [32mBuilding CXX object CMakeFiles/nav2_smac_planner_lattice.dir/src/smac_planner_lattice.cpp.o[0m
[193.554s] [ 28%] [32mBuilding CXX object CMakeFiles/nav2_smac_planner_lattice.dir/src/a_star.cpp.o[0m
[201.683s] [ 30%] [32mBuilding CXX object CMakeFiles/nav2_smac_planner_lattice.dir/src/smoother.cpp.o[0m
[205.710s] [ 32%] [32mBuilding CXX object test/CMakeFiles/test_a_star.dir/test_a_star.cpp.o[0m
[206.729s] [ 33%] [32mBuilding CXX object test/CMakeFiles/test_collision_checker.dir/test_collision_checker.cpp.o[0m
[207.824s] [ 35%] [32mBuilding CXX object test/CMakeFiles/test_nodebasic.dir/test_nodebasic.cpp.o[0m
[208.886s] [ 37%] [32mBuilding CXX object test/CMakeFiles/test_nodehybrid.dir/test_nodehybrid.cpp.o[0m
[209.128s] [ 38%] [32mBuilding CXX object CMakeFiles/nav2_smac_planner_lattice.dir/src/collision_checker.cpp.o[0m
[209.974s] [ 40%] [32mBuilding CXX object test/CMakeFiles/test_node2d.dir/test_node2d.cpp.o[0m
[211.068s] [ 42%] [32mBuilding CXX object test/CMakeFiles/test_costmap_downsampler.dir/test_costmap_downsampler.cpp.o[0m
[212.174s] [ 44%] [32mBuilding CXX object CMakeFiles/nav2_smac_planner_2d.dir/src/smac_planner_2d.cpp.o[0m
[215.472s] [ 45%] [32m[1mLinking CXX executable test_collision_checker[0m
[216.847s] [ 45%] Built target test_collision_checker
[217.747s] [ 47%] [32mBuilding CXX object CMakeFiles/nav2_smac_planner_lattice.dir/src/analytic_expansion.cpp.o[0m
[222.939s] [ 49%] [32m[1mLinking CXX executable test_costmap_downsampler[0m
[224.071s] [ 49%] Built target test_costmap_downsampler
[224.826s] [ 50%] [32m[1mLinking CXX executable test_a_star[0m
[225.883s] [ 52%] [32m[1mLinking CXX executable test_nodebasic[0m
[225.973s] [ 52%] Built target test_a_star
[226.500s] [ 52%] Built target test_nodebasic
[226.911s] [ 54%] [32m[1mLinking CXX executable test_nodehybrid[0m
[227.018s] [ 55%] [32m[1mLinking CXX executable test_node2d[0m
[227.893s] [ 55%] Built target test_nodehybrid
[227.927s] [ 55%] Built target test_node2d
[230.266s] [ 57%] [32mBuilding CXX object CMakeFiles/nav2_smac_planner_lattice.dir/src/node_hybrid.cpp.o[0m
[231.363s] [ 59%] [32mBuilding CXX object CMakeFiles/nav2_smac_planner_2d.dir/src/analytic_expansion.cpp.o[0m
[235.371s] [ 61%] [32mBuilding CXX object CMakeFiles/nav2_smac_planner_lattice.dir/src/node_lattice.cpp.o[0m
[235.379s] [ 62%] [32mBuilding CXX object CMakeFiles/nav2_smac_planner_2d.dir/src/collision_checker.cpp.o[0m
[236.395s] [ 64%] [32mBuilding CXX object CMakeFiles/nav2_smac_planner_2d.dir/src/smoother.cpp.o[0m
[237.438s] [ 66%] [32mBuilding CXX object CMakeFiles/nav2_smac_planner_2d.dir/src/a_star.cpp.o[0m
[238.814s] [ 67%] [32mBuilding CXX object CMakeFiles/nav2_smac_planner_2d.dir/src/node_hybrid.cpp.o[0m
[240.203s] [ 69%] [32mBuilding CXX object CMakeFiles/nav2_smac_planner_lattice.dir/src/costmap_downsampler.cpp.o[0m
[242.394s] [ 71%] [32mBuilding CXX object CMakeFiles/nav2_smac_planner_lattice.dir/src/node_2d.cpp.o[0m
[251.796s] [ 72%] [32mBuilding CXX object CMakeFiles/nav2_smac_planner_2d.dir/src/node_2d.cpp.o[0m
[252.741s] [ 74%] [32mBuilding CXX object CMakeFiles/nav2_smac_planner_lattice.dir/src/node_basic.cpp.o[0m
[258.964s] [ 77%] [32mBuilding CXX object CMakeFiles/nav2_smac_planner_2d.dir/src/node_lattice.cpp.o[0m
[258.965s] [ 77%] [32mBuilding CXX object CMakeFiles/nav2_smac_planner_2d.dir/src/costmap_downsampler.cpp.o[0m
[258.965s] [ 79%] [32mBuilding CXX object CMakeFiles/nav2_smac_planner_2d.dir/src/node_basic.cpp.o[0m
[261.069s] [ 81%] [32m[1mLinking CXX shared library libnav2_smac_planner_lattice.so[0m
[263.148s] [ 81%] Built target nav2_smac_planner_lattice
[263.188s] [ 83%] [32mBuilding CXX object test/CMakeFiles/test_lattice_node.dir/test_nodelattice.cpp.o[0m
[263.259s] [ 84%] [32mBuilding CXX object test/CMakeFiles/test_smac_hybrid.dir/test_smac_hybrid.cpp.o[0m
[277.825s] [ 86%] [32m[1mLinking CXX shared library libnav2_smac_planner_2d.so[0m
[279.704s] [ 86%] Built target nav2_smac_planner_2d
[279.738s] [ 88%] [32mBuilding CXX object test/CMakeFiles/test_smac_lattice.dir/test_smac_lattice.cpp.o[0m
[281.987s] [ 89%] [32m[1mLinking CXX executable test_lattice_node[0m
[282.285s] [ 91%] [32m[1mLinking CXX executable test_smac_hybrid[0m
[283.024s] [ 91%] Built target test_lattice_node
[283.067s] [ 93%] [32mBuilding CXX object test/CMakeFiles/test_smoother.dir/test_smoother.cpp.o[0m
[283.310s] [ 93%] Built target test_smac_hybrid
[283.345s] [ 94%] [32mBuilding CXX object test/CMakeFiles/test_smac_2d.dir/test_smac_2d.cpp.o[0m
[295.165s] [ 96%] [32m[1mLinking CXX executable test_smac_lattice[0m
[296.172s] [ 96%] Built target test_smac_lattice
[297.259s] [ 98%] [32m[1mLinking CXX executable test_smoother[0m
[297.768s] [ 98%] Built target test_smoother
[299.144s] [100%] [32m[1mLinking CXX executable test_smac_2d[0m
[299.546s] [100%] Built target test_smac_2d
[299.559s] Invoked command in '/home/asis/hokuyo_ws/src/build/nav2_smac_planner' returned '0': AMENT_PREFIX_PATH=/home/asis/hokuyo_ws/src/install/nav2_core:/home/asis/hokuyo_ws/src/install/nav2_costmap_2d:/home/asis/hokuyo_ws/src/install/nav2_util:/home/asis/hokuyo_ws/src/install/nav2_voxel_grid:/home/asis/hokuyo_ws/src/install/nav2_msgs:/home/asis/hokuyo_ws/src/install/nav2_common:${AMENT_PREFIX_PATH} CMAKE_PREFIX_PATH=/home/asis/hokuyo_ws/src/install/nav2_core:/home/asis/hokuyo_ws/src/install/nav2_costmap_2d:/home/asis/hokuyo_ws/src/install/nav2_util:/home/asis/hokuyo_ws/src/install/nav2_voxel_grid:/home/asis/hokuyo_ws/src/install/nav2_msgs:/home/asis/hokuyo_ws/src/install/nav2_common:/home/asis/hokuyo_ws/install/urg_node2:/home/asis/hokuyo_ws/install/slam_toolbox:/opt/ros/humble LD_LIBRARY_PATH=/home/asis/hokuyo_ws/src/install/nav2_costmap_2d/lib:/home/asis/hokuyo_ws/src/install/nav2_util/lib:/home/asis/hokuyo_ws/src/install/nav2_voxel_grid/lib:/home/asis/hokuyo_ws/src/install/nav2_msgs/lib:${LD_LIBRARY_PATH} PYTHONPATH=/home/asis/hokuyo_ws/src/install/nav2_msgs/local/lib/python3.10/dist-packages:/home/asis/hokuyo_ws/src/install/nav2_common/local/lib/python3.10/dist-packages:${PYTHONPATH} /usr/bin/cmake --build /home/asis/hokuyo_ws/src/build/nav2_smac_planner -- -j8 -l8
[299.625s] Invoking command in '/home/asis/hokuyo_ws/src/build/nav2_smac_planner': AMENT_PREFIX_PATH=/home/asis/hokuyo_ws/src/install/nav2_core:/home/asis/hokuyo_ws/src/install/nav2_costmap_2d:/home/asis/hokuyo_ws/src/install/nav2_util:/home/asis/hokuyo_ws/src/install/nav2_voxel_grid:/home/asis/hokuyo_ws/src/install/nav2_msgs:/home/asis/hokuyo_ws/src/install/nav2_common:${AMENT_PREFIX_PATH} CMAKE_PREFIX_PATH=/home/asis/hokuyo_ws/src/install/nav2_core:/home/asis/hokuyo_ws/src/install/nav2_costmap_2d:/home/asis/hokuyo_ws/src/install/nav2_util:/home/asis/hokuyo_ws/src/install/nav2_voxel_grid:/home/asis/hokuyo_ws/src/install/nav2_msgs:/home/asis/hokuyo_ws/src/install/nav2_common:/home/asis/hokuyo_ws/install/urg_node2:/home/asis/hokuyo_ws/install/slam_toolbox:/opt/ros/humble LD_LIBRARY_PATH=/home/asis/hokuyo_ws/src/install/nav2_costmap_2d/lib:/home/asis/hokuyo_ws/src/install/nav2_util/lib:/home/asis/hokuyo_ws/src/install/nav2_voxel_grid/lib:/home/asis/hokuyo_ws/src/install/nav2_msgs/lib:${LD_LIBRARY_PATH} PYTHONPATH=/home/asis/hokuyo_ws/src/install/nav2_msgs/local/lib/python3.10/dist-packages:/home/asis/hokuyo_ws/src/install/nav2_common/local/lib/python3.10/dist-packages:${PYTHONPATH} /usr/bin/cmake --install /home/asis/hokuyo_ws/src/build/nav2_smac_planner
[299.633s] -- Install configuration: "Release"
[299.633s] -- Installing: /home/asis/hokuyo_ws/src/install/nav2_smac_planner/share/nav2_smac_planner/smac_plugin_hybrid.xml
[299.633s] -- Installing: /home/asis/hokuyo_ws/src/install/nav2_smac_planner/share/nav2_smac_planner/smac_plugin_2d.xml
[299.633s] -- Installing: /home/asis/hokuyo_ws/src/install/nav2_smac_planner/share/nav2_smac_planner/smac_plugin_lattice.xml
[299.633s] -- Installing: /home/asis/hokuyo_ws/src/install/nav2_smac_planner/lib/libnav2_smac_planner.so
[299.635s] -- Set runtime path of "/home/asis/hokuyo_ws/src/install/nav2_smac_planner/lib/libnav2_smac_planner.so" to ""
[299.635s] -- Installing: /home/asis/hokuyo_ws/src/install/nav2_smac_planner/lib/libnav2_smac_planner_2d.so
[299.637s] -- Set runtime path of "/home/asis/hokuyo_ws/src/install/nav2_smac_planner/lib/libnav2_smac_planner_2d.so" to ""
[299.637s] -- Installing: /home/asis/hokuyo_ws/src/install/nav2_smac_planner/lib/libnav2_smac_planner_lattice.so
[299.639s] -- Set runtime path of "/home/asis/hokuyo_ws/src/install/nav2_smac_planner/lib/libnav2_smac_planner_lattice.so" to ""
[299.639s] -- Installing: /home/asis/hokuyo_ws/src/install/nav2_smac_planner/include/
[299.640s] -- Installing: /home/asis/hokuyo_ws/src/install/nav2_smac_planner/include//nav2_smac_planner
[299.640s] -- Installing: /home/asis/hokuyo_ws/src/install/nav2_smac_planner/include//nav2_smac_planner/constants.hpp
[299.640s] -- Installing: /home/asis/hokuyo_ws/src/install/nav2_smac_planner/include//nav2_smac_planner/smac_planner_2d.hpp
[299.640s] -- Installing: /home/asis/hokuyo_ws/src/install/nav2_smac_planner/include//nav2_smac_planner/analytic_expansion.hpp
[299.640s] -- Installing: /home/asis/hokuyo_ws/src/install/nav2_smac_planner/include//nav2_smac_planner/smoother.hpp
[299.640s] -- Installing: /home/asis/hokuyo_ws/src/install/nav2_smac_planner/include//nav2_smac_planner/node_lattice.hpp
[299.640s] -- Installing: /home/asis/hokuyo_ws/src/install/nav2_smac_planner/include//nav2_smac_planner/node_hybrid.hpp
[299.640s] -- Installing: /home/asis/hokuyo_ws/src/install/nav2_smac_planner/include//nav2_smac_planner/thirdparty
[299.640s] -- Installing: /home/asis/hokuyo_ws/src/install/nav2_smac_planner/include//nav2_smac_planner/thirdparty/robin_hood.h
[299.640s] -- Installing: /home/asis/hokuyo_ws/src/install/nav2_smac_planner/include//nav2_smac_planner/node_2d.hpp
[299.641s] -- Installing: /home/asis/hokuyo_ws/src/install/nav2_smac_planner/include//nav2_smac_planner/costmap_downsampler.hpp
[299.641s] -- Installing: /home/asis/hokuyo_ws/src/install/nav2_smac_planner/include//nav2_smac_planner/a_star.hpp
[299.641s] -- Installing: /home/asis/hokuyo_ws/src/install/nav2_smac_planner/include//nav2_smac_planner/node_basic.hpp
[299.641s] -- Installing: /home/asis/hokuyo_ws/src/install/nav2_smac_planner/include//nav2_smac_planner/collision_checker.hpp
[299.641s] -- Installing: /home/asis/hokuyo_ws/src/install/nav2_smac_planner/include//nav2_smac_planner/smac_planner_hybrid.hpp
[299.641s] -- Installing: /home/asis/hokuyo_ws/src/install/nav2_smac_planner/include//nav2_smac_planner/types.hpp
[299.641s] -- Installing: /home/asis/hokuyo_ws/src/install/nav2_smac_planner/include//nav2_smac_planner/smac_planner_lattice.hpp
[299.641s] -- Installing: /home/asis/hokuyo_ws/src/install/nav2_smac_planner/include//nav2_smac_planner/utils.hpp
[299.641s] -- Installing: /home/asis/hokuyo_ws/src/install/nav2_smac_planner/share/nav2_smac_planner/sample_primitives
[299.641s] -- Installing: /home/asis/hokuyo_ws/src/install/nav2_smac_planner/share/nav2_smac_planner/sample_primitives/5cm_resolution
[299.641s] -- Installing: /home/asis/hokuyo_ws/src/install/nav2_smac_planner/share/nav2_smac_planner/sample_primitives/5cm_resolution/1m_turning_radius
[299.642s] -- Installing: /home/asis/hokuyo_ws/src/install/nav2_smac_planner/share/nav2_smac_planner/sample_primitives/5cm_resolution/1m_turning_radius/omni
[299.642s] -- Installing: /home/asis/hokuyo_ws/src/install/nav2_smac_planner/share/nav2_smac_planner/sample_primitives/5cm_resolution/1m_turning_radius/omni/output.json
[299.642s] -- Installing: /home/asis/hokuyo_ws/src/install/nav2_smac_planner/share/nav2_smac_planner/sample_primitives/5cm_resolution/1m_turning_radius/ackermann
[299.642s] -- Installing: /home/asis/hokuyo_ws/src/install/nav2_smac_planner/share/nav2_smac_planner/sample_primitives/5cm_resolution/1m_turning_radius/ackermann/output.json
[299.642s] -- Installing: /home/asis/hokuyo_ws/src/install/nav2_smac_planner/share/nav2_smac_planner/sample_primitives/5cm_resolution/1m_turning_radius/diff
[299.642s] -- Installing: /home/asis/hokuyo_ws/src/install/nav2_smac_planner/share/nav2_smac_planner/sample_primitives/5cm_resolution/1m_turning_radius/diff/output.json
[299.642s] -- Installing: /home/asis/hokuyo_ws/src/install/nav2_smac_planner/share/nav2_smac_planner/sample_primitives/5cm_resolution/1m_turning_radius/all_trajectories.png
[299.642s] -- Installing: /home/asis/hokuyo_ws/src/install/nav2_smac_planner/share/nav2_smac_planner/sample_primitives/5cm_resolution/0.5m_turning_radius
[299.643s] -- Installing: /home/asis/hokuyo_ws/src/install/nav2_smac_planner/share/nav2_smac_planner/sample_primitives/5cm_resolution/0.5m_turning_radius/omni
[299.643s] -- Installing: /home/asis/hokuyo_ws/src/install/nav2_smac_planner/share/nav2_smac_planner/sample_primitives/5cm_resolution/0.5m_turning_radius/omni/output.json
[299.643s] -- Installing: /home/asis/hokuyo_ws/src/install/nav2_smac_planner/share/nav2_smac_planner/sample_primitives/5cm_resolution/0.5m_turning_radius/ackermann
[299.643s] -- Installing: /home/asis/hokuyo_ws/src/install/nav2_smac_planner/share/nav2_smac_planner/sample_primitives/5cm_resolution/0.5m_turning_radius/ackermann/output.json
[299.643s] -- Installing: /home/asis/hokuyo_ws/src/install/nav2_smac_planner/share/nav2_smac_planner/sample_primitives/5cm_resolution/0.5m_turning_radius/diff
[299.643s] -- Installing: /home/asis/hokuyo_ws/src/install/nav2_smac_planner/share/nav2_smac_planner/sample_primitives/5cm_resolution/0.5m_turning_radius/diff/output.json
[299.643s] -- Installing: /home/asis/hokuyo_ws/src/install/nav2_smac_planner/share/nav2_smac_planner/sample_primitives/5cm_resolution/0.5m_turning_radius/all_trajectories.png
[299.643s] -- Installing: /home/asis/hokuyo_ws/src/install/nav2_smac_planner/share/nav2_smac_planner/environment/library_path.sh
[299.644s] -- Installing: /home/asis/hokuyo_ws/src/install/nav2_smac_planner/share/nav2_smac_planner/environment/library_path.dsv
[299.644s] -- Installing: /home/asis/hokuyo_ws/src/install/nav2_smac_planner/share/ament_index/resource_index/package_run_dependencies/nav2_smac_planner
[299.644s] -- Installing: /home/asis/hokuyo_ws/src/install/nav2_smac_planner/share/ament_index/resource_index/parent_prefix_path/nav2_smac_planner
[299.644s] -- Installing: /home/asis/hokuyo_ws/src/install/nav2_smac_planner/share/nav2_smac_planner/environment/ament_prefix_path.sh
[299.644s] -- Installing: /home/asis/hokuyo_ws/src/install/nav2_smac_planner/share/nav2_smac_planner/environment/ament_prefix_path.dsv
[299.644s] -- Installing: /home/asis/hokuyo_ws/src/install/nav2_smac_planner/share/nav2_smac_planner/environment/path.sh
[299.644s] -- Installing: /home/asis/hokuyo_ws/src/install/nav2_smac_planner/share/nav2_smac_planner/environment/path.dsv
[299.644s] -- Installing: /home/asis/hokuyo_ws/src/install/nav2_smac_planner/share/nav2_smac_planner/local_setup.bash
[299.645s] -- Installing: /home/asis/hokuyo_ws/src/install/nav2_smac_planner/share/nav2_smac_planner/local_setup.sh
[299.645s] -- Installing: /home/asis/hokuyo_ws/src/install/nav2_smac_planner/share/nav2_smac_planner/local_setup.zsh
[299.645s] -- Installing: /home/asis/hokuyo_ws/src/install/nav2_smac_planner/share/nav2_smac_planner/local_setup.dsv
[299.645s] -- Installing: /home/asis/hokuyo_ws/src/install/nav2_smac_planner/share/nav2_smac_planner/package.dsv
[299.645s] -- Installing: /home/asis/hokuyo_ws/src/install/nav2_smac_planner/share/ament_index/resource_index/packages/nav2_smac_planner
[299.645s] -- Installing: /home/asis/hokuyo_ws/src/install/nav2_smac_planner/share/ament_index/resource_index/nav2_core__pluginlib__plugin/nav2_smac_planner
[299.645s] -- Installing: /home/asis/hokuyo_ws/src/install/nav2_smac_planner/share/nav2_smac_planner/cmake/ament_cmake_export_include_directories-extras.cmake
[299.646s] -- Installing: /home/asis/hokuyo_ws/src/install/nav2_smac_planner/share/nav2_smac_planner/cmake/ament_cmake_export_libraries-extras.cmake
[299.646s] -- Installing: /home/asis/hokuyo_ws/src/install/nav2_smac_planner/share/nav2_smac_planner/cmake/ament_cmake_export_dependencies-extras.cmake
[299.646s] -- Installing: /home/asis/hokuyo_ws/src/install/nav2_smac_planner/share/nav2_smac_planner/cmake/nav2_smac_plannerConfig.cmake
[299.646s] -- Installing: /home/asis/hokuyo_ws/src/install/nav2_smac_planner/share/nav2_smac_planner/cmake/nav2_smac_plannerConfig-version.cmake
[299.646s] -- Installing: /home/asis/hokuyo_ws/src/install/nav2_smac_planner/share/nav2_smac_planner/package.xml
[299.649s] Invoked command in '/home/asis/hokuyo_ws/src/build/nav2_smac_planner' returned '0': AMENT_PREFIX_PATH=/home/asis/hokuyo_ws/src/install/nav2_core:/home/asis/hokuyo_ws/src/install/nav2_costmap_2d:/home/asis/hokuyo_ws/src/install/nav2_util:/home/asis/hokuyo_ws/src/install/nav2_voxel_grid:/home/asis/hokuyo_ws/src/install/nav2_msgs:/home/asis/hokuyo_ws/src/install/nav2_common:${AMENT_PREFIX_PATH} CMAKE_PREFIX_PATH=/home/asis/hokuyo_ws/src/install/nav2_core:/home/asis/hokuyo_ws/src/install/nav2_costmap_2d:/home/asis/hokuyo_ws/src/install/nav2_util:/home/asis/hokuyo_ws/src/install/nav2_voxel_grid:/home/asis/hokuyo_ws/src/install/nav2_msgs:/home/asis/hokuyo_ws/src/install/nav2_common:/home/asis/hokuyo_ws/install/urg_node2:/home/asis/hokuyo_ws/install/slam_toolbox:/opt/ros/humble LD_LIBRARY_PATH=/home/asis/hokuyo_ws/src/install/nav2_costmap_2d/lib:/home/asis/hokuyo_ws/src/install/nav2_util/lib:/home/asis/hokuyo_ws/src/install/nav2_voxel_grid/lib:/home/asis/hokuyo_ws/src/install/nav2_msgs/lib:${LD_LIBRARY_PATH} PYTHONPATH=/home/asis/hokuyo_ws/src/install/nav2_msgs/local/lib/python3.10/dist-packages:/home/asis/hokuyo_ws/src/install/nav2_common/local/lib/python3.10/dist-packages:${PYTHONPATH} /usr/bin/cmake --install /home/asis/hokuyo_ws/src/build/nav2_smac_planner
