[0.034s] Invoking command in '/home/asis/hokuyo_ws/src/build/nav2_lifecycle_manager': AMENT_PREFIX_PATH=/home/asis/hokuyo_ws/src/install/nav2_util:/home/asis/hokuyo_ws/src/install/nav2_msgs:/home/asis/hokuyo_ws/src/install/nav2_common:${AMENT_PREFIX_PATH} CMAKE_PREFIX_PATH=/home/asis/hokuyo_ws/src/install/nav2_util:/home/asis/hokuyo_ws/src/install/nav2_msgs:/home/asis/hokuyo_ws/src/install/nav2_common:/home/asis/hokuyo_ws/install/urg_node2:/home/asis/hokuyo_ws/install/slam_toolbox:/opt/ros/humble LD_LIBRARY_PATH=/home/asis/hokuyo_ws/src/install/nav2_util/lib:/home/asis/hokuyo_ws/src/install/nav2_msgs/lib:${LD_LIBRARY_PATH} PYTHONPATH=/home/asis/hokuyo_ws/src/install/nav2_msgs/local/lib/python3.10/dist-packages:/home/asis/hokuyo_ws/src/install/nav2_common/local/lib/python3.10/dist-packages:${PYTHONPATH} /usr/bin/cmake /home/asis/hokuyo_ws/src/navigation2/nav2_lifecycle_manager -DCMAKE_INSTALL_PREFIX=/home/asis/hokuyo_ws/src/install/nav2_lifecycle_manager
[0.131s] -- The C compiler identification is GNU 11.4.0
[0.213s] -- The CXX compiler identification is GNU 11.4.0
[0.225s] -- Detecting C compiler ABI info
[0.355s] -- Detecting C compiler ABI info - done
[0.375s] -- Check for working C compiler: /usr/bin/cc - skipped
[0.380s] -- Detecting C compile features
[0.381s] -- Detecting C compile features - done
[0.388s] -- Detecting CXX compiler ABI info
[0.536s] -- Detecting CXX compiler ABI info - done
[0.553s] -- Check for working CXX compiler: /usr/bin/c++ - skipped
[0.553s] -- Detecting CXX compile features
[0.553s] -- Detecting CXX compile features - done
[0.553s] -- Found ament_cmake: 1.3.9 (/opt/ros/humble/share/ament_cmake/cmake)
[0.796s] -- Found Python3: /usr/bin/python3 (found version "3.10.12") found components: Interpreter 
[0.960s] -- Found geometry_msgs: 4.2.3 (/opt/ros/humble/share/geometry_msgs/cmake)
[1.032s] -- Found rosidl_generator_c: 3.1.5 (/opt/ros/humble/share/rosidl_generator_c/cmake)
[1.042s] -- Found rosidl_adapter: 3.1.5 (/opt/ros/humble/share/rosidl_adapter/cmake)
[1.056s] -- Found rosidl_generator_cpp: 3.1.5 (/opt/ros/humble/share/rosidl_generator_cpp/cmake)
[1.082s] -- Using all available rosidl_typesupport_c: rosidl_typesupport_fastrtps_c;rosidl_typesupport_introspection_c
[1.120s] -- Using all available rosidl_typesupport_cpp: rosidl_typesupport_fastrtps_cpp;rosidl_typesupport_introspection_cpp
[1.341s] -- Found lifecycle_msgs: 1.2.1 (/opt/ros/humble/share/lifecycle_msgs/cmake)
[1.392s] -- Found nav2_common: 1.1.15 (/home/asis/hokuyo_ws/src/install/nav2_common/share/nav2_common/cmake)
[1.392s] -- Found nav2_msgs: 1.1.15 (/home/asis/hokuyo_ws/src/install/nav2_msgs/share/nav2_msgs/cmake)
[1.962s] -- Found nav2_util: 1.1.15 (/home/asis/hokuyo_ws/src/install/nav2_util/share/nav2_util/cmake)
[2.194s] -- Found rmw_implementation_cmake: 6.1.2 (/opt/ros/humble/share/rmw_implementation_cmake/cmake)
[2.196s] -- Found rmw_fastrtps_cpp: 6.2.6 (/opt/ros/humble/share/rmw_fastrtps_cpp/cmake)
[2.310s] -- Found OpenSSL: /usr/lib/x86_64-linux-gnu/libcrypto.so (found version "3.0.2")  
[2.388s] -- Found FastRTPS: /opt/ros/humble/include  
[2.490s] -- Using RMW implementation 'rmw_fastrtps_cpp' as default
[2.509s] -- Looking for pthread.h
[2.653s] -- Looking for pthread.h - found
[2.653s] -- Performing Test CMAKE_HAVE_LIBC_PTHREAD
[2.744s] -- Performing Test CMAKE_HAVE_LIBC_PTHREAD - Success
[2.746s] -- Found Threads: TRUE  
[3.413s] -- Found eigen3_cmake_module: 0.1.1 (/opt/ros/humble/share/eigen3_cmake_module/cmake)
[3.414s] -- Found Eigen3: TRUE (found version "3.4.0") 
[3.414s] -- Ensuring Eigen3 include directory is part of orocos-kdl CMake target
[3.856s] -- Found std_srvs: 4.2.3 (/opt/ros/humble/share/std_srvs/cmake)
[3.898s] -- Found diagnostic_updater: 3.1.2 (/opt/ros/humble/share/diagnostic_updater/cmake)
[4.030s] -- Setting build type to Release as none was specified.
[6.827s] -- Found ament_lint_auto: 0.12.11 (/opt/ros/humble/share/ament_lint_auto/cmake)
[7.203s] -- Found gtest sources under '/opt/ros/humble/src/gtest_vendor': C++ tests using 'Google Test' will be built
[10.562s] -- Added test 'copyright' to check source files copyright and LICENSE
[10.566s] -- Added test 'cppcheck' to perform static code analysis on C / C++ code
[10.568s] -- Configured cppcheck include dirs: /home/asis/hokuyo_ws/src/navigation2/nav2_lifecycle_manager/include
[10.569s] -- Configured cppcheck exclude dirs and/or files: 
[10.571s] -- Added test 'cpplint' to check C / C++ code against the Google style
[10.571s] -- Configured cpplint exclude dirs and/or files: 
[10.573s] -- Added test 'flake8' to check Python code syntax and style conventions
[10.574s] -- Added test 'lint_cmake' to check CMake code style
[10.576s] -- Added test 'pep257' to check Python code against some of the docstring style conventions in PEP 257
[10.579s] -- Added test 'uncrustify' to check C / C++ code style
[10.579s] -- Configured uncrustify additional arguments: 
[10.581s] -- Added test 'xmllint' to check XML markup files
[10.596s] -- Configuring done
[11.016s] -- Generating done
[11.028s] -- Build files have been written to: /home/asis/hokuyo_ws/src/build/nav2_lifecycle_manager
[11.061s] Invoked command in '/home/asis/hokuyo_ws/src/build/nav2_lifecycle_manager' returned '0': AMENT_PREFIX_PATH=/home/asis/hokuyo_ws/src/install/nav2_util:/home/asis/hokuyo_ws/src/install/nav2_msgs:/home/asis/hokuyo_ws/src/install/nav2_common:${AMENT_PREFIX_PATH} CMAKE_PREFIX_PATH=/home/asis/hokuyo_ws/src/install/nav2_util:/home/asis/hokuyo_ws/src/install/nav2_msgs:/home/asis/hokuyo_ws/src/install/nav2_common:/home/asis/hokuyo_ws/install/urg_node2:/home/asis/hokuyo_ws/install/slam_toolbox:/opt/ros/humble LD_LIBRARY_PATH=/home/asis/hokuyo_ws/src/install/nav2_util/lib:/home/asis/hokuyo_ws/src/install/nav2_msgs/lib:${LD_LIBRARY_PATH} PYTHONPATH=/home/asis/hokuyo_ws/src/install/nav2_msgs/local/lib/python3.10/dist-packages:/home/asis/hokuyo_ws/src/install/nav2_common/local/lib/python3.10/dist-packages:${PYTHONPATH} /usr/bin/cmake /home/asis/hokuyo_ws/src/navigation2/nav2_lifecycle_manager -DCMAKE_INSTALL_PREFIX=/home/asis/hokuyo_ws/src/install/nav2_lifecycle_manager
[11.062s] Invoking command in '/home/asis/hokuyo_ws/src/build/nav2_lifecycle_manager': AMENT_PREFIX_PATH=/home/asis/hokuyo_ws/src/install/nav2_util:/home/asis/hokuyo_ws/src/install/nav2_msgs:/home/asis/hokuyo_ws/src/install/nav2_common:${AMENT_PREFIX_PATH} CMAKE_PREFIX_PATH=/home/asis/hokuyo_ws/src/install/nav2_util:/home/asis/hokuyo_ws/src/install/nav2_msgs:/home/asis/hokuyo_ws/src/install/nav2_common:/home/asis/hokuyo_ws/install/urg_node2:/home/asis/hokuyo_ws/install/slam_toolbox:/opt/ros/humble LD_LIBRARY_PATH=/home/asis/hokuyo_ws/src/install/nav2_util/lib:/home/asis/hokuyo_ws/src/install/nav2_msgs/lib:${LD_LIBRARY_PATH} PYTHONPATH=/home/asis/hokuyo_ws/src/install/nav2_msgs/local/lib/python3.10/dist-packages:/home/asis/hokuyo_ws/src/install/nav2_common/local/lib/python3.10/dist-packages:${PYTHONPATH} /usr/bin/cmake --build /home/asis/hokuyo_ws/src/build/nav2_lifecycle_manager -- -j8 -l8
[11.310s] [  7%] [32mBuilding CXX object CMakeFiles/nav2_lifecycle_manager_core.dir/src/lifecycle_manager.cpp.o[0m
[11.323s] [ 15%] [32mBuilding CXX object CMakeFiles/nav2_lifecycle_manager_core.dir/src/lifecycle_manager_client.cpp.o[0m
[11.329s] [ 23%] [32mBuilding CXX object gtest/CMakeFiles/gtest_main.dir/src/gtest_main.cc.o[0m
[11.369s] [ 30%] [32mBuilding CXX object gtest/CMakeFiles/gtest.dir/src/gtest-all.cc.o[0m
[14.565s] [ 38%] [32m[1mLinking CXX static library libgtest_main.a[0m
[14.761s] [ 38%] Built target gtest_main
[26.855s] [ 46%] [32m[1mLinking CXX static library libgtest.a[0m
[26.916s] [ 46%] Built target gtest
[28.424s] [ 53%] [32m[1mLinking CXX shared library libnav2_lifecycle_manager_core.so[0m
[28.850s] [ 53%] Built target nav2_lifecycle_manager_core
[28.885s] [ 61%] [32mBuilding CXX object CMakeFiles/lifecycle_manager.dir/src/main.cpp.o[0m
[36.164s] [ 69%] [32m[1mLinking CXX executable lifecycle_manager[0m
[36.550s] [ 69%] Built target lifecycle_manager
[36.661s] [ 76%] [32mBuilding CXX object test/CMakeFiles/test_bond_gtest.dir/test_bond.cpp.o[0m
[48.793s] [ 84%] [32m[1mLinking CXX executable test_bond_gtest[0m
[49.324s] [ 84%] Built target test_bond_gtest
[49.376s] [ 92%] [32mBuilding CXX object test/CMakeFiles/test_lifecycle_gtest.dir/test_lifecycle_manager.cpp.o[0m
[55.183s] [100%] [32m[1mLinking CXX executable test_lifecycle_gtest[0m
[55.443s] [100%] Built target test_lifecycle_gtest
[55.455s] Invoked command in '/home/asis/hokuyo_ws/src/build/nav2_lifecycle_manager' returned '0': AMENT_PREFIX_PATH=/home/asis/hokuyo_ws/src/install/nav2_util:/home/asis/hokuyo_ws/src/install/nav2_msgs:/home/asis/hokuyo_ws/src/install/nav2_common:${AMENT_PREFIX_PATH} CMAKE_PREFIX_PATH=/home/asis/hokuyo_ws/src/install/nav2_util:/home/asis/hokuyo_ws/src/install/nav2_msgs:/home/asis/hokuyo_ws/src/install/nav2_common:/home/asis/hokuyo_ws/install/urg_node2:/home/asis/hokuyo_ws/install/slam_toolbox:/opt/ros/humble LD_LIBRARY_PATH=/home/asis/hokuyo_ws/src/install/nav2_util/lib:/home/asis/hokuyo_ws/src/install/nav2_msgs/lib:${LD_LIBRARY_PATH} PYTHONPATH=/home/asis/hokuyo_ws/src/install/nav2_msgs/local/lib/python3.10/dist-packages:/home/asis/hokuyo_ws/src/install/nav2_common/local/lib/python3.10/dist-packages:${PYTHONPATH} /usr/bin/cmake --build /home/asis/hokuyo_ws/src/build/nav2_lifecycle_manager -- -j8 -l8
[55.491s] Invoking command in '/home/asis/hokuyo_ws/src/build/nav2_lifecycle_manager': AMENT_PREFIX_PATH=/home/asis/hokuyo_ws/src/install/nav2_util:/home/asis/hokuyo_ws/src/install/nav2_msgs:/home/asis/hokuyo_ws/src/install/nav2_common:${AMENT_PREFIX_PATH} CMAKE_PREFIX_PATH=/home/asis/hokuyo_ws/src/install/nav2_util:/home/asis/hokuyo_ws/src/install/nav2_msgs:/home/asis/hokuyo_ws/src/install/nav2_common:/home/asis/hokuyo_ws/install/urg_node2:/home/asis/hokuyo_ws/install/slam_toolbox:/opt/ros/humble LD_LIBRARY_PATH=/home/asis/hokuyo_ws/src/install/nav2_util/lib:/home/asis/hokuyo_ws/src/install/nav2_msgs/lib:${LD_LIBRARY_PATH} PYTHONPATH=/home/asis/hokuyo_ws/src/install/nav2_msgs/local/lib/python3.10/dist-packages:/home/asis/hokuyo_ws/src/install/nav2_common/local/lib/python3.10/dist-packages:${PYTHONPATH} /usr/bin/cmake --install /home/asis/hokuyo_ws/src/build/nav2_lifecycle_manager
[55.498s] -- Install configuration: "Release"
[55.498s] -- Installing: /home/asis/hokuyo_ws/src/install/nav2_lifecycle_manager/lib/libnav2_lifecycle_manager_core.so
[55.499s] -- Set runtime path of "/home/asis/hokuyo_ws/src/install/nav2_lifecycle_manager/lib/libnav2_lifecycle_manager_core.so" to ""
[55.500s] -- Installing: /home/asis/hokuyo_ws/src/install/nav2_lifecycle_manager/lib/nav2_lifecycle_manager/lifecycle_manager
[55.500s] -- Set runtime path of "/home/asis/hokuyo_ws/src/install/nav2_lifecycle_manager/lib/nav2_lifecycle_manager/lifecycle_manager" to ""
[55.500s] -- Installing: /home/asis/hokuyo_ws/src/install/nav2_lifecycle_manager/include/
[55.500s] -- Installing: /home/asis/hokuyo_ws/src/install/nav2_lifecycle_manager/include//nav2_lifecycle_manager
[55.500s] -- Installing: /home/asis/hokuyo_ws/src/install/nav2_lifecycle_manager/include//nav2_lifecycle_manager/lifecycle_manager_client.hpp
[55.500s] -- Installing: /home/asis/hokuyo_ws/src/install/nav2_lifecycle_manager/include//nav2_lifecycle_manager/lifecycle_manager.hpp
[55.501s] -- Installing: /home/asis/hokuyo_ws/src/install/nav2_lifecycle_manager/share/nav2_lifecycle_manager/environment/library_path.sh
[55.501s] -- Installing: /home/asis/hokuyo_ws/src/install/nav2_lifecycle_manager/share/nav2_lifecycle_manager/environment/library_path.dsv
[55.501s] -- Installing: /home/asis/hokuyo_ws/src/install/nav2_lifecycle_manager/share/ament_index/resource_index/package_run_dependencies/nav2_lifecycle_manager
[55.501s] -- Installing: /home/asis/hokuyo_ws/src/install/nav2_lifecycle_manager/share/ament_index/resource_index/parent_prefix_path/nav2_lifecycle_manager
[55.501s] -- Installing: /home/asis/hokuyo_ws/src/install/nav2_lifecycle_manager/share/nav2_lifecycle_manager/environment/ament_prefix_path.sh
[55.502s] -- Installing: /home/asis/hokuyo_ws/src/install/nav2_lifecycle_manager/share/nav2_lifecycle_manager/environment/ament_prefix_path.dsv
[55.502s] -- Installing: /home/asis/hokuyo_ws/src/install/nav2_lifecycle_manager/share/nav2_lifecycle_manager/environment/path.sh
[55.502s] -- Installing: /home/asis/hokuyo_ws/src/install/nav2_lifecycle_manager/share/nav2_lifecycle_manager/environment/path.dsv
[55.502s] -- Installing: /home/asis/hokuyo_ws/src/install/nav2_lifecycle_manager/share/nav2_lifecycle_manager/local_setup.bash
[55.502s] -- Installing: /home/asis/hokuyo_ws/src/install/nav2_lifecycle_manager/share/nav2_lifecycle_manager/local_setup.sh
[55.502s] -- Installing: /home/asis/hokuyo_ws/src/install/nav2_lifecycle_manager/share/nav2_lifecycle_manager/local_setup.zsh
[55.502s] -- Installing: /home/asis/hokuyo_ws/src/install/nav2_lifecycle_manager/share/nav2_lifecycle_manager/local_setup.dsv
[55.503s] -- Installing: /home/asis/hokuyo_ws/src/install/nav2_lifecycle_manager/share/nav2_lifecycle_manager/package.dsv
[55.503s] -- Installing: /home/asis/hokuyo_ws/src/install/nav2_lifecycle_manager/share/ament_index/resource_index/packages/nav2_lifecycle_manager
[55.503s] -- Installing: /home/asis/hokuyo_ws/src/install/nav2_lifecycle_manager/share/ament_index/resource_index/rclcpp_components/nav2_lifecycle_manager
[55.503s] -- Installing: /home/asis/hokuyo_ws/src/install/nav2_lifecycle_manager/share/nav2_lifecycle_manager/cmake/ament_cmake_export_include_directories-extras.cmake
[55.503s] -- Installing: /home/asis/hokuyo_ws/src/install/nav2_lifecycle_manager/share/nav2_lifecycle_manager/cmake/ament_cmake_export_libraries-extras.cmake
[55.503s] -- Installing: /home/asis/hokuyo_ws/src/install/nav2_lifecycle_manager/share/nav2_lifecycle_manager/cmake/ament_cmake_export_dependencies-extras.cmake
[55.504s] -- Installing: /home/asis/hokuyo_ws/src/install/nav2_lifecycle_manager/share/nav2_lifecycle_manager/cmake/nav2_lifecycle_managerConfig.cmake
[55.504s] -- Installing: /home/asis/hokuyo_ws/src/install/nav2_lifecycle_manager/share/nav2_lifecycle_manager/cmake/nav2_lifecycle_managerConfig-version.cmake
[55.504s] -- Installing: /home/asis/hokuyo_ws/src/install/nav2_lifecycle_manager/share/nav2_lifecycle_manager/package.xml
[55.507s] Invoked command in '/home/asis/hokuyo_ws/src/build/nav2_lifecycle_manager' returned '0': AMENT_PREFIX_PATH=/home/asis/hokuyo_ws/src/install/nav2_util:/home/asis/hokuyo_ws/src/install/nav2_msgs:/home/asis/hokuyo_ws/src/install/nav2_common:${AMENT_PREFIX_PATH} CMAKE_PREFIX_PATH=/home/asis/hokuyo_ws/src/install/nav2_util:/home/asis/hokuyo_ws/src/install/nav2_msgs:/home/asis/hokuyo_ws/src/install/nav2_common:/home/asis/hokuyo_ws/install/urg_node2:/home/asis/hokuyo_ws/install/slam_toolbox:/opt/ros/humble LD_LIBRARY_PATH=/home/asis/hokuyo_ws/src/install/nav2_util/lib:/home/asis/hokuyo_ws/src/install/nav2_msgs/lib:${LD_LIBRARY_PATH} PYTHONPATH=/home/asis/hokuyo_ws/src/install/nav2_msgs/local/lib/python3.10/dist-packages:/home/asis/hokuyo_ws/src/install/nav2_common/local/lib/python3.10/dist-packages:${PYTHONPATH} /usr/bin/cmake --install /home/asis/hokuyo_ws/src/build/nav2_lifecycle_manager
