[0.021s] Invoking command in '/home/asis/hokuyo_ws/src/build/nav2_collision_monitor': AMENT_PREFIX_PATH=/home/asis/hokuyo_ws/src/install/nav2_costmap_2d:/home/asis/hokuyo_ws/src/install/nav2_util:/home/asis/hokuyo_ws/src/install/nav2_voxel_grid:/home/asis/hokuyo_ws/src/install/nav2_msgs:/home/asis/hokuyo_ws/src/install/nav2_common:${AMENT_PREFIX_PATH} CMAKE_PREFIX_PATH=/home/asis/hokuyo_ws/src/install/nav2_costmap_2d:/home/asis/hokuyo_ws/src/install/nav2_util:/home/asis/hokuyo_ws/src/install/nav2_voxel_grid:/home/asis/hokuyo_ws/src/install/nav2_msgs:/home/asis/hokuyo_ws/src/install/nav2_common:/home/asis/hokuyo_ws/install/urg_node2:/home/asis/hokuyo_ws/install/slam_toolbox:/opt/ros/humble LD_LIBRARY_PATH=/home/asis/hokuyo_ws/src/install/nav2_costmap_2d/lib:/home/asis/hokuyo_ws/src/install/nav2_util/lib:/home/asis/hokuyo_ws/src/install/nav2_voxel_grid/lib:/home/asis/hokuyo_ws/src/install/nav2_msgs/lib:${LD_LIBRARY_PATH} PYTHONPATH=/home/asis/hokuyo_ws/src/install/nav2_msgs/local/lib/python3.10/dist-packages:/home/asis/hokuyo_ws/src/install/nav2_common/local/lib/python3.10/dist-packages:${PYTHONPATH} /usr/bin/cmake /home/asis/hokuyo_ws/src/navigation2/nav2_collision_monitor -DCMAKE_INSTALL_PREFIX=/home/asis/hokuyo_ws/src/install/nav2_collision_monitor
[0.092s] -- The C compiler identification is GNU 11.4.0
[0.157s] -- The CXX compiler identification is GNU 11.4.0
[0.167s] -- Detecting C compiler ABI info
[0.243s] -- Detecting C compiler ABI info - done
[0.253s] -- Check for working C compiler: /usr/bin/cc - skipped
[0.253s] -- Detecting C compile features
[0.253s] -- Detecting C compile features - done
[0.256s] -- Detecting CXX compiler ABI info
[0.337s] -- Detecting CXX compiler ABI info - done
[0.346s] -- Check for working CXX compiler: /usr/bin/c++ - skipped
[0.346s] -- Detecting CXX compile features
[0.347s] -- Detecting CXX compile features - done
[0.351s] -- Found ament_cmake: 1.3.9 (/opt/ros/humble/share/ament_cmake/cmake)
[0.557s] -- Found Python3: /usr/bin/python3 (found version "3.10.12") found components: Interpreter 
[0.718s] -- Found rclcpp: 16.0.9 (/opt/ros/humble/share/rclcpp/cmake)
[0.788s] -- Found rosidl_generator_c: 3.1.5 (/opt/ros/humble/share/rosidl_generator_c/cmake)
[0.797s] -- Found rosidl_adapter: 3.1.5 (/opt/ros/humble/share/rosidl_adapter/cmake)
[0.810s] -- Found rosidl_generator_cpp: 3.1.5 (/opt/ros/humble/share/rosidl_generator_cpp/cmake)
[0.832s] -- Using all available rosidl_typesupport_c: rosidl_typesupport_fastrtps_c;rosidl_typesupport_introspection_c
[0.865s] -- Using all available rosidl_typesupport_cpp: rosidl_typesupport_fastrtps_cpp;rosidl_typesupport_introspection_cpp
[0.987s] -- Found rmw_implementation_cmake: 6.1.2 (/opt/ros/humble/share/rmw_implementation_cmake/cmake)
[0.992s] -- Found rmw_fastrtps_cpp: 6.2.6 (/opt/ros/humble/share/rmw_fastrtps_cpp/cmake)
[1.134s] -- Found OpenSSL: /usr/lib/x86_64-linux-gnu/libcrypto.so (found version "3.0.2")  
[1.162s] -- Found FastRTPS: /opt/ros/humble/include  
[1.209s] -- Using RMW implementation 'rmw_fastrtps_cpp' as default
[1.220s] -- Looking for pthread.h
[1.296s] -- Looking for pthread.h - found
[1.297s] -- Performing Test CMAKE_HAVE_LIBC_PTHREAD
[1.397s] -- Performing Test CMAKE_HAVE_LIBC_PTHREAD - Success
[1.398s] -- Found Threads: TRUE  
[1.609s] -- Found rclcpp_components: 16.0.9 (/opt/ros/humble/share/rclcpp_components/cmake)
[1.677s] -- Found sensor_msgs: 4.2.3 (/opt/ros/humble/share/sensor_msgs/cmake)
[1.802s] -- Found tf2: 0.25.6 (/opt/ros/humble/share/tf2/cmake)
[1.811s] -- Found tf2_ros: 0.25.6 (/opt/ros/humble/share/tf2_ros/cmake)
[2.073s] -- Found tf2_geometry_msgs: 0.25.6 (/opt/ros/humble/share/tf2_geometry_msgs/cmake)
[2.089s] -- Found eigen3_cmake_module: 0.1.1 (/opt/ros/humble/share/eigen3_cmake_module/cmake)
[2.090s] -- Found Eigen3: TRUE (found version "3.4.0") 
[2.091s] -- Ensuring Eigen3 include directory is part of orocos-kdl CMake target
[2.100s] -- Found nav2_common: 1.1.15 (/home/asis/hokuyo_ws/src/install/nav2_common/share/nav2_common/cmake)
[2.100s] -- Found nav2_util: 1.1.15 (/home/asis/hokuyo_ws/src/install/nav2_util/share/nav2_util/cmake)
[2.627s] -- Found nav2_costmap_2d: 1.1.15 (/home/asis/hokuyo_ws/src/install/nav2_costmap_2d/share/nav2_costmap_2d/cmake)
[3.664s] -- Setting build type to Release as none was specified.
[4.748s] -- Found ament_lint_auto: 0.12.11 (/opt/ros/humble/share/ament_lint_auto/cmake)
[4.842s] -- Found gtest sources under '/opt/ros/humble/src/gtest_vendor': C++ tests using 'Google Test' will be built
[8.865s] -- Added test 'cppcheck' to perform static code analysis on C / C++ code
[8.866s] -- Configured cppcheck include dirs: /home/asis/hokuyo_ws/src/navigation2/nav2_collision_monitor/include
[8.866s] -- Configured cppcheck exclude dirs and/or files: 
[8.867s] -- Added test 'flake8' to check Python code syntax and style conventions
[8.869s] -- Added test 'lint_cmake' to check CMake code style
[8.870s] -- Added test 'pep257' to check Python code against some of the docstring style conventions in PEP 257
[8.873s] -- Added test 'uncrustify' to check C / C++ code style
[8.873s] -- Configured uncrustify additional arguments: 
[8.874s] -- Added test 'xmllint' to check XML markup files
[8.891s] -- Configuring done
[9.457s] -- Generating done
[9.475s] -- Build files have been written to: /home/asis/hokuyo_ws/src/build/nav2_collision_monitor
[9.495s] Invoked command in '/home/asis/hokuyo_ws/src/build/nav2_collision_monitor' returned '0': AMENT_PREFIX_PATH=/home/asis/hokuyo_ws/src/install/nav2_costmap_2d:/home/asis/hokuyo_ws/src/install/nav2_util:/home/asis/hokuyo_ws/src/install/nav2_voxel_grid:/home/asis/hokuyo_ws/src/install/nav2_msgs:/home/asis/hokuyo_ws/src/install/nav2_common:${AMENT_PREFIX_PATH} CMAKE_PREFIX_PATH=/home/asis/hokuyo_ws/src/install/nav2_costmap_2d:/home/asis/hokuyo_ws/src/install/nav2_util:/home/asis/hokuyo_ws/src/install/nav2_voxel_grid:/home/asis/hokuyo_ws/src/install/nav2_msgs:/home/asis/hokuyo_ws/src/install/nav2_common:/home/asis/hokuyo_ws/install/urg_node2:/home/asis/hokuyo_ws/install/slam_toolbox:/opt/ros/humble LD_LIBRARY_PATH=/home/asis/hokuyo_ws/src/install/nav2_costmap_2d/lib:/home/asis/hokuyo_ws/src/install/nav2_util/lib:/home/asis/hokuyo_ws/src/install/nav2_voxel_grid/lib:/home/asis/hokuyo_ws/src/install/nav2_msgs/lib:${LD_LIBRARY_PATH} PYTHONPATH=/home/asis/hokuyo_ws/src/install/nav2_msgs/local/lib/python3.10/dist-packages:/home/asis/hokuyo_ws/src/install/nav2_common/local/lib/python3.10/dist-packages:${PYTHONPATH} /usr/bin/cmake /home/asis/hokuyo_ws/src/navigation2/nav2_collision_monitor -DCMAKE_INSTALL_PREFIX=/home/asis/hokuyo_ws/src/install/nav2_collision_monitor
[9.500s] Invoking command in '/home/asis/hokuyo_ws/src/build/nav2_collision_monitor': AMENT_PREFIX_PATH=/home/asis/hokuyo_ws/src/install/nav2_costmap_2d:/home/asis/hokuyo_ws/src/install/nav2_util:/home/asis/hokuyo_ws/src/install/nav2_voxel_grid:/home/asis/hokuyo_ws/src/install/nav2_msgs:/home/asis/hokuyo_ws/src/install/nav2_common:${AMENT_PREFIX_PATH} CMAKE_PREFIX_PATH=/home/asis/hokuyo_ws/src/install/nav2_costmap_2d:/home/asis/hokuyo_ws/src/install/nav2_util:/home/asis/hokuyo_ws/src/install/nav2_voxel_grid:/home/asis/hokuyo_ws/src/install/nav2_msgs:/home/asis/hokuyo_ws/src/install/nav2_common:/home/asis/hokuyo_ws/install/urg_node2:/home/asis/hokuyo_ws/install/slam_toolbox:/opt/ros/humble LD_LIBRARY_PATH=/home/asis/hokuyo_ws/src/install/nav2_costmap_2d/lib:/home/asis/hokuyo_ws/src/install/nav2_util/lib:/home/asis/hokuyo_ws/src/install/nav2_voxel_grid/lib:/home/asis/hokuyo_ws/src/install/nav2_msgs/lib:${LD_LIBRARY_PATH} PYTHONPATH=/home/asis/hokuyo_ws/src/install/nav2_msgs/local/lib/python3.10/dist-packages:/home/asis/hokuyo_ws/src/install/nav2_common/local/lib/python3.10/dist-packages:${PYTHONPATH} /usr/bin/cmake --build /home/asis/hokuyo_ws/src/build/nav2_collision_monitor -- -j8 -l8
[20.386s] [  4%] [32mBuilding CXX object CMakeFiles/collision_monitor_core.dir/src/collision_monitor_node.cpp.o[0m
[29.525s] [  8%] [32mBuilding CXX object CMakeFiles/collision_monitor_core.dir/src/pointcloud.cpp.o[0m
[46.727s] [ 13%] [32mBuilding CXX object CMakeFiles/collision_monitor_core.dir/src/range.cpp.o[0m
[62.158s] [ 17%] [32mBuilding CXX object CMakeFiles/collision_monitor_core.dir/src/kinematics.cpp.o[0m
[62.532s] [ 21%] [32mBuilding CXX object CMakeFiles/collision_monitor_core.dir/src/scan.cpp.o[0m
[79.285s] [ 26%] [32mBuilding CXX object CMakeFiles/collision_monitor_core.dir/src/source.cpp.o[0m
[86.063s] [ 30%] [32mBuilding CXX object CMakeFiles/collision_monitor_core.dir/src/circle.cpp.o[0m
[91.779s] [ 34%] [32mBuilding CXX object CMakeFiles/collision_monitor_core.dir/src/polygon.cpp.o[0m
[99.075s] [ 39%] [32m[1mLinking CXX shared library libcollision_monitor_core.so[0m
[99.857s] [ 39%] Built target collision_monitor_core
[99.878s] [ 43%] [32mBuilding CXX object gtest/CMakeFiles/gtest.dir/src/gtest-all.cc.o[0m
[111.981s] [ 47%] [32m[1mLinking CXX static library libgtest.a[0m
[112.048s] [ 47%] Built target gtest
[112.101s] [ 52%] [32mBuilding CXX object CMakeFiles/collision_monitor.dir/src/main.cpp.o[0m
[119.290s] [ 56%] [32m[1mLinking CXX executable collision_monitor[0m
[120.114s] [ 56%] Built target collision_monitor
[120.159s] [ 60%] [32mBuilding CXX object gtest/CMakeFiles/gtest_main.dir/src/gtest_main.cc.o[0m
[122.124s] [ 65%] [32m[1mLinking CXX static library libgtest_main.a[0m
[122.219s] [ 65%] Built target gtest_main
[122.264s] [ 69%] [32mBuilding CXX object test/CMakeFiles/kinematics_test.dir/kinematics_test.cpp.o[0m
[129.347s] [ 73%] [32m[1mLinking CXX executable kinematics_test[0m
[130.413s] [ 73%] Built target kinematics_test
[130.556s] [ 78%] [32mBuilding CXX object test/CMakeFiles/collision_monitor_node_test.dir/collision_monitor_node_test.cpp.o[0m
[163.110s] [ 82%] [32m[1mLinking CXX executable collision_monitor_node_test[0m
[164.137s] [ 82%] Built target collision_monitor_node_test
[164.181s] [ 86%] [32mBuilding CXX object test/CMakeFiles/polygons_test.dir/polygons_test.cpp.o[0m
[185.835s] [ 91%] [32m[1mLinking CXX executable polygons_test[0m
[186.838s] [ 91%] Built target polygons_test
[186.877s] [ 95%] [32mBuilding CXX object test/CMakeFiles/sources_test.dir/sources_test.cpp.o[0m
[203.194s] [100%] [32m[1mLinking CXX executable sources_test[0m
[204.040s] [100%] Built target sources_test
[204.071s] Invoked command in '/home/asis/hokuyo_ws/src/build/nav2_collision_monitor' returned '0': AMENT_PREFIX_PATH=/home/asis/hokuyo_ws/src/install/nav2_costmap_2d:/home/asis/hokuyo_ws/src/install/nav2_util:/home/asis/hokuyo_ws/src/install/nav2_voxel_grid:/home/asis/hokuyo_ws/src/install/nav2_msgs:/home/asis/hokuyo_ws/src/install/nav2_common:${AMENT_PREFIX_PATH} CMAKE_PREFIX_PATH=/home/asis/hokuyo_ws/src/install/nav2_costmap_2d:/home/asis/hokuyo_ws/src/install/nav2_util:/home/asis/hokuyo_ws/src/install/nav2_voxel_grid:/home/asis/hokuyo_ws/src/install/nav2_msgs:/home/asis/hokuyo_ws/src/install/nav2_common:/home/asis/hokuyo_ws/install/urg_node2:/home/asis/hokuyo_ws/install/slam_toolbox:/opt/ros/humble LD_LIBRARY_PATH=/home/asis/hokuyo_ws/src/install/nav2_costmap_2d/lib:/home/asis/hokuyo_ws/src/install/nav2_util/lib:/home/asis/hokuyo_ws/src/install/nav2_voxel_grid/lib:/home/asis/hokuyo_ws/src/install/nav2_msgs/lib:${LD_LIBRARY_PATH} PYTHONPATH=/home/asis/hokuyo_ws/src/install/nav2_msgs/local/lib/python3.10/dist-packages:/home/asis/hokuyo_ws/src/install/nav2_common/local/lib/python3.10/dist-packages:${PYTHONPATH} /usr/bin/cmake --build /home/asis/hokuyo_ws/src/build/nav2_collision_monitor -- -j8 -l8
[204.386s] Invoking command in '/home/asis/hokuyo_ws/src/build/nav2_collision_monitor': AMENT_PREFIX_PATH=/home/asis/hokuyo_ws/src/install/nav2_costmap_2d:/home/asis/hokuyo_ws/src/install/nav2_util:/home/asis/hokuyo_ws/src/install/nav2_voxel_grid:/home/asis/hokuyo_ws/src/install/nav2_msgs:/home/asis/hokuyo_ws/src/install/nav2_common:${AMENT_PREFIX_PATH} CMAKE_PREFIX_PATH=/home/asis/hokuyo_ws/src/install/nav2_costmap_2d:/home/asis/hokuyo_ws/src/install/nav2_util:/home/asis/hokuyo_ws/src/install/nav2_voxel_grid:/home/asis/hokuyo_ws/src/install/nav2_msgs:/home/asis/hokuyo_ws/src/install/nav2_common:/home/asis/hokuyo_ws/install/urg_node2:/home/asis/hokuyo_ws/install/slam_toolbox:/opt/ros/humble LD_LIBRARY_PATH=/home/asis/hokuyo_ws/src/install/nav2_costmap_2d/lib:/home/asis/hokuyo_ws/src/install/nav2_util/lib:/home/asis/hokuyo_ws/src/install/nav2_voxel_grid/lib:/home/asis/hokuyo_ws/src/install/nav2_msgs/lib:${LD_LIBRARY_PATH} PYTHONPATH=/home/asis/hokuyo_ws/src/install/nav2_msgs/local/lib/python3.10/dist-packages:/home/asis/hokuyo_ws/src/install/nav2_common/local/lib/python3.10/dist-packages:${PYTHONPATH} /usr/bin/cmake --install /home/asis/hokuyo_ws/src/build/nav2_collision_monitor
[212.827s] -- Install configuration: "Release"
[212.828s] -- Installing: /home/asis/hokuyo_ws/src/install/nav2_collision_monitor/lib/libcollision_monitor_core.so
[212.829s] -- Set runtime path of "/home/asis/hokuyo_ws/src/install/nav2_collision_monitor/lib/libcollision_monitor_core.so" to ""
[212.829s] -- Installing: /home/asis/hokuyo_ws/src/install/nav2_collision_monitor/lib/nav2_collision_monitor/collision_monitor
[212.829s] -- Set runtime path of "/home/asis/hokuyo_ws/src/install/nav2_collision_monitor/lib/nav2_collision_monitor/collision_monitor" to ""
[212.829s] -- Installing: /home/asis/hokuyo_ws/src/install/nav2_collision_monitor/include/
[212.829s] -- Installing: /home/asis/hokuyo_ws/src/install/nav2_collision_monitor/include//nav2_collision_monitor
[212.829s] -- Installing: /home/asis/hokuyo_ws/src/install/nav2_collision_monitor/include//nav2_collision_monitor/range.hpp
[212.829s] -- Installing: /home/asis/hokuyo_ws/src/install/nav2_collision_monitor/include//nav2_collision_monitor/circle.hpp
[212.830s] -- Installing: /home/asis/hokuyo_ws/src/install/nav2_collision_monitor/include//nav2_collision_monitor/scan.hpp
[212.830s] -- Installing: /home/asis/hokuyo_ws/src/install/nav2_collision_monitor/include//nav2_collision_monitor/collision_monitor_node.hpp
[212.830s] -- Installing: /home/asis/hokuyo_ws/src/install/nav2_collision_monitor/include//nav2_collision_monitor/kinematics.hpp
[212.830s] -- Installing: /home/asis/hokuyo_ws/src/install/nav2_collision_monitor/include//nav2_collision_monitor/pointcloud.hpp
[212.830s] -- Installing: /home/asis/hokuyo_ws/src/install/nav2_collision_monitor/include//nav2_collision_monitor/polygon.hpp
[212.830s] -- Installing: /home/asis/hokuyo_ws/src/install/nav2_collision_monitor/include//nav2_collision_monitor/types.hpp
[212.830s] -- Installing: /home/asis/hokuyo_ws/src/install/nav2_collision_monitor/include//nav2_collision_monitor/source.hpp
[212.830s] -- Installing: /home/asis/hokuyo_ws/src/install/nav2_collision_monitor/share/nav2_collision_monitor/launch
[212.830s] -- Installing: /home/asis/hokuyo_ws/src/install/nav2_collision_monitor/share/nav2_collision_monitor/launch/collision_monitor_node.launch.py
[212.831s] -- Installing: /home/asis/hokuyo_ws/src/install/nav2_collision_monitor/share/nav2_collision_monitor/params
[212.831s] -- Installing: /home/asis/hokuyo_ws/src/install/nav2_collision_monitor/share/nav2_collision_monitor/params/collision_monitor_params.yaml
[212.831s] -- Installing: /home/asis/hokuyo_ws/src/install/nav2_collision_monitor/share/nav2_collision_monitor/environment/library_path.sh
[212.831s] -- Installing: /home/asis/hokuyo_ws/src/install/nav2_collision_monitor/share/nav2_collision_monitor/environment/library_path.dsv
[212.831s] -- Installing: /home/asis/hokuyo_ws/src/install/nav2_collision_monitor/share/ament_index/resource_index/package_run_dependencies/nav2_collision_monitor
[212.831s] -- Installing: /home/asis/hokuyo_ws/src/install/nav2_collision_monitor/share/ament_index/resource_index/parent_prefix_path/nav2_collision_monitor
[212.831s] -- Installing: /home/asis/hokuyo_ws/src/install/nav2_collision_monitor/share/nav2_collision_monitor/environment/ament_prefix_path.sh
[212.831s] -- Installing: /home/asis/hokuyo_ws/src/install/nav2_collision_monitor/share/nav2_collision_monitor/environment/ament_prefix_path.dsv
[212.832s] -- Installing: /home/asis/hokuyo_ws/src/install/nav2_collision_monitor/share/nav2_collision_monitor/environment/path.sh
[212.832s] -- Installing: /home/asis/hokuyo_ws/src/install/nav2_collision_monitor/share/nav2_collision_monitor/environment/path.dsv
[212.832s] -- Installing: /home/asis/hokuyo_ws/src/install/nav2_collision_monitor/share/nav2_collision_monitor/local_setup.bash
[212.832s] -- Installing: /home/asis/hokuyo_ws/src/install/nav2_collision_monitor/share/nav2_collision_monitor/local_setup.sh
[212.832s] -- Installing: /home/asis/hokuyo_ws/src/install/nav2_collision_monitor/share/nav2_collision_monitor/local_setup.zsh
[212.832s] -- Installing: /home/asis/hokuyo_ws/src/install/nav2_collision_monitor/share/nav2_collision_monitor/local_setup.dsv
[212.832s] -- Installing: /home/asis/hokuyo_ws/src/install/nav2_collision_monitor/share/nav2_collision_monitor/package.dsv
[212.832s] -- Installing: /home/asis/hokuyo_ws/src/install/nav2_collision_monitor/share/ament_index/resource_index/packages/nav2_collision_monitor
[212.837s] -- Installing: /home/asis/hokuyo_ws/src/install/nav2_collision_monitor/share/ament_index/resource_index/rclcpp_components/nav2_collision_monitor
[212.837s] -- Installing: /home/asis/hokuyo_ws/src/install/nav2_collision_monitor/share/nav2_collision_monitor/cmake/ament_cmake_export_include_directories-extras.cmake
[212.837s] -- Installing: /home/asis/hokuyo_ws/src/install/nav2_collision_monitor/share/nav2_collision_monitor/cmake/ament_cmake_export_libraries-extras.cmake
[212.837s] -- Installing: /home/asis/hokuyo_ws/src/install/nav2_collision_monitor/share/nav2_collision_monitor/cmake/ament_cmake_export_dependencies-extras.cmake
[212.838s] -- Installing: /home/asis/hokuyo_ws/src/install/nav2_collision_monitor/share/nav2_collision_monitor/cmake/nav2_collision_monitorConfig.cmake
[212.838s] -- Installing: /home/asis/hokuyo_ws/src/install/nav2_collision_monitor/share/nav2_collision_monitor/cmake/nav2_collision_monitorConfig-version.cmake
[212.838s] -- Installing: /home/asis/hokuyo_ws/src/install/nav2_collision_monitor/share/nav2_collision_monitor/package.xml
[212.843s] Invoked command in '/home/asis/hokuyo_ws/src/build/nav2_collision_monitor' returned '0': AMENT_PREFIX_PATH=/home/asis/hokuyo_ws/src/install/nav2_costmap_2d:/home/asis/hokuyo_ws/src/install/nav2_util:/home/asis/hokuyo_ws/src/install/nav2_voxel_grid:/home/asis/hokuyo_ws/src/install/nav2_msgs:/home/asis/hokuyo_ws/src/install/nav2_common:${AMENT_PREFIX_PATH} CMAKE_PREFIX_PATH=/home/asis/hokuyo_ws/src/install/nav2_costmap_2d:/home/asis/hokuyo_ws/src/install/nav2_util:/home/asis/hokuyo_ws/src/install/nav2_voxel_grid:/home/asis/hokuyo_ws/src/install/nav2_msgs:/home/asis/hokuyo_ws/src/install/nav2_common:/home/asis/hokuyo_ws/install/urg_node2:/home/asis/hokuyo_ws/install/slam_toolbox:/opt/ros/humble LD_LIBRARY_PATH=/home/asis/hokuyo_ws/src/install/nav2_costmap_2d/lib:/home/asis/hokuyo_ws/src/install/nav2_util/lib:/home/asis/hokuyo_ws/src/install/nav2_voxel_grid/lib:/home/asis/hokuyo_ws/src/install/nav2_msgs/lib:${LD_LIBRARY_PATH} PYTHONPATH=/home/asis/hokuyo_ws/src/install/nav2_msgs/local/lib/python3.10/dist-packages:/home/asis/hokuyo_ws/src/install/nav2_common/local/lib/python3.10/dist-packages:${PYTHONPATH} /usr/bin/cmake --install /home/asis/hokuyo_ws/src/build/nav2_collision_monitor
