[0.055s] Invoking command in '/home/asis/hokuyo_ws/src/build/nav2_bt_navigator': AMENT_PREFIX_PATH=/home/asis/hokuyo_ws/src/install/nav2_core:/home/asis/hokuyo_ws/src/install/nav2_costmap_2d:/home/asis/hokuyo_ws/src/install/nav2_behavior_tree:/home/asis/hokuyo_ws/src/install/nav2_util:/home/asis/hokuyo_ws/src/install/nav2_voxel_grid:/home/asis/hokuyo_ws/src/install/nav2_msgs:/home/asis/hokuyo_ws/src/install/nav2_common:/home/asis/hokuyo_ws/src/install/behaviortree_cpp_v3:${AMENT_PREFIX_PATH} CMAKE_PREFIX_PATH=/home/asis/hokuyo_ws/src/install/nav2_core:/home/asis/hokuyo_ws/src/install/nav2_costmap_2d:/home/asis/hokuyo_ws/src/install/nav2_behavior_tree:/home/asis/hokuyo_ws/src/install/nav2_util:/home/asis/hokuyo_ws/src/install/nav2_voxel_grid:/home/asis/hokuyo_ws/src/install/nav2_msgs:/home/asis/hokuyo_ws/src/install/nav2_common:/home/asis/hokuyo_ws/src/install/behaviortree_cpp_v3:/home/asis/hokuyo_ws/install/urg_node2:/home/asis/hokuyo_ws/install/slam_toolbox:/opt/ros/humble LD_LIBRARY_PATH=/home/asis/hokuyo_ws/src/install/nav2_costmap_2d/lib:/home/asis/hokuyo_ws/src/install/nav2_behavior_tree/lib:/home/asis/hokuyo_ws/src/install/nav2_util/lib:/home/asis/hokuyo_ws/src/install/nav2_voxel_grid/lib:/home/asis/hokuyo_ws/src/install/nav2_msgs/lib:/home/asis/hokuyo_ws/src/install/behaviortree_cpp_v3/lib:${LD_LIBRARY_PATH} PATH=/home/asis/hokuyo_ws/src/install/behaviortree_cpp_v3/bin:${PATH} PYTHONPATH=/home/asis/hokuyo_ws/src/install/nav2_msgs/local/lib/python3.10/dist-packages:/home/asis/hokuyo_ws/src/install/nav2_common/local/lib/python3.10/dist-packages:${PYTHONPATH} /usr/bin/cmake /home/asis/hokuyo_ws/src/navigation2/nav2_bt_navigator -DCMAKE_INSTALL_PREFIX=/home/asis/hokuyo_ws/src/install/nav2_bt_navigator
[43.468s] -- The C compiler identification is GNU 11.4.0
[43.468s] -- The CXX compiler identification is GNU 11.4.0
[43.468s] -- Detecting C compiler ABI info
[43.479s] -- Detecting C compiler ABI info - done
[43.479s] -- Check for working C compiler: /usr/bin/cc - skipped
[43.479s] -- Detecting C compile features
[43.479s] -- Detecting C compile features - done
[43.479s] -- Detecting CXX compiler ABI info
[43.479s] -- Detecting CXX compiler ABI info - done
[43.479s] -- Check for working CXX compiler: /usr/bin/c++ - skipped
[43.479s] -- Detecting CXX compile features
[43.480s] -- Detecting CXX compile features - done
[43.480s] -- Found ament_cmake: 1.3.9 (/opt/ros/humble/share/ament_cmake/cmake)
[43.480s] -- Found Python3: /usr/bin/python3 (found version "3.10.12") found components: Interpreter 
[43.480s] -- Found nav2_common: 1.1.15 (/home/asis/hokuyo_ws/src/install/nav2_common/share/nav2_common/cmake)
[43.480s] -- Found rclcpp: 16.0.9 (/opt/ros/humble/share/rclcpp/cmake)
[43.480s] -- Found rosidl_generator_c: 3.1.5 (/opt/ros/humble/share/rosidl_generator_c/cmake)
[43.480s] -- Found rosidl_adapter: 3.1.5 (/opt/ros/humble/share/rosidl_adapter/cmake)
[43.480s] -- Found rosidl_generator_cpp: 3.1.5 (/opt/ros/humble/share/rosidl_generator_cpp/cmake)
[43.480s] -- Using all available rosidl_typesupport_c: rosidl_typesupport_fastrtps_c;rosidl_typesupport_introspection_c
[43.480s] -- Using all available rosidl_typesupport_cpp: rosidl_typesupport_fastrtps_cpp;rosidl_typesupport_introspection_cpp
[43.481s] -- Found rmw_implementation_cmake: 6.1.2 (/opt/ros/humble/share/rmw_implementation_cmake/cmake)
[43.481s] -- Found rmw_fastrtps_cpp: 6.2.6 (/opt/ros/humble/share/rmw_fastrtps_cpp/cmake)
[43.481s] -- Found OpenSSL: /usr/lib/x86_64-linux-gnu/libcrypto.so (found version "3.0.2")  
[43.481s] -- Found FastRTPS: /opt/ros/humble/include  
[43.481s] -- Using RMW implementation 'rmw_fastrtps_cpp' as default
[43.481s] -- Looking for pthread.h
[43.481s] -- Looking for pthread.h - found
[43.481s] -- Performing Test CMAKE_HAVE_LIBC_PTHREAD
[43.481s] -- Performing Test CMAKE_HAVE_LIBC_PTHREAD - Success
[43.481s] -- Found Threads: TRUE  
[43.482s] -- Found rclcpp_action: 16.0.9 (/opt/ros/humble/share/rclcpp_action/cmake)
[43.482s] -- Found rclcpp_lifecycle: 16.0.9 (/opt/ros/humble/share/rclcpp_lifecycle/cmake)
[43.482s] -- Found rclcpp_components: 16.0.9 (/opt/ros/humble/share/rclcpp_components/cmake)
[43.482s] -- Found geometry_msgs: 4.2.3 (/opt/ros/humble/share/geometry_msgs/cmake)
[43.482s] -- Found nav2_behavior_tree: 1.1.15 (/home/asis/hokuyo_ws/src/install/nav2_behavior_tree/share/nav2_behavior_tree/cmake)
[43.482s] -- Found eigen3_cmake_module: 0.1.1 (/opt/ros/humble/share/eigen3_cmake_module/cmake)
[43.482s] -- Found Eigen3: TRUE (found version "3.4.0") 
[43.482s] -- Ensuring Eigen3 include directory is part of orocos-kdl CMake target
[43.482s] -- Found nav2_core: 1.1.15 (/home/asis/hokuyo_ws/src/install/nav2_core/share/nav2_core/cmake)
[43.482s] -- Setting build type to Release as none was specified.
[43.483s] -- Found ament_lint_auto: 0.12.11 (/opt/ros/humble/share/ament_lint_auto/cmake)
[43.483s] -- Added test 'copyright' to check source files copyright and LICENSE
[43.483s] -- Added test 'cppcheck' to perform static code analysis on C / C++ code
[43.483s] -- Configured cppcheck include dirs: /home/asis/hokuyo_ws/src/navigation2/nav2_bt_navigator/include
[43.483s] -- Configured cppcheck exclude dirs and/or files: 
[43.483s] -- Added test 'cpplint' to check C / C++ code against the Google style
[43.483s] -- Configured cpplint exclude dirs and/or files: 
[43.483s] -- Added test 'lint_cmake' to check CMake code style
[43.483s] -- Added test 'uncrustify' to check C / C++ code style
[43.483s] -- Configured uncrustify additional arguments: 
[43.484s] -- Added test 'xmllint' to check XML markup files
[43.484s] -- Configuring done
[43.484s] -- Generating done
[43.484s] -- Build files have been written to: /home/asis/hokuyo_ws/src/build/nav2_bt_navigator
[43.505s] Invoked command in '/home/asis/hokuyo_ws/src/build/nav2_bt_navigator' returned '0': AMENT_PREFIX_PATH=/home/asis/hokuyo_ws/src/install/nav2_core:/home/asis/hokuyo_ws/src/install/nav2_costmap_2d:/home/asis/hokuyo_ws/src/install/nav2_behavior_tree:/home/asis/hokuyo_ws/src/install/nav2_util:/home/asis/hokuyo_ws/src/install/nav2_voxel_grid:/home/asis/hokuyo_ws/src/install/nav2_msgs:/home/asis/hokuyo_ws/src/install/nav2_common:/home/asis/hokuyo_ws/src/install/behaviortree_cpp_v3:${AMENT_PREFIX_PATH} CMAKE_PREFIX_PATH=/home/asis/hokuyo_ws/src/install/nav2_core:/home/asis/hokuyo_ws/src/install/nav2_costmap_2d:/home/asis/hokuyo_ws/src/install/nav2_behavior_tree:/home/asis/hokuyo_ws/src/install/nav2_util:/home/asis/hokuyo_ws/src/install/nav2_voxel_grid:/home/asis/hokuyo_ws/src/install/nav2_msgs:/home/asis/hokuyo_ws/src/install/nav2_common:/home/asis/hokuyo_ws/src/install/behaviortree_cpp_v3:/home/asis/hokuyo_ws/install/urg_node2:/home/asis/hokuyo_ws/install/slam_toolbox:/opt/ros/humble LD_LIBRARY_PATH=/home/asis/hokuyo_ws/src/install/nav2_costmap_2d/lib:/home/asis/hokuyo_ws/src/install/nav2_behavior_tree/lib:/home/asis/hokuyo_ws/src/install/nav2_util/lib:/home/asis/hokuyo_ws/src/install/nav2_voxel_grid/lib:/home/asis/hokuyo_ws/src/install/nav2_msgs/lib:/home/asis/hokuyo_ws/src/install/behaviortree_cpp_v3/lib:${LD_LIBRARY_PATH} PATH=/home/asis/hokuyo_ws/src/install/behaviortree_cpp_v3/bin:${PATH} PYTHONPATH=/home/asis/hokuyo_ws/src/install/nav2_msgs/local/lib/python3.10/dist-packages:/home/asis/hokuyo_ws/src/install/nav2_common/local/lib/python3.10/dist-packages:${PYTHONPATH} /usr/bin/cmake /home/asis/hokuyo_ws/src/navigation2/nav2_bt_navigator -DCMAKE_INSTALL_PREFIX=/home/asis/hokuyo_ws/src/install/nav2_bt_navigator
[43.505s] Invoking command in '/home/asis/hokuyo_ws/src/build/nav2_bt_navigator': AMENT_PREFIX_PATH=/home/asis/hokuyo_ws/src/install/nav2_core:/home/asis/hokuyo_ws/src/install/nav2_costmap_2d:/home/asis/hokuyo_ws/src/install/nav2_behavior_tree:/home/asis/hokuyo_ws/src/install/nav2_util:/home/asis/hokuyo_ws/src/install/nav2_voxel_grid:/home/asis/hokuyo_ws/src/install/nav2_msgs:/home/asis/hokuyo_ws/src/install/nav2_common:/home/asis/hokuyo_ws/src/install/behaviortree_cpp_v3:${AMENT_PREFIX_PATH} CMAKE_PREFIX_PATH=/home/asis/hokuyo_ws/src/install/nav2_core:/home/asis/hokuyo_ws/src/install/nav2_costmap_2d:/home/asis/hokuyo_ws/src/install/nav2_behavior_tree:/home/asis/hokuyo_ws/src/install/nav2_util:/home/asis/hokuyo_ws/src/install/nav2_voxel_grid:/home/asis/hokuyo_ws/src/install/nav2_msgs:/home/asis/hokuyo_ws/src/install/nav2_common:/home/asis/hokuyo_ws/src/install/behaviortree_cpp_v3:/home/asis/hokuyo_ws/install/urg_node2:/home/asis/hokuyo_ws/install/slam_toolbox:/opt/ros/humble LD_LIBRARY_PATH=/home/asis/hokuyo_ws/src/install/nav2_costmap_2d/lib:/home/asis/hokuyo_ws/src/install/nav2_behavior_tree/lib:/home/asis/hokuyo_ws/src/install/nav2_util/lib:/home/asis/hokuyo_ws/src/install/nav2_voxel_grid/lib:/home/asis/hokuyo_ws/src/install/nav2_msgs/lib:/home/asis/hokuyo_ws/src/install/behaviortree_cpp_v3/lib:${LD_LIBRARY_PATH} PATH=/home/asis/hokuyo_ws/src/install/behaviortree_cpp_v3/bin:${PATH} PYTHONPATH=/home/asis/hokuyo_ws/src/install/nav2_msgs/local/lib/python3.10/dist-packages:/home/asis/hokuyo_ws/src/install/nav2_common/local/lib/python3.10/dist-packages:${PYTHONPATH} /usr/bin/cmake --build /home/asis/hokuyo_ws/src/build/nav2_bt_navigator -- -j8 -l8
[47.645s] [ 16%] [32mBuilding CXX object CMakeFiles/bt_navigator_core.dir/src/bt_navigator.cpp.o[0m
[78.757s] [ 33%] [32mBuilding CXX object CMakeFiles/bt_navigator_core.dir/src/navigators/navigate_through_poses.cpp.o[0m
[91.601s] [ 50%] [32mBuilding CXX object CMakeFiles/bt_navigator_core.dir/src/navigators/navigate_to_pose.cpp.o[0m
[114.698s] [ 66%] [32m[1mLinking CXX shared library libbt_navigator_core.so[0m
[119.180s] [ 66%] Built target bt_navigator_core
[119.296s] [ 83%] [32mBuilding CXX object CMakeFiles/bt_navigator.dir/src/main.cpp.o[0m
[133.577s] [100%] [32m[1mLinking CXX executable bt_navigator[0m
[135.769s] [100%] Built target bt_navigator
[135.794s] Invoked command in '/home/asis/hokuyo_ws/src/build/nav2_bt_navigator' returned '0': AMENT_PREFIX_PATH=/home/asis/hokuyo_ws/src/install/nav2_core:/home/asis/hokuyo_ws/src/install/nav2_costmap_2d:/home/asis/hokuyo_ws/src/install/nav2_behavior_tree:/home/asis/hokuyo_ws/src/install/nav2_util:/home/asis/hokuyo_ws/src/install/nav2_voxel_grid:/home/asis/hokuyo_ws/src/install/nav2_msgs:/home/asis/hokuyo_ws/src/install/nav2_common:/home/asis/hokuyo_ws/src/install/behaviortree_cpp_v3:${AMENT_PREFIX_PATH} CMAKE_PREFIX_PATH=/home/asis/hokuyo_ws/src/install/nav2_core:/home/asis/hokuyo_ws/src/install/nav2_costmap_2d:/home/asis/hokuyo_ws/src/install/nav2_behavior_tree:/home/asis/hokuyo_ws/src/install/nav2_util:/home/asis/hokuyo_ws/src/install/nav2_voxel_grid:/home/asis/hokuyo_ws/src/install/nav2_msgs:/home/asis/hokuyo_ws/src/install/nav2_common:/home/asis/hokuyo_ws/src/install/behaviortree_cpp_v3:/home/asis/hokuyo_ws/install/urg_node2:/home/asis/hokuyo_ws/install/slam_toolbox:/opt/ros/humble LD_LIBRARY_PATH=/home/asis/hokuyo_ws/src/install/nav2_costmap_2d/lib:/home/asis/hokuyo_ws/src/install/nav2_behavior_tree/lib:/home/asis/hokuyo_ws/src/install/nav2_util/lib:/home/asis/hokuyo_ws/src/install/nav2_voxel_grid/lib:/home/asis/hokuyo_ws/src/install/nav2_msgs/lib:/home/asis/hokuyo_ws/src/install/behaviortree_cpp_v3/lib:${LD_LIBRARY_PATH} PATH=/home/asis/hokuyo_ws/src/install/behaviortree_cpp_v3/bin:${PATH} PYTHONPATH=/home/asis/hokuyo_ws/src/install/nav2_msgs/local/lib/python3.10/dist-packages:/home/asis/hokuyo_ws/src/install/nav2_common/local/lib/python3.10/dist-packages:${PYTHONPATH} /usr/bin/cmake --build /home/asis/hokuyo_ws/src/build/nav2_bt_navigator -- -j8 -l8
[136.063s] Invoking command in '/home/asis/hokuyo_ws/src/build/nav2_bt_navigator': AMENT_PREFIX_PATH=/home/asis/hokuyo_ws/src/install/nav2_core:/home/asis/hokuyo_ws/src/install/nav2_costmap_2d:/home/asis/hokuyo_ws/src/install/nav2_behavior_tree:/home/asis/hokuyo_ws/src/install/nav2_util:/home/asis/hokuyo_ws/src/install/nav2_voxel_grid:/home/asis/hokuyo_ws/src/install/nav2_msgs:/home/asis/hokuyo_ws/src/install/nav2_common:/home/asis/hokuyo_ws/src/install/behaviortree_cpp_v3:${AMENT_PREFIX_PATH} CMAKE_PREFIX_PATH=/home/asis/hokuyo_ws/src/install/nav2_core:/home/asis/hokuyo_ws/src/install/nav2_costmap_2d:/home/asis/hokuyo_ws/src/install/nav2_behavior_tree:/home/asis/hokuyo_ws/src/install/nav2_util:/home/asis/hokuyo_ws/src/install/nav2_voxel_grid:/home/asis/hokuyo_ws/src/install/nav2_msgs:/home/asis/hokuyo_ws/src/install/nav2_common:/home/asis/hokuyo_ws/src/install/behaviortree_cpp_v3:/home/asis/hokuyo_ws/install/urg_node2:/home/asis/hokuyo_ws/install/slam_toolbox:/opt/ros/humble LD_LIBRARY_PATH=/home/asis/hokuyo_ws/src/install/nav2_costmap_2d/lib:/home/asis/hokuyo_ws/src/install/nav2_behavior_tree/lib:/home/asis/hokuyo_ws/src/install/nav2_util/lib:/home/asis/hokuyo_ws/src/install/nav2_voxel_grid/lib:/home/asis/hokuyo_ws/src/install/nav2_msgs/lib:/home/asis/hokuyo_ws/src/install/behaviortree_cpp_v3/lib:${LD_LIBRARY_PATH} PATH=/home/asis/hokuyo_ws/src/install/behaviortree_cpp_v3/bin:${PATH} PYTHONPATH=/home/asis/hokuyo_ws/src/install/nav2_msgs/local/lib/python3.10/dist-packages:/home/asis/hokuyo_ws/src/install/nav2_common/local/lib/python3.10/dist-packages:${PYTHONPATH} /usr/bin/cmake --install /home/asis/hokuyo_ws/src/build/nav2_bt_navigator
[155.576s] -- Install configuration: "Release"
[155.577s] -- Installing: /home/asis/hokuyo_ws/src/install/nav2_bt_navigator/lib/libbt_navigator_core.so
[155.579s] -- Set runtime path of "/home/asis/hokuyo_ws/src/install/nav2_bt_navigator/lib/libbt_navigator_core.so" to ""
[155.579s] -- Installing: /home/asis/hokuyo_ws/src/install/nav2_bt_navigator/lib/nav2_bt_navigator/bt_navigator
[155.579s] -- Set runtime path of "/home/asis/hokuyo_ws/src/install/nav2_bt_navigator/lib/nav2_bt_navigator/bt_navigator" to ""
[155.579s] -- Installing: /home/asis/hokuyo_ws/src/install/nav2_bt_navigator/include/
[155.579s] -- Installing: /home/asis/hokuyo_ws/src/install/nav2_bt_navigator/include//nav2_bt_navigator
[155.579s] -- Installing: /home/asis/hokuyo_ws/src/install/nav2_bt_navigator/include//nav2_bt_navigator/navigators
[155.579s] -- Installing: /home/asis/hokuyo_ws/src/install/nav2_bt_navigator/include//nav2_bt_navigator/navigators/navigate_through_poses.hpp
[155.580s] -- Installing: /home/asis/hokuyo_ws/src/install/nav2_bt_navigator/include//nav2_bt_navigator/navigators/navigate_to_pose.hpp
[155.580s] -- Installing: /home/asis/hokuyo_ws/src/install/nav2_bt_navigator/include//nav2_bt_navigator/bt_navigator.hpp
[155.580s] -- Installing: /home/asis/hokuyo_ws/src/install/nav2_bt_navigator/include//nav2_bt_navigator/navigator.hpp
[155.580s] -- Installing: /home/asis/hokuyo_ws/src/install/nav2_bt_navigator/share/nav2_bt_navigator/behavior_trees
[155.580s] -- Installing: /home/asis/hokuyo_ws/src/install/nav2_bt_navigator/share/nav2_bt_navigator/behavior_trees/nav_to_pose_with_consistent_replanning_and_if_path_becomes_invalid.xml
[155.580s] -- Installing: /home/asis/hokuyo_ws/src/install/nav2_bt_navigator/share/nav2_bt_navigator/behavior_trees/navigate_to_pose_w_replanning_and_recovery.xml
[155.580s] -- Installing: /home/asis/hokuyo_ws/src/install/nav2_bt_navigator/share/nav2_bt_navigator/behavior_trees/navigate_through_poses_w_replanning_and_recovery.xml
[155.580s] -- Installing: /home/asis/hokuyo_ws/src/install/nav2_bt_navigator/share/nav2_bt_navigator/behavior_trees/odometry_calibration.xml
[155.580s] -- Installing: /home/asis/hokuyo_ws/src/install/nav2_bt_navigator/share/nav2_bt_navigator/behavior_trees/navigate_w_recovery_and_replanning_only_if_path_becomes_invalid.xml
[155.580s] -- Installing: /home/asis/hokuyo_ws/src/install/nav2_bt_navigator/share/nav2_bt_navigator/behavior_trees/navigate_w_replanning_speed.xml
[155.581s] -- Installing: /home/asis/hokuyo_ws/src/install/nav2_bt_navigator/share/nav2_bt_navigator/behavior_trees/navigate_w_replanning_distance.xml
[155.581s] -- Installing: /home/asis/hokuyo_ws/src/install/nav2_bt_navigator/share/nav2_bt_navigator/behavior_trees/navigate_w_replanning_only_if_goal_is_updated.xml
[155.581s] -- Installing: /home/asis/hokuyo_ws/src/install/nav2_bt_navigator/share/nav2_bt_navigator/behavior_trees/navigate_w_replanning_time.xml
[155.581s] -- Installing: /home/asis/hokuyo_ws/src/install/nav2_bt_navigator/share/nav2_bt_navigator/behavior_trees/navigate_to_pose_w_replanning_goal_patience_and_recovery.xml
[155.581s] -- Installing: /home/asis/hokuyo_ws/src/install/nav2_bt_navigator/share/nav2_bt_navigator/behavior_trees/navigate_w_replanning_only_if_path_becomes_invalid.xml
[155.581s] -- Installing: /home/asis/hokuyo_ws/src/install/nav2_bt_navigator/share/nav2_bt_navigator/behavior_trees/follow_point.xml
[155.581s] -- Installing: /home/asis/hokuyo_ws/src/install/nav2_bt_navigator/share/nav2_bt_navigator/environment/library_path.sh
[155.581s] -- Installing: /home/asis/hokuyo_ws/src/install/nav2_bt_navigator/share/nav2_bt_navigator/environment/library_path.dsv
[155.581s] -- Installing: /home/asis/hokuyo_ws/src/install/nav2_bt_navigator/share/ament_index/resource_index/package_run_dependencies/nav2_bt_navigator
[155.581s] -- Installing: /home/asis/hokuyo_ws/src/install/nav2_bt_navigator/share/ament_index/resource_index/parent_prefix_path/nav2_bt_navigator
[155.582s] -- Installing: /home/asis/hokuyo_ws/src/install/nav2_bt_navigator/share/nav2_bt_navigator/environment/ament_prefix_path.sh
[155.582s] -- Installing: /home/asis/hokuyo_ws/src/install/nav2_bt_navigator/share/nav2_bt_navigator/environment/ament_prefix_path.dsv
[155.582s] -- Installing: /home/asis/hokuyo_ws/src/install/nav2_bt_navigator/share/nav2_bt_navigator/environment/path.sh
[155.582s] -- Installing: /home/asis/hokuyo_ws/src/install/nav2_bt_navigator/share/nav2_bt_navigator/environment/path.dsv
[155.582s] -- Installing: /home/asis/hokuyo_ws/src/install/nav2_bt_navigator/share/nav2_bt_navigator/local_setup.bash
[155.582s] -- Installing: /home/asis/hokuyo_ws/src/install/nav2_bt_navigator/share/nav2_bt_navigator/local_setup.sh
[155.582s] -- Installing: /home/asis/hokuyo_ws/src/install/nav2_bt_navigator/share/nav2_bt_navigator/local_setup.zsh
[155.582s] -- Installing: /home/asis/hokuyo_ws/src/install/nav2_bt_navigator/share/nav2_bt_navigator/local_setup.dsv
[155.582s] -- Installing: /home/asis/hokuyo_ws/src/install/nav2_bt_navigator/share/nav2_bt_navigator/package.dsv
[155.582s] -- Installing: /home/asis/hokuyo_ws/src/install/nav2_bt_navigator/share/ament_index/resource_index/packages/nav2_bt_navigator
[155.582s] -- Installing: /home/asis/hokuyo_ws/src/install/nav2_bt_navigator/share/ament_index/resource_index/rclcpp_components/nav2_bt_navigator
[155.583s] -- Installing: /home/asis/hokuyo_ws/src/install/nav2_bt_navigator/share/nav2_bt_navigator/cmake/ament_cmake_export_include_directories-extras.cmake
[155.583s] -- Installing: /home/asis/hokuyo_ws/src/install/nav2_bt_navigator/share/nav2_bt_navigator/cmake/ament_cmake_export_libraries-extras.cmake
[155.583s] -- Installing: /home/asis/hokuyo_ws/src/install/nav2_bt_navigator/share/nav2_bt_navigator/cmake/ament_cmake_export_dependencies-extras.cmake
[155.592s] -- Installing: /home/asis/hokuyo_ws/src/install/nav2_bt_navigator/share/nav2_bt_navigator/cmake/nav2_bt_navigatorConfig.cmake
[155.592s] -- Installing: /home/asis/hokuyo_ws/src/install/nav2_bt_navigator/share/nav2_bt_navigator/cmake/nav2_bt_navigatorConfig-version.cmake
[155.592s] -- Installing: /home/asis/hokuyo_ws/src/install/nav2_bt_navigator/share/nav2_bt_navigator/package.xml
[155.594s] Invoked command in '/home/asis/hokuyo_ws/src/build/nav2_bt_navigator' returned '0': AMENT_PREFIX_PATH=/home/asis/hokuyo_ws/src/install/nav2_core:/home/asis/hokuyo_ws/src/install/nav2_costmap_2d:/home/asis/hokuyo_ws/src/install/nav2_behavior_tree:/home/asis/hokuyo_ws/src/install/nav2_util:/home/asis/hokuyo_ws/src/install/nav2_voxel_grid:/home/asis/hokuyo_ws/src/install/nav2_msgs:/home/asis/hokuyo_ws/src/install/nav2_common:/home/asis/hokuyo_ws/src/install/behaviortree_cpp_v3:${AMENT_PREFIX_PATH} CMAKE_PREFIX_PATH=/home/asis/hokuyo_ws/src/install/nav2_core:/home/asis/hokuyo_ws/src/install/nav2_costmap_2d:/home/asis/hokuyo_ws/src/install/nav2_behavior_tree:/home/asis/hokuyo_ws/src/install/nav2_util:/home/asis/hokuyo_ws/src/install/nav2_voxel_grid:/home/asis/hokuyo_ws/src/install/nav2_msgs:/home/asis/hokuyo_ws/src/install/nav2_common:/home/asis/hokuyo_ws/src/install/behaviortree_cpp_v3:/home/asis/hokuyo_ws/install/urg_node2:/home/asis/hokuyo_ws/install/slam_toolbox:/opt/ros/humble LD_LIBRARY_PATH=/home/asis/hokuyo_ws/src/install/nav2_costmap_2d/lib:/home/asis/hokuyo_ws/src/install/nav2_behavior_tree/lib:/home/asis/hokuyo_ws/src/install/nav2_util/lib:/home/asis/hokuyo_ws/src/install/nav2_voxel_grid/lib:/home/asis/hokuyo_ws/src/install/nav2_msgs/lib:/home/asis/hokuyo_ws/src/install/behaviortree_cpp_v3/lib:${LD_LIBRARY_PATH} PATH=/home/asis/hokuyo_ws/src/install/behaviortree_cpp_v3/bin:${PATH} PYTHONPATH=/home/asis/hokuyo_ws/src/install/nav2_msgs/local/lib/python3.10/dist-packages:/home/asis/hokuyo_ws/src/install/nav2_common/local/lib/python3.10/dist-packages:${PYTHONPATH} /usr/bin/cmake --install /home/asis/hokuyo_ws/src/build/nav2_bt_navigator
