[0.040s] Invoking command in '/home/asis/hokuyo_ws/src/build/nav2_smoother': AMENT_PREFIX_PATH=/home/asis/hokuyo_ws/src/install/nav2_core:/home/asis/hokuyo_ws/src/install/nav2_costmap_2d:/home/asis/hokuyo_ws/src/install/nav_2d_utils:/home/asis/hokuyo_ws/src/install/nav2_util:/home/asis/hokuyo_ws/src/install/nav2_voxel_grid:/home/asis/hokuyo_ws/src/install/nav2_msgs:/home/asis/hokuyo_ws/src/install/nav_2d_msgs:/home/asis/hokuyo_ws/src/install/nav2_common:${AMENT_PREFIX_PATH} CMAKE_PREFIX_PATH=/home/asis/hokuyo_ws/src/install/nav2_core:/home/asis/hokuyo_ws/src/install/nav2_costmap_2d:/home/asis/hokuyo_ws/src/install/nav_2d_utils:/home/asis/hokuyo_ws/src/install/nav2_util:/home/asis/hokuyo_ws/src/install/nav2_voxel_grid:/home/asis/hokuyo_ws/src/install/nav2_msgs:/home/asis/hokuyo_ws/src/install/nav_2d_msgs:/home/asis/hokuyo_ws/src/install/nav2_common:/home/asis/hokuyo_ws/install/urg_node2:/home/asis/hokuyo_ws/install/slam_toolbox:/opt/ros/humble LD_LIBRARY_PATH=/home/asis/hokuyo_ws/src/install/nav2_costmap_2d/lib:/home/asis/hokuyo_ws/src/install/nav_2d_utils/lib:/home/asis/hokuyo_ws/src/install/nav2_util/lib:/home/asis/hokuyo_ws/src/install/nav2_voxel_grid/lib:/home/asis/hokuyo_ws/src/install/nav2_msgs/lib:/home/asis/hokuyo_ws/src/install/nav_2d_msgs/lib:${LD_LIBRARY_PATH} PYTHONPATH=/home/asis/hokuyo_ws/src/install/nav2_msgs/local/lib/python3.10/dist-packages:/home/asis/hokuyo_ws/src/install/nav_2d_msgs/local/lib/python3.10/dist-packages:/home/asis/hokuyo_ws/src/install/nav2_common/local/lib/python3.10/dist-packages:${PYTHONPATH} /usr/bin/cmake /home/asis/hokuyo_ws/src/navigation2/nav2_smoother -DCMAKE_INSTALL_PREFIX=/home/asis/hokuyo_ws/src/install/nav2_smoother
[0.139s] -- The C compiler identification is GNU 11.4.0
[0.238s] -- The CXX compiler identification is GNU 11.4.0
[0.250s] -- Detecting C compiler ABI info
[0.396s] -- Detecting C compiler ABI info - done
[0.412s] -- Check for working C compiler: /usr/bin/cc - skipped
[0.412s] -- Detecting C compile features
[0.412s] -- Detecting C compile features - done
[0.417s] -- Detecting CXX compiler ABI info
[0.602s] -- Detecting CXX compiler ABI info - done
[0.615s] -- Check for working CXX compiler: /usr/bin/c++ - skipped
[0.615s] -- Detecting CXX compile features
[0.616s] -- Detecting CXX compile features - done
[0.621s] -- Found ament_cmake: 1.3.9 (/opt/ros/humble/share/ament_cmake/cmake)
[0.939s] -- Found Python3: /usr/bin/python3 (found version "3.10.12") found components: Interpreter 
[1.153s] -- Found nav2_core: 1.1.15 (/home/asis/hokuyo_ws/src/install/nav2_core/share/nav2_core/cmake)
[1.255s] -- Found rosidl_generator_c: 3.1.5 (/opt/ros/humble/share/rosidl_generator_c/cmake)
[1.266s] -- Found rosidl_adapter: 3.1.5 (/opt/ros/humble/share/rosidl_adapter/cmake)
[1.282s] -- Found rosidl_generator_cpp: 3.1.5 (/opt/ros/humble/share/rosidl_generator_cpp/cmake)
[1.308s] -- Using all available rosidl_typesupport_c: rosidl_typesupport_fastrtps_c;rosidl_typesupport_introspection_c
[1.346s] -- Using all available rosidl_typesupport_cpp: rosidl_typesupport_fastrtps_cpp;rosidl_typesupport_introspection_cpp
[1.490s] -- Found rmw_implementation_cmake: 6.1.2 (/opt/ros/humble/share/rmw_implementation_cmake/cmake)
[1.498s] -- Found rmw_fastrtps_cpp: 6.2.6 (/opt/ros/humble/share/rmw_fastrtps_cpp/cmake)
[1.700s] -- Found OpenSSL: /usr/lib/x86_64-linux-gnu/libcrypto.so (found version "3.0.2")  
[1.751s] -- Found FastRTPS: /opt/ros/humble/include  
[1.836s] -- Using RMW implementation 'rmw_fastrtps_cpp' as default
[1.857s] -- Looking for pthread.h
[2.014s] -- Looking for pthread.h - found
[2.015s] -- Performing Test CMAKE_HAVE_LIBC_PTHREAD
[2.167s] -- Performing Test CMAKE_HAVE_LIBC_PTHREAD - Success
[2.169s] -- Found Threads: TRUE  
[4.508s] -- Found Eigen3: TRUE (found version "3.4.0") 
[4.508s] -- Ensuring Eigen3 include directory is part of orocos-kdl CMake target
[8.122s] -- Found nav2_common: 1.1.15 (/home/asis/hokuyo_ws/src/install/nav2_common/share/nav2_common/cmake)
[8.126s] -- Found nav_2d_utils: 1.1.15 (/home/asis/hokuyo_ws/src/install/nav_2d_utils/share/nav_2d_utils/cmake)
[9.325s] -- Setting build type to Release as none was specified.
[39.989s] -- Found ament_lint_auto: 0.12.11 (/opt/ros/humble/share/ament_lint_auto/cmake)
[40.151s] -- Found gtest sources under '/opt/ros/humble/src/gtest_vendor': C++ tests using 'Google Test' will be built
[63.393s] -- Added test 'cppcheck' to perform static code analysis on C / C++ code
[63.395s] -- Configured cppcheck include dirs: /home/asis/hokuyo_ws/src/navigation2/nav2_smoother/include
[63.395s] -- Configured cppcheck exclude dirs and/or files: 
[63.397s] -- Added test 'cpplint' to check C / C++ code against the Google style
[63.397s] -- Configured cpplint exclude dirs and/or files: 
[63.399s] -- Added test 'lint_cmake' to check CMake code style
[63.402s] -- Added test 'uncrustify' to check C / C++ code style
[63.402s] -- Configured uncrustify additional arguments: 
[63.403s] -- Added test 'xmllint' to check XML markup files
[63.409s] -- Configuring done
[64.350s] -- Generating done
[64.351s] -- Build files have been written to: /home/asis/hokuyo_ws/src/build/nav2_smoother
[64.386s] Invoked command in '/home/asis/hokuyo_ws/src/build/nav2_smoother' returned '0': AMENT_PREFIX_PATH=/home/asis/hokuyo_ws/src/install/nav2_core:/home/asis/hokuyo_ws/src/install/nav2_costmap_2d:/home/asis/hokuyo_ws/src/install/nav_2d_utils:/home/asis/hokuyo_ws/src/install/nav2_util:/home/asis/hokuyo_ws/src/install/nav2_voxel_grid:/home/asis/hokuyo_ws/src/install/nav2_msgs:/home/asis/hokuyo_ws/src/install/nav_2d_msgs:/home/asis/hokuyo_ws/src/install/nav2_common:${AMENT_PREFIX_PATH} CMAKE_PREFIX_PATH=/home/asis/hokuyo_ws/src/install/nav2_core:/home/asis/hokuyo_ws/src/install/nav2_costmap_2d:/home/asis/hokuyo_ws/src/install/nav_2d_utils:/home/asis/hokuyo_ws/src/install/nav2_util:/home/asis/hokuyo_ws/src/install/nav2_voxel_grid:/home/asis/hokuyo_ws/src/install/nav2_msgs:/home/asis/hokuyo_ws/src/install/nav_2d_msgs:/home/asis/hokuyo_ws/src/install/nav2_common:/home/asis/hokuyo_ws/install/urg_node2:/home/asis/hokuyo_ws/install/slam_toolbox:/opt/ros/humble LD_LIBRARY_PATH=/home/asis/hokuyo_ws/src/install/nav2_costmap_2d/lib:/home/asis/hokuyo_ws/src/install/nav_2d_utils/lib:/home/asis/hokuyo_ws/src/install/nav2_util/lib:/home/asis/hokuyo_ws/src/install/nav2_voxel_grid/lib:/home/asis/hokuyo_ws/src/install/nav2_msgs/lib:/home/asis/hokuyo_ws/src/install/nav_2d_msgs/lib:${LD_LIBRARY_PATH} PYTHONPATH=/home/asis/hokuyo_ws/src/install/nav2_msgs/local/lib/python3.10/dist-packages:/home/asis/hokuyo_ws/src/install/nav_2d_msgs/local/lib/python3.10/dist-packages:/home/asis/hokuyo_ws/src/install/nav2_common/local/lib/python3.10/dist-packages:${PYTHONPATH} /usr/bin/cmake /home/asis/hokuyo_ws/src/navigation2/nav2_smoother -DCMAKE_INSTALL_PREFIX=/home/asis/hokuyo_ws/src/install/nav2_smoother
[64.411s] Invoking command in '/home/asis/hokuyo_ws/src/build/nav2_smoother': AMENT_PREFIX_PATH=/home/asis/hokuyo_ws/src/install/nav2_core:/home/asis/hokuyo_ws/src/install/nav2_costmap_2d:/home/asis/hokuyo_ws/src/install/nav_2d_utils:/home/asis/hokuyo_ws/src/install/nav2_util:/home/asis/hokuyo_ws/src/install/nav2_voxel_grid:/home/asis/hokuyo_ws/src/install/nav2_msgs:/home/asis/hokuyo_ws/src/install/nav_2d_msgs:/home/asis/hokuyo_ws/src/install/nav2_common:${AMENT_PREFIX_PATH} CMAKE_PREFIX_PATH=/home/asis/hokuyo_ws/src/install/nav2_core:/home/asis/hokuyo_ws/src/install/nav2_costmap_2d:/home/asis/hokuyo_ws/src/install/nav_2d_utils:/home/asis/hokuyo_ws/src/install/nav2_util:/home/asis/hokuyo_ws/src/install/nav2_voxel_grid:/home/asis/hokuyo_ws/src/install/nav2_msgs:/home/asis/hokuyo_ws/src/install/nav_2d_msgs:/home/asis/hokuyo_ws/src/install/nav2_common:/home/asis/hokuyo_ws/install/urg_node2:/home/asis/hokuyo_ws/install/slam_toolbox:/opt/ros/humble LD_LIBRARY_PATH=/home/asis/hokuyo_ws/src/install/nav2_costmap_2d/lib:/home/asis/hokuyo_ws/src/install/nav_2d_utils/lib:/home/asis/hokuyo_ws/src/install/nav2_util/lib:/home/asis/hokuyo_ws/src/install/nav2_voxel_grid/lib:/home/asis/hokuyo_ws/src/install/nav2_msgs/lib:/home/asis/hokuyo_ws/src/install/nav_2d_msgs/lib:${LD_LIBRARY_PATH} PYTHONPATH=/home/asis/hokuyo_ws/src/install/nav2_msgs/local/lib/python3.10/dist-packages:/home/asis/hokuyo_ws/src/install/nav_2d_msgs/local/lib/python3.10/dist-packages:/home/asis/hokuyo_ws/src/install/nav2_common/local/lib/python3.10/dist-packages:${PYTHONPATH} /usr/bin/cmake --build /home/asis/hokuyo_ws/src/build/nav2_smoother -- -j8 -l8
[74.702s] [  5%] [32mBuilding CXX object CMakeFiles/smoother_server_core.dir/src/nav2_smoother.cpp.o[0m
[88.965s] [ 11%] [32m[1mLinking CXX shared library libsmoother_server_core.so[0m
[90.058s] [ 11%] Built target smoother_server_core
[90.094s] [ 16%] [32mBuilding CXX object gtest/CMakeFiles/gtest.dir/src/gtest-all.cc.o[0m
[101.432s] [ 22%] [32m[1mLinking CXX static library libgtest.a[0m
[101.574s] [ 22%] Built target gtest
[101.612s] [ 27%] [32mBuilding CXX object CMakeFiles/smoother_server.dir/src/main.cpp.o[0m
[107.988s] [ 33%] [32m[1mLinking CXX executable smoother_server[0m
[108.395s] [ 33%] Built target smoother_server
[108.418s] [ 38%] [32mBuilding CXX object gtest/CMakeFiles/gtest_main.dir/src/gtest_main.cc.o[0m
[109.906s] [ 44%] [32m[1mLinking CXX static library libgtest_main.a[0m
[109.959s] [ 44%] Built target gtest_main
[109.995s] [ 50%] [32mBuilding CXX object CMakeFiles/savitzky_golay_smoother.dir/src/savitzky_golay_smoother.cpp.o[0m
[117.499s] [ 55%] [32m[1mLinking CXX shared library libsavitzky_golay_smoother.so[0m
[117.852s] [ 55%] Built target savitzky_golay_smoother
[117.878s] [ 61%] [32mBuilding CXX object test/CMakeFiles/test_smoother_server.dir/test_smoother_server.cpp.o[0m
[137.170s] [ 66%] [32m[1mLinking CXX executable test_smoother_server[0m
[138.767s] [ 66%] Built target test_smoother_server
[138.884s] [ 72%] [32mBuilding CXX object test/CMakeFiles/test_savitzky_golay_smoother.dir/test_savitzky_golay_smoother.cpp.o[0m
[153.266s] [ 77%] [32m[1mLinking CXX executable test_savitzky_golay_smoother[0m
[154.181s] [ 77%] Built target test_savitzky_golay_smoother
[154.221s] [ 83%] [32mBuilding CXX object CMakeFiles/simple_smoother.dir/src/simple_smoother.cpp.o[0m
[162.283s] [ 88%] [32m[1mLinking CXX shared library libsimple_smoother.so[0m
[162.947s] [ 88%] Built target simple_smoother
[162.982s] [ 94%] [32mBuilding CXX object test/CMakeFiles/test_simple_smoother.dir/test_simple_smoother.cpp.o[0m
[173.159s] [100%] [32m[1mLinking CXX executable test_simple_smoother[0m
[173.733s] [100%] Built target test_simple_smoother
[173.753s] Invoked command in '/home/asis/hokuyo_ws/src/build/nav2_smoother' returned '0': AMENT_PREFIX_PATH=/home/asis/hokuyo_ws/src/install/nav2_core:/home/asis/hokuyo_ws/src/install/nav2_costmap_2d:/home/asis/hokuyo_ws/src/install/nav_2d_utils:/home/asis/hokuyo_ws/src/install/nav2_util:/home/asis/hokuyo_ws/src/install/nav2_voxel_grid:/home/asis/hokuyo_ws/src/install/nav2_msgs:/home/asis/hokuyo_ws/src/install/nav_2d_msgs:/home/asis/hokuyo_ws/src/install/nav2_common:${AMENT_PREFIX_PATH} CMAKE_PREFIX_PATH=/home/asis/hokuyo_ws/src/install/nav2_core:/home/asis/hokuyo_ws/src/install/nav2_costmap_2d:/home/asis/hokuyo_ws/src/install/nav_2d_utils:/home/asis/hokuyo_ws/src/install/nav2_util:/home/asis/hokuyo_ws/src/install/nav2_voxel_grid:/home/asis/hokuyo_ws/src/install/nav2_msgs:/home/asis/hokuyo_ws/src/install/nav_2d_msgs:/home/asis/hokuyo_ws/src/install/nav2_common:/home/asis/hokuyo_ws/install/urg_node2:/home/asis/hokuyo_ws/install/slam_toolbox:/opt/ros/humble LD_LIBRARY_PATH=/home/asis/hokuyo_ws/src/install/nav2_costmap_2d/lib:/home/asis/hokuyo_ws/src/install/nav_2d_utils/lib:/home/asis/hokuyo_ws/src/install/nav2_util/lib:/home/asis/hokuyo_ws/src/install/nav2_voxel_grid/lib:/home/asis/hokuyo_ws/src/install/nav2_msgs/lib:/home/asis/hokuyo_ws/src/install/nav_2d_msgs/lib:${LD_LIBRARY_PATH} PYTHONPATH=/home/asis/hokuyo_ws/src/install/nav2_msgs/local/lib/python3.10/dist-packages:/home/asis/hokuyo_ws/src/install/nav_2d_msgs/local/lib/python3.10/dist-packages:/home/asis/hokuyo_ws/src/install/nav2_common/local/lib/python3.10/dist-packages:${PYTHONPATH} /usr/bin/cmake --build /home/asis/hokuyo_ws/src/build/nav2_smoother -- -j8 -l8
[173.808s] Invoking command in '/home/asis/hokuyo_ws/src/build/nav2_smoother': AMENT_PREFIX_PATH=/home/asis/hokuyo_ws/src/install/nav2_core:/home/asis/hokuyo_ws/src/install/nav2_costmap_2d:/home/asis/hokuyo_ws/src/install/nav_2d_utils:/home/asis/hokuyo_ws/src/install/nav2_util:/home/asis/hokuyo_ws/src/install/nav2_voxel_grid:/home/asis/hokuyo_ws/src/install/nav2_msgs:/home/asis/hokuyo_ws/src/install/nav_2d_msgs:/home/asis/hokuyo_ws/src/install/nav2_common:${AMENT_PREFIX_PATH} CMAKE_PREFIX_PATH=/home/asis/hokuyo_ws/src/install/nav2_core:/home/asis/hokuyo_ws/src/install/nav2_costmap_2d:/home/asis/hokuyo_ws/src/install/nav_2d_utils:/home/asis/hokuyo_ws/src/install/nav2_util:/home/asis/hokuyo_ws/src/install/nav2_voxel_grid:/home/asis/hokuyo_ws/src/install/nav2_msgs:/home/asis/hokuyo_ws/src/install/nav_2d_msgs:/home/asis/hokuyo_ws/src/install/nav2_common:/home/asis/hokuyo_ws/install/urg_node2:/home/asis/hokuyo_ws/install/slam_toolbox:/opt/ros/humble LD_LIBRARY_PATH=/home/asis/hokuyo_ws/src/install/nav2_costmap_2d/lib:/home/asis/hokuyo_ws/src/install/nav_2d_utils/lib:/home/asis/hokuyo_ws/src/install/nav2_util/lib:/home/asis/hokuyo_ws/src/install/nav2_voxel_grid/lib:/home/asis/hokuyo_ws/src/install/nav2_msgs/lib:/home/asis/hokuyo_ws/src/install/nav_2d_msgs/lib:${LD_LIBRARY_PATH} PYTHONPATH=/home/asis/hokuyo_ws/src/install/nav2_msgs/local/lib/python3.10/dist-packages:/home/asis/hokuyo_ws/src/install/nav_2d_msgs/local/lib/python3.10/dist-packages:/home/asis/hokuyo_ws/src/install/nav2_common/local/lib/python3.10/dist-packages:${PYTHONPATH} /usr/bin/cmake --install /home/asis/hokuyo_ws/src/build/nav2_smoother
[173.819s] -- Install configuration: "Release"
[173.819s] -- Installing: /home/asis/hokuyo_ws/src/install/nav2_smoother/share/nav2_smoother/plugins.xml
[173.820s] -- Installing: /home/asis/hokuyo_ws/src/install/nav2_smoother/lib/libsmoother_server_core.so
[173.822s] -- Set runtime path of "/home/asis/hokuyo_ws/src/install/nav2_smoother/lib/libsmoother_server_core.so" to ""
[173.825s] -- Installing: /home/asis/hokuyo_ws/src/install/nav2_smoother/lib/libsimple_smoother.so
[173.825s] -- Set runtime path of "/home/asis/hokuyo_ws/src/install/nav2_smoother/lib/libsimple_smoother.so" to ""
[173.825s] -- Installing: /home/asis/hokuyo_ws/src/install/nav2_smoother/lib/libsavitzky_golay_smoother.so
[173.825s] -- Set runtime path of "/home/asis/hokuyo_ws/src/install/nav2_smoother/lib/libsavitzky_golay_smoother.so" to ""
[173.825s] -- Installing: /home/asis/hokuyo_ws/src/install/nav2_smoother/lib/nav2_smoother/smoother_server
[173.825s] -- Set runtime path of "/home/asis/hokuyo_ws/src/install/nav2_smoother/lib/nav2_smoother/smoother_server" to ""
[173.825s] -- Installing: /home/asis/hokuyo_ws/src/install/nav2_smoother/include/
[173.826s] -- Installing: /home/asis/hokuyo_ws/src/install/nav2_smoother/include//nav2_smoother
[173.826s] -- Installing: /home/asis/hokuyo_ws/src/install/nav2_smoother/include//nav2_smoother/nav2_smoother.hpp
[173.826s] -- Installing: /home/asis/hokuyo_ws/src/install/nav2_smoother/include//nav2_smoother/smoother_utils.hpp
[173.826s] -- Installing: /home/asis/hokuyo_ws/src/install/nav2_smoother/include//nav2_smoother/savitzky_golay_smoother.hpp
[173.826s] -- Installing: /home/asis/hokuyo_ws/src/install/nav2_smoother/include//nav2_smoother/simple_smoother.hpp
[173.826s] -- Installing: /home/asis/hokuyo_ws/src/install/nav2_smoother/share/nav2_smoother/environment/library_path.sh
[173.826s] -- Installing: /home/asis/hokuyo_ws/src/install/nav2_smoother/share/nav2_smoother/environment/library_path.dsv
[173.826s] -- Installing: /home/asis/hokuyo_ws/src/install/nav2_smoother/share/ament_index/resource_index/package_run_dependencies/nav2_smoother
[173.826s] -- Installing: /home/asis/hokuyo_ws/src/install/nav2_smoother/share/ament_index/resource_index/parent_prefix_path/nav2_smoother
[173.826s] -- Installing: /home/asis/hokuyo_ws/src/install/nav2_smoother/share/nav2_smoother/environment/ament_prefix_path.sh
[173.827s] -- Installing: /home/asis/hokuyo_ws/src/install/nav2_smoother/share/nav2_smoother/environment/ament_prefix_path.dsv
[173.827s] -- Installing: /home/asis/hokuyo_ws/src/install/nav2_smoother/share/nav2_smoother/environment/path.sh
[173.827s] -- Installing: /home/asis/hokuyo_ws/src/install/nav2_smoother/share/nav2_smoother/environment/path.dsv
[173.827s] -- Installing: /home/asis/hokuyo_ws/src/install/nav2_smoother/share/nav2_smoother/local_setup.bash
[173.827s] -- Installing: /home/asis/hokuyo_ws/src/install/nav2_smoother/share/nav2_smoother/local_setup.sh
[173.827s] -- Installing: /home/asis/hokuyo_ws/src/install/nav2_smoother/share/nav2_smoother/local_setup.zsh
[173.828s] -- Installing: /home/asis/hokuyo_ws/src/install/nav2_smoother/share/nav2_smoother/local_setup.dsv
[173.828s] -- Installing: /home/asis/hokuyo_ws/src/install/nav2_smoother/share/nav2_smoother/package.dsv
[173.828s] -- Installing: /home/asis/hokuyo_ws/src/install/nav2_smoother/share/ament_index/resource_index/packages/nav2_smoother
[173.828s] -- Installing: /home/asis/hokuyo_ws/src/install/nav2_smoother/share/ament_index/resource_index/nav2_core__pluginlib__plugin/nav2_smoother
[173.828s] -- Installing: /home/asis/hokuyo_ws/src/install/nav2_smoother/share/ament_index/resource_index/rclcpp_components/nav2_smoother
[173.829s] -- Installing: /home/asis/hokuyo_ws/src/install/nav2_smoother/share/nav2_smoother/cmake/ament_cmake_export_include_directories-extras.cmake
[173.829s] -- Installing: /home/asis/hokuyo_ws/src/install/nav2_smoother/share/nav2_smoother/cmake/ament_cmake_export_libraries-extras.cmake
[173.829s] -- Installing: /home/asis/hokuyo_ws/src/install/nav2_smoother/share/nav2_smoother/cmake/ament_cmake_export_dependencies-extras.cmake
[173.829s] -- Installing: /home/asis/hokuyo_ws/src/install/nav2_smoother/share/nav2_smoother/cmake/nav2_smootherConfig.cmake
[173.829s] -- Installing: /home/asis/hokuyo_ws/src/install/nav2_smoother/share/nav2_smoother/cmake/nav2_smootherConfig-version.cmake
[173.830s] -- Installing: /home/asis/hokuyo_ws/src/install/nav2_smoother/share/nav2_smoother/package.xml
[173.842s] Invoked command in '/home/asis/hokuyo_ws/src/build/nav2_smoother' returned '0': AMENT_PREFIX_PATH=/home/asis/hokuyo_ws/src/install/nav2_core:/home/asis/hokuyo_ws/src/install/nav2_costmap_2d:/home/asis/hokuyo_ws/src/install/nav_2d_utils:/home/asis/hokuyo_ws/src/install/nav2_util:/home/asis/hokuyo_ws/src/install/nav2_voxel_grid:/home/asis/hokuyo_ws/src/install/nav2_msgs:/home/asis/hokuyo_ws/src/install/nav_2d_msgs:/home/asis/hokuyo_ws/src/install/nav2_common:${AMENT_PREFIX_PATH} CMAKE_PREFIX_PATH=/home/asis/hokuyo_ws/src/install/nav2_core:/home/asis/hokuyo_ws/src/install/nav2_costmap_2d:/home/asis/hokuyo_ws/src/install/nav_2d_utils:/home/asis/hokuyo_ws/src/install/nav2_util:/home/asis/hokuyo_ws/src/install/nav2_voxel_grid:/home/asis/hokuyo_ws/src/install/nav2_msgs:/home/asis/hokuyo_ws/src/install/nav_2d_msgs:/home/asis/hokuyo_ws/src/install/nav2_common:/home/asis/hokuyo_ws/install/urg_node2:/home/asis/hokuyo_ws/install/slam_toolbox:/opt/ros/humble LD_LIBRARY_PATH=/home/asis/hokuyo_ws/src/install/nav2_costmap_2d/lib:/home/asis/hokuyo_ws/src/install/nav_2d_utils/lib:/home/asis/hokuyo_ws/src/install/nav2_util/lib:/home/asis/hokuyo_ws/src/install/nav2_voxel_grid/lib:/home/asis/hokuyo_ws/src/install/nav2_msgs/lib:/home/asis/hokuyo_ws/src/install/nav_2d_msgs/lib:${LD_LIBRARY_PATH} PYTHONPATH=/home/asis/hokuyo_ws/src/install/nav2_msgs/local/lib/python3.10/dist-packages:/home/asis/hokuyo_ws/src/install/nav_2d_msgs/local/lib/python3.10/dist-packages:/home/asis/hokuyo_ws/src/install/nav2_common/local/lib/python3.10/dist-packages:${PYTHONPATH} /usr/bin/cmake --install /home/asis/hokuyo_ws/src/build/nav2_smoother
