[0.018s] Invoking command in '/home/asis/hokuyo_ws/src/build/urg_node2': CMAKE_PREFIX_PATH=${CMAKE_PREFIX_PATH}:/opt/ros/humble /usr/bin/cmake /home/asis/hokuyo_ws/src/urg_node2 -DCMAKE_INSTALL_PREFIX=/home/asis/hokuyo_ws/src/install/urg_node2
[0.079s] -- The C compiler identification is GNU 11.4.0
[0.146s] -- The CXX compiler identification is GNU 11.4.0
[0.154s] -- Detecting C compiler ABI info
[0.229s] -- Detecting C compiler ABI info - done
[0.242s] -- Check for working C compiler: /usr/bin/cc - skipped
[0.242s] -- Detecting C compile features
[0.243s] -- Detecting C compile features - done
[0.247s] -- Detecting CXX compiler ABI info
[0.341s] -- Detecting CXX compiler ABI info - done
[0.351s] -- Check for working CXX compiler: /usr/bin/c++ - skipped
[0.351s] -- Detecting CXX compile features
[0.352s] -- Detecting CXX compile features - done
[0.354s] -- Found ament_cmake: 1.3.9 (/opt/ros/humble/share/ament_cmake/cmake)
[0.538s] -- Found Python3: /usr/bin/python3 (found version "3.10.12") found components: Interpreter 
[0.637s] -- Found rclcpp: 16.0.9 (/opt/ros/humble/share/rclcpp/cmake)
[0.677s] -- Found rosidl_generator_c: 3.1.5 (/opt/ros/humble/share/rosidl_generator_c/cmake)
[0.682s] -- Found rosidl_adapter: 3.1.5 (/opt/ros/humble/share/rosidl_adapter/cmake)
[0.690s] -- Found rosidl_generator_cpp: 3.1.5 (/opt/ros/humble/share/rosidl_generator_cpp/cmake)
[0.704s] -- Using all available rosidl_typesupport_c: rosidl_typesupport_fastrtps_c;rosidl_typesupport_introspection_c
[0.730s] -- Using all available rosidl_typesupport_cpp: rosidl_typesupport_fastrtps_cpp;rosidl_typesupport_introspection_cpp
[0.801s] -- Found rmw_implementation_cmake: 6.1.2 (/opt/ros/humble/share/rmw_implementation_cmake/cmake)
[0.804s] -- Found rmw_fastrtps_cpp: 6.2.6 (/opt/ros/humble/share/rmw_fastrtps_cpp/cmake)
[0.930s] -- Found OpenSSL: /usr/lib/x86_64-linux-gnu/libcrypto.so (found version "3.0.2")  
[0.961s] -- Found FastRTPS: /opt/ros/humble/include  
[1.029s] -- Using RMW implementation 'rmw_fastrtps_cpp' as default
[1.044s] -- Looking for pthread.h
[1.143s] -- Looking for pthread.h - found
[1.147s] -- Performing Test CMAKE_HAVE_LIBC_PTHREAD
[1.596s] -- Performing Test CMAKE_HAVE_LIBC_PTHREAD - Success
[1.596s] -- Found Threads: TRUE  
[2.239s] -- Found rclcpp_components: 16.0.9 (/opt/ros/humble/share/rclcpp_components/cmake)
[2.417s] -- Found rclcpp_lifecycle: 16.0.9 (/opt/ros/humble/share/rclcpp_lifecycle/cmake)
[2.490s] -- Found sensor_msgs: 4.2.3 (/opt/ros/humble/share/sensor_msgs/cmake)
[2.851s] -- Found diagnostic_updater: 3.1.2 (/opt/ros/humble/share/diagnostic_updater/cmake)
[3.043s] -- Found laser_proc: 1.0.2 (/opt/ros/humble/share/laser_proc/cmake)
[3.109s] -- Found ament_cmake_gtest: 1.3.9 (/opt/ros/humble/share/ament_cmake_gtest/cmake)
[3.113s] -- Found gtest sources under '/opt/ros/humble/src/gtest_vendor': C++ tests using 'Google Test' will be built
[3.383s] -- Configuring done
[3.503s] -- Generating done
[3.517s] -- Build files have been written to: /home/asis/hokuyo_ws/src/build/urg_node2
[3.543s] Invoked command in '/home/asis/hokuyo_ws/src/build/urg_node2' returned '0': CMAKE_PREFIX_PATH=${CMAKE_PREFIX_PATH}:/opt/ros/humble /usr/bin/cmake /home/asis/hokuyo_ws/src/urg_node2 -DCMAKE_INSTALL_PREFIX=/home/asis/hokuyo_ws/src/install/urg_node2
[3.555s] Invoking command in '/home/asis/hokuyo_ws/src/build/urg_node2': CMAKE_PREFIX_PATH=${CMAKE_PREFIX_PATH}:/opt/ros/humble /usr/bin/cmake --build /home/asis/hokuyo_ws/src/build/urg_node2 -- -j8 -l8
[3.809s] [  5%] [32mBuilding CXX object CMakeFiles/urg_node2_node.dir/rclcpp_components/node_main_urg_node2_node.cpp.o[0m
[3.818s] [ 10%] [32mBuilding CXX object gtest/CMakeFiles/gtest_main.dir/src/gtest_main.cc.o[0m
[3.843s] [ 15%] [32mBuilding CXX object gtest/CMakeFiles/gtest.dir/src/gtest-all.cc.o[0m
[3.856s] [ 20%] [32mBuilding C object CMakeFiles/urg_c.dir/urg_library/current/src/urg_sensor.c.o[0m
[3.881s] [ 25%] [32mBuilding C object CMakeFiles/urg_c.dir/urg_library/current/src/urg_utils.c.o[0m
[3.907s] [ 30%] [32mBuilding C object CMakeFiles/urg_c.dir/urg_library/current/src/urg_connection.c.o[0m
[3.921s] [ 35%] [32mBuilding C object CMakeFiles/urg_c.dir/urg_library/current/src/urg_debug.c.o[0m
[3.944s] [ 40%] [32mBuilding C object CMakeFiles/urg_c.dir/urg_library/current/src/urg_ring_buffer.c.o[0m
[3.973s] [01m[K/home/asis/hokuyo_ws/src/urg_node2/urg_library/current/src/urg_utils.c:[m[K In function ‘[01m[Kurg_delay[m[K’:
[3.973s] [01m[K/home/asis/hokuyo_ws/src/urg_node2/urg_library/current/src/urg_utils.c:224:5:[m[K [01;35m[Kwarning: [m[Kimplicit declaration of function ‘[01m[Kusleep[m[K’; did you mean ‘[01m[Kurg_sleep[m[K’? [[01;35m[K]8;;https://gcc.gnu.org/onlinedocs/gcc/Warning-Options.html#index-Wimplicit-function-declaration-Wimplicit-function-declaration]8;;[m[K]
[3.973s]   224 |     [01;35m[Kusleep[m[K(1000 * delay_msec);
[3.974s]       |     [01;35m[K^~~~~~[m[K
[3.974s]       |     [32m[Kurg_sleep[m[K
[4.008s] [01m[K/home/asis/hokuyo_ws/src/urg_node2/urg_library/current/src/urg_sensor.c:1349:8:[m[K [01;35m[Kwarning: [m[Ktype qualifiers ignored on function return type [[01;35m[K]8;;https://gcc.gnu.org/onlinedocs/gcc/Warning-Options.html#index-Wignored-qualifiers-Wignored-qualifiers]8;;[m[K]
[4.008s]  1349 | static [01;35m[Kconst[m[K int receive_II_command_response(urg_t *urg,
[4.008s]       |        [01;35m[K^~~~~[m[K
[4.127s] [ 45%] [32mBuilding C object CMakeFiles/urg_c.dir/urg_library/current/src/urg_serial_utils.c.o[0m
[4.146s] [ 50%] [32mBuilding C object CMakeFiles/urg_c.dir/urg_library/current/src/urg_tcpclient.c.o[0m
[4.148s] [ 55%] [32mBuilding C object CMakeFiles/urg_c.dir/urg_library/current/src/urg_serial.c.o[0m
[4.390s] [ 60%] [32m[1mLinking C shared library liburg_c.so[0m
[4.692s] [ 60%] Built target urg_c
[4.903s] [ 65%] [32mBuilding CXX object CMakeFiles/urg_node2.dir/src/urg_node2.cpp.o[0m
[5.513s] [ 70%] [32m[1mLinking CXX static library libgtest_main.a[0m
[5.763s] [ 70%] Built target gtest_main
[16.808s] [ 75%] [32m[1mLinking CXX executable urg_node2_node[0m
[17.385s] [ 75%] Built target urg_node2_node
[17.686s] [ 80%] [32m[1mLinking CXX static library libgtest.a[0m
[17.882s] [ 80%] Built target gtest
[17.968s] [ 85%] [32mBuilding CXX object CMakeFiles/urg_node2_test.dir/src/urg_node2.cpp.o[0m
[17.981s] [ 90%] [32mBuilding CXX object CMakeFiles/urg_node2_test.dir/test/urg_node2_test.cpp.o[0m
[28.069s] [ 95%] [32m[1mLinking CXX shared library liburg_node2.so[0m
[28.801s] [ 95%] Built target urg_node2
[41.959s] [100%] [32m[1mLinking CXX executable urg_node2_test[0m
[44.280s] [100%] Built target urg_node2_test
[44.296s] Invoked command in '/home/asis/hokuyo_ws/src/build/urg_node2' returned '0': CMAKE_PREFIX_PATH=${CMAKE_PREFIX_PATH}:/opt/ros/humble /usr/bin/cmake --build /home/asis/hokuyo_ws/src/build/urg_node2 -- -j8 -l8
[44.373s] Invoking command in '/home/asis/hokuyo_ws/src/build/urg_node2': CMAKE_PREFIX_PATH=${CMAKE_PREFIX_PATH}:/opt/ros/humble /usr/bin/cmake --install /home/asis/hokuyo_ws/src/build/urg_node2
[44.384s] -- Install configuration: ""
[44.385s] -- Installing: /home/asis/hokuyo_ws/src/install/urg_node2/lib/urg_node2/urg_node2_node
[44.393s] -- Set runtime path of "/home/asis/hokuyo_ws/src/install/urg_node2/lib/urg_node2/urg_node2_node" to ""
[44.394s] -- Installing: /home/asis/hokuyo_ws/src/install/urg_node2/lib/liburg_node2.so
[44.409s] -- Set runtime path of "/home/asis/hokuyo_ws/src/install/urg_node2/lib/liburg_node2.so" to ""
[44.409s] -- Installing: /home/asis/hokuyo_ws/src/install/urg_node2/lib/liburg_c.so
[44.412s] -- Installing: /home/asis/hokuyo_ws/src/install/urg_node2/share/urg_node2/launch
[44.413s] -- Installing: /home/asis/hokuyo_ws/src/install/urg_node2/share/urg_node2/launch/urg_node2_2lidar.launch.py
[44.425s] -- Installing: /home/asis/hokuyo_ws/src/install/urg_node2/share/urg_node2/launch/urg_node2.launch.py
[44.426s] -- Installing: /home/asis/hokuyo_ws/src/install/urg_node2/share/urg_node2/launch/urg_node2_component.launch.py
[44.426s] -- Installing: /home/asis/hokuyo_ws/src/install/urg_node2/share/urg_node2/config
[44.427s] -- Installing: /home/asis/hokuyo_ws/src/install/urg_node2/share/urg_node2/config/params_ether.yaml
[44.427s] -- Installing: /home/asis/hokuyo_ws/src/install/urg_node2/share/urg_node2/config/params_ether_2nd.yaml
[44.428s] -- Installing: /home/asis/hokuyo_ws/src/install/urg_node2/share/urg_node2/config/params_serial.yaml
[44.429s] -- Installing: /home/asis/hokuyo_ws/src/install/urg_node2/share/ament_index/resource_index/package_run_dependencies/urg_node2
[44.430s] -- Installing: /home/asis/hokuyo_ws/src/install/urg_node2/share/ament_index/resource_index/parent_prefix_path/urg_node2
[44.430s] -- Installing: /home/asis/hokuyo_ws/src/install/urg_node2/share/urg_node2/environment/ament_prefix_path.sh
[44.431s] -- Installing: /home/asis/hokuyo_ws/src/install/urg_node2/share/urg_node2/environment/ament_prefix_path.dsv
[44.431s] -- Installing: /home/asis/hokuyo_ws/src/install/urg_node2/share/urg_node2/environment/path.sh
[44.432s] -- Installing: /home/asis/hokuyo_ws/src/install/urg_node2/share/urg_node2/environment/path.dsv
[44.432s] -- Installing: /home/asis/hokuyo_ws/src/install/urg_node2/share/urg_node2/local_setup.bash
[44.432s] -- Installing: /home/asis/hokuyo_ws/src/install/urg_node2/share/urg_node2/local_setup.sh
[44.433s] -- Installing: /home/asis/hokuyo_ws/src/install/urg_node2/share/urg_node2/local_setup.zsh
[44.433s] -- Installing: /home/asis/hokuyo_ws/src/install/urg_node2/share/urg_node2/local_setup.dsv
[44.434s] -- Installing: /home/asis/hokuyo_ws/src/install/urg_node2/share/urg_node2/package.dsv
[44.434s] -- Installing: /home/asis/hokuyo_ws/src/install/urg_node2/share/ament_index/resource_index/packages/urg_node2
[44.435s] -- Installing: /home/asis/hokuyo_ws/src/install/urg_node2/share/ament_index/resource_index/rclcpp_components/urg_node2
[44.435s] -- Installing: /home/asis/hokuyo_ws/src/install/urg_node2/share/urg_node2/cmake/urg_node2Config.cmake
[44.435s] -- Installing: /home/asis/hokuyo_ws/src/install/urg_node2/share/urg_node2/cmake/urg_node2Config-version.cmake
[44.436s] -- Installing: /home/asis/hokuyo_ws/src/install/urg_node2/share/urg_node2/package.xml
[44.450s] Invoked command in '/home/asis/hokuyo_ws/src/build/urg_node2' returned '0': CMAKE_PREFIX_PATH=${CMAKE_PREFIX_PATH}:/opt/ros/humble /usr/bin/cmake --install /home/asis/hokuyo_ws/src/build/urg_node2
