[0.015s] Invoking command in '/home/asis/hokuyo_ws/src/build/nav2_rviz_plugins': AMENT_PREFIX_PATH=/home/asis/hokuyo_ws/src/install/nav2_lifecycle_manager:/home/asis/hokuyo_ws/src/install/nav2_util:/home/asis/hokuyo_ws/src/install/nav2_msgs:/home/asis/hokuyo_ws/src/install/nav2_common:${AMENT_PREFIX_PATH} CMAKE_PREFIX_PATH=/home/asis/hokuyo_ws/src/install/nav2_lifecycle_manager:/home/asis/hokuyo_ws/src/install/nav2_util:/home/asis/hokuyo_ws/src/install/nav2_msgs:/home/asis/hokuyo_ws/src/install/nav2_common:/home/asis/hokuyo_ws/install/urg_node2:/home/asis/hokuyo_ws/install/slam_toolbox:/opt/ros/humble LD_LIBRARY_PATH=/home/asis/hokuyo_ws/src/install/nav2_lifecycle_manager/lib:/home/asis/hokuyo_ws/src/install/nav2_util/lib:/home/asis/hokuyo_ws/src/install/nav2_msgs/lib:${LD_LIBRARY_PATH} PYTHONPATH=/home/asis/hokuyo_ws/src/install/nav2_msgs/local/lib/python3.10/dist-packages:/home/asis/hokuyo_ws/src/install/nav2_common/local/lib/python3.10/dist-packages:${PYTHONPATH} /usr/bin/cmake /home/asis/hokuyo_ws/src/navigation2/nav2_rviz_plugins -DCMAKE_INSTALL_PREFIX=/home/asis/hokuyo_ws/src/install/nav2_rviz_plugins
[0.068s] -- The C compiler identification is GNU 11.4.0
[0.123s] -- The CXX compiler identification is GNU 11.4.0
[0.130s] -- Detecting C compiler ABI info
[0.204s] -- Detecting C compiler ABI info - done
[0.215s] -- Check for working C compiler: /usr/bin/cc - skipped
[0.215s] -- Detecting C compile features
[0.215s] -- Detecting C compile features - done
[0.219s] -- Detecting CXX compiler ABI info
[0.301s] -- Detecting CXX compiler ABI info - done
[0.314s] -- Check for working CXX compiler: /usr/bin/c++ - skipped
[0.315s] -- Detecting CXX compile features
[0.315s] -- Detecting CXX compile features - done
[0.319s] -- Found ament_cmake: 1.3.9 (/opt/ros/humble/share/ament_cmake/cmake)
[0.519s] -- Found Python3: /usr/bin/python3 (found version "3.10.12") found components: Interpreter 
[0.655s] -- Found geometry_msgs: 4.2.3 (/opt/ros/humble/share/geometry_msgs/cmake)
[0.718s] -- Found rosidl_generator_c: 3.1.5 (/opt/ros/humble/share/rosidl_generator_c/cmake)
[0.727s] -- Found rosidl_adapter: 3.1.5 (/opt/ros/humble/share/rosidl_adapter/cmake)
[0.742s] -- Found rosidl_generator_cpp: 3.1.5 (/opt/ros/humble/share/rosidl_generator_cpp/cmake)
[0.766s] -- Using all available rosidl_typesupport_c: rosidl_typesupport_fastrtps_c;rosidl_typesupport_introspection_c
[0.800s] -- Using all available rosidl_typesupport_cpp: rosidl_typesupport_fastrtps_cpp;rosidl_typesupport_introspection_cpp
[1.008s] -- Found nav2_util: 1.1.15 (/home/asis/hokuyo_ws/src/install/nav2_util/share/nav2_util/cmake)
[1.846s] -- Found rmw_implementation_cmake: 6.1.2 (/opt/ros/humble/share/rmw_implementation_cmake/cmake)
[1.851s] -- Found rmw_fastrtps_cpp: 6.2.6 (/opt/ros/humble/share/rmw_fastrtps_cpp/cmake)
[2.037s] -- Found OpenSSL: /usr/lib/x86_64-linux-gnu/libcrypto.so (found version "3.0.2")  
[2.079s] -- Found FastRTPS: /opt/ros/humble/include  
[2.155s] -- Using RMW implementation 'rmw_fastrtps_cpp' as default
[2.174s] -- Looking for pthread.h
[2.346s] -- Looking for pthread.h - found
[2.346s] -- Performing Test CMAKE_HAVE_LIBC_PTHREAD
[2.513s] -- Performing Test CMAKE_HAVE_LIBC_PTHREAD - Success
[2.515s] -- Found Threads: TRUE  
[3.302s] -- Found eigen3_cmake_module: 0.1.1 (/opt/ros/humble/share/eigen3_cmake_module/cmake)
[3.304s] -- Found Eigen3: TRUE (found version "3.4.0") 
[3.305s] -- Ensuring Eigen3 include directory is part of orocos-kdl CMake target
[3.735s] -- Found nav2_lifecycle_manager: 1.1.15 (/home/asis/hokuyo_ws/src/install/nav2_lifecycle_manager/share/nav2_lifecycle_manager/cmake)
[4.615s] -- Found pluginlib: 5.1.0 (/opt/ros/humble/share/pluginlib/cmake)
[4.645s] -- Found rviz_common: 11.2.12 (/opt/ros/humble/share/rviz_common/cmake)
[4.659s] -- Setting OGRE_DIR to: '/opt/ros/humble/share/rviz_ogre_vendor/cmake/../../../opt/rviz_ogre_vendor/lib/OGRE/cmake'
[4.660s] -- Found OGRE
[4.660s] --   static     : OFF
[4.661s] --   components : HLMS;MeshLodGenerator;Overlay;Paging;Property;RTShaderSystem;Terrain;Volume
[4.661s] --   plugins    : Plugin_BSPSceneManager;Plugin_OctreeSceneManager;Plugin_PCZSceneManager;Plugin_ParticleFX;RenderSystem_GL;RenderSystem_GL3Plus;Codec_STBI
[4.661s] --   media      : /opt/ros/humble/opt/rviz_ogre_vendor/share/OGRE/Media
[4.661s] -- OGRE_LIBRARIES: OgreHLMS;OgreMeshLodGenerator;OgreOverlay;OgrePaging;OgreProperty;OgreRTShaderSystem;OgreTerrain;OgreVolume;OgreMain
[4.661s] -- OGRE_LIBRARY_DIRS: /opt/ros/humble/opt/rviz_ogre_vendor/lib
[4.661s] -- OGRE_PLUGINS: Plugin_BSPSceneManager;Plugin_OctreeSceneManager;Plugin_PCZSceneManager;Plugin_ParticleFX;RenderSystem_GL;RenderSystem_GL3Plus;Codec_STBI
[4.661s] -- OGRE_PLUGIN_DIR: /opt/ros/humble/opt/rviz_ogre_vendor/lib/OGRE
[4.661s] -- rviz_ogre_vendor::OgreOverlay for IMPORTED_LOCATION_RELEASE: /opt/ros/humble/opt/rviz_ogre_vendor/lib/libOgreOverlay.so
[4.661s] -- rviz_ogre_vendor::OgreOverlay for IMPORTED_LOCATION_DEBUG: /opt/ros/humble/opt/rviz_ogre_vendor/lib/libOgreOverlay.so
[4.662s] -- rviz_ogre_vendor::OgreMain for IMPORTED_LOCATION_RELEASE: /opt/ros/humble/opt/rviz_ogre_vendor/lib/libOgreMain.so
[4.662s] -- rviz_ogre_vendor::OgreMain for IMPORTED_LOCATION_DEBUG: /opt/ros/humble/opt/rviz_ogre_vendor/lib/libOgreMain.so
[4.679s] -- Found ZLIB: /usr/lib/x86_64-linux-gnu/libz.so (found version "1.2.11") 
[4.684s] -- Found OpenGL: /usr/lib/x86_64-linux-gnu/libOpenGL.so   
[4.789s] -- Found X11: /usr/include   
[4.789s] -- Looking for XOpenDisplay in /usr/lib/x86_64-linux-gnu/libX11.so;/usr/lib/x86_64-linux-gnu/libXext.so
[4.868s] -- Looking for XOpenDisplay in /usr/lib/x86_64-linux-gnu/libX11.so;/usr/lib/x86_64-linux-gnu/libXext.so - found
[4.868s] -- Looking for gethostbyname
[4.951s] -- Looking for gethostbyname - found
[4.951s] -- Looking for connect
[5.023s] -- Looking for connect - found
[5.023s] -- Looking for remove
[5.091s] -- Looking for remove - found
[5.091s] -- Looking for shmat
[5.161s] -- Looking for shmat - found
[5.161s] -- Looking for IceConnectionNumber in ICE
[5.235s] -- Looking for IceConnectionNumber in ICE - found
[5.239s] -- rviz_ogre_vendor::RenderSystem_GL for IMPORTED_LOCATION_RELEASE: _render_system_gl_static_library_abs-NOTFOUND
[5.239s] -- rviz_ogre_vendor::RenderSystem_GL for IMPORTED_LOCATION_DEBUG: _render_system_gl_static_library_abs-NOTFOUND
[5.356s] -- library: /usr/lib/x86_64-linux-gnu/libcurl.so
[5.587s] -- Found rviz_default_plugins: 11.2.12 (/opt/ros/humble/share/rviz_default_plugins/cmake)
[8.180s] -- Found ament_lint_auto: 0.12.11 (/opt/ros/humble/share/ament_lint_auto/cmake)
[8.275s] -- Added test 'copyright' to check source files copyright and LICENSE
[8.277s] -- Added test 'cppcheck' to perform static code analysis on C / C++ code
[8.277s] -- Configured cppcheck include dirs: /home/asis/hokuyo_ws/src/navigation2/nav2_rviz_plugins/include
[8.277s] -- Configured cppcheck exclude dirs and/or files: 
[8.279s] -- Added test 'cpplint' to check C / C++ code against the Google style
[8.279s] -- Configured cpplint exclude dirs and/or files: 
[8.279s] -- Added test 'lint_cmake' to check CMake code style
[8.281s] -- Added test 'uncrustify' to check C / C++ code style
[8.281s] -- Configured uncrustify additional arguments: 
[8.282s] -- Added test 'xmllint' to check XML markup files
[8.284s] -- Configuring done
[8.351s] -- Generating done
[8.353s] -- Build files have been written to: /home/asis/hokuyo_ws/src/build/nav2_rviz_plugins
[8.369s] Invoked command in '/home/asis/hokuyo_ws/src/build/nav2_rviz_plugins' returned '0': AMENT_PREFIX_PATH=/home/asis/hokuyo_ws/src/install/nav2_lifecycle_manager:/home/asis/hokuyo_ws/src/install/nav2_util:/home/asis/hokuyo_ws/src/install/nav2_msgs:/home/asis/hokuyo_ws/src/install/nav2_common:${AMENT_PREFIX_PATH} CMAKE_PREFIX_PATH=/home/asis/hokuyo_ws/src/install/nav2_lifecycle_manager:/home/asis/hokuyo_ws/src/install/nav2_util:/home/asis/hokuyo_ws/src/install/nav2_msgs:/home/asis/hokuyo_ws/src/install/nav2_common:/home/asis/hokuyo_ws/install/urg_node2:/home/asis/hokuyo_ws/install/slam_toolbox:/opt/ros/humble LD_LIBRARY_PATH=/home/asis/hokuyo_ws/src/install/nav2_lifecycle_manager/lib:/home/asis/hokuyo_ws/src/install/nav2_util/lib:/home/asis/hokuyo_ws/src/install/nav2_msgs/lib:${LD_LIBRARY_PATH} PYTHONPATH=/home/asis/hokuyo_ws/src/install/nav2_msgs/local/lib/python3.10/dist-packages:/home/asis/hokuyo_ws/src/install/nav2_common/local/lib/python3.10/dist-packages:${PYTHONPATH} /usr/bin/cmake /home/asis/hokuyo_ws/src/navigation2/nav2_rviz_plugins -DCMAKE_INSTALL_PREFIX=/home/asis/hokuyo_ws/src/install/nav2_rviz_plugins
[8.371s] Invoking command in '/home/asis/hokuyo_ws/src/build/nav2_rviz_plugins': AMENT_PREFIX_PATH=/home/asis/hokuyo_ws/src/install/nav2_lifecycle_manager:/home/asis/hokuyo_ws/src/install/nav2_util:/home/asis/hokuyo_ws/src/install/nav2_msgs:/home/asis/hokuyo_ws/src/install/nav2_common:${AMENT_PREFIX_PATH} CMAKE_PREFIX_PATH=/home/asis/hokuyo_ws/src/install/nav2_lifecycle_manager:/home/asis/hokuyo_ws/src/install/nav2_util:/home/asis/hokuyo_ws/src/install/nav2_msgs:/home/asis/hokuyo_ws/src/install/nav2_common:/home/asis/hokuyo_ws/install/urg_node2:/home/asis/hokuyo_ws/install/slam_toolbox:/opt/ros/humble LD_LIBRARY_PATH=/home/asis/hokuyo_ws/src/install/nav2_lifecycle_manager/lib:/home/asis/hokuyo_ws/src/install/nav2_util/lib:/home/asis/hokuyo_ws/src/install/nav2_msgs/lib:${LD_LIBRARY_PATH} PYTHONPATH=/home/asis/hokuyo_ws/src/install/nav2_msgs/local/lib/python3.10/dist-packages:/home/asis/hokuyo_ws/src/install/nav2_common/local/lib/python3.10/dist-packages:${PYTHONPATH} /usr/bin/cmake --build /home/asis/hokuyo_ws/src/build/nav2_rviz_plugins -- -j8 -l8
[8.424s] [ 14%] [34m[1mAutomatic MOC for target nav2_rviz_plugins[0m
[9.548s] [ 14%] Built target nav2_rviz_plugins_autogen
[9.573s] [ 28%] [32mBuilding CXX object CMakeFiles/nav2_rviz_plugins.dir/nav2_rviz_plugins_autogen/mocs_compilation.cpp.o[0m
[24.406s] [ 42%] [32mBuilding CXX object CMakeFiles/nav2_rviz_plugins.dir/src/particle_cloud_display/particle_cloud_display.cpp.o[0m
[24.409s] [ 57%] [32mBuilding CXX object CMakeFiles/nav2_rviz_plugins.dir/src/particle_cloud_display/flat_weighted_arrows_array.cpp.o[0m
[30.407s] [ 71%] [32mBuilding CXX object CMakeFiles/nav2_rviz_plugins.dir/src/nav2_panel.cpp.o[0m
[39.927s] [ 85%] [32mBuilding CXX object CMakeFiles/nav2_rviz_plugins.dir/src/goal_tool.cpp.o[0m
[60.318s] [100%] [32m[1mLinking CXX shared library libnav2_rviz_plugins.so[0m
[66.717s] [100%] Built target nav2_rviz_plugins
[66.729s] Invoked command in '/home/asis/hokuyo_ws/src/build/nav2_rviz_plugins' returned '0': AMENT_PREFIX_PATH=/home/asis/hokuyo_ws/src/install/nav2_lifecycle_manager:/home/asis/hokuyo_ws/src/install/nav2_util:/home/asis/hokuyo_ws/src/install/nav2_msgs:/home/asis/hokuyo_ws/src/install/nav2_common:${AMENT_PREFIX_PATH} CMAKE_PREFIX_PATH=/home/asis/hokuyo_ws/src/install/nav2_lifecycle_manager:/home/asis/hokuyo_ws/src/install/nav2_util:/home/asis/hokuyo_ws/src/install/nav2_msgs:/home/asis/hokuyo_ws/src/install/nav2_common:/home/asis/hokuyo_ws/install/urg_node2:/home/asis/hokuyo_ws/install/slam_toolbox:/opt/ros/humble LD_LIBRARY_PATH=/home/asis/hokuyo_ws/src/install/nav2_lifecycle_manager/lib:/home/asis/hokuyo_ws/src/install/nav2_util/lib:/home/asis/hokuyo_ws/src/install/nav2_msgs/lib:${LD_LIBRARY_PATH} PYTHONPATH=/home/asis/hokuyo_ws/src/install/nav2_msgs/local/lib/python3.10/dist-packages:/home/asis/hokuyo_ws/src/install/nav2_common/local/lib/python3.10/dist-packages:${PYTHONPATH} /usr/bin/cmake --build /home/asis/hokuyo_ws/src/build/nav2_rviz_plugins -- -j8 -l8
[66.767s] Invoking command in '/home/asis/hokuyo_ws/src/build/nav2_rviz_plugins': AMENT_PREFIX_PATH=/home/asis/hokuyo_ws/src/install/nav2_lifecycle_manager:/home/asis/hokuyo_ws/src/install/nav2_util:/home/asis/hokuyo_ws/src/install/nav2_msgs:/home/asis/hokuyo_ws/src/install/nav2_common:${AMENT_PREFIX_PATH} CMAKE_PREFIX_PATH=/home/asis/hokuyo_ws/src/install/nav2_lifecycle_manager:/home/asis/hokuyo_ws/src/install/nav2_util:/home/asis/hokuyo_ws/src/install/nav2_msgs:/home/asis/hokuyo_ws/src/install/nav2_common:/home/asis/hokuyo_ws/install/urg_node2:/home/asis/hokuyo_ws/install/slam_toolbox:/opt/ros/humble LD_LIBRARY_PATH=/home/asis/hokuyo_ws/src/install/nav2_lifecycle_manager/lib:/home/asis/hokuyo_ws/src/install/nav2_util/lib:/home/asis/hokuyo_ws/src/install/nav2_msgs/lib:${LD_LIBRARY_PATH} PYTHONPATH=/home/asis/hokuyo_ws/src/install/nav2_msgs/local/lib/python3.10/dist-packages:/home/asis/hokuyo_ws/src/install/nav2_common/local/lib/python3.10/dist-packages:${PYTHONPATH} /usr/bin/cmake --install /home/asis/hokuyo_ws/src/build/nav2_rviz_plugins
[66.775s] -- Install configuration: ""
[66.775s] -- Installing: /home/asis/hokuyo_ws/src/install/nav2_rviz_plugins/share/nav2_rviz_plugins/plugins_description.xml
[66.775s] -- Installing: /home/asis/hokuyo_ws/src/install/nav2_rviz_plugins/lib/libnav2_rviz_plugins.so
[66.802s] -- Set runtime path of "/home/asis/hokuyo_ws/src/install/nav2_rviz_plugins/lib/libnav2_rviz_plugins.so" to ""
[66.802s] -- Installing: /home/asis/hokuyo_ws/src/install/nav2_rviz_plugins/include/
[66.802s] -- Installing: /home/asis/hokuyo_ws/src/install/nav2_rviz_plugins/include//nav2_rviz_plugins
[66.802s] -- Installing: /home/asis/hokuyo_ws/src/install/nav2_rviz_plugins/include//nav2_rviz_plugins/goal_tool.hpp
[66.803s] -- Installing: /home/asis/hokuyo_ws/src/install/nav2_rviz_plugins/include//nav2_rviz_plugins/goal_pose_updater.hpp
[66.803s] -- Installing: /home/asis/hokuyo_ws/src/install/nav2_rviz_plugins/include//nav2_rviz_plugins/ros_action_qevent.hpp
[66.803s] -- Installing: /home/asis/hokuyo_ws/src/install/nav2_rviz_plugins/include//nav2_rviz_plugins/nav2_panel.hpp
[66.803s] -- Installing: /home/asis/hokuyo_ws/src/install/nav2_rviz_plugins/include//nav2_rviz_plugins/goal_common.hpp
[66.803s] -- Installing: /home/asis/hokuyo_ws/src/install/nav2_rviz_plugins/include//nav2_rviz_plugins/particle_cloud_display
[66.803s] -- Installing: /home/asis/hokuyo_ws/src/install/nav2_rviz_plugins/include//nav2_rviz_plugins/particle_cloud_display/particle_cloud_display.hpp
[66.803s] -- Installing: /home/asis/hokuyo_ws/src/install/nav2_rviz_plugins/include//nav2_rviz_plugins/particle_cloud_display/flat_weighted_arrows_array.hpp
[66.803s] -- Installing: /home/asis/hokuyo_ws/src/install/nav2_rviz_plugins/share/nav2_rviz_plugins/environment/library_path.sh
[66.804s] -- Installing: /home/asis/hokuyo_ws/src/install/nav2_rviz_plugins/share/nav2_rviz_plugins/environment/library_path.dsv
[66.804s] -- Installing: /home/asis/hokuyo_ws/src/install/nav2_rviz_plugins/share/ament_index/resource_index/package_run_dependencies/nav2_rviz_plugins
[66.804s] -- Installing: /home/asis/hokuyo_ws/src/install/nav2_rviz_plugins/share/ament_index/resource_index/parent_prefix_path/nav2_rviz_plugins
[66.804s] -- Installing: /home/asis/hokuyo_ws/src/install/nav2_rviz_plugins/share/nav2_rviz_plugins/environment/ament_prefix_path.sh
[66.804s] -- Installing: /home/asis/hokuyo_ws/src/install/nav2_rviz_plugins/share/nav2_rviz_plugins/environment/ament_prefix_path.dsv
[66.804s] -- Installing: /home/asis/hokuyo_ws/src/install/nav2_rviz_plugins/share/nav2_rviz_plugins/environment/path.sh
[66.804s] -- Installing: /home/asis/hokuyo_ws/src/install/nav2_rviz_plugins/share/nav2_rviz_plugins/environment/path.dsv
[66.804s] -- Installing: /home/asis/hokuyo_ws/src/install/nav2_rviz_plugins/share/nav2_rviz_plugins/local_setup.bash
[66.805s] -- Installing: /home/asis/hokuyo_ws/src/install/nav2_rviz_plugins/share/nav2_rviz_plugins/local_setup.sh
[66.805s] -- Installing: /home/asis/hokuyo_ws/src/install/nav2_rviz_plugins/share/nav2_rviz_plugins/local_setup.zsh
[66.805s] -- Installing: /home/asis/hokuyo_ws/src/install/nav2_rviz_plugins/share/nav2_rviz_plugins/local_setup.dsv
[66.805s] -- Installing: /home/asis/hokuyo_ws/src/install/nav2_rviz_plugins/share/nav2_rviz_plugins/package.dsv
[66.806s] -- Installing: /home/asis/hokuyo_ws/src/install/nav2_rviz_plugins/share/ament_index/resource_index/packages/nav2_rviz_plugins
[66.806s] -- Installing: /home/asis/hokuyo_ws/src/install/nav2_rviz_plugins/share/ament_index/resource_index/rviz_common__pluginlib__plugin/nav2_rviz_plugins
[66.806s] -- Installing: /home/asis/hokuyo_ws/src/install/nav2_rviz_plugins/share/nav2_rviz_plugins/cmake/nav2_rviz_pluginsExport.cmake
[66.806s] -- Installing: /home/asis/hokuyo_ws/src/install/nav2_rviz_plugins/share/nav2_rviz_plugins/cmake/nav2_rviz_pluginsExport-noconfig.cmake
[66.806s] -- Installing: /home/asis/hokuyo_ws/src/install/nav2_rviz_plugins/share/nav2_rviz_plugins/cmake/ament_cmake_export_include_directories-extras.cmake
[66.806s] -- Installing: /home/asis/hokuyo_ws/src/install/nav2_rviz_plugins/share/nav2_rviz_plugins/cmake/ament_cmake_export_targets-extras.cmake
[66.807s] -- Installing: /home/asis/hokuyo_ws/src/install/nav2_rviz_plugins/share/nav2_rviz_plugins/cmake/ament_cmake_export_dependencies-extras.cmake
[66.807s] -- Installing: /home/asis/hokuyo_ws/src/install/nav2_rviz_plugins/share/nav2_rviz_plugins/cmake/nav2_rviz_pluginsConfig.cmake
[66.807s] -- Installing: /home/asis/hokuyo_ws/src/install/nav2_rviz_plugins/share/nav2_rviz_plugins/cmake/nav2_rviz_pluginsConfig-version.cmake
[66.807s] -- Installing: /home/asis/hokuyo_ws/src/install/nav2_rviz_plugins/share/nav2_rviz_plugins/package.xml
[66.809s] Invoked command in '/home/asis/hokuyo_ws/src/build/nav2_rviz_plugins' returned '0': AMENT_PREFIX_PATH=/home/asis/hokuyo_ws/src/install/nav2_lifecycle_manager:/home/asis/hokuyo_ws/src/install/nav2_util:/home/asis/hokuyo_ws/src/install/nav2_msgs:/home/asis/hokuyo_ws/src/install/nav2_common:${AMENT_PREFIX_PATH} CMAKE_PREFIX_PATH=/home/asis/hokuyo_ws/src/install/nav2_lifecycle_manager:/home/asis/hokuyo_ws/src/install/nav2_util:/home/asis/hokuyo_ws/src/install/nav2_msgs:/home/asis/hokuyo_ws/src/install/nav2_common:/home/asis/hokuyo_ws/install/urg_node2:/home/asis/hokuyo_ws/install/slam_toolbox:/opt/ros/humble LD_LIBRARY_PATH=/home/asis/hokuyo_ws/src/install/nav2_lifecycle_manager/lib:/home/asis/hokuyo_ws/src/install/nav2_util/lib:/home/asis/hokuyo_ws/src/install/nav2_msgs/lib:${LD_LIBRARY_PATH} PYTHONPATH=/home/asis/hokuyo_ws/src/install/nav2_msgs/local/lib/python3.10/dist-packages:/home/asis/hokuyo_ws/src/install/nav2_common/local/lib/python3.10/dist-packages:${PYTHONPATH} /usr/bin/cmake --install /home/asis/hokuyo_ws/src/build/nav2_rviz_plugins
