[0.019s] Invoking command in '/home/asis/hokuyo_ws/src/build/behaviortree_cpp_v3': CMAKE_PREFIX_PATH=${CMAKE_PREFIX_PATH}:/opt/ros/humble /usr/bin/cmake /home/asis/hokuyo_ws/src/BehaviorTree.CPP -DCMAKE_INSTALL_PREFIX=/home/asis/hokuyo_ws/src/install/behaviortree_cpp_v3
[0.076s] -- The C compiler identification is GNU 11.4.0
[0.148s] -- The CXX compiler identification is GNU 11.4.0
[0.159s] -- Detecting C compiler ABI info
[0.238s] -- Detecting C compiler ABI info - done
[0.252s] -- Check for working C compiler: /usr/bin/cc - skipped
[0.252s] -- Detecting C compile features
[0.253s] -- Detecting C compile features - done
[0.257s] -- Detecting CXX compiler ABI info
[0.358s] -- Detecting CXX compiler ABI info - done
[0.371s] -- Check for working CXX compiler: /usr/bin/c++ - skipped
[0.371s] -- Detecting CXX compile features
[0.372s] -- Detecting CXX compile features - done
[0.593s] -- Found boost::coroutine2.
[0.594s] -- Found Threads: TRUE  
[0.602s] -- Found ZMQ: /usr/lib/x86_64-linux-gnu/libzmq.so  
[0.602s] -- ZeroMQ: found.
[0.751s] -- Found Python3: /usr/bin/python3 (found version "3.10.12") found components: Interpreter 
[0.849s] -- ------------------------------------------
[0.849s] -- BehaviourTree is being built using AMENT.
[0.849s] -- ------------------------------------------
[0.865s] [33mCMake Warning at CMakeLists.txt:164 (message):
[0.865s]   NCurses NOT found.  Skipping the build of manual selector node.
[0.865s] 
[0.865s] [0m
[0.867s] -- Found ament_index_cpp: 1.4.0 (/opt/ros/humble/share/ament_index_cpp/cmake)
[0.941s] -- BEHAVIOR_TREE_LIB_DESTINATION:   lib 
[0.942s] -- BEHAVIOR_TREE_BIN_DESTINATION:   bin 
[0.942s] -- BUILD_UNIT_TESTS:   ON 
[0.945s] -- Found ament_cmake_gtest: 1.3.9 (/opt/ros/humble/share/ament_cmake_gtest/cmake)
[0.947s] -- Found gtest sources under '/opt/ros/humble/src/gtest_vendor': C++ tests using 'Google Test' will be built
[0.954s] -- Configuring done
[1.035s] -- Generating done
[1.040s] -- Build files have been written to: /home/asis/hokuyo_ws/src/build/behaviortree_cpp_v3
[1.058s] Invoked command in '/home/asis/hokuyo_ws/src/build/behaviortree_cpp_v3' returned '0': CMAKE_PREFIX_PATH=${CMAKE_PREFIX_PATH}:/opt/ros/humble /usr/bin/cmake /home/asis/hokuyo_ws/src/BehaviorTree.CPP -DCMAKE_INSTALL_PREFIX=/home/asis/hokuyo_ws/src/install/behaviortree_cpp_v3
[1.060s] Invoking command in '/home/asis/hokuyo_ws/src/build/behaviortree_cpp_v3': CMAKE_PREFIX_PATH=${CMAKE_PREFIX_PATH}:/opt/ros/humble /usr/bin/cmake --build /home/asis/hokuyo_ws/src/build/behaviortree_cpp_v3 -- -j8 -l8
[1.129s] [  1%] [32mBuilding CXX object CMakeFiles/behaviortree_cpp_v3.dir/src/basic_types.cpp.o[0m
[1.130s] [  2%] [32mBuilding CXX object CMakeFiles/behaviortree_cpp_v3.dir/src/action_node.cpp.o[0m
[1.131s] [  3%] [32mBuilding CXX object CMakeFiles/behaviortree_cpp_v3.dir/src/loggers/bt_zmq_publisher.cpp.o[0m
[1.133s] [  4%] [32mBuilding CXX object gtest/CMakeFiles/gtest_main.dir/src/gtest_main.cc.o[0m
[1.142s] [  5%] [32mBuilding CXX object CMakeFiles/behaviortree_cpp_v3.dir/src/blackboard.cpp.o[0m
[1.150s] [  6%] [32mBuilding CXX object gtest/CMakeFiles/gtest.dir/src/gtest-all.cc.o[0m
[1.162s] [  7%] [32mBuilding CXX object CMakeFiles/behaviortree_cpp_v3.dir/src/behavior_tree.cpp.o[0m
[1.188s] [  8%] [32mBuilding CXX object CMakeFiles/behaviortree_cpp_v3.dir/src/bt_factory.cpp.o[0m
[2.402s] [  9%] [32m[1mLinking CXX static library libgtest_main.a[0m
[2.581s] [  9%] Built target gtest_main
[2.611s] [ 10%] [32mBuilding CXX object CMakeFiles/behaviortree_cpp_v3.dir/src/decorator_node.cpp.o[0m
[2.721s] [ 11%] [32mBuilding CXX object CMakeFiles/behaviortree_cpp_v3.dir/src/condition_node.cpp.o[0m
[3.105s] [ 12%] [32mBuilding CXX object CMakeFiles/behaviortree_cpp_v3.dir/src/control_node.cpp.o[0m
[4.045s] [ 13%] [32mBuilding CXX object CMakeFiles/behaviortree_cpp_v3.dir/src/shared_library.cpp.o[0m
[4.285s] [ 14%] [32mBuilding CXX object CMakeFiles/behaviortree_cpp_v3.dir/src/tree_node.cpp.o[0m
[4.526s] [ 15%] [32mBuilding CXX object CMakeFiles/behaviortree_cpp_v3.dir/src/xml_parsing.cpp.o[0m
[5.108s] [ 16%] [32mBuilding CXX object CMakeFiles/behaviortree_cpp_v3.dir/src/decorators/inverter_node.cpp.o[0m
[5.363s] [ 17%] [32mBuilding CXX object CMakeFiles/behaviortree_cpp_v3.dir/src/decorators/repeat_node.cpp.o[0m
[5.790s] [ 18%] [32mBuilding CXX object CMakeFiles/behaviortree_cpp_v3.dir/src/decorators/retry_node.cpp.o[0m
[6.795s] [ 19%] [32mBuilding CXX object CMakeFiles/behaviortree_cpp_v3.dir/src/decorators/subtree_node.cpp.o[0m
[7.772s] [ 20%] [32mBuilding CXX object CMakeFiles/behaviortree_cpp_v3.dir/src/decorators/delay_node.cpp.o[0m
[9.390s] [ 21%] [32mBuilding CXX object CMakeFiles/behaviortree_cpp_v3.dir/src/controls/if_then_else_node.cpp.o[0m
[10.262s] [ 22%] [32mBuilding CXX object CMakeFiles/behaviortree_cpp_v3.dir/src/controls/fallback_node.cpp.o[0m
[10.520s] [ 23%] [32mBuilding CXX object CMakeFiles/behaviortree_cpp_v3.dir/src/controls/parallel_node.cpp.o[0m
[10.624s] [ 24%] [32mBuilding CXX object CMakeFiles/behaviortree_cpp_v3.dir/src/controls/reactive_sequence.cpp.o[0m
[13.957s] [ 25%] [32mBuilding CXX object CMakeFiles/behaviortree_cpp_v3.dir/src/controls/reactive_fallback.cpp.o[0m
[14.255s] [ 26%] [32mBuilding CXX object CMakeFiles/behaviortree_cpp_v3.dir/src/controls/sequence_node.cpp.o[0m
[14.497s] [ 27%] [32mBuilding CXX object CMakeFiles/behaviortree_cpp_v3.dir/src/controls/sequence_star_node.cpp.o[0m
[14.521s] [ 28%] [32mBuilding CXX object CMakeFiles/behaviortree_cpp_v3.dir/src/controls/switch_node.cpp.o[0m
[14.558s] [ 29%] [32mBuilding CXX object CMakeFiles/behaviortree_cpp_v3.dir/src/controls/while_do_else_node.cpp.o[0m
[15.146s] [ 30%] [32mBuilding CXX object CMakeFiles/behaviortree_cpp_v3.dir/src/loggers/bt_cout_logger.cpp.o[0m
[15.952s] [ 31%] [32mBuilding CXX object CMakeFiles/behaviortree_cpp_v3.dir/src/loggers/bt_file_logger.cpp.o[0m
[16.226s] [ 32%] [32m[1mLinking CXX static library libgtest.a[0m
[16.678s] [ 32%] Built target gtest
[16.723s] [ 34%] [32mBuilding CXX object CMakeFiles/behaviortree_cpp_v3.dir/src/loggers/bt_minitrace_logger.cpp.o[0m
[16.789s] [ 35%] [32mBuilding CXX object CMakeFiles/behaviortree_cpp_v3.dir/3rdparty/tinyxml2/tinyxml2.cpp.o[0m
[17.003s] [ 36%] [32mBuilding CXX object CMakeFiles/behaviortree_cpp_v3.dir/3rdparty/minitrace/minitrace.cpp.o[0m
[17.181s] [ 37%] [32mBuilding CXX object CMakeFiles/behaviortree_cpp_v3.dir/src/shared_library_UNIX.cpp.o[0m
[20.516s] [ 38%] [32m[1mLinking CXX shared library libbehaviortree_cpp_v3.so[0m
[21.546s] [ 38%] Built target behaviortree_cpp_v3
[21.658s] [ 39%] [32mBuilding CXX object sample_nodes/CMakeFiles/bt_sample_nodes.dir/crossdoor_nodes.cpp.o[0m
[21.671s] [ 40%] [32mBuilding CXX object sample_nodes/CMakeFiles/movebase_node_dyn.dir/movebase_node.cpp.o[0m
[21.681s] [ 42%] [32mBuilding CXX object sample_nodes/CMakeFiles/bt_sample_nodes.dir/movebase_node.cpp.o[0m
[21.681s] [ 42%] [32mBuilding CXX object sample_nodes/CMakeFiles/bt_sample_nodes.dir/dummy_nodes.cpp.o[0m
[21.698s] [ 43%] [32mBuilding CXX object sample_nodes/CMakeFiles/crossdoor_nodes_dyn.dir/crossdoor_nodes.cpp.o[0m
[21.702s] [ 44%] [32mBuilding CXX object sample_nodes/CMakeFiles/dummy_nodes_dyn.dir/dummy_nodes.cpp.o[0m
[21.713s] [ 45%] [32mBuilding CXX object tools/CMakeFiles/bt3_recorder.dir/bt_recorder.cpp.o[0m
[21.745s] [ 46%] [32mBuilding CXX object tools/CMakeFiles/bt3_log_cat.dir/bt_log_cat.cpp.o[0m
[23.383s] [ 47%] [32m[1mLinking CXX executable bt3_log_cat[0m
[23.720s] [ 48%] [32m[1mLinking CXX executable bt3_recorder[0m
[23.782s] [ 48%] Built target bt3_log_cat
[23.947s] [ 49%] [32mBuilding CXX object tools/CMakeFiles/bt3_plugin_manifest.dir/bt_plugin_manifest.cpp.o[0m
[24.017s] [ 49%] Built target bt3_recorder
[24.064s] [ 50%] [32mBuilding CXX object examples/CMakeFiles/t01_first_tree_dynamic.dir/t01_build_your_first_tree.cpp.o[0m
[24.601s] [ 51%] [32m[1mLinking CXX shared library bin/libcrossdoor_nodes_dyn.so[0m
[25.212s] [ 51%] Built target crossdoor_nodes_dyn
[25.518s] [ 52%] [32m[1mLinking CXX shared library bin/libmovebase_node_dyn.so[0m
[25.975s] [ 53%] [32m[1mLinking CXX shared library bin/libdummy_nodes_dyn.so[0m
[26.003s] [ 53%] Built target movebase_node_dyn
[26.082s] [ 54%] [32m[1mLinking CXX executable t01_first_tree_dynamic[0m
[26.221s] [ 54%] Built target dummy_nodes_dyn
[26.299s] [ 55%] [32m[1mLinking CXX static library lib/libbt_sample_nodes.a[0m
[26.311s] [ 55%] Built target t01_first_tree_dynamic
[26.497s] [ 55%] Built target bt_sample_nodes
[26.630s] [ 56%] [32mBuilding CXX object tests/CMakeFiles/behaviortree_cpp_v3_test.dir/src/action_test_node.cpp.o[0m
[26.660s] [ 57%] [32mBuilding CXX object examples/CMakeFiles/t01_first_tree_static.dir/t01_build_your_first_tree.cpp.o[0m
[26.868s] [ 58%] [32m[1mLinking CXX executable bt3_plugin_manifest[0m
[27.313s] [ 58%] Built target bt3_plugin_manifest
[28.186s] [ 59%] [32mBuilding CXX object tests/CMakeFiles/behaviortree_cpp_v3_test.dir/src/condition_test_node.cpp.o[0m
[29.079s] [ 60%] [32m[1mLinking CXX executable t01_first_tree_static[0m
[29.381s] [ 60%] Built target t01_first_tree_static
[29.414s] [ 61%] [32mBuilding CXX object tests/CMakeFiles/behaviortree_cpp_v3_test.dir/gtest_tree.cpp.o[0m
[31.463s] [ 62%] [32mBuilding CXX object tests/CMakeFiles/behaviortree_cpp_v3_test.dir/gtest_sequence.cpp.o[0m
[33.403s] [ 63%] [32mBuilding CXX object tests/CMakeFiles/behaviortree_cpp_v3_test.dir/gtest_parallel.cpp.o[0m
[35.079s] [ 64%] [32mBuilding CXX object tests/CMakeFiles/behaviortree_cpp_v3_test.dir/gtest_fallback.cpp.o[0m
[37.418s] [ 65%] [32mBuilding CXX object examples/CMakeFiles/t08_additional_node_args.dir/t08_additional_node_args.cpp.o[0m
[37.572s] [ 67%] [32mBuilding CXX object tests/CMakeFiles/behaviortree_cpp_v3_test.dir/gtest_factory.cpp.o[0m
[38.535s] [ 68%] [32mBuilding CXX object examples/CMakeFiles/t07_load_multiple_xml.dir/t07_load_multiple_xml.cpp.o[0m
[39.519s] [ 69%] [32m[1mLinking CXX executable t08_additional_node_args[0m
[39.575s] [ 70%] [32mBuilding CXX object examples/CMakeFiles/t06_subtree_port_remapping.dir/t06_subtree_port_remapping.cpp.o[0m
[39.911s] [ 70%] Built target t08_additional_node_args
[39.956s] [ 71%] [32mBuilding CXX object tests/CMakeFiles/behaviortree_cpp_v3_test.dir/gtest_decorator.cpp.o[0m
[39.997s] [ 72%] [32mBuilding CXX object examples/CMakeFiles/t05_crossdoor.dir/t05_crossdoor.cpp.o[0m
[40.084s] [ 73%] [32mBuilding CXX object examples/CMakeFiles/t04_reactive_sequence.dir/t04_reactive_sequence.cpp.o[0m
[41.050s] [ 74%] [32m[1mLinking CXX executable t07_load_multiple_xml[0m
[41.176s] [ 75%] [32mBuilding CXX object examples/CMakeFiles/t03_generic_ports.dir/t03_generic_ports.cpp.o[0m
[41.429s] [ 76%] [32mBuilding CXX object tests/CMakeFiles/behaviortree_cpp_v3_test.dir/gtest_blackboard.cpp.o[0m
[41.515s] [ 76%] Built target t07_load_multiple_xml
[41.637s] [ 77%] [32mBuilding CXX object examples/CMakeFiles/t02_basic_ports.dir/t02_basic_ports.cpp.o[0m
[42.390s] [ 78%] [32m[1mLinking CXX executable t05_crossdoor[0m
[42.586s] [ 79%] [32m[1mLinking CXX executable t06_subtree_port_remapping[0m
[42.999s] [ 79%] Built target t05_crossdoor
[43.379s] [ 79%] Built target t06_subtree_port_remapping
[43.711s] [ 80%] [32m[1mLinking CXX executable t04_reactive_sequence[0m
[44.210s] [ 80%] Built target t04_reactive_sequence
[44.374s] [ 81%] [32m[1mLinking CXX executable t03_generic_ports[0m
[44.594s] [ 81%] Built target t03_generic_ports
[44.703s] [ 82%] [32m[1mLinking CXX executable t02_basic_ports[0m
[44.880s] [ 82%] Built target t02_basic_ports
[45.256s] [ 83%] [32mBuilding CXX object tests/CMakeFiles/behaviortree_cpp_v3_test.dir/gtest_reactive.cpp.o[0m
[46.599s] [ 84%] [32mBuilding CXX object tests/CMakeFiles/behaviortree_cpp_v3_test.dir/navigation_test.cpp.o[0m
[48.509s] [ 85%] [32mBuilding CXX object tests/CMakeFiles/behaviortree_cpp_v3_test.dir/gtest_subtree.cpp.o[0m
[50.471s] [ 86%] [32mBuilding CXX object tests/CMakeFiles/behaviortree_cpp_v3_test.dir/gtest_switch.cpp.o[0m
[52.050s] [ 87%] [32mBuilding CXX object tests/CMakeFiles/behaviortree_cpp_v3_test.dir/gtest_wakeup.cpp.o[0m
[53.888s] [ 89%] [32mBuilding CXX object tests/CMakeFiles/behaviortree_cpp_v3_test.dir/gtest_ports.cpp.o[0m
[53.888s] [ 89%] [32mBuilding CXX object tests/CMakeFiles/behaviortree_cpp_v3_test.dir/gtest_logger_zmq.cpp.o[0m
[55.917s] [ 90%] [32mBuilding CXX object tests/CMakeFiles/behaviortree_cpp_v3_test.dir/gtest_blackboard_precondition.cpp.o[0m
[58.137s] [ 91%] [32m[1mLinking CXX executable behaviortree_cpp_v3_test[0m
[59.233s] [ 91%] Built target behaviortree_cpp_v3_test
[59.379s] [ 92%] [32mBuilding CXX object examples/CMakeFiles/ex04_waypoints.dir/ex04_waypoints.cpp.o[0m
[59.399s] [ 93%] [32mBuilding CXX object examples/CMakeFiles/ex03_ncurses_manual_selector.dir/ex03_ncurses_manual_selector.cpp.o[0m
[61.695s] [ 94%] [32m[1mLinking CXX executable ex03_ncurses_manual_selector[0m
[61.948s] [ 94%] Built target ex03_ncurses_manual_selector
[61.977s] [ 95%] [32mBuilding CXX object examples/CMakeFiles/ex02_runtime_ports.dir/ex02_runtime_ports.cpp.o[0m
[62.575s] [ 96%] [32m[1mLinking CXX executable ex04_waypoints[0m
[62.812s] [ 96%] Built target ex04_waypoints
[62.841s] [ 97%] [32mBuilding CXX object examples/CMakeFiles/ex01_wrap_legacy.dir/ex01_wrap_legacy.cpp.o[0m
[63.958s] [ 98%] [32m[1mLinking CXX executable ex02_runtime_ports[0m
[64.198s] [ 98%] Built target ex02_runtime_ports
[64.623s] [100%] [32m[1mLinking CXX executable ex01_wrap_legacy[0m
[64.820s] [100%] Built target ex01_wrap_legacy
[64.835s] Invoked command in '/home/asis/hokuyo_ws/src/build/behaviortree_cpp_v3' returned '0': CMAKE_PREFIX_PATH=${CMAKE_PREFIX_PATH}:/opt/ros/humble /usr/bin/cmake --build /home/asis/hokuyo_ws/src/build/behaviortree_cpp_v3 -- -j8 -l8
[64.958s] Invoking command in '/home/asis/hokuyo_ws/src/build/behaviortree_cpp_v3': CMAKE_PREFIX_PATH=${CMAKE_PREFIX_PATH}:/opt/ros/humble /usr/bin/cmake --install /home/asis/hokuyo_ws/src/build/behaviortree_cpp_v3
[64.965s] -- Install configuration: ""
[64.965s] -- Installing: /home/asis/hokuyo_ws/src/install/behaviortree_cpp_v3/share/behaviortree_cpp_v3/environment/library_path.sh
[64.965s] -- Installing: /home/asis/hokuyo_ws/src/install/behaviortree_cpp_v3/share/behaviortree_cpp_v3/environment/library_path.dsv
[64.966s] -- Installing: /home/asis/hokuyo_ws/src/install/behaviortree_cpp_v3/share/ament_index/resource_index/package_run_dependencies/behaviortree_cpp_v3
[64.966s] -- Installing: /home/asis/hokuyo_ws/src/install/behaviortree_cpp_v3/share/ament_index/resource_index/parent_prefix_path/behaviortree_cpp_v3
[64.966s] -- Installing: /home/asis/hokuyo_ws/src/install/behaviortree_cpp_v3/share/behaviortree_cpp_v3/environment/ament_prefix_path.sh
[64.966s] -- Installing: /home/asis/hokuyo_ws/src/install/behaviortree_cpp_v3/share/behaviortree_cpp_v3/environment/ament_prefix_path.dsv
[64.966s] -- Installing: /home/asis/hokuyo_ws/src/install/behaviortree_cpp_v3/share/behaviortree_cpp_v3/environment/path.sh
[64.967s] -- Installing: /home/asis/hokuyo_ws/src/install/behaviortree_cpp_v3/share/behaviortree_cpp_v3/environment/path.dsv
[64.967s] -- Installing: /home/asis/hokuyo_ws/src/install/behaviortree_cpp_v3/share/behaviortree_cpp_v3/local_setup.bash
[64.967s] -- Installing: /home/asis/hokuyo_ws/src/install/behaviortree_cpp_v3/share/behaviortree_cpp_v3/local_setup.sh
[64.967s] -- Installing: /home/asis/hokuyo_ws/src/install/behaviortree_cpp_v3/share/behaviortree_cpp_v3/local_setup.zsh
[64.967s] -- Installing: /home/asis/hokuyo_ws/src/install/behaviortree_cpp_v3/share/behaviortree_cpp_v3/local_setup.dsv
[64.967s] -- Installing: /home/asis/hokuyo_ws/src/install/behaviortree_cpp_v3/share/behaviortree_cpp_v3/package.dsv
[64.968s] -- Installing: /home/asis/hokuyo_ws/src/install/behaviortree_cpp_v3/share/ament_index/resource_index/packages/behaviortree_cpp_v3
[64.968s] -- Installing: /home/asis/hokuyo_ws/src/install/behaviortree_cpp_v3/share/behaviortree_cpp_v3/cmake/behaviortree_cpp_v3TargetsExport.cmake
[64.968s] -- Installing: /home/asis/hokuyo_ws/src/install/behaviortree_cpp_v3/share/behaviortree_cpp_v3/cmake/behaviortree_cpp_v3TargetsExport-noconfig.cmake
[64.968s] -- Installing: /home/asis/hokuyo_ws/src/install/behaviortree_cpp_v3/share/behaviortree_cpp_v3/cmake/ament_cmake_export_dependencies-extras.cmake
[64.968s] -- Installing: /home/asis/hokuyo_ws/src/install/behaviortree_cpp_v3/share/behaviortree_cpp_v3/cmake/ament_cmake_export_include_directories-extras.cmake
[64.968s] -- Installing: /home/asis/hokuyo_ws/src/install/behaviortree_cpp_v3/share/behaviortree_cpp_v3/cmake/ament_cmake_export_libraries-extras.cmake
[64.968s] -- Installing: /home/asis/hokuyo_ws/src/install/behaviortree_cpp_v3/share/behaviortree_cpp_v3/cmake/ament_cmake_export_targets-extras.cmake
[64.969s] -- Installing: /home/asis/hokuyo_ws/src/install/behaviortree_cpp_v3/share/behaviortree_cpp_v3/cmake/behaviortree_cpp_v3Config.cmake
[64.969s] -- Installing: /home/asis/hokuyo_ws/src/install/behaviortree_cpp_v3/share/behaviortree_cpp_v3/cmake/behaviortree_cpp_v3Config-version.cmake
[64.969s] -- Installing: /home/asis/hokuyo_ws/src/install/behaviortree_cpp_v3/share/behaviortree_cpp_v3/package.xml
[64.969s] -- Installing: /home/asis/hokuyo_ws/src/install/behaviortree_cpp_v3/include
[64.969s] -- Installing: /home/asis/hokuyo_ws/src/install/behaviortree_cpp_v3/include/behaviortree_cpp_v3
[64.970s] -- Installing: /home/asis/hokuyo_ws/src/install/behaviortree_cpp_v3/include/behaviortree_cpp_v3/bt_factory.h
[64.970s] -- Installing: /home/asis/hokuyo_ws/src/install/behaviortree_cpp_v3/include/behaviortree_cpp_v3/condition_node.h
[64.970s] -- Installing: /home/asis/hokuyo_ws/src/install/behaviortree_cpp_v3/include/behaviortree_cpp_v3/controls
[64.970s] -- Installing: /home/asis/hokuyo_ws/src/install/behaviortree_cpp_v3/include/behaviortree_cpp_v3/controls/sequence_node.h
[64.970s] -- Installing: /home/asis/hokuyo_ws/src/install/behaviortree_cpp_v3/include/behaviortree_cpp_v3/controls/if_then_else_node.h
[64.970s] -- Installing: /home/asis/hokuyo_ws/src/install/behaviortree_cpp_v3/include/behaviortree_cpp_v3/controls/switch_node.h
[64.970s] -- Installing: /home/asis/hokuyo_ws/src/install/behaviortree_cpp_v3/include/behaviortree_cpp_v3/controls/sequence_star_node.h
[64.970s] -- Installing: /home/asis/hokuyo_ws/src/install/behaviortree_cpp_v3/include/behaviortree_cpp_v3/controls/parallel_node.h
[64.970s] -- Installing: /home/asis/hokuyo_ws/src/install/behaviortree_cpp_v3/include/behaviortree_cpp_v3/controls/manual_node.h
[64.970s] -- Installing: /home/asis/hokuyo_ws/src/install/behaviortree_cpp_v3/include/behaviortree_cpp_v3/controls/reactive_fallback.h
[64.971s] -- Installing: /home/asis/hokuyo_ws/src/install/behaviortree_cpp_v3/include/behaviortree_cpp_v3/controls/reactive_sequence.h
[64.971s] -- Installing: /home/asis/hokuyo_ws/src/install/behaviortree_cpp_v3/include/behaviortree_cpp_v3/controls/while_do_else_node.h
[64.971s] -- Installing: /home/asis/hokuyo_ws/src/install/behaviortree_cpp_v3/include/behaviortree_cpp_v3/controls/fallback_node.h
[64.971s] -- Installing: /home/asis/hokuyo_ws/src/install/behaviortree_cpp_v3/include/behaviortree_cpp_v3/behavior_tree.h
[64.971s] -- Installing: /home/asis/hokuyo_ws/src/install/behaviortree_cpp_v3/include/behaviortree_cpp_v3/blackboard.h
[64.971s] -- Installing: /home/asis/hokuyo_ws/src/install/behaviortree_cpp_v3/include/behaviortree_cpp_v3/bt_parser.h
[64.971s] -- Installing: /home/asis/hokuyo_ws/src/install/behaviortree_cpp_v3/include/behaviortree_cpp_v3/tree_node.h
[64.971s] -- Installing: /home/asis/hokuyo_ws/src/install/behaviortree_cpp_v3/include/behaviortree_cpp_v3/leaf_node.h
[64.971s] -- Installing: /home/asis/hokuyo_ws/src/install/behaviortree_cpp_v3/include/behaviortree_cpp_v3/basic_types.h
[64.972s] -- Installing: /home/asis/hokuyo_ws/src/install/behaviortree_cpp_v3/include/behaviortree_cpp_v3/flatbuffers
[64.972s] -- Installing: /home/asis/hokuyo_ws/src/install/behaviortree_cpp_v3/include/behaviortree_cpp_v3/flatbuffers/flatbuffers.h
[64.972s] -- Installing: /home/asis/hokuyo_ws/src/install/behaviortree_cpp_v3/include/behaviortree_cpp_v3/flatbuffers/base.h
[64.972s] -- Installing: /home/asis/hokuyo_ws/src/install/behaviortree_cpp_v3/include/behaviortree_cpp_v3/flatbuffers/bt_flatbuffer_helper.h
[64.972s] -- Installing: /home/asis/hokuyo_ws/src/install/behaviortree_cpp_v3/include/behaviortree_cpp_v3/flatbuffers/BT_logger_generated.h
[64.972s] -- Installing: /home/asis/hokuyo_ws/src/install/behaviortree_cpp_v3/include/behaviortree_cpp_v3/flatbuffers/stl_emulation.h
[64.972s] -- Installing: /home/asis/hokuyo_ws/src/install/behaviortree_cpp_v3/include/behaviortree_cpp_v3/utils
[64.972s] -- Installing: /home/asis/hokuyo_ws/src/install/behaviortree_cpp_v3/include/behaviortree_cpp_v3/utils/platform.hpp
[64.973s] -- Installing: /home/asis/hokuyo_ws/src/install/behaviortree_cpp_v3/include/behaviortree_cpp_v3/utils/shared_library.h
[64.973s] -- Installing: /home/asis/hokuyo_ws/src/install/behaviortree_cpp_v3/include/behaviortree_cpp_v3/utils/signal.h
[64.973s] -- Installing: /home/asis/hokuyo_ws/src/install/behaviortree_cpp_v3/include/behaviortree_cpp_v3/utils/strcat.hpp
[64.973s] -- Installing: /home/asis/hokuyo_ws/src/install/behaviortree_cpp_v3/include/behaviortree_cpp_v3/utils/safe_any.hpp
[64.973s] -- Installing: /home/asis/hokuyo_ws/src/install/behaviortree_cpp_v3/include/behaviortree_cpp_v3/utils/demangle_util.h
[64.973s] -- Installing: /home/asis/hokuyo_ws/src/install/behaviortree_cpp_v3/include/behaviortree_cpp_v3/utils/simple_string.hpp
[64.973s] -- Installing: /home/asis/hokuyo_ws/src/install/behaviortree_cpp_v3/include/behaviortree_cpp_v3/utils/wakeup_signal.hpp
[64.973s] -- Installing: /home/asis/hokuyo_ws/src/install/behaviortree_cpp_v3/include/behaviortree_cpp_v3/utils/make_unique.hpp
[64.973s] -- Installing: /home/asis/hokuyo_ws/src/install/behaviortree_cpp_v3/include/behaviortree_cpp_v3/utils/expected.hpp
[64.974s] -- Installing: /home/asis/hokuyo_ws/src/install/behaviortree_cpp_v3/include/behaviortree_cpp_v3/utils/any.hpp
[64.974s] -- Installing: /home/asis/hokuyo_ws/src/install/behaviortree_cpp_v3/include/behaviortree_cpp_v3/utils/string_view.hpp
[64.974s] -- Installing: /home/asis/hokuyo_ws/src/install/behaviortree_cpp_v3/include/behaviortree_cpp_v3/utils/convert_impl.hpp
[64.974s] -- Installing: /home/asis/hokuyo_ws/src/install/behaviortree_cpp_v3/include/behaviortree_cpp_v3/action_node.h
[64.974s] -- Installing: /home/asis/hokuyo_ws/src/install/behaviortree_cpp_v3/include/behaviortree_cpp_v3/exceptions.h
[64.974s] -- Installing: /home/asis/hokuyo_ws/src/install/behaviortree_cpp_v3/include/behaviortree_cpp_v3/actions
[64.974s] -- Installing: /home/asis/hokuyo_ws/src/install/behaviortree_cpp_v3/include/behaviortree_cpp_v3/actions/always_success_node.h
[64.974s] -- Installing: /home/asis/hokuyo_ws/src/install/behaviortree_cpp_v3/include/behaviortree_cpp_v3/actions/set_blackboard_node.h
[64.974s] -- Installing: /home/asis/hokuyo_ws/src/install/behaviortree_cpp_v3/include/behaviortree_cpp_v3/actions/always_failure_node.h
[64.974s] -- Installing: /home/asis/hokuyo_ws/src/install/behaviortree_cpp_v3/include/behaviortree_cpp_v3/actions/pop_from_queue.hpp
[64.975s] -- Installing: /home/asis/hokuyo_ws/src/install/behaviortree_cpp_v3/include/behaviortree_cpp_v3/control_node.h
[64.975s] -- Installing: /home/asis/hokuyo_ws/src/install/behaviortree_cpp_v3/include/behaviortree_cpp_v3/xml_parsing.h
[64.975s] -- Installing: /home/asis/hokuyo_ws/src/install/behaviortree_cpp_v3/include/behaviortree_cpp_v3/decorators
[64.975s] -- Installing: /home/asis/hokuyo_ws/src/install/behaviortree_cpp_v3/include/behaviortree_cpp_v3/decorators/force_failure_node.h
[64.975s] -- Installing: /home/asis/hokuyo_ws/src/install/behaviortree_cpp_v3/include/behaviortree_cpp_v3/decorators/force_success_node.h
[64.975s] -- Installing: /home/asis/hokuyo_ws/src/install/behaviortree_cpp_v3/include/behaviortree_cpp_v3/decorators/delay_node.h
[64.975s] -- Installing: /home/asis/hokuyo_ws/src/install/behaviortree_cpp_v3/include/behaviortree_cpp_v3/decorators/consume_queue.h
[64.975s] -- Installing: /home/asis/hokuyo_ws/src/install/behaviortree_cpp_v3/include/behaviortree_cpp_v3/decorators/inverter_node.h
[64.976s] -- Installing: /home/asis/hokuyo_ws/src/install/behaviortree_cpp_v3/include/behaviortree_cpp_v3/decorators/timer_queue.h
[64.976s] -- Installing: /home/asis/hokuyo_ws/src/install/behaviortree_cpp_v3/include/behaviortree_cpp_v3/decorators/timeout_node.h
[64.976s] -- Installing: /home/asis/hokuyo_ws/src/install/behaviortree_cpp_v3/include/behaviortree_cpp_v3/decorators/keep_running_until_failure_node.h
[64.976s] -- Installing: /home/asis/hokuyo_ws/src/install/behaviortree_cpp_v3/include/behaviortree_cpp_v3/decorators/subtree_node.h
[64.976s] -- Installing: /home/asis/hokuyo_ws/src/install/behaviortree_cpp_v3/include/behaviortree_cpp_v3/decorators/blackboard_precondition.h
[64.976s] -- Installing: /home/asis/hokuyo_ws/src/install/behaviortree_cpp_v3/include/behaviortree_cpp_v3/decorators/retry_node.h
[64.976s] -- Installing: /home/asis/hokuyo_ws/src/install/behaviortree_cpp_v3/include/behaviortree_cpp_v3/decorators/repeat_node.h
[64.976s] -- Installing: /home/asis/hokuyo_ws/src/install/behaviortree_cpp_v3/include/behaviortree_cpp_v3/loggers
[64.977s] -- Installing: /home/asis/hokuyo_ws/src/install/behaviortree_cpp_v3/include/behaviortree_cpp_v3/loggers/bt_cout_logger.h
[64.977s] -- Installing: /home/asis/hokuyo_ws/src/install/behaviortree_cpp_v3/include/behaviortree_cpp_v3/loggers/bt_zmq_publisher.h
[64.977s] -- Installing: /home/asis/hokuyo_ws/src/install/behaviortree_cpp_v3/include/behaviortree_cpp_v3/loggers/bt_minitrace_logger.h
[64.977s] -- Installing: /home/asis/hokuyo_ws/src/install/behaviortree_cpp_v3/include/behaviortree_cpp_v3/loggers/abstract_logger.h
[64.977s] -- Installing: /home/asis/hokuyo_ws/src/install/behaviortree_cpp_v3/include/behaviortree_cpp_v3/loggers/bt_file_logger.h
[64.977s] -- Installing: /home/asis/hokuyo_ws/src/install/behaviortree_cpp_v3/include/behaviortree_cpp_v3/decorator_node.h
[64.977s] -- Installing: /home/asis/hokuyo_ws/src/install/behaviortree_cpp_v3/lib/libbehaviortree_cpp_v3.so
[64.988s] -- Set runtime path of "/home/asis/hokuyo_ws/src/install/behaviortree_cpp_v3/lib/libbehaviortree_cpp_v3.so" to ""
[64.988s] -- Installing: /home/asis/hokuyo_ws/src/install/behaviortree_cpp_v3/lib/cmake/behaviortree_cpp_v3/behaviortree_cpp_v3Targets.cmake
[64.989s] -- Installing: /home/asis/hokuyo_ws/src/install/behaviortree_cpp_v3/lib/cmake/behaviortree_cpp_v3/behaviortree_cpp_v3Targets-noconfig.cmake
[64.989s] -- Installing: /home/asis/hokuyo_ws/src/install/behaviortree_cpp_v3/lib/cmake/behaviortree_cpp_v3/behaviortree_cpp_v3Config.cmake
[64.989s] -- Installing: /home/asis/hokuyo_ws/src/install/behaviortree_cpp_v3/bin/bt3_log_cat
[64.989s] -- Set runtime path of "/home/asis/hokuyo_ws/src/install/behaviortree_cpp_v3/bin/bt3_log_cat" to ""
[64.989s] -- Installing: /home/asis/hokuyo_ws/src/install/behaviortree_cpp_v3/bin/bt3_recorder
[64.989s] -- Set runtime path of "/home/asis/hokuyo_ws/src/install/behaviortree_cpp_v3/bin/bt3_recorder" to ""
[64.989s] -- Installing: /home/asis/hokuyo_ws/src/install/behaviortree_cpp_v3/bin/bt3_plugin_manifest
[64.989s] -- Set runtime path of "/home/asis/hokuyo_ws/src/install/behaviortree_cpp_v3/bin/bt3_plugin_manifest" to ""
[64.993s] Invoked command in '/home/asis/hokuyo_ws/src/build/behaviortree_cpp_v3' returned '0': CMAKE_PREFIX_PATH=${CMAKE_PREFIX_PATH}:/opt/ros/humble /usr/bin/cmake --install /home/asis/hokuyo_ws/src/build/behaviortree_cpp_v3
