[0.161s] DEBUG:colcon:Command line arguments: ['/usr/bin/colcon', 'build']
[0.161s] DEBUG:colcon:Parsed command line arguments: Namespace(log_base=None, log_level=None, verb_name='build', build_base='build', install_base='install', merge_install=False, symlink_install=False, test_result_base=None, continue_on_error=False, executor='parallel', parallel_workers=8, event_handlers=None, ignore_user_meta=False, metas=['./colcon.meta'], base_paths=['.'], packages_ignore=None, packages_ignore_regex=None, paths=None, packages_up_to=None, packages_up_to_regex=None, packages_above=None, packages_above_and_dependencies=None, packages_above_depth=None, packages_select_by_dep=None, packages_skip_by_dep=None, packages_skip_up_to=None, packages_select_build_failed=False, packages_skip_build_finished=False, packages_select_test_failures=False, packages_skip_test_passed=False, packages_select=None, packages_skip=None, packages_select_regex=None, packages_skip_regex=None, packages_start=None, packages_end=None, allow_overriding=[], cmake_args=None, cmake_target=None, cmake_target_skip_unavailable=False, cmake_clean_cache=False, cmake_clean_first=False, cmake_force_configure=False, ament_cmake_args=None, catkin_cmake_args=None, catkin_skip_building_tests=False, mixin_files=None, mixin=None, verb_parser=<colcon_mixin.mixin.mixin_argument.MixinArgumentDecorator object at 0x7beea79199c0>, verb_extension=<colcon_core.verb.build.BuildVerb object at 0x7beea7aa9750>, main=<bound method BuildVerb.main of <colcon_core.verb.build.BuildVerb object at 0x7beea7aa9750>>, mixin_verb=('build',))
[0.341s] Level 1:colcon.colcon_core.package_discovery:discover_packages(colcon_meta) check parameters
[0.341s] Level 1:colcon.colcon_core.package_discovery:discover_packages(recursive) check parameters
[0.341s] Level 1:colcon.colcon_core.package_discovery:discover_packages(ignore) check parameters
[0.341s] Level 1:colcon.colcon_core.package_discovery:discover_packages(path) check parameters
[0.341s] Level 1:colcon.colcon_core.package_discovery:discover_packages(colcon_meta) discover
[0.341s] Level 1:colcon.colcon_core.package_discovery:discover_packages(recursive) discover
[0.341s] INFO:colcon.colcon_core.package_discovery:Crawling recursively for packages in '/home/asis/hokuyo_ws'
[0.342s] Level 1:colcon.colcon_core.package_identification:_identify(.) by extensions ['ignore', 'ignore_ament_install']
[0.342s] Level 1:colcon.colcon_core.package_identification:_identify(.) by extension 'ignore'
[0.342s] Level 1:colcon.colcon_core.package_identification:_identify(.) by extension 'ignore_ament_install'
[0.342s] Level 1:colcon.colcon_core.package_identification:_identify(.) by extensions ['colcon_pkg']
[0.342s] Level 1:colcon.colcon_core.package_identification:_identify(.) by extension 'colcon_pkg'
[0.342s] Level 1:colcon.colcon_core.package_identification:_identify(.) by extensions ['colcon_meta']
[0.342s] Level 1:colcon.colcon_core.package_identification:_identify(.) by extension 'colcon_meta'
[0.342s] Level 1:colcon.colcon_core.package_identification:_identify(.) by extensions ['ros']
[0.342s] Level 1:colcon.colcon_core.package_identification:_identify(.) by extension 'ros'
[0.351s] Level 1:colcon.colcon_core.package_identification:_identify(.) by extensions ['cmake', 'python']
[0.351s] Level 1:colcon.colcon_core.package_identification:_identify(.) by extension 'cmake'
[0.351s] Level 1:colcon.colcon_core.package_identification:_identify(.) by extension 'python'
[0.351s] Level 1:colcon.colcon_core.package_identification:_identify(.) by extensions ['python_setup_py']
[0.351s] Level 1:colcon.colcon_core.package_identification:_identify(.) by extension 'python_setup_py'
[0.351s] Level 1:colcon.colcon_core.package_identification:_identify(build) by extensions ['ignore', 'ignore_ament_install']
[0.351s] Level 1:colcon.colcon_core.package_identification:_identify(build) by extension 'ignore'
[0.351s] Level 1:colcon.colcon_core.package_identification:_identify(build) ignored
[0.351s] Level 1:colcon.colcon_core.package_identification:_identify(install) by extensions ['ignore', 'ignore_ament_install']
[0.351s] Level 1:colcon.colcon_core.package_identification:_identify(install) by extension 'ignore'
[0.351s] Level 1:colcon.colcon_core.package_identification:_identify(install) ignored
[0.352s] Level 1:colcon.colcon_core.package_identification:_identify(log) by extensions ['ignore', 'ignore_ament_install']
[0.352s] Level 1:colcon.colcon_core.package_identification:_identify(log) by extension 'ignore'
[0.352s] Level 1:colcon.colcon_core.package_identification:_identify(log) ignored
[0.352s] Level 1:colcon.colcon_core.package_identification:_identify(src) by extensions ['ignore', 'ignore_ament_install']
[0.352s] Level 1:colcon.colcon_core.package_identification:_identify(src) by extension 'ignore'
[0.352s] Level 1:colcon.colcon_core.package_identification:_identify(src) by extension 'ignore_ament_install'
[0.352s] Level 1:colcon.colcon_core.package_identification:_identify(src) by extensions ['colcon_pkg']
[0.352s] Level 1:colcon.colcon_core.package_identification:_identify(src) by extension 'colcon_pkg'
[0.352s] Level 1:colcon.colcon_core.package_identification:_identify(src) by extensions ['colcon_meta']
[0.352s] Level 1:colcon.colcon_core.package_identification:_identify(src) by extension 'colcon_meta'
[0.352s] Level 1:colcon.colcon_core.package_identification:_identify(src) by extensions ['ros']
[0.352s] Level 1:colcon.colcon_core.package_identification:_identify(src) by extension 'ros'
[0.352s] Level 1:colcon.colcon_core.package_identification:_identify(src) by extensions ['cmake', 'python']
[0.352s] Level 1:colcon.colcon_core.package_identification:_identify(src) by extension 'cmake'
[0.352s] Level 1:colcon.colcon_core.package_identification:_identify(src) by extension 'python'
[0.352s] Level 1:colcon.colcon_core.package_identification:_identify(src) by extensions ['python_setup_py']
[0.352s] Level 1:colcon.colcon_core.package_identification:_identify(src) by extension 'python_setup_py'
[0.352s] Level 1:colcon.colcon_core.package_identification:_identify(src/slam_toolbox) by extensions ['ignore', 'ignore_ament_install']
[0.352s] Level 1:colcon.colcon_core.package_identification:_identify(src/slam_toolbox) by extension 'ignore'
[0.352s] Level 1:colcon.colcon_core.package_identification:_identify(src/slam_toolbox) by extension 'ignore_ament_install'
[0.352s] Level 1:colcon.colcon_core.package_identification:_identify(src/slam_toolbox) by extensions ['colcon_pkg']
[0.353s] Level 1:colcon.colcon_core.package_identification:_identify(src/slam_toolbox) by extension 'colcon_pkg'
[0.353s] Level 1:colcon.colcon_core.package_identification:_identify(src/slam_toolbox) by extensions ['colcon_meta']
[0.353s] Level 1:colcon.colcon_core.package_identification:_identify(src/slam_toolbox) by extension 'colcon_meta'
[0.353s] Level 1:colcon.colcon_core.package_identification:_identify(src/slam_toolbox) by extensions ['ros']
[0.353s] Level 1:colcon.colcon_core.package_identification:_identify(src/slam_toolbox) by extension 'ros'
[0.356s] DEBUG:colcon.colcon_core.package_identification:Package 'src/slam_toolbox' with type 'ros.ament_cmake' and name 'slam_toolbox'
[0.356s] Level 1:colcon.colcon_core.package_identification:_identify(src/urg_node2) by extensions ['ignore', 'ignore_ament_install']
[0.356s] Level 1:colcon.colcon_core.package_identification:_identify(src/urg_node2) by extension 'ignore'
[0.356s] Level 1:colcon.colcon_core.package_identification:_identify(src/urg_node2) by extension 'ignore_ament_install'
[0.356s] Level 1:colcon.colcon_core.package_identification:_identify(src/urg_node2) by extensions ['colcon_pkg']
[0.356s] Level 1:colcon.colcon_core.package_identification:_identify(src/urg_node2) by extension 'colcon_pkg'
[0.356s] Level 1:colcon.colcon_core.package_identification:_identify(src/urg_node2) by extensions ['colcon_meta']
[0.356s] Level 1:colcon.colcon_core.package_identification:_identify(src/urg_node2) by extension 'colcon_meta'
[0.356s] Level 1:colcon.colcon_core.package_identification:_identify(src/urg_node2) by extensions ['ros']
[0.356s] Level 1:colcon.colcon_core.package_identification:_identify(src/urg_node2) by extension 'ros'
[0.357s] DEBUG:colcon.colcon_core.package_identification:Package 'src/urg_node2' with type 'ros.ament_cmake' and name 'urg_node2'
[0.357s] Level 1:colcon.colcon_core.package_discovery:discover_packages(recursive) using defaults
[0.357s] Level 1:colcon.colcon_core.package_discovery:discover_packages(ignore) discover
[0.357s] Level 1:colcon.colcon_core.package_discovery:discover_packages(ignore) using defaults
[0.357s] Level 1:colcon.colcon_core.package_discovery:discover_packages(path) discover
[0.357s] Level 1:colcon.colcon_core.package_discovery:discover_packages(path) using defaults
[0.395s] Level 1:colcon.colcon_core.package_discovery:discover_packages(prefix_path) check parameters
[0.395s] Level 1:colcon.colcon_core.package_discovery:discover_packages(prefix_path) discover
[0.398s] DEBUG:colcon.colcon_installed_package_information.package_discovery:Found 1 installed packages in /home/asis/hokuyo_ws/install
[0.399s] DEBUG:colcon.colcon_installed_package_information.package_discovery:Found 304 installed packages in /opt/ros/humble
[0.400s] Level 1:colcon.colcon_core.package_discovery:discover_packages(prefix_path) using defaults
[0.437s] Level 5:colcon.colcon_core.verb:set package 'slam_toolbox' build argument 'cmake_args' from command line to 'None'
[0.437s] Level 5:colcon.colcon_core.verb:set package 'slam_toolbox' build argument 'cmake_target' from command line to 'None'
[0.437s] Level 5:colcon.colcon_core.verb:set package 'slam_toolbox' build argument 'cmake_target_skip_unavailable' from command line to 'False'
[0.437s] Level 5:colcon.colcon_core.verb:set package 'slam_toolbox' build argument 'cmake_clean_cache' from command line to 'False'
[0.437s] Level 5:colcon.colcon_core.verb:set package 'slam_toolbox' build argument 'cmake_clean_first' from command line to 'False'
[0.437s] Level 5:colcon.colcon_core.verb:set package 'slam_toolbox' build argument 'cmake_force_configure' from command line to 'False'
[0.437s] Level 5:colcon.colcon_core.verb:set package 'slam_toolbox' build argument 'ament_cmake_args' from command line to 'None'
[0.437s] Level 5:colcon.colcon_core.verb:set package 'slam_toolbox' build argument 'catkin_cmake_args' from command line to 'None'
[0.437s] Level 5:colcon.colcon_core.verb:set package 'slam_toolbox' build argument 'catkin_skip_building_tests' from command line to 'False'
[0.437s] DEBUG:colcon.colcon_core.verb:Building package 'slam_toolbox' with the following arguments: {'ament_cmake_args': None, 'build_base': '/home/asis/hokuyo_ws/build/slam_toolbox', 'catkin_cmake_args': None, 'catkin_skip_building_tests': False, 'cmake_args': None, 'cmake_clean_cache': False, 'cmake_clean_first': False, 'cmake_force_configure': False, 'cmake_target': None, 'cmake_target_skip_unavailable': False, 'install_base': '/home/asis/hokuyo_ws/install/slam_toolbox', 'merge_install': False, 'path': '/home/asis/hokuyo_ws/src/slam_toolbox', 'symlink_install': False, 'test_result_base': None}
[0.437s] Level 5:colcon.colcon_core.verb:set package 'urg_node2' build argument 'cmake_args' from command line to 'None'
[0.437s] Level 5:colcon.colcon_core.verb:set package 'urg_node2' build argument 'cmake_target' from command line to 'None'
[0.437s] Level 5:colcon.colcon_core.verb:set package 'urg_node2' build argument 'cmake_target_skip_unavailable' from command line to 'False'
[0.437s] Level 5:colcon.colcon_core.verb:set package 'urg_node2' build argument 'cmake_clean_cache' from command line to 'False'
[0.437s] Level 5:colcon.colcon_core.verb:set package 'urg_node2' build argument 'cmake_clean_first' from command line to 'False'
[0.437s] Level 5:colcon.colcon_core.verb:set package 'urg_node2' build argument 'cmake_force_configure' from command line to 'False'
[0.437s] Level 5:colcon.colcon_core.verb:set package 'urg_node2' build argument 'ament_cmake_args' from command line to 'None'
[0.437s] Level 5:colcon.colcon_core.verb:set package 'urg_node2' build argument 'catkin_cmake_args' from command line to 'None'
[0.437s] Level 5:colcon.colcon_core.verb:set package 'urg_node2' build argument 'catkin_skip_building_tests' from command line to 'False'
[0.437s] DEBUG:colcon.colcon_core.verb:Building package 'urg_node2' with the following arguments: {'ament_cmake_args': None, 'build_base': '/home/asis/hokuyo_ws/build/urg_node2', 'catkin_cmake_args': None, 'catkin_skip_building_tests': False, 'cmake_args': None, 'cmake_clean_cache': False, 'cmake_clean_first': False, 'cmake_force_configure': False, 'cmake_target': None, 'cmake_target_skip_unavailable': False, 'install_base': '/home/asis/hokuyo_ws/install/urg_node2', 'merge_install': False, 'path': '/home/asis/hokuyo_ws/src/urg_node2', 'symlink_install': False, 'test_result_base': None}
[0.438s] INFO:colcon.colcon_core.executor:Executing jobs using 'parallel' executor
[0.438s] DEBUG:colcon.colcon_parallel_executor.executor.parallel:run_until_complete
[0.439s] INFO:colcon.colcon_ros.task.ament_cmake.build:Building ROS package in '/home/asis/hokuyo_ws/src/slam_toolbox' with build type 'ament_cmake'
[0.439s] INFO:colcon.colcon_cmake.task.cmake.build:Building CMake package in '/home/asis/hokuyo_ws/src/slam_toolbox'
[0.445s] INFO:colcon.colcon_core.plugin_system:Skipping extension 'colcon_core.shell.bat': Not used on non-Windows systems
[0.445s] INFO:colcon.colcon_core.shell:Skip shell extension 'powershell' for command environment: Not usable outside of PowerShell
[0.445s] DEBUG:colcon.colcon_core.shell:Skip shell extension 'dsv' for command environment
[0.448s] INFO:colcon.colcon_ros.task.ament_cmake.build:Building ROS package in '/home/asis/hokuyo_ws/src/urg_node2' with build type 'ament_cmake'
[0.448s] INFO:colcon.colcon_cmake.task.cmake.build:Building CMake package in '/home/asis/hokuyo_ws/src/urg_node2'
[0.448s] INFO:colcon.colcon_core.shell:Skip shell extension 'powershell' for command environment: Not usable outside of PowerShell
[0.448s] DEBUG:colcon.colcon_core.shell:Skip shell extension 'dsv' for command environment
[0.455s] DEBUG:colcon.colcon_core.event_handler.log_command:Invoking command in '/home/asis/hokuyo_ws/build/slam_toolbox': CMAKE_PREFIX_PATH=${CMAKE_PREFIX_PATH}:/opt/ros/humble /usr/bin/cmake /home/asis/hokuyo_ws/src/slam_toolbox -DCMAKE_INSTALL_PREFIX=/home/asis/hokuyo_ws/install/slam_toolbox
[0.459s] DEBUG:colcon.colcon_core.event_handler.log_command:Invoking command in '/home/asis/hokuyo_ws/build/urg_node2': CMAKE_PREFIX_PATH=${CMAKE_PREFIX_PATH}:/opt/ros/humble /usr/bin/cmake --build /home/asis/hokuyo_ws/build/urg_node2 -- -j8 -l8
[0.605s] DEBUG:colcon.colcon_core.event_handler.log_command:Invoked command in '/home/asis/hokuyo_ws/build/urg_node2' returned '0': CMAKE_PREFIX_PATH=${CMAKE_PREFIX_PATH}:/opt/ros/humble /usr/bin/cmake --build /home/asis/hokuyo_ws/build/urg_node2 -- -j8 -l8
[0.660s] DEBUG:colcon.colcon_core.event_handler.log_command:Invoking command in '/home/asis/hokuyo_ws/build/urg_node2': CMAKE_PREFIX_PATH=${CMAKE_PREFIX_PATH}:/opt/ros/humble /usr/bin/cmake --install /home/asis/hokuyo_ws/build/urg_node2
[0.672s] Level 1:colcon.colcon_core.environment:create_environment_scripts_only(urg_node2)
[0.672s] DEBUG:colcon.colcon_core.event_handler.log_command:Invoked command in '/home/asis/hokuyo_ws/build/urg_node2' returned '0': CMAKE_PREFIX_PATH=${CMAKE_PREFIX_PATH}:/opt/ros/humble /usr/bin/cmake --install /home/asis/hokuyo_ws/build/urg_node2
[0.678s] Level 1:colcon.colcon_core.environment:checking '/home/asis/hokuyo_ws/install/urg_node2' for CMake module files
[0.679s] Level 1:colcon.colcon_core.environment:checking '/home/asis/hokuyo_ws/install/urg_node2' for CMake config files
[0.680s] Level 1:colcon.colcon_core.shell:create_environment_hook('urg_node2', 'cmake_prefix_path')
[0.680s] INFO:colcon.colcon_core.shell:Creating environment hook '/home/asis/hokuyo_ws/install/urg_node2/share/urg_node2/hook/cmake_prefix_path.ps1'
[0.681s] INFO:colcon.colcon_core.shell:Creating environment descriptor '/home/asis/hokuyo_ws/install/urg_node2/share/urg_node2/hook/cmake_prefix_path.dsv'
[0.682s] INFO:colcon.colcon_core.shell:Creating environment hook '/home/asis/hokuyo_ws/install/urg_node2/share/urg_node2/hook/cmake_prefix_path.sh'
[0.683s] Level 1:colcon.colcon_core.environment:checking '/home/asis/hokuyo_ws/install/urg_node2/lib'
[0.683s] Level 1:colcon.colcon_core.shell:create_environment_hook('urg_node2', 'ld_library_path_lib')
[0.683s] INFO:colcon.colcon_core.shell:Creating environment hook '/home/asis/hokuyo_ws/install/urg_node2/share/urg_node2/hook/ld_library_path_lib.ps1'
[0.683s] INFO:colcon.colcon_core.shell:Creating environment descriptor '/home/asis/hokuyo_ws/install/urg_node2/share/urg_node2/hook/ld_library_path_lib.dsv'
[0.684s] INFO:colcon.colcon_core.shell:Creating environment hook '/home/asis/hokuyo_ws/install/urg_node2/share/urg_node2/hook/ld_library_path_lib.sh'
[0.684s] Level 1:colcon.colcon_core.environment:checking '/home/asis/hokuyo_ws/install/urg_node2/bin'
[0.684s] Level 1:colcon.colcon_core.environment:checking '/home/asis/hokuyo_ws/install/urg_node2/lib/pkgconfig/urg_node2.pc'
[0.684s] Level 1:colcon.colcon_core.environment:checking '/home/asis/hokuyo_ws/install/urg_node2/lib/python3.10/site-packages'
[0.684s] Level 1:colcon.colcon_core.environment:checking '/home/asis/hokuyo_ws/install/urg_node2/bin'
[0.684s] INFO:colcon.colcon_core.shell:Creating package script '/home/asis/hokuyo_ws/install/urg_node2/share/urg_node2/package.ps1'
[0.685s] INFO:colcon.colcon_core.shell:Creating package descriptor '/home/asis/hokuyo_ws/install/urg_node2/share/urg_node2/package.dsv'
[0.686s] INFO:colcon.colcon_core.shell:Creating package script '/home/asis/hokuyo_ws/install/urg_node2/share/urg_node2/package.sh'
[0.687s] INFO:colcon.colcon_core.shell:Creating package script '/home/asis/hokuyo_ws/install/urg_node2/share/urg_node2/package.bash'
[0.688s] INFO:colcon.colcon_core.shell:Creating package script '/home/asis/hokuyo_ws/install/urg_node2/share/urg_node2/package.zsh'
[0.688s] Level 1:colcon.colcon_core.environment:create_file_with_runtime_dependencies(/home/asis/hokuyo_ws/install/urg_node2/share/colcon-core/packages/urg_node2)
[0.736s] Level 1:colcon.colcon_core.environment:create_environment_scripts_only(urg_node2)
[0.737s] Level 1:colcon.colcon_core.environment:checking '/home/asis/hokuyo_ws/install/urg_node2' for CMake module files
[0.737s] Level 1:colcon.colcon_core.environment:checking '/home/asis/hokuyo_ws/install/urg_node2' for CMake config files
[0.737s] Level 1:colcon.colcon_core.shell:create_environment_hook('urg_node2', 'cmake_prefix_path')
[0.737s] INFO:colcon.colcon_core.shell:Creating environment hook '/home/asis/hokuyo_ws/install/urg_node2/share/urg_node2/hook/cmake_prefix_path.ps1'
[0.738s] INFO:colcon.colcon_core.shell:Creating environment descriptor '/home/asis/hokuyo_ws/install/urg_node2/share/urg_node2/hook/cmake_prefix_path.dsv'
[0.738s] INFO:colcon.colcon_core.shell:Creating environment hook '/home/asis/hokuyo_ws/install/urg_node2/share/urg_node2/hook/cmake_prefix_path.sh'
[0.739s] Level 1:colcon.colcon_core.environment:checking '/home/asis/hokuyo_ws/install/urg_node2/lib'
[0.739s] Level 1:colcon.colcon_core.shell:create_environment_hook('urg_node2', 'ld_library_path_lib')
[0.739s] INFO:colcon.colcon_core.shell:Creating environment hook '/home/asis/hokuyo_ws/install/urg_node2/share/urg_node2/hook/ld_library_path_lib.ps1'
[0.739s] INFO:colcon.colcon_core.shell:Creating environment descriptor '/home/asis/hokuyo_ws/install/urg_node2/share/urg_node2/hook/ld_library_path_lib.dsv'
[0.739s] INFO:colcon.colcon_core.shell:Creating environment hook '/home/asis/hokuyo_ws/install/urg_node2/share/urg_node2/hook/ld_library_path_lib.sh'
[0.740s] Level 1:colcon.colcon_core.environment:checking '/home/asis/hokuyo_ws/install/urg_node2/bin'
[0.740s] Level 1:colcon.colcon_core.environment:checking '/home/asis/hokuyo_ws/install/urg_node2/lib/pkgconfig/urg_node2.pc'
[0.740s] Level 1:colcon.colcon_core.environment:checking '/home/asis/hokuyo_ws/install/urg_node2/lib/python3.10/site-packages'
[0.740s] Level 1:colcon.colcon_core.environment:checking '/home/asis/hokuyo_ws/install/urg_node2/bin'
[0.740s] INFO:colcon.colcon_core.shell:Creating package script '/home/asis/hokuyo_ws/install/urg_node2/share/urg_node2/package.ps1'
[0.741s] INFO:colcon.colcon_core.shell:Creating package descriptor '/home/asis/hokuyo_ws/install/urg_node2/share/urg_node2/package.dsv'
[0.741s] INFO:colcon.colcon_core.shell:Creating package script '/home/asis/hokuyo_ws/install/urg_node2/share/urg_node2/package.sh'
[0.742s] INFO:colcon.colcon_core.shell:Creating package script '/home/asis/hokuyo_ws/install/urg_node2/share/urg_node2/package.bash'
[0.742s] INFO:colcon.colcon_core.shell:Creating package script '/home/asis/hokuyo_ws/install/urg_node2/share/urg_node2/package.zsh'
[0.742s] Level 1:colcon.colcon_core.environment:create_file_with_runtime_dependencies(/home/asis/hokuyo_ws/install/urg_node2/share/colcon-core/packages/urg_node2)
[5.830s] DEBUG:colcon.colcon_core.event_handler.log_command:Invoked command in '/home/asis/hokuyo_ws/build/slam_toolbox' returned '0': CMAKE_PREFIX_PATH=${CMAKE_PREFIX_PATH}:/opt/ros/humble /usr/bin/cmake /home/asis/hokuyo_ws/src/slam_toolbox -DCMAKE_INSTALL_PREFIX=/home/asis/hokuyo_ws/install/slam_toolbox
[5.832s] DEBUG:colcon.colcon_core.event_handler.log_command:Invoking command in '/home/asis/hokuyo_ws/build/slam_toolbox': CMAKE_PREFIX_PATH=${CMAKE_PREFIX_PATH}:/opt/ros/humble /usr/bin/cmake --build /home/asis/hokuyo_ws/build/slam_toolbox -- -j8 -l8
[121.735s] DEBUG:colcon.colcon_core.event_handler.log_command:Invoked command in '/home/asis/hokuyo_ws/build/slam_toolbox' returned '0': CMAKE_PREFIX_PATH=${CMAKE_PREFIX_PATH}:/opt/ros/humble /usr/bin/cmake --build /home/asis/hokuyo_ws/build/slam_toolbox -- -j8 -l8
[122.012s] DEBUG:colcon.colcon_core.event_handler.log_command:Invoking command in '/home/asis/hokuyo_ws/build/slam_toolbox': CMAKE_PREFIX_PATH=${CMAKE_PREFIX_PATH}:/opt/ros/humble /usr/bin/cmake --install /home/asis/hokuyo_ws/build/slam_toolbox
[122.143s] Level 1:colcon.colcon_core.environment:create_environment_scripts_only(slam_toolbox)
[122.144s] Level 1:colcon.colcon_core.environment:checking '/home/asis/hokuyo_ws/install/slam_toolbox' for CMake module files
[122.144s] DEBUG:colcon.colcon_core.event_handler.log_command:Invoked command in '/home/asis/hokuyo_ws/build/slam_toolbox' returned '0': CMAKE_PREFIX_PATH=${CMAKE_PREFIX_PATH}:/opt/ros/humble /usr/bin/cmake --install /home/asis/hokuyo_ws/build/slam_toolbox
[122.144s] Level 1:colcon.colcon_core.environment:checking '/home/asis/hokuyo_ws/install/slam_toolbox' for CMake config files
[122.145s] Level 1:colcon.colcon_core.shell:create_environment_hook('slam_toolbox', 'cmake_prefix_path')
[122.145s] INFO:colcon.colcon_core.shell:Creating environment hook '/home/asis/hokuyo_ws/install/slam_toolbox/share/slam_toolbox/hook/cmake_prefix_path.ps1'
[122.146s] INFO:colcon.colcon_core.shell:Creating environment descriptor '/home/asis/hokuyo_ws/install/slam_toolbox/share/slam_toolbox/hook/cmake_prefix_path.dsv'
[122.146s] INFO:colcon.colcon_core.shell:Creating environment hook '/home/asis/hokuyo_ws/install/slam_toolbox/share/slam_toolbox/hook/cmake_prefix_path.sh'
[122.146s] Level 1:colcon.colcon_core.environment:checking '/home/asis/hokuyo_ws/install/slam_toolbox/lib'
[122.146s] Level 1:colcon.colcon_core.shell:create_environment_hook('slam_toolbox', 'ld_library_path_lib')
[122.147s] INFO:colcon.colcon_core.shell:Creating environment hook '/home/asis/hokuyo_ws/install/slam_toolbox/share/slam_toolbox/hook/ld_library_path_lib.ps1'
[122.147s] INFO:colcon.colcon_core.shell:Creating environment descriptor '/home/asis/hokuyo_ws/install/slam_toolbox/share/slam_toolbox/hook/ld_library_path_lib.dsv'
[122.147s] INFO:colcon.colcon_core.shell:Creating environment hook '/home/asis/hokuyo_ws/install/slam_toolbox/share/slam_toolbox/hook/ld_library_path_lib.sh'
[122.147s] Level 1:colcon.colcon_core.environment:checking '/home/asis/hokuyo_ws/install/slam_toolbox/bin'
[122.147s] Level 1:colcon.colcon_core.environment:checking '/home/asis/hokuyo_ws/install/slam_toolbox/lib/pkgconfig/slam_toolbox.pc'
[122.148s] Level 1:colcon.colcon_core.environment:checking '/home/asis/hokuyo_ws/install/slam_toolbox/lib/python3.10/site-packages'
[122.148s] Level 1:colcon.colcon_core.environment:checking '/home/asis/hokuyo_ws/install/slam_toolbox/bin'
[122.148s] INFO:colcon.colcon_core.shell:Creating package script '/home/asis/hokuyo_ws/install/slam_toolbox/share/slam_toolbox/package.ps1'
[122.148s] INFO:colcon.colcon_core.shell:Creating package descriptor '/home/asis/hokuyo_ws/install/slam_toolbox/share/slam_toolbox/package.dsv'
[122.149s] INFO:colcon.colcon_core.shell:Creating package script '/home/asis/hokuyo_ws/install/slam_toolbox/share/slam_toolbox/package.sh'
[122.149s] INFO:colcon.colcon_core.shell:Creating package script '/home/asis/hokuyo_ws/install/slam_toolbox/share/slam_toolbox/package.bash'
[122.149s] INFO:colcon.colcon_core.shell:Creating package script '/home/asis/hokuyo_ws/install/slam_toolbox/share/slam_toolbox/package.zsh'
[122.149s] Level 1:colcon.colcon_core.environment:create_file_with_runtime_dependencies(/home/asis/hokuyo_ws/install/slam_toolbox/share/colcon-core/packages/slam_toolbox)
[122.426s] Level 1:colcon.colcon_core.environment:create_environment_scripts_only(slam_toolbox)
[122.427s] Level 1:colcon.colcon_core.environment:checking '/home/asis/hokuyo_ws/install/slam_toolbox' for CMake module files
[122.427s] Level 1:colcon.colcon_core.environment:checking '/home/asis/hokuyo_ws/install/slam_toolbox' for CMake config files
[122.428s] Level 1:colcon.colcon_core.shell:create_environment_hook('slam_toolbox', 'cmake_prefix_path')
[122.428s] INFO:colcon.colcon_core.shell:Creating environment hook '/home/asis/hokuyo_ws/install/slam_toolbox/share/slam_toolbox/hook/cmake_prefix_path.ps1'
[122.429s] INFO:colcon.colcon_core.shell:Creating environment descriptor '/home/asis/hokuyo_ws/install/slam_toolbox/share/slam_toolbox/hook/cmake_prefix_path.dsv'
[122.429s] INFO:colcon.colcon_core.shell:Creating environment hook '/home/asis/hokuyo_ws/install/slam_toolbox/share/slam_toolbox/hook/cmake_prefix_path.sh'
[122.429s] Level 1:colcon.colcon_core.environment:checking '/home/asis/hokuyo_ws/install/slam_toolbox/lib'
[122.429s] Level 1:colcon.colcon_core.shell:create_environment_hook('slam_toolbox', 'ld_library_path_lib')
[122.429s] INFO:colcon.colcon_core.shell:Creating environment hook '/home/asis/hokuyo_ws/install/slam_toolbox/share/slam_toolbox/hook/ld_library_path_lib.ps1'
[122.430s] INFO:colcon.colcon_core.shell:Creating environment descriptor '/home/asis/hokuyo_ws/install/slam_toolbox/share/slam_toolbox/hook/ld_library_path_lib.dsv'
[122.430s] INFO:colcon.colcon_core.shell:Creating environment hook '/home/asis/hokuyo_ws/install/slam_toolbox/share/slam_toolbox/hook/ld_library_path_lib.sh'
[122.430s] Level 1:colcon.colcon_core.environment:checking '/home/asis/hokuyo_ws/install/slam_toolbox/bin'
[122.430s] Level 1:colcon.colcon_core.environment:checking '/home/asis/hokuyo_ws/install/slam_toolbox/lib/pkgconfig/slam_toolbox.pc'
[122.430s] Level 1:colcon.colcon_core.environment:checking '/home/asis/hokuyo_ws/install/slam_toolbox/lib/python3.10/site-packages'
[122.431s] Level 1:colcon.colcon_core.environment:checking '/home/asis/hokuyo_ws/install/slam_toolbox/bin'
[122.431s] INFO:colcon.colcon_core.shell:Creating package script '/home/asis/hokuyo_ws/install/slam_toolbox/share/slam_toolbox/package.ps1'
[122.431s] INFO:colcon.colcon_core.shell:Creating package descriptor '/home/asis/hokuyo_ws/install/slam_toolbox/share/slam_toolbox/package.dsv'
[122.432s] INFO:colcon.colcon_core.shell:Creating package script '/home/asis/hokuyo_ws/install/slam_toolbox/share/slam_toolbox/package.sh'
[122.432s] INFO:colcon.colcon_core.shell:Creating package script '/home/asis/hokuyo_ws/install/slam_toolbox/share/slam_toolbox/package.bash'
[122.432s] INFO:colcon.colcon_core.shell:Creating package script '/home/asis/hokuyo_ws/install/slam_toolbox/share/slam_toolbox/package.zsh'
[122.432s] Level 1:colcon.colcon_core.environment:create_file_with_runtime_dependencies(/home/asis/hokuyo_ws/install/slam_toolbox/share/colcon-core/packages/slam_toolbox)
[122.433s] DEBUG:colcon.colcon_parallel_executor.executor.parallel:closing loop
[122.433s] DEBUG:colcon.colcon_parallel_executor.executor.parallel:loop closed
[122.433s] DEBUG:colcon.colcon_parallel_executor.executor.parallel:run_until_complete finished with '0'
[122.433s] DEBUG:colcon.colcon_core.event_reactor:joining thread
[122.439s] INFO:colcon.colcon_core.plugin_system:Skipping extension 'colcon_notification.desktop_notification.terminal_notifier': Not used on non-Darwin systems
[122.439s] INFO:colcon.colcon_core.plugin_system:Skipping extension 'colcon_notification.desktop_notification.win32': Not used on non-Windows systems
[122.439s] INFO:colcon.colcon_notification.desktop_notification:Sending desktop notification using 'notify2'
[122.451s] DEBUG:colcon.colcon_core.event_reactor:joined thread
[122.452s] INFO:colcon.colcon_core.shell:Creating prefix script '/home/asis/hokuyo_ws/install/local_setup.ps1'
[122.453s] INFO:colcon.colcon_core.shell:Creating prefix util module '/home/asis/hokuyo_ws/install/_local_setup_util_ps1.py'
[122.455s] INFO:colcon.colcon_core.shell:Creating prefix chain script '/home/asis/hokuyo_ws/install/setup.ps1'
[122.457s] INFO:colcon.colcon_core.shell:Creating prefix script '/home/asis/hokuyo_ws/install/local_setup.sh'
[122.458s] INFO:colcon.colcon_core.shell:Creating prefix util module '/home/asis/hokuyo_ws/install/_local_setup_util_sh.py'
[122.459s] INFO:colcon.colcon_core.shell:Creating prefix chain script '/home/asis/hokuyo_ws/install/setup.sh'
[122.460s] INFO:colcon.colcon_core.shell:Creating prefix script '/home/asis/hokuyo_ws/install/local_setup.bash'
[122.461s] INFO:colcon.colcon_core.shell:Creating prefix chain script '/home/asis/hokuyo_ws/install/setup.bash'
[122.462s] INFO:colcon.colcon_core.shell:Creating prefix script '/home/asis/hokuyo_ws/install/local_setup.zsh'
[122.462s] INFO:colcon.colcon_core.shell:Creating prefix chain script '/home/asis/hokuyo_ws/install/setup.zsh'
