[0.033s] Invoking command in '/home/asis/hokuyo_ws/src/build/nav2_waypoint_follower': AMENT_PREFIX_PATH=/home/asis/hokuyo_ws/src/install/nav2_core:/home/asis/hokuyo_ws/src/install/nav2_costmap_2d:/home/asis/hokuyo_ws/src/install/nav2_util:/home/asis/hokuyo_ws/src/install/nav2_voxel_grid:/home/asis/hokuyo_ws/src/install/nav2_msgs:/home/asis/hokuyo_ws/src/install/nav2_common:${AMENT_PREFIX_PATH} CMAKE_PREFIX_PATH=/home/asis/hokuyo_ws/src/install/nav2_core:/home/asis/hokuyo_ws/src/install/nav2_costmap_2d:/home/asis/hokuyo_ws/src/install/nav2_util:/home/asis/hokuyo_ws/src/install/nav2_voxel_grid:/home/asis/hokuyo_ws/src/install/nav2_msgs:/home/asis/hokuyo_ws/src/install/nav2_common:/home/asis/hokuyo_ws/install/urg_node2:/home/asis/hokuyo_ws/install/slam_toolbox:/opt/ros/humble LD_LIBRARY_PATH=/home/asis/hokuyo_ws/src/install/nav2_costmap_2d/lib:/home/asis/hokuyo_ws/src/install/nav2_util/lib:/home/asis/hokuyo_ws/src/install/nav2_voxel_grid/lib:/home/asis/hokuyo_ws/src/install/nav2_msgs/lib:${LD_LIBRARY_PATH} PYTHONPATH=/home/asis/hokuyo_ws/src/install/nav2_msgs/local/lib/python3.10/dist-packages:/home/asis/hokuyo_ws/src/install/nav2_common/local/lib/python3.10/dist-packages:${PYTHONPATH} /usr/bin/cmake /home/asis/hokuyo_ws/src/navigation2/nav2_waypoint_follower -DCMAKE_INSTALL_PREFIX=/home/asis/hokuyo_ws/src/install/nav2_waypoint_follower
[43.456s] -- The C compiler identification is GNU 11.4.0
[43.456s] -- The CXX compiler identification is GNU 11.4.0
[43.456s] -- Detecting C compiler ABI info
[43.456s] -- Detecting C compiler ABI info - done
[43.456s] -- Check for working C compiler: /usr/bin/cc - skipped
[43.456s] -- Detecting C compile features
[43.456s] -- Detecting C compile features - done
[43.456s] -- Detecting CXX compiler ABI info
[43.456s] -- Detecting CXX compiler ABI info - done
[43.456s] -- Check for working CXX compiler: /usr/bin/c++ - skipped
[43.456s] -- Detecting CXX compile features
[43.457s] -- Detecting CXX compile features - done
[43.457s] -- Found OpenCV version 4.5.4
[43.457s] -- Found image_transport: 3.1.9 (/opt/ros/humble/share/image_transport/cmake)
[43.457s] -- Found Python3: /usr/bin/python3 (found version "3.10.12") found components: Interpreter 
[43.457s] -- Found rosidl_generator_c: 3.1.5 (/opt/ros/humble/share/rosidl_generator_c/cmake)
[43.457s] -- Found rosidl_adapter: 3.1.5 (/opt/ros/humble/share/rosidl_adapter/cmake)
[43.457s] -- Found rosidl_generator_cpp: 3.1.5 (/opt/ros/humble/share/rosidl_generator_cpp/cmake)
[43.457s] -- Using all available rosidl_typesupport_c: rosidl_typesupport_fastrtps_c;rosidl_typesupport_introspection_c
[43.472s] -- Using all available rosidl_typesupport_cpp: rosidl_typesupport_fastrtps_cpp;rosidl_typesupport_introspection_cpp
[43.472s] -- Found rmw_implementation_cmake: 6.1.2 (/opt/ros/humble/share/rmw_implementation_cmake/cmake)
[43.472s] -- Found rmw_fastrtps_cpp: 6.2.6 (/opt/ros/humble/share/rmw_fastrtps_cpp/cmake)
[43.472s] -- Found OpenSSL: /usr/lib/x86_64-linux-gnu/libcrypto.so (found version "3.0.2")  
[43.472s] -- Found FastRTPS: /opt/ros/humble/include  
[43.473s] -- Using RMW implementation 'rmw_fastrtps_cpp' as default
[43.473s] -- Looking for pthread.h
[43.473s] -- Looking for pthread.h - found
[43.473s] -- Performing Test CMAKE_HAVE_LIBC_PTHREAD
[43.473s] -- Performing Test CMAKE_HAVE_LIBC_PTHREAD - Success
[43.473s] -- Found Threads: TRUE  
[43.473s] -- Found cv_bridge: 3.2.1 (/opt/ros/humble/share/cv_bridge/cmake)
[43.473s] -- Found nav2_common: 1.1.15 (/home/asis/hokuyo_ws/src/install/nav2_common/share/nav2_common/cmake)
[43.473s] -- Found rclcpp_action: 16.0.9 (/opt/ros/humble/share/rclcpp_action/cmake)
[43.473s] -- Found rclcpp_lifecycle: 16.0.9 (/opt/ros/humble/share/rclcpp_lifecycle/cmake)
[43.473s] -- Found rclcpp_components: 16.0.9 (/opt/ros/humble/share/rclcpp_components/cmake)
[43.473s] -- Found nav_msgs: 4.2.3 (/opt/ros/humble/share/nav_msgs/cmake)
[43.473s] -- Found nav2_msgs: 1.1.15 (/home/asis/hokuyo_ws/src/install/nav2_msgs/share/nav2_msgs/cmake)
[43.474s] -- Found nav2_util: 1.1.15 (/home/asis/hokuyo_ws/src/install/nav2_util/share/nav2_util/cmake)
[43.474s] -- Found eigen3_cmake_module: 0.1.1 (/opt/ros/humble/share/eigen3_cmake_module/cmake)
[43.474s] -- Found Eigen3: TRUE (found version "3.4.0") 
[43.474s] -- Ensuring Eigen3 include directory is part of orocos-kdl CMake target
[43.474s] -- Found nav2_core: 1.1.15 (/home/asis/hokuyo_ws/src/install/nav2_core/share/nav2_core/cmake)
[43.474s] -- Setting build type to Release as none was specified.
[43.474s] -- Found ament_lint_auto: 0.12.11 (/opt/ros/humble/share/ament_lint_auto/cmake)
[43.474s] -- Found ament_cmake_gtest: 1.3.9 (/opt/ros/humble/share/ament_cmake_gtest/cmake)
[43.474s] -- Found gtest sources under '/opt/ros/humble/src/gtest_vendor': C++ tests using 'Google Test' will be built
[43.474s] -- Added test 'copyright' to check source files copyright and LICENSE
[43.474s] -- Added test 'cppcheck' to perform static code analysis on C / C++ code
[43.474s] -- Configured cppcheck include dirs: /home/asis/hokuyo_ws/src/navigation2/nav2_waypoint_follower/include
[43.474s] -- Configured cppcheck exclude dirs and/or files: 
[43.474s] -- Added test 'cpplint' to check C / C++ code against the Google style
[43.475s] -- Configured cpplint exclude dirs and/or files: 
[43.475s] -- Added test 'lint_cmake' to check CMake code style
[43.475s] -- Added test 'uncrustify' to check C / C++ code style
[43.475s] -- Configured uncrustify additional arguments: 
[43.475s] -- Added test 'xmllint' to check XML markup files
[43.475s] -- Configuring done
[43.475s] -- Generating done
[43.475s] -- Build files have been written to: /home/asis/hokuyo_ws/src/build/nav2_waypoint_follower
[43.506s] Invoked command in '/home/asis/hokuyo_ws/src/build/nav2_waypoint_follower' returned '0': AMENT_PREFIX_PATH=/home/asis/hokuyo_ws/src/install/nav2_core:/home/asis/hokuyo_ws/src/install/nav2_costmap_2d:/home/asis/hokuyo_ws/src/install/nav2_util:/home/asis/hokuyo_ws/src/install/nav2_voxel_grid:/home/asis/hokuyo_ws/src/install/nav2_msgs:/home/asis/hokuyo_ws/src/install/nav2_common:${AMENT_PREFIX_PATH} CMAKE_PREFIX_PATH=/home/asis/hokuyo_ws/src/install/nav2_core:/home/asis/hokuyo_ws/src/install/nav2_costmap_2d:/home/asis/hokuyo_ws/src/install/nav2_util:/home/asis/hokuyo_ws/src/install/nav2_voxel_grid:/home/asis/hokuyo_ws/src/install/nav2_msgs:/home/asis/hokuyo_ws/src/install/nav2_common:/home/asis/hokuyo_ws/install/urg_node2:/home/asis/hokuyo_ws/install/slam_toolbox:/opt/ros/humble LD_LIBRARY_PATH=/home/asis/hokuyo_ws/src/install/nav2_costmap_2d/lib:/home/asis/hokuyo_ws/src/install/nav2_util/lib:/home/asis/hokuyo_ws/src/install/nav2_voxel_grid/lib:/home/asis/hokuyo_ws/src/install/nav2_msgs/lib:${LD_LIBRARY_PATH} PYTHONPATH=/home/asis/hokuyo_ws/src/install/nav2_msgs/local/lib/python3.10/dist-packages:/home/asis/hokuyo_ws/src/install/nav2_common/local/lib/python3.10/dist-packages:${PYTHONPATH} /usr/bin/cmake /home/asis/hokuyo_ws/src/navigation2/nav2_waypoint_follower -DCMAKE_INSTALL_PREFIX=/home/asis/hokuyo_ws/src/install/nav2_waypoint_follower
[43.507s] Invoking command in '/home/asis/hokuyo_ws/src/build/nav2_waypoint_follower': AMENT_PREFIX_PATH=/home/asis/hokuyo_ws/src/install/nav2_core:/home/asis/hokuyo_ws/src/install/nav2_costmap_2d:/home/asis/hokuyo_ws/src/install/nav2_util:/home/asis/hokuyo_ws/src/install/nav2_voxel_grid:/home/asis/hokuyo_ws/src/install/nav2_msgs:/home/asis/hokuyo_ws/src/install/nav2_common:${AMENT_PREFIX_PATH} CMAKE_PREFIX_PATH=/home/asis/hokuyo_ws/src/install/nav2_core:/home/asis/hokuyo_ws/src/install/nav2_costmap_2d:/home/asis/hokuyo_ws/src/install/nav2_util:/home/asis/hokuyo_ws/src/install/nav2_voxel_grid:/home/asis/hokuyo_ws/src/install/nav2_msgs:/home/asis/hokuyo_ws/src/install/nav2_common:/home/asis/hokuyo_ws/install/urg_node2:/home/asis/hokuyo_ws/install/slam_toolbox:/opt/ros/humble LD_LIBRARY_PATH=/home/asis/hokuyo_ws/src/install/nav2_costmap_2d/lib:/home/asis/hokuyo_ws/src/install/nav2_util/lib:/home/asis/hokuyo_ws/src/install/nav2_voxel_grid/lib:/home/asis/hokuyo_ws/src/install/nav2_msgs/lib:${LD_LIBRARY_PATH} PYTHONPATH=/home/asis/hokuyo_ws/src/install/nav2_msgs/local/lib/python3.10/dist-packages:/home/asis/hokuyo_ws/src/install/nav2_common/local/lib/python3.10/dist-packages:${PYTHONPATH} /usr/bin/cmake --build /home/asis/hokuyo_ws/src/build/nav2_waypoint_follower -- -j8 -l8
[49.126s] [  5%] [32mBuilding CXX object CMakeFiles/waypoint_follower_core.dir/src/waypoint_follower.cpp.o[0m
[65.848s] [ 11%] [32m[1mLinking CXX shared library libwaypoint_follower_core.so[0m
[66.723s] [ 11%] Built target waypoint_follower_core
[66.755s] [ 16%] [32mBuilding CXX object gtest/CMakeFiles/gtest_main.dir/src/gtest_main.cc.o[0m
[68.286s] [ 22%] [32m[1mLinking CXX static library libgtest_main.a[0m
[68.341s] [ 22%] Built target gtest_main
[68.380s] [ 27%] [32mBuilding CXX object CMakeFiles/waypoint_follower.dir/src/main.cpp.o[0m
[75.245s] [ 33%] [32m[1mLinking CXX executable waypoint_follower[0m
[75.760s] [ 33%] Built target waypoint_follower
[75.791s] [ 38%] [32mBuilding CXX object gtest/CMakeFiles/gtest.dir/src/gtest-all.cc.o[0m
[86.698s] [ 44%] [32m[1mLinking CXX static library libgtest.a[0m
[86.759s] [ 44%] Built target gtest
[86.793s] [ 50%] [32mBuilding CXX object CMakeFiles/input_at_waypoint.dir/plugins/input_at_waypoint.cpp.o[0m
[101.097s] [ 55%] [32m[1mLinking CXX shared library libinput_at_waypoint.so[0m
[101.619s] [ 55%] Built target input_at_waypoint
[101.653s] [ 61%] [32mBuilding CXX object test/CMakeFiles/test_dynamic_parameters.dir/test_dynamic_parameters.cpp.o[0m
[107.397s] [ 66%] [32m[1mLinking CXX executable test_dynamic_parameters[0m
[107.871s] [ 66%] Built target test_dynamic_parameters
[107.897s] [ 72%] [32mBuilding CXX object CMakeFiles/photo_at_waypoint.dir/plugins/photo_at_waypoint.cpp.o[0m
[107.906s] [ 77%] [32mBuilding CXX object CMakeFiles/wait_at_waypoint.dir/plugins/wait_at_waypoint.cpp.o[0m
[117.545s] [ 83%] [32m[1mLinking CXX shared library libwait_at_waypoint.so[0m
[118.854s] [ 83%] Built target wait_at_waypoint
[137.742s] [ 88%] [32m[1mLinking CXX shared library libphoto_at_waypoint.so[0m
[138.598s] [ 88%] Built target photo_at_waypoint
[138.642s] [ 94%] [32mBuilding CXX object test/CMakeFiles/test_task_executors.dir/test_task_executors.cpp.o[0m
[154.074s] [100%] [32m[1mLinking CXX executable test_task_executors[0m
[155.530s] [100%] Built target test_task_executors
[155.564s] Invoked command in '/home/asis/hokuyo_ws/src/build/nav2_waypoint_follower' returned '0': AMENT_PREFIX_PATH=/home/asis/hokuyo_ws/src/install/nav2_core:/home/asis/hokuyo_ws/src/install/nav2_costmap_2d:/home/asis/hokuyo_ws/src/install/nav2_util:/home/asis/hokuyo_ws/src/install/nav2_voxel_grid:/home/asis/hokuyo_ws/src/install/nav2_msgs:/home/asis/hokuyo_ws/src/install/nav2_common:${AMENT_PREFIX_PATH} CMAKE_PREFIX_PATH=/home/asis/hokuyo_ws/src/install/nav2_core:/home/asis/hokuyo_ws/src/install/nav2_costmap_2d:/home/asis/hokuyo_ws/src/install/nav2_util:/home/asis/hokuyo_ws/src/install/nav2_voxel_grid:/home/asis/hokuyo_ws/src/install/nav2_msgs:/home/asis/hokuyo_ws/src/install/nav2_common:/home/asis/hokuyo_ws/install/urg_node2:/home/asis/hokuyo_ws/install/slam_toolbox:/opt/ros/humble LD_LIBRARY_PATH=/home/asis/hokuyo_ws/src/install/nav2_costmap_2d/lib:/home/asis/hokuyo_ws/src/install/nav2_util/lib:/home/asis/hokuyo_ws/src/install/nav2_voxel_grid/lib:/home/asis/hokuyo_ws/src/install/nav2_msgs/lib:${LD_LIBRARY_PATH} PYTHONPATH=/home/asis/hokuyo_ws/src/install/nav2_msgs/local/lib/python3.10/dist-packages:/home/asis/hokuyo_ws/src/install/nav2_common/local/lib/python3.10/dist-packages:${PYTHONPATH} /usr/bin/cmake --build /home/asis/hokuyo_ws/src/build/nav2_waypoint_follower -- -j8 -l8
[155.611s] Invoking command in '/home/asis/hokuyo_ws/src/build/nav2_waypoint_follower': AMENT_PREFIX_PATH=/home/asis/hokuyo_ws/src/install/nav2_core:/home/asis/hokuyo_ws/src/install/nav2_costmap_2d:/home/asis/hokuyo_ws/src/install/nav2_util:/home/asis/hokuyo_ws/src/install/nav2_voxel_grid:/home/asis/hokuyo_ws/src/install/nav2_msgs:/home/asis/hokuyo_ws/src/install/nav2_common:${AMENT_PREFIX_PATH} CMAKE_PREFIX_PATH=/home/asis/hokuyo_ws/src/install/nav2_core:/home/asis/hokuyo_ws/src/install/nav2_costmap_2d:/home/asis/hokuyo_ws/src/install/nav2_util:/home/asis/hokuyo_ws/src/install/nav2_voxel_grid:/home/asis/hokuyo_ws/src/install/nav2_msgs:/home/asis/hokuyo_ws/src/install/nav2_common:/home/asis/hokuyo_ws/install/urg_node2:/home/asis/hokuyo_ws/install/slam_toolbox:/opt/ros/humble LD_LIBRARY_PATH=/home/asis/hokuyo_ws/src/install/nav2_costmap_2d/lib:/home/asis/hokuyo_ws/src/install/nav2_util/lib:/home/asis/hokuyo_ws/src/install/nav2_voxel_grid/lib:/home/asis/hokuyo_ws/src/install/nav2_msgs/lib:${LD_LIBRARY_PATH} PYTHONPATH=/home/asis/hokuyo_ws/src/install/nav2_msgs/local/lib/python3.10/dist-packages:/home/asis/hokuyo_ws/src/install/nav2_common/local/lib/python3.10/dist-packages:${PYTHONPATH} /usr/bin/cmake --install /home/asis/hokuyo_ws/src/build/nav2_waypoint_follower
[155.646s] -- Install configuration: "Release"
[155.646s] -- Installing: /home/asis/hokuyo_ws/src/install/nav2_waypoint_follower/lib/libwaypoint_follower_core.so
[155.646s] -- Set runtime path of "/home/asis/hokuyo_ws/src/install/nav2_waypoint_follower/lib/libwaypoint_follower_core.so" to ""
[155.646s] -- Installing: /home/asis/hokuyo_ws/src/install/nav2_waypoint_follower/lib/libwait_at_waypoint.so
[155.646s] -- Set runtime path of "/home/asis/hokuyo_ws/src/install/nav2_waypoint_follower/lib/libwait_at_waypoint.so" to ""
[155.646s] -- Installing: /home/asis/hokuyo_ws/src/install/nav2_waypoint_follower/lib/libphoto_at_waypoint.so
[155.646s] -- Set runtime path of "/home/asis/hokuyo_ws/src/install/nav2_waypoint_follower/lib/libphoto_at_waypoint.so" to ""
[155.646s] -- Installing: /home/asis/hokuyo_ws/src/install/nav2_waypoint_follower/lib/libinput_at_waypoint.so
[155.647s] -- Set runtime path of "/home/asis/hokuyo_ws/src/install/nav2_waypoint_follower/lib/libinput_at_waypoint.so" to ""
[155.647s] -- Installing: /home/asis/hokuyo_ws/src/install/nav2_waypoint_follower/lib/nav2_waypoint_follower/waypoint_follower
[155.647s] -- Set runtime path of "/home/asis/hokuyo_ws/src/install/nav2_waypoint_follower/lib/nav2_waypoint_follower/waypoint_follower" to ""
[155.647s] -- Installing: /home/asis/hokuyo_ws/src/install/nav2_waypoint_follower/include/
[155.647s] -- Installing: /home/asis/hokuyo_ws/src/install/nav2_waypoint_follower/include//nav2_waypoint_follower
[155.647s] -- Installing: /home/asis/hokuyo_ws/src/install/nav2_waypoint_follower/include//nav2_waypoint_follower/plugins
[155.647s] -- Installing: /home/asis/hokuyo_ws/src/install/nav2_waypoint_follower/include//nav2_waypoint_follower/plugins/photo_at_waypoint.hpp
[155.647s] -- Installing: /home/asis/hokuyo_ws/src/install/nav2_waypoint_follower/include//nav2_waypoint_follower/plugins/wait_at_waypoint.hpp
[155.649s] -- Installing: /home/asis/hokuyo_ws/src/install/nav2_waypoint_follower/include//nav2_waypoint_follower/plugins/input_at_waypoint.hpp
[155.649s] -- Installing: /home/asis/hokuyo_ws/src/install/nav2_waypoint_follower/include//nav2_waypoint_follower/waypoint_follower.hpp
[155.649s] -- Installing: /home/asis/hokuyo_ws/src/install/nav2_waypoint_follower/share/nav2_waypoint_follower/environment/library_path.sh
[155.649s] -- Installing: /home/asis/hokuyo_ws/src/install/nav2_waypoint_follower/share/nav2_waypoint_follower/environment/library_path.dsv
[155.649s] -- Installing: /home/asis/hokuyo_ws/src/install/nav2_waypoint_follower/share/nav2_waypoint_follower/plugins.xml
[155.650s] -- Installing: /home/asis/hokuyo_ws/src/install/nav2_waypoint_follower/share/ament_index/resource_index/package_run_dependencies/nav2_waypoint_follower
[155.650s] -- Installing: /home/asis/hokuyo_ws/src/install/nav2_waypoint_follower/share/ament_index/resource_index/parent_prefix_path/nav2_waypoint_follower
[155.650s] -- Installing: /home/asis/hokuyo_ws/src/install/nav2_waypoint_follower/share/nav2_waypoint_follower/environment/ament_prefix_path.sh
[155.650s] -- Installing: /home/asis/hokuyo_ws/src/install/nav2_waypoint_follower/share/nav2_waypoint_follower/environment/ament_prefix_path.dsv
[155.650s] -- Installing: /home/asis/hokuyo_ws/src/install/nav2_waypoint_follower/share/nav2_waypoint_follower/environment/path.sh
[155.650s] -- Installing: /home/asis/hokuyo_ws/src/install/nav2_waypoint_follower/share/nav2_waypoint_follower/environment/path.dsv
[155.650s] -- Installing: /home/asis/hokuyo_ws/src/install/nav2_waypoint_follower/share/nav2_waypoint_follower/local_setup.bash
[155.650s] -- Installing: /home/asis/hokuyo_ws/src/install/nav2_waypoint_follower/share/nav2_waypoint_follower/local_setup.sh
[155.650s] -- Installing: /home/asis/hokuyo_ws/src/install/nav2_waypoint_follower/share/nav2_waypoint_follower/local_setup.zsh
[155.650s] -- Installing: /home/asis/hokuyo_ws/src/install/nav2_waypoint_follower/share/nav2_waypoint_follower/local_setup.dsv
[155.650s] -- Installing: /home/asis/hokuyo_ws/src/install/nav2_waypoint_follower/share/nav2_waypoint_follower/package.dsv
[155.651s] -- Installing: /home/asis/hokuyo_ws/src/install/nav2_waypoint_follower/share/ament_index/resource_index/packages/nav2_waypoint_follower
[155.651s] -- Installing: /home/asis/hokuyo_ws/src/install/nav2_waypoint_follower/share/ament_index/resource_index/nav2_waypoint_follower__pluginlib__plugin/nav2_waypoint_follower
[155.651s] -- Installing: /home/asis/hokuyo_ws/src/install/nav2_waypoint_follower/share/ament_index/resource_index/rclcpp_components/nav2_waypoint_follower
[155.651s] -- Installing: /home/asis/hokuyo_ws/src/install/nav2_waypoint_follower/share/nav2_waypoint_follower/cmake/ament_cmake_export_include_directories-extras.cmake
[155.651s] -- Installing: /home/asis/hokuyo_ws/src/install/nav2_waypoint_follower/share/nav2_waypoint_follower/cmake/ament_cmake_export_libraries-extras.cmake
[155.651s] -- Installing: /home/asis/hokuyo_ws/src/install/nav2_waypoint_follower/share/nav2_waypoint_follower/cmake/ament_cmake_export_dependencies-extras.cmake
[155.651s] -- Installing: /home/asis/hokuyo_ws/src/install/nav2_waypoint_follower/share/nav2_waypoint_follower/cmake/nav2_waypoint_followerConfig.cmake
[155.651s] -- Installing: /home/asis/hokuyo_ws/src/install/nav2_waypoint_follower/share/nav2_waypoint_follower/cmake/nav2_waypoint_followerConfig-version.cmake
[155.651s] -- Installing: /home/asis/hokuyo_ws/src/install/nav2_waypoint_follower/share/nav2_waypoint_follower/package.xml
[155.660s] Invoked command in '/home/asis/hokuyo_ws/src/build/nav2_waypoint_follower' returned '0': AMENT_PREFIX_PATH=/home/asis/hokuyo_ws/src/install/nav2_core:/home/asis/hokuyo_ws/src/install/nav2_costmap_2d:/home/asis/hokuyo_ws/src/install/nav2_util:/home/asis/hokuyo_ws/src/install/nav2_voxel_grid:/home/asis/hokuyo_ws/src/install/nav2_msgs:/home/asis/hokuyo_ws/src/install/nav2_common:${AMENT_PREFIX_PATH} CMAKE_PREFIX_PATH=/home/asis/hokuyo_ws/src/install/nav2_core:/home/asis/hokuyo_ws/src/install/nav2_costmap_2d:/home/asis/hokuyo_ws/src/install/nav2_util:/home/asis/hokuyo_ws/src/install/nav2_voxel_grid:/home/asis/hokuyo_ws/src/install/nav2_msgs:/home/asis/hokuyo_ws/src/install/nav2_common:/home/asis/hokuyo_ws/install/urg_node2:/home/asis/hokuyo_ws/install/slam_toolbox:/opt/ros/humble LD_LIBRARY_PATH=/home/asis/hokuyo_ws/src/install/nav2_costmap_2d/lib:/home/asis/hokuyo_ws/src/install/nav2_util/lib:/home/asis/hokuyo_ws/src/install/nav2_voxel_grid/lib:/home/asis/hokuyo_ws/src/install/nav2_msgs/lib:${LD_LIBRARY_PATH} PYTHONPATH=/home/asis/hokuyo_ws/src/install/nav2_msgs/local/lib/python3.10/dist-packages:/home/asis/hokuyo_ws/src/install/nav2_common/local/lib/python3.10/dist-packages:${PYTHONPATH} /usr/bin/cmake --install /home/asis/hokuyo_ws/src/build/nav2_waypoint_follower
