[0.010s] Invoking command in '/home/asis/hokuyo_ws/src/build/nav2_util': AMENT_PREFIX_PATH=/home/asis/hokuyo_ws/src/install/nav2_msgs:/home/asis/hokuyo_ws/src/install/nav2_common:${AMENT_PREFIX_PATH} CMAKE_PREFIX_PATH=/home/asis/hokuyo_ws/src/install/nav2_msgs:/home/asis/hokuyo_ws/src/install/nav2_common:/home/asis/hokuyo_ws/install/urg_node2:/home/asis/hokuyo_ws/install/slam_toolbox:/opt/ros/humble LD_LIBRARY_PATH=/home/asis/hokuyo_ws/src/install/nav2_msgs/lib:${LD_LIBRARY_PATH} PYTHONPATH=/home/asis/hokuyo_ws/src/install/nav2_msgs/local/lib/python3.10/dist-packages:/home/asis/hokuyo_ws/src/install/nav2_common/local/lib/python3.10/dist-packages:${PYTHONPATH} /usr/bin/cmake /home/asis/hokuyo_ws/src/navigation2/nav2_util -DCMAKE_INSTALL_PREFIX=/home/asis/hokuyo_ws/src/install/nav2_util
[0.065s] -- The C compiler identification is GNU 11.4.0
[0.116s] -- The CXX compiler identification is GNU 11.4.0
[0.123s] -- Detecting C compiler ABI info
[0.187s] -- Detecting C compiler ABI info - done
[0.200s] -- Check for working C compiler: /usr/bin/cc - skipped
[0.201s] -- Detecting C compile features
[0.201s] -- Detecting C compile features - done
[0.206s] -- Detecting CXX compiler ABI info
[0.284s] -- Detecting CXX compiler ABI info - done
[0.291s] -- Check for working CXX compiler: /usr/bin/c++ - skipped
[0.292s] -- Detecting CXX compile features
[0.292s] -- Detecting CXX compile features - done
[0.295s] -- Found ament_cmake: 1.3.9 (/opt/ros/humble/share/ament_cmake/cmake)
[0.434s] -- Found Python3: /usr/bin/python3 (found version "3.10.12") found components: Interpreter 
[0.515s] -- Found nav2_common: 1.1.15 (/home/asis/hokuyo_ws/src/install/nav2_common/share/nav2_common/cmake)
[0.516s] -- Found nav2_msgs: 1.1.15 (/home/asis/hokuyo_ws/src/install/nav2_msgs/share/nav2_msgs/cmake)
[0.550s] -- Found rosidl_generator_c: 3.1.5 (/opt/ros/humble/share/rosidl_generator_c/cmake)
[0.556s] -- Found rosidl_adapter: 3.1.5 (/opt/ros/humble/share/rosidl_adapter/cmake)
[0.565s] -- Found rosidl_generator_cpp: 3.1.5 (/opt/ros/humble/share/rosidl_generator_cpp/cmake)
[0.579s] -- Using all available rosidl_typesupport_c: rosidl_typesupport_fastrtps_c;rosidl_typesupport_introspection_c
[0.601s] -- Using all available rosidl_typesupport_cpp: rosidl_typesupport_fastrtps_cpp;rosidl_typesupport_introspection_cpp
[1.035s] -- Found tf2_ros: 0.25.6 (/opt/ros/humble/share/tf2_ros/cmake)
[1.154s] -- Found rmw_implementation_cmake: 6.1.2 (/opt/ros/humble/share/rmw_implementation_cmake/cmake)
[1.157s] -- Found rmw_fastrtps_cpp: 6.2.6 (/opt/ros/humble/share/rmw_fastrtps_cpp/cmake)
[1.246s] -- Found OpenSSL: /usr/lib/x86_64-linux-gnu/libcrypto.so (found version "3.0.2")  
[1.270s] -- Found FastRTPS: /opt/ros/humble/include  
[1.314s] -- Using RMW implementation 'rmw_fastrtps_cpp' as default
[1.324s] -- Looking for pthread.h
[1.389s] -- Looking for pthread.h - found
[1.390s] -- Performing Test CMAKE_HAVE_LIBC_PTHREAD
[1.461s] -- Performing Test CMAKE_HAVE_LIBC_PTHREAD - Success
[1.462s] -- Found Threads: TRUE  
[1.791s] -- Found tf2_geometry_msgs: 0.25.6 (/opt/ros/humble/share/tf2_geometry_msgs/cmake)
[1.805s] -- Found eigen3_cmake_module: 0.1.1 (/opt/ros/humble/share/eigen3_cmake_module/cmake)
[1.806s] -- Found Eigen3: TRUE (found version "3.4.0") 
[1.806s] -- Ensuring Eigen3 include directory is part of orocos-kdl CMake target
[1.816s] -- Found lifecycle_msgs: 1.2.1 (/opt/ros/humble/share/lifecycle_msgs/cmake)
[1.833s] -- Found rclcpp_lifecycle: 16.0.9 (/opt/ros/humble/share/rclcpp_lifecycle/cmake)
[1.852s] -- Found bondcpp: 3.0.2 (/opt/ros/humble/share/bondcpp/cmake)
[1.924s] -- Setting build type to Release as none was specified.
[1.961s] -- Found Boost: /usr/lib/x86_64-linux-gnu/cmake/Boost-1.74.0/BoostConfig.cmake (found version "1.74.0") found components: program_options 
[1.963s] -- Found ament_lint_auto: 0.12.11 (/opt/ros/humble/share/ament_lint_auto/cmake)
[1.965s] -- Found ament_cmake_pytest: 1.3.9 (/opt/ros/humble/share/ament_cmake_pytest/cmake)
[1.967s] -- Found launch_testing_ament_cmake: 1.0.6 (/opt/ros/humble/share/launch_testing_ament_cmake/cmake)
[1.968s] -- Found python_cmake_module: 0.10.0 (/opt/ros/humble/share/python_cmake_module/cmake)
[1.988s] -- Found PythonInterp: /usr/bin/python3 (found suitable version "3.10.12", minimum required is "3.6") 
[1.992s] -- Found PythonLibs: /usr/lib/x86_64-linux-gnu/libpython3.10.so (found suitable version "3.10.12", minimum required is "3.5") 
[1.992s] -- Using PYTHON_EXECUTABLE: /usr/bin/python3
[1.992s] -- Using PYTHON_INCLUDE_DIRS: /usr/include/python3.10
[1.992s] -- Using PYTHON_LIBRARIES: /usr/lib/x86_64-linux-gnu/libpython3.10.so
[2.011s] -- Found PythonExtra: .so  
[2.193s] -- Found gtest sources under '/opt/ros/humble/src/gtest_vendor': C++ tests using 'Google Test' will be built
[2.220s] -- Added test 'copyright' to check source files copyright and LICENSE
[2.223s] -- Added test 'cppcheck' to perform static code analysis on C / C++ code
[2.223s] -- Configured cppcheck include dirs: /home/asis/hokuyo_ws/src/navigation2/nav2_util/include
[2.223s] -- Configured cppcheck exclude dirs and/or files: 
[2.225s] -- Added test 'cpplint' to check C / C++ code against the Google style
[2.225s] -- Configured cpplint exclude dirs and/or files: 
[2.226s] -- Added test 'lint_cmake' to check CMake code style
[2.229s] -- Added test 'uncrustify' to check C / C++ code style
[2.229s] -- Configured uncrustify additional arguments: 
[2.229s] -- Added test 'xmllint' to check XML markup files
[2.232s] -- Configuring done
[2.397s] -- Generating done
[2.400s] -- Build files have been written to: /home/asis/hokuyo_ws/src/build/nav2_util
[2.413s] Invoked command in '/home/asis/hokuyo_ws/src/build/nav2_util' returned '0': AMENT_PREFIX_PATH=/home/asis/hokuyo_ws/src/install/nav2_msgs:/home/asis/hokuyo_ws/src/install/nav2_common:${AMENT_PREFIX_PATH} CMAKE_PREFIX_PATH=/home/asis/hokuyo_ws/src/install/nav2_msgs:/home/asis/hokuyo_ws/src/install/nav2_common:/home/asis/hokuyo_ws/install/urg_node2:/home/asis/hokuyo_ws/install/slam_toolbox:/opt/ros/humble LD_LIBRARY_PATH=/home/asis/hokuyo_ws/src/install/nav2_msgs/lib:${LD_LIBRARY_PATH} PYTHONPATH=/home/asis/hokuyo_ws/src/install/nav2_msgs/local/lib/python3.10/dist-packages:/home/asis/hokuyo_ws/src/install/nav2_common/local/lib/python3.10/dist-packages:${PYTHONPATH} /usr/bin/cmake /home/asis/hokuyo_ws/src/navigation2/nav2_util -DCMAKE_INSTALL_PREFIX=/home/asis/hokuyo_ws/src/install/nav2_util
[2.414s] Invoking command in '/home/asis/hokuyo_ws/src/build/nav2_util': AMENT_PREFIX_PATH=/home/asis/hokuyo_ws/src/install/nav2_msgs:/home/asis/hokuyo_ws/src/install/nav2_common:${AMENT_PREFIX_PATH} CMAKE_PREFIX_PATH=/home/asis/hokuyo_ws/src/install/nav2_msgs:/home/asis/hokuyo_ws/src/install/nav2_common:/home/asis/hokuyo_ws/install/urg_node2:/home/asis/hokuyo_ws/install/slam_toolbox:/opt/ros/humble LD_LIBRARY_PATH=/home/asis/hokuyo_ws/src/install/nav2_msgs/lib:${LD_LIBRARY_PATH} PYTHONPATH=/home/asis/hokuyo_ws/src/install/nav2_msgs/local/lib/python3.10/dist-packages:/home/asis/hokuyo_ws/src/install/nav2_common/local/lib/python3.10/dist-packages:${PYTHONPATH} /usr/bin/cmake --build /home/asis/hokuyo_ws/src/build/nav2_util -- -j8 -l8
[2.469s] [  7%] [32mBuilding CXX object gtest/CMakeFiles/gtest.dir/src/gtest-all.cc.o[0m
[2.469s] [  7%] [32mBuilding CXX object src/CMakeFiles/nav2_util_core.dir/costmap.cpp.o[0m
[2.469s] [ 12%] [32mBuilding CXX object src/CMakeFiles/nav2_util_core.dir/lifecycle_service_client.cpp.o[0m
[2.469s] [ 12%] [32mBuilding CXX object gtest/CMakeFiles/gtest_main.dir/src/gtest_main.cc.o[0m
[2.469s] [ 15%] [32mBuilding CXX object src/CMakeFiles/nav2_util_core.dir/string_utils.cpp.o[0m
[2.469s] [ 15%] [32mBuilding CXX object src/CMakeFiles/nav2_util_core.dir/node_utils.cpp.o[0m
[2.474s] [ 17%] [32mBuilding CXX object src/CMakeFiles/nav2_util_core.dir/lifecycle_utils.cpp.o[0m
[2.480s] [ 20%] [32mBuilding CXX object src/CMakeFiles/nav2_util_core.dir/lifecycle_node.cpp.o[0m
[3.329s] [ 22%] [32mBuilding CXX object src/CMakeFiles/nav2_util_core.dir/robot_utils.cpp.o[0m
[4.462s] [ 25%] [32m[1mLinking CXX static library libgtest_main.a[0m
[4.598s] [ 25%] Built target gtest_main
[4.633s] [ 27%] [32mBuilding CXX object src/CMakeFiles/nav2_util_core.dir/node_thread.cpp.o[0m
[8.289s] [ 30%] [32mBuilding CXX object src/CMakeFiles/nav2_util_core.dir/odometry_utils.cpp.o[0m
[12.298s] [ 32%] [32m[1mLinking CXX static library libgtest.a[0m
[12.335s] [ 32%] Built target gtest
[12.355s] [ 35%] [32mBuilding CXX object test/CMakeFiles/test_execution_timer.dir/test_execution_timer.cpp.o[0m
[13.488s] [ 37%] [32m[1mLinking CXX executable test_execution_timer[0m
[13.580s] [ 37%] Built target test_execution_timer
[17.967s] [ 40%] [32m[1mLinking CXX shared library libnav2_util_core.so[0m
[18.169s] [ 40%] Built target nav2_util_core
[18.197s] [ 42%] [32mBuilding CXX object test/CMakeFiles/test_service_client.dir/test_service_client.cpp.o[0m
[18.198s] [ 47%] [32mBuilding CXX object src/CMakeFiles/lifecycle_bringup.dir/lifecycle_bringup_commandline.cpp.o[0m
[18.198s] [ 47%] [32mBuilding CXX object test/CMakeFiles/test_actions.dir/test_actions.cpp.o[0m
[18.199s] [ 52%] [32mBuilding CXX object test/CMakeFiles/test_node_utils.dir/test_node_utils.cpp.o[0m
[18.199s] [ 52%] [32mBuilding CXX object test/CMakeFiles/test_string_utils.dir/test_string_utils.cpp.o[0m
[18.209s] [ 55%] [32mBuilding CXX object test/CMakeFiles/test_lifecycle_node.dir/test_lifecycle_node.cpp.o[0m
[18.221s] [ 57%] [32mBuilding CXX object test/CMakeFiles/test_lifecycle_cli_node.dir/test_lifecycle_cli_node.cpp.o[0m
[18.222s] [ 60%] [32mBuilding CXX object test/CMakeFiles/test_lifecycle_utils.dir/test_lifecycle_utils.cpp.o[0m
[21.295s] [ 62%] [32m[1mLinking CXX executable test_string_utils[0m
[22.012s] [ 62%] Built target test_string_utils
[22.109s] [ 65%] [32mBuilding CXX object test/CMakeFiles/test_geometry_utils.dir/test_geometry_utils.cpp.o[0m
[25.094s] [ 67%] [32m[1mLinking CXX executable lifecycle_bringup[0m
[25.782s] [ 67%] Built target lifecycle_bringup
[25.919s] [ 70%] [32mBuilding CXX object test/CMakeFiles/test_odometry_utils.dir/test_odometry_utils.cpp.o[0m
[27.006s] [ 72%] [32m[1mLinking CXX executable test_lifecycle_cli_node[0m
[27.546s] [ 72%] Built target test_lifecycle_cli_node
[27.691s] [ 75%] [32mBuilding CXX object test/CMakeFiles/test_robot_utils.dir/test_robot_utils.cpp.o[0m
[28.186s] [ 77%] [32m[1mLinking CXX executable test_lifecycle_utils[0m
[28.761s] [ 80%] [32m[1mLinking CXX executable test_node_utils[0m
[28.826s] [ 82%] [32m[1mLinking CXX executable test_lifecycle_node[0m
[28.859s] [ 82%] Built target test_lifecycle_utils
[28.994s] [ 85%] [32mBuilding CXX object test/CMakeFiles/test_validation_messages.dir/test_validation_messages.cpp.o[0m
[29.253s] [ 85%] Built target test_node_utils
[29.679s] [ 85%] Built target test_lifecycle_node
[30.446s] [ 87%] [32m[1mLinking CXX executable test_geometry_utils[0m
[30.899s] [ 87%] Built target test_geometry_utils
[31.910s] [ 90%] [32m[1mLinking CXX executable test_validation_messages[0m
[32.795s] [ 90%] Built target test_validation_messages
[34.511s] [ 92%] [32m[1mLinking CXX executable test_robot_utils[0m
[34.722s] [ 92%] Built target test_robot_utils
[36.213s] [ 95%] [32m[1mLinking CXX executable test_odometry_utils[0m
[36.414s] [ 95%] Built target test_odometry_utils
[38.035s] [ 97%] [32m[1mLinking CXX executable test_service_client[0m
[38.278s] [ 97%] Built target test_service_client
[42.832s] [100%] [32m[1mLinking CXX executable test_actions[0m
[43.096s] [100%] Built target test_actions
[43.107s] Invoked command in '/home/asis/hokuyo_ws/src/build/nav2_util' returned '0': AMENT_PREFIX_PATH=/home/asis/hokuyo_ws/src/install/nav2_msgs:/home/asis/hokuyo_ws/src/install/nav2_common:${AMENT_PREFIX_PATH} CMAKE_PREFIX_PATH=/home/asis/hokuyo_ws/src/install/nav2_msgs:/home/asis/hokuyo_ws/src/install/nav2_common:/home/asis/hokuyo_ws/install/urg_node2:/home/asis/hokuyo_ws/install/slam_toolbox:/opt/ros/humble LD_LIBRARY_PATH=/home/asis/hokuyo_ws/src/install/nav2_msgs/lib:${LD_LIBRARY_PATH} PYTHONPATH=/home/asis/hokuyo_ws/src/install/nav2_msgs/local/lib/python3.10/dist-packages:/home/asis/hokuyo_ws/src/install/nav2_common/local/lib/python3.10/dist-packages:${PYTHONPATH} /usr/bin/cmake --build /home/asis/hokuyo_ws/src/build/nav2_util -- -j8 -l8
[43.142s] Invoking command in '/home/asis/hokuyo_ws/src/build/nav2_util': AMENT_PREFIX_PATH=/home/asis/hokuyo_ws/src/install/nav2_msgs:/home/asis/hokuyo_ws/src/install/nav2_common:${AMENT_PREFIX_PATH} CMAKE_PREFIX_PATH=/home/asis/hokuyo_ws/src/install/nav2_msgs:/home/asis/hokuyo_ws/src/install/nav2_common:/home/asis/hokuyo_ws/install/urg_node2:/home/asis/hokuyo_ws/install/slam_toolbox:/opt/ros/humble LD_LIBRARY_PATH=/home/asis/hokuyo_ws/src/install/nav2_msgs/lib:${LD_LIBRARY_PATH} PYTHONPATH=/home/asis/hokuyo_ws/src/install/nav2_msgs/local/lib/python3.10/dist-packages:/home/asis/hokuyo_ws/src/install/nav2_common/local/lib/python3.10/dist-packages:${PYTHONPATH} /usr/bin/cmake --install /home/asis/hokuyo_ws/src/build/nav2_util
[43.150s] -- Install configuration: "Release"
[43.150s] -- Installing: /home/asis/hokuyo_ws/src/install/nav2_util/include/
[43.150s] -- Installing: /home/asis/hokuyo_ws/src/install/nav2_util/include//nav2_util
[43.151s] -- Installing: /home/asis/hokuyo_ws/src/install/nav2_util/include//nav2_util/robot_utils.hpp
[43.151s] -- Installing: /home/asis/hokuyo_ws/src/install/nav2_util/include//nav2_util/lifecycle_node.hpp
[43.151s] -- Installing: /home/asis/hokuyo_ws/src/install/nav2_util/include//nav2_util/string_utils.hpp
[43.151s] -- Installing: /home/asis/hokuyo_ws/src/install/nav2_util/include//nav2_util/validate_messages.hpp
[43.151s] -- Installing: /home/asis/hokuyo_ws/src/install/nav2_util/include//nav2_util/node_utils.hpp
[43.151s] -- Installing: /home/asis/hokuyo_ws/src/install/nav2_util/include//nav2_util/lifecycle_service_client.hpp
[43.151s] -- Installing: /home/asis/hokuyo_ws/src/install/nav2_util/include//nav2_util/costmap.hpp
[43.152s] -- Installing: /home/asis/hokuyo_ws/src/install/nav2_util/include//nav2_util/execution_timer.hpp
[43.152s] -- Installing: /home/asis/hokuyo_ws/src/install/nav2_util/include//nav2_util/line_iterator.hpp
[43.152s] -- Installing: /home/asis/hokuyo_ws/src/install/nav2_util/include//nav2_util/occ_grid_values.hpp
[43.152s] -- Installing: /home/asis/hokuyo_ws/src/install/nav2_util/include//nav2_util/service_client.hpp
[43.152s] -- Installing: /home/asis/hokuyo_ws/src/install/nav2_util/include//nav2_util/geometry_utils.hpp
[43.152s] -- Installing: /home/asis/hokuyo_ws/src/install/nav2_util/include//nav2_util/lifecycle_utils.hpp
[43.153s] -- Installing: /home/asis/hokuyo_ws/src/install/nav2_util/include//nav2_util/simple_action_server.hpp
[43.153s] -- Installing: /home/asis/hokuyo_ws/src/install/nav2_util/include//nav2_util/node_thread.hpp
[43.153s] -- Installing: /home/asis/hokuyo_ws/src/install/nav2_util/include//nav2_util/odometry_utils.hpp
[43.153s] -- Installing: /home/asis/hokuyo_ws/src/install/nav2_util/include//nav2_util/clear_entirely_costmap_service_client.hpp
[43.153s] -- Installing: /home/asis/hokuyo_ws/src/install/nav2_util/share/nav2_util/environment/library_path.sh
[43.154s] -- Installing: /home/asis/hokuyo_ws/src/install/nav2_util/share/nav2_util/environment/library_path.dsv
[43.154s] -- Installing: /home/asis/hokuyo_ws/src/install/nav2_util/share/ament_index/resource_index/package_run_dependencies/nav2_util
[43.154s] -- Installing: /home/asis/hokuyo_ws/src/install/nav2_util/share/ament_index/resource_index/parent_prefix_path/nav2_util
[43.155s] -- Installing: /home/asis/hokuyo_ws/src/install/nav2_util/share/nav2_util/environment/ament_prefix_path.sh
[43.155s] -- Installing: /home/asis/hokuyo_ws/src/install/nav2_util/share/nav2_util/environment/ament_prefix_path.dsv
[43.155s] -- Installing: /home/asis/hokuyo_ws/src/install/nav2_util/share/nav2_util/environment/path.sh
[43.155s] -- Installing: /home/asis/hokuyo_ws/src/install/nav2_util/share/nav2_util/environment/path.dsv
[43.155s] -- Installing: /home/asis/hokuyo_ws/src/install/nav2_util/share/nav2_util/local_setup.bash
[43.156s] -- Installing: /home/asis/hokuyo_ws/src/install/nav2_util/share/nav2_util/local_setup.sh
[43.156s] -- Installing: /home/asis/hokuyo_ws/src/install/nav2_util/share/nav2_util/local_setup.zsh
[43.156s] -- Installing: /home/asis/hokuyo_ws/src/install/nav2_util/share/nav2_util/local_setup.dsv
[43.156s] -- Installing: /home/asis/hokuyo_ws/src/install/nav2_util/share/nav2_util/package.dsv
[43.157s] -- Installing: /home/asis/hokuyo_ws/src/install/nav2_util/share/ament_index/resource_index/packages/nav2_util
[43.157s] -- Installing: /home/asis/hokuyo_ws/src/install/nav2_util/share/nav2_util/cmake/ament_cmake_export_include_directories-extras.cmake
[43.157s] -- Installing: /home/asis/hokuyo_ws/src/install/nav2_util/share/nav2_util/cmake/ament_cmake_export_libraries-extras.cmake
[43.157s] -- Installing: /home/asis/hokuyo_ws/src/install/nav2_util/share/nav2_util/cmake/ament_cmake_export_dependencies-extras.cmake
[43.157s] -- Installing: /home/asis/hokuyo_ws/src/install/nav2_util/share/nav2_util/cmake/nav2_utilConfig.cmake
[43.158s] -- Installing: /home/asis/hokuyo_ws/src/install/nav2_util/share/nav2_util/cmake/nav2_utilConfig-version.cmake
[43.158s] -- Installing: /home/asis/hokuyo_ws/src/install/nav2_util/share/nav2_util/package.xml
[43.158s] -- Installing: /home/asis/hokuyo_ws/src/install/nav2_util/lib/libnav2_util_core.so
[43.161s] -- Set runtime path of "/home/asis/hokuyo_ws/src/install/nav2_util/lib/libnav2_util_core.so" to ""
[43.161s] -- Installing: /home/asis/hokuyo_ws/src/install/nav2_util/lib/nav2_util/lifecycle_bringup
[43.162s] -- Set runtime path of "/home/asis/hokuyo_ws/src/install/nav2_util/lib/nav2_util/lifecycle_bringup" to ""
[43.164s] Invoked command in '/home/asis/hokuyo_ws/src/build/nav2_util' returned '0': AMENT_PREFIX_PATH=/home/asis/hokuyo_ws/src/install/nav2_msgs:/home/asis/hokuyo_ws/src/install/nav2_common:${AMENT_PREFIX_PATH} CMAKE_PREFIX_PATH=/home/asis/hokuyo_ws/src/install/nav2_msgs:/home/asis/hokuyo_ws/src/install/nav2_common:/home/asis/hokuyo_ws/install/urg_node2:/home/asis/hokuyo_ws/install/slam_toolbox:/opt/ros/humble LD_LIBRARY_PATH=/home/asis/hokuyo_ws/src/install/nav2_msgs/lib:${LD_LIBRARY_PATH} PYTHONPATH=/home/asis/hokuyo_ws/src/install/nav2_msgs/local/lib/python3.10/dist-packages:/home/asis/hokuyo_ws/src/install/nav2_common/local/lib/python3.10/dist-packages:${PYTHONPATH} /usr/bin/cmake --install /home/asis/hokuyo_ws/src/build/nav2_util
