[0.055s] Invoking command in '/home/asis/hokuyo_ws/src/build/nav2_graceful_controller': AMENT_PREFIX_PATH=/home/asis/hokuyo_ws/src/install/nav2_controller:/home/asis/hokuyo_ws/src/install/nav2_core:/home/asis/hokuyo_ws/src/install/nav2_costmap_2d:/home/asis/hokuyo_ws/src/install/nav_2d_utils:/home/asis/hokuyo_ws/src/install/nav2_util:/home/asis/hokuyo_ws/src/install/nav2_voxel_grid:/home/asis/hokuyo_ws/src/install/nav2_msgs:/home/asis/hokuyo_ws/src/install/nav_2d_msgs:/home/asis/hokuyo_ws/src/install/nav2_common:${AMENT_PREFIX_PATH} CMAKE_PREFIX_PATH=/home/asis/hokuyo_ws/src/install/nav2_controller:/home/asis/hokuyo_ws/src/install/nav2_core:/home/asis/hokuyo_ws/src/install/nav2_costmap_2d:/home/asis/hokuyo_ws/src/install/nav_2d_utils:/home/asis/hokuyo_ws/src/install/nav2_util:/home/asis/hokuyo_ws/src/install/nav2_voxel_grid:/home/asis/hokuyo_ws/src/install/nav2_msgs:/home/asis/hokuyo_ws/src/install/nav_2d_msgs:/home/asis/hokuyo_ws/src/install/nav2_common:/home/asis/hokuyo_ws/install/urg_node2:/home/asis/hokuyo_ws/install/slam_toolbox:/opt/ros/humble LD_LIBRARY_PATH=/home/asis/hokuyo_ws/src/install/nav2_controller/lib:/home/asis/hokuyo_ws/src/install/nav2_costmap_2d/lib:/home/asis/hokuyo_ws/src/install/nav_2d_utils/lib:/home/asis/hokuyo_ws/src/install/nav2_util/lib:/home/asis/hokuyo_ws/src/install/nav2_voxel_grid/lib:/home/asis/hokuyo_ws/src/install/nav2_msgs/lib:/home/asis/hokuyo_ws/src/install/nav_2d_msgs/lib:${LD_LIBRARY_PATH} PYTHONPATH=/home/asis/hokuyo_ws/src/install/nav2_msgs/local/lib/python3.10/dist-packages:/home/asis/hokuyo_ws/src/install/nav_2d_msgs/local/lib/python3.10/dist-packages:/home/asis/hokuyo_ws/src/install/nav2_common/local/lib/python3.10/dist-packages:${PYTHONPATH} /usr/bin/cmake /home/asis/hokuyo_ws/src/navigation2/nav2_graceful_controller -DCMAKE_INSTALL_PREFIX=/home/asis/hokuyo_ws/src/install/nav2_graceful_controller
[0.167s] -- The C compiler identification is GNU 11.4.0
[0.265s] -- The CXX compiler identification is GNU 11.4.0
[0.281s] -- Detecting C compiler ABI info
[0.414s] -- Detecting C compiler ABI info - done
[0.427s] -- Check for working C compiler: /usr/bin/cc - skipped
[0.427s] -- Detecting C compile features
[0.428s] -- Detecting C compile features - done
[0.434s] -- Detecting CXX compiler ABI info
[0.600s] -- Detecting CXX compiler ABI info - done
[0.616s] -- Check for working CXX compiler: /usr/bin/c++ - skipped
[0.616s] -- Detecting CXX compile features
[0.617s] -- Detecting CXX compile features - done
[0.623s] -- Found ament_cmake: 1.3.9 (/opt/ros/humble/share/ament_cmake/cmake)
[0.889s] -- Found Python3: /usr/bin/python3 (found version "3.10.12") found components: Interpreter 
[1.052s] -- Found nav2_common: 1.1.15 (/home/asis/hokuyo_ws/src/install/nav2_common/share/nav2_common/cmake)
[1.053s] -- Found nav2_core: 1.1.15 (/home/asis/hokuyo_ws/src/install/nav2_core/share/nav2_core/cmake)
[1.141s] -- Found rosidl_generator_c: 3.1.5 (/opt/ros/humble/share/rosidl_generator_c/cmake)
[1.152s] -- Found rosidl_adapter: 3.1.5 (/opt/ros/humble/share/rosidl_adapter/cmake)
[1.169s] -- Found rosidl_generator_cpp: 3.1.5 (/opt/ros/humble/share/rosidl_generator_cpp/cmake)
[1.224s] -- Using all available rosidl_typesupport_c: rosidl_typesupport_fastrtps_c;rosidl_typesupport_introspection_c
[1.262s] -- Using all available rosidl_typesupport_cpp: rosidl_typesupport_fastrtps_cpp;rosidl_typesupport_introspection_cpp
[1.393s] -- Found rmw_implementation_cmake: 6.1.2 (/opt/ros/humble/share/rmw_implementation_cmake/cmake)
[1.399s] -- Found rmw_fastrtps_cpp: 6.2.6 (/opt/ros/humble/share/rmw_fastrtps_cpp/cmake)
[1.589s] -- Found OpenSSL: /usr/lib/x86_64-linux-gnu/libcrypto.so (found version "3.0.2")  
[1.618s] -- Found FastRTPS: /opt/ros/humble/include  
[1.693s] -- Using RMW implementation 'rmw_fastrtps_cpp' as default
[1.712s] -- Looking for pthread.h
[1.841s] -- Looking for pthread.h - found
[1.853s] -- Performing Test CMAKE_HAVE_LIBC_PTHREAD
[1.970s] -- Performing Test CMAKE_HAVE_LIBC_PTHREAD - Success
[1.972s] -- Found Threads: TRUE  
[3.637s] -- Found Eigen3: TRUE (found version "3.4.0") 
[3.637s] -- Ensuring Eigen3 include directory is part of orocos-kdl CMake target
[5.249s] -- Found nav_2d_utils: 1.1.15 (/home/asis/hokuyo_ws/src/install/nav_2d_utils/share/nav_2d_utils/cmake)
[6.003s] -- Setting build type to Release as none was specified.
[14.663s] -- Found ament_lint_auto: 0.12.11 (/opt/ros/humble/share/ament_lint_auto/cmake)
[16.810s] -- Found gtest sources under '/opt/ros/humble/src/gtest_vendor': C++ tests using 'Google Test' will be built
[24.954s] -- Added test 'cppcheck' to perform static code analysis on C / C++ code
[24.955s] -- Configured cppcheck include dirs: /home/asis/hokuyo_ws/src/navigation2/nav2_graceful_controller/include
[24.955s] -- Configured cppcheck exclude dirs and/or files: 
[24.956s] -- Added test 'cpplint' to check C / C++ code against the Google style
[24.957s] -- Configured cpplint exclude dirs and/or files: 
[24.958s] -- Added test 'lint_cmake' to check CMake code style
[24.960s] -- Added test 'uncrustify' to check C / C++ code style
[24.960s] -- Configured uncrustify additional arguments: 
[24.961s] -- Added test 'xmllint' to check XML markup files
[24.964s] -- Configuring done
[25.196s] -- Generating done
[25.199s] -- Build files have been written to: /home/asis/hokuyo_ws/src/build/nav2_graceful_controller
[25.214s] Invoked command in '/home/asis/hokuyo_ws/src/build/nav2_graceful_controller' returned '0': AMENT_PREFIX_PATH=/home/asis/hokuyo_ws/src/install/nav2_controller:/home/asis/hokuyo_ws/src/install/nav2_core:/home/asis/hokuyo_ws/src/install/nav2_costmap_2d:/home/asis/hokuyo_ws/src/install/nav_2d_utils:/home/asis/hokuyo_ws/src/install/nav2_util:/home/asis/hokuyo_ws/src/install/nav2_voxel_grid:/home/asis/hokuyo_ws/src/install/nav2_msgs:/home/asis/hokuyo_ws/src/install/nav_2d_msgs:/home/asis/hokuyo_ws/src/install/nav2_common:${AMENT_PREFIX_PATH} CMAKE_PREFIX_PATH=/home/asis/hokuyo_ws/src/install/nav2_controller:/home/asis/hokuyo_ws/src/install/nav2_core:/home/asis/hokuyo_ws/src/install/nav2_costmap_2d:/home/asis/hokuyo_ws/src/install/nav_2d_utils:/home/asis/hokuyo_ws/src/install/nav2_util:/home/asis/hokuyo_ws/src/install/nav2_voxel_grid:/home/asis/hokuyo_ws/src/install/nav2_msgs:/home/asis/hokuyo_ws/src/install/nav_2d_msgs:/home/asis/hokuyo_ws/src/install/nav2_common:/home/asis/hokuyo_ws/install/urg_node2:/home/asis/hokuyo_ws/install/slam_toolbox:/opt/ros/humble LD_LIBRARY_PATH=/home/asis/hokuyo_ws/src/install/nav2_controller/lib:/home/asis/hokuyo_ws/src/install/nav2_costmap_2d/lib:/home/asis/hokuyo_ws/src/install/nav_2d_utils/lib:/home/asis/hokuyo_ws/src/install/nav2_util/lib:/home/asis/hokuyo_ws/src/install/nav2_voxel_grid/lib:/home/asis/hokuyo_ws/src/install/nav2_msgs/lib:/home/asis/hokuyo_ws/src/install/nav_2d_msgs/lib:${LD_LIBRARY_PATH} PYTHONPATH=/home/asis/hokuyo_ws/src/install/nav2_msgs/local/lib/python3.10/dist-packages:/home/asis/hokuyo_ws/src/install/nav_2d_msgs/local/lib/python3.10/dist-packages:/home/asis/hokuyo_ws/src/install/nav2_common/local/lib/python3.10/dist-packages:${PYTHONPATH} /usr/bin/cmake /home/asis/hokuyo_ws/src/navigation2/nav2_graceful_controller -DCMAKE_INSTALL_PREFIX=/home/asis/hokuyo_ws/src/install/nav2_graceful_controller
[25.216s] Invoking command in '/home/asis/hokuyo_ws/src/build/nav2_graceful_controller': AMENT_PREFIX_PATH=/home/asis/hokuyo_ws/src/install/nav2_controller:/home/asis/hokuyo_ws/src/install/nav2_core:/home/asis/hokuyo_ws/src/install/nav2_costmap_2d:/home/asis/hokuyo_ws/src/install/nav_2d_utils:/home/asis/hokuyo_ws/src/install/nav2_util:/home/asis/hokuyo_ws/src/install/nav2_voxel_grid:/home/asis/hokuyo_ws/src/install/nav2_msgs:/home/asis/hokuyo_ws/src/install/nav_2d_msgs:/home/asis/hokuyo_ws/src/install/nav2_common:${AMENT_PREFIX_PATH} CMAKE_PREFIX_PATH=/home/asis/hokuyo_ws/src/install/nav2_controller:/home/asis/hokuyo_ws/src/install/nav2_core:/home/asis/hokuyo_ws/src/install/nav2_costmap_2d:/home/asis/hokuyo_ws/src/install/nav_2d_utils:/home/asis/hokuyo_ws/src/install/nav2_util:/home/asis/hokuyo_ws/src/install/nav2_voxel_grid:/home/asis/hokuyo_ws/src/install/nav2_msgs:/home/asis/hokuyo_ws/src/install/nav_2d_msgs:/home/asis/hokuyo_ws/src/install/nav2_common:/home/asis/hokuyo_ws/install/urg_node2:/home/asis/hokuyo_ws/install/slam_toolbox:/opt/ros/humble LD_LIBRARY_PATH=/home/asis/hokuyo_ws/src/install/nav2_controller/lib:/home/asis/hokuyo_ws/src/install/nav2_costmap_2d/lib:/home/asis/hokuyo_ws/src/install/nav_2d_utils/lib:/home/asis/hokuyo_ws/src/install/nav2_util/lib:/home/asis/hokuyo_ws/src/install/nav2_voxel_grid/lib:/home/asis/hokuyo_ws/src/install/nav2_msgs/lib:/home/asis/hokuyo_ws/src/install/nav_2d_msgs/lib:${LD_LIBRARY_PATH} PYTHONPATH=/home/asis/hokuyo_ws/src/install/nav2_msgs/local/lib/python3.10/dist-packages:/home/asis/hokuyo_ws/src/install/nav_2d_msgs/local/lib/python3.10/dist-packages:/home/asis/hokuyo_ws/src/install/nav2_common/local/lib/python3.10/dist-packages:${PYTHONPATH} /usr/bin/cmake --build /home/asis/hokuyo_ws/src/build/nav2_graceful_controller -- -j8 -l8
[25.284s] [  6%] [32mBuilding CXX object CMakeFiles/smooth_control_law.dir/src/smooth_control_law.cpp.o[0m
[28.539s] [ 13%] [32m[1mLinking CXX shared library libsmooth_control_law.so[0m
[54.805s] [ 13%] Built target smooth_control_law
[54.827s] [ 20%] [32mBuilding CXX object gtest/CMakeFiles/gtest_main.dir/src/gtest_main.cc.o[0m
[55.706s] [ 26%] [32m[1mLinking CXX static library libgtest_main.a[0m
[55.741s] [ 26%] Built target gtest_main
[55.766s] [ 33%] [32mBuilding CXX object CMakeFiles/nav2_graceful_controller.dir/src/graceful_controller.cpp.o[0m
[69.932s] [ 40%] [32mBuilding CXX object CMakeFiles/nav2_graceful_controller.dir/src/utils.cpp.o[0m
[71.267s] [ 46%] [32mBuilding CXX object CMakeFiles/nav2_graceful_controller.dir/src/path_handler.cpp.o[0m
[77.357s] [ 53%] [32mBuilding CXX object CMakeFiles/nav2_graceful_controller.dir/src/parameter_handler.cpp.o[0m
[82.875s] [ 60%] [32m[1mLinking CXX shared library libnav2_graceful_controller.so[0m
[83.774s] [ 60%] Built target nav2_graceful_controller
[83.815s] [ 66%] [32mBuilding CXX object gtest/CMakeFiles/gtest.dir/src/gtest-all.cc.o[0m
[96.180s] [ 73%] [32m[1mLinking CXX static library libgtest.a[0m
[96.244s] [ 73%] Built target gtest
[96.281s] [ 80%] [32mBuilding CXX object test/CMakeFiles/test_egopolar.dir/test_egopolar.cpp.o[0m
[96.287s] [ 86%] [32mBuilding CXX object test/CMakeFiles/test_graceful_controller.dir/test_graceful_controller.cpp.o[0m
[103.439s] [ 93%] [32m[1mLinking CXX executable test_egopolar[0m
[103.762s] [ 93%] Built target test_egopolar
[113.079s] [100%] [32m[1mLinking CXX executable test_graceful_controller[0m
[114.031s] [100%] Built target test_graceful_controller
[114.057s] Invoked command in '/home/asis/hokuyo_ws/src/build/nav2_graceful_controller' returned '0': AMENT_PREFIX_PATH=/home/asis/hokuyo_ws/src/install/nav2_controller:/home/asis/hokuyo_ws/src/install/nav2_core:/home/asis/hokuyo_ws/src/install/nav2_costmap_2d:/home/asis/hokuyo_ws/src/install/nav_2d_utils:/home/asis/hokuyo_ws/src/install/nav2_util:/home/asis/hokuyo_ws/src/install/nav2_voxel_grid:/home/asis/hokuyo_ws/src/install/nav2_msgs:/home/asis/hokuyo_ws/src/install/nav_2d_msgs:/home/asis/hokuyo_ws/src/install/nav2_common:${AMENT_PREFIX_PATH} CMAKE_PREFIX_PATH=/home/asis/hokuyo_ws/src/install/nav2_controller:/home/asis/hokuyo_ws/src/install/nav2_core:/home/asis/hokuyo_ws/src/install/nav2_costmap_2d:/home/asis/hokuyo_ws/src/install/nav_2d_utils:/home/asis/hokuyo_ws/src/install/nav2_util:/home/asis/hokuyo_ws/src/install/nav2_voxel_grid:/home/asis/hokuyo_ws/src/install/nav2_msgs:/home/asis/hokuyo_ws/src/install/nav_2d_msgs:/home/asis/hokuyo_ws/src/install/nav2_common:/home/asis/hokuyo_ws/install/urg_node2:/home/asis/hokuyo_ws/install/slam_toolbox:/opt/ros/humble LD_LIBRARY_PATH=/home/asis/hokuyo_ws/src/install/nav2_controller/lib:/home/asis/hokuyo_ws/src/install/nav2_costmap_2d/lib:/home/asis/hokuyo_ws/src/install/nav_2d_utils/lib:/home/asis/hokuyo_ws/src/install/nav2_util/lib:/home/asis/hokuyo_ws/src/install/nav2_voxel_grid/lib:/home/asis/hokuyo_ws/src/install/nav2_msgs/lib:/home/asis/hokuyo_ws/src/install/nav_2d_msgs/lib:${LD_LIBRARY_PATH} PYTHONPATH=/home/asis/hokuyo_ws/src/install/nav2_msgs/local/lib/python3.10/dist-packages:/home/asis/hokuyo_ws/src/install/nav_2d_msgs/local/lib/python3.10/dist-packages:/home/asis/hokuyo_ws/src/install/nav2_common/local/lib/python3.10/dist-packages:${PYTHONPATH} /usr/bin/cmake --build /home/asis/hokuyo_ws/src/build/nav2_graceful_controller -- -j8 -l8
[114.126s] Invoking command in '/home/asis/hokuyo_ws/src/build/nav2_graceful_controller': AMENT_PREFIX_PATH=/home/asis/hokuyo_ws/src/install/nav2_controller:/home/asis/hokuyo_ws/src/install/nav2_core:/home/asis/hokuyo_ws/src/install/nav2_costmap_2d:/home/asis/hokuyo_ws/src/install/nav_2d_utils:/home/asis/hokuyo_ws/src/install/nav2_util:/home/asis/hokuyo_ws/src/install/nav2_voxel_grid:/home/asis/hokuyo_ws/src/install/nav2_msgs:/home/asis/hokuyo_ws/src/install/nav_2d_msgs:/home/asis/hokuyo_ws/src/install/nav2_common:${AMENT_PREFIX_PATH} CMAKE_PREFIX_PATH=/home/asis/hokuyo_ws/src/install/nav2_controller:/home/asis/hokuyo_ws/src/install/nav2_core:/home/asis/hokuyo_ws/src/install/nav2_costmap_2d:/home/asis/hokuyo_ws/src/install/nav_2d_utils:/home/asis/hokuyo_ws/src/install/nav2_util:/home/asis/hokuyo_ws/src/install/nav2_voxel_grid:/home/asis/hokuyo_ws/src/install/nav2_msgs:/home/asis/hokuyo_ws/src/install/nav_2d_msgs:/home/asis/hokuyo_ws/src/install/nav2_common:/home/asis/hokuyo_ws/install/urg_node2:/home/asis/hokuyo_ws/install/slam_toolbox:/opt/ros/humble LD_LIBRARY_PATH=/home/asis/hokuyo_ws/src/install/nav2_controller/lib:/home/asis/hokuyo_ws/src/install/nav2_costmap_2d/lib:/home/asis/hokuyo_ws/src/install/nav_2d_utils/lib:/home/asis/hokuyo_ws/src/install/nav2_util/lib:/home/asis/hokuyo_ws/src/install/nav2_voxel_grid/lib:/home/asis/hokuyo_ws/src/install/nav2_msgs/lib:/home/asis/hokuyo_ws/src/install/nav_2d_msgs/lib:${LD_LIBRARY_PATH} PYTHONPATH=/home/asis/hokuyo_ws/src/install/nav2_msgs/local/lib/python3.10/dist-packages:/home/asis/hokuyo_ws/src/install/nav_2d_msgs/local/lib/python3.10/dist-packages:/home/asis/hokuyo_ws/src/install/nav2_common/local/lib/python3.10/dist-packages:${PYTHONPATH} /usr/bin/cmake --install /home/asis/hokuyo_ws/src/build/nav2_graceful_controller
[114.142s] -- Install configuration: "Release"
[114.143s] -- Installing: /home/asis/hokuyo_ws/src/install/nav2_graceful_controller/lib/libsmooth_control_law.so
[114.146s] -- Set runtime path of "/home/asis/hokuyo_ws/src/install/nav2_graceful_controller/lib/libsmooth_control_law.so" to ""
[114.146s] -- Installing: /home/asis/hokuyo_ws/src/install/nav2_graceful_controller/lib/libnav2_graceful_controller.so
[114.170s] -- Set runtime path of "/home/asis/hokuyo_ws/src/install/nav2_graceful_controller/lib/libnav2_graceful_controller.so" to ""
[114.170s] -- Installing: /home/asis/hokuyo_ws/src/install/nav2_graceful_controller/include/
[114.170s] -- Installing: /home/asis/hokuyo_ws/src/install/nav2_graceful_controller/include//nav2_graceful_controller
[114.171s] -- Installing: /home/asis/hokuyo_ws/src/install/nav2_graceful_controller/include//nav2_graceful_controller/path_handler.hpp
[114.173s] -- Installing: /home/asis/hokuyo_ws/src/install/nav2_graceful_controller/include//nav2_graceful_controller/parameter_handler.hpp
[114.175s] -- Installing: /home/asis/hokuyo_ws/src/install/nav2_graceful_controller/include//nav2_graceful_controller/smooth_control_law.hpp
[114.177s] -- Installing: /home/asis/hokuyo_ws/src/install/nav2_graceful_controller/include//nav2_graceful_controller/graceful_controller.hpp
[114.179s] -- Installing: /home/asis/hokuyo_ws/src/install/nav2_graceful_controller/include//nav2_graceful_controller/ego_polar_coords.hpp
[114.179s] -- Installing: /home/asis/hokuyo_ws/src/install/nav2_graceful_controller/include//nav2_graceful_controller/utils.hpp
[114.180s] -- Installing: /home/asis/hokuyo_ws/src/install/nav2_graceful_controller/share/nav2_graceful_controller/environment/library_path.sh
[114.181s] -- Installing: /home/asis/hokuyo_ws/src/install/nav2_graceful_controller/share/nav2_graceful_controller/environment/library_path.dsv
[114.182s] -- Installing: /home/asis/hokuyo_ws/src/install/nav2_graceful_controller/share/nav2_graceful_controller/graceful_controller_plugin.xml
[114.182s] -- Installing: /home/asis/hokuyo_ws/src/install/nav2_graceful_controller/share/ament_index/resource_index/package_run_dependencies/nav2_graceful_controller
[114.183s] -- Installing: /home/asis/hokuyo_ws/src/install/nav2_graceful_controller/share/ament_index/resource_index/parent_prefix_path/nav2_graceful_controller
[114.183s] -- Installing: /home/asis/hokuyo_ws/src/install/nav2_graceful_controller/share/nav2_graceful_controller/environment/ament_prefix_path.sh
[114.183s] -- Installing: /home/asis/hokuyo_ws/src/install/nav2_graceful_controller/share/nav2_graceful_controller/environment/ament_prefix_path.dsv
[114.184s] -- Installing: /home/asis/hokuyo_ws/src/install/nav2_graceful_controller/share/nav2_graceful_controller/environment/path.sh
[114.184s] -- Installing: /home/asis/hokuyo_ws/src/install/nav2_graceful_controller/share/nav2_graceful_controller/environment/path.dsv
[114.184s] -- Installing: /home/asis/hokuyo_ws/src/install/nav2_graceful_controller/share/nav2_graceful_controller/local_setup.bash
[114.185s] -- Installing: /home/asis/hokuyo_ws/src/install/nav2_graceful_controller/share/nav2_graceful_controller/local_setup.sh
[114.185s] -- Installing: /home/asis/hokuyo_ws/src/install/nav2_graceful_controller/share/nav2_graceful_controller/local_setup.zsh
[114.185s] -- Installing: /home/asis/hokuyo_ws/src/install/nav2_graceful_controller/share/nav2_graceful_controller/local_setup.dsv
[114.186s] -- Installing: /home/asis/hokuyo_ws/src/install/nav2_graceful_controller/share/nav2_graceful_controller/package.dsv
[114.186s] -- Installing: /home/asis/hokuyo_ws/src/install/nav2_graceful_controller/share/ament_index/resource_index/packages/nav2_graceful_controller
[114.187s] -- Installing: /home/asis/hokuyo_ws/src/install/nav2_graceful_controller/share/ament_index/resource_index/nav2_core__pluginlib__plugin/nav2_graceful_controller
[114.187s] -- Installing: /home/asis/hokuyo_ws/src/install/nav2_graceful_controller/share/nav2_graceful_controller/cmake/ament_cmake_export_include_directories-extras.cmake
[114.187s] -- Installing: /home/asis/hokuyo_ws/src/install/nav2_graceful_controller/share/nav2_graceful_controller/cmake/ament_cmake_export_libraries-extras.cmake
[114.188s] -- Installing: /home/asis/hokuyo_ws/src/install/nav2_graceful_controller/share/nav2_graceful_controller/cmake/ament_cmake_export_dependencies-extras.cmake
[114.188s] -- Installing: /home/asis/hokuyo_ws/src/install/nav2_graceful_controller/share/nav2_graceful_controller/cmake/nav2_graceful_controllerConfig.cmake
[114.188s] -- Installing: /home/asis/hokuyo_ws/src/install/nav2_graceful_controller/share/nav2_graceful_controller/cmake/nav2_graceful_controllerConfig-version.cmake
[114.189s] -- Installing: /home/asis/hokuyo_ws/src/install/nav2_graceful_controller/share/nav2_graceful_controller/package.xml
[114.202s] Invoked command in '/home/asis/hokuyo_ws/src/build/nav2_graceful_controller' returned '0': AMENT_PREFIX_PATH=/home/asis/hokuyo_ws/src/install/nav2_controller:/home/asis/hokuyo_ws/src/install/nav2_core:/home/asis/hokuyo_ws/src/install/nav2_costmap_2d:/home/asis/hokuyo_ws/src/install/nav_2d_utils:/home/asis/hokuyo_ws/src/install/nav2_util:/home/asis/hokuyo_ws/src/install/nav2_voxel_grid:/home/asis/hokuyo_ws/src/install/nav2_msgs:/home/asis/hokuyo_ws/src/install/nav_2d_msgs:/home/asis/hokuyo_ws/src/install/nav2_common:${AMENT_PREFIX_PATH} CMAKE_PREFIX_PATH=/home/asis/hokuyo_ws/src/install/nav2_controller:/home/asis/hokuyo_ws/src/install/nav2_core:/home/asis/hokuyo_ws/src/install/nav2_costmap_2d:/home/asis/hokuyo_ws/src/install/nav_2d_utils:/home/asis/hokuyo_ws/src/install/nav2_util:/home/asis/hokuyo_ws/src/install/nav2_voxel_grid:/home/asis/hokuyo_ws/src/install/nav2_msgs:/home/asis/hokuyo_ws/src/install/nav_2d_msgs:/home/asis/hokuyo_ws/src/install/nav2_common:/home/asis/hokuyo_ws/install/urg_node2:/home/asis/hokuyo_ws/install/slam_toolbox:/opt/ros/humble LD_LIBRARY_PATH=/home/asis/hokuyo_ws/src/install/nav2_controller/lib:/home/asis/hokuyo_ws/src/install/nav2_costmap_2d/lib:/home/asis/hokuyo_ws/src/install/nav_2d_utils/lib:/home/asis/hokuyo_ws/src/install/nav2_util/lib:/home/asis/hokuyo_ws/src/install/nav2_voxel_grid/lib:/home/asis/hokuyo_ws/src/install/nav2_msgs/lib:/home/asis/hokuyo_ws/src/install/nav_2d_msgs/lib:${LD_LIBRARY_PATH} PYTHONPATH=/home/asis/hokuyo_ws/src/install/nav2_msgs/local/lib/python3.10/dist-packages:/home/asis/hokuyo_ws/src/install/nav_2d_msgs/local/lib/python3.10/dist-packages:/home/asis/hokuyo_ws/src/install/nav2_common/local/lib/python3.10/dist-packages:${PYTHONPATH} /usr/bin/cmake --install /home/asis/hokuyo_ws/src/build/nav2_graceful_controller
