[0.045s] Invoking command in '/home/asis/hokuyo_ws/src/build/nav2_controller': AMENT_PREFIX_PATH=/home/asis/hokuyo_ws/src/install/nav2_core:/home/asis/hokuyo_ws/src/install/nav2_costmap_2d:/home/asis/hokuyo_ws/src/install/nav_2d_utils:/home/asis/hokuyo_ws/src/install/nav2_util:/home/asis/hokuyo_ws/src/install/nav2_voxel_grid:/home/asis/hokuyo_ws/src/install/nav2_msgs:/home/asis/hokuyo_ws/src/install/nav_2d_msgs:/home/asis/hokuyo_ws/src/install/nav2_common:${AMENT_PREFIX_PATH} CMAKE_PREFIX_PATH=/home/asis/hokuyo_ws/src/install/nav2_core:/home/asis/hokuyo_ws/src/install/nav2_costmap_2d:/home/asis/hokuyo_ws/src/install/nav_2d_utils:/home/asis/hokuyo_ws/src/install/nav2_util:/home/asis/hokuyo_ws/src/install/nav2_voxel_grid:/home/asis/hokuyo_ws/src/install/nav2_msgs:/home/asis/hokuyo_ws/src/install/nav_2d_msgs:/home/asis/hokuyo_ws/src/install/nav2_common:/home/asis/hokuyo_ws/install/urg_node2:/home/asis/hokuyo_ws/install/slam_toolbox:/opt/ros/humble LD_LIBRARY_PATH=/home/asis/hokuyo_ws/src/install/nav2_costmap_2d/lib:/home/asis/hokuyo_ws/src/install/nav_2d_utils/lib:/home/asis/hokuyo_ws/src/install/nav2_util/lib:/home/asis/hokuyo_ws/src/install/nav2_voxel_grid/lib:/home/asis/hokuyo_ws/src/install/nav2_msgs/lib:/home/asis/hokuyo_ws/src/install/nav_2d_msgs/lib:${LD_LIBRARY_PATH} PYTHONPATH=/home/asis/hokuyo_ws/src/install/nav2_msgs/local/lib/python3.10/dist-packages:/home/asis/hokuyo_ws/src/install/nav_2d_msgs/local/lib/python3.10/dist-packages:/home/asis/hokuyo_ws/src/install/nav2_common/local/lib/python3.10/dist-packages:${PYTHONPATH} /usr/bin/cmake /home/asis/hokuyo_ws/src/navigation2/nav2_controller -DCMAKE_INSTALL_PREFIX=/home/asis/hokuyo_ws/src/install/nav2_controller
[0.159s] -- The C compiler identification is GNU 11.4.0
[0.248s] -- The CXX compiler identification is GNU 11.4.0
[0.259s] -- Detecting C compiler ABI info
[0.390s] -- Detecting C compiler ABI info - done
[0.403s] -- Check for working C compiler: /usr/bin/cc - skipped
[0.403s] -- Detecting C compile features
[0.403s] -- Detecting C compile features - done
[0.408s] -- Detecting CXX compiler ABI info
[0.610s] -- Detecting CXX compiler ABI info - done
[0.623s] -- Check for working CXX compiler: /usr/bin/c++ - skipped
[0.624s] -- Detecting CXX compile features
[0.624s] -- Detecting CXX compile features - done
[0.629s] -- Found ament_cmake: 1.3.9 (/opt/ros/humble/share/ament_cmake/cmake)
[1.016s] -- Found Python3: /usr/bin/python3 (found version "3.10.12") found components: Interpreter 
[1.186s] -- Found nav2_core: 1.1.15 (/home/asis/hokuyo_ws/src/install/nav2_core/share/nav2_core/cmake)
[1.271s] -- Found rosidl_generator_c: 3.1.5 (/opt/ros/humble/share/rosidl_generator_c/cmake)
[1.281s] -- Found rosidl_adapter: 3.1.5 (/opt/ros/humble/share/rosidl_adapter/cmake)
[1.297s] -- Found rosidl_generator_cpp: 3.1.5 (/opt/ros/humble/share/rosidl_generator_cpp/cmake)
[1.331s] -- Using all available rosidl_typesupport_c: rosidl_typesupport_fastrtps_c;rosidl_typesupport_introspection_c
[1.369s] -- Using all available rosidl_typesupport_cpp: rosidl_typesupport_fastrtps_cpp;rosidl_typesupport_introspection_cpp
[1.521s] -- Found rmw_implementation_cmake: 6.1.2 (/opt/ros/humble/share/rmw_implementation_cmake/cmake)
[1.528s] -- Found rmw_fastrtps_cpp: 6.2.6 (/opt/ros/humble/share/rmw_fastrtps_cpp/cmake)
[1.722s] -- Found OpenSSL: /usr/lib/x86_64-linux-gnu/libcrypto.so (found version "3.0.2")  
[1.765s] -- Found FastRTPS: /opt/ros/humble/include  
[1.838s] -- Using RMW implementation 'rmw_fastrtps_cpp' as default
[1.856s] -- Looking for pthread.h
[1.990s] -- Looking for pthread.h - found
[1.990s] -- Performing Test CMAKE_HAVE_LIBC_PTHREAD
[2.136s] -- Performing Test CMAKE_HAVE_LIBC_PTHREAD - Success
[2.138s] -- Found Threads: TRUE  
[4.294s] -- Found Eigen3: TRUE (found version "3.4.0") 
[4.294s] -- Ensuring Eigen3 include directory is part of orocos-kdl CMake target
[7.144s] -- Found nav2_common: 1.1.15 (/home/asis/hokuyo_ws/src/install/nav2_common/share/nav2_common/cmake)
[7.147s] -- Found nav_2d_utils: 1.1.15 (/home/asis/hokuyo_ws/src/install/nav_2d_utils/share/nav_2d_utils/cmake)
[8.428s] -- Setting build type to Release as none was specified.
[43.664s] -- Found ament_lint_auto: 0.12.11 (/opt/ros/humble/share/ament_lint_auto/cmake)
[43.895s] -- Found gtest sources under '/opt/ros/humble/src/gtest_vendor': C++ tests using 'Google Test' will be built
[50.515s] -- Found gtest sources under '/opt/ros/humble/src/gtest_vendor': C++ tests using 'Google Test' will be built
[57.647s] -- Added test 'cppcheck' to perform static code analysis on C / C++ code
[57.651s] -- Configured cppcheck include dirs: /home/asis/hokuyo_ws/src/navigation2/nav2_controller/include
[57.651s] -- Configured cppcheck exclude dirs and/or files: 
[57.653s] -- Added test 'cpplint' to check C / C++ code against the Google style
[57.653s] -- Configured cpplint exclude dirs and/or files: 
[57.655s] -- Added test 'lint_cmake' to check CMake code style
[57.659s] -- Added test 'uncrustify' to check C / C++ code style
[57.659s] -- Configured uncrustify additional arguments: 
[57.660s] -- Added test 'xmllint' to check XML markup files
[57.674s] -- Configuring done
[58.519s] -- Generating done
[58.527s] -- Build files have been written to: /home/asis/hokuyo_ws/src/build/nav2_controller
[58.579s] Invoked command in '/home/asis/hokuyo_ws/src/build/nav2_controller' returned '0': AMENT_PREFIX_PATH=/home/asis/hokuyo_ws/src/install/nav2_core:/home/asis/hokuyo_ws/src/install/nav2_costmap_2d:/home/asis/hokuyo_ws/src/install/nav_2d_utils:/home/asis/hokuyo_ws/src/install/nav2_util:/home/asis/hokuyo_ws/src/install/nav2_voxel_grid:/home/asis/hokuyo_ws/src/install/nav2_msgs:/home/asis/hokuyo_ws/src/install/nav_2d_msgs:/home/asis/hokuyo_ws/src/install/nav2_common:${AMENT_PREFIX_PATH} CMAKE_PREFIX_PATH=/home/asis/hokuyo_ws/src/install/nav2_core:/home/asis/hokuyo_ws/src/install/nav2_costmap_2d:/home/asis/hokuyo_ws/src/install/nav_2d_utils:/home/asis/hokuyo_ws/src/install/nav2_util:/home/asis/hokuyo_ws/src/install/nav2_voxel_grid:/home/asis/hokuyo_ws/src/install/nav2_msgs:/home/asis/hokuyo_ws/src/install/nav_2d_msgs:/home/asis/hokuyo_ws/src/install/nav2_common:/home/asis/hokuyo_ws/install/urg_node2:/home/asis/hokuyo_ws/install/slam_toolbox:/opt/ros/humble LD_LIBRARY_PATH=/home/asis/hokuyo_ws/src/install/nav2_costmap_2d/lib:/home/asis/hokuyo_ws/src/install/nav_2d_utils/lib:/home/asis/hokuyo_ws/src/install/nav2_util/lib:/home/asis/hokuyo_ws/src/install/nav2_voxel_grid/lib:/home/asis/hokuyo_ws/src/install/nav2_msgs/lib:/home/asis/hokuyo_ws/src/install/nav_2d_msgs/lib:${LD_LIBRARY_PATH} PYTHONPATH=/home/asis/hokuyo_ws/src/install/nav2_msgs/local/lib/python3.10/dist-packages:/home/asis/hokuyo_ws/src/install/nav_2d_msgs/local/lib/python3.10/dist-packages:/home/asis/hokuyo_ws/src/install/nav2_common/local/lib/python3.10/dist-packages:${PYTHONPATH} /usr/bin/cmake /home/asis/hokuyo_ws/src/navigation2/nav2_controller -DCMAKE_INSTALL_PREFIX=/home/asis/hokuyo_ws/src/install/nav2_controller
[58.579s] Invoking command in '/home/asis/hokuyo_ws/src/build/nav2_controller': AMENT_PREFIX_PATH=/home/asis/hokuyo_ws/src/install/nav2_core:/home/asis/hokuyo_ws/src/install/nav2_costmap_2d:/home/asis/hokuyo_ws/src/install/nav_2d_utils:/home/asis/hokuyo_ws/src/install/nav2_util:/home/asis/hokuyo_ws/src/install/nav2_voxel_grid:/home/asis/hokuyo_ws/src/install/nav2_msgs:/home/asis/hokuyo_ws/src/install/nav_2d_msgs:/home/asis/hokuyo_ws/src/install/nav2_common:${AMENT_PREFIX_PATH} CMAKE_PREFIX_PATH=/home/asis/hokuyo_ws/src/install/nav2_core:/home/asis/hokuyo_ws/src/install/nav2_costmap_2d:/home/asis/hokuyo_ws/src/install/nav_2d_utils:/home/asis/hokuyo_ws/src/install/nav2_util:/home/asis/hokuyo_ws/src/install/nav2_voxel_grid:/home/asis/hokuyo_ws/src/install/nav2_msgs:/home/asis/hokuyo_ws/src/install/nav_2d_msgs:/home/asis/hokuyo_ws/src/install/nav2_common:/home/asis/hokuyo_ws/install/urg_node2:/home/asis/hokuyo_ws/install/slam_toolbox:/opt/ros/humble LD_LIBRARY_PATH=/home/asis/hokuyo_ws/src/install/nav2_costmap_2d/lib:/home/asis/hokuyo_ws/src/install/nav_2d_utils/lib:/home/asis/hokuyo_ws/src/install/nav2_util/lib:/home/asis/hokuyo_ws/src/install/nav2_voxel_grid/lib:/home/asis/hokuyo_ws/src/install/nav2_msgs/lib:/home/asis/hokuyo_ws/src/install/nav_2d_msgs/lib:${LD_LIBRARY_PATH} PYTHONPATH=/home/asis/hokuyo_ws/src/install/nav2_msgs/local/lib/python3.10/dist-packages:/home/asis/hokuyo_ws/src/install/nav_2d_msgs/local/lib/python3.10/dist-packages:/home/asis/hokuyo_ws/src/install/nav2_common/local/lib/python3.10/dist-packages:${PYTHONPATH} /usr/bin/cmake --build /home/asis/hokuyo_ws/src/build/nav2_controller -- -j8 -l8
[74.844s] [  4%] [32mBuilding CXX object CMakeFiles/controller_server_core.dir/src/controller_server.cpp.o[0m
[102.907s] [  9%] [32m[1mLinking CXX shared library libcontroller_server_core.so[0m
[104.190s] [  9%] Built target controller_server_core
[104.321s] [ 13%] [32mBuilding CXX object gtest/CMakeFiles/gtest.dir/src/gtest-all.cc.o[0m
[118.463s] [ 18%] [32m[1mLinking CXX static library libgtest.a[0m
[118.714s] [ 18%] Built target gtest
[118.866s] [ 22%] [32mBuilding CXX object CMakeFiles/controller_server.dir/src/main.cpp.o[0m
[132.802s] [ 27%] [32m[1mLinking CXX executable controller_server[0m
[133.647s] [ 27%] Built target controller_server
[133.688s] [ 31%] [32mBuilding CXX object gtest/CMakeFiles/gtest_main.dir/src/gtest_main.cc.o[0m
[135.595s] [ 36%] [32m[1mLinking CXX static library libgtest_main.a[0m
[135.657s] [ 36%] Built target gtest_main
[135.692s] [ 40%] [32mBuilding CXX object CMakeFiles/simple_goal_checker.dir/plugins/simple_goal_checker.cpp.o[0m
[146.398s] [ 45%] [32m[1mLinking CXX shared library libsimple_goal_checker.so[0m
[147.061s] [ 45%] Built target simple_goal_checker
[147.164s] [ 50%] [32mBuilding CXX object test/CMakeFiles/test_dynamic_parameters.dir/test_dynamic_parameters.cpp.o[0m
[161.171s] [ 54%] [32m[1mLinking CXX executable test_dynamic_parameters[0m
[162.156s] [ 54%] Built target test_dynamic_parameters
[162.195s] [ 59%] [32mBuilding CXX object CMakeFiles/stopped_goal_checker.dir/plugins/stopped_goal_checker.cpp.o[0m
[169.339s] [ 63%] [32m[1mLinking CXX shared library libstopped_goal_checker.so[0m
[169.827s] [ 63%] Built target stopped_goal_checker
[169.864s] [ 68%] [32mBuilding CXX object CMakeFiles/simple_progress_checker.dir/plugins/simple_progress_checker.cpp.o[0m
[175.681s] [ 72%] [32m[1mLinking CXX shared library libsimple_progress_checker.so[0m
[176.197s] [ 72%] Built target simple_progress_checker
[176.222s] [ 77%] [32mBuilding CXX object plugins/test/CMakeFiles/gctest.dir/goal_checker.cpp.o[0m
[187.291s] [ 81%] [32m[1mLinking CXX executable gctest[0m
[188.039s] [ 81%] Built target gctest
[188.095s] [ 86%] [32mBuilding CXX object CMakeFiles/pose_progress_checker.dir/plugins/pose_progress_checker.cpp.o[0m
[192.570s] [ 90%] [32m[1mLinking CXX shared library libpose_progress_checker.so[0m
[193.089s] [ 90%] Built target pose_progress_checker
[193.137s] [ 95%] [32mBuilding CXX object plugins/test/CMakeFiles/pctest.dir/progress_checker.cpp.o[0m
[202.348s] [100%] [32m[1mLinking CXX executable pctest[0m
[202.867s] [100%] Built target pctest
[202.898s] Invoked command in '/home/asis/hokuyo_ws/src/build/nav2_controller' returned '0': AMENT_PREFIX_PATH=/home/asis/hokuyo_ws/src/install/nav2_core:/home/asis/hokuyo_ws/src/install/nav2_costmap_2d:/home/asis/hokuyo_ws/src/install/nav_2d_utils:/home/asis/hokuyo_ws/src/install/nav2_util:/home/asis/hokuyo_ws/src/install/nav2_voxel_grid:/home/asis/hokuyo_ws/src/install/nav2_msgs:/home/asis/hokuyo_ws/src/install/nav_2d_msgs:/home/asis/hokuyo_ws/src/install/nav2_common:${AMENT_PREFIX_PATH} CMAKE_PREFIX_PATH=/home/asis/hokuyo_ws/src/install/nav2_core:/home/asis/hokuyo_ws/src/install/nav2_costmap_2d:/home/asis/hokuyo_ws/src/install/nav_2d_utils:/home/asis/hokuyo_ws/src/install/nav2_util:/home/asis/hokuyo_ws/src/install/nav2_voxel_grid:/home/asis/hokuyo_ws/src/install/nav2_msgs:/home/asis/hokuyo_ws/src/install/nav_2d_msgs:/home/asis/hokuyo_ws/src/install/nav2_common:/home/asis/hokuyo_ws/install/urg_node2:/home/asis/hokuyo_ws/install/slam_toolbox:/opt/ros/humble LD_LIBRARY_PATH=/home/asis/hokuyo_ws/src/install/nav2_costmap_2d/lib:/home/asis/hokuyo_ws/src/install/nav_2d_utils/lib:/home/asis/hokuyo_ws/src/install/nav2_util/lib:/home/asis/hokuyo_ws/src/install/nav2_voxel_grid/lib:/home/asis/hokuyo_ws/src/install/nav2_msgs/lib:/home/asis/hokuyo_ws/src/install/nav_2d_msgs/lib:${LD_LIBRARY_PATH} PYTHONPATH=/home/asis/hokuyo_ws/src/install/nav2_msgs/local/lib/python3.10/dist-packages:/home/asis/hokuyo_ws/src/install/nav_2d_msgs/local/lib/python3.10/dist-packages:/home/asis/hokuyo_ws/src/install/nav2_common/local/lib/python3.10/dist-packages:${PYTHONPATH} /usr/bin/cmake --build /home/asis/hokuyo_ws/src/build/nav2_controller -- -j8 -l8
[202.973s] Invoking command in '/home/asis/hokuyo_ws/src/build/nav2_controller': AMENT_PREFIX_PATH=/home/asis/hokuyo_ws/src/install/nav2_core:/home/asis/hokuyo_ws/src/install/nav2_costmap_2d:/home/asis/hokuyo_ws/src/install/nav_2d_utils:/home/asis/hokuyo_ws/src/install/nav2_util:/home/asis/hokuyo_ws/src/install/nav2_voxel_grid:/home/asis/hokuyo_ws/src/install/nav2_msgs:/home/asis/hokuyo_ws/src/install/nav_2d_msgs:/home/asis/hokuyo_ws/src/install/nav2_common:${AMENT_PREFIX_PATH} CMAKE_PREFIX_PATH=/home/asis/hokuyo_ws/src/install/nav2_core:/home/asis/hokuyo_ws/src/install/nav2_costmap_2d:/home/asis/hokuyo_ws/src/install/nav_2d_utils:/home/asis/hokuyo_ws/src/install/nav2_util:/home/asis/hokuyo_ws/src/install/nav2_voxel_grid:/home/asis/hokuyo_ws/src/install/nav2_msgs:/home/asis/hokuyo_ws/src/install/nav_2d_msgs:/home/asis/hokuyo_ws/src/install/nav2_common:/home/asis/hokuyo_ws/install/urg_node2:/home/asis/hokuyo_ws/install/slam_toolbox:/opt/ros/humble LD_LIBRARY_PATH=/home/asis/hokuyo_ws/src/install/nav2_costmap_2d/lib:/home/asis/hokuyo_ws/src/install/nav_2d_utils/lib:/home/asis/hokuyo_ws/src/install/nav2_util/lib:/home/asis/hokuyo_ws/src/install/nav2_voxel_grid/lib:/home/asis/hokuyo_ws/src/install/nav2_msgs/lib:/home/asis/hokuyo_ws/src/install/nav_2d_msgs/lib:${LD_LIBRARY_PATH} PYTHONPATH=/home/asis/hokuyo_ws/src/install/nav2_msgs/local/lib/python3.10/dist-packages:/home/asis/hokuyo_ws/src/install/nav_2d_msgs/local/lib/python3.10/dist-packages:/home/asis/hokuyo_ws/src/install/nav2_common/local/lib/python3.10/dist-packages:${PYTHONPATH} /usr/bin/cmake --install /home/asis/hokuyo_ws/src/build/nav2_controller
[207.526s] -- Install configuration: "Release"
[207.527s] -- Installing: /home/asis/hokuyo_ws/src/install/nav2_controller/lib/libsimple_progress_checker.so
[207.527s] -- Set runtime path of "/home/asis/hokuyo_ws/src/install/nav2_controller/lib/libsimple_progress_checker.so" to ""
[207.527s] -- Installing: /home/asis/hokuyo_ws/src/install/nav2_controller/lib/libpose_progress_checker.so
[207.527s] -- Set runtime path of "/home/asis/hokuyo_ws/src/install/nav2_controller/lib/libpose_progress_checker.so" to ""
[207.527s] -- Installing: /home/asis/hokuyo_ws/src/install/nav2_controller/lib/libsimple_goal_checker.so
[207.527s] -- Set runtime path of "/home/asis/hokuyo_ws/src/install/nav2_controller/lib/libsimple_goal_checker.so" to ""
[207.527s] -- Installing: /home/asis/hokuyo_ws/src/install/nav2_controller/lib/libstopped_goal_checker.so
[207.527s] -- Set runtime path of "/home/asis/hokuyo_ws/src/install/nav2_controller/lib/libstopped_goal_checker.so" to ""
[207.528s] -- Installing: /home/asis/hokuyo_ws/src/install/nav2_controller/lib/libcontroller_server_core.so
[207.528s] -- Set runtime path of "/home/asis/hokuyo_ws/src/install/nav2_controller/lib/libcontroller_server_core.so" to ""
[207.528s] -- Installing: /home/asis/hokuyo_ws/src/install/nav2_controller/lib/nav2_controller/controller_server
[207.528s] -- Set runtime path of "/home/asis/hokuyo_ws/src/install/nav2_controller/lib/nav2_controller/controller_server" to ""
[207.528s] -- Installing: /home/asis/hokuyo_ws/src/install/nav2_controller/include/
[207.528s] -- Installing: /home/asis/hokuyo_ws/src/install/nav2_controller/include//nav2_controller
[207.529s] -- Installing: /home/asis/hokuyo_ws/src/install/nav2_controller/include//nav2_controller/controller_server.hpp
[207.529s] -- Installing: /home/asis/hokuyo_ws/src/install/nav2_controller/include//nav2_controller/plugins
[207.529s] -- Installing: /home/asis/hokuyo_ws/src/install/nav2_controller/include//nav2_controller/plugins/stopped_goal_checker.hpp
[207.529s] -- Installing: /home/asis/hokuyo_ws/src/install/nav2_controller/include//nav2_controller/plugins/pose_progress_checker.hpp
[207.529s] -- Installing: /home/asis/hokuyo_ws/src/install/nav2_controller/include//nav2_controller/plugins/simple_progress_checker.hpp
[207.529s] -- Installing: /home/asis/hokuyo_ws/src/install/nav2_controller/include//nav2_controller/plugins/simple_goal_checker.hpp
[207.529s] -- Installing: /home/asis/hokuyo_ws/src/install/nav2_controller/share/nav2_controller/environment/library_path.sh
[207.529s] -- Installing: /home/asis/hokuyo_ws/src/install/nav2_controller/share/nav2_controller/environment/library_path.dsv
[207.529s] -- Installing: /home/asis/hokuyo_ws/src/install/nav2_controller/share/nav2_controller/plugins.xml
[207.529s] -- Installing: /home/asis/hokuyo_ws/src/install/nav2_controller/share/ament_index/resource_index/package_run_dependencies/nav2_controller
[207.530s] -- Installing: /home/asis/hokuyo_ws/src/install/nav2_controller/share/ament_index/resource_index/parent_prefix_path/nav2_controller
[207.530s] -- Installing: /home/asis/hokuyo_ws/src/install/nav2_controller/share/nav2_controller/environment/ament_prefix_path.sh
[207.530s] -- Installing: /home/asis/hokuyo_ws/src/install/nav2_controller/share/nav2_controller/environment/ament_prefix_path.dsv
[207.530s] -- Installing: /home/asis/hokuyo_ws/src/install/nav2_controller/share/nav2_controller/environment/path.sh
[207.530s] -- Installing: /home/asis/hokuyo_ws/src/install/nav2_controller/share/nav2_controller/environment/path.dsv
[207.530s] -- Installing: /home/asis/hokuyo_ws/src/install/nav2_controller/share/nav2_controller/local_setup.bash
[207.530s] -- Installing: /home/asis/hokuyo_ws/src/install/nav2_controller/share/nav2_controller/local_setup.sh
[207.530s] -- Installing: /home/asis/hokuyo_ws/src/install/nav2_controller/share/nav2_controller/local_setup.zsh
[207.530s] -- Installing: /home/asis/hokuyo_ws/src/install/nav2_controller/share/nav2_controller/local_setup.dsv
[207.530s] -- Installing: /home/asis/hokuyo_ws/src/install/nav2_controller/share/nav2_controller/package.dsv
[207.530s] -- Installing: /home/asis/hokuyo_ws/src/install/nav2_controller/share/ament_index/resource_index/packages/nav2_controller
[207.530s] -- Installing: /home/asis/hokuyo_ws/src/install/nav2_controller/share/ament_index/resource_index/nav2_core__pluginlib__plugin/nav2_controller
[207.531s] -- Installing: /home/asis/hokuyo_ws/src/install/nav2_controller/share/ament_index/resource_index/rclcpp_components/nav2_controller
[207.531s] -- Installing: /home/asis/hokuyo_ws/src/install/nav2_controller/share/nav2_controller/cmake/ament_cmake_export_include_directories-extras.cmake
[207.531s] -- Installing: /home/asis/hokuyo_ws/src/install/nav2_controller/share/nav2_controller/cmake/ament_cmake_export_libraries-extras.cmake
[207.531s] -- Installing: /home/asis/hokuyo_ws/src/install/nav2_controller/share/nav2_controller/cmake/ament_cmake_export_dependencies-extras.cmake
[207.531s] -- Installing: /home/asis/hokuyo_ws/src/install/nav2_controller/share/nav2_controller/cmake/nav2_controllerConfig.cmake
[207.531s] -- Installing: /home/asis/hokuyo_ws/src/install/nav2_controller/share/nav2_controller/cmake/nav2_controllerConfig-version.cmake
[207.531s] -- Installing: /home/asis/hokuyo_ws/src/install/nav2_controller/share/nav2_controller/package.xml
[207.566s] Invoked command in '/home/asis/hokuyo_ws/src/build/nav2_controller' returned '0': AMENT_PREFIX_PATH=/home/asis/hokuyo_ws/src/install/nav2_core:/home/asis/hokuyo_ws/src/install/nav2_costmap_2d:/home/asis/hokuyo_ws/src/install/nav_2d_utils:/home/asis/hokuyo_ws/src/install/nav2_util:/home/asis/hokuyo_ws/src/install/nav2_voxel_grid:/home/asis/hokuyo_ws/src/install/nav2_msgs:/home/asis/hokuyo_ws/src/install/nav_2d_msgs:/home/asis/hokuyo_ws/src/install/nav2_common:${AMENT_PREFIX_PATH} CMAKE_PREFIX_PATH=/home/asis/hokuyo_ws/src/install/nav2_core:/home/asis/hokuyo_ws/src/install/nav2_costmap_2d:/home/asis/hokuyo_ws/src/install/nav_2d_utils:/home/asis/hokuyo_ws/src/install/nav2_util:/home/asis/hokuyo_ws/src/install/nav2_voxel_grid:/home/asis/hokuyo_ws/src/install/nav2_msgs:/home/asis/hokuyo_ws/src/install/nav_2d_msgs:/home/asis/hokuyo_ws/src/install/nav2_common:/home/asis/hokuyo_ws/install/urg_node2:/home/asis/hokuyo_ws/install/slam_toolbox:/opt/ros/humble LD_LIBRARY_PATH=/home/asis/hokuyo_ws/src/install/nav2_costmap_2d/lib:/home/asis/hokuyo_ws/src/install/nav_2d_utils/lib:/home/asis/hokuyo_ws/src/install/nav2_util/lib:/home/asis/hokuyo_ws/src/install/nav2_voxel_grid/lib:/home/asis/hokuyo_ws/src/install/nav2_msgs/lib:/home/asis/hokuyo_ws/src/install/nav_2d_msgs/lib:${LD_LIBRARY_PATH} PYTHONPATH=/home/asis/hokuyo_ws/src/install/nav2_msgs/local/lib/python3.10/dist-packages:/home/asis/hokuyo_ws/src/install/nav_2d_msgs/local/lib/python3.10/dist-packages:/home/asis/hokuyo_ws/src/install/nav2_common/local/lib/python3.10/dist-packages:${PYTHONPATH} /usr/bin/cmake --install /home/asis/hokuyo_ws/src/build/nav2_controller
