[0.027s] Invoking command in '/home/asis/hokuyo_ws/src/build/nav2_amcl': AMENT_PREFIX_PATH=/home/asis/hokuyo_ws/src/install/nav2_util:/home/asis/hokuyo_ws/src/install/nav2_msgs:/home/asis/hokuyo_ws/src/install/nav2_common:${AMENT_PREFIX_PATH} CMAKE_PREFIX_PATH=/home/asis/hokuyo_ws/src/install/nav2_util:/home/asis/hokuyo_ws/src/install/nav2_msgs:/home/asis/hokuyo_ws/src/install/nav2_common:/home/asis/hokuyo_ws/install/urg_node2:/home/asis/hokuyo_ws/install/slam_toolbox:/opt/ros/humble LD_LIBRARY_PATH=/home/asis/hokuyo_ws/src/install/nav2_util/lib:/home/asis/hokuyo_ws/src/install/nav2_msgs/lib:${LD_LIBRARY_PATH} PYTHONPATH=/home/asis/hokuyo_ws/src/install/nav2_msgs/local/lib/python3.10/dist-packages:/home/asis/hokuyo_ws/src/install/nav2_common/local/lib/python3.10/dist-packages:${PYTHONPATH} /usr/bin/cmake /home/asis/hokuyo_ws/src/navigation2/nav2_amcl -DCMAKE_INSTALL_PREFIX=/home/asis/hokuyo_ws/src/install/nav2_amcl
[0.121s] -- The C compiler identification is GNU 11.4.0
[0.221s] -- The CXX compiler identification is GNU 11.4.0
[0.234s] -- Detecting C compiler ABI info
[0.407s] -- Detecting C compiler ABI info - done
[0.420s] -- Check for working C compiler: /usr/bin/cc - skipped
[0.420s] -- Detecting C compile features
[0.421s] -- Detecting C compile features - done
[0.425s] -- Detecting CXX compiler ABI info
[0.595s] -- Detecting CXX compiler ABI info - done
[0.609s] -- Check for working CXX compiler: /usr/bin/c++ - skipped
[0.609s] -- Detecting CXX compile features
[0.610s] -- Detecting CXX compile features - done
[0.614s] -- Found ament_cmake: 1.3.9 (/opt/ros/humble/share/ament_cmake/cmake)
[0.848s] -- Found Python3: /usr/bin/python3 (found version "3.10.12") found components: Interpreter 
[0.996s] -- Found nav2_common: 1.1.15 (/home/asis/hokuyo_ws/src/install/nav2_common/share/nav2_common/cmake)
[0.998s] -- Found rclcpp: 16.0.9 (/opt/ros/humble/share/rclcpp/cmake)
[1.045s] -- Found rosidl_generator_c: 3.1.5 (/opt/ros/humble/share/rosidl_generator_c/cmake)
[1.051s] -- Found rosidl_adapter: 3.1.5 (/opt/ros/humble/share/rosidl_adapter/cmake)
[1.059s] -- Found rosidl_generator_cpp: 3.1.5 (/opt/ros/humble/share/rosidl_generator_cpp/cmake)
[1.073s] -- Using all available rosidl_typesupport_c: rosidl_typesupport_fastrtps_c;rosidl_typesupport_introspection_c
[1.099s] -- Using all available rosidl_typesupport_cpp: rosidl_typesupport_fastrtps_cpp;rosidl_typesupport_introspection_cpp
[1.222s] -- Found rmw_implementation_cmake: 6.1.2 (/opt/ros/humble/share/rmw_implementation_cmake/cmake)
[1.227s] -- Found rmw_fastrtps_cpp: 6.2.6 (/opt/ros/humble/share/rmw_fastrtps_cpp/cmake)
[1.415s] -- Found OpenSSL: /usr/lib/x86_64-linux-gnu/libcrypto.so (found version "3.0.2")  
[1.450s] -- Found FastRTPS: /opt/ros/humble/include  
[1.547s] -- Using RMW implementation 'rmw_fastrtps_cpp' as default
[1.566s] -- Looking for pthread.h
[1.671s] -- Looking for pthread.h - found
[1.672s] -- Performing Test CMAKE_HAVE_LIBC_PTHREAD
[1.774s] -- Performing Test CMAKE_HAVE_LIBC_PTHREAD - Success
[1.776s] -- Found Threads: TRUE  
[2.085s] -- Found rclcpp_lifecycle: 16.0.9 (/opt/ros/humble/share/rclcpp_lifecycle/cmake)
[2.169s] -- Found rclcpp_components: 16.0.9 (/opt/ros/humble/share/rclcpp_components/cmake)
[2.277s] -- Found message_filters: 4.3.4 (/opt/ros/humble/share/message_filters/cmake)
[2.288s] -- Found tf2_geometry_msgs: 0.25.6 (/opt/ros/humble/share/tf2_geometry_msgs/cmake)
[2.363s] -- Found eigen3_cmake_module: 0.1.1 (/opt/ros/humble/share/eigen3_cmake_module/cmake)
[2.365s] -- Found Eigen3: TRUE (found version "3.4.0") 
[2.365s] -- Ensuring Eigen3 include directory is part of orocos-kdl CMake target
[2.865s] -- Found nav_msgs: 4.2.3 (/opt/ros/humble/share/nav_msgs/cmake)
[3.012s] -- Found sensor_msgs: 4.2.3 (/opt/ros/humble/share/sensor_msgs/cmake)
[3.110s] -- Found std_srvs: 4.2.3 (/opt/ros/humble/share/std_srvs/cmake)
[3.126s] -- Found nav2_util: 1.1.15 (/home/asis/hokuyo_ws/src/install/nav2_util/share/nav2_util/cmake)
[3.851s] -- Found pluginlib: 5.1.0 (/opt/ros/humble/share/pluginlib/cmake)
[3.875s] -- Setting build type to Release as none was specified.
[3.877s] -- Looking for drand48
[4.099s] -- Looking for drand48 - found
[11.408s] -- Found ament_lint_auto: 0.12.11 (/opt/ros/humble/share/ament_lint_auto/cmake)
[11.695s] -- Added test 'cppcheck' to perform static code analysis on C / C++ code
[11.696s] -- Configured cppcheck include dirs: /home/asis/hokuyo_ws/src/navigation2/nav2_amcl/include;/home/asis/hokuyo_ws/src/navigation2/nav2_amcl/src/include
[11.696s] -- Configured cppcheck exclude dirs and/or files: 
[11.704s] -- Added test 'lint_cmake' to check CMake code style
[11.707s] -- Added test 'uncrustify' to check C / C++ code style
[11.708s] -- Configured uncrustify additional arguments: 
[11.708s] -- Added test 'xmllint' to check XML markup files
[11.718s] -- Configuring done
[11.940s] -- Generating done
[11.952s] -- Build files have been written to: /home/asis/hokuyo_ws/src/build/nav2_amcl
[11.982s] Invoked command in '/home/asis/hokuyo_ws/src/build/nav2_amcl' returned '0': AMENT_PREFIX_PATH=/home/asis/hokuyo_ws/src/install/nav2_util:/home/asis/hokuyo_ws/src/install/nav2_msgs:/home/asis/hokuyo_ws/src/install/nav2_common:${AMENT_PREFIX_PATH} CMAKE_PREFIX_PATH=/home/asis/hokuyo_ws/src/install/nav2_util:/home/asis/hokuyo_ws/src/install/nav2_msgs:/home/asis/hokuyo_ws/src/install/nav2_common:/home/asis/hokuyo_ws/install/urg_node2:/home/asis/hokuyo_ws/install/slam_toolbox:/opt/ros/humble LD_LIBRARY_PATH=/home/asis/hokuyo_ws/src/install/nav2_util/lib:/home/asis/hokuyo_ws/src/install/nav2_msgs/lib:${LD_LIBRARY_PATH} PYTHONPATH=/home/asis/hokuyo_ws/src/install/nav2_msgs/local/lib/python3.10/dist-packages:/home/asis/hokuyo_ws/src/install/nav2_common/local/lib/python3.10/dist-packages:${PYTHONPATH} /usr/bin/cmake /home/asis/hokuyo_ws/src/navigation2/nav2_amcl -DCMAKE_INSTALL_PREFIX=/home/asis/hokuyo_ws/src/install/nav2_amcl
[11.998s] Invoking command in '/home/asis/hokuyo_ws/src/build/nav2_amcl': AMENT_PREFIX_PATH=/home/asis/hokuyo_ws/src/install/nav2_util:/home/asis/hokuyo_ws/src/install/nav2_msgs:/home/asis/hokuyo_ws/src/install/nav2_common:${AMENT_PREFIX_PATH} CMAKE_PREFIX_PATH=/home/asis/hokuyo_ws/src/install/nav2_util:/home/asis/hokuyo_ws/src/install/nav2_msgs:/home/asis/hokuyo_ws/src/install/nav2_common:/home/asis/hokuyo_ws/install/urg_node2:/home/asis/hokuyo_ws/install/slam_toolbox:/opt/ros/humble LD_LIBRARY_PATH=/home/asis/hokuyo_ws/src/install/nav2_util/lib:/home/asis/hokuyo_ws/src/install/nav2_msgs/lib:${LD_LIBRARY_PATH} PYTHONPATH=/home/asis/hokuyo_ws/src/install/nav2_msgs/local/lib/python3.10/dist-packages:/home/asis/hokuyo_ws/src/install/nav2_common/local/lib/python3.10/dist-packages:${PYTHONPATH} /usr/bin/cmake --build /home/asis/hokuyo_ws/src/build/nav2_amcl -- -j8 -l8
[12.280s] [  4%] [32mBuilding C object src/map/CMakeFiles/map_lib.dir/map.c.o[0m
[12.440s] [  8%] [32mBuilding CXX object src/map/CMakeFiles/map_lib.dir/map_cspace.cpp.o[0m
[13.440s] [ 12%] [32mBuilding C object src/map/CMakeFiles/map_lib.dir/map_draw.c.o[0m
[13.566s] [ 16%] [32mBuilding C object src/map/CMakeFiles/map_lib.dir/map_range.c.o[0m
[13.934s] [ 20%] [32m[1mLinking CXX shared library libmap_lib.so[0m
[14.265s] [ 20%] Built target map_lib
[14.410s] [ 25%] [32mBuilding C object src/pf/CMakeFiles/pf_lib.dir/pf.c.o[0m
[14.769s] [ 29%] [32mBuilding C object src/pf/CMakeFiles/pf_lib.dir/pf_draw.c.o[0m
[14.896s] [ 33%] [32mBuilding C object src/pf/CMakeFiles/pf_lib.dir/eig3.c.o[0m
[15.264s] [ 37%] [32mBuilding C object src/pf/CMakeFiles/pf_lib.dir/pf_vector.c.o[0m
[15.526s] [ 41%] [32mBuilding C object src/pf/CMakeFiles/pf_lib.dir/pf_pdf.c.o[0m
[15.796s] [ 45%] [32mBuilding C object src/pf/CMakeFiles/pf_lib.dir/pf_kdtree.c.o[0m
[16.234s] [ 50%] [32m[1mLinking C shared library libpf_lib.so[0m
[16.433s] [ 50%] Built target pf_lib
[16.573s] [ 54%] [32mBuilding CXX object src/sensors/CMakeFiles/sensors_lib.dir/laser/laser.cpp.o[0m
[17.267s] [ 58%] [32mBuilding CXX object src/sensors/CMakeFiles/sensors_lib.dir/laser/likelihood_field_model_prob.cpp.o[0m
[18.016s] [ 62%] [32mBuilding CXX object src/sensors/CMakeFiles/sensors_lib.dir/laser/likelihood_field_model.cpp.o[0m
[18.612s] [ 66%] [32mBuilding CXX object src/sensors/CMakeFiles/sensors_lib.dir/laser/beam_model.cpp.o[0m
[19.137s] [ 70%] [32m[1mLinking CXX shared library libsensors_lib.so[0m
[19.488s] [ 70%] Built target sensors_lib
[19.617s] [ 75%] [32mBuilding CXX object src/motion_model/CMakeFiles/motions_lib.dir/omni_motion_model.cpp.o[0m
[21.296s] [ 79%] [32mBuilding CXX object src/motion_model/CMakeFiles/motions_lib.dir/differential_motion_model.cpp.o[0m
[23.026s] [ 83%] [32m[1mLinking CXX shared library libmotions_lib.so[0m
[23.453s] [ 83%] Built target motions_lib
[23.569s] [ 87%] [32mBuilding CXX object CMakeFiles/amcl_core.dir/src/amcl_node.cpp.o[0m
[70.996s] [ 91%] [32m[1mLinking CXX shared library libamcl_core.so[0m
[71.397s] [ 91%] Built target amcl_core
[71.418s] [ 95%] [32mBuilding CXX object CMakeFiles/amcl.dir/src/main.cpp.o[0m
[75.884s] [100%] [32m[1mLinking CXX executable amcl[0m
[76.169s] [100%] Built target amcl
[76.180s] Invoked command in '/home/asis/hokuyo_ws/src/build/nav2_amcl' returned '0': AMENT_PREFIX_PATH=/home/asis/hokuyo_ws/src/install/nav2_util:/home/asis/hokuyo_ws/src/install/nav2_msgs:/home/asis/hokuyo_ws/src/install/nav2_common:${AMENT_PREFIX_PATH} CMAKE_PREFIX_PATH=/home/asis/hokuyo_ws/src/install/nav2_util:/home/asis/hokuyo_ws/src/install/nav2_msgs:/home/asis/hokuyo_ws/src/install/nav2_common:/home/asis/hokuyo_ws/install/urg_node2:/home/asis/hokuyo_ws/install/slam_toolbox:/opt/ros/humble LD_LIBRARY_PATH=/home/asis/hokuyo_ws/src/install/nav2_util/lib:/home/asis/hokuyo_ws/src/install/nav2_msgs/lib:${LD_LIBRARY_PATH} PYTHONPATH=/home/asis/hokuyo_ws/src/install/nav2_msgs/local/lib/python3.10/dist-packages:/home/asis/hokuyo_ws/src/install/nav2_common/local/lib/python3.10/dist-packages:${PYTHONPATH} /usr/bin/cmake --build /home/asis/hokuyo_ws/src/build/nav2_amcl -- -j8 -l8
[76.213s] Invoking command in '/home/asis/hokuyo_ws/src/build/nav2_amcl': AMENT_PREFIX_PATH=/home/asis/hokuyo_ws/src/install/nav2_util:/home/asis/hokuyo_ws/src/install/nav2_msgs:/home/asis/hokuyo_ws/src/install/nav2_common:${AMENT_PREFIX_PATH} CMAKE_PREFIX_PATH=/home/asis/hokuyo_ws/src/install/nav2_util:/home/asis/hokuyo_ws/src/install/nav2_msgs:/home/asis/hokuyo_ws/src/install/nav2_common:/home/asis/hokuyo_ws/install/urg_node2:/home/asis/hokuyo_ws/install/slam_toolbox:/opt/ros/humble LD_LIBRARY_PATH=/home/asis/hokuyo_ws/src/install/nav2_util/lib:/home/asis/hokuyo_ws/src/install/nav2_msgs/lib:${LD_LIBRARY_PATH} PYTHONPATH=/home/asis/hokuyo_ws/src/install/nav2_msgs/local/lib/python3.10/dist-packages:/home/asis/hokuyo_ws/src/install/nav2_common/local/lib/python3.10/dist-packages:${PYTHONPATH} /usr/bin/cmake --install /home/asis/hokuyo_ws/src/build/nav2_amcl
[76.220s] -- Install configuration: "Release"
[76.220s] -- Installing: /home/asis/hokuyo_ws/src/install/nav2_amcl/lib/libamcl_core.so
[76.224s] -- Set runtime path of "/home/asis/hokuyo_ws/src/install/nav2_amcl/lib/libamcl_core.so" to ""
[76.224s] -- Installing: /home/asis/hokuyo_ws/src/install/nav2_amcl/lib/nav2_amcl/amcl
[76.224s] -- Set runtime path of "/home/asis/hokuyo_ws/src/install/nav2_amcl/lib/nav2_amcl/amcl" to ""
[76.225s] -- Installing: /home/asis/hokuyo_ws/src/install/nav2_amcl/include/
[76.225s] -- Installing: /home/asis/hokuyo_ws/src/install/nav2_amcl/include//nav2_amcl
[76.225s] -- Installing: /home/asis/hokuyo_ws/src/install/nav2_amcl/include//nav2_amcl/amcl_node.hpp
[76.225s] -- Installing: /home/asis/hokuyo_ws/src/install/nav2_amcl/include//nav2_amcl/map
[76.225s] -- Installing: /home/asis/hokuyo_ws/src/install/nav2_amcl/include//nav2_amcl/map/map.hpp
[76.225s] -- Installing: /home/asis/hokuyo_ws/src/install/nav2_amcl/include//nav2_amcl/portable_utils.hpp
[76.226s] -- Installing: /home/asis/hokuyo_ws/src/install/nav2_amcl/include//nav2_amcl/sensors
[76.226s] -- Installing: /home/asis/hokuyo_ws/src/install/nav2_amcl/include//nav2_amcl/sensors/laser
[76.226s] -- Installing: /home/asis/hokuyo_ws/src/install/nav2_amcl/include//nav2_amcl/sensors/laser/laser.hpp
[76.226s] -- Installing: /home/asis/hokuyo_ws/src/install/nav2_amcl/include//nav2_amcl/pf
[76.226s] -- Installing: /home/asis/hokuyo_ws/src/install/nav2_amcl/include//nav2_amcl/pf/pf_pdf.hpp
[76.226s] -- Installing: /home/asis/hokuyo_ws/src/install/nav2_amcl/include//nav2_amcl/pf/eig3.hpp
[76.227s] -- Installing: /home/asis/hokuyo_ws/src/install/nav2_amcl/include//nav2_amcl/pf/pf_kdtree.hpp
[76.227s] -- Installing: /home/asis/hokuyo_ws/src/install/nav2_amcl/include//nav2_amcl/pf/pf_vector.hpp
[76.227s] -- Installing: /home/asis/hokuyo_ws/src/install/nav2_amcl/include//nav2_amcl/pf/pf.hpp
[76.227s] -- Installing: /home/asis/hokuyo_ws/src/install/nav2_amcl/include//nav2_amcl/motion_model
[76.227s] -- Installing: /home/asis/hokuyo_ws/src/install/nav2_amcl/include//nav2_amcl/motion_model/differential_motion_model.hpp
[76.227s] -- Installing: /home/asis/hokuyo_ws/src/install/nav2_amcl/include//nav2_amcl/motion_model/motion_model.hpp
[76.227s] -- Installing: /home/asis/hokuyo_ws/src/install/nav2_amcl/include//nav2_amcl/motion_model/omni_motion_model.hpp
[76.228s] -- Installing: /home/asis/hokuyo_ws/src/install/nav2_amcl/include//nav2_amcl/angleutils.hpp
[76.228s] -- Installing: /home/asis/hokuyo_ws/src/install/nav2_amcl/share/nav2_amcl/environment/library_path.sh
[76.228s] -- Installing: /home/asis/hokuyo_ws/src/install/nav2_amcl/share/nav2_amcl/environment/library_path.dsv
[76.228s] -- Installing: /home/asis/hokuyo_ws/src/install/nav2_amcl/share/nav2_amcl/plugins.xml
[76.228s] -- Installing: /home/asis/hokuyo_ws/src/install/nav2_amcl/share/ament_index/resource_index/package_run_dependencies/nav2_amcl
[76.228s] -- Installing: /home/asis/hokuyo_ws/src/install/nav2_amcl/share/ament_index/resource_index/parent_prefix_path/nav2_amcl
[76.228s] -- Installing: /home/asis/hokuyo_ws/src/install/nav2_amcl/share/nav2_amcl/environment/ament_prefix_path.sh
[76.229s] -- Installing: /home/asis/hokuyo_ws/src/install/nav2_amcl/share/nav2_amcl/environment/ament_prefix_path.dsv
[76.229s] -- Installing: /home/asis/hokuyo_ws/src/install/nav2_amcl/share/nav2_amcl/environment/path.sh
[76.229s] -- Installing: /home/asis/hokuyo_ws/src/install/nav2_amcl/share/nav2_amcl/environment/path.dsv
[76.229s] -- Installing: /home/asis/hokuyo_ws/src/install/nav2_amcl/share/nav2_amcl/local_setup.bash
[76.229s] -- Installing: /home/asis/hokuyo_ws/src/install/nav2_amcl/share/nav2_amcl/local_setup.sh
[76.229s] -- Installing: /home/asis/hokuyo_ws/src/install/nav2_amcl/share/nav2_amcl/local_setup.zsh
[76.229s] -- Installing: /home/asis/hokuyo_ws/src/install/nav2_amcl/share/nav2_amcl/local_setup.dsv
[76.230s] -- Installing: /home/asis/hokuyo_ws/src/install/nav2_amcl/share/nav2_amcl/package.dsv
[76.230s] -- Installing: /home/asis/hokuyo_ws/src/install/nav2_amcl/share/ament_index/resource_index/packages/nav2_amcl
[76.230s] -- Installing: /home/asis/hokuyo_ws/src/install/nav2_amcl/share/ament_index/resource_index/nav2_amcl__pluginlib__plugin/nav2_amcl
[76.230s] -- Installing: /home/asis/hokuyo_ws/src/install/nav2_amcl/share/ament_index/resource_index/rclcpp_components/nav2_amcl
[76.230s] -- Installing: /home/asis/hokuyo_ws/src/install/nav2_amcl/share/nav2_amcl/cmake/ament_cmake_export_include_directories-extras.cmake
[76.230s] -- Installing: /home/asis/hokuyo_ws/src/install/nav2_amcl/share/nav2_amcl/cmake/ament_cmake_export_libraries-extras.cmake
[76.231s] -- Installing: /home/asis/hokuyo_ws/src/install/nav2_amcl/share/nav2_amcl/cmake/ament_cmake_export_dependencies-extras.cmake
[76.231s] -- Installing: /home/asis/hokuyo_ws/src/install/nav2_amcl/share/nav2_amcl/cmake/nav2_amclConfig.cmake
[76.231s] -- Installing: /home/asis/hokuyo_ws/src/install/nav2_amcl/share/nav2_amcl/cmake/nav2_amclConfig-version.cmake
[76.231s] -- Installing: /home/asis/hokuyo_ws/src/install/nav2_amcl/share/nav2_amcl/package.xml
[76.231s] -- Installing: /home/asis/hokuyo_ws/src/install/nav2_amcl/lib/libpf_lib.so
[76.231s] -- Installing: /home/asis/hokuyo_ws/src/install/nav2_amcl/lib/libmap_lib.so
[76.232s] -- Installing: /home/asis/hokuyo_ws/src/install/nav2_amcl/lib/libmotions_lib.so
[76.232s] -- Set runtime path of "/home/asis/hokuyo_ws/src/install/nav2_amcl/lib/libmotions_lib.so" to ""
[76.232s] -- Installing: /home/asis/hokuyo_ws/src/install/nav2_amcl/lib/libsensors_lib.so
[76.233s] -- Set runtime path of "/home/asis/hokuyo_ws/src/install/nav2_amcl/lib/libsensors_lib.so" to ""
[76.235s] Invoked command in '/home/asis/hokuyo_ws/src/build/nav2_amcl' returned '0': AMENT_PREFIX_PATH=/home/asis/hokuyo_ws/src/install/nav2_util:/home/asis/hokuyo_ws/src/install/nav2_msgs:/home/asis/hokuyo_ws/src/install/nav2_common:${AMENT_PREFIX_PATH} CMAKE_PREFIX_PATH=/home/asis/hokuyo_ws/src/install/nav2_util:/home/asis/hokuyo_ws/src/install/nav2_msgs:/home/asis/hokuyo_ws/src/install/nav2_common:/home/asis/hokuyo_ws/install/urg_node2:/home/asis/hokuyo_ws/install/slam_toolbox:/opt/ros/humble LD_LIBRARY_PATH=/home/asis/hokuyo_ws/src/install/nav2_util/lib:/home/asis/hokuyo_ws/src/install/nav2_msgs/lib:${LD_LIBRARY_PATH} PYTHONPATH=/home/asis/hokuyo_ws/src/install/nav2_msgs/local/lib/python3.10/dist-packages:/home/asis/hokuyo_ws/src/install/nav2_common/local/lib/python3.10/dist-packages:${PYTHONPATH} /usr/bin/cmake --install /home/asis/hokuyo_ws/src/build/nav2_amcl
