[0.035s] Invoking command in '/home/asis/hokuyo_ws/src/build/nav_2d_utils': AMENT_PREFIX_PATH=/home/asis/hokuyo_ws/src/install/nav2_util:/home/asis/hokuyo_ws/src/install/nav2_msgs:/home/asis/hokuyo_ws/src/install/nav_2d_msgs:/home/asis/hokuyo_ws/src/install/nav2_common:${AMENT_PREFIX_PATH} CMAKE_PREFIX_PATH=/home/asis/hokuyo_ws/src/install/nav2_util:/home/asis/hokuyo_ws/src/install/nav2_msgs:/home/asis/hokuyo_ws/src/install/nav_2d_msgs:/home/asis/hokuyo_ws/src/install/nav2_common:/home/asis/hokuyo_ws/install/urg_node2:/home/asis/hokuyo_ws/install/slam_toolbox:/opt/ros/humble LD_LIBRARY_PATH=/home/asis/hokuyo_ws/src/install/nav2_util/lib:/home/asis/hokuyo_ws/src/install/nav2_msgs/lib:/home/asis/hokuyo_ws/src/install/nav_2d_msgs/lib:${LD_LIBRARY_PATH} PYTHONPATH=/home/asis/hokuyo_ws/src/install/nav2_msgs/local/lib/python3.10/dist-packages:/home/asis/hokuyo_ws/src/install/nav_2d_msgs/local/lib/python3.10/dist-packages:/home/asis/hokuyo_ws/src/install/nav2_common/local/lib/python3.10/dist-packages:${PYTHONPATH} /usr/bin/cmake /home/asis/hokuyo_ws/src/navigation2/nav2_dwb_controller/nav_2d_utils -DCMAKE_INSTALL_PREFIX=/home/asis/hokuyo_ws/src/install/nav_2d_utils
[0.117s] -- The C compiler identification is GNU 11.4.0
[0.232s] -- The CXX compiler identification is GNU 11.4.0
[0.258s] -- Detecting C compiler ABI info
[0.454s] -- Detecting C compiler ABI info - done
[0.471s] -- Check for working C compiler: /usr/bin/cc - skipped
[0.472s] -- Detecting C compile features
[0.473s] -- Detecting C compile features - done
[0.479s] -- Detecting CXX compiler ABI info
[0.616s] -- Detecting CXX compiler ABI info - done
[0.632s] -- Check for working CXX compiler: /usr/bin/c++ - skipped
[0.633s] -- Detecting CXX compile features
[0.635s] -- Detecting CXX compile features - done
[0.638s] -- Found ament_cmake: 1.3.9 (/opt/ros/humble/share/ament_cmake/cmake)
[0.883s] -- Found Python3: /usr/bin/python3 (found version "3.10.12") found components: Interpreter 
[1.040s] -- Found nav2_common: 1.1.15 (/home/asis/hokuyo_ws/src/install/nav2_common/share/nav2_common/cmake)
[1.043s] -- Found geometry_msgs: 4.2.3 (/opt/ros/humble/share/geometry_msgs/cmake)
[1.113s] -- Found rosidl_generator_c: 3.1.5 (/opt/ros/humble/share/rosidl_generator_c/cmake)
[1.122s] -- Found rosidl_adapter: 3.1.5 (/opt/ros/humble/share/rosidl_adapter/cmake)
[1.138s] -- Found rosidl_generator_cpp: 3.1.5 (/opt/ros/humble/share/rosidl_generator_cpp/cmake)
[1.163s] -- Using all available rosidl_typesupport_c: rosidl_typesupport_fastrtps_c;rosidl_typesupport_introspection_c
[1.196s] -- Using all available rosidl_typesupport_cpp: rosidl_typesupport_fastrtps_cpp;rosidl_typesupport_introspection_cpp
[1.416s] -- Found nav_2d_msgs: 1.1.15 (/home/asis/hokuyo_ws/src/install/nav_2d_msgs/share/nav_2d_msgs/cmake)
[1.544s] -- Found nav_msgs: 4.2.3 (/opt/ros/humble/share/nav_msgs/cmake)
[1.695s] -- Found rclcpp: 16.0.9 (/opt/ros/humble/share/rclcpp/cmake)
[1.787s] -- Found rmw_implementation_cmake: 6.1.2 (/opt/ros/humble/share/rmw_implementation_cmake/cmake)
[1.792s] -- Found rmw_fastrtps_cpp: 6.2.6 (/opt/ros/humble/share/rmw_fastrtps_cpp/cmake)
[1.896s] -- Found OpenSSL: /usr/lib/x86_64-linux-gnu/libcrypto.so (found version "3.0.2")  
[1.923s] -- Found FastRTPS: /opt/ros/humble/include  
[1.988s] -- Using RMW implementation 'rmw_fastrtps_cpp' as default
[2.000s] -- Looking for pthread.h
[2.092s] -- Looking for pthread.h - found
[2.092s] -- Performing Test CMAKE_HAVE_LIBC_PTHREAD
[2.215s] -- Performing Test CMAKE_HAVE_LIBC_PTHREAD - Success
[2.216s] -- Found Threads: TRUE  
[2.444s] -- Found tf2: 0.25.6 (/opt/ros/humble/share/tf2/cmake)
[2.468s] -- Found tf2_geometry_msgs: 0.25.6 (/opt/ros/humble/share/tf2_geometry_msgs/cmake)
[2.497s] -- Found eigen3_cmake_module: 0.1.1 (/opt/ros/humble/share/eigen3_cmake_module/cmake)
[2.499s] -- Found Eigen3: TRUE (found version "3.4.0") 
[2.499s] -- Ensuring Eigen3 include directory is part of orocos-kdl CMake target
[3.116s] -- Found nav2_msgs: 1.1.15 (/home/asis/hokuyo_ws/src/install/nav2_msgs/share/nav2_msgs/cmake)
[3.416s] -- Found nav2_util: 1.1.15 (/home/asis/hokuyo_ws/src/install/nav2_util/share/nav2_util/cmake)
[3.857s] -- Setting build type to Release as none was specified.
[6.033s] -- Found ament_lint_auto: 0.12.11 (/opt/ros/humble/share/ament_lint_auto/cmake)
[6.162s] -- Found gtest sources under '/opt/ros/humble/src/gtest_vendor': C++ tests using 'Google Test' will be built
[6.178s] -- Added test 'cppcheck' to perform static code analysis on C / C++ code
[6.179s] -- Configured cppcheck include dirs: /home/asis/hokuyo_ws/src/navigation2/nav2_dwb_controller/nav_2d_utils/include
[6.179s] -- Configured cppcheck exclude dirs and/or files: 
[6.181s] -- Added test 'cpplint' to check C / C++ code against the Google style
[6.181s] -- Configured cpplint exclude dirs and/or files: 
[6.182s] -- Added test 'lint_cmake' to check CMake code style
[6.185s] -- Added test 'uncrustify' to check C / C++ code style
[6.185s] -- Configured uncrustify additional arguments: 
[6.186s] -- Added test 'xmllint' to check XML markup files
[6.190s] -- Configuring done
[6.453s] -- Generating done
[6.460s] -- Build files have been written to: /home/asis/hokuyo_ws/src/build/nav_2d_utils
[6.484s] Invoked command in '/home/asis/hokuyo_ws/src/build/nav_2d_utils' returned '0': AMENT_PREFIX_PATH=/home/asis/hokuyo_ws/src/install/nav2_util:/home/asis/hokuyo_ws/src/install/nav2_msgs:/home/asis/hokuyo_ws/src/install/nav_2d_msgs:/home/asis/hokuyo_ws/src/install/nav2_common:${AMENT_PREFIX_PATH} CMAKE_PREFIX_PATH=/home/asis/hokuyo_ws/src/install/nav2_util:/home/asis/hokuyo_ws/src/install/nav2_msgs:/home/asis/hokuyo_ws/src/install/nav_2d_msgs:/home/asis/hokuyo_ws/src/install/nav2_common:/home/asis/hokuyo_ws/install/urg_node2:/home/asis/hokuyo_ws/install/slam_toolbox:/opt/ros/humble LD_LIBRARY_PATH=/home/asis/hokuyo_ws/src/install/nav2_util/lib:/home/asis/hokuyo_ws/src/install/nav2_msgs/lib:/home/asis/hokuyo_ws/src/install/nav_2d_msgs/lib:${LD_LIBRARY_PATH} PYTHONPATH=/home/asis/hokuyo_ws/src/install/nav2_msgs/local/lib/python3.10/dist-packages:/home/asis/hokuyo_ws/src/install/nav_2d_msgs/local/lib/python3.10/dist-packages:/home/asis/hokuyo_ws/src/install/nav2_common/local/lib/python3.10/dist-packages:${PYTHONPATH} /usr/bin/cmake /home/asis/hokuyo_ws/src/navigation2/nav2_dwb_controller/nav_2d_utils -DCMAKE_INSTALL_PREFIX=/home/asis/hokuyo_ws/src/install/nav_2d_utils
[6.486s] Invoking command in '/home/asis/hokuyo_ws/src/build/nav_2d_utils': AMENT_PREFIX_PATH=/home/asis/hokuyo_ws/src/install/nav2_util:/home/asis/hokuyo_ws/src/install/nav2_msgs:/home/asis/hokuyo_ws/src/install/nav_2d_msgs:/home/asis/hokuyo_ws/src/install/nav2_common:${AMENT_PREFIX_PATH} CMAKE_PREFIX_PATH=/home/asis/hokuyo_ws/src/install/nav2_util:/home/asis/hokuyo_ws/src/install/nav2_msgs:/home/asis/hokuyo_ws/src/install/nav_2d_msgs:/home/asis/hokuyo_ws/src/install/nav2_common:/home/asis/hokuyo_ws/install/urg_node2:/home/asis/hokuyo_ws/install/slam_toolbox:/opt/ros/humble LD_LIBRARY_PATH=/home/asis/hokuyo_ws/src/install/nav2_util/lib:/home/asis/hokuyo_ws/src/install/nav2_msgs/lib:/home/asis/hokuyo_ws/src/install/nav_2d_msgs/lib:${LD_LIBRARY_PATH} PYTHONPATH=/home/asis/hokuyo_ws/src/install/nav2_msgs/local/lib/python3.10/dist-packages:/home/asis/hokuyo_ws/src/install/nav_2d_msgs/local/lib/python3.10/dist-packages:/home/asis/hokuyo_ws/src/install/nav2_common/local/lib/python3.10/dist-packages:${PYTHONPATH} /usr/bin/cmake --build /home/asis/hokuyo_ws/src/build/nav_2d_utils -- -j8 -l8
[6.680s] [  6%] [32mBuilding CXX object gtest/CMakeFiles/gtest_main.dir/src/gtest_main.cc.o[0m
[6.697s] [ 12%] [32mBuilding CXX object CMakeFiles/path_ops.dir/src/path_ops.cpp.o[0m
[6.703s] [ 18%] [32mBuilding CXX object CMakeFiles/conversions.dir/src/conversions.cpp.o[0m
[6.740s] [ 25%] [32mBuilding CXX object gtest/CMakeFiles/gtest.dir/src/gtest-all.cc.o[0m
[9.400s] [ 31%] [32m[1mLinking CXX shared library libpath_ops.so[0m
[10.160s] [ 37%] [32m[1mLinking CXX static library libgtest_main.a[0m
[10.356s] [ 37%] Built target gtest_main
[14.229s] [ 37%] Built target path_ops
[15.712s] [ 43%] [32m[1mLinking CXX shared library libconversions.so[0m
[16.583s] [ 43%] Built target conversions
[23.935s] [ 50%] [32m[1mLinking CXX static library libgtest.a[0m
[23.997s] [ 50%] Built target gtest
[24.095s] [ 56%] [32mBuilding CXX object CMakeFiles/tf_help.dir/src/tf_help.cpp.o[0m
[29.312s] [ 62%] [32m[1mLinking CXX shared library libtf_help.so[0m
[29.691s] [ 62%] Built target tf_help
[29.770s] [ 68%] [32mBuilding CXX object test/CMakeFiles/path_ops_tests.dir/path_ops_test.cpp.o[0m
[32.281s] [ 75%] [32m[1mLinking CXX executable path_ops_tests[0m
[33.307s] [ 75%] Built target path_ops_tests
[33.369s] [ 81%] [32mBuilding CXX object test/CMakeFiles/tf_help_tests.dir/tf_help_test.cpp.o[0m
[43.196s] [ 87%] [32m[1mLinking CXX executable tf_help_tests[0m
[43.653s] [ 87%] Built target tf_help_tests
[43.726s] [ 93%] [32mBuilding CXX object test/CMakeFiles/2d_utils_tests.dir/2d_utils_test.cpp.o[0m
[52.090s] [100%] [32m[1mLinking CXX executable 2d_utils_tests[0m
[52.428s] [100%] Built target 2d_utils_tests
[52.445s] Invoked command in '/home/asis/hokuyo_ws/src/build/nav_2d_utils' returned '0': AMENT_PREFIX_PATH=/home/asis/hokuyo_ws/src/install/nav2_util:/home/asis/hokuyo_ws/src/install/nav2_msgs:/home/asis/hokuyo_ws/src/install/nav_2d_msgs:/home/asis/hokuyo_ws/src/install/nav2_common:${AMENT_PREFIX_PATH} CMAKE_PREFIX_PATH=/home/asis/hokuyo_ws/src/install/nav2_util:/home/asis/hokuyo_ws/src/install/nav2_msgs:/home/asis/hokuyo_ws/src/install/nav_2d_msgs:/home/asis/hokuyo_ws/src/install/nav2_common:/home/asis/hokuyo_ws/install/urg_node2:/home/asis/hokuyo_ws/install/slam_toolbox:/opt/ros/humble LD_LIBRARY_PATH=/home/asis/hokuyo_ws/src/install/nav2_util/lib:/home/asis/hokuyo_ws/src/install/nav2_msgs/lib:/home/asis/hokuyo_ws/src/install/nav_2d_msgs/lib:${LD_LIBRARY_PATH} PYTHONPATH=/home/asis/hokuyo_ws/src/install/nav2_msgs/local/lib/python3.10/dist-packages:/home/asis/hokuyo_ws/src/install/nav_2d_msgs/local/lib/python3.10/dist-packages:/home/asis/hokuyo_ws/src/install/nav2_common/local/lib/python3.10/dist-packages:${PYTHONPATH} /usr/bin/cmake --build /home/asis/hokuyo_ws/src/build/nav_2d_utils -- -j8 -l8
[52.520s] Invoking command in '/home/asis/hokuyo_ws/src/build/nav_2d_utils': AMENT_PREFIX_PATH=/home/asis/hokuyo_ws/src/install/nav2_util:/home/asis/hokuyo_ws/src/install/nav2_msgs:/home/asis/hokuyo_ws/src/install/nav_2d_msgs:/home/asis/hokuyo_ws/src/install/nav2_common:${AMENT_PREFIX_PATH} CMAKE_PREFIX_PATH=/home/asis/hokuyo_ws/src/install/nav2_util:/home/asis/hokuyo_ws/src/install/nav2_msgs:/home/asis/hokuyo_ws/src/install/nav_2d_msgs:/home/asis/hokuyo_ws/src/install/nav2_common:/home/asis/hokuyo_ws/install/urg_node2:/home/asis/hokuyo_ws/install/slam_toolbox:/opt/ros/humble LD_LIBRARY_PATH=/home/asis/hokuyo_ws/src/install/nav2_util/lib:/home/asis/hokuyo_ws/src/install/nav2_msgs/lib:/home/asis/hokuyo_ws/src/install/nav_2d_msgs/lib:${LD_LIBRARY_PATH} PYTHONPATH=/home/asis/hokuyo_ws/src/install/nav2_msgs/local/lib/python3.10/dist-packages:/home/asis/hokuyo_ws/src/install/nav_2d_msgs/local/lib/python3.10/dist-packages:/home/asis/hokuyo_ws/src/install/nav2_common/local/lib/python3.10/dist-packages:${PYTHONPATH} /usr/bin/cmake --install /home/asis/hokuyo_ws/src/build/nav_2d_utils
[52.532s] -- Install configuration: "Release"
[52.533s] -- Installing: /home/asis/hokuyo_ws/src/install/nav_2d_utils/lib/libconversions.so
[52.533s] -- Set runtime path of "/home/asis/hokuyo_ws/src/install/nav_2d_utils/lib/libconversions.so" to ""
[52.533s] -- Installing: /home/asis/hokuyo_ws/src/install/nav_2d_utils/lib/libpath_ops.so
[52.534s] -- Set runtime path of "/home/asis/hokuyo_ws/src/install/nav_2d_utils/lib/libpath_ops.so" to ""
[52.534s] -- Installing: /home/asis/hokuyo_ws/src/install/nav_2d_utils/lib/libtf_help.so
[52.534s] -- Set runtime path of "/home/asis/hokuyo_ws/src/install/nav_2d_utils/lib/libtf_help.so" to ""
[52.535s] -- Installing: /home/asis/hokuyo_ws/src/install/nav_2d_utils/include/
[52.535s] -- Installing: /home/asis/hokuyo_ws/src/install/nav_2d_utils/include//nav_2d_utils
[52.535s] -- Installing: /home/asis/hokuyo_ws/src/install/nav_2d_utils/include//nav_2d_utils/tf_help.hpp
[52.535s] -- Installing: /home/asis/hokuyo_ws/src/install/nav_2d_utils/include//nav_2d_utils/conversions.hpp
[52.535s] -- Installing: /home/asis/hokuyo_ws/src/install/nav_2d_utils/include//nav_2d_utils/path_ops.hpp
[52.535s] -- Installing: /home/asis/hokuyo_ws/src/install/nav_2d_utils/include//nav_2d_utils/odom_subscriber.hpp
[52.535s] -- Installing: /home/asis/hokuyo_ws/src/install/nav_2d_utils/include//nav_2d_utils/parameters.hpp
[52.536s] -- Installing: /home/asis/hokuyo_ws/src/install/nav_2d_utils/share/nav_2d_utils/environment/library_path.sh
[52.536s] -- Installing: /home/asis/hokuyo_ws/src/install/nav_2d_utils/share/nav_2d_utils/environment/library_path.dsv
[52.537s] -- Installing: /home/asis/hokuyo_ws/src/install/nav_2d_utils/share/ament_index/resource_index/package_run_dependencies/nav_2d_utils
[52.537s] -- Installing: /home/asis/hokuyo_ws/src/install/nav_2d_utils/share/ament_index/resource_index/parent_prefix_path/nav_2d_utils
[52.537s] -- Installing: /home/asis/hokuyo_ws/src/install/nav_2d_utils/share/nav_2d_utils/environment/ament_prefix_path.sh
[52.537s] -- Installing: /home/asis/hokuyo_ws/src/install/nav_2d_utils/share/nav_2d_utils/environment/ament_prefix_path.dsv
[52.537s] -- Installing: /home/asis/hokuyo_ws/src/install/nav_2d_utils/share/nav_2d_utils/environment/path.sh
[52.538s] -- Installing: /home/asis/hokuyo_ws/src/install/nav_2d_utils/share/nav_2d_utils/environment/path.dsv
[52.538s] -- Installing: /home/asis/hokuyo_ws/src/install/nav_2d_utils/share/nav_2d_utils/local_setup.bash
[52.538s] -- Installing: /home/asis/hokuyo_ws/src/install/nav_2d_utils/share/nav_2d_utils/local_setup.sh
[52.538s] -- Installing: /home/asis/hokuyo_ws/src/install/nav_2d_utils/share/nav_2d_utils/local_setup.zsh
[52.539s] -- Installing: /home/asis/hokuyo_ws/src/install/nav_2d_utils/share/nav_2d_utils/local_setup.dsv
[52.539s] -- Installing: /home/asis/hokuyo_ws/src/install/nav_2d_utils/share/nav_2d_utils/package.dsv
[52.539s] -- Installing: /home/asis/hokuyo_ws/src/install/nav_2d_utils/share/ament_index/resource_index/packages/nav_2d_utils
[52.539s] -- Installing: /home/asis/hokuyo_ws/src/install/nav_2d_utils/share/nav_2d_utils/cmake/ament_cmake_export_include_directories-extras.cmake
[52.539s] -- Installing: /home/asis/hokuyo_ws/src/install/nav_2d_utils/share/nav_2d_utils/cmake/ament_cmake_export_libraries-extras.cmake
[52.540s] -- Installing: /home/asis/hokuyo_ws/src/install/nav_2d_utils/share/nav_2d_utils/cmake/ament_cmake_export_dependencies-extras.cmake
[52.540s] -- Installing: /home/asis/hokuyo_ws/src/install/nav_2d_utils/share/nav_2d_utils/cmake/nav_2d_utilsConfig.cmake
[52.540s] -- Installing: /home/asis/hokuyo_ws/src/install/nav_2d_utils/share/nav_2d_utils/cmake/nav_2d_utilsConfig-version.cmake
[52.540s] -- Installing: /home/asis/hokuyo_ws/src/install/nav_2d_utils/share/nav_2d_utils/package.xml
[52.544s] Invoked command in '/home/asis/hokuyo_ws/src/build/nav_2d_utils' returned '0': AMENT_PREFIX_PATH=/home/asis/hokuyo_ws/src/install/nav2_util:/home/asis/hokuyo_ws/src/install/nav2_msgs:/home/asis/hokuyo_ws/src/install/nav_2d_msgs:/home/asis/hokuyo_ws/src/install/nav2_common:${AMENT_PREFIX_PATH} CMAKE_PREFIX_PATH=/home/asis/hokuyo_ws/src/install/nav2_util:/home/asis/hokuyo_ws/src/install/nav2_msgs:/home/asis/hokuyo_ws/src/install/nav_2d_msgs:/home/asis/hokuyo_ws/src/install/nav2_common:/home/asis/hokuyo_ws/install/urg_node2:/home/asis/hokuyo_ws/install/slam_toolbox:/opt/ros/humble LD_LIBRARY_PATH=/home/asis/hokuyo_ws/src/install/nav2_util/lib:/home/asis/hokuyo_ws/src/install/nav2_msgs/lib:/home/asis/hokuyo_ws/src/install/nav_2d_msgs/lib:${LD_LIBRARY_PATH} PYTHONPATH=/home/asis/hokuyo_ws/src/install/nav2_msgs/local/lib/python3.10/dist-packages:/home/asis/hokuyo_ws/src/install/nav_2d_msgs/local/lib/python3.10/dist-packages:/home/asis/hokuyo_ws/src/install/nav2_common/local/lib/python3.10/dist-packages:${PYTHONPATH} /usr/bin/cmake --install /home/asis/hokuyo_ws/src/build/nav_2d_utils
