[0.020s] Invoking command in '/home/asis/hokuyo_ws/src/build/nav2_core': AMENT_PREFIX_PATH=/home/asis/hokuyo_ws/src/install/nav2_costmap_2d:/home/asis/hokuyo_ws/src/install/nav2_util:/home/asis/hokuyo_ws/src/install/nav2_voxel_grid:/home/asis/hokuyo_ws/src/install/nav2_msgs:/home/asis/hokuyo_ws/src/install/nav2_common:${AMENT_PREFIX_PATH} CMAKE_PREFIX_PATH=/home/asis/hokuyo_ws/src/install/nav2_costmap_2d:/home/asis/hokuyo_ws/src/install/nav2_util:/home/asis/hokuyo_ws/src/install/nav2_voxel_grid:/home/asis/hokuyo_ws/src/install/nav2_msgs:/home/asis/hokuyo_ws/src/install/nav2_common:/home/asis/hokuyo_ws/install/urg_node2:/home/asis/hokuyo_ws/install/slam_toolbox:/opt/ros/humble LD_LIBRARY_PATH=/home/asis/hokuyo_ws/src/install/nav2_costmap_2d/lib:/home/asis/hokuyo_ws/src/install/nav2_util/lib:/home/asis/hokuyo_ws/src/install/nav2_voxel_grid/lib:/home/asis/hokuyo_ws/src/install/nav2_msgs/lib:${LD_LIBRARY_PATH} PYTHONPATH=/home/asis/hokuyo_ws/src/install/nav2_msgs/local/lib/python3.10/dist-packages:/home/asis/hokuyo_ws/src/install/nav2_common/local/lib/python3.10/dist-packages:${PYTHONPATH} /usr/bin/cmake /home/asis/hokuyo_ws/src/navigation2/nav2_core -DCMAKE_INSTALL_PREFIX=/home/asis/hokuyo_ws/src/install/nav2_core
[0.086s] -- The C compiler identification is GNU 11.4.0
[0.157s] -- The CXX compiler identification is GNU 11.4.0
[0.167s] -- Detecting C compiler ABI info
[0.260s] -- Detecting C compiler ABI info - done
[0.272s] -- Check for working C compiler: /usr/bin/cc - skipped
[0.272s] -- Detecting C compile features
[0.273s] -- Detecting C compile features - done
[0.277s] -- Detecting CXX compiler ABI info
[0.376s] -- Detecting CXX compiler ABI info - done
[0.388s] -- Check for working CXX compiler: /usr/bin/c++ - skipped
[0.389s] -- Detecting CXX compile features
[0.389s] -- Detecting CXX compile features - done
[0.393s] -- Found ament_cmake: 1.3.9 (/opt/ros/humble/share/ament_cmake/cmake)
[0.563s] -- Found Python3: /usr/bin/python3 (found version "3.10.12") found components: Interpreter 
[0.718s] -- Found nav2_common: 1.1.15 (/home/asis/hokuyo_ws/src/install/nav2_common/share/nav2_common/cmake)
[0.721s] -- Found rclcpp: 16.0.9 (/opt/ros/humble/share/rclcpp/cmake)
[0.796s] -- Found rosidl_generator_c: 3.1.5 (/opt/ros/humble/share/rosidl_generator_c/cmake)
[0.805s] -- Found rosidl_adapter: 3.1.5 (/opt/ros/humble/share/rosidl_adapter/cmake)
[0.820s] -- Found rosidl_generator_cpp: 3.1.5 (/opt/ros/humble/share/rosidl_generator_cpp/cmake)
[0.844s] -- Using all available rosidl_typesupport_c: rosidl_typesupport_fastrtps_c;rosidl_typesupport_introspection_c
[0.878s] -- Using all available rosidl_typesupport_cpp: rosidl_typesupport_fastrtps_cpp;rosidl_typesupport_introspection_cpp
[0.998s] -- Found rmw_implementation_cmake: 6.1.2 (/opt/ros/humble/share/rmw_implementation_cmake/cmake)
[1.003s] -- Found rmw_fastrtps_cpp: 6.2.6 (/opt/ros/humble/share/rmw_fastrtps_cpp/cmake)
[1.144s] -- Found OpenSSL: /usr/lib/x86_64-linux-gnu/libcrypto.so (found version "3.0.2")  
[1.173s] -- Found FastRTPS: /opt/ros/humble/include  
[1.219s] -- Using RMW implementation 'rmw_fastrtps_cpp' as default
[1.230s] -- Looking for pthread.h
[1.302s] -- Looking for pthread.h - found
[1.302s] -- Performing Test CMAKE_HAVE_LIBC_PTHREAD
[1.391s] -- Performing Test CMAKE_HAVE_LIBC_PTHREAD - Success
[1.393s] -- Found Threads: TRUE  
[1.626s] -- Found rclcpp_lifecycle: 16.0.9 (/opt/ros/humble/share/rclcpp_lifecycle/cmake)
[1.699s] -- Found geometry_msgs: 4.2.3 (/opt/ros/humble/share/geometry_msgs/cmake)
[1.775s] -- Found nav2_costmap_2d: 1.1.15 (/home/asis/hokuyo_ws/src/install/nav2_costmap_2d/share/nav2_costmap_2d/cmake)
[3.405s] -- Found Eigen3: TRUE (found version "3.4.0") 
[3.405s] -- Ensuring Eigen3 include directory is part of orocos-kdl CMake target
[5.042s] -- Setting build type to Release as none was specified.
[5.044s] -- Found ament_lint_auto: 0.12.11 (/opt/ros/humble/share/ament_lint_auto/cmake)
[5.162s] -- Added test 'cppcheck' to perform static code analysis on C / C++ code
[5.162s] -- Configured cppcheck include dirs: 
[5.162s] -- Configured cppcheck exclude dirs and/or files: 
[5.163s] -- Added test 'cpplint' to check C / C++ code against the Google style
[5.163s] -- Configured cpplint exclude dirs and/or files: 
[5.164s] -- Added test 'lint_cmake' to check CMake code style
[5.166s] -- Added test 'uncrustify' to check C / C++ code style
[5.166s] -- Configured uncrustify additional arguments: 
[5.166s] -- Added test 'xmllint' to check XML markup files
[5.169s] -- Configuring done
[5.177s] -- Generating done
[5.179s] -- Build files have been written to: /home/asis/hokuyo_ws/src/build/nav2_core
[5.192s] Invoked command in '/home/asis/hokuyo_ws/src/build/nav2_core' returned '0': AMENT_PREFIX_PATH=/home/asis/hokuyo_ws/src/install/nav2_costmap_2d:/home/asis/hokuyo_ws/src/install/nav2_util:/home/asis/hokuyo_ws/src/install/nav2_voxel_grid:/home/asis/hokuyo_ws/src/install/nav2_msgs:/home/asis/hokuyo_ws/src/install/nav2_common:${AMENT_PREFIX_PATH} CMAKE_PREFIX_PATH=/home/asis/hokuyo_ws/src/install/nav2_costmap_2d:/home/asis/hokuyo_ws/src/install/nav2_util:/home/asis/hokuyo_ws/src/install/nav2_voxel_grid:/home/asis/hokuyo_ws/src/install/nav2_msgs:/home/asis/hokuyo_ws/src/install/nav2_common:/home/asis/hokuyo_ws/install/urg_node2:/home/asis/hokuyo_ws/install/slam_toolbox:/opt/ros/humble LD_LIBRARY_PATH=/home/asis/hokuyo_ws/src/install/nav2_costmap_2d/lib:/home/asis/hokuyo_ws/src/install/nav2_util/lib:/home/asis/hokuyo_ws/src/install/nav2_voxel_grid/lib:/home/asis/hokuyo_ws/src/install/nav2_msgs/lib:${LD_LIBRARY_PATH} PYTHONPATH=/home/asis/hokuyo_ws/src/install/nav2_msgs/local/lib/python3.10/dist-packages:/home/asis/hokuyo_ws/src/install/nav2_common/local/lib/python3.10/dist-packages:${PYTHONPATH} /usr/bin/cmake /home/asis/hokuyo_ws/src/navigation2/nav2_core -DCMAKE_INSTALL_PREFIX=/home/asis/hokuyo_ws/src/install/nav2_core
[5.194s] Invoking command in '/home/asis/hokuyo_ws/src/build/nav2_core': AMENT_PREFIX_PATH=/home/asis/hokuyo_ws/src/install/nav2_costmap_2d:/home/asis/hokuyo_ws/src/install/nav2_util:/home/asis/hokuyo_ws/src/install/nav2_voxel_grid:/home/asis/hokuyo_ws/src/install/nav2_msgs:/home/asis/hokuyo_ws/src/install/nav2_common:${AMENT_PREFIX_PATH} CMAKE_PREFIX_PATH=/home/asis/hokuyo_ws/src/install/nav2_costmap_2d:/home/asis/hokuyo_ws/src/install/nav2_util:/home/asis/hokuyo_ws/src/install/nav2_voxel_grid:/home/asis/hokuyo_ws/src/install/nav2_msgs:/home/asis/hokuyo_ws/src/install/nav2_common:/home/asis/hokuyo_ws/install/urg_node2:/home/asis/hokuyo_ws/install/slam_toolbox:/opt/ros/humble LD_LIBRARY_PATH=/home/asis/hokuyo_ws/src/install/nav2_costmap_2d/lib:/home/asis/hokuyo_ws/src/install/nav2_util/lib:/home/asis/hokuyo_ws/src/install/nav2_voxel_grid/lib:/home/asis/hokuyo_ws/src/install/nav2_msgs/lib:${LD_LIBRARY_PATH} PYTHONPATH=/home/asis/hokuyo_ws/src/install/nav2_msgs/local/lib/python3.10/dist-packages:/home/asis/hokuyo_ws/src/install/nav2_common/local/lib/python3.10/dist-packages:${PYTHONPATH} /usr/bin/cmake --build /home/asis/hokuyo_ws/src/build/nav2_core -- -j8 -l8
[5.237s] Invoked command in '/home/asis/hokuyo_ws/src/build/nav2_core' returned '0': AMENT_PREFIX_PATH=/home/asis/hokuyo_ws/src/install/nav2_costmap_2d:/home/asis/hokuyo_ws/src/install/nav2_util:/home/asis/hokuyo_ws/src/install/nav2_voxel_grid:/home/asis/hokuyo_ws/src/install/nav2_msgs:/home/asis/hokuyo_ws/src/install/nav2_common:${AMENT_PREFIX_PATH} CMAKE_PREFIX_PATH=/home/asis/hokuyo_ws/src/install/nav2_costmap_2d:/home/asis/hokuyo_ws/src/install/nav2_util:/home/asis/hokuyo_ws/src/install/nav2_voxel_grid:/home/asis/hokuyo_ws/src/install/nav2_msgs:/home/asis/hokuyo_ws/src/install/nav2_common:/home/asis/hokuyo_ws/install/urg_node2:/home/asis/hokuyo_ws/install/slam_toolbox:/opt/ros/humble LD_LIBRARY_PATH=/home/asis/hokuyo_ws/src/install/nav2_costmap_2d/lib:/home/asis/hokuyo_ws/src/install/nav2_util/lib:/home/asis/hokuyo_ws/src/install/nav2_voxel_grid/lib:/home/asis/hokuyo_ws/src/install/nav2_msgs/lib:${LD_LIBRARY_PATH} PYTHONPATH=/home/asis/hokuyo_ws/src/install/nav2_msgs/local/lib/python3.10/dist-packages:/home/asis/hokuyo_ws/src/install/nav2_common/local/lib/python3.10/dist-packages:${PYTHONPATH} /usr/bin/cmake --build /home/asis/hokuyo_ws/src/build/nav2_core -- -j8 -l8
[5.260s] Invoking command in '/home/asis/hokuyo_ws/src/build/nav2_core': AMENT_PREFIX_PATH=/home/asis/hokuyo_ws/src/install/nav2_costmap_2d:/home/asis/hokuyo_ws/src/install/nav2_util:/home/asis/hokuyo_ws/src/install/nav2_voxel_grid:/home/asis/hokuyo_ws/src/install/nav2_msgs:/home/asis/hokuyo_ws/src/install/nav2_common:${AMENT_PREFIX_PATH} CMAKE_PREFIX_PATH=/home/asis/hokuyo_ws/src/install/nav2_costmap_2d:/home/asis/hokuyo_ws/src/install/nav2_util:/home/asis/hokuyo_ws/src/install/nav2_voxel_grid:/home/asis/hokuyo_ws/src/install/nav2_msgs:/home/asis/hokuyo_ws/src/install/nav2_common:/home/asis/hokuyo_ws/install/urg_node2:/home/asis/hokuyo_ws/install/slam_toolbox:/opt/ros/humble LD_LIBRARY_PATH=/home/asis/hokuyo_ws/src/install/nav2_costmap_2d/lib:/home/asis/hokuyo_ws/src/install/nav2_util/lib:/home/asis/hokuyo_ws/src/install/nav2_voxel_grid/lib:/home/asis/hokuyo_ws/src/install/nav2_msgs/lib:${LD_LIBRARY_PATH} PYTHONPATH=/home/asis/hokuyo_ws/src/install/nav2_msgs/local/lib/python3.10/dist-packages:/home/asis/hokuyo_ws/src/install/nav2_common/local/lib/python3.10/dist-packages:${PYTHONPATH} /usr/bin/cmake --install /home/asis/hokuyo_ws/src/build/nav2_core
[5.267s] -- Install configuration: "Release"
[5.268s] -- Installing: /home/asis/hokuyo_ws/src/install/nav2_core/include/
[5.268s] -- Installing: /home/asis/hokuyo_ws/src/install/nav2_core/include//nav2_core
[5.268s] -- Installing: /home/asis/hokuyo_ws/src/install/nav2_core/include//nav2_core/goal_checker.hpp
[5.268s] -- Installing: /home/asis/hokuyo_ws/src/install/nav2_core/include//nav2_core/controller.hpp
[5.268s] -- Installing: /home/asis/hokuyo_ws/src/install/nav2_core/include//nav2_core/smoother.hpp
[5.268s] -- Installing: /home/asis/hokuyo_ws/src/install/nav2_core/include//nav2_core/waypoint_task_executor.hpp
[5.268s] -- Installing: /home/asis/hokuyo_ws/src/install/nav2_core/include//nav2_core/progress_checker.hpp
[5.269s] -- Installing: /home/asis/hokuyo_ws/src/install/nav2_core/include//nav2_core/exceptions.hpp
[5.269s] -- Installing: /home/asis/hokuyo_ws/src/install/nav2_core/include//nav2_core/global_planner.hpp
[5.269s] -- Installing: /home/asis/hokuyo_ws/src/install/nav2_core/include//nav2_core/behavior.hpp
[5.269s] -- Installing: /home/asis/hokuyo_ws/src/install/nav2_core/share/ament_index/resource_index/package_run_dependencies/nav2_core
[5.269s] -- Installing: /home/asis/hokuyo_ws/src/install/nav2_core/share/ament_index/resource_index/parent_prefix_path/nav2_core
[5.269s] -- Installing: /home/asis/hokuyo_ws/src/install/nav2_core/share/nav2_core/environment/ament_prefix_path.sh
[5.269s] -- Installing: /home/asis/hokuyo_ws/src/install/nav2_core/share/nav2_core/environment/ament_prefix_path.dsv
[5.270s] -- Installing: /home/asis/hokuyo_ws/src/install/nav2_core/share/nav2_core/environment/path.sh
[5.270s] -- Installing: /home/asis/hokuyo_ws/src/install/nav2_core/share/nav2_core/environment/path.dsv
[5.270s] -- Installing: /home/asis/hokuyo_ws/src/install/nav2_core/share/nav2_core/local_setup.bash
[5.270s] -- Installing: /home/asis/hokuyo_ws/src/install/nav2_core/share/nav2_core/local_setup.sh
[5.270s] -- Installing: /home/asis/hokuyo_ws/src/install/nav2_core/share/nav2_core/local_setup.zsh
[5.270s] -- Installing: /home/asis/hokuyo_ws/src/install/nav2_core/share/nav2_core/local_setup.dsv
[5.270s] -- Installing: /home/asis/hokuyo_ws/src/install/nav2_core/share/nav2_core/package.dsv
[5.270s] -- Installing: /home/asis/hokuyo_ws/src/install/nav2_core/share/ament_index/resource_index/packages/nav2_core
[5.271s] -- Installing: /home/asis/hokuyo_ws/src/install/nav2_core/share/nav2_core/cmake/ament_cmake_export_include_directories-extras.cmake
[5.271s] -- Installing: /home/asis/hokuyo_ws/src/install/nav2_core/share/nav2_core/cmake/ament_cmake_export_dependencies-extras.cmake
[5.271s] -- Installing: /home/asis/hokuyo_ws/src/install/nav2_core/share/nav2_core/cmake/nav2_coreConfig.cmake
[5.271s] -- Installing: /home/asis/hokuyo_ws/src/install/nav2_core/share/nav2_core/cmake/nav2_coreConfig-version.cmake
[5.271s] -- Installing: /home/asis/hokuyo_ws/src/install/nav2_core/share/nav2_core/package.xml
[5.274s] Invoked command in '/home/asis/hokuyo_ws/src/build/nav2_core' returned '0': AMENT_PREFIX_PATH=/home/asis/hokuyo_ws/src/install/nav2_costmap_2d:/home/asis/hokuyo_ws/src/install/nav2_util:/home/asis/hokuyo_ws/src/install/nav2_voxel_grid:/home/asis/hokuyo_ws/src/install/nav2_msgs:/home/asis/hokuyo_ws/src/install/nav2_common:${AMENT_PREFIX_PATH} CMAKE_PREFIX_PATH=/home/asis/hokuyo_ws/src/install/nav2_costmap_2d:/home/asis/hokuyo_ws/src/install/nav2_util:/home/asis/hokuyo_ws/src/install/nav2_voxel_grid:/home/asis/hokuyo_ws/src/install/nav2_msgs:/home/asis/hokuyo_ws/src/install/nav2_common:/home/asis/hokuyo_ws/install/urg_node2:/home/asis/hokuyo_ws/install/slam_toolbox:/opt/ros/humble LD_LIBRARY_PATH=/home/asis/hokuyo_ws/src/install/nav2_costmap_2d/lib:/home/asis/hokuyo_ws/src/install/nav2_util/lib:/home/asis/hokuyo_ws/src/install/nav2_voxel_grid/lib:/home/asis/hokuyo_ws/src/install/nav2_msgs/lib:${LD_LIBRARY_PATH} PYTHONPATH=/home/asis/hokuyo_ws/src/install/nav2_msgs/local/lib/python3.10/dist-packages:/home/asis/hokuyo_ws/src/install/nav2_common/local/lib/python3.10/dist-packages:${PYTHONPATH} /usr/bin/cmake --install /home/asis/hokuyo_ws/src/build/nav2_core
