[0.020s] Invoking command in '/home/asis/hokuyo_ws/build/urg_node2': CMAKE_PREFIX_PATH=${CMAKE_PREFIX_PATH}:/opt/ros/humble /usr/bin/cmake /home/asis/hokuyo_ws/src/urg_node2 -DCMAKE_INSTALL_PREFIX=/home/asis/hokuyo_ws/install/urg_node2
[0.322s] -- The C compiler identification is GNU 11.4.0
[0.547s] -- The CXX compiler identification is GNU 11.4.0
[0.558s] -- Detecting C compiler ABI info
[0.683s] -- Detecting C compiler ABI info - done
[0.699s] -- Check for working C compiler: /usr/bin/cc - skipped
[0.700s] -- Detecting C compile features
[0.702s] -- Detecting C compile features - done
[0.709s] -- Detecting CXX compiler ABI info
[0.801s] -- Detecting CXX compiler ABI info - done
[0.810s] -- Check for working CXX compiler: /usr/bin/c++ - skipped
[0.810s] -- Detecting CXX compile features
[0.810s] -- Detecting CXX compile features - done
[0.819s] -- Found ament_cmake: 1.3.9 (/opt/ros/humble/share/ament_cmake/cmake)
[0.954s] -- Found Python3: /usr/bin/python3 (found version "3.10.12") found components: Interpreter 
[1.076s] -- Found rclcpp: 16.0.9 (/opt/ros/humble/share/rclcpp/cmake)
[1.134s] -- Found rosidl_generator_c: 3.1.5 (/opt/ros/humble/share/rosidl_generator_c/cmake)
[1.142s] -- Found rosidl_adapter: 3.1.5 (/opt/ros/humble/share/rosidl_adapter/cmake)
[1.155s] -- Found rosidl_generator_cpp: 3.1.5 (/opt/ros/humble/share/rosidl_generator_cpp/cmake)
[1.172s] -- Using all available rosidl_typesupport_c: rosidl_typesupport_fastrtps_c;rosidl_typesupport_introspection_c
[1.198s] -- Using all available rosidl_typesupport_cpp: rosidl_typesupport_fastrtps_cpp;rosidl_typesupport_introspection_cpp
[1.283s] -- Found rmw_implementation_cmake: 6.1.2 (/opt/ros/humble/share/rmw_implementation_cmake/cmake)
[1.291s] -- Found rmw_fastrtps_cpp: 6.2.6 (/opt/ros/humble/share/rmw_fastrtps_cpp/cmake)
[1.405s] -- Found OpenSSL: /usr/lib/x86_64-linux-gnu/libcrypto.so (found version "3.0.2")  
[1.429s] -- Found FastRTPS: /opt/ros/humble/include  
[1.470s] -- Using RMW implementation 'rmw_fastrtps_cpp' as default
[1.483s] -- Looking for pthread.h
[1.601s] -- Looking for pthread.h - found
[1.602s] -- Performing Test CMAKE_HAVE_LIBC_PTHREAD
[1.689s] -- Performing Test CMAKE_HAVE_LIBC_PTHREAD - Success
[1.691s] -- Found Threads: TRUE  
[1.910s] -- Found rclcpp_components: 16.0.9 (/opt/ros/humble/share/rclcpp_components/cmake)
[1.985s] -- Found rclcpp_lifecycle: 16.0.9 (/opt/ros/humble/share/rclcpp_lifecycle/cmake)
[2.031s] -- Found sensor_msgs: 4.2.3 (/opt/ros/humble/share/sensor_msgs/cmake)
[2.165s] -- Found diagnostic_updater: 3.1.2 (/opt/ros/humble/share/diagnostic_updater/cmake)
[2.258s] -- Found laser_proc: 1.0.2 (/opt/ros/humble/share/laser_proc/cmake)
[2.277s] -- Found ament_cmake_gtest: 1.3.9 (/opt/ros/humble/share/ament_cmake_gtest/cmake)
[2.281s] -- Found gtest sources under '/opt/ros/humble/src/gtest_vendor': C++ tests using 'Google Test' will be built
[2.351s] -- Configuring done
[2.378s] -- Generating done
[2.380s] -- Build files have been written to: /home/asis/hokuyo_ws/build/urg_node2
[2.392s] Invoked command in '/home/asis/hokuyo_ws/build/urg_node2' returned '0': CMAKE_PREFIX_PATH=${CMAKE_PREFIX_PATH}:/opt/ros/humble /usr/bin/cmake /home/asis/hokuyo_ws/src/urg_node2 -DCMAKE_INSTALL_PREFIX=/home/asis/hokuyo_ws/install/urg_node2
[2.395s] Invoking command in '/home/asis/hokuyo_ws/build/urg_node2': CMAKE_PREFIX_PATH=${CMAKE_PREFIX_PATH}:/opt/ros/humble /usr/bin/cmake --build /home/asis/hokuyo_ws/build/urg_node2 -- -j8 -l8
[2.441s] [ 10%] [32mBuilding CXX object gtest/CMakeFiles/gtest_main.dir/src/gtest_main.cc.o[0m
[2.442s] [ 15%] [32mBuilding C object CMakeFiles/urg_c.dir/urg_library/current/src/urg_sensor.c.o[0m
[2.442s] [ 20%] [32mBuilding C object CMakeFiles/urg_c.dir/urg_library/current/src/urg_debug.c.o[0m
[2.442s] [ 25%] [32mBuilding CXX object CMakeFiles/urg_node2_node.dir/rclcpp_components/node_main_urg_node2_node.cpp.o[0m
[2.442s] [ 30%] [32mBuilding C object CMakeFiles/urg_c.dir/urg_library/current/src/urg_connection.c.o[0m
[2.442s] [ 10%] [32mBuilding C object CMakeFiles/urg_c.dir/urg_library/current/src/urg_utils.c.o[0m
[2.442s] [ 35%] [32mBuilding C object CMakeFiles/urg_c.dir/urg_library/current/src/urg_ring_buffer.c.o[0m
[2.445s] [ 40%] [32mBuilding CXX object gtest/CMakeFiles/gtest.dir/src/gtest-all.cc.o[0m
[2.484s] [ 45%] [32mBuilding C object CMakeFiles/urg_c.dir/urg_library/current/src/urg_serial.c.o[0m
[2.500s] [01m[K/home/asis/hokuyo_ws/src/urg_node2/urg_library/current/src/urg_sensor.c:1349:8:[m[K [01;35m[Kwarning: [m[Ktype qualifiers ignored on function return type [[01;35m[K]8;;https://gcc.gnu.org/onlinedocs/gcc/Warning-Options.html#index-Wignored-qualifiers-Wignored-qualifiers]8;;[m[K]
[2.500s]  1349 | static [01;35m[Kconst[m[K int receive_II_command_response(urg_t *urg,
[2.501s]       |        [01;35m[K^~~~~[m[K
[2.501s] [01m[K/home/asis/hokuyo_ws/src/urg_node2/urg_library/current/src/urg_utils.c:[m[K In function ‘[01m[Kurg_delay[m[K’:
[2.501s] [01m[K/home/asis/hokuyo_ws/src/urg_node2/urg_library/current/src/urg_utils.c:224:5:[m[K [01;35m[Kwarning: [m[Kimplicit declaration of function ‘[01m[Kusleep[m[K’; did you mean ‘[01m[Kurg_sleep[m[K’? [[01;35m[K]8;;https://gcc.gnu.org/onlinedocs/gcc/Warning-Options.html#index-Wimplicit-function-declaration-Wimplicit-function-declaration]8;;[m[K]
[2.501s]   224 |     [01;35m[Kusleep[m[K(1000 * delay_msec);
[2.501s]       |     [01;35m[K^~~~~~[m[K
[2.501s]       |     [32m[Kurg_sleep[m[K
[2.504s] [ 50%] [32mBuilding C object CMakeFiles/urg_c.dir/urg_library/current/src/urg_serial_utils.c.o[0m
[2.508s] [ 55%] [32mBuilding C object CMakeFiles/urg_c.dir/urg_library/current/src/urg_tcpclient.c.o[0m
[2.576s] [ 60%] [32m[1mLinking C shared library liburg_c.so[0m
[2.609s] [ 60%] Built target urg_c
[2.628s] [ 65%] [32mBuilding CXX object CMakeFiles/urg_node2.dir/src/urg_node2.cpp.o[0m
[3.103s] [ 70%] [32m[1mLinking CXX static library libgtest_main.a[0m
[3.136s] [ 70%] Built target gtest_main
[5.161s] [ 75%] [32m[1mLinking CXX static library libgtest.a[0m
[5.216s] [ 75%] Built target gtest
[5.235s] [ 85%] [32mBuilding CXX object CMakeFiles/urg_node2_test.dir/test/urg_node2_test.cpp.o[0m
[5.235s] [ 85%] [32mBuilding CXX object CMakeFiles/urg_node2_test.dir/src/urg_node2.cpp.o[0m
[5.396s] [ 90%] [32m[1mLinking CXX executable urg_node2_node[0m
[5.533s] [ 90%] Built target urg_node2_node
[8.499s] [ 95%] [32m[1mLinking CXX shared library liburg_node2.so[0m
[8.798s] [ 95%] Built target urg_node2
[15.864s] [100%] [32m[1mLinking CXX executable urg_node2_test[0m
[16.572s] [100%] Built target urg_node2_test
[16.582s] Invoked command in '/home/asis/hokuyo_ws/build/urg_node2' returned '0': CMAKE_PREFIX_PATH=${CMAKE_PREFIX_PATH}:/opt/ros/humble /usr/bin/cmake --build /home/asis/hokuyo_ws/build/urg_node2 -- -j8 -l8
[16.639s] Invoking command in '/home/asis/hokuyo_ws/build/urg_node2': CMAKE_PREFIX_PATH=${CMAKE_PREFIX_PATH}:/opt/ros/humble /usr/bin/cmake --install /home/asis/hokuyo_ws/build/urg_node2
[16.645s] -- Install configuration: ""
[16.645s] -- Installing: /home/asis/hokuyo_ws/install/urg_node2/lib/urg_node2/urg_node2_node
[16.646s] -- Set runtime path of "/home/asis/hokuyo_ws/install/urg_node2/lib/urg_node2/urg_node2_node" to ""
[16.646s] -- Installing: /home/asis/hokuyo_ws/install/urg_node2/lib/liburg_node2.so
[16.649s] -- Set runtime path of "/home/asis/hokuyo_ws/install/urg_node2/lib/liburg_node2.so" to ""
[16.649s] -- Installing: /home/asis/hokuyo_ws/install/urg_node2/lib/liburg_c.so
[16.649s] -- Installing: /home/asis/hokuyo_ws/install/urg_node2/share/urg_node2/launch
[16.650s] -- Installing: /home/asis/hokuyo_ws/install/urg_node2/share/urg_node2/launch/urg_node2_2lidar.launch.py
[16.651s] -- Installing: /home/asis/hokuyo_ws/install/urg_node2/share/urg_node2/launch/urg_node2.launch.py
[16.651s] -- Installing: /home/asis/hokuyo_ws/install/urg_node2/share/urg_node2/launch/urg_node2_component.launch.py
[16.651s] -- Installing: /home/asis/hokuyo_ws/install/urg_node2/share/urg_node2/config
[16.652s] -- Installing: /home/asis/hokuyo_ws/install/urg_node2/share/urg_node2/config/params_ether.yaml
[16.652s] -- Installing: /home/asis/hokuyo_ws/install/urg_node2/share/urg_node2/config/params_ether_2nd.yaml
[16.652s] -- Installing: /home/asis/hokuyo_ws/install/urg_node2/share/urg_node2/config/params_serial.yaml
[16.652s] -- Installing: /home/asis/hokuyo_ws/install/urg_node2/share/ament_index/resource_index/package_run_dependencies/urg_node2
[16.653s] -- Installing: /home/asis/hokuyo_ws/install/urg_node2/share/ament_index/resource_index/parent_prefix_path/urg_node2
[16.653s] -- Installing: /home/asis/hokuyo_ws/install/urg_node2/share/urg_node2/environment/ament_prefix_path.sh
[16.653s] -- Installing: /home/asis/hokuyo_ws/install/urg_node2/share/urg_node2/environment/ament_prefix_path.dsv
[16.653s] -- Installing: /home/asis/hokuyo_ws/install/urg_node2/share/urg_node2/environment/path.sh
[16.653s] -- Installing: /home/asis/hokuyo_ws/install/urg_node2/share/urg_node2/environment/path.dsv
[16.653s] -- Installing: /home/asis/hokuyo_ws/install/urg_node2/share/urg_node2/local_setup.bash
[16.653s] -- Installing: /home/asis/hokuyo_ws/install/urg_node2/share/urg_node2/local_setup.sh
[16.653s] -- Installing: /home/asis/hokuyo_ws/install/urg_node2/share/urg_node2/local_setup.zsh
[16.653s] -- Installing: /home/asis/hokuyo_ws/install/urg_node2/share/urg_node2/local_setup.dsv
[16.654s] -- Installing: /home/asis/hokuyo_ws/install/urg_node2/share/urg_node2/package.dsv
[16.654s] -- Installing: /home/asis/hokuyo_ws/install/urg_node2/share/ament_index/resource_index/packages/urg_node2
[16.654s] -- Installing: /home/asis/hokuyo_ws/install/urg_node2/share/ament_index/resource_index/rclcpp_components/urg_node2
[16.654s] -- Installing: /home/asis/hokuyo_ws/install/urg_node2/share/urg_node2/cmake/urg_node2Config.cmake
[16.654s] -- Installing: /home/asis/hokuyo_ws/install/urg_node2/share/urg_node2/cmake/urg_node2Config-version.cmake
[16.654s] -- Installing: /home/asis/hokuyo_ws/install/urg_node2/share/urg_node2/package.xml
[16.656s] Invoked command in '/home/asis/hokuyo_ws/build/urg_node2' returned '0': CMAKE_PREFIX_PATH=${CMAKE_PREFIX_PATH}:/opt/ros/humble /usr/bin/cmake --install /home/asis/hokuyo_ws/build/urg_node2
