[0.055s] Invoking command in '/home/asis/hokuyo_ws/src/build/dwb_critics': AMENT_PREFIX_PATH=/home/asis/hokuyo_ws/src/install/dwb_core:/home/asis/hokuyo_ws/src/install/nav2_core:/home/asis/hokuyo_ws/src/install/costmap_queue:/home/asis/hokuyo_ws/src/install/nav2_costmap_2d:/home/asis/hokuyo_ws/src/install/nav_2d_utils:/home/asis/hokuyo_ws/src/install/nav2_util:/home/asis/hokuyo_ws/src/install/nav2_voxel_grid:/home/asis/hokuyo_ws/src/install/nav2_msgs:/home/asis/hokuyo_ws/src/install/dwb_msgs:/home/asis/hokuyo_ws/src/install/nav_2d_msgs:/home/asis/hokuyo_ws/src/install/nav2_common:${AMENT_PREFIX_PATH} CMAKE_PREFIX_PATH=/home/asis/hokuyo_ws/src/install/dwb_core:/home/asis/hokuyo_ws/src/install/nav2_core:/home/asis/hokuyo_ws/src/install/costmap_queue:/home/asis/hokuyo_ws/src/install/nav2_costmap_2d:/home/asis/hokuyo_ws/src/install/nav_2d_utils:/home/asis/hokuyo_ws/src/install/nav2_util:/home/asis/hokuyo_ws/src/install/nav2_voxel_grid:/home/asis/hokuyo_ws/src/install/nav2_msgs:/home/asis/hokuyo_ws/src/install/dwb_msgs:/home/asis/hokuyo_ws/src/install/nav_2d_msgs:/home/asis/hokuyo_ws/src/install/nav2_common:/home/asis/hokuyo_ws/install/urg_node2:/home/asis/hokuyo_ws/install/slam_toolbox:/opt/ros/humble LD_LIBRARY_PATH=/home/asis/hokuyo_ws/src/install/dwb_core/lib:/home/asis/hokuyo_ws/src/install/costmap_queue/lib:/home/asis/hokuyo_ws/src/install/nav2_costmap_2d/lib:/home/asis/hokuyo_ws/src/install/nav_2d_utils/lib:/home/asis/hokuyo_ws/src/install/nav2_util/lib:/home/asis/hokuyo_ws/src/install/nav2_voxel_grid/lib:/home/asis/hokuyo_ws/src/install/nav2_msgs/lib:/home/asis/hokuyo_ws/src/install/dwb_msgs/lib:/home/asis/hokuyo_ws/src/install/nav_2d_msgs/lib:${LD_LIBRARY_PATH} PYTHONPATH=/home/asis/hokuyo_ws/src/install/nav2_msgs/local/lib/python3.10/dist-packages:/home/asis/hokuyo_ws/src/install/dwb_msgs/local/lib/python3.10/dist-packages:/home/asis/hokuyo_ws/src/install/nav_2d_msgs/local/lib/python3.10/dist-packages:/home/asis/hokuyo_ws/src/install/nav2_common/local/lib/python3.10/dist-packages:${PYTHONPATH} /usr/bin/cmake /home/asis/hokuyo_ws/src/navigation2/nav2_dwb_controller/dwb_critics -DCMAKE_INSTALL_PREFIX=/home/asis/hokuyo_ws/src/install/dwb_critics
[0.474s] -- The C compiler identification is GNU 11.4.0
[0.475s] -- The CXX compiler identification is GNU 11.4.0
[0.475s] -- Detecting C compiler ABI info
[0.494s] -- Detecting C compiler ABI info - done
[0.508s] -- Check for working C compiler: /usr/bin/cc - skipped
[0.508s] -- Detecting C compile features
[0.509s] -- Detecting C compile features - done
[0.513s] -- Detecting CXX compiler ABI info
[0.650s] -- Detecting CXX compiler ABI info - done
[0.674s] -- Check for working CXX compiler: /usr/bin/c++ - skipped
[0.675s] -- Detecting CXX compile features
[0.675s] -- Detecting CXX compile features - done
[0.675s] -- Found ament_cmake: 1.3.9 (/opt/ros/humble/share/ament_cmake/cmake)
[0.923s] -- Found Python3: /usr/bin/python3 (found version "3.10.12") found components: Interpreter 
[1.083s] -- Found nav2_common: 1.1.15 (/home/asis/hokuyo_ws/src/install/nav2_common/share/nav2_common/cmake)
[1.087s] -- Found angles: 1.15.0 (/opt/ros/humble/share/angles/cmake)
[1.090s] -- Found nav2_costmap_2d: 1.1.15 (/home/asis/hokuyo_ws/src/install/nav2_costmap_2d/share/nav2_costmap_2d/cmake)
[1.177s] -- Found rosidl_generator_c: 3.1.5 (/opt/ros/humble/share/rosidl_generator_c/cmake)
[1.189s] -- Found rosidl_adapter: 3.1.5 (/opt/ros/humble/share/rosidl_adapter/cmake)
[1.206s] -- Found rosidl_generator_cpp: 3.1.5 (/opt/ros/humble/share/rosidl_generator_cpp/cmake)
[1.231s] -- Using all available rosidl_typesupport_c: rosidl_typesupport_fastrtps_c;rosidl_typesupport_introspection_c
[1.269s] -- Using all available rosidl_typesupport_cpp: rosidl_typesupport_fastrtps_cpp;rosidl_typesupport_introspection_cpp
[1.622s] -- Found rmw_implementation_cmake: 6.1.2 (/opt/ros/humble/share/rmw_implementation_cmake/cmake)
[1.628s] -- Found rmw_fastrtps_cpp: 6.2.6 (/opt/ros/humble/share/rmw_fastrtps_cpp/cmake)
[1.801s] -- Found OpenSSL: /usr/lib/x86_64-linux-gnu/libcrypto.so (found version "3.0.2")  
[1.840s] -- Found FastRTPS: /opt/ros/humble/include  
[1.913s] -- Using RMW implementation 'rmw_fastrtps_cpp' as default
[1.934s] -- Looking for pthread.h
[2.049s] -- Looking for pthread.h - found
[2.049s] -- Performing Test CMAKE_HAVE_LIBC_PTHREAD
[2.138s] -- Performing Test CMAKE_HAVE_LIBC_PTHREAD - Success
[2.139s] -- Found Threads: TRUE  
[3.215s] -- Found Eigen3: TRUE (found version "3.4.0") 
[3.216s] -- Ensuring Eigen3 include directory is part of orocos-kdl CMake target
[4.161s] -- Found costmap_queue: 1.1.15 (/home/asis/hokuyo_ws/src/install/costmap_queue/share/costmap_queue/cmake)
[4.163s] -- Found dwb_core: 1.1.15 (/home/asis/hokuyo_ws/src/install/dwb_core/share/dwb_core/cmake)
[8.875s] -- Setting build type to Release as none was specified.
[20.202s] -- Found ament_lint_auto: 0.12.11 (/opt/ros/humble/share/ament_lint_auto/cmake)
[20.411s] -- Found gtest sources under '/opt/ros/humble/src/gtest_vendor': C++ tests using 'Google Test' will be built
[20.450s] -- Added test 'cppcheck' to perform static code analysis on C / C++ code
[20.451s] -- Configured cppcheck include dirs: /home/asis/hokuyo_ws/src/navigation2/nav2_dwb_controller/dwb_critics/include
[20.452s] -- Configured cppcheck exclude dirs and/or files: 
[20.455s] -- Added test 'cpplint' to check C / C++ code against the Google style
[20.455s] -- Configured cpplint exclude dirs and/or files: 
[20.458s] -- Added test 'lint_cmake' to check CMake code style
[20.463s] -- Added test 'uncrustify' to check C / C++ code style
[20.463s] -- Configured uncrustify additional arguments: 
[20.465s] -- Added test 'xmllint' to check XML markup files
[20.471s] -- Configuring done
[21.035s] -- Generating done
[21.050s] -- Build files have been written to: /home/asis/hokuyo_ws/src/build/dwb_critics
[21.096s] Invoked command in '/home/asis/hokuyo_ws/src/build/dwb_critics' returned '0': AMENT_PREFIX_PATH=/home/asis/hokuyo_ws/src/install/dwb_core:/home/asis/hokuyo_ws/src/install/nav2_core:/home/asis/hokuyo_ws/src/install/costmap_queue:/home/asis/hokuyo_ws/src/install/nav2_costmap_2d:/home/asis/hokuyo_ws/src/install/nav_2d_utils:/home/asis/hokuyo_ws/src/install/nav2_util:/home/asis/hokuyo_ws/src/install/nav2_voxel_grid:/home/asis/hokuyo_ws/src/install/nav2_msgs:/home/asis/hokuyo_ws/src/install/dwb_msgs:/home/asis/hokuyo_ws/src/install/nav_2d_msgs:/home/asis/hokuyo_ws/src/install/nav2_common:${AMENT_PREFIX_PATH} CMAKE_PREFIX_PATH=/home/asis/hokuyo_ws/src/install/dwb_core:/home/asis/hokuyo_ws/src/install/nav2_core:/home/asis/hokuyo_ws/src/install/costmap_queue:/home/asis/hokuyo_ws/src/install/nav2_costmap_2d:/home/asis/hokuyo_ws/src/install/nav_2d_utils:/home/asis/hokuyo_ws/src/install/nav2_util:/home/asis/hokuyo_ws/src/install/nav2_voxel_grid:/home/asis/hokuyo_ws/src/install/nav2_msgs:/home/asis/hokuyo_ws/src/install/dwb_msgs:/home/asis/hokuyo_ws/src/install/nav_2d_msgs:/home/asis/hokuyo_ws/src/install/nav2_common:/home/asis/hokuyo_ws/install/urg_node2:/home/asis/hokuyo_ws/install/slam_toolbox:/opt/ros/humble LD_LIBRARY_PATH=/home/asis/hokuyo_ws/src/install/dwb_core/lib:/home/asis/hokuyo_ws/src/install/costmap_queue/lib:/home/asis/hokuyo_ws/src/install/nav2_costmap_2d/lib:/home/asis/hokuyo_ws/src/install/nav_2d_utils/lib:/home/asis/hokuyo_ws/src/install/nav2_util/lib:/home/asis/hokuyo_ws/src/install/nav2_voxel_grid/lib:/home/asis/hokuyo_ws/src/install/nav2_msgs/lib:/home/asis/hokuyo_ws/src/install/dwb_msgs/lib:/home/asis/hokuyo_ws/src/install/nav_2d_msgs/lib:${LD_LIBRARY_PATH} PYTHONPATH=/home/asis/hokuyo_ws/src/install/nav2_msgs/local/lib/python3.10/dist-packages:/home/asis/hokuyo_ws/src/install/dwb_msgs/local/lib/python3.10/dist-packages:/home/asis/hokuyo_ws/src/install/nav_2d_msgs/local/lib/python3.10/dist-packages:/home/asis/hokuyo_ws/src/install/nav2_common/local/lib/python3.10/dist-packages:${PYTHONPATH} /usr/bin/cmake /home/asis/hokuyo_ws/src/navigation2/nav2_dwb_controller/dwb_critics -DCMAKE_INSTALL_PREFIX=/home/asis/hokuyo_ws/src/install/dwb_critics
[21.096s] Invoking command in '/home/asis/hokuyo_ws/src/build/dwb_critics': AMENT_PREFIX_PATH=/home/asis/hokuyo_ws/src/install/dwb_core:/home/asis/hokuyo_ws/src/install/nav2_core:/home/asis/hokuyo_ws/src/install/costmap_queue:/home/asis/hokuyo_ws/src/install/nav2_costmap_2d:/home/asis/hokuyo_ws/src/install/nav_2d_utils:/home/asis/hokuyo_ws/src/install/nav2_util:/home/asis/hokuyo_ws/src/install/nav2_voxel_grid:/home/asis/hokuyo_ws/src/install/nav2_msgs:/home/asis/hokuyo_ws/src/install/dwb_msgs:/home/asis/hokuyo_ws/src/install/nav_2d_msgs:/home/asis/hokuyo_ws/src/install/nav2_common:${AMENT_PREFIX_PATH} CMAKE_PREFIX_PATH=/home/asis/hokuyo_ws/src/install/dwb_core:/home/asis/hokuyo_ws/src/install/nav2_core:/home/asis/hokuyo_ws/src/install/costmap_queue:/home/asis/hokuyo_ws/src/install/nav2_costmap_2d:/home/asis/hokuyo_ws/src/install/nav_2d_utils:/home/asis/hokuyo_ws/src/install/nav2_util:/home/asis/hokuyo_ws/src/install/nav2_voxel_grid:/home/asis/hokuyo_ws/src/install/nav2_msgs:/home/asis/hokuyo_ws/src/install/dwb_msgs:/home/asis/hokuyo_ws/src/install/nav_2d_msgs:/home/asis/hokuyo_ws/src/install/nav2_common:/home/asis/hokuyo_ws/install/urg_node2:/home/asis/hokuyo_ws/install/slam_toolbox:/opt/ros/humble LD_LIBRARY_PATH=/home/asis/hokuyo_ws/src/install/dwb_core/lib:/home/asis/hokuyo_ws/src/install/costmap_queue/lib:/home/asis/hokuyo_ws/src/install/nav2_costmap_2d/lib:/home/asis/hokuyo_ws/src/install/nav_2d_utils/lib:/home/asis/hokuyo_ws/src/install/nav2_util/lib:/home/asis/hokuyo_ws/src/install/nav2_voxel_grid/lib:/home/asis/hokuyo_ws/src/install/nav2_msgs/lib:/home/asis/hokuyo_ws/src/install/dwb_msgs/lib:/home/asis/hokuyo_ws/src/install/nav_2d_msgs/lib:${LD_LIBRARY_PATH} PYTHONPATH=/home/asis/hokuyo_ws/src/install/nav2_msgs/local/lib/python3.10/dist-packages:/home/asis/hokuyo_ws/src/install/dwb_msgs/local/lib/python3.10/dist-packages:/home/asis/hokuyo_ws/src/install/nav_2d_msgs/local/lib/python3.10/dist-packages:/home/asis/hokuyo_ws/src/install/nav2_common/local/lib/python3.10/dist-packages:${PYTHONPATH} /usr/bin/cmake --build /home/asis/hokuyo_ws/src/build/dwb_critics -- -j8 -l8
[34.356s] [  3%] [32mBuilding CXX object CMakeFiles/dwb_critics.dir/src/alignment_util.cpp.o[0m
[34.356s] [  7%] [32mBuilding CXX object CMakeFiles/dwb_critics.dir/src/path_align.cpp.o[0m
[34.356s] [ 11%] [32mBuilding CXX object CMakeFiles/dwb_critics.dir/src/base_obstacle.cpp.o[0m
[42.816s] [ 14%] [32mBuilding CXX object CMakeFiles/dwb_critics.dir/src/obstacle_footprint.cpp.o[0m
[52.543s] [ 18%] [32mBuilding CXX object CMakeFiles/dwb_critics.dir/src/oscillation.cpp.o[0m
[62.754s] [ 22%] [32mBuilding CXX object CMakeFiles/dwb_critics.dir/src/prefer_forward.cpp.o[0m
[71.612s] [ 25%] [32mBuilding CXX object CMakeFiles/dwb_critics.dir/src/rotate_to_goal.cpp.o[0m
[80.071s] [ 29%] [32mBuilding CXX object CMakeFiles/dwb_critics.dir/src/twirling.cpp.o[0m
[88.160s] [ 33%] [32mBuilding CXX object CMakeFiles/dwb_critics.dir/src/goal_align.cpp.o[0m
[96.432s] [ 37%] [32mBuilding CXX object CMakeFiles/dwb_critics.dir/src/path_dist.cpp.o[0m
[104.541s] [ 40%] [32mBuilding CXX object CMakeFiles/dwb_critics.dir/src/goal_dist.cpp.o[0m
[113.637s] [ 44%] [32mBuilding CXX object CMakeFiles/dwb_critics.dir/src/map_grid.cpp.o[0m
[122.476s] [ 48%] [32m[1mLinking CXX shared library libdwb_critics.so[0m
[123.510s] [ 48%] Built target dwb_critics
[123.650s] [ 51%] [32mBuilding CXX object gtest/CMakeFiles/gtest.dir/src/gtest-all.cc.o[0m
[136.590s] [ 55%] [32m[1mLinking CXX static library libgtest.a[0m
[136.654s] [ 55%] Built target gtest
[136.691s] [ 59%] [32mBuilding CXX object gtest/CMakeFiles/gtest_main.dir/src/gtest_main.cc.o[0m
[138.254s] [ 62%] [32m[1mLinking CXX static library libgtest_main.a[0m
[138.309s] [ 62%] Built target gtest_main
[138.347s] [ 66%] [32mBuilding CXX object test/CMakeFiles/prefer_forward_tests.dir/prefer_forward_test.cpp.o[0m
[149.776s] [ 70%] [32m[1mLinking CXX executable prefer_forward_tests[0m
[150.531s] [ 70%] Built target prefer_forward_tests
[150.636s] [ 74%] [32mBuilding CXX object test/CMakeFiles/twirling_tests.dir/twirling_test.cpp.o[0m
[161.261s] [ 77%] [32m[1mLinking CXX executable twirling_tests[0m
[162.027s] [ 77%] Built target twirling_tests
[162.106s] [ 81%] [32mBuilding CXX object test/CMakeFiles/alignment_util_tests.dir/alignment_util_test.cpp.o[0m
[169.867s] [ 85%] [32m[1mLinking CXX executable alignment_util_tests[0m
[170.416s] [ 85%] Built target alignment_util_tests
[170.458s] [ 88%] [32mBuilding CXX object test/CMakeFiles/obstacle_footprint_tests.dir/obstacle_footprint_test.cpp.o[0m
[181.948s] [ 92%] [32m[1mLinking CXX executable obstacle_footprint_tests[0m
[182.742s] [ 92%] Built target obstacle_footprint_tests
[182.779s] [ 96%] [32mBuilding CXX object test/CMakeFiles/base_obstacle_tests.dir/base_obstacle_test.cpp.o[0m
[193.486s] [100%] [32m[1mLinking CXX executable base_obstacle_tests[0m
[194.313s] [100%] Built target base_obstacle_tests
[194.348s] Invoked command in '/home/asis/hokuyo_ws/src/build/dwb_critics' returned '0': AMENT_PREFIX_PATH=/home/asis/hokuyo_ws/src/install/dwb_core:/home/asis/hokuyo_ws/src/install/nav2_core:/home/asis/hokuyo_ws/src/install/costmap_queue:/home/asis/hokuyo_ws/src/install/nav2_costmap_2d:/home/asis/hokuyo_ws/src/install/nav_2d_utils:/home/asis/hokuyo_ws/src/install/nav2_util:/home/asis/hokuyo_ws/src/install/nav2_voxel_grid:/home/asis/hokuyo_ws/src/install/nav2_msgs:/home/asis/hokuyo_ws/src/install/dwb_msgs:/home/asis/hokuyo_ws/src/install/nav_2d_msgs:/home/asis/hokuyo_ws/src/install/nav2_common:${AMENT_PREFIX_PATH} CMAKE_PREFIX_PATH=/home/asis/hokuyo_ws/src/install/dwb_core:/home/asis/hokuyo_ws/src/install/nav2_core:/home/asis/hokuyo_ws/src/install/costmap_queue:/home/asis/hokuyo_ws/src/install/nav2_costmap_2d:/home/asis/hokuyo_ws/src/install/nav_2d_utils:/home/asis/hokuyo_ws/src/install/nav2_util:/home/asis/hokuyo_ws/src/install/nav2_voxel_grid:/home/asis/hokuyo_ws/src/install/nav2_msgs:/home/asis/hokuyo_ws/src/install/dwb_msgs:/home/asis/hokuyo_ws/src/install/nav_2d_msgs:/home/asis/hokuyo_ws/src/install/nav2_common:/home/asis/hokuyo_ws/install/urg_node2:/home/asis/hokuyo_ws/install/slam_toolbox:/opt/ros/humble LD_LIBRARY_PATH=/home/asis/hokuyo_ws/src/install/dwb_core/lib:/home/asis/hokuyo_ws/src/install/costmap_queue/lib:/home/asis/hokuyo_ws/src/install/nav2_costmap_2d/lib:/home/asis/hokuyo_ws/src/install/nav_2d_utils/lib:/home/asis/hokuyo_ws/src/install/nav2_util/lib:/home/asis/hokuyo_ws/src/install/nav2_voxel_grid/lib:/home/asis/hokuyo_ws/src/install/nav2_msgs/lib:/home/asis/hokuyo_ws/src/install/dwb_msgs/lib:/home/asis/hokuyo_ws/src/install/nav_2d_msgs/lib:${LD_LIBRARY_PATH} PYTHONPATH=/home/asis/hokuyo_ws/src/install/nav2_msgs/local/lib/python3.10/dist-packages:/home/asis/hokuyo_ws/src/install/dwb_msgs/local/lib/python3.10/dist-packages:/home/asis/hokuyo_ws/src/install/nav_2d_msgs/local/lib/python3.10/dist-packages:/home/asis/hokuyo_ws/src/install/nav2_common/local/lib/python3.10/dist-packages:${PYTHONPATH} /usr/bin/cmake --build /home/asis/hokuyo_ws/src/build/dwb_critics -- -j8 -l8
[194.489s] Invoking command in '/home/asis/hokuyo_ws/src/build/dwb_critics': AMENT_PREFIX_PATH=/home/asis/hokuyo_ws/src/install/dwb_core:/home/asis/hokuyo_ws/src/install/nav2_core:/home/asis/hokuyo_ws/src/install/costmap_queue:/home/asis/hokuyo_ws/src/install/nav2_costmap_2d:/home/asis/hokuyo_ws/src/install/nav_2d_utils:/home/asis/hokuyo_ws/src/install/nav2_util:/home/asis/hokuyo_ws/src/install/nav2_voxel_grid:/home/asis/hokuyo_ws/src/install/nav2_msgs:/home/asis/hokuyo_ws/src/install/dwb_msgs:/home/asis/hokuyo_ws/src/install/nav_2d_msgs:/home/asis/hokuyo_ws/src/install/nav2_common:${AMENT_PREFIX_PATH} CMAKE_PREFIX_PATH=/home/asis/hokuyo_ws/src/install/dwb_core:/home/asis/hokuyo_ws/src/install/nav2_core:/home/asis/hokuyo_ws/src/install/costmap_queue:/home/asis/hokuyo_ws/src/install/nav2_costmap_2d:/home/asis/hokuyo_ws/src/install/nav_2d_utils:/home/asis/hokuyo_ws/src/install/nav2_util:/home/asis/hokuyo_ws/src/install/nav2_voxel_grid:/home/asis/hokuyo_ws/src/install/nav2_msgs:/home/asis/hokuyo_ws/src/install/dwb_msgs:/home/asis/hokuyo_ws/src/install/nav_2d_msgs:/home/asis/hokuyo_ws/src/install/nav2_common:/home/asis/hokuyo_ws/install/urg_node2:/home/asis/hokuyo_ws/install/slam_toolbox:/opt/ros/humble LD_LIBRARY_PATH=/home/asis/hokuyo_ws/src/install/dwb_core/lib:/home/asis/hokuyo_ws/src/install/costmap_queue/lib:/home/asis/hokuyo_ws/src/install/nav2_costmap_2d/lib:/home/asis/hokuyo_ws/src/install/nav_2d_utils/lib:/home/asis/hokuyo_ws/src/install/nav2_util/lib:/home/asis/hokuyo_ws/src/install/nav2_voxel_grid/lib:/home/asis/hokuyo_ws/src/install/nav2_msgs/lib:/home/asis/hokuyo_ws/src/install/dwb_msgs/lib:/home/asis/hokuyo_ws/src/install/nav_2d_msgs/lib:${LD_LIBRARY_PATH} PYTHONPATH=/home/asis/hokuyo_ws/src/install/nav2_msgs/local/lib/python3.10/dist-packages:/home/asis/hokuyo_ws/src/install/dwb_msgs/local/lib/python3.10/dist-packages:/home/asis/hokuyo_ws/src/install/nav_2d_msgs/local/lib/python3.10/dist-packages:/home/asis/hokuyo_ws/src/install/nav2_common/local/lib/python3.10/dist-packages:${PYTHONPATH} /usr/bin/cmake --install /home/asis/hokuyo_ws/src/build/dwb_critics
[255.628s] -- Install configuration: "Release"
[255.628s] -- Installing: /home/asis/hokuyo_ws/src/install/dwb_critics/lib/libdwb_critics.so
[255.628s] -- Set runtime path of "/home/asis/hokuyo_ws/src/install/dwb_critics/lib/libdwb_critics.so" to ""
[255.628s] -- Installing: /home/asis/hokuyo_ws/src/install/dwb_critics/include/
[255.628s] -- Installing: /home/asis/hokuyo_ws/src/install/dwb_critics/include//dwb_critics
[255.628s] -- Installing: /home/asis/hokuyo_ws/src/install/dwb_critics/include//dwb_critics/prefer_forward.hpp
[255.628s] -- Installing: /home/asis/hokuyo_ws/src/install/dwb_critics/include//dwb_critics/oscillation.hpp
[255.628s] -- Installing: /home/asis/hokuyo_ws/src/install/dwb_critics/include//dwb_critics/twirling.hpp
[255.628s] -- Installing: /home/asis/hokuyo_ws/src/install/dwb_critics/include//dwb_critics/rotate_to_goal.hpp
[255.629s] -- Installing: /home/asis/hokuyo_ws/src/install/dwb_critics/include//dwb_critics/goal_align.hpp
[255.629s] -- Installing: /home/asis/hokuyo_ws/src/install/dwb_critics/include//dwb_critics/line_iterator.hpp
[255.629s] -- Installing: /home/asis/hokuyo_ws/src/install/dwb_critics/include//dwb_critics/obstacle_footprint.hpp
[255.629s] -- Installing: /home/asis/hokuyo_ws/src/install/dwb_critics/include//dwb_critics/alignment_util.hpp
[255.629s] -- Installing: /home/asis/hokuyo_ws/src/install/dwb_critics/include//dwb_critics/path_align.hpp
[255.629s] -- Installing: /home/asis/hokuyo_ws/src/install/dwb_critics/include//dwb_critics/base_obstacle.hpp
[255.629s] -- Installing: /home/asis/hokuyo_ws/src/install/dwb_critics/include//dwb_critics/map_grid.hpp
[255.629s] -- Installing: /home/asis/hokuyo_ws/src/install/dwb_critics/include//dwb_critics/path_dist.hpp
[255.629s] -- Installing: /home/asis/hokuyo_ws/src/install/dwb_critics/include//dwb_critics/goal_dist.hpp
[255.629s] -- Installing: /home/asis/hokuyo_ws/src/install/dwb_critics/share/dwb_critics/default_critics.xml
[255.630s] -- Installing: /home/asis/hokuyo_ws/src/install/dwb_critics/share/dwb_critics/environment/library_path.sh
[255.630s] -- Installing: /home/asis/hokuyo_ws/src/install/dwb_critics/share/dwb_critics/environment/library_path.dsv
[255.630s] -- Up-to-date: /home/asis/hokuyo_ws/src/install/dwb_critics/share/dwb_critics/default_critics.xml
[255.630s] -- Installing: /home/asis/hokuyo_ws/src/install/dwb_critics/share/ament_index/resource_index/package_run_dependencies/dwb_critics
[255.630s] -- Installing: /home/asis/hokuyo_ws/src/install/dwb_critics/share/ament_index/resource_index/parent_prefix_path/dwb_critics
[255.630s] -- Installing: /home/asis/hokuyo_ws/src/install/dwb_critics/share/dwb_critics/environment/ament_prefix_path.sh
[255.630s] -- Installing: /home/asis/hokuyo_ws/src/install/dwb_critics/share/dwb_critics/environment/ament_prefix_path.dsv
[255.630s] -- Installing: /home/asis/hokuyo_ws/src/install/dwb_critics/share/dwb_critics/environment/path.sh
[255.630s] -- Installing: /home/asis/hokuyo_ws/src/install/dwb_critics/share/dwb_critics/environment/path.dsv
[255.630s] -- Installing: /home/asis/hokuyo_ws/src/install/dwb_critics/share/dwb_critics/local_setup.bash
[255.631s] -- Installing: /home/asis/hokuyo_ws/src/install/dwb_critics/share/dwb_critics/local_setup.sh
[255.631s] -- Installing: /home/asis/hokuyo_ws/src/install/dwb_critics/share/dwb_critics/local_setup.zsh
[255.631s] -- Installing: /home/asis/hokuyo_ws/src/install/dwb_critics/share/dwb_critics/local_setup.dsv
[255.631s] -- Installing: /home/asis/hokuyo_ws/src/install/dwb_critics/share/dwb_critics/package.dsv
[255.631s] -- Installing: /home/asis/hokuyo_ws/src/install/dwb_critics/share/ament_index/resource_index/packages/dwb_critics
[255.631s] -- Installing: /home/asis/hokuyo_ws/src/install/dwb_critics/share/ament_index/resource_index/dwb_core__pluginlib__plugin/dwb_critics
[255.631s] -- Installing: /home/asis/hokuyo_ws/src/install/dwb_critics/share/dwb_critics/cmake/ament_cmake_export_include_directories-extras.cmake
[255.631s] -- Installing: /home/asis/hokuyo_ws/src/install/dwb_critics/share/dwb_critics/cmake/ament_cmake_export_libraries-extras.cmake
[255.631s] -- Installing: /home/asis/hokuyo_ws/src/install/dwb_critics/share/dwb_critics/cmake/ament_cmake_export_dependencies-extras.cmake
[255.631s] -- Installing: /home/asis/hokuyo_ws/src/install/dwb_critics/share/dwb_critics/cmake/dwb_criticsConfig.cmake
[255.631s] -- Installing: /home/asis/hokuyo_ws/src/install/dwb_critics/share/dwb_critics/cmake/dwb_criticsConfig-version.cmake
[255.632s] -- Installing: /home/asis/hokuyo_ws/src/install/dwb_critics/share/dwb_critics/package.xml
[255.662s] Invoked command in '/home/asis/hokuyo_ws/src/build/dwb_critics' returned '0': AMENT_PREFIX_PATH=/home/asis/hokuyo_ws/src/install/dwb_core:/home/asis/hokuyo_ws/src/install/nav2_core:/home/asis/hokuyo_ws/src/install/costmap_queue:/home/asis/hokuyo_ws/src/install/nav2_costmap_2d:/home/asis/hokuyo_ws/src/install/nav_2d_utils:/home/asis/hokuyo_ws/src/install/nav2_util:/home/asis/hokuyo_ws/src/install/nav2_voxel_grid:/home/asis/hokuyo_ws/src/install/nav2_msgs:/home/asis/hokuyo_ws/src/install/dwb_msgs:/home/asis/hokuyo_ws/src/install/nav_2d_msgs:/home/asis/hokuyo_ws/src/install/nav2_common:${AMENT_PREFIX_PATH} CMAKE_PREFIX_PATH=/home/asis/hokuyo_ws/src/install/dwb_core:/home/asis/hokuyo_ws/src/install/nav2_core:/home/asis/hokuyo_ws/src/install/costmap_queue:/home/asis/hokuyo_ws/src/install/nav2_costmap_2d:/home/asis/hokuyo_ws/src/install/nav_2d_utils:/home/asis/hokuyo_ws/src/install/nav2_util:/home/asis/hokuyo_ws/src/install/nav2_voxel_grid:/home/asis/hokuyo_ws/src/install/nav2_msgs:/home/asis/hokuyo_ws/src/install/dwb_msgs:/home/asis/hokuyo_ws/src/install/nav_2d_msgs:/home/asis/hokuyo_ws/src/install/nav2_common:/home/asis/hokuyo_ws/install/urg_node2:/home/asis/hokuyo_ws/install/slam_toolbox:/opt/ros/humble LD_LIBRARY_PATH=/home/asis/hokuyo_ws/src/install/dwb_core/lib:/home/asis/hokuyo_ws/src/install/costmap_queue/lib:/home/asis/hokuyo_ws/src/install/nav2_costmap_2d/lib:/home/asis/hokuyo_ws/src/install/nav_2d_utils/lib:/home/asis/hokuyo_ws/src/install/nav2_util/lib:/home/asis/hokuyo_ws/src/install/nav2_voxel_grid/lib:/home/asis/hokuyo_ws/src/install/nav2_msgs/lib:/home/asis/hokuyo_ws/src/install/dwb_msgs/lib:/home/asis/hokuyo_ws/src/install/nav_2d_msgs/lib:${LD_LIBRARY_PATH} PYTHONPATH=/home/asis/hokuyo_ws/src/install/nav2_msgs/local/lib/python3.10/dist-packages:/home/asis/hokuyo_ws/src/install/dwb_msgs/local/lib/python3.10/dist-packages:/home/asis/hokuyo_ws/src/install/nav_2d_msgs/local/lib/python3.10/dist-packages:/home/asis/hokuyo_ws/src/install/nav2_common/local/lib/python3.10/dist-packages:${PYTHONPATH} /usr/bin/cmake --install /home/asis/hokuyo_ws/src/build/dwb_critics
