-- The CXX compiler identification is GNU 11.4.0
-- Detecting CXX compiler ABI info
-- Detecting CXX compiler ABI info - done
-- Check for working CXX compiler: /usr/bin/c++ - skipped
-- Detecting CXX compile features
-- Detecting CXX compile features - done
-- Found ament_cmake: 1.3.9 (/opt/ros/humble/share/ament_cmake/cmake)
-- Found Python3: /usr/bin/python3 (found version "3.10.12") found components: Interpreter 
-- Found nav2_common: 1.1.15 (/home/asis/hokuyo_ws/src/install/nav2_common/share/nav2_common/cmake)
-- Found rclcpp: 16.0.9 (/opt/ros/humble/share/rclcpp/cmake)
-- Found rosidl_generator_c: 3.1.5 (/opt/ros/humble/share/rosidl_generator_c/cmake)
-- Found rosidl_adapter: 3.1.5 (/opt/ros/humble/share/rosidl_adapter/cmake)
-- Found rosidl_generator_cpp: 3.1.5 (/opt/ros/humble/share/rosidl_generator_cpp/cmake)
-- Using all available rosidl_typesupport_c: rosidl_typesupport_fastrtps_c;rosidl_typesupport_introspection_c
-- Using all available rosidl_typesupport_cpp: rosidl_typesupport_fastrtps_cpp;rosidl_typesupport_introspection_cpp
-- Found rmw_implementation_cmake: 6.1.2 (/opt/ros/humble/share/rmw_implementation_cmake/cmake)
-- Found rmw_fastrtps_cpp: 6.2.6 (/opt/ros/humble/share/rmw_fastrtps_cpp/cmake)
-- Found OpenSSL: /usr/lib/x86_64-linux-gnu/libcrypto.so (found version "3.0.2")  
-- Found FastRTPS: /opt/ros/humble/include  
-- Using RMW implementation 'rmw_fastrtps_cpp' as default
-- Looking for C++ include pthread.h
-- Looking for C++ include pthread.h - found
-- Performing Test CMAKE_HAVE_LIBC_PTHREAD
-- Performing Test CMAKE_HAVE_LIBC_PTHREAD - Success
-- Found Threads: TRUE  
-- Found rclcpp_action: 16.0.9 (/opt/ros/humble/share/rclcpp_action/cmake)
-- Found rclcpp_lifecycle: 16.0.9 (/opt/ros/humble/share/rclcpp_lifecycle/cmake)
-- Found geometry_msgs: 4.2.3 (/opt/ros/humble/share/geometry_msgs/cmake)
-- Found sensor_msgs: 4.2.3 (/opt/ros/humble/share/sensor_msgs/cmake)
-- Found nav2_msgs: 1.1.15 (/home/asis/hokuyo_ws/src/install/nav2_msgs/share/nav2_msgs/cmake)
-- Found tf2_ros: 0.25.6 (/opt/ros/humble/share/tf2_ros/cmake)
-- Found tf2_geometry_msgs: 0.25.6 (/opt/ros/humble/share/tf2_geometry_msgs/cmake)
-- Found eigen3_cmake_module: 0.1.1 (/opt/ros/humble/share/eigen3_cmake_module/cmake)
-- Found Eigen3: TRUE (found version "3.4.0") 
-- Ensuring Eigen3 include directory is part of orocos-kdl CMake target
-- Found std_srvs: 4.2.3 (/opt/ros/humble/share/std_srvs/cmake)
-- Found nav2_util: 1.1.15 (/home/asis/hokuyo_ws/src/install/nav2_util/share/nav2_util/cmake)
-- Setting build type to Release as none was specified.
-- Found ament_lint_auto: 0.12.11 (/opt/ros/humble/share/ament_lint_auto/cmake)
-- Found gtest sources under '/opt/ros/humble/src/gtest_vendor': C++ tests using 'Google Test' will be built
-- The C compiler identification is GNU 11.4.0
-- Detecting C compiler ABI info
-- Detecting C compiler ABI info - done
-- Check for working C compiler: /usr/bin/cc - skipped
-- Detecting C compile features
-- Detecting C compile features - done
-- Added test 'copyright' to check source files copyright and LICENSE
-- Added test 'cppcheck' to perform static code analysis on C / C++ code
-- Configured cppcheck include dirs: /home/asis/hokuyo_ws/src/navigation2/nav2_behavior_tree/include
-- Configured cppcheck exclude dirs and/or files: 
-- Added test 'cpplint' to check C / C++ code against the Google style
-- Configured cpplint exclude dirs and/or files: 
-- Added test 'lint_cmake' to check CMake code style
-- Added test 'uncrustify' to check C / C++ code style
-- Configured uncrustify additional arguments: 
-- Added test 'xmllint' to check XML markup files
-- Configuring done
-- Generating done
-- Build files have been written to: /home/asis/hokuyo_ws/src/build/nav2_behavior_tree
[  1%] [32mBuilding CXX object CMakeFiles/nav2_compute_path_to_pose_action_bt_node.dir/plugins/action/compute_path_to_pose_action.cpp.o[0m
[  3%] [32mBuilding CXX object CMakeFiles/nav2_behavior_tree.dir/src/behavior_tree_engine.cpp.o[0m
[  3%] [32mBuilding CXX object CMakeFiles/nav2_compute_path_through_poses_action_bt_node.dir/plugins/action/compute_path_through_poses_action.cpp.o[0m
[  5%] [32mBuilding CXX object CMakeFiles/nav2_assisted_teleop_cancel_bt_node.dir/plugins/action/assisted_teleop_cancel_node.cpp.o[0m
[  5%] [32mBuilding CXX object CMakeFiles/nav2_back_up_cancel_bt_node.dir/plugins/action/back_up_cancel_node.cpp.o[0m
[  6%] [32mBuilding CXX object CMakeFiles/nav2_spin_cancel_bt_node.dir/plugins/action/spin_cancel_node.cpp.o[0m
[  7%] [32mBuilding CXX object CMakeFiles/nav2_wait_cancel_bt_node.dir/plugins/action/wait_cancel_node.cpp.o[0m
[  8%] [32mBuilding CXX object CMakeFiles/nav2_controller_cancel_bt_node.dir/plugins/action/controller_cancel_node.cpp.o[0m
[  8%] [32m[1mLinking CXX shared library libnav2_behavior_tree.so[0m
[  8%] Built target nav2_behavior_tree
[  8%] [32m[1mLinking CXX shared library libnav2_assisted_teleop_cancel_bt_node.so[0m
[  8%] Built target nav2_assisted_teleop_cancel_bt_node
[  8%] [32m[1mLinking CXX shared library libnav2_back_up_cancel_bt_node.so[0m
[  8%] Built target nav2_back_up_cancel_bt_node
[  8%] [32m[1mLinking CXX shared library libnav2_spin_cancel_bt_node.so[0m
[  8%] [32m[1mLinking CXX shared library libnav2_compute_path_to_pose_action_bt_node.so[0m
[  8%] [32m[1mLinking CXX shared library libnav2_compute_path_through_poses_action_bt_node.so[0m
[  8%] [32m[1mLinking CXX shared library libnav2_wait_cancel_bt_node.so[0m
[  8%] Built target nav2_compute_path_to_pose_action_bt_node
[  8%] Built target nav2_spin_cancel_bt_node
[  8%] Built target nav2_compute_path_through_poses_action_bt_node
[  8%] Built target nav2_wait_cancel_bt_node
[  8%] [32m[1mLinking CXX shared library libnav2_controller_cancel_bt_node.so[0m
[  8%] Built target nav2_controller_cancel_bt_node
[  9%] [32mBuilding CXX object CMakeFiles/nav2_wait_action_bt_node.dir/plugins/action/wait_action.cpp.o[0m
[ 10%] [32mBuilding CXX object CMakeFiles/nav2_assisted_teleop_action_bt_node.dir/plugins/action/assisted_teleop_action.cpp.o[0m
[ 10%] [32m[1mLinking CXX shared library libnav2_wait_action_bt_node.so[0m
[ 10%] Built target nav2_wait_action_bt_node
[ 11%] [32mBuilding CXX object CMakeFiles/nav2_spin_action_bt_node.dir/plugins/action/spin_action.cpp.o[0m
[ 12%] [32mBuilding CXX object CMakeFiles/nav2_drive_on_heading_bt_node.dir/plugins/action/drive_on_heading_action.cpp.o[0m
[ 13%] [32mBuilding CXX object CMakeFiles/nav2_clear_costmap_service_bt_node.dir/plugins/action/clear_costmap_service.cpp.o[0m
[ 14%] [32mBuilding CXX object CMakeFiles/nav2_back_up_action_bt_node.dir/plugins/action/back_up_action.cpp.o[0m
[ 15%] [32mBuilding CXX object CMakeFiles/nav2_follow_path_action_bt_node.dir/plugins/action/follow_path_action.cpp.o[0m
[ 15%] [32m[1mLinking CXX shared library libnav2_drive_on_heading_bt_node.so[0m
[ 15%] [32m[1mLinking CXX shared library libnav2_assisted_teleop_action_bt_node.so[0m
[ 15%] [32m[1mLinking CXX shared library libnav2_spin_action_bt_node.so[0m
[ 15%] Built target nav2_drive_on_heading_bt_node
[ 15%] Built target nav2_assisted_teleop_action_bt_node
[ 15%] Built target nav2_spin_action_bt_node
[ 15%] [32m[1mLinking CXX shared library libnav2_back_up_action_bt_node.so[0m
[ 15%] [32m[1mLinking CXX shared library libnav2_clear_costmap_service_bt_node.so[0m
[ 15%] Built target nav2_back_up_action_bt_node
[ 15%] Built target nav2_clear_costmap_service_bt_node
[ 15%] [32m[1mLinking CXX shared library libnav2_follow_path_action_bt_node.so[0m
[ 15%] Built target nav2_follow_path_action_bt_node
[ 15%] [32mBuilding CXX object CMakeFiles/nav2_goal_updated_condition_bt_node.dir/plugins/condition/goal_updated_condition.cpp.o[0m
[ 16%] [32m[1mLinking CXX shared library libnav2_goal_updated_condition_bt_node.so[0m
[ 16%] Built target nav2_goal_updated_condition_bt_node
[ 16%] [32mBuilding CXX object CMakeFiles/nav2_is_path_valid_condition_bt_node.dir/plugins/condition/is_path_valid_condition.cpp.o[0m
[ 17%] [32m[1mLinking CXX shared library libnav2_is_path_valid_condition_bt_node.so[0m
[ 18%] [32mBuilding CXX object CMakeFiles/nav2_time_expired_condition_bt_node.dir/plugins/condition/time_expired_condition.cpp.o[0m
[ 18%] [32mBuilding CXX object CMakeFiles/nav2_globally_updated_goal_condition_bt_node.dir/plugins/condition/globally_updated_goal_condition.cpp.o[0m
[ 18%] Built target nav2_is_path_valid_condition_bt_node
[ 18%] [32mBuilding CXX object CMakeFiles/nav2_goal_reached_condition_bt_node.dir/plugins/condition/goal_reached_condition.cpp.o[0m
[ 19%] [32mBuilding CXX object CMakeFiles/nav2_transform_available_condition_bt_node.dir/plugins/condition/transform_available_condition.cpp.o[0m
[ 19%] [32mBuilding CXX object CMakeFiles/nav2_path_expiring_timer_condition.dir/plugins/condition/path_expiring_timer_condition.cpp.o[0m
[ 19%] [32mBuilding CXX object CMakeFiles/nav2_is_stuck_condition_bt_node.dir/plugins/condition/is_stuck_condition.cpp.o[0m
[ 20%] [32mBuilding CXX object CMakeFiles/nav2_smooth_path_action_bt_node.dir/plugins/action/smooth_path_action.cpp.o[0m
[ 21%] [32mBuilding CXX object CMakeFiles/nav2_drive_on_heading_cancel_bt_node.dir/plugins/action/drive_on_heading_cancel_node.cpp.o[0m
[ 21%] [32m[1mLinking CXX shared library libnav2_time_expired_condition_bt_node.so[0m
[ 21%] [32m[1mLinking CXX shared library libnav2_transform_available_condition_bt_node.so[0m
[ 22%] [32m[1mLinking CXX shared library libnav2_globally_updated_goal_condition_bt_node.so[0m
[ 22%] Built target nav2_time_expired_condition_bt_node
[ 22%] Built target nav2_transform_available_condition_bt_node
[ 22%] Built target nav2_globally_updated_goal_condition_bt_node
[ 23%] [32m[1mLinking CXX shared library libnav2_goal_reached_condition_bt_node.so[0m
[ 23%] Built target nav2_goal_reached_condition_bt_node
[ 24%] [32m[1mLinking CXX shared library libnav2_path_expiring_timer_condition.so[0m
[ 24%] Built target nav2_path_expiring_timer_condition
[ 24%] [32m[1mLinking CXX shared library libnav2_drive_on_heading_cancel_bt_node.so[0m
[ 24%] Built target nav2_drive_on_heading_cancel_bt_node
[ 24%] [32m[1mLinking CXX shared library libnav2_smooth_path_action_bt_node.so[0m
[ 24%] Built target nav2_smooth_path_action_bt_node
[ 25%] [32m[1mLinking CXX shared library libnav2_is_stuck_condition_bt_node.so[0m
[ 26%] [32mBuilding CXX object CMakeFiles/nav2_distance_controller_bt_node.dir/plugins/decorator/distance_controller.cpp.o[0m
[ 26%] Built target nav2_is_stuck_condition_bt_node
[ 27%] [32mBuilding CXX object CMakeFiles/nav2_rate_controller_bt_node.dir/plugins/decorator/rate_controller.cpp.o[0m
[ 28%] [32mBuilding CXX object CMakeFiles/nav2_speed_controller_bt_node.dir/plugins/decorator/speed_controller.cpp.o[0m
[ 29%] [32mBuilding CXX object CMakeFiles/nav2_reinitialize_global_localization_service_bt_node.dir/plugins/action/reinitialize_global_localization_service.cpp.o[0m
[ 29%] [32m[1mLinking CXX shared library libnav2_rate_controller_bt_node.so[0m
[ 29%] Built target nav2_rate_controller_bt_node
[ 29%] [32mBuilding CXX object CMakeFiles/nav2_is_battery_low_condition_bt_node.dir/plugins/condition/is_battery_low_condition.cpp.o[0m
[ 29%] [32mBuilding CXX object CMakeFiles/nav2_is_battery_charging_condition_bt_node.dir/plugins/condition/is_battery_charging_condition.cpp.o[0m
[ 30%] [32mBuilding CXX object CMakeFiles/nav2_truncate_path_action_bt_node.dir/plugins/action/truncate_path_action.cpp.o[0m
[ 30%] [32m[1mLinking CXX shared library libnav2_distance_controller_bt_node.so[0m
[ 30%] Built target nav2_distance_controller_bt_node
[ 30%] [32m[1mLinking CXX shared library libnav2_speed_controller_bt_node.so[0m
[ 30%] Built target nav2_speed_controller_bt_node
[ 30%] [32m[1mLinking CXX shared library libnav2_reinitialize_global_localization_service_bt_node.so[0m
[ 30%] Built target nav2_reinitialize_global_localization_service_bt_node
[ 30%] [32m[1mLinking CXX shared library libnav2_truncate_path_action_bt_node.so[0m
[ 30%] Built target nav2_truncate_path_action_bt_node
[ 31%] [32mBuilding CXX object CMakeFiles/nav2_recovery_node_bt_node.dir/plugins/control/recovery_node.cpp.o[0m
[ 31%] [32mBuilding CXX object CMakeFiles/nav2_path_longer_on_approach_bt_node.dir/plugins/decorator/path_longer_on_approach.cpp.o[0m
[ 31%] [32mBuilding CXX object CMakeFiles/nav2_goal_updater_node_bt_node.dir/plugins/decorator/goal_updater_node.cpp.o[0m
[ 31%] [32m[1mLinking CXX shared library libnav2_recovery_node_bt_node.so[0m
[ 32%] [32mBuilding CXX object CMakeFiles/nav2_truncate_path_local_action_bt_node.dir/plugins/action/truncate_path_local_action.cpp.o[0m
[ 32%] Built target nav2_recovery_node_bt_node
[ 32%] [32mBuilding CXX object CMakeFiles/nav2_initial_pose_received_condition_bt_node.dir/plugins/condition/initial_pose_received_condition.cpp.o[0m
[ 33%] [32mBuilding CXX object CMakeFiles/nav2_distance_traveled_condition_bt_node.dir/plugins/condition/distance_traveled_condition.cpp.o[0m
[ 34%] [32m[1mLinking CXX shared library libnav2_is_battery_charging_condition_bt_node.so[0m
[ 34%] Built target nav2_is_battery_charging_condition_bt_node
[ 35%] [32m[1mLinking CXX shared library libnav2_is_battery_low_condition_bt_node.so[0m
[ 35%] Built target nav2_is_battery_low_condition_bt_node
[ 36%] [32m[1mLinking CXX shared library libnav2_initial_pose_received_condition_bt_node.so[0m
[ 36%] Built target nav2_initial_pose_received_condition_bt_node
[ 37%] [32m[1mLinking CXX shared library libnav2_path_longer_on_approach_bt_node.so[0m
[ 37%] Built target nav2_path_longer_on_approach_bt_node
[ 37%] [32m[1mLinking CXX shared library libnav2_truncate_path_local_action_bt_node.so[0m
[ 37%] [32m[1mLinking CXX shared library libnav2_distance_traveled_condition_bt_node.so[0m
[ 37%] Built target nav2_truncate_path_local_action_bt_node
[ 37%] Built target nav2_distance_traveled_condition_bt_node
[ 38%] [32m[1mLinking CXX shared library libnav2_goal_updater_node_bt_node.so[0m
[ 38%] Built target nav2_goal_updater_node_bt_node
[ 38%] [32mBuilding CXX object CMakeFiles/nav2_planner_selector_bt_node.dir/plugins/action/planner_selector_node.cpp.o[0m
[ 39%] [32m[1mLinking CXX shared library libnav2_planner_selector_bt_node.so[0m
[ 39%] Built target nav2_planner_selector_bt_node
[ 40%] [32mBuilding CXX object CMakeFiles/nav2_controller_selector_bt_node.dir/plugins/action/controller_selector_node.cpp.o[0m
[ 41%] [32mBuilding CXX object CMakeFiles/nav2_smoother_selector_bt_node.dir/plugins/action/smoother_selector_node.cpp.o[0m
[ 42%] [32mBuilding CXX object CMakeFiles/nav2_single_trigger_bt_node.dir/plugins/decorator/single_trigger_node.cpp.o[0m
[ 43%] [32mBuilding CXX object CMakeFiles/nav2_round_robin_node_bt_node.dir/plugins/control/round_robin_node.cpp.o[0m
[ 43%] [32mBuilding CXX object CMakeFiles/nav2_pipeline_sequence_bt_node.dir/plugins/control/pipeline_sequence.cpp.o[0m
[ 43%] [32m[1mLinking CXX shared library libnav2_single_trigger_bt_node.so[0m
[ 44%] [32mBuilding CXX object CMakeFiles/nav2_remove_passed_goals_action_bt_node.dir/plugins/action/remove_passed_goals_action.cpp.o[0m
[ 44%] Built target nav2_single_trigger_bt_node
[ 44%] [32m[1mLinking CXX shared library libnav2_round_robin_node_bt_node.so[0m
[ 45%] [32m[1mLinking CXX shared library libnav2_pipeline_sequence_bt_node.so[0m
[ 45%] Built target nav2_round_robin_node_bt_node
[ 45%] Built target nav2_pipeline_sequence_bt_node
[ 45%] [32m[1mLinking CXX shared library libnav2_remove_passed_goals_action_bt_node.so[0m
[ 45%] Built target nav2_remove_passed_goals_action_bt_node
[ 45%] [32m[1mLinking CXX shared library libnav2_controller_selector_bt_node.so[0m
[ 45%] Built target nav2_controller_selector_bt_node
[ 45%] [32m[1mLinking CXX shared library libnav2_smoother_selector_bt_node.so[0m
[ 45%] Built target nav2_smoother_selector_bt_node
[ 46%] [32mBuilding CXX object gtest/CMakeFiles/gtest_main.dir/src/gtest_main.cc.o[0m
[ 46%] [32mBuilding CXX object CMakeFiles/nav2_goal_updated_controller_bt_node.dir/plugins/decorator/goal_updated_controller.cpp.o[0m
[ 46%] [32mBuilding CXX object gtest/CMakeFiles/gtest.dir/src/gtest-all.cc.o[0m
[ 46%] [32m[1mLinking CXX static library libgtest_main.a[0m
[ 46%] Built target gtest_main
[ 46%] [32mBuilding CXX object CMakeFiles/nav2_progress_checker_selector_bt_node.dir/plugins/action/progress_checker_selector_node.cpp.o[0m
[ 46%] [32mBuilding CXX object CMakeFiles/nav2_goal_checker_selector_bt_node.dir/plugins/action/goal_checker_selector_node.cpp.o[0m
[ 47%] [32m[1mLinking CXX shared library libnav2_goal_updated_controller_bt_node.so[0m
[ 47%] Built target nav2_goal_updated_controller_bt_node
[ 47%] [32m[1mLinking CXX static library libgtest.a[0m
[ 47%] Built target gtest
[ 47%] [32m[1mLinking CXX shared library libnav2_progress_checker_selector_bt_node.so[0m
[ 48%] [32m[1mLinking CXX shared library libnav2_goal_checker_selector_bt_node.so[0m
[ 48%] Built target nav2_progress_checker_selector_bt_node
[ 48%] Built target nav2_goal_checker_selector_bt_node
[ 49%] [32mBuilding CXX object test/plugins/condition/CMakeFiles/test_condition_goal_reached.dir/test_goal_reached.cpp.o[0m
[ 49%] [32m[1mLinking CXX executable test_condition_goal_reached[0m
[ 49%] Built target test_condition_goal_reached
[ 50%] [32mBuilding CXX object test/plugins/condition/CMakeFiles/test_condition_goal_updated.dir/test_goal_updated.cpp.o[0m
[ 50%] [32m[1mLinking CXX executable test_condition_goal_updated[0m
[ 51%] [32mBuilding CXX object test/plugins/condition/CMakeFiles/test_condition_globally_updated_goal.dir/test_globally_updated_goal.cpp.o[0m
[ 52%] [32mBuilding CXX object test/plugins/condition/CMakeFiles/test_condition_path_expiring_timer.dir/test_path_expiring_timer.cpp.o[0m
[ 52%] Built target test_condition_goal_updated
[ 53%] [32mBuilding CXX object test/plugins/condition/CMakeFiles/test_condition_time_expired.dir/test_time_expired.cpp.o[0m
[ 54%] [32mBuilding CXX object test/plugins/condition/CMakeFiles/test_condition_initial_pose_received.dir/test_initial_pose_received.cpp.o[0m
[ 55%] [32mBuilding CXX object test/plugins/condition/CMakeFiles/test_condition_distance_traveled.dir/test_distance_traveled.cpp.o[0m
[ 56%] [32mBuilding CXX object test/CMakeFiles/test_bt_conversions.dir/test_bt_conversions.cpp.o[0m
[ 56%] [32mBuilding CXX object CMakeFiles/nav2_navigate_through_poses_action_bt_node.dir/plugins/action/navigate_through_poses_action.cpp.o[0m
[ 56%] [32mBuilding CXX object CMakeFiles/nav2_navigate_to_pose_action_bt_node.dir/plugins/action/navigate_to_pose_action.cpp.o[0m
[ 56%] [32m[1mLinking CXX executable test_bt_conversions[0m
[ 56%] Built target test_bt_conversions
[ 56%] [32m[1mLinking CXX executable test_condition_path_expiring_timer[0m
[ 56%] [32m[1mLinking CXX executable test_condition_time_expired[0m
[ 56%] [32m[1mLinking CXX executable test_condition_globally_updated_goal[0m
[ 56%] [32m[1mLinking CXX executable test_condition_initial_pose_received[0m
[ 56%] Built target test_condition_time_expired
[ 56%] Built target test_condition_path_expiring_timer
[ 56%] Built target test_condition_globally_updated_goal
[ 56%] Built target test_condition_initial_pose_received
[ 57%] [32m[1mLinking CXX shared library libnav2_navigate_through_poses_action_bt_node.so[0m
[ 58%] [32m[1mLinking CXX shared library libnav2_navigate_to_pose_action_bt_node.so[0m
[ 58%] Built target nav2_navigate_through_poses_action_bt_node
[ 58%] [32m[1mLinking CXX executable test_condition_distance_traveled[0m
[ 58%] Built target nav2_navigate_to_pose_action_bt_node
[ 58%] Built target test_condition_distance_traveled
[ 58%] [32mBuilding CXX object test/plugins/decorator/CMakeFiles/test_decorator_speed_controller.dir/test_speed_controller.cpp.o[0m
[ 58%] [32mBuilding CXX object test/plugins/decorator/CMakeFiles/test_decorator_rate_controller.dir/test_rate_controller.cpp.o[0m
[ 58%] [32mBuilding CXX object test/plugins/decorator/CMakeFiles/test_decorator_distance_controller.dir/test_distance_controller.cpp.o[0m
[ 59%] [32mBuilding CXX object test/plugins/condition/CMakeFiles/test_condition_is_path_valid.dir/test_is_path_valid.cpp.o[0m
[ 60%] [32m[1mLinking CXX executable test_decorator_speed_controller[0m
[ 61%] [32mBuilding CXX object test/plugins/condition/CMakeFiles/test_condition_is_battery_low.dir/test_is_battery_low.cpp.o[0m
[ 61%] Built target test_decorator_speed_controller
[ 62%] [32mBuilding CXX object test/plugins/condition/CMakeFiles/test_condition_is_battery_charging.dir/test_is_battery_charging.cpp.o[0m
[ 63%] [32mBuilding CXX object test/plugins/condition/CMakeFiles/test_condition_is_stuck.dir/test_is_stuck.cpp.o[0m
[ 63%] [32mBuilding CXX object test/plugins/decorator/CMakeFiles/test_goal_updater_node.dir/test_goal_updater_node.cpp.o[0m
[ 64%] [32m[1mLinking CXX executable test_decorator_rate_controller[0m
[ 64%] Built target test_decorator_rate_controller
[ 64%] [32m[1mLinking CXX executable test_condition_is_path_valid[0m
[ 65%] [32m[1mLinking CXX executable test_decorator_distance_controller[0m
[ 65%] Built target test_condition_is_path_valid
[ 65%] Built target test_decorator_distance_controller
[ 65%] [32m[1mLinking CXX executable test_condition_is_battery_charging[0m
[ 65%] Built target test_condition_is_battery_charging
[ 65%] [32m[1mLinking CXX executable test_condition_is_battery_low[0m
[ 65%] Built target test_condition_is_battery_low
[ 66%] [32m[1mLinking CXX executable test_goal_updater_node[0m
[ 66%] Built target test_goal_updater_node
[ 66%] [32m[1mLinking CXX executable test_condition_is_stuck[0m
[ 66%] Built target test_condition_is_stuck
[ 66%] [32mBuilding CXX object test/plugins/control/CMakeFiles/test_control_round_robin_node.dir/test_round_robin_node.cpp.o[0m
[ 67%] [32mBuilding CXX object test/plugins/action/CMakeFiles/test_bt_action_node.dir/test_bt_action_node.cpp.o[0m
[ 68%] [32mBuilding CXX object test/plugins/control/CMakeFiles/test_control_pipeline_sequence.dir/test_pipeline_sequence.cpp.o[0m
[ 68%] [32mBuilding CXX object test/plugins/control/CMakeFiles/test_control_recovery_node.dir/test_recovery_node.cpp.o[0m
[ 68%] [32mBuilding CXX object test/plugins/decorator/CMakeFiles/test_decorator_path_longer_on_approach.dir/test_path_longer_on_approach.cpp.o[0m
[ 68%] [32mBuilding CXX object test/plugins/decorator/CMakeFiles/test_goal_updated_controller.dir/test_goal_updated_controller.cpp.o[0m
[ 68%] [32mBuilding CXX object test/plugins/decorator/CMakeFiles/test_single_trigger_node.dir/test_single_trigger_node.cpp.o[0m
[ 69%] [32m[1mLinking CXX executable test_control_round_robin_node[0m
[ 69%] Built target test_control_round_robin_node
[ 69%] [32m[1mLinking CXX executable test_control_pipeline_sequence[0m
[ 70%] [32m[1mLinking CXX executable test_decorator_path_longer_on_approach[0m
[ 70%] Built target test_decorator_path_longer_on_approach
[ 70%] Built target test_control_pipeline_sequence
[ 71%] [32m[1mLinking CXX executable test_control_recovery_node[0m
[ 71%] Built target test_control_recovery_node
[ 71%] [32m[1mLinking CXX executable test_bt_action_node[0m
[ 72%] [32m[1mLinking CXX executable test_goal_updated_controller[0m
[ 73%] [32m[1mLinking CXX executable test_single_trigger_node[0m
[ 73%] Built target test_goal_updated_controller
[ 73%] Built target test_bt_action_node
[ 73%] Built target test_single_trigger_node
[ 73%] [32mBuilding CXX object test/plugins/action/CMakeFiles/test_action_controller_cancel_action.dir/test_controller_cancel_node.cpp.o[0m
[ 74%] [32mBuilding CXX object test/plugins/action/CMakeFiles/test_action_wait_cancel_action.dir/test_wait_cancel_node.cpp.o[0m
[ 74%] [32mBuilding CXX object test/plugins/action/CMakeFiles/test_action_assisted_teleop_action.dir/test_assisted_teleop_action.cpp.o[0m
[ 75%] [32m[1mLinking CXX executable test_action_controller_cancel_action[0m
[ 76%] [32mBuilding CXX object test/plugins/action/CMakeFiles/test_action_wait_action.dir/test_wait_action.cpp.o[0m
[ 76%] [32mBuilding CXX object test/plugins/action/CMakeFiles/test_action_drive_on_heading.dir/test_drive_on_heading_action.cpp.o[0m
[ 76%] Built target test_action_controller_cancel_action
[ 76%] [32mBuilding CXX object test/plugins/action/CMakeFiles/test_action_back_up_action.dir/test_back_up_action.cpp.o[0m
[ 76%] [32mBuilding CXX object test/plugins/action/CMakeFiles/test_action_spin_action.dir/test_spin_action.cpp.o[0m
[ 77%] [32mBuilding CXX object test/plugins/condition/CMakeFiles/test_condition_transform_available.dir/test_transform_available.cpp.o[0m
[ 77%] [32mBuilding CXX object test/plugins/action/CMakeFiles/test_action_spin_cancel_action.dir/test_spin_cancel_node.cpp.o[0m
[ 78%] [32m[1mLinking CXX executable test_action_back_up_action[0m
[ 79%] [32m[1mLinking CXX executable test_action_drive_on_heading[0m
[ 80%] [32m[1mLinking CXX executable test_action_spin_action[0m
[ 80%] [32m[1mLinking CXX executable test_action_wait_cancel_action[0m
[ 81%] [32m[1mLinking CXX executable test_action_assisted_teleop_action[0m
[ 81%] Built target test_action_back_up_action
[ 81%] Built target test_action_drive_on_heading
[ 81%] [32m[1mLinking CXX executable test_action_wait_action[0m
[ 81%] Built target test_action_spin_action
[ 81%] Built target test_action_wait_cancel_action
[ 81%] Built target test_action_assisted_teleop_action
[ 81%] Built target test_action_wait_action
[ 81%] [32m[1mLinking CXX executable test_action_spin_cancel_action[0m
[ 81%] [32m[1mLinking CXX executable test_condition_transform_available[0m
[ 81%] Built target test_action_spin_cancel_action
[ 81%] Built target test_condition_transform_available
[ 81%] [32mBuilding CXX object test/plugins/action/CMakeFiles/test_action_compute_path_through_poses_action.dir/test_compute_path_through_poses_action.cpp.o[0m
[ 82%] [32m[1mLinking CXX executable test_action_compute_path_through_poses_action[0m
[ 82%] Built target test_action_compute_path_through_poses_action
[ 82%] [32mBuilding CXX object test/plugins/action/CMakeFiles/test_action_smooth_path_action.dir/test_smooth_path_action.cpp.o[0m
[ 83%] [32m[1mLinking CXX executable test_action_smooth_path_action[0m
[ 83%] Built target test_action_smooth_path_action
[ 83%] [32mBuilding CXX object test/plugins/action/CMakeFiles/test_action_follow_path_action.dir/test_follow_path_action.cpp.o[0m
[ 84%] [32m[1mLinking CXX executable test_action_follow_path_action[0m
[ 84%] Built target test_action_follow_path_action
[ 84%] [32mBuilding CXX object test/plugins/action/CMakeFiles/test_action_navigate_to_pose_action.dir/test_navigate_to_pose_action.cpp.o[0m
[ 85%] [32m[1mLinking CXX executable test_action_navigate_to_pose_action[0m
[ 85%] Built target test_action_navigate_to_pose_action
[ 85%] [32mBuilding CXX object test/plugins/action/CMakeFiles/test_action_navigate_through_poses_action.dir/test_navigate_through_poses_action.cpp.o[0m
[ 86%] [32m[1mLinking CXX executable test_action_navigate_through_poses_action[0m
[ 86%] Built target test_action_navigate_through_poses_action
[ 86%] [32mBuilding CXX object test/plugins/action/CMakeFiles/test_truncate_path_action.dir/test_truncate_path_action.cpp.o[0m
[ 87%] [32m[1mLinking CXX executable test_truncate_path_action[0m
[ 87%] Built target test_truncate_path_action
[ 87%] [32mBuilding CXX object test/plugins/action/CMakeFiles/test_truncate_path_local_action.dir/test_truncate_path_local_action.cpp.o[0m
[ 88%] [32m[1mLinking CXX executable test_truncate_path_local_action[0m
[ 88%] Built target test_truncate_path_local_action
[ 88%] [32mBuilding CXX object test/plugins/action/CMakeFiles/test_remove_passed_goals_action.dir/test_remove_passed_goals_action.cpp.o[0m
[ 89%] [32m[1mLinking CXX executable test_remove_passed_goals_action[0m
[ 89%] Built target test_remove_passed_goals_action
[ 89%] [32mBuilding CXX object test/plugins/action/CMakeFiles/test_planner_selector_node.dir/test_planner_selector_node.cpp.o[0m
[ 89%] [32mBuilding CXX object test/plugins/action/CMakeFiles/test_controller_selector_node.dir/test_controller_selector_node.cpp.o[0m
[ 89%] [32mBuilding CXX object test/plugins/action/CMakeFiles/test_action_compute_path_to_pose_action.dir/test_compute_path_to_pose_action.cpp.o[0m
[ 89%] [32mBuilding CXX object test/plugins/action/CMakeFiles/test_action_reinitialize_global_localization_service.dir/test_reinitialize_global_localization_service.cpp.o[0m
[ 90%] [32m[1mLinking CXX executable test_planner_selector_node[0m
[ 90%] Built target test_planner_selector_node
[ 91%] [32m[1mLinking CXX executable test_controller_selector_node[0m
[ 91%] Built target test_controller_selector_node
[ 92%] [32m[1mLinking CXX executable test_action_reinitialize_global_localization_service[0m
[ 92%] Built target test_action_reinitialize_global_localization_service
[ 93%] [32m[1mLinking CXX executable test_action_compute_path_to_pose_action[0m
[ 93%] Built target test_action_compute_path_to_pose_action
[ 93%] [32mBuilding CXX object test/plugins/action/CMakeFiles/test_progress_checker_selector_node.dir/test_progress_checker_selector_node.cpp.o[0m
[ 94%] [32m[1mLinking CXX executable test_progress_checker_selector_node[0m
[ 94%] Built target test_progress_checker_selector_node
[ 94%] [32mBuilding CXX object test/plugins/action/CMakeFiles/test_goal_checker_selector_node.dir/test_goal_checker_selector_node.cpp.o[0m
[ 95%] [32m[1mLinking CXX executable test_goal_checker_selector_node[0m
[ 95%] Built target test_goal_checker_selector_node
[ 95%] [32mBuilding CXX object test/plugins/action/CMakeFiles/test_smoother_selector_node.dir/test_smoother_selector_node.cpp.o[0m
[ 96%] [32m[1mLinking CXX executable test_smoother_selector_node[0m
[ 96%] Built target test_smoother_selector_node
[ 96%] [32mBuilding CXX object test/plugins/action/CMakeFiles/test_action_clear_costmap_service.dir/test_clear_costmap_service.cpp.o[0m
[ 97%] [32m[1mLinking CXX executable test_action_clear_costmap_service[0m
[ 97%] Built target test_action_clear_costmap_service
[ 97%] [32mBuilding CXX object test/plugins/action/CMakeFiles/test_action_drive_on_heading_cancel_action.dir/test_drive_on_heading_cancel_node.cpp.o[0m
[ 98%] [32m[1mLinking CXX executable test_action_drive_on_heading_cancel_action[0m
[ 98%] Built target test_action_drive_on_heading_cancel_action
[ 98%] [32mBuilding CXX object test/plugins/action/CMakeFiles/test_action_assisted_teleop_cancel_action.dir/test_assisted_teleop_cancel_node.cpp.o[0m
[ 99%] [32m[1mLinking CXX executable test_action_assisted_teleop_cancel_action[0m
[ 99%] Built target test_action_assisted_teleop_cancel_action
[ 99%] [32mBuilding CXX object test/plugins/action/CMakeFiles/test_action_back_up_cancel_action.dir/test_back_up_cancel_node.cpp.o[0m
[100%] [32m[1mLinking CXX executable test_action_back_up_cancel_action[0m
[100%] Built target test_action_back_up_cancel_action
-- Install configuration: "Release"
-- Installing: /home/asis/hokuyo_ws/src/install/nav2_behavior_tree/lib/libnav2_behavior_tree.so
-- Set runtime path of "/home/asis/hokuyo_ws/src/install/nav2_behavior_tree/lib/libnav2_behavior_tree.so" to ""
-- Installing: /home/asis/hokuyo_ws/src/install/nav2_behavior_tree/lib/libnav2_compute_path_to_pose_action_bt_node.so
-- Set runtime path of "/home/asis/hokuyo_ws/src/install/nav2_behavior_tree/lib/libnav2_compute_path_to_pose_action_bt_node.so" to ""
-- Installing: /home/asis/hokuyo_ws/src/install/nav2_behavior_tree/lib/libnav2_compute_path_through_poses_action_bt_node.so
-- Set runtime path of "/home/asis/hokuyo_ws/src/install/nav2_behavior_tree/lib/libnav2_compute_path_through_poses_action_bt_node.so" to ""
-- Installing: /home/asis/hokuyo_ws/src/install/nav2_behavior_tree/lib/libnav2_controller_cancel_bt_node.so
-- Set runtime path of "/home/asis/hokuyo_ws/src/install/nav2_behavior_tree/lib/libnav2_controller_cancel_bt_node.so" to ""
-- Installing: /home/asis/hokuyo_ws/src/install/nav2_behavior_tree/lib/libnav2_wait_cancel_bt_node.so
-- Set runtime path of "/home/asis/hokuyo_ws/src/install/nav2_behavior_tree/lib/libnav2_wait_cancel_bt_node.so" to ""
-- Installing: /home/asis/hokuyo_ws/src/install/nav2_behavior_tree/lib/libnav2_spin_cancel_bt_node.so
-- Set runtime path of "/home/asis/hokuyo_ws/src/install/nav2_behavior_tree/lib/libnav2_spin_cancel_bt_node.so" to ""
-- Installing: /home/asis/hokuyo_ws/src/install/nav2_behavior_tree/lib/libnav2_back_up_cancel_bt_node.so
-- Set runtime path of "/home/asis/hokuyo_ws/src/install/nav2_behavior_tree/lib/libnav2_back_up_cancel_bt_node.so" to ""
-- Installing: /home/asis/hokuyo_ws/src/install/nav2_behavior_tree/lib/libnav2_assisted_teleop_cancel_bt_node.so
-- Set runtime path of "/home/asis/hokuyo_ws/src/install/nav2_behavior_tree/lib/libnav2_assisted_teleop_cancel_bt_node.so" to ""
-- Installing: /home/asis/hokuyo_ws/src/install/nav2_behavior_tree/lib/libnav2_drive_on_heading_cancel_bt_node.so
-- Set runtime path of "/home/asis/hokuyo_ws/src/install/nav2_behavior_tree/lib/libnav2_drive_on_heading_cancel_bt_node.so" to ""
-- Installing: /home/asis/hokuyo_ws/src/install/nav2_behavior_tree/lib/libnav2_smooth_path_action_bt_node.so
-- Set runtime path of "/home/asis/hokuyo_ws/src/install/nav2_behavior_tree/lib/libnav2_smooth_path_action_bt_node.so" to ""
-- Installing: /home/asis/hokuyo_ws/src/install/nav2_behavior_tree/lib/libnav2_follow_path_action_bt_node.so
-- Set runtime path of "/home/asis/hokuyo_ws/src/install/nav2_behavior_tree/lib/libnav2_follow_path_action_bt_node.so" to ""
-- Installing: /home/asis/hokuyo_ws/src/install/nav2_behavior_tree/lib/libnav2_back_up_action_bt_node.so
-- Set runtime path of "/home/asis/hokuyo_ws/src/install/nav2_behavior_tree/lib/libnav2_back_up_action_bt_node.so" to ""
-- Installing: /home/asis/hokuyo_ws/src/install/nav2_behavior_tree/lib/libnav2_drive_on_heading_bt_node.so
-- Set runtime path of "/home/asis/hokuyo_ws/src/install/nav2_behavior_tree/lib/libnav2_drive_on_heading_bt_node.so" to ""
-- Installing: /home/asis/hokuyo_ws/src/install/nav2_behavior_tree/lib/libnav2_spin_action_bt_node.so
-- Set runtime path of "/home/asis/hokuyo_ws/src/install/nav2_behavior_tree/lib/libnav2_spin_action_bt_node.so" to ""
-- Installing: /home/asis/hokuyo_ws/src/install/nav2_behavior_tree/lib/libnav2_wait_action_bt_node.so
-- Set runtime path of "/home/asis/hokuyo_ws/src/install/nav2_behavior_tree/lib/libnav2_wait_action_bt_node.so" to ""
-- Installing: /home/asis/hokuyo_ws/src/install/nav2_behavior_tree/lib/libnav2_assisted_teleop_action_bt_node.so
-- Set runtime path of "/home/asis/hokuyo_ws/src/install/nav2_behavior_tree/lib/libnav2_assisted_teleop_action_bt_node.so" to ""
-- Installing: /home/asis/hokuyo_ws/src/install/nav2_behavior_tree/lib/libnav2_clear_costmap_service_bt_node.so
-- Set runtime path of "/home/asis/hokuyo_ws/src/install/nav2_behavior_tree/lib/libnav2_clear_costmap_service_bt_node.so" to ""
-- Installing: /home/asis/hokuyo_ws/src/install/nav2_behavior_tree/lib/libnav2_is_stuck_condition_bt_node.so
-- Set runtime path of "/home/asis/hokuyo_ws/src/install/nav2_behavior_tree/lib/libnav2_is_stuck_condition_bt_node.so" to ""
-- Installing: /home/asis/hokuyo_ws/src/install/nav2_behavior_tree/lib/libnav2_transform_available_condition_bt_node.so
-- Set runtime path of "/home/asis/hokuyo_ws/src/install/nav2_behavior_tree/lib/libnav2_transform_available_condition_bt_node.so" to ""
-- Installing: /home/asis/hokuyo_ws/src/install/nav2_behavior_tree/lib/libnav2_goal_reached_condition_bt_node.so
-- Set runtime path of "/home/asis/hokuyo_ws/src/install/nav2_behavior_tree/lib/libnav2_goal_reached_condition_bt_node.so" to ""
-- Installing: /home/asis/hokuyo_ws/src/install/nav2_behavior_tree/lib/libnav2_globally_updated_goal_condition_bt_node.so
-- Set runtime path of "/home/asis/hokuyo_ws/src/install/nav2_behavior_tree/lib/libnav2_globally_updated_goal_condition_bt_node.so" to ""
-- Installing: /home/asis/hokuyo_ws/src/install/nav2_behavior_tree/lib/libnav2_goal_updated_condition_bt_node.so
-- Set runtime path of "/home/asis/hokuyo_ws/src/install/nav2_behavior_tree/lib/libnav2_goal_updated_condition_bt_node.so" to ""
-- Installing: /home/asis/hokuyo_ws/src/install/nav2_behavior_tree/lib/libnav2_is_path_valid_condition_bt_node.so
-- Set runtime path of "/home/asis/hokuyo_ws/src/install/nav2_behavior_tree/lib/libnav2_is_path_valid_condition_bt_node.so" to ""
-- Installing: /home/asis/hokuyo_ws/src/install/nav2_behavior_tree/lib/libnav2_time_expired_condition_bt_node.so
-- Set runtime path of "/home/asis/hokuyo_ws/src/install/nav2_behavior_tree/lib/libnav2_time_expired_condition_bt_node.so" to ""
-- Installing: /home/asis/hokuyo_ws/src/install/nav2_behavior_tree/lib/libnav2_path_expiring_timer_condition.so
-- Set runtime path of "/home/asis/hokuyo_ws/src/install/nav2_behavior_tree/lib/libnav2_path_expiring_timer_condition.so" to ""
-- Installing: /home/asis/hokuyo_ws/src/install/nav2_behavior_tree/lib/libnav2_distance_traveled_condition_bt_node.so
-- Set runtime path of "/home/asis/hokuyo_ws/src/install/nav2_behavior_tree/lib/libnav2_distance_traveled_condition_bt_node.so" to ""
-- Installing: /home/asis/hokuyo_ws/src/install/nav2_behavior_tree/lib/libnav2_initial_pose_received_condition_bt_node.so
-- Set runtime path of "/home/asis/hokuyo_ws/src/install/nav2_behavior_tree/lib/libnav2_initial_pose_received_condition_bt_node.so" to ""
-- Installing: /home/asis/hokuyo_ws/src/install/nav2_behavior_tree/lib/libnav2_is_battery_charging_condition_bt_node.so
-- Set runtime path of "/home/asis/hokuyo_ws/src/install/nav2_behavior_tree/lib/libnav2_is_battery_charging_condition_bt_node.so" to ""
-- Installing: /home/asis/hokuyo_ws/src/install/nav2_behavior_tree/lib/libnav2_is_battery_low_condition_bt_node.so
-- Set runtime path of "/home/asis/hokuyo_ws/src/install/nav2_behavior_tree/lib/libnav2_is_battery_low_condition_bt_node.so" to ""
-- Installing: /home/asis/hokuyo_ws/src/install/nav2_behavior_tree/lib/libnav2_reinitialize_global_localization_service_bt_node.so
-- Set runtime path of "/home/asis/hokuyo_ws/src/install/nav2_behavior_tree/lib/libnav2_reinitialize_global_localization_service_bt_node.so" to ""
-- Installing: /home/asis/hokuyo_ws/src/install/nav2_behavior_tree/lib/libnav2_rate_controller_bt_node.so
-- Set runtime path of "/home/asis/hokuyo_ws/src/install/nav2_behavior_tree/lib/libnav2_rate_controller_bt_node.so" to ""
-- Installing: /home/asis/hokuyo_ws/src/install/nav2_behavior_tree/lib/libnav2_distance_controller_bt_node.so
-- Set runtime path of "/home/asis/hokuyo_ws/src/install/nav2_behavior_tree/lib/libnav2_distance_controller_bt_node.so" to ""
-- Installing: /home/asis/hokuyo_ws/src/install/nav2_behavior_tree/lib/libnav2_speed_controller_bt_node.so
-- Set runtime path of "/home/asis/hokuyo_ws/src/install/nav2_behavior_tree/lib/libnav2_speed_controller_bt_node.so" to ""
-- Installing: /home/asis/hokuyo_ws/src/install/nav2_behavior_tree/lib/libnav2_truncate_path_action_bt_node.so
-- Set runtime path of "/home/asis/hokuyo_ws/src/install/nav2_behavior_tree/lib/libnav2_truncate_path_action_bt_node.so" to ""
-- Installing: /home/asis/hokuyo_ws/src/install/nav2_behavior_tree/lib/libnav2_truncate_path_local_action_bt_node.so
-- Set runtime path of "/home/asis/hokuyo_ws/src/install/nav2_behavior_tree/lib/libnav2_truncate_path_local_action_bt_node.so" to ""
-- Installing: /home/asis/hokuyo_ws/src/install/nav2_behavior_tree/lib/libnav2_goal_updater_node_bt_node.so
-- Set runtime path of "/home/asis/hokuyo_ws/src/install/nav2_behavior_tree/lib/libnav2_goal_updater_node_bt_node.so" to ""
-- Installing: /home/asis/hokuyo_ws/src/install/nav2_behavior_tree/lib/libnav2_path_longer_on_approach_bt_node.so
-- Set runtime path of "/home/asis/hokuyo_ws/src/install/nav2_behavior_tree/lib/libnav2_path_longer_on_approach_bt_node.so" to ""
-- Installing: /home/asis/hokuyo_ws/src/install/nav2_behavior_tree/lib/libnav2_recovery_node_bt_node.so
-- Set runtime path of "/home/asis/hokuyo_ws/src/install/nav2_behavior_tree/lib/libnav2_recovery_node_bt_node.so" to ""
-- Installing: /home/asis/hokuyo_ws/src/install/nav2_behavior_tree/lib/libnav2_navigate_to_pose_action_bt_node.so
-- Set runtime path of "/home/asis/hokuyo_ws/src/install/nav2_behavior_tree/lib/libnav2_navigate_to_pose_action_bt_node.so" to ""
-- Installing: /home/asis/hokuyo_ws/src/install/nav2_behavior_tree/lib/libnav2_navigate_through_poses_action_bt_node.so
-- Set runtime path of "/home/asis/hokuyo_ws/src/install/nav2_behavior_tree/lib/libnav2_navigate_through_poses_action_bt_node.so" to ""
-- Installing: /home/asis/hokuyo_ws/src/install/nav2_behavior_tree/lib/libnav2_remove_passed_goals_action_bt_node.so
-- Set runtime path of "/home/asis/hokuyo_ws/src/install/nav2_behavior_tree/lib/libnav2_remove_passed_goals_action_bt_node.so" to ""
-- Installing: /home/asis/hokuyo_ws/src/install/nav2_behavior_tree/lib/libnav2_pipeline_sequence_bt_node.so
-- Set runtime path of "/home/asis/hokuyo_ws/src/install/nav2_behavior_tree/lib/libnav2_pipeline_sequence_bt_node.so" to ""
-- Installing: /home/asis/hokuyo_ws/src/install/nav2_behavior_tree/lib/libnav2_round_robin_node_bt_node.so
-- Set runtime path of "/home/asis/hokuyo_ws/src/install/nav2_behavior_tree/lib/libnav2_round_robin_node_bt_node.so" to ""
-- Installing: /home/asis/hokuyo_ws/src/install/nav2_behavior_tree/lib/libnav2_single_trigger_bt_node.so
-- Set runtime path of "/home/asis/hokuyo_ws/src/install/nav2_behavior_tree/lib/libnav2_single_trigger_bt_node.so" to ""
-- Installing: /home/asis/hokuyo_ws/src/install/nav2_behavior_tree/lib/libnav2_planner_selector_bt_node.so
-- Set runtime path of "/home/asis/hokuyo_ws/src/install/nav2_behavior_tree/lib/libnav2_planner_selector_bt_node.so" to ""
-- Installing: /home/asis/hokuyo_ws/src/install/nav2_behavior_tree/lib/libnav2_controller_selector_bt_node.so
-- Set runtime path of "/home/asis/hokuyo_ws/src/install/nav2_behavior_tree/lib/libnav2_controller_selector_bt_node.so" to ""
-- Installing: /home/asis/hokuyo_ws/src/install/nav2_behavior_tree/lib/libnav2_smoother_selector_bt_node.so
-- Set runtime path of "/home/asis/hokuyo_ws/src/install/nav2_behavior_tree/lib/libnav2_smoother_selector_bt_node.so" to ""
-- Installing: /home/asis/hokuyo_ws/src/install/nav2_behavior_tree/lib/libnav2_goal_checker_selector_bt_node.so
-- Set runtime path of "/home/asis/hokuyo_ws/src/install/nav2_behavior_tree/lib/libnav2_goal_checker_selector_bt_node.so" to ""
-- Installing: /home/asis/hokuyo_ws/src/install/nav2_behavior_tree/lib/libnav2_progress_checker_selector_bt_node.so
-- Set runtime path of "/home/asis/hokuyo_ws/src/install/nav2_behavior_tree/lib/libnav2_progress_checker_selector_bt_node.so" to ""
-- Installing: /home/asis/hokuyo_ws/src/install/nav2_behavior_tree/lib/libnav2_goal_updated_controller_bt_node.so
-- Set runtime path of "/home/asis/hokuyo_ws/src/install/nav2_behavior_tree/lib/libnav2_goal_updated_controller_bt_node.so" to ""
-- Installing: /home/asis/hokuyo_ws/src/install/nav2_behavior_tree/include/
-- Installing: /home/asis/hokuyo_ws/src/install/nav2_behavior_tree/include//nav2_behavior_tree
-- Installing: /home/asis/hokuyo_ws/src/install/nav2_behavior_tree/include//nav2_behavior_tree/bt_action_node.hpp
-- Installing: /home/asis/hokuyo_ws/src/install/nav2_behavior_tree/include//nav2_behavior_tree/ros_topic_logger.hpp
-- Installing: /home/asis/hokuyo_ws/src/install/nav2_behavior_tree/include//nav2_behavior_tree/bt_cancel_action_node.hpp
-- Installing: /home/asis/hokuyo_ws/src/install/nav2_behavior_tree/include//nav2_behavior_tree/plugins
-- Installing: /home/asis/hokuyo_ws/src/install/nav2_behavior_tree/include//nav2_behavior_tree/plugins/condition
-- Installing: /home/asis/hokuyo_ws/src/install/nav2_behavior_tree/include//nav2_behavior_tree/plugins/condition/transform_available_condition.hpp
-- Installing: /home/asis/hokuyo_ws/src/install/nav2_behavior_tree/include//nav2_behavior_tree/plugins/condition/is_battery_low_condition.hpp
-- Installing: /home/asis/hokuyo_ws/src/install/nav2_behavior_tree/include//nav2_behavior_tree/plugins/condition/goal_updated_condition.hpp
-- Installing: /home/asis/hokuyo_ws/src/install/nav2_behavior_tree/include//nav2_behavior_tree/plugins/condition/is_stuck_condition.hpp
-- Installing: /home/asis/hokuyo_ws/src/install/nav2_behavior_tree/include//nav2_behavior_tree/plugins/condition/is_path_valid_condition.hpp
-- Installing: /home/asis/hokuyo_ws/src/install/nav2_behavior_tree/include//nav2_behavior_tree/plugins/condition/distance_traveled_condition.hpp
-- Installing: /home/asis/hokuyo_ws/src/install/nav2_behavior_tree/include//nav2_behavior_tree/plugins/condition/path_expiring_timer_condition.hpp
-- Installing: /home/asis/hokuyo_ws/src/install/nav2_behavior_tree/include//nav2_behavior_tree/plugins/condition/is_battery_charging_condition.hpp
-- Installing: /home/asis/hokuyo_ws/src/install/nav2_behavior_tree/include//nav2_behavior_tree/plugins/condition/goal_reached_condition.hpp
-- Installing: /home/asis/hokuyo_ws/src/install/nav2_behavior_tree/include//nav2_behavior_tree/plugins/condition/time_expired_condition.hpp
-- Installing: /home/asis/hokuyo_ws/src/install/nav2_behavior_tree/include//nav2_behavior_tree/plugins/condition/initial_pose_received_condition.hpp
-- Installing: /home/asis/hokuyo_ws/src/install/nav2_behavior_tree/include//nav2_behavior_tree/plugins/condition/globally_updated_goal_condition.hpp
-- Installing: /home/asis/hokuyo_ws/src/install/nav2_behavior_tree/include//nav2_behavior_tree/plugins/control
-- Installing: /home/asis/hokuyo_ws/src/install/nav2_behavior_tree/include//nav2_behavior_tree/plugins/control/recovery_node.hpp
-- Installing: /home/asis/hokuyo_ws/src/install/nav2_behavior_tree/include//nav2_behavior_tree/plugins/control/pipeline_sequence.hpp
-- Installing: /home/asis/hokuyo_ws/src/install/nav2_behavior_tree/include//nav2_behavior_tree/plugins/control/round_robin_node.hpp
-- Installing: /home/asis/hokuyo_ws/src/install/nav2_behavior_tree/include//nav2_behavior_tree/plugins/action
-- Installing: /home/asis/hokuyo_ws/src/install/nav2_behavior_tree/include//nav2_behavior_tree/plugins/action/drive_on_heading_action.hpp
-- Installing: /home/asis/hokuyo_ws/src/install/nav2_behavior_tree/include//nav2_behavior_tree/plugins/action/planner_selector_node.hpp
-- Installing: /home/asis/hokuyo_ws/src/install/nav2_behavior_tree/include//nav2_behavior_tree/plugins/action/assisted_teleop_action.hpp
-- Installing: /home/asis/hokuyo_ws/src/install/nav2_behavior_tree/include//nav2_behavior_tree/plugins/action/back_up_cancel_node.hpp
-- Installing: /home/asis/hokuyo_ws/src/install/nav2_behavior_tree/include//nav2_behavior_tree/plugins/action/reinitialize_global_localization_service.hpp
-- Installing: /home/asis/hokuyo_ws/src/install/nav2_behavior_tree/include//nav2_behavior_tree/plugins/action/goal_checker_selector_node.hpp
-- Installing: /home/asis/hokuyo_ws/src/install/nav2_behavior_tree/include//nav2_behavior_tree/plugins/action/spin_action.hpp
-- Installing: /home/asis/hokuyo_ws/src/install/nav2_behavior_tree/include//nav2_behavior_tree/plugins/action/remove_passed_goals_action.hpp
-- Installing: /home/asis/hokuyo_ws/src/install/nav2_behavior_tree/include//nav2_behavior_tree/plugins/action/controller_selector_node.hpp
-- Installing: /home/asis/hokuyo_ws/src/install/nav2_behavior_tree/include//nav2_behavior_tree/plugins/action/truncate_path_local_action.hpp
-- Installing: /home/asis/hokuyo_ws/src/install/nav2_behavior_tree/include//nav2_behavior_tree/plugins/action/drive_on_heading_cancel_node.hpp
-- Installing: /home/asis/hokuyo_ws/src/install/nav2_behavior_tree/include//nav2_behavior_tree/plugins/action/controller_cancel_node.hpp
-- Installing: /home/asis/hokuyo_ws/src/install/nav2_behavior_tree/include//nav2_behavior_tree/plugins/action/compute_path_through_poses_action.hpp
-- Installing: /home/asis/hokuyo_ws/src/install/nav2_behavior_tree/include//nav2_behavior_tree/plugins/action/follow_path_action.hpp
-- Installing: /home/asis/hokuyo_ws/src/install/nav2_behavior_tree/include//nav2_behavior_tree/plugins/action/compute_path_to_pose_action.hpp
-- Installing: /home/asis/hokuyo_ws/src/install/nav2_behavior_tree/include//nav2_behavior_tree/plugins/action/clear_costmap_service.hpp
-- Installing: /home/asis/hokuyo_ws/src/install/nav2_behavior_tree/include//nav2_behavior_tree/plugins/action/navigate_through_poses_action.hpp
-- Installing: /home/asis/hokuyo_ws/src/install/nav2_behavior_tree/include//nav2_behavior_tree/plugins/action/assisted_teleop_cancel_node.hpp
-- Installing: /home/asis/hokuyo_ws/src/install/nav2_behavior_tree/include//nav2_behavior_tree/plugins/action/progress_checker_selector_node.hpp
-- Installing: /home/asis/hokuyo_ws/src/install/nav2_behavior_tree/include//nav2_behavior_tree/plugins/action/back_up_action.hpp
-- Installing: /home/asis/hokuyo_ws/src/install/nav2_behavior_tree/include//nav2_behavior_tree/plugins/action/navigate_to_pose_action.hpp
-- Installing: /home/asis/hokuyo_ws/src/install/nav2_behavior_tree/include//nav2_behavior_tree/plugins/action/spin_cancel_node.hpp
-- Installing: /home/asis/hokuyo_ws/src/install/nav2_behavior_tree/include//nav2_behavior_tree/plugins/action/wait_cancel_node.hpp
-- Installing: /home/asis/hokuyo_ws/src/install/nav2_behavior_tree/include//nav2_behavior_tree/plugins/action/wait_action.hpp
-- Installing: /home/asis/hokuyo_ws/src/install/nav2_behavior_tree/include//nav2_behavior_tree/plugins/action/smooth_path_action.hpp
-- Installing: /home/asis/hokuyo_ws/src/install/nav2_behavior_tree/include//nav2_behavior_tree/plugins/action/truncate_path_action.hpp
-- Installing: /home/asis/hokuyo_ws/src/install/nav2_behavior_tree/include//nav2_behavior_tree/plugins/action/smoother_selector_node.hpp
-- Installing: /home/asis/hokuyo_ws/src/install/nav2_behavior_tree/include//nav2_behavior_tree/plugins/decorator
-- Installing: /home/asis/hokuyo_ws/src/install/nav2_behavior_tree/include//nav2_behavior_tree/plugins/decorator/single_trigger_node.hpp
-- Installing: /home/asis/hokuyo_ws/src/install/nav2_behavior_tree/include//nav2_behavior_tree/plugins/decorator/goal_updated_controller.hpp
-- Installing: /home/asis/hokuyo_ws/src/install/nav2_behavior_tree/include//nav2_behavior_tree/plugins/decorator/goal_updater_node.hpp
-- Installing: /home/asis/hokuyo_ws/src/install/nav2_behavior_tree/include//nav2_behavior_tree/plugins/decorator/speed_controller.hpp
-- Installing: /home/asis/hokuyo_ws/src/install/nav2_behavior_tree/include//nav2_behavior_tree/plugins/decorator/rate_controller.hpp
-- Installing: /home/asis/hokuyo_ws/src/install/nav2_behavior_tree/include//nav2_behavior_tree/plugins/decorator/distance_controller.hpp
-- Installing: /home/asis/hokuyo_ws/src/install/nav2_behavior_tree/include//nav2_behavior_tree/plugins/decorator/path_longer_on_approach.hpp
-- Installing: /home/asis/hokuyo_ws/src/install/nav2_behavior_tree/include//nav2_behavior_tree/bt_action_server.hpp
-- Installing: /home/asis/hokuyo_ws/src/install/nav2_behavior_tree/include//nav2_behavior_tree/behavior_tree_engine.hpp
-- Installing: /home/asis/hokuyo_ws/src/install/nav2_behavior_tree/include//nav2_behavior_tree/bt_action_server_impl.hpp
-- Installing: /home/asis/hokuyo_ws/src/install/nav2_behavior_tree/include//nav2_behavior_tree/bt_conversions.hpp
-- Installing: /home/asis/hokuyo_ws/src/install/nav2_behavior_tree/include//nav2_behavior_tree/bt_service_node.hpp
-- Installing: /home/asis/hokuyo_ws/src/install/nav2_behavior_tree/share/nav2_behavior_tree/nav2_tree_nodes.xml
-- Installing: /home/asis/hokuyo_ws/src/install/nav2_behavior_tree/share/nav2_behavior_tree/environment/library_path.sh
-- Installing: /home/asis/hokuyo_ws/src/install/nav2_behavior_tree/share/nav2_behavior_tree/environment/library_path.dsv
-- Installing: /home/asis/hokuyo_ws/src/install/nav2_behavior_tree/share/ament_index/resource_index/package_run_dependencies/nav2_behavior_tree
-- Installing: /home/asis/hokuyo_ws/src/install/nav2_behavior_tree/share/ament_index/resource_index/parent_prefix_path/nav2_behavior_tree
-- Installing: /home/asis/hokuyo_ws/src/install/nav2_behavior_tree/share/nav2_behavior_tree/environment/ament_prefix_path.sh
-- Installing: /home/asis/hokuyo_ws/src/install/nav2_behavior_tree/share/nav2_behavior_tree/environment/ament_prefix_path.dsv
-- Installing: /home/asis/hokuyo_ws/src/install/nav2_behavior_tree/share/nav2_behavior_tree/environment/path.sh
-- Installing: /home/asis/hokuyo_ws/src/install/nav2_behavior_tree/share/nav2_behavior_tree/environment/path.dsv
-- Installing: /home/asis/hokuyo_ws/src/install/nav2_behavior_tree/share/nav2_behavior_tree/local_setup.bash
-- Installing: /home/asis/hokuyo_ws/src/install/nav2_behavior_tree/share/nav2_behavior_tree/local_setup.sh
-- Installing: /home/asis/hokuyo_ws/src/install/nav2_behavior_tree/share/nav2_behavior_tree/local_setup.zsh
-- Installing: /home/asis/hokuyo_ws/src/install/nav2_behavior_tree/share/nav2_behavior_tree/local_setup.dsv
-- Installing: /home/asis/hokuyo_ws/src/install/nav2_behavior_tree/share/nav2_behavior_tree/package.dsv
-- Installing: /home/asis/hokuyo_ws/src/install/nav2_behavior_tree/share/ament_index/resource_index/packages/nav2_behavior_tree
-- Installing: /home/asis/hokuyo_ws/src/install/nav2_behavior_tree/share/nav2_behavior_tree/cmake/ament_cmake_export_include_directories-extras.cmake
-- Installing: /home/asis/hokuyo_ws/src/install/nav2_behavior_tree/share/nav2_behavior_tree/cmake/ament_cmake_export_libraries-extras.cmake
-- Installing: /home/asis/hokuyo_ws/src/install/nav2_behavior_tree/share/nav2_behavior_tree/cmake/ament_cmake_export_dependencies-extras.cmake
-- Installing: /home/asis/hokuyo_ws/src/install/nav2_behavior_tree/share/nav2_behavior_tree/cmake/nav2_behavior_treeConfig.cmake
-- Installing: /home/asis/hokuyo_ws/src/install/nav2_behavior_tree/share/nav2_behavior_tree/cmake/nav2_behavior_treeConfig-version.cmake
-- Installing: /home/asis/hokuyo_ws/src/install/nav2_behavior_tree/share/nav2_behavior_tree/package.xml
