[0.034s] Invoking command in '/home/asis/hokuyo_ws/src/build/nav2_behavior_tree': AMENT_PREFIX_PATH=/home/asis/hokuyo_ws/src/install/nav2_util:/home/asis/hokuyo_ws/src/install/nav2_msgs:/home/asis/hokuyo_ws/src/install/nav2_common:/home/asis/hokuyo_ws/src/install/behaviortree_cpp_v3:${AMENT_PREFIX_PATH} CMAKE_PREFIX_PATH=/home/asis/hokuyo_ws/src/install/nav2_util:/home/asis/hokuyo_ws/src/install/nav2_msgs:/home/asis/hokuyo_ws/src/install/nav2_common:/home/asis/hokuyo_ws/src/install/behaviortree_cpp_v3:/home/asis/hokuyo_ws/install/urg_node2:/home/asis/hokuyo_ws/install/slam_toolbox:/opt/ros/humble LD_LIBRARY_PATH=/home/asis/hokuyo_ws/src/install/nav2_util/lib:/home/asis/hokuyo_ws/src/install/nav2_msgs/lib:/home/asis/hokuyo_ws/src/install/behaviortree_cpp_v3/lib:${LD_LIBRARY_PATH} PATH=/home/asis/hokuyo_ws/src/install/behaviortree_cpp_v3/bin:${PATH} PYTHONPATH=/home/asis/hokuyo_ws/src/install/nav2_msgs/local/lib/python3.10/dist-packages:/home/asis/hokuyo_ws/src/install/nav2_common/local/lib/python3.10/dist-packages:${PYTHONPATH} /usr/bin/cmake /home/asis/hokuyo_ws/src/navigation2/nav2_behavior_tree -DCMAKE_INSTALL_PREFIX=/home/asis/hokuyo_ws/src/install/nav2_behavior_tree
[0.139s] -- The CXX compiler identification is GNU 11.4.0
[0.155s] -- Detecting CXX compiler ABI info
[0.306s] -- Detecting CXX compiler ABI info - done
[0.344s] -- Check for working CXX compiler: /usr/bin/c++ - skipped
[0.345s] -- Detecting CXX compile features
[0.346s] -- Detecting CXX compile features - done
[0.351s] -- Found ament_cmake: 1.3.9 (/opt/ros/humble/share/ament_cmake/cmake)
[0.616s] -- Found Python3: /usr/bin/python3 (found version "3.10.12") found components: Interpreter 
[0.772s] -- Found nav2_common: 1.1.15 (/home/asis/hokuyo_ws/src/install/nav2_common/share/nav2_common/cmake)
[0.772s] -- Found rclcpp: 16.0.9 (/opt/ros/humble/share/rclcpp/cmake)
[0.839s] -- Found rosidl_generator_c: 3.1.5 (/opt/ros/humble/share/rosidl_generator_c/cmake)
[0.849s] -- Found rosidl_adapter: 3.1.5 (/opt/ros/humble/share/rosidl_adapter/cmake)
[0.879s] -- Found rosidl_generator_cpp: 3.1.5 (/opt/ros/humble/share/rosidl_generator_cpp/cmake)
[0.891s] -- Using all available rosidl_typesupport_c: rosidl_typesupport_fastrtps_c;rosidl_typesupport_introspection_c
[0.926s] -- Using all available rosidl_typesupport_cpp: rosidl_typesupport_fastrtps_cpp;rosidl_typesupport_introspection_cpp
[1.030s] -- Found rmw_implementation_cmake: 6.1.2 (/opt/ros/humble/share/rmw_implementation_cmake/cmake)
[1.035s] -- Found rmw_fastrtps_cpp: 6.2.6 (/opt/ros/humble/share/rmw_fastrtps_cpp/cmake)
[1.174s] -- Found OpenSSL: /usr/lib/x86_64-linux-gnu/libcrypto.so (found version "3.0.2")  
[1.208s] -- Found FastRTPS: /opt/ros/humble/include  
[1.280s] -- Using RMW implementation 'rmw_fastrtps_cpp' as default
[1.298s] -- Looking for C++ include pthread.h
[1.444s] -- Looking for C++ include pthread.h - found
[1.449s] -- Performing Test CMAKE_HAVE_LIBC_PTHREAD
[1.578s] -- Performing Test CMAKE_HAVE_LIBC_PTHREAD - Success
[1.579s] -- Found Threads: TRUE  
[1.852s] -- Found rclcpp_action: 16.0.9 (/opt/ros/humble/share/rclcpp_action/cmake)
[2.112s] -- Found rclcpp_lifecycle: 16.0.9 (/opt/ros/humble/share/rclcpp_lifecycle/cmake)
[2.169s] -- Found geometry_msgs: 4.2.3 (/opt/ros/humble/share/geometry_msgs/cmake)
[2.243s] -- Found sensor_msgs: 4.2.3 (/opt/ros/humble/share/sensor_msgs/cmake)
[2.402s] -- Found nav2_msgs: 1.1.15 (/home/asis/hokuyo_ws/src/install/nav2_msgs/share/nav2_msgs/cmake)
[2.911s] -- Found tf2_ros: 0.25.6 (/opt/ros/humble/share/tf2_ros/cmake)
[3.344s] -- Found tf2_geometry_msgs: 0.25.6 (/opt/ros/humble/share/tf2_geometry_msgs/cmake)
[3.368s] -- Found eigen3_cmake_module: 0.1.1 (/opt/ros/humble/share/eigen3_cmake_module/cmake)
[3.369s] -- Found Eigen3: TRUE (found version "3.4.0") 
[3.369s] -- Ensuring Eigen3 include directory is part of orocos-kdl CMake target
[3.388s] -- Found std_srvs: 4.2.3 (/opt/ros/humble/share/std_srvs/cmake)
[3.420s] -- Found nav2_util: 1.1.15 (/home/asis/hokuyo_ws/src/install/nav2_util/share/nav2_util/cmake)
[3.786s] -- Setting build type to Release as none was specified.
[60.215s] -- Found ament_lint_auto: 0.12.11 (/opt/ros/humble/share/ament_lint_auto/cmake)
[60.394s] -- Found gtest sources under '/opt/ros/humble/src/gtest_vendor': C++ tests using 'Google Test' will be built
[60.439s] -- The C compiler identification is GNU 11.4.0
[60.450s] -- Detecting C compiler ABI info
[60.551s] -- Detecting C compiler ABI info - done
[60.564s] -- Check for working C compiler: /usr/bin/cc - skipped
[60.564s] -- Detecting C compile features
[60.565s] -- Detecting C compile features - done
[96.927s] -- Added test 'copyright' to check source files copyright and LICENSE
[96.937s] -- Added test 'cppcheck' to perform static code analysis on C / C++ code
[96.956s] -- Configured cppcheck include dirs: /home/asis/hokuyo_ws/src/navigation2/nav2_behavior_tree/include
[96.956s] -- Configured cppcheck exclude dirs and/or files: 
[96.968s] -- Added test 'cpplint' to check C / C++ code against the Google style
[96.969s] -- Configured cpplint exclude dirs and/or files: 
[96.974s] -- Added test 'lint_cmake' to check CMake code style
[96.988s] -- Added test 'uncrustify' to check C / C++ code style
[96.988s] -- Configured uncrustify additional arguments: 
[96.990s] -- Added test 'xmllint' to check XML markup files
[96.996s] -- Configuring done
[100.728s] -- Generating done
[100.739s] -- Build files have been written to: /home/asis/hokuyo_ws/src/build/nav2_behavior_tree
[100.771s] Invoked command in '/home/asis/hokuyo_ws/src/build/nav2_behavior_tree' returned '0': AMENT_PREFIX_PATH=/home/asis/hokuyo_ws/src/install/nav2_util:/home/asis/hokuyo_ws/src/install/nav2_msgs:/home/asis/hokuyo_ws/src/install/nav2_common:/home/asis/hokuyo_ws/src/install/behaviortree_cpp_v3:${AMENT_PREFIX_PATH} CMAKE_PREFIX_PATH=/home/asis/hokuyo_ws/src/install/nav2_util:/home/asis/hokuyo_ws/src/install/nav2_msgs:/home/asis/hokuyo_ws/src/install/nav2_common:/home/asis/hokuyo_ws/src/install/behaviortree_cpp_v3:/home/asis/hokuyo_ws/install/urg_node2:/home/asis/hokuyo_ws/install/slam_toolbox:/opt/ros/humble LD_LIBRARY_PATH=/home/asis/hokuyo_ws/src/install/nav2_util/lib:/home/asis/hokuyo_ws/src/install/nav2_msgs/lib:/home/asis/hokuyo_ws/src/install/behaviortree_cpp_v3/lib:${LD_LIBRARY_PATH} PATH=/home/asis/hokuyo_ws/src/install/behaviortree_cpp_v3/bin:${PATH} PYTHONPATH=/home/asis/hokuyo_ws/src/install/nav2_msgs/local/lib/python3.10/dist-packages:/home/asis/hokuyo_ws/src/install/nav2_common/local/lib/python3.10/dist-packages:${PYTHONPATH} /usr/bin/cmake /home/asis/hokuyo_ws/src/navigation2/nav2_behavior_tree -DCMAKE_INSTALL_PREFIX=/home/asis/hokuyo_ws/src/install/nav2_behavior_tree
[100.777s] Invoking command in '/home/asis/hokuyo_ws/src/build/nav2_behavior_tree': AMENT_PREFIX_PATH=/home/asis/hokuyo_ws/src/install/nav2_util:/home/asis/hokuyo_ws/src/install/nav2_msgs:/home/asis/hokuyo_ws/src/install/nav2_common:/home/asis/hokuyo_ws/src/install/behaviortree_cpp_v3:${AMENT_PREFIX_PATH} CMAKE_PREFIX_PATH=/home/asis/hokuyo_ws/src/install/nav2_util:/home/asis/hokuyo_ws/src/install/nav2_msgs:/home/asis/hokuyo_ws/src/install/nav2_common:/home/asis/hokuyo_ws/src/install/behaviortree_cpp_v3:/home/asis/hokuyo_ws/install/urg_node2:/home/asis/hokuyo_ws/install/slam_toolbox:/opt/ros/humble LD_LIBRARY_PATH=/home/asis/hokuyo_ws/src/install/nav2_util/lib:/home/asis/hokuyo_ws/src/install/nav2_msgs/lib:/home/asis/hokuyo_ws/src/install/behaviortree_cpp_v3/lib:${LD_LIBRARY_PATH} PATH=/home/asis/hokuyo_ws/src/install/behaviortree_cpp_v3/bin:${PATH} PYTHONPATH=/home/asis/hokuyo_ws/src/install/nav2_msgs/local/lib/python3.10/dist-packages:/home/asis/hokuyo_ws/src/install/nav2_common/local/lib/python3.10/dist-packages:${PYTHONPATH} /usr/bin/cmake --build /home/asis/hokuyo_ws/src/build/nav2_behavior_tree -- -j8 -l8
[100.844s] [  1%] [32mBuilding CXX object CMakeFiles/nav2_compute_path_to_pose_action_bt_node.dir/plugins/action/compute_path_to_pose_action.cpp.o[0m
[100.847s] [  3%] [32mBuilding CXX object CMakeFiles/nav2_behavior_tree.dir/src/behavior_tree_engine.cpp.o[0m
[100.847s] [  3%] [32mBuilding CXX object CMakeFiles/nav2_compute_path_through_poses_action_bt_node.dir/plugins/action/compute_path_through_poses_action.cpp.o[0m
[101.868s] [  5%] [32mBuilding CXX object CMakeFiles/nav2_assisted_teleop_cancel_bt_node.dir/plugins/action/assisted_teleop_cancel_node.cpp.o[0m
[101.869s] [  5%] [32mBuilding CXX object CMakeFiles/nav2_back_up_cancel_bt_node.dir/plugins/action/back_up_cancel_node.cpp.o[0m
[102.908s] [  6%] [32mBuilding CXX object CMakeFiles/nav2_spin_cancel_bt_node.dir/plugins/action/spin_cancel_node.cpp.o[0m
[104.042s] [  7%] [32mBuilding CXX object CMakeFiles/nav2_wait_cancel_bt_node.dir/plugins/action/wait_cancel_node.cpp.o[0m
[104.055s] [  8%] [32mBuilding CXX object CMakeFiles/nav2_controller_cancel_bt_node.dir/plugins/action/controller_cancel_node.cpp.o[0m
[107.394s] [  8%] [32m[1mLinking CXX shared library libnav2_behavior_tree.so[0m
[108.183s] [  8%] Built target nav2_behavior_tree
[111.863s] [  8%] [32m[1mLinking CXX shared library libnav2_assisted_teleop_cancel_bt_node.so[0m
[112.863s] [  8%] Built target nav2_assisted_teleop_cancel_bt_node
[112.918s] [  8%] [32m[1mLinking CXX shared library libnav2_back_up_cancel_bt_node.so[0m
[113.972s] [  8%] Built target nav2_back_up_cancel_bt_node
[114.040s] [  8%] [32m[1mLinking CXX shared library libnav2_spin_cancel_bt_node.so[0m
[114.103s] [  8%] [32m[1mLinking CXX shared library libnav2_compute_path_to_pose_action_bt_node.so[0m
[114.492s] [  8%] [32m[1mLinking CXX shared library libnav2_compute_path_through_poses_action_bt_node.so[0m
[115.184s] [  8%] [32m[1mLinking CXX shared library libnav2_wait_cancel_bt_node.so[0m
[115.207s] [  8%] Built target nav2_compute_path_to_pose_action_bt_node
[115.207s] [  8%] Built target nav2_spin_cancel_bt_node
[115.493s] [  8%] Built target nav2_compute_path_through_poses_action_bt_node
[115.644s] [  8%] Built target nav2_wait_cancel_bt_node
[115.671s] [  8%] [32m[1mLinking CXX shared library libnav2_controller_cancel_bt_node.so[0m
[115.996s] [  8%] Built target nav2_controller_cancel_bt_node
[116.018s] [  9%] [32mBuilding CXX object CMakeFiles/nav2_wait_action_bt_node.dir/plugins/action/wait_action.cpp.o[0m
[123.046s] [ 10%] [32mBuilding CXX object CMakeFiles/nav2_assisted_teleop_action_bt_node.dir/plugins/action/assisted_teleop_action.cpp.o[0m
[123.457s] [ 10%] [32m[1mLinking CXX shared library libnav2_wait_action_bt_node.so[0m
[123.858s] [ 10%] Built target nav2_wait_action_bt_node
[123.871s] [ 11%] [32mBuilding CXX object CMakeFiles/nav2_spin_action_bt_node.dir/plugins/action/spin_action.cpp.o[0m
[123.879s] [ 12%] [32mBuilding CXX object CMakeFiles/nav2_drive_on_heading_bt_node.dir/plugins/action/drive_on_heading_action.cpp.o[0m
[124.899s] [ 13%] [32mBuilding CXX object CMakeFiles/nav2_clear_costmap_service_bt_node.dir/plugins/action/clear_costmap_service.cpp.o[0m
[126.009s] [ 14%] [32mBuilding CXX object CMakeFiles/nav2_back_up_action_bt_node.dir/plugins/action/back_up_action.cpp.o[0m
[127.089s] [ 15%] [32mBuilding CXX object CMakeFiles/nav2_follow_path_action_bt_node.dir/plugins/action/follow_path_action.cpp.o[0m
[136.475s] [ 15%] [32m[1mLinking CXX shared library libnav2_drive_on_heading_bt_node.so[0m
[136.824s] [ 15%] [32m[1mLinking CXX shared library libnav2_assisted_teleop_action_bt_node.so[0m
[137.283s] [ 15%] [32m[1mLinking CXX shared library libnav2_spin_action_bt_node.so[0m
[137.569s] [ 15%] Built target nav2_drive_on_heading_bt_node
[137.996s] [ 15%] Built target nav2_assisted_teleop_action_bt_node
[138.201s] [ 15%] Built target nav2_spin_action_bt_node
[138.818s] [ 15%] [32m[1mLinking CXX shared library libnav2_back_up_action_bt_node.so[0m
[138.954s] [ 15%] [32m[1mLinking CXX shared library libnav2_clear_costmap_service_bt_node.so[0m
[139.396s] [ 15%] Built target nav2_back_up_action_bt_node
[139.518s] [ 15%] Built target nav2_clear_costmap_service_bt_node
[140.160s] [ 15%] [32m[1mLinking CXX shared library libnav2_follow_path_action_bt_node.so[0m
[140.475s] [ 15%] Built target nav2_follow_path_action_bt_node
[140.497s] [ 15%] [32mBuilding CXX object CMakeFiles/nav2_goal_updated_condition_bt_node.dir/plugins/condition/goal_updated_condition.cpp.o[0m
[142.207s] [ 16%] [32m[1mLinking CXX shared library libnav2_goal_updated_condition_bt_node.so[0m
[142.482s] [ 16%] Built target nav2_goal_updated_condition_bt_node
[142.504s] [ 16%] [32mBuilding CXX object CMakeFiles/nav2_is_path_valid_condition_bt_node.dir/plugins/condition/is_path_valid_condition.cpp.o[0m
[147.281s] [ 17%] [32m[1mLinking CXX shared library libnav2_is_path_valid_condition_bt_node.so[0m
[147.525s] [ 18%] [32mBuilding CXX object CMakeFiles/nav2_time_expired_condition_bt_node.dir/plugins/condition/time_expired_condition.cpp.o[0m
[147.533s] [ 18%] [32mBuilding CXX object CMakeFiles/nav2_globally_updated_goal_condition_bt_node.dir/plugins/condition/globally_updated_goal_condition.cpp.o[0m
[147.685s] [ 18%] Built target nav2_is_path_valid_condition_bt_node
[147.707s] [ 18%] [32mBuilding CXX object CMakeFiles/nav2_goal_reached_condition_bt_node.dir/plugins/condition/goal_reached_condition.cpp.o[0m
[147.717s] [ 19%] [32mBuilding CXX object CMakeFiles/nav2_transform_available_condition_bt_node.dir/plugins/condition/transform_available_condition.cpp.o[0m
[148.824s] [ 19%] [32mBuilding CXX object CMakeFiles/nav2_path_expiring_timer_condition.dir/plugins/condition/path_expiring_timer_condition.cpp.o[0m
[148.848s] [ 19%] [32mBuilding CXX object CMakeFiles/nav2_is_stuck_condition_bt_node.dir/plugins/condition/is_stuck_condition.cpp.o[0m
[149.935s] [ 20%] [32mBuilding CXX object CMakeFiles/nav2_smooth_path_action_bt_node.dir/plugins/action/smooth_path_action.cpp.o[0m
[151.015s] [ 21%] [32mBuilding CXX object CMakeFiles/nav2_drive_on_heading_cancel_bt_node.dir/plugins/action/drive_on_heading_cancel_node.cpp.o[0m
[156.415s] [ 21%] [32m[1mLinking CXX shared library libnav2_time_expired_condition_bt_node.so[0m
[157.594s] [ 21%] [32m[1mLinking CXX shared library libnav2_transform_available_condition_bt_node.so[0m
[157.964s] [ 22%] [32m[1mLinking CXX shared library libnav2_globally_updated_goal_condition_bt_node.so[0m
[157.994s] [ 22%] Built target nav2_time_expired_condition_bt_node
[158.892s] [ 22%] Built target nav2_transform_available_condition_bt_node
[159.143s] [ 22%] Built target nav2_globally_updated_goal_condition_bt_node
[159.351s] [ 23%] [32m[1mLinking CXX shared library libnav2_goal_reached_condition_bt_node.so[0m
[160.250s] [ 23%] Built target nav2_goal_reached_condition_bt_node
[160.515s] [ 24%] [32m[1mLinking CXX shared library libnav2_path_expiring_timer_condition.so[0m
[161.188s] [ 24%] Built target nav2_path_expiring_timer_condition
[162.472s] [ 24%] [32m[1mLinking CXX shared library libnav2_drive_on_heading_cancel_bt_node.so[0m
[162.869s] [ 24%] Built target nav2_drive_on_heading_cancel_bt_node
[164.835s] [ 24%] [32m[1mLinking CXX shared library libnav2_smooth_path_action_bt_node.so[0m
[165.199s] [ 24%] Built target nav2_smooth_path_action_bt_node
[167.006s] [ 25%] [32m[1mLinking CXX shared library libnav2_is_stuck_condition_bt_node.so[0m
[167.225s] [ 26%] [32mBuilding CXX object CMakeFiles/nav2_distance_controller_bt_node.dir/plugins/decorator/distance_controller.cpp.o[0m
[167.351s] [ 26%] Built target nav2_is_stuck_condition_bt_node
[167.375s] [ 27%] [32mBuilding CXX object CMakeFiles/nav2_rate_controller_bt_node.dir/plugins/decorator/rate_controller.cpp.o[0m
[168.398s] [ 28%] [32mBuilding CXX object CMakeFiles/nav2_speed_controller_bt_node.dir/plugins/decorator/speed_controller.cpp.o[0m
[169.416s] [ 29%] [32mBuilding CXX object CMakeFiles/nav2_reinitialize_global_localization_service_bt_node.dir/plugins/action/reinitialize_global_localization_service.cpp.o[0m
[169.778s] [ 29%] [32m[1mLinking CXX shared library libnav2_rate_controller_bt_node.so[0m
[170.450s] [ 29%] Built target nav2_rate_controller_bt_node
[170.471s] [ 29%] [32mBuilding CXX object CMakeFiles/nav2_is_battery_low_condition_bt_node.dir/plugins/condition/is_battery_low_condition.cpp.o[0m
[170.550s] [ 29%] [32mBuilding CXX object CMakeFiles/nav2_is_battery_charging_condition_bt_node.dir/plugins/condition/is_battery_charging_condition.cpp.o[0m
[171.645s] [ 30%] [32mBuilding CXX object CMakeFiles/nav2_truncate_path_action_bt_node.dir/plugins/action/truncate_path_action.cpp.o[0m
[175.790s] [ 30%] [32m[1mLinking CXX shared library libnav2_distance_controller_bt_node.so[0m
[176.715s] [ 30%] Built target nav2_distance_controller_bt_node
[178.074s] [ 30%] [32m[1mLinking CXX shared library libnav2_speed_controller_bt_node.so[0m
[178.761s] [ 30%] Built target nav2_speed_controller_bt_node
[178.889s] [ 30%] [32m[1mLinking CXX shared library libnav2_reinitialize_global_localization_service_bt_node.so[0m
[179.385s] [ 30%] Built target nav2_reinitialize_global_localization_service_bt_node
[179.463s] [ 30%] [32m[1mLinking CXX shared library libnav2_truncate_path_action_bt_node.so[0m
[179.782s] [ 30%] Built target nav2_truncate_path_action_bt_node
[182.816s] [ 31%] [32mBuilding CXX object CMakeFiles/nav2_recovery_node_bt_node.dir/plugins/control/recovery_node.cpp.o[0m
[183.903s] [ 31%] [32mBuilding CXX object CMakeFiles/nav2_path_longer_on_approach_bt_node.dir/plugins/decorator/path_longer_on_approach.cpp.o[0m
[184.999s] [ 31%] [32mBuilding CXX object CMakeFiles/nav2_goal_updater_node_bt_node.dir/plugins/decorator/goal_updater_node.cpp.o[0m
[185.877s] [ 31%] [32m[1mLinking CXX shared library libnav2_recovery_node_bt_node.so[0m
[186.112s] [ 32%] [32mBuilding CXX object CMakeFiles/nav2_truncate_path_local_action_bt_node.dir/plugins/action/truncate_path_local_action.cpp.o[0m
[187.027s] [ 32%] Built target nav2_recovery_node_bt_node
[187.123s] [ 32%] [32mBuilding CXX object CMakeFiles/nav2_initial_pose_received_condition_bt_node.dir/plugins/condition/initial_pose_received_condition.cpp.o[0m
[187.160s] [ 33%] [32mBuilding CXX object CMakeFiles/nav2_distance_traveled_condition_bt_node.dir/plugins/condition/distance_traveled_condition.cpp.o[0m
[187.953s] [ 34%] [32m[1mLinking CXX shared library libnav2_is_battery_charging_condition_bt_node.so[0m
[190.044s] [ 34%] Built target nav2_is_battery_charging_condition_bt_node
[190.359s] [ 35%] [32m[1mLinking CXX shared library libnav2_is_battery_low_condition_bt_node.so[0m
[191.761s] [ 35%] Built target nav2_is_battery_low_condition_bt_node
[191.944s] [ 36%] [32m[1mLinking CXX shared library libnav2_initial_pose_received_condition_bt_node.so[0m
[192.903s] [ 36%] Built target nav2_initial_pose_received_condition_bt_node
[197.295s] [ 37%] [32m[1mLinking CXX shared library libnav2_path_longer_on_approach_bt_node.so[0m
[198.347s] [ 37%] Built target nav2_path_longer_on_approach_bt_node
[199.088s] [ 37%] [32m[1mLinking CXX shared library libnav2_truncate_path_local_action_bt_node.so[0m
[199.881s] [ 37%] [32m[1mLinking CXX shared library libnav2_distance_traveled_condition_bt_node.so[0m
[200.193s] [ 37%] Built target nav2_truncate_path_local_action_bt_node
[200.930s] [ 37%] Built target nav2_distance_traveled_condition_bt_node
[205.408s] [ 38%] [32m[1mLinking CXX shared library libnav2_goal_updater_node_bt_node.so[0m
[205.822s] [ 38%] Built target nav2_goal_updater_node_bt_node
[205.845s] [ 38%] [32mBuilding CXX object CMakeFiles/nav2_planner_selector_bt_node.dir/plugins/action/planner_selector_node.cpp.o[0m
[216.467s] [ 39%] [32m[1mLinking CXX shared library libnav2_planner_selector_bt_node.so[0m
[216.824s] [ 39%] Built target nav2_planner_selector_bt_node
[216.846s] [ 40%] [32mBuilding CXX object CMakeFiles/nav2_controller_selector_bt_node.dir/plugins/action/controller_selector_node.cpp.o[0m
[217.866s] [ 41%] [32mBuilding CXX object CMakeFiles/nav2_smoother_selector_bt_node.dir/plugins/action/smoother_selector_node.cpp.o[0m
[218.883s] [ 42%] [32mBuilding CXX object CMakeFiles/nav2_single_trigger_bt_node.dir/plugins/decorator/single_trigger_node.cpp.o[0m
[219.980s] [ 43%] [32mBuilding CXX object CMakeFiles/nav2_round_robin_node_bt_node.dir/plugins/control/round_robin_node.cpp.o[0m
[221.010s] [ 43%] [32mBuilding CXX object CMakeFiles/nav2_pipeline_sequence_bt_node.dir/plugins/control/pipeline_sequence.cpp.o[0m
[221.047s] [ 43%] [32m[1mLinking CXX shared library libnav2_single_trigger_bt_node.so[0m
[222.128s] [ 44%] [32mBuilding CXX object CMakeFiles/nav2_remove_passed_goals_action_bt_node.dir/plugins/action/remove_passed_goals_action.cpp.o[0m
[222.288s] [ 44%] Built target nav2_single_trigger_bt_node
[223.383s] [ 44%] [32m[1mLinking CXX shared library libnav2_round_robin_node_bt_node.so[0m
[223.806s] [ 45%] [32m[1mLinking CXX shared library libnav2_pipeline_sequence_bt_node.so[0m
[224.310s] [ 45%] Built target nav2_round_robin_node_bt_node
[224.686s] [ 45%] Built target nav2_pipeline_sequence_bt_node
[230.622s] [ 45%] [32m[1mLinking CXX shared library libnav2_remove_passed_goals_action_bt_node.so[0m
[231.218s] [ 45%] Built target nav2_remove_passed_goals_action_bt_node
[231.732s] [ 45%] [32m[1mLinking CXX shared library libnav2_controller_selector_bt_node.so[0m
[232.085s] [ 45%] Built target nav2_controller_selector_bt_node
[233.086s] [ 45%] [32m[1mLinking CXX shared library libnav2_smoother_selector_bt_node.so[0m
[233.414s] [ 45%] Built target nav2_smoother_selector_bt_node
[233.436s] [ 46%] [32mBuilding CXX object gtest/CMakeFiles/gtest_main.dir/src/gtest_main.cc.o[0m
[233.438s] [ 46%] [32mBuilding CXX object CMakeFiles/nav2_goal_updated_controller_bt_node.dir/plugins/decorator/goal_updated_controller.cpp.o[0m
[233.442s] [ 46%] [32mBuilding CXX object gtest/CMakeFiles/gtest.dir/src/gtest-all.cc.o[0m
[234.350s] [ 46%] [32m[1mLinking CXX static library libgtest_main.a[0m
[234.387s] [ 46%] Built target gtest_main
[234.414s] [ 46%] [32mBuilding CXX object CMakeFiles/nav2_progress_checker_selector_bt_node.dir/plugins/action/progress_checker_selector_node.cpp.o[0m
[234.419s] [ 46%] [32mBuilding CXX object CMakeFiles/nav2_goal_checker_selector_bt_node.dir/plugins/action/goal_checker_selector_node.cpp.o[0m
[242.557s] [ 47%] [32m[1mLinking CXX shared library libnav2_goal_updated_controller_bt_node.so[0m
[243.363s] [ 47%] Built target nav2_goal_updated_controller_bt_node
[249.319s] [ 47%] [32m[1mLinking CXX static library libgtest.a[0m
[249.568s] [ 47%] Built target gtest
[256.708s] [ 47%] [32m[1mLinking CXX shared library libnav2_progress_checker_selector_bt_node.so[0m
[257.076s] [ 48%] [32m[1mLinking CXX shared library libnav2_goal_checker_selector_bt_node.so[0m
[257.729s] [ 48%] Built target nav2_progress_checker_selector_bt_node
[257.979s] [ 48%] Built target nav2_goal_checker_selector_bt_node
[258.009s] [ 49%] [32mBuilding CXX object test/plugins/condition/CMakeFiles/test_condition_goal_reached.dir/test_goal_reached.cpp.o[0m
[265.812s] [ 49%] [32m[1mLinking CXX executable test_condition_goal_reached[0m
[266.210s] [ 49%] Built target test_condition_goal_reached
[266.231s] [ 50%] [32mBuilding CXX object test/plugins/condition/CMakeFiles/test_condition_goal_updated.dir/test_goal_updated.cpp.o[0m
[273.028s] [ 50%] [32m[1mLinking CXX executable test_condition_goal_updated[0m
[273.261s] [ 51%] [32mBuilding CXX object test/plugins/condition/CMakeFiles/test_condition_globally_updated_goal.dir/test_globally_updated_goal.cpp.o[0m
[273.262s] [ 52%] [32mBuilding CXX object test/plugins/condition/CMakeFiles/test_condition_path_expiring_timer.dir/test_path_expiring_timer.cpp.o[0m
[273.432s] [ 52%] Built target test_condition_goal_updated
[273.455s] [ 53%] [32mBuilding CXX object test/plugins/condition/CMakeFiles/test_condition_time_expired.dir/test_time_expired.cpp.o[0m
[274.478s] [ 54%] [32mBuilding CXX object test/plugins/condition/CMakeFiles/test_condition_initial_pose_received.dir/test_initial_pose_received.cpp.o[0m
[275.587s] [ 55%] [32mBuilding CXX object test/plugins/condition/CMakeFiles/test_condition_distance_traveled.dir/test_distance_traveled.cpp.o[0m
[275.626s] [ 56%] [32mBuilding CXX object test/CMakeFiles/test_bt_conversions.dir/test_bt_conversions.cpp.o[0m
[276.683s] [ 56%] [32mBuilding CXX object CMakeFiles/nav2_navigate_through_poses_action_bt_node.dir/plugins/action/navigate_through_poses_action.cpp.o[0m
[276.755s] [ 56%] [32mBuilding CXX object CMakeFiles/nav2_navigate_to_pose_action_bt_node.dir/plugins/action/navigate_to_pose_action.cpp.o[0m
[286.475s] [ 56%] [32m[1mLinking CXX executable test_bt_conversions[0m
[288.076s] [ 56%] Built target test_bt_conversions
[289.413s] [ 56%] [32m[1mLinking CXX executable test_condition_path_expiring_timer[0m
[289.428s] [ 56%] [32m[1mLinking CXX executable test_condition_time_expired[0m
[289.890s] [ 56%] [32m[1mLinking CXX executable test_condition_globally_updated_goal[0m
[291.279s] [ 56%] [32m[1mLinking CXX executable test_condition_initial_pose_received[0m
[291.554s] [ 56%] Built target test_condition_time_expired
[291.599s] [ 56%] Built target test_condition_path_expiring_timer
[292.106s] [ 56%] Built target test_condition_globally_updated_goal
[292.647s] [ 56%] Built target test_condition_initial_pose_received
[292.676s] [ 57%] [32m[1mLinking CXX shared library libnav2_navigate_through_poses_action_bt_node.so[0m
[293.062s] [ 58%] [32m[1mLinking CXX shared library libnav2_navigate_to_pose_action_bt_node.so[0m
[293.452s] [ 58%] Built target nav2_navigate_through_poses_action_bt_node
[293.771s] [ 58%] [32m[1mLinking CXX executable test_condition_distance_traveled[0m
[293.790s] [ 58%] Built target nav2_navigate_to_pose_action_bt_node
[294.537s] [ 58%] Built target test_condition_distance_traveled
[294.570s] [ 58%] [32mBuilding CXX object test/plugins/decorator/CMakeFiles/test_decorator_speed_controller.dir/test_speed_controller.cpp.o[0m
[302.585s] [ 58%] [32mBuilding CXX object test/plugins/decorator/CMakeFiles/test_decorator_rate_controller.dir/test_rate_controller.cpp.o[0m
[303.606s] [ 58%] [32mBuilding CXX object test/plugins/decorator/CMakeFiles/test_decorator_distance_controller.dir/test_distance_controller.cpp.o[0m
[304.624s] [ 59%] [32mBuilding CXX object test/plugins/condition/CMakeFiles/test_condition_is_path_valid.dir/test_is_path_valid.cpp.o[0m
[305.087s] [ 60%] [32m[1mLinking CXX executable test_decorator_speed_controller[0m
[305.639s] [ 61%] [32mBuilding CXX object test/plugins/condition/CMakeFiles/test_condition_is_battery_low.dir/test_is_battery_low.cpp.o[0m
[305.921s] [ 61%] Built target test_decorator_speed_controller
[305.941s] [ 62%] [32mBuilding CXX object test/plugins/condition/CMakeFiles/test_condition_is_battery_charging.dir/test_is_battery_charging.cpp.o[0m
[305.969s] [ 63%] [32mBuilding CXX object test/plugins/condition/CMakeFiles/test_condition_is_stuck.dir/test_is_stuck.cpp.o[0m
[307.075s] [ 63%] [32mBuilding CXX object test/plugins/decorator/CMakeFiles/test_goal_updater_node.dir/test_goal_updater_node.cpp.o[0m
[315.252s] [ 64%] [32m[1mLinking CXX executable test_decorator_rate_controller[0m
[316.836s] [ 64%] Built target test_decorator_rate_controller
[317.935s] [ 64%] [32m[1mLinking CXX executable test_condition_is_path_valid[0m
[318.158s] [ 65%] [32m[1mLinking CXX executable test_decorator_distance_controller[0m
[319.355s] [ 65%] Built target test_condition_is_path_valid
[319.749s] [ 65%] Built target test_decorator_distance_controller
[320.243s] [ 65%] [32m[1mLinking CXX executable test_condition_is_battery_charging[0m
[321.175s] [ 65%] Built target test_condition_is_battery_charging
[321.612s] [ 65%] [32m[1mLinking CXX executable test_condition_is_battery_low[0m
[322.157s] [ 65%] Built target test_condition_is_battery_low
[322.616s] [ 66%] [32m[1mLinking CXX executable test_goal_updater_node[0m
[323.060s] [ 66%] Built target test_goal_updater_node
[323.105s] [ 66%] [32m[1mLinking CXX executable test_condition_is_stuck[0m
[323.576s] [ 66%] Built target test_condition_is_stuck
[323.598s] [ 66%] [32mBuilding CXX object test/plugins/control/CMakeFiles/test_control_round_robin_node.dir/test_round_robin_node.cpp.o[0m
[327.627s] [ 67%] [32mBuilding CXX object test/plugins/action/CMakeFiles/test_bt_action_node.dir/test_bt_action_node.cpp.o[0m
[328.647s] [ 68%] [32mBuilding CXX object test/plugins/control/CMakeFiles/test_control_pipeline_sequence.dir/test_pipeline_sequence.cpp.o[0m
[328.675s] [ 68%] [32mBuilding CXX object test/plugins/control/CMakeFiles/test_control_recovery_node.dir/test_recovery_node.cpp.o[0m
[329.808s] [ 68%] [32mBuilding CXX object test/plugins/decorator/CMakeFiles/test_decorator_path_longer_on_approach.dir/test_path_longer_on_approach.cpp.o[0m
[330.904s] [ 68%] [32mBuilding CXX object test/plugins/decorator/CMakeFiles/test_goal_updated_controller.dir/test_goal_updated_controller.cpp.o[0m
[331.980s] [ 68%] [32mBuilding CXX object test/plugins/decorator/CMakeFiles/test_single_trigger_node.dir/test_single_trigger_node.cpp.o[0m
[332.524s] [ 69%] [32m[1mLinking CXX executable test_control_round_robin_node[0m
[334.049s] [ 69%] Built target test_control_round_robin_node
[343.041s] [ 69%] [32m[1mLinking CXX executable test_control_pipeline_sequence[0m
[343.218s] [ 70%] [32m[1mLinking CXX executable test_decorator_path_longer_on_approach[0m
[344.558s] [ 70%] Built target test_decorator_path_longer_on_approach
[344.934s] [ 70%] Built target test_control_pipeline_sequence
[345.538s] [ 71%] [32m[1mLinking CXX executable test_control_recovery_node[0m
[346.675s] [ 71%] Built target test_control_recovery_node
[346.914s] [ 71%] [32m[1mLinking CXX executable test_bt_action_node[0m
[346.972s] [ 72%] [32m[1mLinking CXX executable test_goal_updated_controller[0m
[347.532s] [ 73%] [32m[1mLinking CXX executable test_single_trigger_node[0m
[348.419s] [ 73%] Built target test_goal_updated_controller
[348.467s] [ 73%] Built target test_bt_action_node
[348.787s] [ 73%] Built target test_single_trigger_node
[348.819s] [ 73%] [32mBuilding CXX object test/plugins/action/CMakeFiles/test_action_controller_cancel_action.dir/test_controller_cancel_node.cpp.o[0m
[357.843s] [ 74%] [32mBuilding CXX object test/plugins/action/CMakeFiles/test_action_wait_cancel_action.dir/test_wait_cancel_node.cpp.o[0m
[357.843s] [ 74%] [32mBuilding CXX object test/plugins/action/CMakeFiles/test_action_assisted_teleop_action.dir/test_assisted_teleop_action.cpp.o[0m
[358.715s] [ 75%] [32m[1mLinking CXX executable test_action_controller_cancel_action[0m
[358.956s] [ 76%] [32mBuilding CXX object test/plugins/action/CMakeFiles/test_action_wait_action.dir/test_wait_action.cpp.o[0m
[358.987s] [ 76%] [32mBuilding CXX object test/plugins/action/CMakeFiles/test_action_drive_on_heading.dir/test_drive_on_heading_action.cpp.o[0m
[360.059s] [ 76%] Built target test_action_controller_cancel_action
[360.104s] [ 76%] [32mBuilding CXX object test/plugins/action/CMakeFiles/test_action_back_up_action.dir/test_back_up_action.cpp.o[0m
[360.141s] [ 76%] [32mBuilding CXX object test/plugins/action/CMakeFiles/test_action_spin_action.dir/test_spin_action.cpp.o[0m
[360.200s] [ 77%] [32mBuilding CXX object test/plugins/condition/CMakeFiles/test_condition_transform_available.dir/test_transform_available.cpp.o[0m
[361.343s] [ 77%] [32mBuilding CXX object test/plugins/action/CMakeFiles/test_action_spin_cancel_action.dir/test_spin_cancel_node.cpp.o[0m
[383.368s] [ 78%] [32m[1mLinking CXX executable test_action_back_up_action[0m
[383.757s] [ 79%] [32m[1mLinking CXX executable test_action_drive_on_heading[0m
[383.910s] [ 80%] [32m[1mLinking CXX executable test_action_spin_action[0m
[384.057s] [ 80%] [32m[1mLinking CXX executable test_action_wait_cancel_action[0m
[385.621s] [ 81%] [32m[1mLinking CXX executable test_action_assisted_teleop_action[0m
[385.938s] [ 81%] Built target test_action_back_up_action
[386.093s] [ 81%] Built target test_action_drive_on_heading
[386.357s] [ 81%] [32m[1mLinking CXX executable test_action_wait_action[0m
[387.036s] [ 81%] Built target test_action_spin_action
[387.039s] [ 81%] Built target test_action_wait_cancel_action
[387.522s] [ 81%] Built target test_action_assisted_teleop_action
[388.157s] [ 81%] Built target test_action_wait_action
[388.269s] [ 81%] [32m[1mLinking CXX executable test_action_spin_cancel_action[0m
[388.504s] [ 81%] [32m[1mLinking CXX executable test_condition_transform_available[0m
[389.570s] [ 81%] Built target test_action_spin_cancel_action
[389.637s] [ 81%] Built target test_condition_transform_available
[389.662s] [ 81%] [32mBuilding CXX object test/plugins/action/CMakeFiles/test_action_compute_path_through_poses_action.dir/test_compute_path_through_poses_action.cpp.o[0m
[397.512s] [ 82%] [32m[1mLinking CXX executable test_action_compute_path_through_poses_action[0m
[397.858s] [ 82%] Built target test_action_compute_path_through_poses_action
[397.880s] [ 82%] [32mBuilding CXX object test/plugins/action/CMakeFiles/test_action_smooth_path_action.dir/test_smooth_path_action.cpp.o[0m
[404.832s] [ 83%] [32m[1mLinking CXX executable test_action_smooth_path_action[0m
[405.191s] [ 83%] Built target test_action_smooth_path_action
[405.213s] [ 83%] [32mBuilding CXX object test/plugins/action/CMakeFiles/test_action_follow_path_action.dir/test_follow_path_action.cpp.o[0m
[412.416s] [ 84%] [32m[1mLinking CXX executable test_action_follow_path_action[0m
[412.946s] [ 84%] Built target test_action_follow_path_action
[412.970s] [ 84%] [32mBuilding CXX object test/plugins/action/CMakeFiles/test_action_navigate_to_pose_action.dir/test_navigate_to_pose_action.cpp.o[0m
[421.353s] [ 85%] [32m[1mLinking CXX executable test_action_navigate_to_pose_action[0m
[422.027s] [ 85%] Built target test_action_navigate_to_pose_action
[422.059s] [ 85%] [32mBuilding CXX object test/plugins/action/CMakeFiles/test_action_navigate_through_poses_action.dir/test_navigate_through_poses_action.cpp.o[0m
[434.357s] [ 86%] [32m[1mLinking CXX executable test_action_navigate_through_poses_action[0m
[435.461s] [ 86%] Built target test_action_navigate_through_poses_action
[435.502s] [ 86%] [32mBuilding CXX object test/plugins/action/CMakeFiles/test_truncate_path_action.dir/test_truncate_path_action.cpp.o[0m
[445.452s] [ 87%] [32m[1mLinking CXX executable test_truncate_path_action[0m
[446.401s] [ 87%] Built target test_truncate_path_action
[446.432s] [ 87%] [32mBuilding CXX object test/plugins/action/CMakeFiles/test_truncate_path_local_action.dir/test_truncate_path_local_action.cpp.o[0m
[461.452s] [ 88%] [32m[1mLinking CXX executable test_truncate_path_local_action[0m
[462.446s] [ 88%] Built target test_truncate_path_local_action
[462.479s] [ 88%] [32mBuilding CXX object test/plugins/action/CMakeFiles/test_remove_passed_goals_action.dir/test_remove_passed_goals_action.cpp.o[0m
[475.332s] [ 89%] [32m[1mLinking CXX executable test_remove_passed_goals_action[0m
[476.239s] [ 89%] Built target test_remove_passed_goals_action
[476.269s] [ 89%] [32mBuilding CXX object test/plugins/action/CMakeFiles/test_planner_selector_node.dir/test_planner_selector_node.cpp.o[0m
[483.295s] [ 89%] [32mBuilding CXX object test/plugins/action/CMakeFiles/test_controller_selector_node.dir/test_controller_selector_node.cpp.o[0m
[485.395s] [ 89%] [32mBuilding CXX object test/plugins/action/CMakeFiles/test_action_compute_path_to_pose_action.dir/test_compute_path_to_pose_action.cpp.o[0m
[487.467s] [ 89%] [32mBuilding CXX object test/plugins/action/CMakeFiles/test_action_reinitialize_global_localization_service.dir/test_reinitialize_global_localization_service.cpp.o[0m
[488.777s] [ 90%] [32m[1mLinking CXX executable test_planner_selector_node[0m
[490.484s] [ 90%] Built target test_planner_selector_node
[497.310s] [ 91%] [32m[1mLinking CXX executable test_controller_selector_node[0m
[498.561s] [ 91%] Built target test_controller_selector_node
[499.196s] [ 92%] [32m[1mLinking CXX executable test_action_reinitialize_global_localization_service[0m
[500.245s] [ 92%] Built target test_action_reinitialize_global_localization_service
[501.434s] [ 93%] [32m[1mLinking CXX executable test_action_compute_path_to_pose_action[0m
[502.257s] [ 93%] Built target test_action_compute_path_to_pose_action
[502.289s] [ 93%] [32mBuilding CXX object test/plugins/action/CMakeFiles/test_progress_checker_selector_node.dir/test_progress_checker_selector_node.cpp.o[0m
[513.659s] [ 94%] [32m[1mLinking CXX executable test_progress_checker_selector_node[0m
[514.646s] [ 94%] Built target test_progress_checker_selector_node
[514.679s] [ 94%] [32mBuilding CXX object test/plugins/action/CMakeFiles/test_goal_checker_selector_node.dir/test_goal_checker_selector_node.cpp.o[0m
[528.606s] [ 95%] [32m[1mLinking CXX executable test_goal_checker_selector_node[0m
[529.895s] [ 95%] Built target test_goal_checker_selector_node
[529.948s] [ 95%] [32mBuilding CXX object test/plugins/action/CMakeFiles/test_smoother_selector_node.dir/test_smoother_selector_node.cpp.o[0m
[544.373s] [ 96%] [32m[1mLinking CXX executable test_smoother_selector_node[0m
[545.632s] [ 96%] Built target test_smoother_selector_node
[545.683s] [ 96%] [32mBuilding CXX object test/plugins/action/CMakeFiles/test_action_clear_costmap_service.dir/test_clear_costmap_service.cpp.o[0m
[561.303s] [ 97%] [32m[1mLinking CXX executable test_action_clear_costmap_service[0m
[562.779s] [ 97%] Built target test_action_clear_costmap_service
[562.862s] [ 97%] [32mBuilding CXX object test/plugins/action/CMakeFiles/test_action_drive_on_heading_cancel_action.dir/test_drive_on_heading_cancel_node.cpp.o[0m
[575.456s] [ 98%] [32m[1mLinking CXX executable test_action_drive_on_heading_cancel_action[0m
[576.431s] [ 98%] Built target test_action_drive_on_heading_cancel_action
[576.463s] [ 98%] [32mBuilding CXX object test/plugins/action/CMakeFiles/test_action_assisted_teleop_cancel_action.dir/test_assisted_teleop_cancel_node.cpp.o[0m
[588.921s] [ 99%] [32m[1mLinking CXX executable test_action_assisted_teleop_cancel_action[0m
[589.881s] [ 99%] Built target test_action_assisted_teleop_cancel_action
[589.915s] [ 99%] [32mBuilding CXX object test/plugins/action/CMakeFiles/test_action_back_up_cancel_action.dir/test_back_up_cancel_node.cpp.o[0m
[601.918s] [100%] [32m[1mLinking CXX executable test_action_back_up_cancel_action[0m
[602.840s] [100%] Built target test_action_back_up_cancel_action
[602.870s] Invoked command in '/home/asis/hokuyo_ws/src/build/nav2_behavior_tree' returned '0': AMENT_PREFIX_PATH=/home/asis/hokuyo_ws/src/install/nav2_util:/home/asis/hokuyo_ws/src/install/nav2_msgs:/home/asis/hokuyo_ws/src/install/nav2_common:/home/asis/hokuyo_ws/src/install/behaviortree_cpp_v3:${AMENT_PREFIX_PATH} CMAKE_PREFIX_PATH=/home/asis/hokuyo_ws/src/install/nav2_util:/home/asis/hokuyo_ws/src/install/nav2_msgs:/home/asis/hokuyo_ws/src/install/nav2_common:/home/asis/hokuyo_ws/src/install/behaviortree_cpp_v3:/home/asis/hokuyo_ws/install/urg_node2:/home/asis/hokuyo_ws/install/slam_toolbox:/opt/ros/humble LD_LIBRARY_PATH=/home/asis/hokuyo_ws/src/install/nav2_util/lib:/home/asis/hokuyo_ws/src/install/nav2_msgs/lib:/home/asis/hokuyo_ws/src/install/behaviortree_cpp_v3/lib:${LD_LIBRARY_PATH} PATH=/home/asis/hokuyo_ws/src/install/behaviortree_cpp_v3/bin:${PATH} PYTHONPATH=/home/asis/hokuyo_ws/src/install/nav2_msgs/local/lib/python3.10/dist-packages:/home/asis/hokuyo_ws/src/install/nav2_common/local/lib/python3.10/dist-packages:${PYTHONPATH} /usr/bin/cmake --build /home/asis/hokuyo_ws/src/build/nav2_behavior_tree -- -j8 -l8
[603.363s] Invoking command in '/home/asis/hokuyo_ws/src/build/nav2_behavior_tree': AMENT_PREFIX_PATH=/home/asis/hokuyo_ws/src/install/nav2_util:/home/asis/hokuyo_ws/src/install/nav2_msgs:/home/asis/hokuyo_ws/src/install/nav2_common:/home/asis/hokuyo_ws/src/install/behaviortree_cpp_v3:${AMENT_PREFIX_PATH} CMAKE_PREFIX_PATH=/home/asis/hokuyo_ws/src/install/nav2_util:/home/asis/hokuyo_ws/src/install/nav2_msgs:/home/asis/hokuyo_ws/src/install/nav2_common:/home/asis/hokuyo_ws/src/install/behaviortree_cpp_v3:/home/asis/hokuyo_ws/install/urg_node2:/home/asis/hokuyo_ws/install/slam_toolbox:/opt/ros/humble LD_LIBRARY_PATH=/home/asis/hokuyo_ws/src/install/nav2_util/lib:/home/asis/hokuyo_ws/src/install/nav2_msgs/lib:/home/asis/hokuyo_ws/src/install/behaviortree_cpp_v3/lib:${LD_LIBRARY_PATH} PATH=/home/asis/hokuyo_ws/src/install/behaviortree_cpp_v3/bin:${PATH} PYTHONPATH=/home/asis/hokuyo_ws/src/install/nav2_msgs/local/lib/python3.10/dist-packages:/home/asis/hokuyo_ws/src/install/nav2_common/local/lib/python3.10/dist-packages:${PYTHONPATH} /usr/bin/cmake --install /home/asis/hokuyo_ws/src/build/nav2_behavior_tree
[609.452s] -- Install configuration: "Release"
[609.452s] -- Installing: /home/asis/hokuyo_ws/src/install/nav2_behavior_tree/lib/libnav2_behavior_tree.so
[609.452s] -- Set runtime path of "/home/asis/hokuyo_ws/src/install/nav2_behavior_tree/lib/libnav2_behavior_tree.so" to ""
[609.452s] -- Installing: /home/asis/hokuyo_ws/src/install/nav2_behavior_tree/lib/libnav2_compute_path_to_pose_action_bt_node.so
[609.452s] -- Set runtime path of "/home/asis/hokuyo_ws/src/install/nav2_behavior_tree/lib/libnav2_compute_path_to_pose_action_bt_node.so" to ""
[609.453s] -- Installing: /home/asis/hokuyo_ws/src/install/nav2_behavior_tree/lib/libnav2_compute_path_through_poses_action_bt_node.so
[609.453s] -- Set runtime path of "/home/asis/hokuyo_ws/src/install/nav2_behavior_tree/lib/libnav2_compute_path_through_poses_action_bt_node.so" to ""
[609.453s] -- Installing: /home/asis/hokuyo_ws/src/install/nav2_behavior_tree/lib/libnav2_controller_cancel_bt_node.so
[609.453s] -- Set runtime path of "/home/asis/hokuyo_ws/src/install/nav2_behavior_tree/lib/libnav2_controller_cancel_bt_node.so" to ""
[609.453s] -- Installing: /home/asis/hokuyo_ws/src/install/nav2_behavior_tree/lib/libnav2_wait_cancel_bt_node.so
[609.453s] -- Set runtime path of "/home/asis/hokuyo_ws/src/install/nav2_behavior_tree/lib/libnav2_wait_cancel_bt_node.so" to ""
[609.453s] -- Installing: /home/asis/hokuyo_ws/src/install/nav2_behavior_tree/lib/libnav2_spin_cancel_bt_node.so
[609.453s] -- Set runtime path of "/home/asis/hokuyo_ws/src/install/nav2_behavior_tree/lib/libnav2_spin_cancel_bt_node.so" to ""
[609.453s] -- Installing: /home/asis/hokuyo_ws/src/install/nav2_behavior_tree/lib/libnav2_back_up_cancel_bt_node.so
[609.455s] -- Set runtime path of "/home/asis/hokuyo_ws/src/install/nav2_behavior_tree/lib/libnav2_back_up_cancel_bt_node.so" to ""
[609.455s] -- Installing: /home/asis/hokuyo_ws/src/install/nav2_behavior_tree/lib/libnav2_assisted_teleop_cancel_bt_node.so
[609.455s] -- Set runtime path of "/home/asis/hokuyo_ws/src/install/nav2_behavior_tree/lib/libnav2_assisted_teleop_cancel_bt_node.so" to ""
[609.455s] -- Installing: /home/asis/hokuyo_ws/src/install/nav2_behavior_tree/lib/libnav2_drive_on_heading_cancel_bt_node.so
[609.455s] -- Set runtime path of "/home/asis/hokuyo_ws/src/install/nav2_behavior_tree/lib/libnav2_drive_on_heading_cancel_bt_node.so" to ""
[609.455s] -- Installing: /home/asis/hokuyo_ws/src/install/nav2_behavior_tree/lib/libnav2_smooth_path_action_bt_node.so
[609.456s] -- Set runtime path of "/home/asis/hokuyo_ws/src/install/nav2_behavior_tree/lib/libnav2_smooth_path_action_bt_node.so" to ""
[609.456s] -- Installing: /home/asis/hokuyo_ws/src/install/nav2_behavior_tree/lib/libnav2_follow_path_action_bt_node.so
[609.456s] -- Set runtime path of "/home/asis/hokuyo_ws/src/install/nav2_behavior_tree/lib/libnav2_follow_path_action_bt_node.so" to ""
[609.456s] -- Installing: /home/asis/hokuyo_ws/src/install/nav2_behavior_tree/lib/libnav2_back_up_action_bt_node.so
[609.456s] -- Set runtime path of "/home/asis/hokuyo_ws/src/install/nav2_behavior_tree/lib/libnav2_back_up_action_bt_node.so" to ""
[609.456s] -- Installing: /home/asis/hokuyo_ws/src/install/nav2_behavior_tree/lib/libnav2_drive_on_heading_bt_node.so
[609.456s] -- Set runtime path of "/home/asis/hokuyo_ws/src/install/nav2_behavior_tree/lib/libnav2_drive_on_heading_bt_node.so" to ""
[609.456s] -- Installing: /home/asis/hokuyo_ws/src/install/nav2_behavior_tree/lib/libnav2_spin_action_bt_node.so
[609.456s] -- Set runtime path of "/home/asis/hokuyo_ws/src/install/nav2_behavior_tree/lib/libnav2_spin_action_bt_node.so" to ""
[609.456s] -- Installing: /home/asis/hokuyo_ws/src/install/nav2_behavior_tree/lib/libnav2_wait_action_bt_node.so
[609.456s] -- Set runtime path of "/home/asis/hokuyo_ws/src/install/nav2_behavior_tree/lib/libnav2_wait_action_bt_node.so" to ""
[609.457s] -- Installing: /home/asis/hokuyo_ws/src/install/nav2_behavior_tree/lib/libnav2_assisted_teleop_action_bt_node.so
[609.457s] -- Set runtime path of "/home/asis/hokuyo_ws/src/install/nav2_behavior_tree/lib/libnav2_assisted_teleop_action_bt_node.so" to ""
[609.457s] -- Installing: /home/asis/hokuyo_ws/src/install/nav2_behavior_tree/lib/libnav2_clear_costmap_service_bt_node.so
[609.457s] -- Set runtime path of "/home/asis/hokuyo_ws/src/install/nav2_behavior_tree/lib/libnav2_clear_costmap_service_bt_node.so" to ""
[609.457s] -- Installing: /home/asis/hokuyo_ws/src/install/nav2_behavior_tree/lib/libnav2_is_stuck_condition_bt_node.so
[609.457s] -- Set runtime path of "/home/asis/hokuyo_ws/src/install/nav2_behavior_tree/lib/libnav2_is_stuck_condition_bt_node.so" to ""
[609.457s] -- Installing: /home/asis/hokuyo_ws/src/install/nav2_behavior_tree/lib/libnav2_transform_available_condition_bt_node.so
[609.457s] -- Set runtime path of "/home/asis/hokuyo_ws/src/install/nav2_behavior_tree/lib/libnav2_transform_available_condition_bt_node.so" to ""
[609.458s] -- Installing: /home/asis/hokuyo_ws/src/install/nav2_behavior_tree/lib/libnav2_goal_reached_condition_bt_node.so
[609.458s] -- Set runtime path of "/home/asis/hokuyo_ws/src/install/nav2_behavior_tree/lib/libnav2_goal_reached_condition_bt_node.so" to ""
[609.458s] -- Installing: /home/asis/hokuyo_ws/src/install/nav2_behavior_tree/lib/libnav2_globally_updated_goal_condition_bt_node.so
[609.458s] -- Set runtime path of "/home/asis/hokuyo_ws/src/install/nav2_behavior_tree/lib/libnav2_globally_updated_goal_condition_bt_node.so" to ""
[609.458s] -- Installing: /home/asis/hokuyo_ws/src/install/nav2_behavior_tree/lib/libnav2_goal_updated_condition_bt_node.so
[609.458s] -- Set runtime path of "/home/asis/hokuyo_ws/src/install/nav2_behavior_tree/lib/libnav2_goal_updated_condition_bt_node.so" to ""
[609.458s] -- Installing: /home/asis/hokuyo_ws/src/install/nav2_behavior_tree/lib/libnav2_is_path_valid_condition_bt_node.so
[609.458s] -- Set runtime path of "/home/asis/hokuyo_ws/src/install/nav2_behavior_tree/lib/libnav2_is_path_valid_condition_bt_node.so" to ""
[609.458s] -- Installing: /home/asis/hokuyo_ws/src/install/nav2_behavior_tree/lib/libnav2_time_expired_condition_bt_node.so
[609.458s] -- Set runtime path of "/home/asis/hokuyo_ws/src/install/nav2_behavior_tree/lib/libnav2_time_expired_condition_bt_node.so" to ""
[609.459s] -- Installing: /home/asis/hokuyo_ws/src/install/nav2_behavior_tree/lib/libnav2_path_expiring_timer_condition.so
[609.459s] -- Set runtime path of "/home/asis/hokuyo_ws/src/install/nav2_behavior_tree/lib/libnav2_path_expiring_timer_condition.so" to ""
[609.459s] -- Installing: /home/asis/hokuyo_ws/src/install/nav2_behavior_tree/lib/libnav2_distance_traveled_condition_bt_node.so
[609.459s] -- Set runtime path of "/home/asis/hokuyo_ws/src/install/nav2_behavior_tree/lib/libnav2_distance_traveled_condition_bt_node.so" to ""
[609.459s] -- Installing: /home/asis/hokuyo_ws/src/install/nav2_behavior_tree/lib/libnav2_initial_pose_received_condition_bt_node.so
[609.459s] -- Set runtime path of "/home/asis/hokuyo_ws/src/install/nav2_behavior_tree/lib/libnav2_initial_pose_received_condition_bt_node.so" to ""
[609.459s] -- Installing: /home/asis/hokuyo_ws/src/install/nav2_behavior_tree/lib/libnav2_is_battery_charging_condition_bt_node.so
[609.459s] -- Set runtime path of "/home/asis/hokuyo_ws/src/install/nav2_behavior_tree/lib/libnav2_is_battery_charging_condition_bt_node.so" to ""
[609.459s] -- Installing: /home/asis/hokuyo_ws/src/install/nav2_behavior_tree/lib/libnav2_is_battery_low_condition_bt_node.so
[609.459s] -- Set runtime path of "/home/asis/hokuyo_ws/src/install/nav2_behavior_tree/lib/libnav2_is_battery_low_condition_bt_node.so" to ""
[609.459s] -- Installing: /home/asis/hokuyo_ws/src/install/nav2_behavior_tree/lib/libnav2_reinitialize_global_localization_service_bt_node.so
[609.460s] -- Set runtime path of "/home/asis/hokuyo_ws/src/install/nav2_behavior_tree/lib/libnav2_reinitialize_global_localization_service_bt_node.so" to ""
[609.460s] -- Installing: /home/asis/hokuyo_ws/src/install/nav2_behavior_tree/lib/libnav2_rate_controller_bt_node.so
[609.460s] -- Set runtime path of "/home/asis/hokuyo_ws/src/install/nav2_behavior_tree/lib/libnav2_rate_controller_bt_node.so" to ""
[609.460s] -- Installing: /home/asis/hokuyo_ws/src/install/nav2_behavior_tree/lib/libnav2_distance_controller_bt_node.so
[609.460s] -- Set runtime path of "/home/asis/hokuyo_ws/src/install/nav2_behavior_tree/lib/libnav2_distance_controller_bt_node.so" to ""
[609.460s] -- Installing: /home/asis/hokuyo_ws/src/install/nav2_behavior_tree/lib/libnav2_speed_controller_bt_node.so
[609.460s] -- Set runtime path of "/home/asis/hokuyo_ws/src/install/nav2_behavior_tree/lib/libnav2_speed_controller_bt_node.so" to ""
[609.460s] -- Installing: /home/asis/hokuyo_ws/src/install/nav2_behavior_tree/lib/libnav2_truncate_path_action_bt_node.so
[609.460s] -- Set runtime path of "/home/asis/hokuyo_ws/src/install/nav2_behavior_tree/lib/libnav2_truncate_path_action_bt_node.so" to ""
[609.460s] -- Installing: /home/asis/hokuyo_ws/src/install/nav2_behavior_tree/lib/libnav2_truncate_path_local_action_bt_node.so
[609.461s] -- Set runtime path of "/home/asis/hokuyo_ws/src/install/nav2_behavior_tree/lib/libnav2_truncate_path_local_action_bt_node.so" to ""
[609.461s] -- Installing: /home/asis/hokuyo_ws/src/install/nav2_behavior_tree/lib/libnav2_goal_updater_node_bt_node.so
[609.461s] -- Set runtime path of "/home/asis/hokuyo_ws/src/install/nav2_behavior_tree/lib/libnav2_goal_updater_node_bt_node.so" to ""
[609.461s] -- Installing: /home/asis/hokuyo_ws/src/install/nav2_behavior_tree/lib/libnav2_path_longer_on_approach_bt_node.so
[609.461s] -- Set runtime path of "/home/asis/hokuyo_ws/src/install/nav2_behavior_tree/lib/libnav2_path_longer_on_approach_bt_node.so" to ""
[609.461s] -- Installing: /home/asis/hokuyo_ws/src/install/nav2_behavior_tree/lib/libnav2_recovery_node_bt_node.so
[609.461s] -- Set runtime path of "/home/asis/hokuyo_ws/src/install/nav2_behavior_tree/lib/libnav2_recovery_node_bt_node.so" to ""
[609.461s] -- Installing: /home/asis/hokuyo_ws/src/install/nav2_behavior_tree/lib/libnav2_navigate_to_pose_action_bt_node.so
[609.461s] -- Set runtime path of "/home/asis/hokuyo_ws/src/install/nav2_behavior_tree/lib/libnav2_navigate_to_pose_action_bt_node.so" to ""
[609.461s] -- Installing: /home/asis/hokuyo_ws/src/install/nav2_behavior_tree/lib/libnav2_navigate_through_poses_action_bt_node.so
[609.461s] -- Set runtime path of "/home/asis/hokuyo_ws/src/install/nav2_behavior_tree/lib/libnav2_navigate_through_poses_action_bt_node.so" to ""
[609.462s] -- Installing: /home/asis/hokuyo_ws/src/install/nav2_behavior_tree/lib/libnav2_remove_passed_goals_action_bt_node.so
[609.462s] -- Set runtime path of "/home/asis/hokuyo_ws/src/install/nav2_behavior_tree/lib/libnav2_remove_passed_goals_action_bt_node.so" to ""
[609.462s] -- Installing: /home/asis/hokuyo_ws/src/install/nav2_behavior_tree/lib/libnav2_pipeline_sequence_bt_node.so
[609.462s] -- Set runtime path of "/home/asis/hokuyo_ws/src/install/nav2_behavior_tree/lib/libnav2_pipeline_sequence_bt_node.so" to ""
[609.462s] -- Installing: /home/asis/hokuyo_ws/src/install/nav2_behavior_tree/lib/libnav2_round_robin_node_bt_node.so
[609.462s] -- Set runtime path of "/home/asis/hokuyo_ws/src/install/nav2_behavior_tree/lib/libnav2_round_robin_node_bt_node.so" to ""
[609.462s] -- Installing: /home/asis/hokuyo_ws/src/install/nav2_behavior_tree/lib/libnav2_single_trigger_bt_node.so
[609.462s] -- Set runtime path of "/home/asis/hokuyo_ws/src/install/nav2_behavior_tree/lib/libnav2_single_trigger_bt_node.so" to ""
[609.462s] -- Installing: /home/asis/hokuyo_ws/src/install/nav2_behavior_tree/lib/libnav2_planner_selector_bt_node.so
[609.462s] -- Set runtime path of "/home/asis/hokuyo_ws/src/install/nav2_behavior_tree/lib/libnav2_planner_selector_bt_node.so" to ""
[609.462s] -- Installing: /home/asis/hokuyo_ws/src/install/nav2_behavior_tree/lib/libnav2_controller_selector_bt_node.so
[609.463s] -- Set runtime path of "/home/asis/hokuyo_ws/src/install/nav2_behavior_tree/lib/libnav2_controller_selector_bt_node.so" to ""
[609.463s] -- Installing: /home/asis/hokuyo_ws/src/install/nav2_behavior_tree/lib/libnav2_smoother_selector_bt_node.so
[609.463s] -- Set runtime path of "/home/asis/hokuyo_ws/src/install/nav2_behavior_tree/lib/libnav2_smoother_selector_bt_node.so" to ""
[609.463s] -- Installing: /home/asis/hokuyo_ws/src/install/nav2_behavior_tree/lib/libnav2_goal_checker_selector_bt_node.so
[609.463s] -- Set runtime path of "/home/asis/hokuyo_ws/src/install/nav2_behavior_tree/lib/libnav2_goal_checker_selector_bt_node.so" to ""
[609.463s] -- Installing: /home/asis/hokuyo_ws/src/install/nav2_behavior_tree/lib/libnav2_progress_checker_selector_bt_node.so
[609.463s] -- Set runtime path of "/home/asis/hokuyo_ws/src/install/nav2_behavior_tree/lib/libnav2_progress_checker_selector_bt_node.so" to ""
[609.463s] -- Installing: /home/asis/hokuyo_ws/src/install/nav2_behavior_tree/lib/libnav2_goal_updated_controller_bt_node.so
[609.463s] -- Set runtime path of "/home/asis/hokuyo_ws/src/install/nav2_behavior_tree/lib/libnav2_goal_updated_controller_bt_node.so" to ""
[609.463s] -- Installing: /home/asis/hokuyo_ws/src/install/nav2_behavior_tree/include/
[609.464s] -- Installing: /home/asis/hokuyo_ws/src/install/nav2_behavior_tree/include//nav2_behavior_tree
[609.464s] -- Installing: /home/asis/hokuyo_ws/src/install/nav2_behavior_tree/include//nav2_behavior_tree/bt_action_node.hpp
[609.464s] -- Installing: /home/asis/hokuyo_ws/src/install/nav2_behavior_tree/include//nav2_behavior_tree/ros_topic_logger.hpp
[609.464s] -- Installing: /home/asis/hokuyo_ws/src/install/nav2_behavior_tree/include//nav2_behavior_tree/bt_cancel_action_node.hpp
[609.464s] -- Installing: /home/asis/hokuyo_ws/src/install/nav2_behavior_tree/include//nav2_behavior_tree/plugins
[609.464s] -- Installing: /home/asis/hokuyo_ws/src/install/nav2_behavior_tree/include//nav2_behavior_tree/plugins/condition
[609.464s] -- Installing: /home/asis/hokuyo_ws/src/install/nav2_behavior_tree/include//nav2_behavior_tree/plugins/condition/transform_available_condition.hpp
[609.464s] -- Installing: /home/asis/hokuyo_ws/src/install/nav2_behavior_tree/include//nav2_behavior_tree/plugins/condition/is_battery_low_condition.hpp
[609.464s] -- Installing: /home/asis/hokuyo_ws/src/install/nav2_behavior_tree/include//nav2_behavior_tree/plugins/condition/goal_updated_condition.hpp
[609.464s] -- Installing: /home/asis/hokuyo_ws/src/install/nav2_behavior_tree/include//nav2_behavior_tree/plugins/condition/is_stuck_condition.hpp
[609.464s] -- Installing: /home/asis/hokuyo_ws/src/install/nav2_behavior_tree/include//nav2_behavior_tree/plugins/condition/is_path_valid_condition.hpp
[609.465s] -- Installing: /home/asis/hokuyo_ws/src/install/nav2_behavior_tree/include//nav2_behavior_tree/plugins/condition/distance_traveled_condition.hpp
[609.473s] -- Installing: /home/asis/hokuyo_ws/src/install/nav2_behavior_tree/include//nav2_behavior_tree/plugins/condition/path_expiring_timer_condition.hpp
[609.473s] -- Installing: /home/asis/hokuyo_ws/src/install/nav2_behavior_tree/include//nav2_behavior_tree/plugins/condition/is_battery_charging_condition.hpp
[609.473s] -- Installing: /home/asis/hokuyo_ws/src/install/nav2_behavior_tree/include//nav2_behavior_tree/plugins/condition/goal_reached_condition.hpp
[609.473s] -- Installing: /home/asis/hokuyo_ws/src/install/nav2_behavior_tree/include//nav2_behavior_tree/plugins/condition/time_expired_condition.hpp
[609.473s] -- Installing: /home/asis/hokuyo_ws/src/install/nav2_behavior_tree/include//nav2_behavior_tree/plugins/condition/initial_pose_received_condition.hpp
[609.473s] -- Installing: /home/asis/hokuyo_ws/src/install/nav2_behavior_tree/include//nav2_behavior_tree/plugins/condition/globally_updated_goal_condition.hpp
[609.473s] -- Installing: /home/asis/hokuyo_ws/src/install/nav2_behavior_tree/include//nav2_behavior_tree/plugins/control
[609.473s] -- Installing: /home/asis/hokuyo_ws/src/install/nav2_behavior_tree/include//nav2_behavior_tree/plugins/control/recovery_node.hpp
[609.473s] -- Installing: /home/asis/hokuyo_ws/src/install/nav2_behavior_tree/include//nav2_behavior_tree/plugins/control/pipeline_sequence.hpp
[609.474s] -- Installing: /home/asis/hokuyo_ws/src/install/nav2_behavior_tree/include//nav2_behavior_tree/plugins/control/round_robin_node.hpp
[609.474s] -- Installing: /home/asis/hokuyo_ws/src/install/nav2_behavior_tree/include//nav2_behavior_tree/plugins/action
[609.474s] -- Installing: /home/asis/hokuyo_ws/src/install/nav2_behavior_tree/include//nav2_behavior_tree/plugins/action/drive_on_heading_action.hpp
[609.474s] -- Installing: /home/asis/hokuyo_ws/src/install/nav2_behavior_tree/include//nav2_behavior_tree/plugins/action/planner_selector_node.hpp
[609.474s] -- Installing: /home/asis/hokuyo_ws/src/install/nav2_behavior_tree/include//nav2_behavior_tree/plugins/action/assisted_teleop_action.hpp
[609.474s] -- Installing: /home/asis/hokuyo_ws/src/install/nav2_behavior_tree/include//nav2_behavior_tree/plugins/action/back_up_cancel_node.hpp
[609.474s] -- Installing: /home/asis/hokuyo_ws/src/install/nav2_behavior_tree/include//nav2_behavior_tree/plugins/action/reinitialize_global_localization_service.hpp
[609.474s] -- Installing: /home/asis/hokuyo_ws/src/install/nav2_behavior_tree/include//nav2_behavior_tree/plugins/action/goal_checker_selector_node.hpp
[609.474s] -- Installing: /home/asis/hokuyo_ws/src/install/nav2_behavior_tree/include//nav2_behavior_tree/plugins/action/spin_action.hpp
[609.474s] -- Installing: /home/asis/hokuyo_ws/src/install/nav2_behavior_tree/include//nav2_behavior_tree/plugins/action/remove_passed_goals_action.hpp
[609.474s] -- Installing: /home/asis/hokuyo_ws/src/install/nav2_behavior_tree/include//nav2_behavior_tree/plugins/action/controller_selector_node.hpp
[609.475s] -- Installing: /home/asis/hokuyo_ws/src/install/nav2_behavior_tree/include//nav2_behavior_tree/plugins/action/truncate_path_local_action.hpp
[609.475s] -- Installing: /home/asis/hokuyo_ws/src/install/nav2_behavior_tree/include//nav2_behavior_tree/plugins/action/drive_on_heading_cancel_node.hpp
[609.475s] -- Installing: /home/asis/hokuyo_ws/src/install/nav2_behavior_tree/include//nav2_behavior_tree/plugins/action/controller_cancel_node.hpp
[609.475s] -- Installing: /home/asis/hokuyo_ws/src/install/nav2_behavior_tree/include//nav2_behavior_tree/plugins/action/compute_path_through_poses_action.hpp
[609.475s] -- Installing: /home/asis/hokuyo_ws/src/install/nav2_behavior_tree/include//nav2_behavior_tree/plugins/action/follow_path_action.hpp
[609.475s] -- Installing: /home/asis/hokuyo_ws/src/install/nav2_behavior_tree/include//nav2_behavior_tree/plugins/action/compute_path_to_pose_action.hpp
[609.475s] -- Installing: /home/asis/hokuyo_ws/src/install/nav2_behavior_tree/include//nav2_behavior_tree/plugins/action/clear_costmap_service.hpp
[609.475s] -- Installing: /home/asis/hokuyo_ws/src/install/nav2_behavior_tree/include//nav2_behavior_tree/plugins/action/navigate_through_poses_action.hpp
[609.475s] -- Installing: /home/asis/hokuyo_ws/src/install/nav2_behavior_tree/include//nav2_behavior_tree/plugins/action/assisted_teleop_cancel_node.hpp
[609.475s] -- Installing: /home/asis/hokuyo_ws/src/install/nav2_behavior_tree/include//nav2_behavior_tree/plugins/action/progress_checker_selector_node.hpp
[609.476s] -- Installing: /home/asis/hokuyo_ws/src/install/nav2_behavior_tree/include//nav2_behavior_tree/plugins/action/back_up_action.hpp
[609.476s] -- Installing: /home/asis/hokuyo_ws/src/install/nav2_behavior_tree/include//nav2_behavior_tree/plugins/action/navigate_to_pose_action.hpp
[609.476s] -- Installing: /home/asis/hokuyo_ws/src/install/nav2_behavior_tree/include//nav2_behavior_tree/plugins/action/spin_cancel_node.hpp
[609.476s] -- Installing: /home/asis/hokuyo_ws/src/install/nav2_behavior_tree/include//nav2_behavior_tree/plugins/action/wait_cancel_node.hpp
[609.476s] -- Installing: /home/asis/hokuyo_ws/src/install/nav2_behavior_tree/include//nav2_behavior_tree/plugins/action/wait_action.hpp
[609.476s] -- Installing: /home/asis/hokuyo_ws/src/install/nav2_behavior_tree/include//nav2_behavior_tree/plugins/action/smooth_path_action.hpp
[609.476s] -- Installing: /home/asis/hokuyo_ws/src/install/nav2_behavior_tree/include//nav2_behavior_tree/plugins/action/truncate_path_action.hpp
[609.476s] -- Installing: /home/asis/hokuyo_ws/src/install/nav2_behavior_tree/include//nav2_behavior_tree/plugins/action/smoother_selector_node.hpp
[609.476s] -- Installing: /home/asis/hokuyo_ws/src/install/nav2_behavior_tree/include//nav2_behavior_tree/plugins/decorator
[609.476s] -- Installing: /home/asis/hokuyo_ws/src/install/nav2_behavior_tree/include//nav2_behavior_tree/plugins/decorator/single_trigger_node.hpp
[609.477s] -- Installing: /home/asis/hokuyo_ws/src/install/nav2_behavior_tree/include//nav2_behavior_tree/plugins/decorator/goal_updated_controller.hpp
[609.477s] -- Installing: /home/asis/hokuyo_ws/src/install/nav2_behavior_tree/include//nav2_behavior_tree/plugins/decorator/goal_updater_node.hpp
[609.477s] -- Installing: /home/asis/hokuyo_ws/src/install/nav2_behavior_tree/include//nav2_behavior_tree/plugins/decorator/speed_controller.hpp
[609.477s] -- Installing: /home/asis/hokuyo_ws/src/install/nav2_behavior_tree/include//nav2_behavior_tree/plugins/decorator/rate_controller.hpp
[609.477s] -- Installing: /home/asis/hokuyo_ws/src/install/nav2_behavior_tree/include//nav2_behavior_tree/plugins/decorator/distance_controller.hpp
[609.477s] -- Installing: /home/asis/hokuyo_ws/src/install/nav2_behavior_tree/include//nav2_behavior_tree/plugins/decorator/path_longer_on_approach.hpp
[609.477s] -- Installing: /home/asis/hokuyo_ws/src/install/nav2_behavior_tree/include//nav2_behavior_tree/bt_action_server.hpp
[609.477s] -- Installing: /home/asis/hokuyo_ws/src/install/nav2_behavior_tree/include//nav2_behavior_tree/behavior_tree_engine.hpp
[609.477s] -- Installing: /home/asis/hokuyo_ws/src/install/nav2_behavior_tree/include//nav2_behavior_tree/bt_action_server_impl.hpp
[609.477s] -- Installing: /home/asis/hokuyo_ws/src/install/nav2_behavior_tree/include//nav2_behavior_tree/bt_conversions.hpp
[609.477s] -- Installing: /home/asis/hokuyo_ws/src/install/nav2_behavior_tree/include//nav2_behavior_tree/bt_service_node.hpp
[609.478s] -- Installing: /home/asis/hokuyo_ws/src/install/nav2_behavior_tree/share/nav2_behavior_tree/nav2_tree_nodes.xml
[609.478s] -- Installing: /home/asis/hokuyo_ws/src/install/nav2_behavior_tree/share/nav2_behavior_tree/environment/library_path.sh
[609.478s] -- Installing: /home/asis/hokuyo_ws/src/install/nav2_behavior_tree/share/nav2_behavior_tree/environment/library_path.dsv
[609.478s] -- Installing: /home/asis/hokuyo_ws/src/install/nav2_behavior_tree/share/ament_index/resource_index/package_run_dependencies/nav2_behavior_tree
[609.478s] -- Installing: /home/asis/hokuyo_ws/src/install/nav2_behavior_tree/share/ament_index/resource_index/parent_prefix_path/nav2_behavior_tree
[609.478s] -- Installing: /home/asis/hokuyo_ws/src/install/nav2_behavior_tree/share/nav2_behavior_tree/environment/ament_prefix_path.sh
[609.478s] -- Installing: /home/asis/hokuyo_ws/src/install/nav2_behavior_tree/share/nav2_behavior_tree/environment/ament_prefix_path.dsv
[609.478s] -- Installing: /home/asis/hokuyo_ws/src/install/nav2_behavior_tree/share/nav2_behavior_tree/environment/path.sh
[609.478s] -- Installing: /home/asis/hokuyo_ws/src/install/nav2_behavior_tree/share/nav2_behavior_tree/environment/path.dsv
[609.478s] -- Installing: /home/asis/hokuyo_ws/src/install/nav2_behavior_tree/share/nav2_behavior_tree/local_setup.bash
[609.478s] -- Installing: /home/asis/hokuyo_ws/src/install/nav2_behavior_tree/share/nav2_behavior_tree/local_setup.sh
[609.479s] -- Installing: /home/asis/hokuyo_ws/src/install/nav2_behavior_tree/share/nav2_behavior_tree/local_setup.zsh
[609.479s] -- Installing: /home/asis/hokuyo_ws/src/install/nav2_behavior_tree/share/nav2_behavior_tree/local_setup.dsv
[609.479s] -- Installing: /home/asis/hokuyo_ws/src/install/nav2_behavior_tree/share/nav2_behavior_tree/package.dsv
[609.479s] -- Installing: /home/asis/hokuyo_ws/src/install/nav2_behavior_tree/share/ament_index/resource_index/packages/nav2_behavior_tree
[609.479s] -- Installing: /home/asis/hokuyo_ws/src/install/nav2_behavior_tree/share/nav2_behavior_tree/cmake/ament_cmake_export_include_directories-extras.cmake
[609.479s] -- Installing: /home/asis/hokuyo_ws/src/install/nav2_behavior_tree/share/nav2_behavior_tree/cmake/ament_cmake_export_libraries-extras.cmake
[609.479s] -- Installing: /home/asis/hokuyo_ws/src/install/nav2_behavior_tree/share/nav2_behavior_tree/cmake/ament_cmake_export_dependencies-extras.cmake
[609.479s] -- Installing: /home/asis/hokuyo_ws/src/install/nav2_behavior_tree/share/nav2_behavior_tree/cmake/nav2_behavior_treeConfig.cmake
[609.479s] -- Installing: /home/asis/hokuyo_ws/src/install/nav2_behavior_tree/share/nav2_behavior_tree/cmake/nav2_behavior_treeConfig-version.cmake
[609.479s] -- Installing: /home/asis/hokuyo_ws/src/install/nav2_behavior_tree/share/nav2_behavior_tree/package.xml
[609.480s] Invoked command in '/home/asis/hokuyo_ws/src/build/nav2_behavior_tree' returned '0': AMENT_PREFIX_PATH=/home/asis/hokuyo_ws/src/install/nav2_util:/home/asis/hokuyo_ws/src/install/nav2_msgs:/home/asis/hokuyo_ws/src/install/nav2_common:/home/asis/hokuyo_ws/src/install/behaviortree_cpp_v3:${AMENT_PREFIX_PATH} CMAKE_PREFIX_PATH=/home/asis/hokuyo_ws/src/install/nav2_util:/home/asis/hokuyo_ws/src/install/nav2_msgs:/home/asis/hokuyo_ws/src/install/nav2_common:/home/asis/hokuyo_ws/src/install/behaviortree_cpp_v3:/home/asis/hokuyo_ws/install/urg_node2:/home/asis/hokuyo_ws/install/slam_toolbox:/opt/ros/humble LD_LIBRARY_PATH=/home/asis/hokuyo_ws/src/install/nav2_util/lib:/home/asis/hokuyo_ws/src/install/nav2_msgs/lib:/home/asis/hokuyo_ws/src/install/behaviortree_cpp_v3/lib:${LD_LIBRARY_PATH} PATH=/home/asis/hokuyo_ws/src/install/behaviortree_cpp_v3/bin:${PATH} PYTHONPATH=/home/asis/hokuyo_ws/src/install/nav2_msgs/local/lib/python3.10/dist-packages:/home/asis/hokuyo_ws/src/install/nav2_common/local/lib/python3.10/dist-packages:${PYTHONPATH} /usr/bin/cmake --install /home/asis/hokuyo_ws/src/build/nav2_behavior_tree
