[0.114s] Invoking command in '/home/asis/hokuyo_ws/src/build/dwb_plugins': AMENT_PREFIX_PATH=/home/asis/hokuyo_ws/src/install/dwb_core:/home/asis/hokuyo_ws/src/install/nav2_core:/home/asis/hokuyo_ws/src/install/nav2_costmap_2d:/home/asis/hokuyo_ws/src/install/nav_2d_utils:/home/asis/hokuyo_ws/src/install/nav2_util:/home/asis/hokuyo_ws/src/install/nav2_voxel_grid:/home/asis/hokuyo_ws/src/install/nav2_msgs:/home/asis/hokuyo_ws/src/install/dwb_msgs:/home/asis/hokuyo_ws/src/install/nav_2d_msgs:/home/asis/hokuyo_ws/src/install/nav2_common:${AMENT_PREFIX_PATH} CMAKE_PREFIX_PATH=/home/asis/hokuyo_ws/src/install/dwb_core:/home/asis/hokuyo_ws/src/install/nav2_core:/home/asis/hokuyo_ws/src/install/nav2_costmap_2d:/home/asis/hokuyo_ws/src/install/nav_2d_utils:/home/asis/hokuyo_ws/src/install/nav2_util:/home/asis/hokuyo_ws/src/install/nav2_voxel_grid:/home/asis/hokuyo_ws/src/install/nav2_msgs:/home/asis/hokuyo_ws/src/install/dwb_msgs:/home/asis/hokuyo_ws/src/install/nav_2d_msgs:/home/asis/hokuyo_ws/src/install/nav2_common:/home/asis/hokuyo_ws/install/urg_node2:/home/asis/hokuyo_ws/install/slam_toolbox:/opt/ros/humble LD_LIBRARY_PATH=/home/asis/hokuyo_ws/src/install/dwb_core/lib:/home/asis/hokuyo_ws/src/install/nav2_costmap_2d/lib:/home/asis/hokuyo_ws/src/install/nav_2d_utils/lib:/home/asis/hokuyo_ws/src/install/nav2_util/lib:/home/asis/hokuyo_ws/src/install/nav2_voxel_grid/lib:/home/asis/hokuyo_ws/src/install/nav2_msgs/lib:/home/asis/hokuyo_ws/src/install/dwb_msgs/lib:/home/asis/hokuyo_ws/src/install/nav_2d_msgs/lib:${LD_LIBRARY_PATH} PYTHONPATH=/home/asis/hokuyo_ws/src/install/nav2_msgs/local/lib/python3.10/dist-packages:/home/asis/hokuyo_ws/src/install/dwb_msgs/local/lib/python3.10/dist-packages:/home/asis/hokuyo_ws/src/install/nav_2d_msgs/local/lib/python3.10/dist-packages:/home/asis/hokuyo_ws/src/install/nav2_common/local/lib/python3.10/dist-packages:${PYTHONPATH} /usr/bin/cmake /home/asis/hokuyo_ws/src/navigation2/nav2_dwb_controller/dwb_plugins -DCMAKE_INSTALL_PREFIX=/home/asis/hokuyo_ws/src/install/dwb_plugins
[13.451s] -- The C compiler identification is GNU 11.4.0
[13.451s] -- The CXX compiler identification is GNU 11.4.0
[13.452s] -- Detecting C compiler ABI info
[13.452s] -- Detecting C compiler ABI info - done
[13.452s] -- Check for working C compiler: /usr/bin/cc - skipped
[13.452s] -- Detecting C compile features
[13.452s] -- Detecting C compile features - done
[13.452s] -- Detecting CXX compiler ABI info
[13.452s] -- Detecting CXX compiler ABI info - done
[13.452s] -- Check for working CXX compiler: /usr/bin/c++ - skipped
[13.452s] -- Detecting CXX compile features
[13.452s] -- Detecting CXX compile features - done
[13.452s] -- Found ament_cmake: 1.3.9 (/opt/ros/humble/share/ament_cmake/cmake)
[13.452s] -- Found Python3: /usr/bin/python3 (found version "3.10.12") found components: Interpreter 
[13.453s] -- Found nav2_common: 1.1.15 (/home/asis/hokuyo_ws/src/install/nav2_common/share/nav2_common/cmake)
[13.453s] -- Found angles: 1.15.0 (/opt/ros/humble/share/angles/cmake)
[13.453s] -- Found dwb_core: 1.1.15 (/home/asis/hokuyo_ws/src/install/dwb_core/share/dwb_core/cmake)
[13.453s] -- Found rosidl_generator_c: 3.1.5 (/opt/ros/humble/share/rosidl_generator_c/cmake)
[13.453s] -- Found rosidl_adapter: 3.1.5 (/opt/ros/humble/share/rosidl_adapter/cmake)
[13.453s] -- Found rosidl_generator_cpp: 3.1.5 (/opt/ros/humble/share/rosidl_generator_cpp/cmake)
[13.453s] -- Using all available rosidl_typesupport_c: rosidl_typesupport_fastrtps_c;rosidl_typesupport_introspection_c
[13.453s] -- Using all available rosidl_typesupport_cpp: rosidl_typesupport_fastrtps_cpp;rosidl_typesupport_introspection_cpp
[13.453s] -- Found rmw_implementation_cmake: 6.1.2 (/opt/ros/humble/share/rmw_implementation_cmake/cmake)
[13.453s] -- Found rmw_fastrtps_cpp: 6.2.6 (/opt/ros/humble/share/rmw_fastrtps_cpp/cmake)
[13.453s] -- Found OpenSSL: /usr/lib/x86_64-linux-gnu/libcrypto.so (found version "3.0.2")  
[13.453s] -- Found FastRTPS: /opt/ros/humble/include  
[13.453s] -- Using RMW implementation 'rmw_fastrtps_cpp' as default
[13.454s] -- Looking for pthread.h
[13.454s] -- Looking for pthread.h - found
[13.454s] -- Performing Test CMAKE_HAVE_LIBC_PTHREAD
[13.454s] -- Performing Test CMAKE_HAVE_LIBC_PTHREAD - Success
[13.454s] -- Found Threads: TRUE  
[13.454s] -- Found Eigen3: TRUE (found version "3.4.0") 
[13.454s] -- Ensuring Eigen3 include directory is part of orocos-kdl CMake target
[14.326s] -- Setting build type to Release as none was specified.
[26.110s] -- Found ament_lint_auto: 0.12.11 (/opt/ros/humble/share/ament_lint_auto/cmake)
[26.258s] -- Found gtest sources under '/opt/ros/humble/src/gtest_vendor': C++ tests using 'Google Test' will be built
[26.290s] -- Added test 'cppcheck' to perform static code analysis on C / C++ code
[26.291s] -- Configured cppcheck include dirs: /home/asis/hokuyo_ws/src/navigation2/nav2_dwb_controller/dwb_plugins/include
[26.291s] -- Configured cppcheck exclude dirs and/or files: 
[26.294s] -- Added test 'cpplint' to check C / C++ code against the Google style
[26.294s] -- Configured cpplint exclude dirs and/or files: 
[26.296s] -- Added test 'lint_cmake' to check CMake code style
[26.299s] -- Added test 'uncrustify' to check C / C++ code style
[26.299s] -- Configured uncrustify additional arguments: 
[26.300s] -- Added test 'xmllint' to check XML markup files
[26.319s] -- Configuring done
[26.689s] -- Generating done
[26.694s] -- Build files have been written to: /home/asis/hokuyo_ws/src/build/dwb_plugins
[26.724s] Invoked command in '/home/asis/hokuyo_ws/src/build/dwb_plugins' returned '0': AMENT_PREFIX_PATH=/home/asis/hokuyo_ws/src/install/dwb_core:/home/asis/hokuyo_ws/src/install/nav2_core:/home/asis/hokuyo_ws/src/install/nav2_costmap_2d:/home/asis/hokuyo_ws/src/install/nav_2d_utils:/home/asis/hokuyo_ws/src/install/nav2_util:/home/asis/hokuyo_ws/src/install/nav2_voxel_grid:/home/asis/hokuyo_ws/src/install/nav2_msgs:/home/asis/hokuyo_ws/src/install/dwb_msgs:/home/asis/hokuyo_ws/src/install/nav_2d_msgs:/home/asis/hokuyo_ws/src/install/nav2_common:${AMENT_PREFIX_PATH} CMAKE_PREFIX_PATH=/home/asis/hokuyo_ws/src/install/dwb_core:/home/asis/hokuyo_ws/src/install/nav2_core:/home/asis/hokuyo_ws/src/install/nav2_costmap_2d:/home/asis/hokuyo_ws/src/install/nav_2d_utils:/home/asis/hokuyo_ws/src/install/nav2_util:/home/asis/hokuyo_ws/src/install/nav2_voxel_grid:/home/asis/hokuyo_ws/src/install/nav2_msgs:/home/asis/hokuyo_ws/src/install/dwb_msgs:/home/asis/hokuyo_ws/src/install/nav_2d_msgs:/home/asis/hokuyo_ws/src/install/nav2_common:/home/asis/hokuyo_ws/install/urg_node2:/home/asis/hokuyo_ws/install/slam_toolbox:/opt/ros/humble LD_LIBRARY_PATH=/home/asis/hokuyo_ws/src/install/dwb_core/lib:/home/asis/hokuyo_ws/src/install/nav2_costmap_2d/lib:/home/asis/hokuyo_ws/src/install/nav_2d_utils/lib:/home/asis/hokuyo_ws/src/install/nav2_util/lib:/home/asis/hokuyo_ws/src/install/nav2_voxel_grid/lib:/home/asis/hokuyo_ws/src/install/nav2_msgs/lib:/home/asis/hokuyo_ws/src/install/dwb_msgs/lib:/home/asis/hokuyo_ws/src/install/nav_2d_msgs/lib:${LD_LIBRARY_PATH} PYTHONPATH=/home/asis/hokuyo_ws/src/install/nav2_msgs/local/lib/python3.10/dist-packages:/home/asis/hokuyo_ws/src/install/dwb_msgs/local/lib/python3.10/dist-packages:/home/asis/hokuyo_ws/src/install/nav_2d_msgs/local/lib/python3.10/dist-packages:/home/asis/hokuyo_ws/src/install/nav2_common/local/lib/python3.10/dist-packages:${PYTHONPATH} /usr/bin/cmake /home/asis/hokuyo_ws/src/navigation2/nav2_dwb_controller/dwb_plugins -DCMAKE_INSTALL_PREFIX=/home/asis/hokuyo_ws/src/install/dwb_plugins
[26.725s] Invoking command in '/home/asis/hokuyo_ws/src/build/dwb_plugins': AMENT_PREFIX_PATH=/home/asis/hokuyo_ws/src/install/dwb_core:/home/asis/hokuyo_ws/src/install/nav2_core:/home/asis/hokuyo_ws/src/install/nav2_costmap_2d:/home/asis/hokuyo_ws/src/install/nav_2d_utils:/home/asis/hokuyo_ws/src/install/nav2_util:/home/asis/hokuyo_ws/src/install/nav2_voxel_grid:/home/asis/hokuyo_ws/src/install/nav2_msgs:/home/asis/hokuyo_ws/src/install/dwb_msgs:/home/asis/hokuyo_ws/src/install/nav_2d_msgs:/home/asis/hokuyo_ws/src/install/nav2_common:${AMENT_PREFIX_PATH} CMAKE_PREFIX_PATH=/home/asis/hokuyo_ws/src/install/dwb_core:/home/asis/hokuyo_ws/src/install/nav2_core:/home/asis/hokuyo_ws/src/install/nav2_costmap_2d:/home/asis/hokuyo_ws/src/install/nav_2d_utils:/home/asis/hokuyo_ws/src/install/nav2_util:/home/asis/hokuyo_ws/src/install/nav2_voxel_grid:/home/asis/hokuyo_ws/src/install/nav2_msgs:/home/asis/hokuyo_ws/src/install/dwb_msgs:/home/asis/hokuyo_ws/src/install/nav_2d_msgs:/home/asis/hokuyo_ws/src/install/nav2_common:/home/asis/hokuyo_ws/install/urg_node2:/home/asis/hokuyo_ws/install/slam_toolbox:/opt/ros/humble LD_LIBRARY_PATH=/home/asis/hokuyo_ws/src/install/dwb_core/lib:/home/asis/hokuyo_ws/src/install/nav2_costmap_2d/lib:/home/asis/hokuyo_ws/src/install/nav_2d_utils/lib:/home/asis/hokuyo_ws/src/install/nav2_util/lib:/home/asis/hokuyo_ws/src/install/nav2_voxel_grid/lib:/home/asis/hokuyo_ws/src/install/nav2_msgs/lib:/home/asis/hokuyo_ws/src/install/dwb_msgs/lib:/home/asis/hokuyo_ws/src/install/nav_2d_msgs/lib:${LD_LIBRARY_PATH} PYTHONPATH=/home/asis/hokuyo_ws/src/install/nav2_msgs/local/lib/python3.10/dist-packages:/home/asis/hokuyo_ws/src/install/dwb_msgs/local/lib/python3.10/dist-packages:/home/asis/hokuyo_ws/src/install/nav_2d_msgs/local/lib/python3.10/dist-packages:/home/asis/hokuyo_ws/src/install/nav2_common/local/lib/python3.10/dist-packages:${PYTHONPATH} /usr/bin/cmake --build /home/asis/hokuyo_ws/src/build/dwb_plugins -- -j8 -l8
[46.703s] [  5%] [32mBuilding CXX object CMakeFiles/standard_traj_generator.dir/src/standard_traj_generator.cpp.o[0m
[46.703s] [ 11%] [32mBuilding CXX object CMakeFiles/standard_traj_generator.dir/src/xy_theta_iterator.cpp.o[0m
[46.703s] [ 17%] [32mBuilding CXX object CMakeFiles/standard_traj_generator.dir/src/kinematic_parameters.cpp.o[0m
[49.026s] [ 23%] [32mBuilding CXX object CMakeFiles/standard_traj_generator.dir/src/limited_accel_generator.cpp.o[0m
[55.693s] [ 29%] [32m[1mLinking CXX shared library libstandard_traj_generator.so[0m
[56.147s] [ 29%] Built target standard_traj_generator
[56.183s] [ 35%] [32mBuilding CXX object gtest/CMakeFiles/gtest.dir/src/gtest-all.cc.o[0m
[68.091s] [ 41%] [32m[1mLinking CXX static library libgtest.a[0m
[68.184s] [ 41%] Built target gtest
[68.219s] [ 47%] [32mBuilding CXX object gtest/CMakeFiles/gtest_main.dir/src/gtest_main.cc.o[0m
[69.568s] [ 52%] [32m[1mLinking CXX static library libgtest_main.a[0m
[69.628s] [ 52%] Built target gtest_main
[69.672s] [ 58%] [32mBuilding CXX object test/CMakeFiles/vtest.dir/velocity_iterator_test.cpp.o[0m
[71.403s] [ 64%] [32m[1mLinking CXX executable vtest[0m
[71.527s] [ 64%] Built target vtest
[71.557s] [ 70%] [32mBuilding CXX object test/CMakeFiles/speed_limit_test.dir/speed_limit_test.cpp.o[0m
[78.849s] [ 76%] [32m[1mLinking CXX executable speed_limit_test[0m
[79.355s] [ 76%] Built target speed_limit_test
[79.395s] [ 82%] [32mBuilding CXX object test/CMakeFiles/kinematic_parameters_test.dir/kinematic_parameters_test.cpp.o[0m
[86.745s] [ 88%] [32m[1mLinking CXX executable kinematic_parameters_test[0m
[87.220s] [ 88%] Built target kinematic_parameters_test
[87.262s] [ 94%] [32mBuilding CXX object test/CMakeFiles/twist_gen_test.dir/twist_gen.cpp.o[0m
[96.471s] [100%] [32m[1mLinking CXX executable twist_gen_test[0m
[96.815s] [100%] Built target twist_gen_test
[96.837s] Invoked command in '/home/asis/hokuyo_ws/src/build/dwb_plugins' returned '0': AMENT_PREFIX_PATH=/home/asis/hokuyo_ws/src/install/dwb_core:/home/asis/hokuyo_ws/src/install/nav2_core:/home/asis/hokuyo_ws/src/install/nav2_costmap_2d:/home/asis/hokuyo_ws/src/install/nav_2d_utils:/home/asis/hokuyo_ws/src/install/nav2_util:/home/asis/hokuyo_ws/src/install/nav2_voxel_grid:/home/asis/hokuyo_ws/src/install/nav2_msgs:/home/asis/hokuyo_ws/src/install/dwb_msgs:/home/asis/hokuyo_ws/src/install/nav_2d_msgs:/home/asis/hokuyo_ws/src/install/nav2_common:${AMENT_PREFIX_PATH} CMAKE_PREFIX_PATH=/home/asis/hokuyo_ws/src/install/dwb_core:/home/asis/hokuyo_ws/src/install/nav2_core:/home/asis/hokuyo_ws/src/install/nav2_costmap_2d:/home/asis/hokuyo_ws/src/install/nav_2d_utils:/home/asis/hokuyo_ws/src/install/nav2_util:/home/asis/hokuyo_ws/src/install/nav2_voxel_grid:/home/asis/hokuyo_ws/src/install/nav2_msgs:/home/asis/hokuyo_ws/src/install/dwb_msgs:/home/asis/hokuyo_ws/src/install/nav_2d_msgs:/home/asis/hokuyo_ws/src/install/nav2_common:/home/asis/hokuyo_ws/install/urg_node2:/home/asis/hokuyo_ws/install/slam_toolbox:/opt/ros/humble LD_LIBRARY_PATH=/home/asis/hokuyo_ws/src/install/dwb_core/lib:/home/asis/hokuyo_ws/src/install/nav2_costmap_2d/lib:/home/asis/hokuyo_ws/src/install/nav_2d_utils/lib:/home/asis/hokuyo_ws/src/install/nav2_util/lib:/home/asis/hokuyo_ws/src/install/nav2_voxel_grid/lib:/home/asis/hokuyo_ws/src/install/nav2_msgs/lib:/home/asis/hokuyo_ws/src/install/dwb_msgs/lib:/home/asis/hokuyo_ws/src/install/nav_2d_msgs/lib:${LD_LIBRARY_PATH} PYTHONPATH=/home/asis/hokuyo_ws/src/install/nav2_msgs/local/lib/python3.10/dist-packages:/home/asis/hokuyo_ws/src/install/dwb_msgs/local/lib/python3.10/dist-packages:/home/asis/hokuyo_ws/src/install/nav_2d_msgs/local/lib/python3.10/dist-packages:/home/asis/hokuyo_ws/src/install/nav2_common/local/lib/python3.10/dist-packages:${PYTHONPATH} /usr/bin/cmake --build /home/asis/hokuyo_ws/src/build/dwb_plugins -- -j8 -l8
[96.895s] Invoking command in '/home/asis/hokuyo_ws/src/build/dwb_plugins': AMENT_PREFIX_PATH=/home/asis/hokuyo_ws/src/install/dwb_core:/home/asis/hokuyo_ws/src/install/nav2_core:/home/asis/hokuyo_ws/src/install/nav2_costmap_2d:/home/asis/hokuyo_ws/src/install/nav_2d_utils:/home/asis/hokuyo_ws/src/install/nav2_util:/home/asis/hokuyo_ws/src/install/nav2_voxel_grid:/home/asis/hokuyo_ws/src/install/nav2_msgs:/home/asis/hokuyo_ws/src/install/dwb_msgs:/home/asis/hokuyo_ws/src/install/nav_2d_msgs:/home/asis/hokuyo_ws/src/install/nav2_common:${AMENT_PREFIX_PATH} CMAKE_PREFIX_PATH=/home/asis/hokuyo_ws/src/install/dwb_core:/home/asis/hokuyo_ws/src/install/nav2_core:/home/asis/hokuyo_ws/src/install/nav2_costmap_2d:/home/asis/hokuyo_ws/src/install/nav_2d_utils:/home/asis/hokuyo_ws/src/install/nav2_util:/home/asis/hokuyo_ws/src/install/nav2_voxel_grid:/home/asis/hokuyo_ws/src/install/nav2_msgs:/home/asis/hokuyo_ws/src/install/dwb_msgs:/home/asis/hokuyo_ws/src/install/nav_2d_msgs:/home/asis/hokuyo_ws/src/install/nav2_common:/home/asis/hokuyo_ws/install/urg_node2:/home/asis/hokuyo_ws/install/slam_toolbox:/opt/ros/humble LD_LIBRARY_PATH=/home/asis/hokuyo_ws/src/install/dwb_core/lib:/home/asis/hokuyo_ws/src/install/nav2_costmap_2d/lib:/home/asis/hokuyo_ws/src/install/nav_2d_utils/lib:/home/asis/hokuyo_ws/src/install/nav2_util/lib:/home/asis/hokuyo_ws/src/install/nav2_voxel_grid/lib:/home/asis/hokuyo_ws/src/install/nav2_msgs/lib:/home/asis/hokuyo_ws/src/install/dwb_msgs/lib:/home/asis/hokuyo_ws/src/install/nav_2d_msgs/lib:${LD_LIBRARY_PATH} PYTHONPATH=/home/asis/hokuyo_ws/src/install/nav2_msgs/local/lib/python3.10/dist-packages:/home/asis/hokuyo_ws/src/install/dwb_msgs/local/lib/python3.10/dist-packages:/home/asis/hokuyo_ws/src/install/nav_2d_msgs/local/lib/python3.10/dist-packages:/home/asis/hokuyo_ws/src/install/nav2_common/local/lib/python3.10/dist-packages:${PYTHONPATH} /usr/bin/cmake --install /home/asis/hokuyo_ws/src/build/dwb_plugins
[96.908s] -- Install configuration: "Release"
[96.908s] -- Installing: /home/asis/hokuyo_ws/src/install/dwb_plugins/lib/libstandard_traj_generator.so
[96.909s] -- Set runtime path of "/home/asis/hokuyo_ws/src/install/dwb_plugins/lib/libstandard_traj_generator.so" to ""
[96.909s] -- Installing: /home/asis/hokuyo_ws/src/install/dwb_plugins/include/
[96.909s] -- Installing: /home/asis/hokuyo_ws/src/install/dwb_plugins/include//dwb_plugins
[96.909s] -- Installing: /home/asis/hokuyo_ws/src/install/dwb_plugins/include//dwb_plugins/one_d_velocity_iterator.hpp
[96.909s] -- Installing: /home/asis/hokuyo_ws/src/install/dwb_plugins/include//dwb_plugins/limited_accel_generator.hpp
[96.910s] -- Installing: /home/asis/hokuyo_ws/src/install/dwb_plugins/include//dwb_plugins/kinematic_parameters.hpp
[96.910s] -- Installing: /home/asis/hokuyo_ws/src/install/dwb_plugins/include//dwb_plugins/xy_theta_iterator.hpp
[96.910s] -- Installing: /home/asis/hokuyo_ws/src/install/dwb_plugins/include//dwb_plugins/velocity_iterator.hpp
[96.910s] -- Installing: /home/asis/hokuyo_ws/src/install/dwb_plugins/include//dwb_plugins/standard_traj_generator.hpp
[96.910s] -- Installing: /home/asis/hokuyo_ws/src/install/dwb_plugins/share/dwb_plugins/plugins.xml
[96.911s] -- Installing: /home/asis/hokuyo_ws/src/install/dwb_plugins/share/dwb_plugins/environment/library_path.sh
[96.911s] -- Installing: /home/asis/hokuyo_ws/src/install/dwb_plugins/share/dwb_plugins/environment/library_path.dsv
[96.911s] -- Up-to-date: /home/asis/hokuyo_ws/src/install/dwb_plugins/share/dwb_plugins/plugins.xml
[96.911s] -- Installing: /home/asis/hokuyo_ws/src/install/dwb_plugins/share/ament_index/resource_index/package_run_dependencies/dwb_plugins
[96.911s] -- Installing: /home/asis/hokuyo_ws/src/install/dwb_plugins/share/ament_index/resource_index/parent_prefix_path/dwb_plugins
[96.912s] -- Installing: /home/asis/hokuyo_ws/src/install/dwb_plugins/share/dwb_plugins/environment/ament_prefix_path.sh
[96.912s] -- Installing: /home/asis/hokuyo_ws/src/install/dwb_plugins/share/dwb_plugins/environment/ament_prefix_path.dsv
[96.912s] -- Installing: /home/asis/hokuyo_ws/src/install/dwb_plugins/share/dwb_plugins/environment/path.sh
[96.912s] -- Installing: /home/asis/hokuyo_ws/src/install/dwb_plugins/share/dwb_plugins/environment/path.dsv
[96.912s] -- Installing: /home/asis/hokuyo_ws/src/install/dwb_plugins/share/dwb_plugins/local_setup.bash
[96.913s] -- Installing: /home/asis/hokuyo_ws/src/install/dwb_plugins/share/dwb_plugins/local_setup.sh
[96.913s] -- Installing: /home/asis/hokuyo_ws/src/install/dwb_plugins/share/dwb_plugins/local_setup.zsh
[96.913s] -- Installing: /home/asis/hokuyo_ws/src/install/dwb_plugins/share/dwb_plugins/local_setup.dsv
[96.913s] -- Installing: /home/asis/hokuyo_ws/src/install/dwb_plugins/share/dwb_plugins/package.dsv
[96.913s] -- Installing: /home/asis/hokuyo_ws/src/install/dwb_plugins/share/ament_index/resource_index/packages/dwb_plugins
[96.914s] -- Installing: /home/asis/hokuyo_ws/src/install/dwb_plugins/share/ament_index/resource_index/dwb_core__pluginlib__plugin/dwb_plugins
[96.914s] -- Installing: /home/asis/hokuyo_ws/src/install/dwb_plugins/share/dwb_plugins/cmake/ament_cmake_export_include_directories-extras.cmake
[96.914s] -- Installing: /home/asis/hokuyo_ws/src/install/dwb_plugins/share/dwb_plugins/cmake/ament_cmake_export_libraries-extras.cmake
[96.914s] -- Installing: /home/asis/hokuyo_ws/src/install/dwb_plugins/share/dwb_plugins/cmake/dwb_pluginsConfig.cmake
[96.915s] -- Installing: /home/asis/hokuyo_ws/src/install/dwb_plugins/share/dwb_plugins/cmake/dwb_pluginsConfig-version.cmake
[96.915s] -- Installing: /home/asis/hokuyo_ws/src/install/dwb_plugins/share/dwb_plugins/package.xml
[96.920s] Invoked command in '/home/asis/hokuyo_ws/src/build/dwb_plugins' returned '0': AMENT_PREFIX_PATH=/home/asis/hokuyo_ws/src/install/dwb_core:/home/asis/hokuyo_ws/src/install/nav2_core:/home/asis/hokuyo_ws/src/install/nav2_costmap_2d:/home/asis/hokuyo_ws/src/install/nav_2d_utils:/home/asis/hokuyo_ws/src/install/nav2_util:/home/asis/hokuyo_ws/src/install/nav2_voxel_grid:/home/asis/hokuyo_ws/src/install/nav2_msgs:/home/asis/hokuyo_ws/src/install/dwb_msgs:/home/asis/hokuyo_ws/src/install/nav_2d_msgs:/home/asis/hokuyo_ws/src/install/nav2_common:${AMENT_PREFIX_PATH} CMAKE_PREFIX_PATH=/home/asis/hokuyo_ws/src/install/dwb_core:/home/asis/hokuyo_ws/src/install/nav2_core:/home/asis/hokuyo_ws/src/install/nav2_costmap_2d:/home/asis/hokuyo_ws/src/install/nav_2d_utils:/home/asis/hokuyo_ws/src/install/nav2_util:/home/asis/hokuyo_ws/src/install/nav2_voxel_grid:/home/asis/hokuyo_ws/src/install/nav2_msgs:/home/asis/hokuyo_ws/src/install/dwb_msgs:/home/asis/hokuyo_ws/src/install/nav_2d_msgs:/home/asis/hokuyo_ws/src/install/nav2_common:/home/asis/hokuyo_ws/install/urg_node2:/home/asis/hokuyo_ws/install/slam_toolbox:/opt/ros/humble LD_LIBRARY_PATH=/home/asis/hokuyo_ws/src/install/dwb_core/lib:/home/asis/hokuyo_ws/src/install/nav2_costmap_2d/lib:/home/asis/hokuyo_ws/src/install/nav_2d_utils/lib:/home/asis/hokuyo_ws/src/install/nav2_util/lib:/home/asis/hokuyo_ws/src/install/nav2_voxel_grid/lib:/home/asis/hokuyo_ws/src/install/nav2_msgs/lib:/home/asis/hokuyo_ws/src/install/dwb_msgs/lib:/home/asis/hokuyo_ws/src/install/nav_2d_msgs/lib:${LD_LIBRARY_PATH} PYTHONPATH=/home/asis/hokuyo_ws/src/install/nav2_msgs/local/lib/python3.10/dist-packages:/home/asis/hokuyo_ws/src/install/dwb_msgs/local/lib/python3.10/dist-packages:/home/asis/hokuyo_ws/src/install/nav_2d_msgs/local/lib/python3.10/dist-packages:/home/asis/hokuyo_ws/src/install/nav2_common/local/lib/python3.10/dist-packages:${PYTHONPATH} /usr/bin/cmake --install /home/asis/hokuyo_ws/src/build/dwb_plugins
