Determining if the function sgemm_ exists failed with the following output:
Change Dir: /home/asis/hokuyo_ws/src/build/slam_toolbox/CMakeFiles/CMakeTmp

Run Build Command(s):/usr/bin/gmake -f Makefile cmTC_111f9/fast && /usr/bin/gmake  -f CMakeFiles/cmTC_111f9.dir/build.make CMakeFiles/cmTC_111f9.dir/build
gmake[1]: Entering directory '/home/asis/hokuyo_ws/src/build/slam_toolbox/CMakeFiles/CMakeTmp'
Building C object CMakeFiles/cmTC_111f9.dir/CheckFunctionExists.c.o
/usr/bin/cc   -DCHECK_FUNCTION_EXISTS=sgemm_ -o CMakeFiles/cmTC_111f9.dir/CheckFunctionExists.c.o -c /usr/share/cmake-3.22/Modules/CheckFunctionExists.c
Linking C executable cmTC_111f9
/usr/bin/cmake -E cmake_link_script CMakeFiles/cmTC_111f9.dir/link.txt --verbose=1
/usr/bin/cc  -DCHECK_FUNCTION_EXISTS=sgemm_ CMakeFiles/cmTC_111f9.dir/CheckFunctionExists.c.o -o cmTC_111f9 
/usr/bin/ld: CMakeFiles/cmTC_111f9.dir/CheckFunctionExists.c.o: in function `main':
CheckFunctionExists.c:(.text+0x14): undefined reference to `sgemm_'
collect2: error: ld returned 1 exit status
gmake[1]: *** [CMakeFiles/cmTC_111f9.dir/build.make:99: cmTC_111f9] Error 1
gmake[1]: Leaving directory '/home/asis/hokuyo_ws/src/build/slam_toolbox/CMakeFiles/CMakeTmp'
gmake: *** [Makefile:127: cmTC_111f9/fast] Error 2



Determining if the function cheev_ exists failed with the following output:
Change Dir: /home/asis/hokuyo_ws/src/build/slam_toolbox/CMakeFiles/CMakeTmp

Run Build Command(s):/usr/bin/gmake -f Makefile cmTC_00472/fast && /usr/bin/gmake  -f CMakeFiles/cmTC_00472.dir/build.make CMakeFiles/cmTC_00472.dir/build
gmake[1]: Entering directory '/home/asis/hokuyo_ws/src/build/slam_toolbox/CMakeFiles/CMakeTmp'
Building C object CMakeFiles/cmTC_00472.dir/CheckFunctionExists.c.o
/usr/bin/cc   -DCHECK_FUNCTION_EXISTS=cheev_ -o CMakeFiles/cmTC_00472.dir/CheckFunctionExists.c.o -c /usr/share/cmake-3.22/Modules/CheckFunctionExists.c
Linking C executable cmTC_00472
/usr/bin/cmake -E cmake_link_script CMakeFiles/cmTC_00472.dir/link.txt --verbose=1
/usr/bin/cc  -DCHECK_FUNCTION_EXISTS=cheev_ CMakeFiles/cmTC_00472.dir/CheckFunctionExists.c.o -o cmTC_00472  /usr/lib/x86_64-linux-gnu/libblas.so -lm -ldl 
/usr/bin/ld: CMakeFiles/cmTC_00472.dir/CheckFunctionExists.c.o: in function `main':
CheckFunctionExists.c:(.text+0x14): undefined reference to `cheev_'
collect2: error: ld returned 1 exit status
gmake[1]: *** [CMakeFiles/cmTC_00472.dir/build.make:100: cmTC_00472] Error 1
gmake[1]: Leaving directory '/home/asis/hokuyo_ws/src/build/slam_toolbox/CMakeFiles/CMakeTmp'
gmake: *** [Makefile:127: cmTC_00472/fast] Error 2



Determining if the function cheev_ exists failed with the following output:
Change Dir: /home/asis/hokuyo_ws/src/build/slam_toolbox/CMakeFiles/CMakeTmp

Run Build Command(s):/usr/bin/gmake -f Makefile cmTC_20520/fast && /usr/bin/gmake  -f CMakeFiles/cmTC_20520.dir/build.make CMakeFiles/cmTC_20520.dir/build
gmake[1]: Entering directory '/home/asis/hokuyo_ws/src/build/slam_toolbox/CMakeFiles/CMakeTmp'
Building C object CMakeFiles/cmTC_20520.dir/CheckFunctionExists.c.o
/usr/bin/cc   -DCHECK_FUNCTION_EXISTS=cheev_ -o CMakeFiles/cmTC_20520.dir/CheckFunctionExists.c.o -c /usr/share/cmake-3.22/Modules/CheckFunctionExists.c
Linking C executable cmTC_20520
/usr/bin/cmake -E cmake_link_script CMakeFiles/cmTC_20520.dir/link.txt --verbose=1
/usr/bin/cc  -DCHECK_FUNCTION_EXISTS=cheev_ CMakeFiles/cmTC_20520.dir/CheckFunctionExists.c.o -o cmTC_20520  /usr/lib/x86_64-linux-gnu/liblapack.so /usr/lib/x86_64-linux-gnu/libblas.so -fortranlibs 
cc: error: unrecognized command-line option ‘-fortranlibs’
gmake[1]: *** [CMakeFiles/cmTC_20520.dir/build.make:101: cmTC_20520] Error 1
gmake[1]: Leaving directory '/home/asis/hokuyo_ws/src/build/slam_toolbox/CMakeFiles/CMakeTmp'
gmake: *** [Makefile:127: cmTC_20520/fast] Error 2



