[0.047s] Invoking command in '/home/asis/hokuyo_ws/src/build/nav2_behaviors': AMENT_PREFIX_PATH=/home/asis/hokuyo_ws/src/install/nav2_core:/home/asis/hokuyo_ws/src/install/nav2_costmap_2d:/home/asis/hokuyo_ws/src/install/nav2_behavior_tree:/home/asis/hokuyo_ws/src/install/nav2_util:/home/asis/hokuyo_ws/src/install/nav2_voxel_grid:/home/asis/hokuyo_ws/src/install/nav2_msgs:/home/asis/hokuyo_ws/src/install/nav2_common:/home/asis/hokuyo_ws/src/install/behaviortree_cpp_v3:${AMENT_PREFIX_PATH} CMAKE_PREFIX_PATH=/home/asis/hokuyo_ws/src/install/nav2_core:/home/asis/hokuyo_ws/src/install/nav2_costmap_2d:/home/asis/hokuyo_ws/src/install/nav2_behavior_tree:/home/asis/hokuyo_ws/src/install/nav2_util:/home/asis/hokuyo_ws/src/install/nav2_voxel_grid:/home/asis/hokuyo_ws/src/install/nav2_msgs:/home/asis/hokuyo_ws/src/install/nav2_common:/home/asis/hokuyo_ws/src/install/behaviortree_cpp_v3:/home/asis/hokuyo_ws/install/urg_node2:/home/asis/hokuyo_ws/install/slam_toolbox:/opt/ros/humble LD_LIBRARY_PATH=/home/asis/hokuyo_ws/src/install/nav2_costmap_2d/lib:/home/asis/hokuyo_ws/src/install/nav2_behavior_tree/lib:/home/asis/hokuyo_ws/src/install/nav2_util/lib:/home/asis/hokuyo_ws/src/install/nav2_voxel_grid/lib:/home/asis/hokuyo_ws/src/install/nav2_msgs/lib:/home/asis/hokuyo_ws/src/install/behaviortree_cpp_v3/lib:${LD_LIBRARY_PATH} PATH=/home/asis/hokuyo_ws/src/install/behaviortree_cpp_v3/bin:${PATH} PYTHONPATH=/home/asis/hokuyo_ws/src/install/nav2_msgs/local/lib/python3.10/dist-packages:/home/asis/hokuyo_ws/src/install/nav2_common/local/lib/python3.10/dist-packages:${PYTHONPATH} /usr/bin/cmake /home/asis/hokuyo_ws/src/navigation2/nav2_behaviors -DCMAKE_INSTALL_PREFIX=/home/asis/hokuyo_ws/src/install/nav2_behaviors
[10.038s] -- The C compiler identification is GNU 11.4.0
[10.038s] -- The CXX compiler identification is GNU 11.4.0
[10.038s] -- Detecting C compiler ABI info
[10.038s] -- Detecting C compiler ABI info - done
[10.038s] -- Check for working C compiler: /usr/bin/cc - skipped
[10.038s] -- Detecting C compile features
[10.040s] -- Detecting C compile features - done
[10.040s] -- Detecting CXX compiler ABI info
[10.040s] -- Detecting CXX compiler ABI info - done
[10.040s] -- Check for working CXX compiler: /usr/bin/c++ - skipped
[10.041s] -- Detecting CXX compile features
[10.041s] -- Detecting CXX compile features - done
[10.041s] -- Found ament_cmake: 1.3.9 (/opt/ros/humble/share/ament_cmake/cmake)
[10.041s] -- Found Python3: /usr/bin/python3 (found version "3.10.12") found components: Interpreter 
[10.041s] -- Found nav2_common: 1.1.15 (/home/asis/hokuyo_ws/src/install/nav2_common/share/nav2_common/cmake)
[10.041s] -- Found rclcpp: 16.0.9 (/opt/ros/humble/share/rclcpp/cmake)
[10.041s] -- Found rosidl_generator_c: 3.1.5 (/opt/ros/humble/share/rosidl_generator_c/cmake)
[10.041s] -- Found rosidl_adapter: 3.1.5 (/opt/ros/humble/share/rosidl_adapter/cmake)
[10.041s] -- Found rosidl_generator_cpp: 3.1.5 (/opt/ros/humble/share/rosidl_generator_cpp/cmake)
[10.041s] -- Using all available rosidl_typesupport_c: rosidl_typesupport_fastrtps_c;rosidl_typesupport_introspection_c
[10.041s] -- Using all available rosidl_typesupport_cpp: rosidl_typesupport_fastrtps_cpp;rosidl_typesupport_introspection_cpp
[10.041s] -- Found rmw_implementation_cmake: 6.1.2 (/opt/ros/humble/share/rmw_implementation_cmake/cmake)
[10.042s] -- Found rmw_fastrtps_cpp: 6.2.6 (/opt/ros/humble/share/rmw_fastrtps_cpp/cmake)
[10.042s] -- Found OpenSSL: /usr/lib/x86_64-linux-gnu/libcrypto.so (found version "3.0.2")  
[10.042s] -- Found FastRTPS: /opt/ros/humble/include  
[10.042s] -- Using RMW implementation 'rmw_fastrtps_cpp' as default
[10.042s] -- Looking for pthread.h
[10.042s] -- Looking for pthread.h - found
[10.042s] -- Performing Test CMAKE_HAVE_LIBC_PTHREAD
[10.042s] -- Performing Test CMAKE_HAVE_LIBC_PTHREAD - Success
[10.042s] -- Found Threads: TRUE  
[10.042s] -- Found rclcpp_action: 16.0.9 (/opt/ros/humble/share/rclcpp_action/cmake)
[10.042s] -- Found rclcpp_lifecycle: 16.0.9 (/opt/ros/humble/share/rclcpp_lifecycle/cmake)
[10.042s] -- Found rclcpp_components: 16.0.9 (/opt/ros/humble/share/rclcpp_components/cmake)
[10.042s] -- Found nav2_behavior_tree: 1.1.15 (/home/asis/hokuyo_ws/src/install/nav2_behavior_tree/share/nav2_behavior_tree/cmake)
[10.043s] -- Found eigen3_cmake_module: 0.1.1 (/opt/ros/humble/share/eigen3_cmake_module/cmake)
[10.043s] -- Found Eigen3: TRUE (found version "3.4.0") 
[10.043s] -- Ensuring Eigen3 include directory is part of orocos-kdl CMake target
[10.043s] -- Found nav2_costmap_2d: 1.1.15 (/home/asis/hokuyo_ws/src/install/nav2_costmap_2d/share/nav2_costmap_2d/cmake)
[10.043s] -- Found nav2_core: 1.1.15 (/home/asis/hokuyo_ws/src/install/nav2_core/share/nav2_core/cmake)
[10.043s] -- Setting build type to Release as none was specified.
[67.025s] -- Found ament_lint_auto: 0.12.11 (/opt/ros/humble/share/ament_lint_auto/cmake)
[67.171s] -- Found gtest sources under '/opt/ros/humble/src/gtest_vendor': C++ tests using 'Google Test' will be built
[73.183s] -- Added test 'copyright' to check source files copyright and LICENSE
[73.186s] -- Added test 'cppcheck' to perform static code analysis on C / C++ code
[73.189s] -- Configured cppcheck include dirs: /home/asis/hokuyo_ws/src/navigation2/nav2_behaviors/include
[73.190s] -- Configured cppcheck exclude dirs and/or files: 
[73.191s] -- Added test 'cpplint' to check C / C++ code against the Google style
[73.192s] -- Configured cpplint exclude dirs and/or files: 
[73.193s] -- Added test 'lint_cmake' to check CMake code style
[73.195s] -- Added test 'uncrustify' to check C / C++ code style
[73.195s] -- Configured uncrustify additional arguments: 
[73.196s] -- Added test 'xmllint' to check XML markup files
[73.200s] -- Configuring done
[74.206s] -- Generating done
[74.251s] -- Build files have been written to: /home/asis/hokuyo_ws/src/build/nav2_behaviors
[74.287s] Invoked command in '/home/asis/hokuyo_ws/src/build/nav2_behaviors' returned '0': AMENT_PREFIX_PATH=/home/asis/hokuyo_ws/src/install/nav2_core:/home/asis/hokuyo_ws/src/install/nav2_costmap_2d:/home/asis/hokuyo_ws/src/install/nav2_behavior_tree:/home/asis/hokuyo_ws/src/install/nav2_util:/home/asis/hokuyo_ws/src/install/nav2_voxel_grid:/home/asis/hokuyo_ws/src/install/nav2_msgs:/home/asis/hokuyo_ws/src/install/nav2_common:/home/asis/hokuyo_ws/src/install/behaviortree_cpp_v3:${AMENT_PREFIX_PATH} CMAKE_PREFIX_PATH=/home/asis/hokuyo_ws/src/install/nav2_core:/home/asis/hokuyo_ws/src/install/nav2_costmap_2d:/home/asis/hokuyo_ws/src/install/nav2_behavior_tree:/home/asis/hokuyo_ws/src/install/nav2_util:/home/asis/hokuyo_ws/src/install/nav2_voxel_grid:/home/asis/hokuyo_ws/src/install/nav2_msgs:/home/asis/hokuyo_ws/src/install/nav2_common:/home/asis/hokuyo_ws/src/install/behaviortree_cpp_v3:/home/asis/hokuyo_ws/install/urg_node2:/home/asis/hokuyo_ws/install/slam_toolbox:/opt/ros/humble LD_LIBRARY_PATH=/home/asis/hokuyo_ws/src/install/nav2_costmap_2d/lib:/home/asis/hokuyo_ws/src/install/nav2_behavior_tree/lib:/home/asis/hokuyo_ws/src/install/nav2_util/lib:/home/asis/hokuyo_ws/src/install/nav2_voxel_grid/lib:/home/asis/hokuyo_ws/src/install/nav2_msgs/lib:/home/asis/hokuyo_ws/src/install/behaviortree_cpp_v3/lib:${LD_LIBRARY_PATH} PATH=/home/asis/hokuyo_ws/src/install/behaviortree_cpp_v3/bin:${PATH} PYTHONPATH=/home/asis/hokuyo_ws/src/install/nav2_msgs/local/lib/python3.10/dist-packages:/home/asis/hokuyo_ws/src/install/nav2_common/local/lib/python3.10/dist-packages:${PYTHONPATH} /usr/bin/cmake /home/asis/hokuyo_ws/src/navigation2/nav2_behaviors -DCMAKE_INSTALL_PREFIX=/home/asis/hokuyo_ws/src/install/nav2_behaviors
[74.288s] Invoking command in '/home/asis/hokuyo_ws/src/build/nav2_behaviors': AMENT_PREFIX_PATH=/home/asis/hokuyo_ws/src/install/nav2_core:/home/asis/hokuyo_ws/src/install/nav2_costmap_2d:/home/asis/hokuyo_ws/src/install/nav2_behavior_tree:/home/asis/hokuyo_ws/src/install/nav2_util:/home/asis/hokuyo_ws/src/install/nav2_voxel_grid:/home/asis/hokuyo_ws/src/install/nav2_msgs:/home/asis/hokuyo_ws/src/install/nav2_common:/home/asis/hokuyo_ws/src/install/behaviortree_cpp_v3:${AMENT_PREFIX_PATH} CMAKE_PREFIX_PATH=/home/asis/hokuyo_ws/src/install/nav2_core:/home/asis/hokuyo_ws/src/install/nav2_costmap_2d:/home/asis/hokuyo_ws/src/install/nav2_behavior_tree:/home/asis/hokuyo_ws/src/install/nav2_util:/home/asis/hokuyo_ws/src/install/nav2_voxel_grid:/home/asis/hokuyo_ws/src/install/nav2_msgs:/home/asis/hokuyo_ws/src/install/nav2_common:/home/asis/hokuyo_ws/src/install/behaviortree_cpp_v3:/home/asis/hokuyo_ws/install/urg_node2:/home/asis/hokuyo_ws/install/slam_toolbox:/opt/ros/humble LD_LIBRARY_PATH=/home/asis/hokuyo_ws/src/install/nav2_costmap_2d/lib:/home/asis/hokuyo_ws/src/install/nav2_behavior_tree/lib:/home/asis/hokuyo_ws/src/install/nav2_util/lib:/home/asis/hokuyo_ws/src/install/nav2_voxel_grid/lib:/home/asis/hokuyo_ws/src/install/nav2_msgs/lib:/home/asis/hokuyo_ws/src/install/behaviortree_cpp_v3/lib:${LD_LIBRARY_PATH} PATH=/home/asis/hokuyo_ws/src/install/behaviortree_cpp_v3/bin:${PATH} PYTHONPATH=/home/asis/hokuyo_ws/src/install/nav2_msgs/local/lib/python3.10/dist-packages:/home/asis/hokuyo_ws/src/install/nav2_common/local/lib/python3.10/dist-packages:${PYTHONPATH} /usr/bin/cmake --build /home/asis/hokuyo_ws/src/build/nav2_behaviors -- -j8 -l8
[89.331s] [  5%] [32mBuilding CXX object CMakeFiles/nav2_spin_behavior.dir/plugins/spin.cpp.o[0m
[89.331s] [ 10%] [32m[1mLinking CXX shared library libnav2_spin_behavior.so[0m
[89.775s] [ 10%] Built target nav2_spin_behavior
[89.798s] [ 15%] [32mBuilding CXX object gtest/CMakeFiles/gtest.dir/src/gtest-all.cc.o[0m
[99.739s] [ 20%] [32m[1mLinking CXX static library libgtest.a[0m
[99.817s] [ 20%] Built target gtest
[99.852s] [ 25%] [32mBuilding CXX object gtest/CMakeFiles/gtest_main.dir/src/gtest_main.cc.o[0m
[101.330s] [ 30%] [32m[1mLinking CXX static library libgtest_main.a[0m
[101.382s] [ 30%] Built target gtest_main
[101.419s] [ 35%] [32mBuilding CXX object CMakeFiles/behavior_server_core.dir/src/behavior_server.cpp.o[0m
[115.805s] [ 40%] [32m[1mLinking CXX shared library libbehavior_server_core.so[0m
[117.440s] [ 40%] Built target behavior_server_core
[117.475s] [ 45%] [32mBuilding CXX object test/CMakeFiles/test_behaviors.dir/test_behaviors.cpp.o[0m
[144.460s] [ 50%] [32m[1mLinking CXX executable test_behaviors[0m
[146.083s] [ 50%] Built target test_behaviors
[146.204s] [ 55%] [32mBuilding CXX object CMakeFiles/behavior_server.dir/src/main.cpp.o[0m
[155.251s] [ 60%] [32m[1mLinking CXX executable behavior_server[0m
[155.864s] [ 60%] Built target behavior_server
[155.902s] [ 65%] [32mBuilding CXX object CMakeFiles/nav2_assisted_teleop_behavior.dir/plugins/assisted_teleop.cpp.o[0m
[178.492s] [ 70%] [32m[1mLinking CXX shared library libnav2_assisted_teleop_behavior.so[0m
[179.058s] [ 70%] Built target nav2_assisted_teleop_behavior
[179.085s] [ 75%] [32mBuilding CXX object CMakeFiles/nav2_back_up_behavior.dir/plugins/back_up.cpp.o[0m
[187.838s] [ 80%] [32m[1mLinking CXX shared library libnav2_back_up_behavior.so[0m
[188.288s] [ 80%] Built target nav2_back_up_behavior
[188.313s] [ 85%] [32mBuilding CXX object CMakeFiles/nav2_drive_on_heading_behavior.dir/plugins/drive_on_heading.cpp.o[0m
[196.949s] [ 90%] [32m[1mLinking CXX shared library libnav2_drive_on_heading_behavior.so[0m
[197.435s] [ 90%] Built target nav2_drive_on_heading_behavior
[197.465s] [ 95%] [32mBuilding CXX object CMakeFiles/nav2_wait_behavior.dir/plugins/wait.cpp.o[0m
[215.174s] [100%] [32m[1mLinking CXX shared library libnav2_wait_behavior.so[0m
[216.713s] [100%] Built target nav2_wait_behavior
[216.778s] Invoked command in '/home/asis/hokuyo_ws/src/build/nav2_behaviors' returned '0': AMENT_PREFIX_PATH=/home/asis/hokuyo_ws/src/install/nav2_core:/home/asis/hokuyo_ws/src/install/nav2_costmap_2d:/home/asis/hokuyo_ws/src/install/nav2_behavior_tree:/home/asis/hokuyo_ws/src/install/nav2_util:/home/asis/hokuyo_ws/src/install/nav2_voxel_grid:/home/asis/hokuyo_ws/src/install/nav2_msgs:/home/asis/hokuyo_ws/src/install/nav2_common:/home/asis/hokuyo_ws/src/install/behaviortree_cpp_v3:${AMENT_PREFIX_PATH} CMAKE_PREFIX_PATH=/home/asis/hokuyo_ws/src/install/nav2_core:/home/asis/hokuyo_ws/src/install/nav2_costmap_2d:/home/asis/hokuyo_ws/src/install/nav2_behavior_tree:/home/asis/hokuyo_ws/src/install/nav2_util:/home/asis/hokuyo_ws/src/install/nav2_voxel_grid:/home/asis/hokuyo_ws/src/install/nav2_msgs:/home/asis/hokuyo_ws/src/install/nav2_common:/home/asis/hokuyo_ws/src/install/behaviortree_cpp_v3:/home/asis/hokuyo_ws/install/urg_node2:/home/asis/hokuyo_ws/install/slam_toolbox:/opt/ros/humble LD_LIBRARY_PATH=/home/asis/hokuyo_ws/src/install/nav2_costmap_2d/lib:/home/asis/hokuyo_ws/src/install/nav2_behavior_tree/lib:/home/asis/hokuyo_ws/src/install/nav2_util/lib:/home/asis/hokuyo_ws/src/install/nav2_voxel_grid/lib:/home/asis/hokuyo_ws/src/install/nav2_msgs/lib:/home/asis/hokuyo_ws/src/install/behaviortree_cpp_v3/lib:${LD_LIBRARY_PATH} PATH=/home/asis/hokuyo_ws/src/install/behaviortree_cpp_v3/bin:${PATH} PYTHONPATH=/home/asis/hokuyo_ws/src/install/nav2_msgs/local/lib/python3.10/dist-packages:/home/asis/hokuyo_ws/src/install/nav2_common/local/lib/python3.10/dist-packages:${PYTHONPATH} /usr/bin/cmake --build /home/asis/hokuyo_ws/src/build/nav2_behaviors -- -j8 -l8
[217.596s] Invoking command in '/home/asis/hokuyo_ws/src/build/nav2_behaviors': AMENT_PREFIX_PATH=/home/asis/hokuyo_ws/src/install/nav2_core:/home/asis/hokuyo_ws/src/install/nav2_costmap_2d:/home/asis/hokuyo_ws/src/install/nav2_behavior_tree:/home/asis/hokuyo_ws/src/install/nav2_util:/home/asis/hokuyo_ws/src/install/nav2_voxel_grid:/home/asis/hokuyo_ws/src/install/nav2_msgs:/home/asis/hokuyo_ws/src/install/nav2_common:/home/asis/hokuyo_ws/src/install/behaviortree_cpp_v3:${AMENT_PREFIX_PATH} CMAKE_PREFIX_PATH=/home/asis/hokuyo_ws/src/install/nav2_core:/home/asis/hokuyo_ws/src/install/nav2_costmap_2d:/home/asis/hokuyo_ws/src/install/nav2_behavior_tree:/home/asis/hokuyo_ws/src/install/nav2_util:/home/asis/hokuyo_ws/src/install/nav2_voxel_grid:/home/asis/hokuyo_ws/src/install/nav2_msgs:/home/asis/hokuyo_ws/src/install/nav2_common:/home/asis/hokuyo_ws/src/install/behaviortree_cpp_v3:/home/asis/hokuyo_ws/install/urg_node2:/home/asis/hokuyo_ws/install/slam_toolbox:/opt/ros/humble LD_LIBRARY_PATH=/home/asis/hokuyo_ws/src/install/nav2_costmap_2d/lib:/home/asis/hokuyo_ws/src/install/nav2_behavior_tree/lib:/home/asis/hokuyo_ws/src/install/nav2_util/lib:/home/asis/hokuyo_ws/src/install/nav2_voxel_grid/lib:/home/asis/hokuyo_ws/src/install/nav2_msgs/lib:/home/asis/hokuyo_ws/src/install/behaviortree_cpp_v3/lib:${LD_LIBRARY_PATH} PATH=/home/asis/hokuyo_ws/src/install/behaviortree_cpp_v3/bin:${PATH} PYTHONPATH=/home/asis/hokuyo_ws/src/install/nav2_msgs/local/lib/python3.10/dist-packages:/home/asis/hokuyo_ws/src/install/nav2_common/local/lib/python3.10/dist-packages:${PYTHONPATH} /usr/bin/cmake --install /home/asis/hokuyo_ws/src/build/nav2_behaviors
[217.615s] -- Install configuration: "Release"
[217.616s] -- Installing: /home/asis/hokuyo_ws/src/install/nav2_behaviors/share/nav2_behaviors/behavior_plugin.xml
[217.616s] -- Installing: /home/asis/hokuyo_ws/src/install/nav2_behaviors/lib/libbehavior_server_core.so
[217.617s] -- Set runtime path of "/home/asis/hokuyo_ws/src/install/nav2_behaviors/lib/libbehavior_server_core.so" to ""
[217.618s] -- Installing: /home/asis/hokuyo_ws/src/install/nav2_behaviors/lib/libnav2_spin_behavior.so
[217.619s] -- Set runtime path of "/home/asis/hokuyo_ws/src/install/nav2_behaviors/lib/libnav2_spin_behavior.so" to ""
[217.619s] -- Installing: /home/asis/hokuyo_ws/src/install/nav2_behaviors/lib/libnav2_wait_behavior.so
[217.621s] -- Set runtime path of "/home/asis/hokuyo_ws/src/install/nav2_behaviors/lib/libnav2_wait_behavior.so" to ""
[217.621s] -- Installing: /home/asis/hokuyo_ws/src/install/nav2_behaviors/lib/libnav2_assisted_teleop_behavior.so
[217.625s] -- Set runtime path of "/home/asis/hokuyo_ws/src/install/nav2_behaviors/lib/libnav2_assisted_teleop_behavior.so" to ""
[217.625s] -- Installing: /home/asis/hokuyo_ws/src/install/nav2_behaviors/lib/libnav2_drive_on_heading_behavior.so
[217.626s] -- Set runtime path of "/home/asis/hokuyo_ws/src/install/nav2_behaviors/lib/libnav2_drive_on_heading_behavior.so" to ""
[217.627s] -- Installing: /home/asis/hokuyo_ws/src/install/nav2_behaviors/lib/libnav2_back_up_behavior.so
[217.628s] -- Set runtime path of "/home/asis/hokuyo_ws/src/install/nav2_behaviors/lib/libnav2_back_up_behavior.so" to ""
[217.629s] -- Installing: /home/asis/hokuyo_ws/src/install/nav2_behaviors/lib/nav2_behaviors/behavior_server
[217.629s] -- Set runtime path of "/home/asis/hokuyo_ws/src/install/nav2_behaviors/lib/nav2_behaviors/behavior_server" to ""
[217.630s] -- Installing: /home/asis/hokuyo_ws/src/install/nav2_behaviors/include/
[217.630s] -- Installing: /home/asis/hokuyo_ws/src/install/nav2_behaviors/include//nav2_behaviors
[217.630s] -- Installing: /home/asis/hokuyo_ws/src/install/nav2_behaviors/include//nav2_behaviors/plugins
[217.630s] -- Installing: /home/asis/hokuyo_ws/src/install/nav2_behaviors/include//nav2_behaviors/plugins/spin.hpp
[217.630s] -- Installing: /home/asis/hokuyo_ws/src/install/nav2_behaviors/include//nav2_behaviors/plugins/back_up.hpp
[217.630s] -- Installing: /home/asis/hokuyo_ws/src/install/nav2_behaviors/include//nav2_behaviors/plugins/assisted_teleop.hpp
[217.631s] -- Installing: /home/asis/hokuyo_ws/src/install/nav2_behaviors/include//nav2_behaviors/plugins/wait.hpp
[217.631s] -- Installing: /home/asis/hokuyo_ws/src/install/nav2_behaviors/include//nav2_behaviors/plugins/drive_on_heading.hpp
[217.631s] -- Installing: /home/asis/hokuyo_ws/src/install/nav2_behaviors/include//nav2_behaviors/behavior_server.hpp
[217.631s] -- Installing: /home/asis/hokuyo_ws/src/install/nav2_behaviors/include//nav2_behaviors/timed_behavior.hpp
[217.631s] -- Up-to-date: /home/asis/hokuyo_ws/src/install/nav2_behaviors/share/nav2_behaviors/behavior_plugin.xml
[217.631s] -- Installing: /home/asis/hokuyo_ws/src/install/nav2_behaviors/share/nav2_behaviors/plugins/
[217.632s] -- Installing: /home/asis/hokuyo_ws/src/install/nav2_behaviors/share/nav2_behaviors/plugins//drive_on_heading.cpp
[217.632s] -- Installing: /home/asis/hokuyo_ws/src/install/nav2_behaviors/share/nav2_behaviors/plugins//wait.cpp
[217.632s] -- Installing: /home/asis/hokuyo_ws/src/install/nav2_behaviors/share/nav2_behaviors/plugins//spin.cpp
[217.632s] -- Installing: /home/asis/hokuyo_ws/src/install/nav2_behaviors/share/nav2_behaviors/plugins//assisted_teleop.cpp
[217.632s] -- Installing: /home/asis/hokuyo_ws/src/install/nav2_behaviors/share/nav2_behaviors/plugins//back_up.cpp
[217.633s] -- Installing: /home/asis/hokuyo_ws/src/install/nav2_behaviors/share/nav2_behaviors/environment/library_path.sh
[217.633s] -- Installing: /home/asis/hokuyo_ws/src/install/nav2_behaviors/share/nav2_behaviors/environment/library_path.dsv
[217.633s] -- Installing: /home/asis/hokuyo_ws/src/install/nav2_behaviors/share/ament_index/resource_index/package_run_dependencies/nav2_behaviors
[217.634s] -- Installing: /home/asis/hokuyo_ws/src/install/nav2_behaviors/share/ament_index/resource_index/parent_prefix_path/nav2_behaviors
[217.634s] -- Installing: /home/asis/hokuyo_ws/src/install/nav2_behaviors/share/nav2_behaviors/environment/ament_prefix_path.sh
[217.634s] -- Installing: /home/asis/hokuyo_ws/src/install/nav2_behaviors/share/nav2_behaviors/environment/ament_prefix_path.dsv
[217.634s] -- Installing: /home/asis/hokuyo_ws/src/install/nav2_behaviors/share/nav2_behaviors/environment/path.sh
[217.635s] -- Installing: /home/asis/hokuyo_ws/src/install/nav2_behaviors/share/nav2_behaviors/environment/path.dsv
[217.635s] -- Installing: /home/asis/hokuyo_ws/src/install/nav2_behaviors/share/nav2_behaviors/local_setup.bash
[217.635s] -- Installing: /home/asis/hokuyo_ws/src/install/nav2_behaviors/share/nav2_behaviors/local_setup.sh
[217.635s] -- Installing: /home/asis/hokuyo_ws/src/install/nav2_behaviors/share/nav2_behaviors/local_setup.zsh
[217.636s] -- Installing: /home/asis/hokuyo_ws/src/install/nav2_behaviors/share/nav2_behaviors/local_setup.dsv
[217.636s] -- Installing: /home/asis/hokuyo_ws/src/install/nav2_behaviors/share/nav2_behaviors/package.dsv
[217.648s] -- Installing: /home/asis/hokuyo_ws/src/install/nav2_behaviors/share/ament_index/resource_index/packages/nav2_behaviors
[217.649s] -- Installing: /home/asis/hokuyo_ws/src/install/nav2_behaviors/share/ament_index/resource_index/nav2_core__pluginlib__plugin/nav2_behaviors
[217.649s] -- Installing: /home/asis/hokuyo_ws/src/install/nav2_behaviors/share/ament_index/resource_index/rclcpp_components/nav2_behaviors
[217.649s] -- Installing: /home/asis/hokuyo_ws/src/install/nav2_behaviors/share/nav2_behaviors/cmake/ament_cmake_export_include_directories-extras.cmake
[217.650s] -- Installing: /home/asis/hokuyo_ws/src/install/nav2_behaviors/share/nav2_behaviors/cmake/ament_cmake_export_libraries-extras.cmake
[217.650s] -- Installing: /home/asis/hokuyo_ws/src/install/nav2_behaviors/share/nav2_behaviors/cmake/ament_cmake_export_dependencies-extras.cmake
[217.650s] -- Installing: /home/asis/hokuyo_ws/src/install/nav2_behaviors/share/nav2_behaviors/cmake/nav2_behaviorsConfig.cmake
[217.650s] -- Installing: /home/asis/hokuyo_ws/src/install/nav2_behaviors/share/nav2_behaviors/cmake/nav2_behaviorsConfig-version.cmake
[217.651s] -- Installing: /home/asis/hokuyo_ws/src/install/nav2_behaviors/share/nav2_behaviors/package.xml
[217.663s] Invoked command in '/home/asis/hokuyo_ws/src/build/nav2_behaviors' returned '0': AMENT_PREFIX_PATH=/home/asis/hokuyo_ws/src/install/nav2_core:/home/asis/hokuyo_ws/src/install/nav2_costmap_2d:/home/asis/hokuyo_ws/src/install/nav2_behavior_tree:/home/asis/hokuyo_ws/src/install/nav2_util:/home/asis/hokuyo_ws/src/install/nav2_voxel_grid:/home/asis/hokuyo_ws/src/install/nav2_msgs:/home/asis/hokuyo_ws/src/install/nav2_common:/home/asis/hokuyo_ws/src/install/behaviortree_cpp_v3:${AMENT_PREFIX_PATH} CMAKE_PREFIX_PATH=/home/asis/hokuyo_ws/src/install/nav2_core:/home/asis/hokuyo_ws/src/install/nav2_costmap_2d:/home/asis/hokuyo_ws/src/install/nav2_behavior_tree:/home/asis/hokuyo_ws/src/install/nav2_util:/home/asis/hokuyo_ws/src/install/nav2_voxel_grid:/home/asis/hokuyo_ws/src/install/nav2_msgs:/home/asis/hokuyo_ws/src/install/nav2_common:/home/asis/hokuyo_ws/src/install/behaviortree_cpp_v3:/home/asis/hokuyo_ws/install/urg_node2:/home/asis/hokuyo_ws/install/slam_toolbox:/opt/ros/humble LD_LIBRARY_PATH=/home/asis/hokuyo_ws/src/install/nav2_costmap_2d/lib:/home/asis/hokuyo_ws/src/install/nav2_behavior_tree/lib:/home/asis/hokuyo_ws/src/install/nav2_util/lib:/home/asis/hokuyo_ws/src/install/nav2_voxel_grid/lib:/home/asis/hokuyo_ws/src/install/nav2_msgs/lib:/home/asis/hokuyo_ws/src/install/behaviortree_cpp_v3/lib:${LD_LIBRARY_PATH} PATH=/home/asis/hokuyo_ws/src/install/behaviortree_cpp_v3/bin:${PATH} PYTHONPATH=/home/asis/hokuyo_ws/src/install/nav2_msgs/local/lib/python3.10/dist-packages:/home/asis/hokuyo_ws/src/install/nav2_common/local/lib/python3.10/dist-packages:${PYTHONPATH} /usr/bin/cmake --install /home/asis/hokuyo_ws/src/build/nav2_behaviors
