[0.158s] DEBUG:colcon:Command line arguments: ['/usr/bin/colcon', 'build']
[0.158s] DEBUG:colcon:Parsed command line arguments: Namespace(log_base=None, log_level=None, verb_name='build', build_base='build', install_base='install', merge_install=False, symlink_install=False, test_result_base=None, continue_on_error=False, executor='parallel', parallel_workers=8, event_handlers=None, ignore_user_meta=False, metas=['./colcon.meta'], base_paths=['.'], packages_ignore=None, packages_ignore_regex=None, paths=None, packages_up_to=None, packages_up_to_regex=None, packages_above=None, packages_above_and_dependencies=None, packages_above_depth=None, packages_select_by_dep=None, packages_skip_by_dep=None, packages_skip_up_to=None, packages_select_build_failed=False, packages_skip_build_finished=False, packages_select_test_failures=False, packages_skip_test_passed=False, packages_select=None, packages_skip=None, packages_select_regex=None, packages_skip_regex=None, packages_start=None, packages_end=None, allow_overriding=[], cmake_args=None, cmake_target=None, cmake_target_skip_unavailable=False, cmake_clean_cache=False, cmake_clean_first=False, cmake_force_configure=False, ament_cmake_args=None, catkin_cmake_args=None, catkin_skip_building_tests=False, mixin_files=None, mixin=None, verb_parser=<colcon_mixin.mixin.mixin_argument.MixinArgumentDecorator object at 0x7b8c6193d9c0>, verb_extension=<colcon_core.verb.build.BuildVerb object at 0x7b8c61ab5750>, main=<bound method BuildVerb.main of <colcon_core.verb.build.BuildVerb object at 0x7b8c61ab5750>>, mixin_verb=('build',))
[0.450s] Level 1:colcon.colcon_core.package_discovery:discover_packages(colcon_meta) check parameters
[0.450s] Level 1:colcon.colcon_core.package_discovery:discover_packages(recursive) check parameters
[0.450s] Level 1:colcon.colcon_core.package_discovery:discover_packages(ignore) check parameters
[0.450s] Level 1:colcon.colcon_core.package_discovery:discover_packages(path) check parameters
[0.451s] Level 1:colcon.colcon_core.package_discovery:discover_packages(colcon_meta) discover
[0.451s] Level 1:colcon.colcon_core.package_discovery:discover_packages(recursive) discover
[0.451s] INFO:colcon.colcon_core.package_discovery:Crawling recursively for packages in '/home/asis/hokuyo_ws'
[0.451s] Level 1:colcon.colcon_core.package_identification:_identify(.) by extensions ['ignore', 'ignore_ament_install']
[0.451s] Level 1:colcon.colcon_core.package_identification:_identify(.) by extension 'ignore'
[0.451s] Level 1:colcon.colcon_core.package_identification:_identify(.) by extension 'ignore_ament_install'
[0.451s] Level 1:colcon.colcon_core.package_identification:_identify(.) by extensions ['colcon_pkg']
[0.451s] Level 1:colcon.colcon_core.package_identification:_identify(.) by extension 'colcon_pkg'
[0.451s] Level 1:colcon.colcon_core.package_identification:_identify(.) by extensions ['colcon_meta']
[0.451s] Level 1:colcon.colcon_core.package_identification:_identify(.) by extension 'colcon_meta'
[0.451s] Level 1:colcon.colcon_core.package_identification:_identify(.) by extensions ['ros']
[0.451s] Level 1:colcon.colcon_core.package_identification:_identify(.) by extension 'ros'
[0.480s] Level 1:colcon.colcon_core.package_identification:_identify(.) by extensions ['cmake', 'python']
[0.480s] Level 1:colcon.colcon_core.package_identification:_identify(.) by extension 'cmake'
[0.480s] Level 1:colcon.colcon_core.package_identification:_identify(.) by extension 'python'
[0.480s] Level 1:colcon.colcon_core.package_identification:_identify(.) by extensions ['python_setup_py']
[0.481s] Level 1:colcon.colcon_core.package_identification:_identify(.) by extension 'python_setup_py'
[0.481s] Level 1:colcon.colcon_core.package_identification:_identify(build) by extensions ['ignore', 'ignore_ament_install']
[0.481s] Level 1:colcon.colcon_core.package_identification:_identify(build) by extension 'ignore'
[0.481s] Level 1:colcon.colcon_core.package_identification:_identify(build) ignored
[0.481s] Level 1:colcon.colcon_core.package_identification:_identify(install) by extensions ['ignore', 'ignore_ament_install']
[0.481s] Level 1:colcon.colcon_core.package_identification:_identify(install) by extension 'ignore'
[0.481s] Level 1:colcon.colcon_core.package_identification:_identify(install) ignored
[0.482s] Level 1:colcon.colcon_core.package_identification:_identify(log) by extensions ['ignore', 'ignore_ament_install']
[0.482s] Level 1:colcon.colcon_core.package_identification:_identify(log) by extension 'ignore'
[0.482s] Level 1:colcon.colcon_core.package_identification:_identify(log) ignored
[0.482s] Level 1:colcon.colcon_core.package_identification:_identify(src) by extensions ['ignore', 'ignore_ament_install']
[0.482s] Level 1:colcon.colcon_core.package_identification:_identify(src) by extension 'ignore'
[0.482s] Level 1:colcon.colcon_core.package_identification:_identify(src) by extension 'ignore_ament_install'
[0.482s] Level 1:colcon.colcon_core.package_identification:_identify(src) by extensions ['colcon_pkg']
[0.482s] Level 1:colcon.colcon_core.package_identification:_identify(src) by extension 'colcon_pkg'
[0.482s] Level 1:colcon.colcon_core.package_identification:_identify(src) by extensions ['colcon_meta']
[0.482s] Level 1:colcon.colcon_core.package_identification:_identify(src) by extension 'colcon_meta'
[0.483s] Level 1:colcon.colcon_core.package_identification:_identify(src) by extensions ['ros']
[0.483s] Level 1:colcon.colcon_core.package_identification:_identify(src) by extension 'ros'
[0.483s] Level 1:colcon.colcon_core.package_identification:_identify(src) by extensions ['cmake', 'python']
[0.483s] Level 1:colcon.colcon_core.package_identification:_identify(src) by extension 'cmake'
[0.483s] Level 1:colcon.colcon_core.package_identification:_identify(src) by extension 'python'
[0.483s] Level 1:colcon.colcon_core.package_identification:_identify(src) by extensions ['python_setup_py']
[0.483s] Level 1:colcon.colcon_core.package_identification:_identify(src) by extension 'python_setup_py'
[0.483s] Level 1:colcon.colcon_core.package_identification:_identify(src/urg_node2) by extensions ['ignore', 'ignore_ament_install']
[0.484s] Level 1:colcon.colcon_core.package_identification:_identify(src/urg_node2) by extension 'ignore'
[0.484s] Level 1:colcon.colcon_core.package_identification:_identify(src/urg_node2) by extension 'ignore_ament_install'
[0.484s] Level 1:colcon.colcon_core.package_identification:_identify(src/urg_node2) by extensions ['colcon_pkg']
[0.484s] Level 1:colcon.colcon_core.package_identification:_identify(src/urg_node2) by extension 'colcon_pkg'
[0.484s] Level 1:colcon.colcon_core.package_identification:_identify(src/urg_node2) by extensions ['colcon_meta']
[0.484s] Level 1:colcon.colcon_core.package_identification:_identify(src/urg_node2) by extension 'colcon_meta'
[0.484s] Level 1:colcon.colcon_core.package_identification:_identify(src/urg_node2) by extensions ['ros']
[0.484s] Level 1:colcon.colcon_core.package_identification:_identify(src/urg_node2) by extension 'ros'
[0.489s] DEBUG:colcon.colcon_core.package_identification:Package 'src/urg_node2' with type 'ros.ament_cmake' and name 'urg_node2'
[0.489s] Level 1:colcon.colcon_core.package_discovery:discover_packages(recursive) using defaults
[0.489s] Level 1:colcon.colcon_core.package_discovery:discover_packages(ignore) discover
[0.489s] Level 1:colcon.colcon_core.package_discovery:discover_packages(ignore) using defaults
[0.489s] Level 1:colcon.colcon_core.package_discovery:discover_packages(path) discover
[0.489s] Level 1:colcon.colcon_core.package_discovery:discover_packages(path) using defaults
[0.522s] Level 1:colcon.colcon_core.package_discovery:discover_packages(prefix_path) check parameters
[0.522s] Level 1:colcon.colcon_core.package_discovery:discover_packages(prefix_path) discover
[0.524s] WARNING:colcon.colcon_ros.prefix_path.ament:The path '/home/asis/hokuyo_ws/install/urg_node2' in the environment variable AMENT_PREFIX_PATH doesn't exist
[0.524s] WARNING:colcon.colcon_ros.prefix_path.catkin:The path '/home/asis/hokuyo_ws/install/urg_node2' in the environment variable CMAKE_PREFIX_PATH doesn't exist
[0.525s] DEBUG:colcon.colcon_installed_package_information.package_discovery:Found 0 installed packages in /home/asis/hokuyo_ws/install
[0.526s] DEBUG:colcon.colcon_installed_package_information.package_discovery:Found 297 installed packages in /opt/ros/humble
[0.527s] Level 1:colcon.colcon_core.package_discovery:discover_packages(prefix_path) using defaults
[0.569s] Level 5:colcon.colcon_core.verb:set package 'urg_node2' build argument 'cmake_args' from command line to 'None'
[0.569s] Level 5:colcon.colcon_core.verb:set package 'urg_node2' build argument 'cmake_target' from command line to 'None'
[0.569s] Level 5:colcon.colcon_core.verb:set package 'urg_node2' build argument 'cmake_target_skip_unavailable' from command line to 'False'
[0.569s] Level 5:colcon.colcon_core.verb:set package 'urg_node2' build argument 'cmake_clean_cache' from command line to 'False'
[0.569s] Level 5:colcon.colcon_core.verb:set package 'urg_node2' build argument 'cmake_clean_first' from command line to 'False'
[0.569s] Level 5:colcon.colcon_core.verb:set package 'urg_node2' build argument 'cmake_force_configure' from command line to 'False'
[0.569s] Level 5:colcon.colcon_core.verb:set package 'urg_node2' build argument 'ament_cmake_args' from command line to 'None'
[0.569s] Level 5:colcon.colcon_core.verb:set package 'urg_node2' build argument 'catkin_cmake_args' from command line to 'None'
[0.569s] Level 5:colcon.colcon_core.verb:set package 'urg_node2' build argument 'catkin_skip_building_tests' from command line to 'False'
[0.569s] DEBUG:colcon.colcon_core.verb:Building package 'urg_node2' with the following arguments: {'ament_cmake_args': None, 'build_base': '/home/asis/hokuyo_ws/build/urg_node2', 'catkin_cmake_args': None, 'catkin_skip_building_tests': False, 'cmake_args': None, 'cmake_clean_cache': False, 'cmake_clean_first': False, 'cmake_force_configure': False, 'cmake_target': None, 'cmake_target_skip_unavailable': False, 'install_base': '/home/asis/hokuyo_ws/install/urg_node2', 'merge_install': False, 'path': '/home/asis/hokuyo_ws/src/urg_node2', 'symlink_install': False, 'test_result_base': None}
[0.569s] INFO:colcon.colcon_core.executor:Executing jobs using 'parallel' executor
[0.570s] DEBUG:colcon.colcon_parallel_executor.executor.parallel:run_until_complete
[0.570s] INFO:colcon.colcon_ros.task.ament_cmake.build:Building ROS package in '/home/asis/hokuyo_ws/src/urg_node2' with build type 'ament_cmake'
[0.570s] INFO:colcon.colcon_cmake.task.cmake.build:Building CMake package in '/home/asis/hokuyo_ws/src/urg_node2'
[0.577s] INFO:colcon.colcon_core.plugin_system:Skipping extension 'colcon_core.shell.bat': Not used on non-Windows systems
[0.578s] INFO:colcon.colcon_core.shell:Skip shell extension 'powershell' for command environment: Not usable outside of PowerShell
[0.578s] DEBUG:colcon.colcon_core.shell:Skip shell extension 'dsv' for command environment
[0.591s] DEBUG:colcon.colcon_core.event_handler.log_command:Invoking command in '/home/asis/hokuyo_ws/build/urg_node2': CMAKE_PREFIX_PATH=${CMAKE_PREFIX_PATH}:/opt/ros/humble /usr/bin/cmake /home/asis/hokuyo_ws/src/urg_node2 -DCMAKE_INSTALL_PREFIX=/home/asis/hokuyo_ws/install/urg_node2
[2.963s] DEBUG:colcon.colcon_core.event_handler.log_command:Invoked command in '/home/asis/hokuyo_ws/build/urg_node2' returned '0': CMAKE_PREFIX_PATH=${CMAKE_PREFIX_PATH}:/opt/ros/humble /usr/bin/cmake /home/asis/hokuyo_ws/src/urg_node2 -DCMAKE_INSTALL_PREFIX=/home/asis/hokuyo_ws/install/urg_node2
[2.965s] DEBUG:colcon.colcon_core.event_handler.log_command:Invoking command in '/home/asis/hokuyo_ws/build/urg_node2': CMAKE_PREFIX_PATH=${CMAKE_PREFIX_PATH}:/opt/ros/humble /usr/bin/cmake --build /home/asis/hokuyo_ws/build/urg_node2 -- -j8 -l8
[17.153s] DEBUG:colcon.colcon_core.event_handler.log_command:Invoked command in '/home/asis/hokuyo_ws/build/urg_node2' returned '0': CMAKE_PREFIX_PATH=${CMAKE_PREFIX_PATH}:/opt/ros/humble /usr/bin/cmake --build /home/asis/hokuyo_ws/build/urg_node2 -- -j8 -l8
[17.209s] DEBUG:colcon.colcon_core.event_handler.log_command:Invoking command in '/home/asis/hokuyo_ws/build/urg_node2': CMAKE_PREFIX_PATH=${CMAKE_PREFIX_PATH}:/opt/ros/humble /usr/bin/cmake --install /home/asis/hokuyo_ws/build/urg_node2
[17.226s] Level 1:colcon.colcon_core.environment:create_environment_scripts_only(urg_node2)
[17.227s] DEBUG:colcon.colcon_core.event_handler.log_command:Invoked command in '/home/asis/hokuyo_ws/build/urg_node2' returned '0': CMAKE_PREFIX_PATH=${CMAKE_PREFIX_PATH}:/opt/ros/humble /usr/bin/cmake --install /home/asis/hokuyo_ws/build/urg_node2
[17.233s] Level 1:colcon.colcon_core.environment:checking '/home/asis/hokuyo_ws/install/urg_node2' for CMake module files
[17.233s] Level 1:colcon.colcon_core.environment:checking '/home/asis/hokuyo_ws/install/urg_node2' for CMake config files
[17.234s] Level 1:colcon.colcon_core.shell:create_environment_hook('urg_node2', 'cmake_prefix_path')
[17.234s] INFO:colcon.colcon_core.shell:Creating environment hook '/home/asis/hokuyo_ws/install/urg_node2/share/urg_node2/hook/cmake_prefix_path.ps1'
[17.235s] INFO:colcon.colcon_core.shell:Creating environment descriptor '/home/asis/hokuyo_ws/install/urg_node2/share/urg_node2/hook/cmake_prefix_path.dsv'
[17.235s] INFO:colcon.colcon_core.shell:Creating environment hook '/home/asis/hokuyo_ws/install/urg_node2/share/urg_node2/hook/cmake_prefix_path.sh'
[17.236s] Level 1:colcon.colcon_core.environment:checking '/home/asis/hokuyo_ws/install/urg_node2/lib'
[17.236s] Level 1:colcon.colcon_core.shell:create_environment_hook('urg_node2', 'ld_library_path_lib')
[17.236s] INFO:colcon.colcon_core.shell:Creating environment hook '/home/asis/hokuyo_ws/install/urg_node2/share/urg_node2/hook/ld_library_path_lib.ps1'
[17.237s] INFO:colcon.colcon_core.shell:Creating environment descriptor '/home/asis/hokuyo_ws/install/urg_node2/share/urg_node2/hook/ld_library_path_lib.dsv'
[17.237s] INFO:colcon.colcon_core.shell:Creating environment hook '/home/asis/hokuyo_ws/install/urg_node2/share/urg_node2/hook/ld_library_path_lib.sh'
[17.237s] Level 1:colcon.colcon_core.environment:checking '/home/asis/hokuyo_ws/install/urg_node2/bin'
[17.237s] Level 1:colcon.colcon_core.environment:checking '/home/asis/hokuyo_ws/install/urg_node2/lib/pkgconfig/urg_node2.pc'
[17.237s] Level 1:colcon.colcon_core.environment:checking '/home/asis/hokuyo_ws/install/urg_node2/lib/python3.10/site-packages'
[17.238s] Level 1:colcon.colcon_core.environment:checking '/home/asis/hokuyo_ws/install/urg_node2/bin'
[17.238s] INFO:colcon.colcon_core.shell:Creating package script '/home/asis/hokuyo_ws/install/urg_node2/share/urg_node2/package.ps1'
[17.239s] INFO:colcon.colcon_core.shell:Creating package descriptor '/home/asis/hokuyo_ws/install/urg_node2/share/urg_node2/package.dsv'
[17.239s] INFO:colcon.colcon_core.shell:Creating package script '/home/asis/hokuyo_ws/install/urg_node2/share/urg_node2/package.sh'
[17.240s] INFO:colcon.colcon_core.shell:Creating package script '/home/asis/hokuyo_ws/install/urg_node2/share/urg_node2/package.bash'
[17.241s] INFO:colcon.colcon_core.shell:Creating package script '/home/asis/hokuyo_ws/install/urg_node2/share/urg_node2/package.zsh'
[17.242s] Level 1:colcon.colcon_core.environment:create_file_with_runtime_dependencies(/home/asis/hokuyo_ws/install/urg_node2/share/colcon-core/packages/urg_node2)
[17.289s] Level 1:colcon.colcon_core.environment:create_environment_scripts_only(urg_node2)
[17.289s] Level 1:colcon.colcon_core.environment:checking '/home/asis/hokuyo_ws/install/urg_node2' for CMake module files
[17.289s] Level 1:colcon.colcon_core.environment:checking '/home/asis/hokuyo_ws/install/urg_node2' for CMake config files
[17.290s] Level 1:colcon.colcon_core.shell:create_environment_hook('urg_node2', 'cmake_prefix_path')
[17.290s] INFO:colcon.colcon_core.shell:Creating environment hook '/home/asis/hokuyo_ws/install/urg_node2/share/urg_node2/hook/cmake_prefix_path.ps1'
[17.290s] INFO:colcon.colcon_core.shell:Creating environment descriptor '/home/asis/hokuyo_ws/install/urg_node2/share/urg_node2/hook/cmake_prefix_path.dsv'
[17.290s] INFO:colcon.colcon_core.shell:Creating environment hook '/home/asis/hokuyo_ws/install/urg_node2/share/urg_node2/hook/cmake_prefix_path.sh'
[17.291s] Level 1:colcon.colcon_core.environment:checking '/home/asis/hokuyo_ws/install/urg_node2/lib'
[17.291s] Level 1:colcon.colcon_core.shell:create_environment_hook('urg_node2', 'ld_library_path_lib')
[17.291s] INFO:colcon.colcon_core.shell:Creating environment hook '/home/asis/hokuyo_ws/install/urg_node2/share/urg_node2/hook/ld_library_path_lib.ps1'
[17.291s] INFO:colcon.colcon_core.shell:Creating environment descriptor '/home/asis/hokuyo_ws/install/urg_node2/share/urg_node2/hook/ld_library_path_lib.dsv'
[17.291s] INFO:colcon.colcon_core.shell:Creating environment hook '/home/asis/hokuyo_ws/install/urg_node2/share/urg_node2/hook/ld_library_path_lib.sh'
[17.292s] Level 1:colcon.colcon_core.environment:checking '/home/asis/hokuyo_ws/install/urg_node2/bin'
[17.292s] Level 1:colcon.colcon_core.environment:checking '/home/asis/hokuyo_ws/install/urg_node2/lib/pkgconfig/urg_node2.pc'
[17.292s] Level 1:colcon.colcon_core.environment:checking '/home/asis/hokuyo_ws/install/urg_node2/lib/python3.10/site-packages'
[17.292s] Level 1:colcon.colcon_core.environment:checking '/home/asis/hokuyo_ws/install/urg_node2/bin'
[17.292s] INFO:colcon.colcon_core.shell:Creating package script '/home/asis/hokuyo_ws/install/urg_node2/share/urg_node2/package.ps1'
[17.293s] INFO:colcon.colcon_core.shell:Creating package descriptor '/home/asis/hokuyo_ws/install/urg_node2/share/urg_node2/package.dsv'
[17.293s] INFO:colcon.colcon_core.shell:Creating package script '/home/asis/hokuyo_ws/install/urg_node2/share/urg_node2/package.sh'
[17.293s] INFO:colcon.colcon_core.shell:Creating package script '/home/asis/hokuyo_ws/install/urg_node2/share/urg_node2/package.bash'
[17.294s] INFO:colcon.colcon_core.shell:Creating package script '/home/asis/hokuyo_ws/install/urg_node2/share/urg_node2/package.zsh'
[17.294s] Level 1:colcon.colcon_core.environment:create_file_with_runtime_dependencies(/home/asis/hokuyo_ws/install/urg_node2/share/colcon-core/packages/urg_node2)
[17.294s] DEBUG:colcon.colcon_parallel_executor.executor.parallel:closing loop
[17.295s] DEBUG:colcon.colcon_parallel_executor.executor.parallel:loop closed
[17.295s] DEBUG:colcon.colcon_parallel_executor.executor.parallel:run_until_complete finished with '0'
[17.295s] DEBUG:colcon.colcon_core.event_reactor:joining thread
[17.300s] INFO:colcon.colcon_core.plugin_system:Skipping extension 'colcon_notification.desktop_notification.terminal_notifier': Not used on non-Darwin systems
[17.300s] INFO:colcon.colcon_core.plugin_system:Skipping extension 'colcon_notification.desktop_notification.win32': Not used on non-Windows systems
[17.300s] INFO:colcon.colcon_notification.desktop_notification:Sending desktop notification using 'notify2'
[17.315s] DEBUG:colcon.colcon_core.event_reactor:joined thread
[17.316s] INFO:colcon.colcon_core.shell:Creating prefix script '/home/asis/hokuyo_ws/install/local_setup.ps1'
[17.317s] INFO:colcon.colcon_core.shell:Creating prefix util module '/home/asis/hokuyo_ws/install/_local_setup_util_ps1.py'
[17.319s] INFO:colcon.colcon_core.shell:Creating prefix chain script '/home/asis/hokuyo_ws/install/setup.ps1'
[17.321s] INFO:colcon.colcon_core.shell:Creating prefix script '/home/asis/hokuyo_ws/install/local_setup.sh'
[17.322s] INFO:colcon.colcon_core.shell:Creating prefix util module '/home/asis/hokuyo_ws/install/_local_setup_util_sh.py'
[17.322s] INFO:colcon.colcon_core.shell:Creating prefix chain script '/home/asis/hokuyo_ws/install/setup.sh'
[17.324s] INFO:colcon.colcon_core.shell:Creating prefix script '/home/asis/hokuyo_ws/install/local_setup.bash'
[17.324s] INFO:colcon.colcon_core.shell:Creating prefix chain script '/home/asis/hokuyo_ws/install/setup.bash'
[17.326s] INFO:colcon.colcon_core.shell:Creating prefix script '/home/asis/hokuyo_ws/install/local_setup.zsh'
[17.326s] INFO:colcon.colcon_core.shell:Creating prefix chain script '/home/asis/hokuyo_ws/install/setup.zsh'
