[0.041s] Invoking command in '/home/asis/hokuyo_ws/src/build/slam_toolbox': AMENT_PREFIX_PATH=/home/asis/hokuyo_ws/src/install/nav2_map_server:/home/asis/hokuyo_ws/src/install/nav2_util:/home/asis/hokuyo_ws/src/install/nav2_msgs:/home/asis/hokuyo_ws/src/install/nav2_common:${AMENT_PREFIX_PATH} CMAKE_PREFIX_PATH=/home/asis/hokuyo_ws/src/install/nav2_map_server:/home/asis/hokuyo_ws/src/install/nav2_util:/home/asis/hokuyo_ws/src/install/nav2_msgs:/home/asis/hokuyo_ws/src/install/nav2_common:/home/asis/hokuyo_ws/install/urg_node2:/home/asis/hokuyo_ws/install/slam_toolbox:/opt/ros/humble LD_LIBRARY_PATH=/home/asis/hokuyo_ws/src/install/nav2_map_server/lib:/home/asis/hokuyo_ws/src/install/nav2_util/lib:/home/asis/hokuyo_ws/src/install/nav2_msgs/lib:${LD_LIBRARY_PATH} PYTHONPATH=/home/asis/hokuyo_ws/src/install/nav2_msgs/local/lib/python3.10/dist-packages:/home/asis/hokuyo_ws/src/install/nav2_common/local/lib/python3.10/dist-packages:${PYTHONPATH} /usr/bin/cmake /home/asis/hokuyo_ws/src/slam_toolbox -DCMAKE_INSTALL_PREFIX=/home/asis/hokuyo_ws/src/install/slam_toolbox
[0.128s] -- The C compiler identification is GNU 11.4.0
[0.259s] -- The CXX compiler identification is GNU 11.4.0
[0.272s] -- Detecting C compiler ABI info
[0.488s] -- Detecting C compiler ABI info - done
[0.503s] -- Check for working C compiler: /usr/bin/cc - skipped
[0.503s] -- Detecting C compile features
[0.504s] -- Detecting C compile features - done
[0.510s] -- Detecting CXX compiler ABI info
[0.921s] -- Detecting CXX compiler ABI info - done
[0.934s] -- Check for working CXX compiler: /usr/bin/c++ - skipped
[0.934s] -- Detecting CXX compile features
[0.935s] -- Detecting CXX compile features - done
[0.940s] -- Found ament_cmake: 1.3.9 (/opt/ros/humble/share/ament_cmake/cmake)
[1.481s] -- Found Python3: /usr/bin/python3 (found version "3.10.12") found components: Interpreter 
[1.717s] -- Found message_filters: 4.3.4 (/opt/ros/humble/share/message_filters/cmake)
[1.855s] -- Found rosidl_generator_c: 3.1.5 (/opt/ros/humble/share/rosidl_generator_c/cmake)
[1.865s] -- Found rosidl_adapter: 3.1.5 (/opt/ros/humble/share/rosidl_adapter/cmake)
[1.880s] -- Found rosidl_generator_cpp: 3.1.5 (/opt/ros/humble/share/rosidl_generator_cpp/cmake)
[1.905s] -- Using all available rosidl_typesupport_c: rosidl_typesupport_fastrtps_c;rosidl_typesupport_introspection_c
[1.943s] -- Using all available rosidl_typesupport_cpp: rosidl_typesupport_fastrtps_cpp;rosidl_typesupport_introspection_cpp
[2.181s] -- Found rmw_implementation_cmake: 6.1.2 (/opt/ros/humble/share/rmw_implementation_cmake/cmake)
[2.202s] -- Found rmw_fastrtps_cpp: 6.2.6 (/opt/ros/humble/share/rmw_fastrtps_cpp/cmake)
[2.703s] -- Found OpenSSL: /usr/lib/x86_64-linux-gnu/libcrypto.so (found version "3.0.2")  
[2.812s] -- Found FastRTPS: /opt/ros/humble/include  
[2.966s] -- Using RMW implementation 'rmw_fastrtps_cpp' as default
[3.005s] -- Looking for pthread.h
[3.434s] -- Looking for pthread.h - found
[3.434s] -- Performing Test CMAKE_HAVE_LIBC_PTHREAD
[3.720s] -- Performing Test CMAKE_HAVE_LIBC_PTHREAD - Success
[3.720s] -- Found Threads: TRUE  
[4.106s] -- Found nav_msgs: 4.2.3 (/opt/ros/humble/share/nav_msgs/cmake)
[4.487s] -- Found sensor_msgs: 4.2.3 (/opt/ros/humble/share/sensor_msgs/cmake)
[4.656s] -- Found tf2: 0.25.6 (/opt/ros/humble/share/tf2/cmake)
[4.691s] -- Found tf2_ros: 0.25.6 (/opt/ros/humble/share/tf2_ros/cmake)
[5.532s] -- Found visualization_msgs: 4.2.3 (/opt/ros/humble/share/visualization_msgs/cmake)
[5.795s] -- Found pluginlib: 5.1.0 (/opt/ros/humble/share/pluginlib/cmake)
[5.837s] -- Found tf2_geometry_msgs: 0.25.6 (/opt/ros/humble/share/tf2_geometry_msgs/cmake)
[5.878s] -- Found eigen3_cmake_module: 0.1.1 (/opt/ros/humble/share/eigen3_cmake_module/cmake)
[5.880s] -- Found Eigen3: TRUE (found version "3.4.0") 
[5.880s] -- Ensuring Eigen3 include directory is part of orocos-kdl CMake target
[5.897s] -- Found tf2_sensor_msgs: 0.25.6 (/opt/ros/humble/share/tf2_sensor_msgs/cmake)
[5.934s] -- Found std_srvs: 4.2.3 (/opt/ros/humble/share/std_srvs/cmake)
[5.966s] -- Found rosidl_default_generators: 1.2.0 (/opt/ros/humble/share/rosidl_default_generators/cmake)
[5.988s] -- Found lifecycle_msgs: 1.2.1 (/opt/ros/humble/share/lifecycle_msgs/cmake)
[6.019s] -- Found bondcpp: 3.0.2 (/opt/ros/humble/share/bondcpp/cmake)
[6.186s] -- Found rviz_common: 11.2.12 (/opt/ros/humble/share/rviz_common/cmake)
[6.222s] -- Setting OGRE_DIR to: '/opt/ros/humble/share/rviz_ogre_vendor/cmake/../../../opt/rviz_ogre_vendor/lib/OGRE/cmake'
[6.223s] -- Found OGRE
[6.224s] --   static     : OFF
[6.224s] --   components : HLMS;MeshLodGenerator;Overlay;Paging;Property;RTShaderSystem;Terrain;Volume
[6.224s] --   plugins    : Plugin_BSPSceneManager;Plugin_OctreeSceneManager;Plugin_PCZSceneManager;Plugin_ParticleFX;RenderSystem_GL;RenderSystem_GL3Plus;Codec_STBI
[6.224s] --   media      : /opt/ros/humble/opt/rviz_ogre_vendor/share/OGRE/Media
[6.224s] -- OGRE_LIBRARIES: OgreHLMS;OgreMeshLodGenerator;OgreOverlay;OgrePaging;OgreProperty;OgreRTShaderSystem;OgreTerrain;OgreVolume;OgreMain
[6.224s] -- OGRE_LIBRARY_DIRS: /opt/ros/humble/opt/rviz_ogre_vendor/lib
[6.224s] -- OGRE_PLUGINS: Plugin_BSPSceneManager;Plugin_OctreeSceneManager;Plugin_PCZSceneManager;Plugin_ParticleFX;RenderSystem_GL;RenderSystem_GL3Plus;Codec_STBI
[6.224s] -- OGRE_PLUGIN_DIR: /opt/ros/humble/opt/rviz_ogre_vendor/lib/OGRE
[6.225s] -- rviz_ogre_vendor::OgreOverlay for IMPORTED_LOCATION_RELEASE: /opt/ros/humble/opt/rviz_ogre_vendor/lib/libOgreOverlay.so
[6.225s] -- rviz_ogre_vendor::OgreOverlay for IMPORTED_LOCATION_DEBUG: /opt/ros/humble/opt/rviz_ogre_vendor/lib/libOgreOverlay.so
[6.225s] -- rviz_ogre_vendor::OgreMain for IMPORTED_LOCATION_RELEASE: /opt/ros/humble/opt/rviz_ogre_vendor/lib/libOgreMain.so
[6.225s] -- rviz_ogre_vendor::OgreMain for IMPORTED_LOCATION_DEBUG: /opt/ros/humble/opt/rviz_ogre_vendor/lib/libOgreMain.so
[6.257s] -- Found ZLIB: /usr/lib/x86_64-linux-gnu/libz.so (found version "1.2.11") 
[6.266s] -- Found OpenGL: /usr/lib/x86_64-linux-gnu/libOpenGL.so   
[6.700s] -- Found X11: /usr/include   
[6.700s] -- Looking for XOpenDisplay in /usr/lib/x86_64-linux-gnu/libX11.so;/usr/lib/x86_64-linux-gnu/libXext.so
[7.076s] -- Looking for XOpenDisplay in /usr/lib/x86_64-linux-gnu/libX11.so;/usr/lib/x86_64-linux-gnu/libXext.so - found
[7.076s] -- Looking for gethostbyname
[7.416s] -- Looking for gethostbyname - found
[7.416s] -- Looking for connect
[7.779s] -- Looking for connect - found
[7.782s] -- Looking for remove
[8.114s] -- Looking for remove - found
[8.115s] -- Looking for shmat
[8.491s] -- Looking for shmat - found
[8.491s] -- Looking for IceConnectionNumber in ICE
[8.735s] -- Looking for IceConnectionNumber in ICE - found
[8.739s] -- rviz_ogre_vendor::RenderSystem_GL for IMPORTED_LOCATION_RELEASE: _render_system_gl_static_library_abs-NOTFOUND
[8.739s] -- rviz_ogre_vendor::RenderSystem_GL for IMPORTED_LOCATION_DEBUG: _render_system_gl_static_library_abs-NOTFOUND
[9.255s] -- library: /usr/lib/x86_64-linux-gnu/libcurl.so
[9.421s] -- Found rviz_default_plugins: 11.2.12 (/opt/ros/humble/share/rviz_default_plugins/cmake)
[10.079s] -- Found Boost: /usr/lib/x86_64-linux-gnu/cmake/Boost-1.74.0/BoostConfig.cmake (found version "1.74.0") found components: system serialization filesystem thread 
[10.111s] -- Found PkgConfig: /usr/bin/pkg-config (found version "0.29.2") 
[10.130s] -- Found CHOLMOD: /usr/include/suitesparse  
[10.134s] -- Found CSparse: /usr/include/suitesparse  
[10.248s] -- Looking for sgemm_
[10.559s] -- Looking for sgemm_ - not found
[10.721s] -- Looking for sgemm_
[10.848s] -- Looking for sgemm_ - found
[10.849s] -- Found BLAS: /usr/lib/x86_64-linux-gnu/libblas.so  
[10.853s] -- Looking for cheev_
[11.020s] -- Looking for cheev_ - not found
[11.057s] -- Looking for cheev_
[11.191s] -- Looking for cheev_ - not found
[11.192s] -- Looking for cheev_
[11.429s] -- Looking for cheev_ - found
[11.430s] -- Found LAPACK: /usr/lib/x86_64-linux-gnu/liblapack.so;/usr/lib/x86_64-linux-gnu/libblas.so  
[11.440s] -- Found required Ceres dependency: Eigen version 3.4.0 in /usr/include/eigen3
[11.450s] -- Found required Ceres dependency: glog
[11.451s] -- Found required Ceres dependency: gflags
[11.451s] -- Found Ceres version: 2.0.0 installed in: /usr with components: [EigenSparse, SparseLinearAlgebraLibrary, LAPACK, SuiteSparse, CXSparse, SchurSpecializations, Multithreading]
[12.243s] -- Found ament_cmake_ros: 0.10.0 (/opt/ros/humble/share/ament_cmake_ros/cmake)
[12.903s] -- Using all available rosidl_typesupport_c: rosidl_typesupport_fastrtps_c;rosidl_typesupport_introspection_c
[13.196s] -- Using all available rosidl_typesupport_cpp: rosidl_typesupport_fastrtps_cpp;rosidl_typesupport_introspection_cpp
[13.226s] -- Found PythonInterp: /usr/bin/python3 (found suitable version "3.10.12", minimum required is "3.6") 
[13.228s] -- Found python_cmake_module: 0.10.0 (/opt/ros/humble/share/python_cmake_module/cmake)
[13.261s] -- Found PythonLibs: /usr/lib/x86_64-linux-gnu/libpython3.10.so (found suitable version "3.10.12", minimum required is "3.5") 
[13.261s] -- Using PYTHON_EXECUTABLE: /usr/bin/python3
[13.261s] -- Using PYTHON_INCLUDE_DIRS: /usr/include/python3.10
[13.261s] -- Using PYTHON_LIBRARIES: /usr/lib/x86_64-linux-gnu/libpython3.10.so
[13.290s] -- Found PythonExtra: .so  
[13.671s] -- Configuring done
[14.218s] -- Generating done
[14.226s] -- Build files have been written to: /home/asis/hokuyo_ws/src/build/slam_toolbox
[14.271s] Invoked command in '/home/asis/hokuyo_ws/src/build/slam_toolbox' returned '0': AMENT_PREFIX_PATH=/home/asis/hokuyo_ws/src/install/nav2_map_server:/home/asis/hokuyo_ws/src/install/nav2_util:/home/asis/hokuyo_ws/src/install/nav2_msgs:/home/asis/hokuyo_ws/src/install/nav2_common:${AMENT_PREFIX_PATH} CMAKE_PREFIX_PATH=/home/asis/hokuyo_ws/src/install/nav2_map_server:/home/asis/hokuyo_ws/src/install/nav2_util:/home/asis/hokuyo_ws/src/install/nav2_msgs:/home/asis/hokuyo_ws/src/install/nav2_common:/home/asis/hokuyo_ws/install/urg_node2:/home/asis/hokuyo_ws/install/slam_toolbox:/opt/ros/humble LD_LIBRARY_PATH=/home/asis/hokuyo_ws/src/install/nav2_map_server/lib:/home/asis/hokuyo_ws/src/install/nav2_util/lib:/home/asis/hokuyo_ws/src/install/nav2_msgs/lib:${LD_LIBRARY_PATH} PYTHONPATH=/home/asis/hokuyo_ws/src/install/nav2_msgs/local/lib/python3.10/dist-packages:/home/asis/hokuyo_ws/src/install/nav2_common/local/lib/python3.10/dist-packages:${PYTHONPATH} /usr/bin/cmake /home/asis/hokuyo_ws/src/slam_toolbox -DCMAKE_INSTALL_PREFIX=/home/asis/hokuyo_ws/src/install/slam_toolbox
[14.273s] Invoking command in '/home/asis/hokuyo_ws/src/build/slam_toolbox': AMENT_PREFIX_PATH=/home/asis/hokuyo_ws/src/install/nav2_map_server:/home/asis/hokuyo_ws/src/install/nav2_util:/home/asis/hokuyo_ws/src/install/nav2_msgs:/home/asis/hokuyo_ws/src/install/nav2_common:${AMENT_PREFIX_PATH} CMAKE_PREFIX_PATH=/home/asis/hokuyo_ws/src/install/nav2_map_server:/home/asis/hokuyo_ws/src/install/nav2_util:/home/asis/hokuyo_ws/src/install/nav2_msgs:/home/asis/hokuyo_ws/src/install/nav2_common:/home/asis/hokuyo_ws/install/urg_node2:/home/asis/hokuyo_ws/install/slam_toolbox:/opt/ros/humble LD_LIBRARY_PATH=/home/asis/hokuyo_ws/src/install/nav2_map_server/lib:/home/asis/hokuyo_ws/src/install/nav2_util/lib:/home/asis/hokuyo_ws/src/install/nav2_msgs/lib:${LD_LIBRARY_PATH} PYTHONPATH=/home/asis/hokuyo_ws/src/install/nav2_msgs/local/lib/python3.10/dist-packages:/home/asis/hokuyo_ws/src/install/nav2_common/local/lib/python3.10/dist-packages:${PYTHONPATH} /usr/bin/cmake --build /home/asis/hokuyo_ws/src/build/slam_toolbox -- -j8 -l8
[14.352s] [  0%] [34m[1mGenerating C++ code for ROS interfaces[0m
[15.829s] [  0%] Built target slam_toolbox__cpp
[15.855s] [  1%] [32mBuilding CXX object lib/karto_sdk/CMakeFiles/kartoSlamToolbox.dir/src/Karto.cpp.o[0m
[31.734s] [  2%] [32mBuilding CXX object lib/karto_sdk/CMakeFiles/kartoSlamToolbox.dir/src/Mapper.cpp.o[0m
[59.504s] [  2%] [32m[1mLinking CXX shared library libkartoSlamToolbox.so[0m
[59.949s] [  2%] Built target kartoSlamToolbox
[59.960s] [  3%] [34m[1mGenerating C++ introspection for ROS interfaces[0m
[60.872s] [  3%] [32mBuilding CXX object CMakeFiles/slam_toolbox__rosidl_typesupport_introspection_cpp.dir/rosidl_typesupport_introspection_cpp/slam_toolbox/srv/detail/pause__type_support.cpp.o[0m
[61.247s] [  3%] [32mBuilding CXX object CMakeFiles/slam_toolbox__rosidl_typesupport_introspection_cpp.dir/rosidl_typesupport_introspection_cpp/slam_toolbox/srv/detail/toggle_interactive__type_support.cpp.o[0m
[61.625s] [  4%] [32mBuilding CXX object CMakeFiles/slam_toolbox__rosidl_typesupport_introspection_cpp.dir/rosidl_typesupport_introspection_cpp/slam_toolbox/srv/detail/clear__type_support.cpp.o[0m
[62.032s] [  5%] [32mBuilding CXX object CMakeFiles/slam_toolbox__rosidl_typesupport_introspection_cpp.dir/rosidl_typesupport_introspection_cpp/slam_toolbox/srv/detail/save_map__type_support.cpp.o[0m
[62.399s] [  5%] [32mBuilding CXX object CMakeFiles/slam_toolbox__rosidl_typesupport_introspection_cpp.dir/rosidl_typesupport_introspection_cpp/slam_toolbox/srv/detail/loop_closure__type_support.cpp.o[0m
[62.754s] [  6%] [32mBuilding CXX object CMakeFiles/slam_toolbox__rosidl_typesupport_introspection_cpp.dir/rosidl_typesupport_introspection_cpp/slam_toolbox/srv/detail/merge_maps__type_support.cpp.o[0m
[63.123s] [  7%] [32mBuilding CXX object CMakeFiles/slam_toolbox__rosidl_typesupport_introspection_cpp.dir/rosidl_typesupport_introspection_cpp/slam_toolbox/srv/detail/add_submap__type_support.cpp.o[0m
[63.492s] [  7%] [32mBuilding CXX object CMakeFiles/slam_toolbox__rosidl_typesupport_introspection_cpp.dir/rosidl_typesupport_introspection_cpp/slam_toolbox/srv/detail/deserialize_pose_graph__type_support.cpp.o[0m
[63.867s] [  8%] [32mBuilding CXX object CMakeFiles/slam_toolbox__rosidl_typesupport_introspection_cpp.dir/rosidl_typesupport_introspection_cpp/slam_toolbox/srv/detail/serialize_pose_graph__type_support.cpp.o[0m
[64.275s] [  9%] [32mBuilding CXX object CMakeFiles/slam_toolbox__rosidl_typesupport_introspection_cpp.dir/rosidl_typesupport_introspection_cpp/slam_toolbox/srv/detail/clear_queue__type_support.cpp.o[0m
[64.655s] [ 10%] [32mBuilding CXX object CMakeFiles/slam_toolbox__rosidl_typesupport_introspection_cpp.dir/rosidl_typesupport_introspection_cpp/slam_toolbox/srv/detail/reset__type_support.cpp.o[0m
[65.033s] [ 11%] [32m[1mLinking CXX shared library libslam_toolbox__rosidl_typesupport_introspection_cpp.so[0m
[65.114s] [ 11%] Built target slam_toolbox__rosidl_typesupport_introspection_cpp
[65.130s] [ 13%] [34m[1mGenerating C++ type support for eProsima Fast-RTPS[0m
[65.130s] [ 13%] [34m[1mGenerating C++ type support dispatch for ROS interfaces[0m
[66.291s] [ 13%] [32mBuilding CXX object CMakeFiles/slam_toolbox__rosidl_typesupport_cpp.dir/rosidl_typesupport_cpp/slam_toolbox/srv/pause__type_support.cpp.o[0m
[66.323s] [ 14%] [32mBuilding CXX object CMakeFiles/slam_toolbox__rosidl_typesupport_cpp.dir/rosidl_typesupport_cpp/slam_toolbox/srv/reset__type_support.cpp.o[0m
[66.818s] [ 14%] [32mBuilding CXX object CMakeFiles/slam_toolbox__rosidl_typesupport_cpp.dir/rosidl_typesupport_cpp/slam_toolbox/srv/clear__type_support.cpp.o[0m
[66.939s] [ 15%] [32mBuilding CXX object CMakeFiles/slam_toolbox__rosidl_typesupport_cpp.dir/rosidl_typesupport_cpp/slam_toolbox/srv/save_map__type_support.cpp.o[0m
[67.397s] [ 16%] [32mBuilding CXX object CMakeFiles/slam_toolbox__rosidl_typesupport_cpp.dir/rosidl_typesupport_cpp/slam_toolbox/srv/loop_closure__type_support.cpp.o[0m
[67.453s] [ 16%] [32mBuilding CXX object CMakeFiles/slam_toolbox__rosidl_typesupport_cpp.dir/rosidl_typesupport_cpp/slam_toolbox/srv/merge_maps__type_support.cpp.o[0m
[67.485s] [ 17%] [32mBuilding CXX object CMakeFiles/slam_toolbox__rosidl_typesupport_cpp.dir/rosidl_typesupport_cpp/slam_toolbox/srv/toggle_interactive__type_support.cpp.o[0m
[67.586s] [ 17%] [32mBuilding CXX object CMakeFiles/slam_toolbox__rosidl_typesupport_fastrtps_cpp.dir/rosidl_typesupport_fastrtps_cpp/slam_toolbox/srv/detail/dds_fastrtps/pause__type_support.cpp.o[0m
[68.165s] [ 18%] [32mBuilding CXX object CMakeFiles/slam_toolbox__rosidl_typesupport_cpp.dir/rosidl_typesupport_cpp/slam_toolbox/srv/add_submap__type_support.cpp.o[0m
[68.179s] [ 19%] [32mBuilding CXX object CMakeFiles/slam_toolbox__rosidl_typesupport_fastrtps_cpp.dir/rosidl_typesupport_fastrtps_cpp/slam_toolbox/srv/detail/dds_fastrtps/reset__type_support.cpp.o[0m
[68.189s] [ 20%] [32mBuilding CXX object CMakeFiles/slam_toolbox__rosidl_typesupport_cpp.dir/rosidl_typesupport_cpp/slam_toolbox/srv/clear_queue__type_support.cpp.o[0m
[68.606s] [ 20%] [32mBuilding CXX object CMakeFiles/slam_toolbox__rosidl_typesupport_fastrtps_cpp.dir/rosidl_typesupport_fastrtps_cpp/slam_toolbox/srv/detail/dds_fastrtps/toggle_interactive__type_support.cpp.o[0m
[68.646s] [ 21%] [32mBuilding CXX object CMakeFiles/slam_toolbox__rosidl_typesupport_cpp.dir/rosidl_typesupport_cpp/slam_toolbox/srv/deserialize_pose_graph__type_support.cpp.o[0m
[68.857s] [ 21%] [32mBuilding CXX object CMakeFiles/slam_toolbox__rosidl_typesupport_cpp.dir/rosidl_typesupport_cpp/slam_toolbox/srv/serialize_pose_graph__type_support.cpp.o[0m
[69.473s] [ 21%] [32mBuilding CXX object CMakeFiles/slam_toolbox__rosidl_typesupport_fastrtps_cpp.dir/rosidl_typesupport_fastrtps_cpp/slam_toolbox/srv/detail/dds_fastrtps/loop_closure__type_support.cpp.o[0m
[69.541s] [ 22%] [32m[1mLinking CXX shared library libslam_toolbox__rosidl_typesupport_cpp.so[0m
[69.730s] [ 22%] Built target slam_toolbox__rosidl_typesupport_cpp
[70.389s] [ 23%] [32mBuilding CXX object CMakeFiles/slam_toolbox__rosidl_typesupport_fastrtps_cpp.dir/rosidl_typesupport_fastrtps_cpp/slam_toolbox/srv/detail/dds_fastrtps/merge_maps__type_support.cpp.o[0m
[71.328s] [ 24%] [32mBuilding CXX object CMakeFiles/slam_toolbox__rosidl_typesupport_fastrtps_cpp.dir/rosidl_typesupport_fastrtps_cpp/slam_toolbox/srv/detail/dds_fastrtps/save_map__type_support.cpp.o[0m
[72.054s] [ 25%] [32mBuilding CXX object CMakeFiles/slam_toolbox__rosidl_typesupport_fastrtps_cpp.dir/rosidl_typesupport_fastrtps_cpp/slam_toolbox/srv/detail/dds_fastrtps/clear__type_support.cpp.o[0m
[72.694s] [ 26%] [32mBuilding CXX object CMakeFiles/slam_toolbox__rosidl_typesupport_fastrtps_cpp.dir/rosidl_typesupport_fastrtps_cpp/slam_toolbox/srv/detail/dds_fastrtps/add_submap__type_support.cpp.o[0m
[73.504s] [ 26%] [32mBuilding CXX object CMakeFiles/slam_toolbox__rosidl_typesupport_fastrtps_cpp.dir/rosidl_typesupport_fastrtps_cpp/slam_toolbox/srv/detail/dds_fastrtps/deserialize_pose_graph__type_support.cpp.o[0m
[74.048s] [ 27%] [32mBuilding CXX object CMakeFiles/slam_toolbox__rosidl_typesupport_fastrtps_cpp.dir/rosidl_typesupport_fastrtps_cpp/slam_toolbox/srv/detail/dds_fastrtps/serialize_pose_graph__type_support.cpp.o[0m
[74.531s] [ 28%] [32mBuilding CXX object CMakeFiles/slam_toolbox__rosidl_typesupport_fastrtps_cpp.dir/rosidl_typesupport_fastrtps_cpp/slam_toolbox/srv/detail/dds_fastrtps/clear_queue__type_support.cpp.o[0m
[75.114s] [ 29%] [32m[1mLinking CXX shared library libslam_toolbox__rosidl_typesupport_fastrtps_cpp.so[0m
[75.316s] [ 29%] Built target slam_toolbox__rosidl_typesupport_fastrtps_cpp
[75.364s] [ 30%] [32mBuilding CXX object CMakeFiles/toolbox_common.dir/src/slam_toolbox_common.cpp.o[0m
[79.380s] [ 31%] [32mBuilding CXX object CMakeFiles/toolbox_common.dir/src/laser_utils.cpp.o[0m
[80.395s] [ 31%] [32mBuilding CXX object CMakeFiles/toolbox_common.dir/src/loop_closure_assistant.cpp.o[0m
[81.429s] [ 32%] [32mBuilding CXX object CMakeFiles/toolbox_common.dir/src/map_saver.cpp.o[0m
[128.127s] [ 33%] [32mBuilding CXX object CMakeFiles/toolbox_common.dir/src/slam_mapper.cpp.o[0m
[151.749s] [ 34%] [32m[1mLinking CXX shared library libtoolbox_common.so[0m
[154.412s] [ 34%] Built target toolbox_common
[154.456s] [ 35%] [32mBuilding CXX object CMakeFiles/ceres_solver_plugin.dir/solvers/ceres_solver.cpp.o[0m
[169.301s] [ 35%] [32m[1mLinking CXX shared library libceres_solver_plugin.so[0m
[169.474s] [ 36%] [32mBuilding CXX object CMakeFiles/lifelong_slam_toolbox.dir/src/experimental/slam_toolbox_lifelong.cpp.o[0m
[169.483s] [ 37%] [32mBuilding CXX object CMakeFiles/localization_slam_toolbox.dir/src/slam_toolbox_localization.cpp.o[0m
[169.791s] [ 37%] Built target ceres_solver_plugin
[169.817s] [ 37%] [32mBuilding CXX object CMakeFiles/sync_slam_toolbox.dir/src/slam_toolbox_sync.cpp.o[0m
[195.237s] [ 38%] [32m[1mLinking CXX shared library liblifelong_slam_toolbox.so[0m
[196.363s] [ 38%] Built target lifelong_slam_toolbox
[197.251s] [ 39%] [32m[1mLinking CXX shared library libsync_slam_toolbox.so[0m
[198.055s] [ 39%] Built target sync_slam_toolbox
[202.223s] [ 39%] [32m[1mLinking CXX shared library liblocalization_slam_toolbox.so[0m
[203.801s] [ 39%] Built target localization_slam_toolbox
[203.842s] [ 39%] [32mBuilding CXX object CMakeFiles/lifelong_slam_toolbox_node.dir/src/experimental/slam_toolbox_lifelong_node.cpp.o[0m
[203.939s] [ 40%] [32mBuilding CXX object CMakeFiles/sync_slam_toolbox_node.dir/src/slam_toolbox_sync_node.cpp.o[0m
[223.986s] [ 40%] [32m[1mLinking CXX executable sync_slam_toolbox_node[0m
[224.308s] [ 41%] [32m[1mLinking CXX executable lifelong_slam_toolbox_node[0m
[224.527s] [ 41%] Built target sync_slam_toolbox_node
[224.547s] [ 42%] [32mBuilding CXX object CMakeFiles/localization_slam_toolbox_node.dir/src/slam_toolbox_localization_node.cpp.o[0m
[224.558s] [ 43%] [32mBuilding CXX object CMakeFiles/merge_maps_kinematic.dir/src/merge_maps_kinematic.cpp.o[0m
[224.995s] [ 43%] Built target lifelong_slam_toolbox_node
[225.029s] [ 43%] [32mBuilding CXX object CMakeFiles/map_and_localization_slam_toolbox.dir/src/experimental/slam_toolbox_map_and_localization.cpp.o[0m
[249.775s] [ 44%] [32m[1mLinking CXX executable localization_slam_toolbox_node[0m
[250.622s] [ 44%] Built target localization_slam_toolbox_node
[251.934s] [ 45%] [32m[1mLinking CXX executable merge_maps_kinematic[0m
[253.007s] [ 45%] Built target merge_maps_kinematic
[262.747s] [ 46%] [32m[1mLinking CXX shared library libmap_and_localization_slam_toolbox.so[0m
[267.994s] [ 46%] Built target map_and_localization_slam_toolbox
[268.162s] [ 47%] [32mBuilding CXX object CMakeFiles/async_slam_toolbox.dir/src/slam_toolbox_async.cpp.o[0m
[293.685s] [ 48%] [32m[1mLinking CXX shared library libasync_slam_toolbox.so[0m
[294.298s] [ 48%] Built target async_slam_toolbox
[294.320s] [ 49%] [32mBuilding CXX object CMakeFiles/map_and_localization_slam_toolbox_node.dir/src/experimental/slam_toolbox_map_and_localization_node.cpp.o[0m
[306.127s] [ 49%] [32m[1mLinking CXX executable map_and_localization_slam_toolbox_node[0m
[306.591s] [ 49%] Built target map_and_localization_slam_toolbox_node
[306.613s] [ 49%] [32mBuilding CXX object CMakeFiles/async_slam_toolbox_node.dir/src/slam_toolbox_async_node.cpp.o[0m
[322.277s] [ 50%] [32m[1mLinking CXX executable async_slam_toolbox_node[0m
[323.267s] [ 50%] Built target async_slam_toolbox_node
[323.283s] [ 50%] [34m[1mGenerating rviz_plugin/moc_slam_toolbox_rviz_plugin.cpp[0m
[323.324s] [ 51%] [32mBuilding CXX object CMakeFiles/SlamToolboxPlugin.dir/rviz_plugin/slam_toolbox_rviz_plugin.cpp.o[0m
[356.751s] [ 52%] [32mBuilding CXX object CMakeFiles/SlamToolboxPlugin.dir/rviz_plugin/moc_slam_toolbox_rviz_plugin.cpp.o[0m
[368.394s] [ 52%] [32m[1mLinking CXX shared library libSlamToolboxPlugin.so[0m
[371.531s] [ 52%] Built target SlamToolboxPlugin
[371.579s] [ 52%] Built target ament_cmake_python_copy_slam_toolbox
[371.604s] [ 53%] [34m[1mGenerating C code for ROS interfaces[0m
[374.344s] [ 53%] [32mBuilding C object CMakeFiles/slam_toolbox__rosidl_generator_c.dir/rosidl_generator_c/slam_toolbox/srv/detail/pause__functions.c.o[0m
[374.539s] [ 54%] [32mBuilding C object CMakeFiles/slam_toolbox__rosidl_generator_c.dir/rosidl_generator_c/slam_toolbox/srv/detail/loop_closure__functions.c.o[0m
[374.734s] [ 54%] [32mBuilding C object CMakeFiles/slam_toolbox__rosidl_generator_c.dir/rosidl_generator_c/slam_toolbox/srv/detail/merge_maps__functions.c.o[0m
[374.925s] [ 55%] [32mBuilding C object CMakeFiles/slam_toolbox__rosidl_generator_c.dir/rosidl_generator_c/slam_toolbox/srv/detail/add_submap__functions.c.o[0m
[375.124s] [ 56%] [32mBuilding C object CMakeFiles/slam_toolbox__rosidl_generator_c.dir/rosidl_generator_c/slam_toolbox/srv/detail/deserialize_pose_graph__functions.c.o[0m
[375.329s] [ 56%] [32mBuilding C object CMakeFiles/slam_toolbox__rosidl_generator_c.dir/rosidl_generator_c/slam_toolbox/srv/detail/serialize_pose_graph__functions.c.o[0m
[375.527s] [ 57%] [32mBuilding C object CMakeFiles/slam_toolbox__rosidl_generator_c.dir/rosidl_generator_c/slam_toolbox/srv/detail/save_map__functions.c.o[0m
[375.672s] [ 58%] [32mBuilding C object CMakeFiles/slam_toolbox__rosidl_generator_c.dir/rosidl_generator_c/slam_toolbox/srv/detail/clear__functions.c.o[0m
[375.845s] [ 58%] [32mBuilding C object CMakeFiles/slam_toolbox__rosidl_generator_c.dir/rosidl_generator_c/slam_toolbox/srv/detail/toggle_interactive__functions.c.o[0m
[375.974s] [ 59%] [32mBuilding C object CMakeFiles/slam_toolbox__rosidl_generator_c.dir/rosidl_generator_c/slam_toolbox/srv/detail/clear_queue__functions.c.o[0m
[376.108s] [ 60%] [32mBuilding C object CMakeFiles/slam_toolbox__rosidl_generator_c.dir/rosidl_generator_c/slam_toolbox/srv/detail/reset__functions.c.o[0m
[376.243s] [ 61%] [32m[1mLinking C shared library libslam_toolbox__rosidl_generator_c.so[0m
[376.311s] [ 61%] Built target slam_toolbox__rosidl_generator_c
[376.676s] running egg_info
[376.678s] creating slam_toolbox.egg-info
[376.678s] writing slam_toolbox.egg-info/PKG-INFO
[376.679s] writing dependency_links to slam_toolbox.egg-info/dependency_links.txt
[376.679s] writing top-level names to slam_toolbox.egg-info/top_level.txt
[376.680s] writing manifest file 'slam_toolbox.egg-info/SOURCES.txt'
[376.683s] reading manifest file 'slam_toolbox.egg-info/SOURCES.txt'
[376.684s] writing manifest file 'slam_toolbox.egg-info/SOURCES.txt'
[376.745s] [ 61%] Built target ament_cmake_python_build_slam_toolbox_egg
[376.761s] [ 62%] [34m[1mGenerating C type support dispatch for ROS interfaces[0m
[377.978s] [ 62%] [32mBuilding CXX object CMakeFiles/slam_toolbox__rosidl_typesupport_c.dir/rosidl_typesupport_c/slam_toolbox/srv/pause__type_support.cpp.o[0m
[378.026s] [ 63%] [32mBuilding CXX object CMakeFiles/slam_toolbox__rosidl_typesupport_c.dir/rosidl_typesupport_c/slam_toolbox/srv/save_map__type_support.cpp.o[0m
[378.064s] [ 63%] [32mBuilding CXX object CMakeFiles/slam_toolbox__rosidl_typesupport_c.dir/rosidl_typesupport_c/slam_toolbox/srv/loop_closure__type_support.cpp.o[0m
[378.107s] [ 64%] [32mBuilding CXX object CMakeFiles/slam_toolbox__rosidl_typesupport_c.dir/rosidl_typesupport_c/slam_toolbox/srv/merge_maps__type_support.cpp.o[0m
[378.165s] [ 65%] [32mBuilding CXX object CMakeFiles/slam_toolbox__rosidl_typesupport_c.dir/rosidl_typesupport_c/slam_toolbox/srv/add_submap__type_support.cpp.o[0m
[378.227s] [ 65%] [32mBuilding CXX object CMakeFiles/slam_toolbox__rosidl_typesupport_c.dir/rosidl_typesupport_c/slam_toolbox/srv/deserialize_pose_graph__type_support.cpp.o[0m
[378.288s] [ 66%] [32mBuilding CXX object CMakeFiles/slam_toolbox__rosidl_typesupport_c.dir/rosidl_typesupport_c/slam_toolbox/srv/serialize_pose_graph__type_support.cpp.o[0m
[378.359s] [ 67%] [32mBuilding CXX object CMakeFiles/slam_toolbox__rosidl_typesupport_c.dir/rosidl_typesupport_c/slam_toolbox/srv/clear__type_support.cpp.o[0m
[378.426s] [ 67%] [32mBuilding CXX object CMakeFiles/slam_toolbox__rosidl_typesupport_c.dir/rosidl_typesupport_c/slam_toolbox/srv/toggle_interactive__type_support.cpp.o[0m
[378.496s] [ 68%] [32mBuilding CXX object CMakeFiles/slam_toolbox__rosidl_typesupport_c.dir/rosidl_typesupport_c/slam_toolbox/srv/clear_queue__type_support.cpp.o[0m
[378.553s] [ 69%] [32mBuilding CXX object CMakeFiles/slam_toolbox__rosidl_typesupport_c.dir/rosidl_typesupport_c/slam_toolbox/srv/reset__type_support.cpp.o[0m
[378.609s] [ 70%] [32m[1mLinking CXX shared library libslam_toolbox__rosidl_typesupport_c.so[0m
[378.689s] [ 70%] Built target slam_toolbox__rosidl_typesupport_c
[378.708s] [ 71%] [34m[1mGenerating C introspection for ROS interfaces[0m
[380.395s] [ 71%] [32mBuilding C object CMakeFiles/slam_toolbox__rosidl_typesupport_introspection_c.dir/rosidl_typesupport_introspection_c/slam_toolbox/srv/detail/pause__type_support.c.o[0m
[380.411s] [ 72%] [32mBuilding C object CMakeFiles/slam_toolbox__rosidl_typesupport_introspection_c.dir/rosidl_typesupport_introspection_c/slam_toolbox/srv/detail/reset__type_support.c.o[0m
[380.511s] [ 73%] [32mBuilding C object CMakeFiles/slam_toolbox__rosidl_typesupport_introspection_c.dir/rosidl_typesupport_introspection_c/slam_toolbox/srv/detail/merge_maps__type_support.c.o[0m
[380.581s] [ 74%] [32mBuilding C object CMakeFiles/slam_toolbox__rosidl_typesupport_introspection_c.dir/rosidl_typesupport_introspection_c/slam_toolbox/srv/detail/add_submap__type_support.c.o[0m
[380.654s] [ 74%] [32mBuilding C object CMakeFiles/slam_toolbox__rosidl_typesupport_introspection_c.dir/rosidl_typesupport_introspection_c/slam_toolbox/srv/detail/deserialize_pose_graph__type_support.c.o[0m
[380.728s] [ 75%] [32mBuilding C object CMakeFiles/slam_toolbox__rosidl_typesupport_introspection_c.dir/rosidl_typesupport_introspection_c/slam_toolbox/srv/detail/serialize_pose_graph__type_support.c.o[0m
[380.802s] [ 75%] [32mBuilding C object CMakeFiles/slam_toolbox__rosidl_typesupport_introspection_c.dir/rosidl_typesupport_introspection_c/slam_toolbox/srv/detail/loop_closure__type_support.c.o[0m
[380.878s] [ 76%] [32mBuilding C object CMakeFiles/slam_toolbox__rosidl_typesupport_introspection_c.dir/rosidl_typesupport_introspection_c/slam_toolbox/srv/detail/save_map__type_support.c.o[0m
[380.956s] [ 77%] [32mBuilding C object CMakeFiles/slam_toolbox__rosidl_typesupport_introspection_c.dir/rosidl_typesupport_introspection_c/slam_toolbox/srv/detail/clear__type_support.c.o[0m
[381.030s] [ 77%] [32mBuilding C object CMakeFiles/slam_toolbox__rosidl_typesupport_introspection_c.dir/rosidl_typesupport_introspection_c/slam_toolbox/srv/detail/toggle_interactive__type_support.c.o[0m
[381.104s] [ 78%] [32mBuilding C object CMakeFiles/slam_toolbox__rosidl_typesupport_introspection_c.dir/rosidl_typesupport_introspection_c/slam_toolbox/srv/detail/clear_queue__type_support.c.o[0m
[381.178s] [ 79%] [32m[1mLinking C shared library libslam_toolbox__rosidl_typesupport_introspection_c.so[0m
[381.253s] [ 79%] Built target slam_toolbox__rosidl_typesupport_introspection_c
[381.272s] [ 80%] [34m[1mGenerating C type support for eProsima Fast-RTPS[0m
[383.802s] [ 80%] [32mBuilding CXX object CMakeFiles/slam_toolbox__rosidl_typesupport_fastrtps_c.dir/rosidl_typesupport_fastrtps_c/slam_toolbox/srv/detail/pause__type_support_c.cpp.o[0m
[383.828s] [ 81%] [32mBuilding CXX object CMakeFiles/slam_toolbox__rosidl_typesupport_fastrtps_c.dir/rosidl_typesupport_fastrtps_c/slam_toolbox/srv/detail/reset__type_support_c.cpp.o[0m
[384.665s] [ 82%] [32mBuilding CXX object CMakeFiles/slam_toolbox__rosidl_typesupport_fastrtps_c.dir/rosidl_typesupport_fastrtps_c/slam_toolbox/srv/detail/add_submap__type_support_c.cpp.o[0m
[385.705s] [ 82%] [32mBuilding CXX object CMakeFiles/slam_toolbox__rosidl_typesupport_fastrtps_c.dir/rosidl_typesupport_fastrtps_c/slam_toolbox/srv/detail/deserialize_pose_graph__type_support_c.cpp.o[0m
[386.583s] [ 83%] [32mBuilding CXX object CMakeFiles/slam_toolbox__rosidl_typesupport_fastrtps_c.dir/rosidl_typesupport_fastrtps_c/slam_toolbox/srv/detail/serialize_pose_graph__type_support_c.cpp.o[0m
[387.614s] [ 84%] [32mBuilding CXX object CMakeFiles/slam_toolbox__rosidl_typesupport_fastrtps_c.dir/rosidl_typesupport_fastrtps_c/slam_toolbox/srv/detail/merge_maps__type_support_c.cpp.o[0m
[388.426s] [ 84%] [32mBuilding CXX object CMakeFiles/slam_toolbox__rosidl_typesupport_fastrtps_c.dir/rosidl_typesupport_fastrtps_c/slam_toolbox/srv/detail/loop_closure__type_support_c.cpp.o[0m
[389.167s] [ 85%] [32mBuilding CXX object CMakeFiles/slam_toolbox__rosidl_typesupport_fastrtps_c.dir/rosidl_typesupport_fastrtps_c/slam_toolbox/srv/detail/save_map__type_support_c.cpp.o[0m
[389.744s] [ 86%] [32mBuilding CXX object CMakeFiles/slam_toolbox__rosidl_typesupport_fastrtps_c.dir/rosidl_typesupport_fastrtps_c/slam_toolbox/srv/detail/clear__type_support_c.cpp.o[0m
[390.408s] [ 86%] [32mBuilding CXX object CMakeFiles/slam_toolbox__rosidl_typesupport_fastrtps_c.dir/rosidl_typesupport_fastrtps_c/slam_toolbox/srv/detail/toggle_interactive__type_support_c.cpp.o[0m
[391.101s] [ 87%] [32mBuilding CXX object CMakeFiles/slam_toolbox__rosidl_typesupport_fastrtps_c.dir/rosidl_typesupport_fastrtps_c/slam_toolbox/srv/detail/clear_queue__type_support_c.cpp.o[0m
[391.706s] [ 88%] [32m[1mLinking CXX shared library libslam_toolbox__rosidl_typesupport_fastrtps_c.so[0m
[392.070s] [ 88%] Built target slam_toolbox__rosidl_typesupport_fastrtps_c
[392.193s] [ 88%] Built target slam_toolbox
[392.297s] [ 89%] [34m[1mGenerating Python code for ROS interfaces[0m
[396.998s] [ 89%] Built target slam_toolbox__py
[397.045s] [ 90%] [32mBuilding C object CMakeFiles/slam_toolbox__rosidl_generator_py.dir/rosidl_generator_py/slam_toolbox/srv/_pause_s.c.o[0m
[397.274s] [ 90%] [32mBuilding C object CMakeFiles/slam_toolbox__rosidl_generator_py.dir/rosidl_generator_py/slam_toolbox/srv/_merge_maps_s.c.o[0m
[397.483s] [ 91%] [32mBuilding C object CMakeFiles/slam_toolbox__rosidl_generator_py.dir/rosidl_generator_py/slam_toolbox/srv/_add_submap_s.c.o[0m
[397.699s] [ 92%] [32mBuilding C object CMakeFiles/slam_toolbox__rosidl_generator_py.dir/rosidl_generator_py/slam_toolbox/srv/_deserialize_pose_graph_s.c.o[0m
[397.922s] [ 92%] [32mBuilding C object CMakeFiles/slam_toolbox__rosidl_generator_py.dir/rosidl_generator_py/slam_toolbox/srv/_serialize_pose_graph_s.c.o[0m
[398.155s] [ 93%] [32mBuilding C object CMakeFiles/slam_toolbox__rosidl_generator_py.dir/rosidl_generator_py/slam_toolbox/srv/_loop_closure_s.c.o[0m
[398.372s] [ 94%] [32mBuilding C object CMakeFiles/slam_toolbox__rosidl_generator_py.dir/rosidl_generator_py/slam_toolbox/srv/_save_map_s.c.o[0m
[398.605s] [ 94%] [32mBuilding C object CMakeFiles/slam_toolbox__rosidl_generator_py.dir/rosidl_generator_py/slam_toolbox/srv/_clear_s.c.o[0m
[398.826s] [ 95%] [32mBuilding C object CMakeFiles/slam_toolbox__rosidl_generator_py.dir/rosidl_generator_py/slam_toolbox/srv/_toggle_interactive_s.c.o[0m
[399.043s] [ 96%] [32mBuilding C object CMakeFiles/slam_toolbox__rosidl_generator_py.dir/rosidl_generator_py/slam_toolbox/srv/_clear_queue_s.c.o[0m
[399.249s] [ 96%] [32mBuilding C object CMakeFiles/slam_toolbox__rosidl_generator_py.dir/rosidl_generator_py/slam_toolbox/srv/_reset_s.c.o[0m
[399.461s] [ 97%] [32m[1mLinking C shared library rosidl_generator_py/slam_toolbox/libslam_toolbox__rosidl_generator_py.so[0m
[399.530s] [ 97%] Built target slam_toolbox__rosidl_generator_py
[399.561s] [ 97%] [32mBuilding C object CMakeFiles/slam_toolbox__rosidl_typesupport_fastrtps_c__pyext.dir/rosidl_generator_py/slam_toolbox/_slam_toolbox_s.ep.rosidl_typesupport_fastrtps_c.c.o[0m
[400.149s] [ 98%] [32m[1mLinking C shared library rosidl_generator_py/slam_toolbox/slam_toolbox_s__rosidl_typesupport_fastrtps_c.cpython-310-x86_64-linux-gnu.so[0m
[400.225s] [ 98%] Built target slam_toolbox__rosidl_typesupport_fastrtps_c__pyext
[400.257s] [ 98%] [32mBuilding C object CMakeFiles/slam_toolbox__rosidl_typesupport_c__pyext.dir/rosidl_generator_py/slam_toolbox/_slam_toolbox_s.ep.rosidl_typesupport_c.c.o[0m
[400.850s] [ 99%] [32m[1mLinking C shared library rosidl_generator_py/slam_toolbox/slam_toolbox_s__rosidl_typesupport_c.cpython-310-x86_64-linux-gnu.so[0m
[400.924s] [ 99%] Built target slam_toolbox__rosidl_typesupport_c__pyext
[400.956s] [ 99%] [32mBuilding C object CMakeFiles/slam_toolbox__rosidl_typesupport_introspection_c__pyext.dir/rosidl_generator_py/slam_toolbox/_slam_toolbox_s.ep.rosidl_typesupport_introspection_c.c.o[0m
[401.562s] [100%] [32m[1mLinking C shared library rosidl_generator_py/slam_toolbox/slam_toolbox_s__rosidl_typesupport_introspection_c.cpython-310-x86_64-linux-gnu.so[0m
[401.623s] [100%] Built target slam_toolbox__rosidl_typesupport_introspection_c__pyext
[401.654s] Invoked command in '/home/asis/hokuyo_ws/src/build/slam_toolbox' returned '0': AMENT_PREFIX_PATH=/home/asis/hokuyo_ws/src/install/nav2_map_server:/home/asis/hokuyo_ws/src/install/nav2_util:/home/asis/hokuyo_ws/src/install/nav2_msgs:/home/asis/hokuyo_ws/src/install/nav2_common:${AMENT_PREFIX_PATH} CMAKE_PREFIX_PATH=/home/asis/hokuyo_ws/src/install/nav2_map_server:/home/asis/hokuyo_ws/src/install/nav2_util:/home/asis/hokuyo_ws/src/install/nav2_msgs:/home/asis/hokuyo_ws/src/install/nav2_common:/home/asis/hokuyo_ws/install/urg_node2:/home/asis/hokuyo_ws/install/slam_toolbox:/opt/ros/humble LD_LIBRARY_PATH=/home/asis/hokuyo_ws/src/install/nav2_map_server/lib:/home/asis/hokuyo_ws/src/install/nav2_util/lib:/home/asis/hokuyo_ws/src/install/nav2_msgs/lib:${LD_LIBRARY_PATH} PYTHONPATH=/home/asis/hokuyo_ws/src/install/nav2_msgs/local/lib/python3.10/dist-packages:/home/asis/hokuyo_ws/src/install/nav2_common/local/lib/python3.10/dist-packages:${PYTHONPATH} /usr/bin/cmake --build /home/asis/hokuyo_ws/src/build/slam_toolbox -- -j8 -l8
[402.368s] Invoking command in '/home/asis/hokuyo_ws/src/build/slam_toolbox': AMENT_PREFIX_PATH=/home/asis/hokuyo_ws/src/install/nav2_map_server:/home/asis/hokuyo_ws/src/install/nav2_util:/home/asis/hokuyo_ws/src/install/nav2_msgs:/home/asis/hokuyo_ws/src/install/nav2_common:${AMENT_PREFIX_PATH} CMAKE_PREFIX_PATH=/home/asis/hokuyo_ws/src/install/nav2_map_server:/home/asis/hokuyo_ws/src/install/nav2_util:/home/asis/hokuyo_ws/src/install/nav2_msgs:/home/asis/hokuyo_ws/src/install/nav2_common:/home/asis/hokuyo_ws/install/urg_node2:/home/asis/hokuyo_ws/install/slam_toolbox:/opt/ros/humble LD_LIBRARY_PATH=/home/asis/hokuyo_ws/src/install/nav2_map_server/lib:/home/asis/hokuyo_ws/src/install/nav2_util/lib:/home/asis/hokuyo_ws/src/install/nav2_msgs/lib:${LD_LIBRARY_PATH} PYTHONPATH=/home/asis/hokuyo_ws/src/install/nav2_msgs/local/lib/python3.10/dist-packages:/home/asis/hokuyo_ws/src/install/nav2_common/local/lib/python3.10/dist-packages:${PYTHONPATH} /usr/bin/cmake --install /home/asis/hokuyo_ws/src/build/slam_toolbox
[409.281s] -- Install configuration: "Release"
[409.282s] -- Installing: /home/asis/hokuyo_ws/src/install/slam_toolbox/share/ament_index/resource_index/rosidl_interfaces/slam_toolbox
[409.282s] -- Installing: /home/asis/hokuyo_ws/src/install/slam_toolbox/include/slam_toolbox/slam_toolbox
[409.282s] -- Installing: /home/asis/hokuyo_ws/src/install/slam_toolbox/include/slam_toolbox/slam_toolbox/srv
[409.282s] -- Installing: /home/asis/hokuyo_ws/src/install/slam_toolbox/include/slam_toolbox/slam_toolbox/srv/pause.h
[409.282s] -- Installing: /home/asis/hokuyo_ws/src/install/slam_toolbox/include/slam_toolbox/slam_toolbox/srv/reset.h
[409.282s] -- Installing: /home/asis/hokuyo_ws/src/install/slam_toolbox/include/slam_toolbox/slam_toolbox/srv/merge_maps.h
[409.282s] -- Installing: /home/asis/hokuyo_ws/src/install/slam_toolbox/include/slam_toolbox/slam_toolbox/srv/clear.h
[409.282s] -- Installing: /home/asis/hokuyo_ws/src/install/slam_toolbox/include/slam_toolbox/slam_toolbox/srv/serialize_pose_graph.h
[409.282s] -- Installing: /home/asis/hokuyo_ws/src/install/slam_toolbox/include/slam_toolbox/slam_toolbox/srv/deserialize_pose_graph.h
[409.282s] -- Installing: /home/asis/hokuyo_ws/src/install/slam_toolbox/include/slam_toolbox/slam_toolbox/srv/toggle_interactive.h
[409.283s] -- Installing: /home/asis/hokuyo_ws/src/install/slam_toolbox/include/slam_toolbox/slam_toolbox/srv/detail
[409.283s] -- Installing: /home/asis/hokuyo_ws/src/install/slam_toolbox/include/slam_toolbox/slam_toolbox/srv/detail/pause__type_support.h
[409.283s] -- Installing: /home/asis/hokuyo_ws/src/install/slam_toolbox/include/slam_toolbox/slam_toolbox/srv/detail/clear__functions.h
[409.283s] -- Installing: /home/asis/hokuyo_ws/src/install/slam_toolbox/include/slam_toolbox/slam_toolbox/srv/detail/pause__functions.h
[409.283s] -- Installing: /home/asis/hokuyo_ws/src/install/slam_toolbox/include/slam_toolbox/slam_toolbox/srv/detail/serialize_pose_graph__type_support.h
[409.283s] -- Installing: /home/asis/hokuyo_ws/src/install/slam_toolbox/include/slam_toolbox/slam_toolbox/srv/detail/loop_closure__type_support.h
[409.283s] -- Installing: /home/asis/hokuyo_ws/src/install/slam_toolbox/include/slam_toolbox/slam_toolbox/srv/detail/serialize_pose_graph__struct.h
[409.283s] -- Installing: /home/asis/hokuyo_ws/src/install/slam_toolbox/include/slam_toolbox/slam_toolbox/srv/detail/clear_queue__functions.h
[409.283s] -- Installing: /home/asis/hokuyo_ws/src/install/slam_toolbox/include/slam_toolbox/slam_toolbox/srv/detail/save_map__functions.c
[409.283s] -- Installing: /home/asis/hokuyo_ws/src/install/slam_toolbox/include/slam_toolbox/slam_toolbox/srv/detail/reset__type_support.h
[409.283s] -- Installing: /home/asis/hokuyo_ws/src/install/slam_toolbox/include/slam_toolbox/slam_toolbox/srv/detail/reset__functions.h
[409.284s] -- Installing: /home/asis/hokuyo_ws/src/install/slam_toolbox/include/slam_toolbox/slam_toolbox/srv/detail/deserialize_pose_graph__functions.c
[409.284s] -- Installing: /home/asis/hokuyo_ws/src/install/slam_toolbox/include/slam_toolbox/slam_toolbox/srv/detail/clear_queue__type_support.h
[409.284s] -- Installing: /home/asis/hokuyo_ws/src/install/slam_toolbox/include/slam_toolbox/slam_toolbox/srv/detail/merge_maps__functions.h
[409.284s] -- Installing: /home/asis/hokuyo_ws/src/install/slam_toolbox/include/slam_toolbox/slam_toolbox/srv/detail/clear__type_support.h
[409.284s] -- Installing: /home/asis/hokuyo_ws/src/install/slam_toolbox/include/slam_toolbox/slam_toolbox/srv/detail/deserialize_pose_graph__struct.h
[409.284s] -- Installing: /home/asis/hokuyo_ws/src/install/slam_toolbox/include/slam_toolbox/slam_toolbox/srv/detail/merge_maps__struct.h
[409.284s] -- Installing: /home/asis/hokuyo_ws/src/install/slam_toolbox/include/slam_toolbox/slam_toolbox/srv/detail/save_map__struct.h
[409.284s] -- Installing: /home/asis/hokuyo_ws/src/install/slam_toolbox/include/slam_toolbox/slam_toolbox/srv/detail/merge_maps__functions.c
[409.284s] -- Installing: /home/asis/hokuyo_ws/src/install/slam_toolbox/include/slam_toolbox/slam_toolbox/srv/detail/save_map__type_support.h
[409.284s] -- Installing: /home/asis/hokuyo_ws/src/install/slam_toolbox/include/slam_toolbox/slam_toolbox/srv/detail/clear__struct.h
[409.284s] -- Installing: /home/asis/hokuyo_ws/src/install/slam_toolbox/include/slam_toolbox/slam_toolbox/srv/detail/toggle_interactive__functions.c
[409.285s] -- Installing: /home/asis/hokuyo_ws/src/install/slam_toolbox/include/slam_toolbox/slam_toolbox/srv/detail/pause__functions.c
[409.285s] -- Installing: /home/asis/hokuyo_ws/src/install/slam_toolbox/include/slam_toolbox/slam_toolbox/srv/detail/save_map__functions.h
[409.285s] -- Installing: /home/asis/hokuyo_ws/src/install/slam_toolbox/include/slam_toolbox/slam_toolbox/srv/detail/clear_queue__struct.h
[409.285s] -- Installing: /home/asis/hokuyo_ws/src/install/slam_toolbox/include/slam_toolbox/slam_toolbox/srv/detail/reset__functions.c
[409.285s] -- Installing: /home/asis/hokuyo_ws/src/install/slam_toolbox/include/slam_toolbox/slam_toolbox/srv/detail/deserialize_pose_graph__type_support.h
[409.285s] -- Installing: /home/asis/hokuyo_ws/src/install/slam_toolbox/include/slam_toolbox/slam_toolbox/srv/detail/add_submap__struct.h
[409.285s] -- Installing: /home/asis/hokuyo_ws/src/install/slam_toolbox/include/slam_toolbox/slam_toolbox/srv/detail/serialize_pose_graph__functions.c
[409.285s] -- Installing: /home/asis/hokuyo_ws/src/install/slam_toolbox/include/slam_toolbox/slam_toolbox/srv/detail/add_submap__functions.h
[409.285s] -- Installing: /home/asis/hokuyo_ws/src/install/slam_toolbox/include/slam_toolbox/slam_toolbox/srv/detail/toggle_interactive__struct.h
[409.285s] -- Installing: /home/asis/hokuyo_ws/src/install/slam_toolbox/include/slam_toolbox/slam_toolbox/srv/detail/serialize_pose_graph__functions.h
[409.286s] -- Installing: /home/asis/hokuyo_ws/src/install/slam_toolbox/include/slam_toolbox/slam_toolbox/srv/detail/add_submap__functions.c
[409.286s] -- Installing: /home/asis/hokuyo_ws/src/install/slam_toolbox/include/slam_toolbox/slam_toolbox/srv/detail/clear__functions.c
[409.286s] -- Installing: /home/asis/hokuyo_ws/src/install/slam_toolbox/include/slam_toolbox/slam_toolbox/srv/detail/loop_closure__functions.h
[409.286s] -- Installing: /home/asis/hokuyo_ws/src/install/slam_toolbox/include/slam_toolbox/slam_toolbox/srv/detail/deserialize_pose_graph__functions.h
[409.286s] -- Installing: /home/asis/hokuyo_ws/src/install/slam_toolbox/include/slam_toolbox/slam_toolbox/srv/detail/clear_queue__functions.c
[409.286s] -- Installing: /home/asis/hokuyo_ws/src/install/slam_toolbox/include/slam_toolbox/slam_toolbox/srv/detail/merge_maps__type_support.h
[409.286s] -- Installing: /home/asis/hokuyo_ws/src/install/slam_toolbox/include/slam_toolbox/slam_toolbox/srv/detail/toggle_interactive__functions.h
[409.286s] -- Installing: /home/asis/hokuyo_ws/src/install/slam_toolbox/include/slam_toolbox/slam_toolbox/srv/detail/loop_closure__functions.c
[409.286s] -- Installing: /home/asis/hokuyo_ws/src/install/slam_toolbox/include/slam_toolbox/slam_toolbox/srv/detail/reset__struct.h
[409.286s] -- Installing: /home/asis/hokuyo_ws/src/install/slam_toolbox/include/slam_toolbox/slam_toolbox/srv/detail/pause__struct.h
[409.286s] -- Installing: /home/asis/hokuyo_ws/src/install/slam_toolbox/include/slam_toolbox/slam_toolbox/srv/detail/add_submap__type_support.h
[409.287s] -- Installing: /home/asis/hokuyo_ws/src/install/slam_toolbox/include/slam_toolbox/slam_toolbox/srv/detail/toggle_interactive__type_support.h
[409.287s] -- Installing: /home/asis/hokuyo_ws/src/install/slam_toolbox/include/slam_toolbox/slam_toolbox/srv/detail/loop_closure__struct.h
[409.287s] -- Installing: /home/asis/hokuyo_ws/src/install/slam_toolbox/include/slam_toolbox/slam_toolbox/srv/save_map.h
[409.287s] -- Installing: /home/asis/hokuyo_ws/src/install/slam_toolbox/include/slam_toolbox/slam_toolbox/srv/add_submap.h
[409.287s] -- Installing: /home/asis/hokuyo_ws/src/install/slam_toolbox/include/slam_toolbox/slam_toolbox/srv/clear_queue.h
[409.287s] -- Installing: /home/asis/hokuyo_ws/src/install/slam_toolbox/include/slam_toolbox/slam_toolbox/srv/loop_closure.h
[409.287s] -- Installing: /home/asis/hokuyo_ws/src/install/slam_toolbox/include/slam_toolbox/slam_toolbox/msg
[409.287s] -- Installing: /home/asis/hokuyo_ws/src/install/slam_toolbox/include/slam_toolbox/slam_toolbox/msg/rosidl_generator_c__visibility_control.h
[409.287s] -- Installing: /home/asis/hokuyo_ws/src/install/slam_toolbox/share/slam_toolbox/environment/library_path.sh
[409.287s] -- Installing: /home/asis/hokuyo_ws/src/install/slam_toolbox/share/slam_toolbox/environment/library_path.dsv
[409.287s] -- Installing: /home/asis/hokuyo_ws/src/install/slam_toolbox/lib/libslam_toolbox__rosidl_generator_c.so
[409.288s] -- Set runtime path of "/home/asis/hokuyo_ws/src/install/slam_toolbox/lib/libslam_toolbox__rosidl_generator_c.so" to ""
[409.288s] -- Up-to-date: /home/asis/hokuyo_ws/src/install/slam_toolbox/include/slam_toolbox/slam_toolbox
[409.288s] -- Up-to-date: /home/asis/hokuyo_ws/src/install/slam_toolbox/include/slam_toolbox/slam_toolbox/srv
[409.288s] -- Up-to-date: /home/asis/hokuyo_ws/src/install/slam_toolbox/include/slam_toolbox/slam_toolbox/srv/detail
[409.288s] -- Installing: /home/asis/hokuyo_ws/src/install/slam_toolbox/include/slam_toolbox/slam_toolbox/srv/detail/save_map__rosidl_typesupport_fastrtps_c.h
[409.288s] -- Installing: /home/asis/hokuyo_ws/src/install/slam_toolbox/include/slam_toolbox/slam_toolbox/srv/detail/loop_closure__rosidl_typesupport_fastrtps_c.h
[409.288s] -- Installing: /home/asis/hokuyo_ws/src/install/slam_toolbox/include/slam_toolbox/slam_toolbox/srv/detail/deserialize_pose_graph__rosidl_typesupport_fastrtps_c.h
[409.288s] -- Installing: /home/asis/hokuyo_ws/src/install/slam_toolbox/include/slam_toolbox/slam_toolbox/srv/detail/pause__rosidl_typesupport_fastrtps_c.h
[409.288s] -- Installing: /home/asis/hokuyo_ws/src/install/slam_toolbox/include/slam_toolbox/slam_toolbox/srv/detail/reset__rosidl_typesupport_fastrtps_c.h
[409.288s] -- Installing: /home/asis/hokuyo_ws/src/install/slam_toolbox/include/slam_toolbox/slam_toolbox/srv/detail/clear__rosidl_typesupport_fastrtps_c.h
[409.289s] -- Installing: /home/asis/hokuyo_ws/src/install/slam_toolbox/include/slam_toolbox/slam_toolbox/srv/detail/add_submap__rosidl_typesupport_fastrtps_c.h
[409.289s] -- Installing: /home/asis/hokuyo_ws/src/install/slam_toolbox/include/slam_toolbox/slam_toolbox/srv/detail/toggle_interactive__rosidl_typesupport_fastrtps_c.h
[409.289s] -- Installing: /home/asis/hokuyo_ws/src/install/slam_toolbox/include/slam_toolbox/slam_toolbox/srv/detail/merge_maps__rosidl_typesupport_fastrtps_c.h
[409.289s] -- Installing: /home/asis/hokuyo_ws/src/install/slam_toolbox/include/slam_toolbox/slam_toolbox/srv/detail/clear_queue__rosidl_typesupport_fastrtps_c.h
[409.289s] -- Installing: /home/asis/hokuyo_ws/src/install/slam_toolbox/include/slam_toolbox/slam_toolbox/srv/detail/serialize_pose_graph__rosidl_typesupport_fastrtps_c.h
[409.289s] -- Up-to-date: /home/asis/hokuyo_ws/src/install/slam_toolbox/include/slam_toolbox/slam_toolbox/msg
[409.289s] -- Installing: /home/asis/hokuyo_ws/src/install/slam_toolbox/include/slam_toolbox/slam_toolbox/msg/rosidl_typesupport_fastrtps_c__visibility_control.h
[409.289s] -- Installing: /home/asis/hokuyo_ws/src/install/slam_toolbox/lib/libslam_toolbox__rosidl_typesupport_fastrtps_c.so
[409.289s] -- Set runtime path of "/home/asis/hokuyo_ws/src/install/slam_toolbox/lib/libslam_toolbox__rosidl_typesupport_fastrtps_c.so" to ""
[409.289s] -- Up-to-date: /home/asis/hokuyo_ws/src/install/slam_toolbox/include/slam_toolbox/slam_toolbox
[409.289s] -- Up-to-date: /home/asis/hokuyo_ws/src/install/slam_toolbox/include/slam_toolbox/slam_toolbox/srv
[409.290s] -- Installing: /home/asis/hokuyo_ws/src/install/slam_toolbox/include/slam_toolbox/slam_toolbox/srv/save_map.hpp
[409.290s] -- Installing: /home/asis/hokuyo_ws/src/install/slam_toolbox/include/slam_toolbox/slam_toolbox/srv/reset.hpp
[409.290s] -- Installing: /home/asis/hokuyo_ws/src/install/slam_toolbox/include/slam_toolbox/slam_toolbox/srv/toggle_interactive.hpp
[409.290s] -- Installing: /home/asis/hokuyo_ws/src/install/slam_toolbox/include/slam_toolbox/slam_toolbox/srv/loop_closure.hpp
[409.290s] -- Installing: /home/asis/hokuyo_ws/src/install/slam_toolbox/include/slam_toolbox/slam_toolbox/srv/add_submap.hpp
[409.290s] -- Installing: /home/asis/hokuyo_ws/src/install/slam_toolbox/include/slam_toolbox/slam_toolbox/srv/serialize_pose_graph.hpp
[409.290s] -- Installing: /home/asis/hokuyo_ws/src/install/slam_toolbox/include/slam_toolbox/slam_toolbox/srv/clear.hpp
[409.290s] -- Up-to-date: /home/asis/hokuyo_ws/src/install/slam_toolbox/include/slam_toolbox/slam_toolbox/srv/detail
[409.291s] -- Installing: /home/asis/hokuyo_ws/src/install/slam_toolbox/include/slam_toolbox/slam_toolbox/srv/detail/pause__struct.hpp
[409.291s] -- Installing: /home/asis/hokuyo_ws/src/install/slam_toolbox/include/slam_toolbox/slam_toolbox/srv/detail/loop_closure__struct.hpp
[409.291s] -- Installing: /home/asis/hokuyo_ws/src/install/slam_toolbox/include/slam_toolbox/slam_toolbox/srv/detail/toggle_interactive__traits.hpp
[409.291s] -- Installing: /home/asis/hokuyo_ws/src/install/slam_toolbox/include/slam_toolbox/slam_toolbox/srv/detail/add_submap__traits.hpp
[409.291s] -- Installing: /home/asis/hokuyo_ws/src/install/slam_toolbox/include/slam_toolbox/slam_toolbox/srv/detail/clear__builder.hpp
[409.291s] -- Installing: /home/asis/hokuyo_ws/src/install/slam_toolbox/include/slam_toolbox/slam_toolbox/srv/detail/add_submap__builder.hpp
[409.291s] -- Installing: /home/asis/hokuyo_ws/src/install/slam_toolbox/include/slam_toolbox/slam_toolbox/srv/detail/clear_queue__builder.hpp
[409.291s] -- Installing: /home/asis/hokuyo_ws/src/install/slam_toolbox/include/slam_toolbox/slam_toolbox/srv/detail/save_map__builder.hpp
[409.291s] -- Installing: /home/asis/hokuyo_ws/src/install/slam_toolbox/include/slam_toolbox/slam_toolbox/srv/detail/serialize_pose_graph__struct.hpp
[409.291s] -- Installing: /home/asis/hokuyo_ws/src/install/slam_toolbox/include/slam_toolbox/slam_toolbox/srv/detail/add_submap__struct.hpp
[409.291s] -- Installing: /home/asis/hokuyo_ws/src/install/slam_toolbox/include/slam_toolbox/slam_toolbox/srv/detail/save_map__traits.hpp
[409.292s] -- Installing: /home/asis/hokuyo_ws/src/install/slam_toolbox/include/slam_toolbox/slam_toolbox/srv/detail/reset__struct.hpp
[409.292s] -- Installing: /home/asis/hokuyo_ws/src/install/slam_toolbox/include/slam_toolbox/slam_toolbox/srv/detail/clear_queue__traits.hpp
[409.292s] -- Installing: /home/asis/hokuyo_ws/src/install/slam_toolbox/include/slam_toolbox/slam_toolbox/srv/detail/toggle_interactive__builder.hpp
[409.292s] -- Installing: /home/asis/hokuyo_ws/src/install/slam_toolbox/include/slam_toolbox/slam_toolbox/srv/detail/save_map__struct.hpp
[409.292s] -- Installing: /home/asis/hokuyo_ws/src/install/slam_toolbox/include/slam_toolbox/slam_toolbox/srv/detail/reset__traits.hpp
[409.292s] -- Installing: /home/asis/hokuyo_ws/src/install/slam_toolbox/include/slam_toolbox/slam_toolbox/srv/detail/merge_maps__traits.hpp
[409.292s] -- Installing: /home/asis/hokuyo_ws/src/install/slam_toolbox/include/slam_toolbox/slam_toolbox/srv/detail/clear__traits.hpp
[409.292s] -- Installing: /home/asis/hokuyo_ws/src/install/slam_toolbox/include/slam_toolbox/slam_toolbox/srv/detail/deserialize_pose_graph__struct.hpp
[409.292s] -- Installing: /home/asis/hokuyo_ws/src/install/slam_toolbox/include/slam_toolbox/slam_toolbox/srv/detail/clear__struct.hpp
[409.292s] -- Installing: /home/asis/hokuyo_ws/src/install/slam_toolbox/include/slam_toolbox/slam_toolbox/srv/detail/deserialize_pose_graph__traits.hpp
[409.293s] -- Installing: /home/asis/hokuyo_ws/src/install/slam_toolbox/include/slam_toolbox/slam_toolbox/srv/detail/toggle_interactive__struct.hpp
[409.293s] -- Installing: /home/asis/hokuyo_ws/src/install/slam_toolbox/include/slam_toolbox/slam_toolbox/srv/detail/pause__builder.hpp
[409.293s] -- Installing: /home/asis/hokuyo_ws/src/install/slam_toolbox/include/slam_toolbox/slam_toolbox/srv/detail/merge_maps__builder.hpp
[409.293s] -- Installing: /home/asis/hokuyo_ws/src/install/slam_toolbox/include/slam_toolbox/slam_toolbox/srv/detail/reset__builder.hpp
[409.293s] -- Installing: /home/asis/hokuyo_ws/src/install/slam_toolbox/include/slam_toolbox/slam_toolbox/srv/detail/serialize_pose_graph__traits.hpp
[409.293s] -- Installing: /home/asis/hokuyo_ws/src/install/slam_toolbox/include/slam_toolbox/slam_toolbox/srv/detail/serialize_pose_graph__builder.hpp
[409.293s] -- Installing: /home/asis/hokuyo_ws/src/install/slam_toolbox/include/slam_toolbox/slam_toolbox/srv/detail/loop_closure__builder.hpp
[409.293s] -- Installing: /home/asis/hokuyo_ws/src/install/slam_toolbox/include/slam_toolbox/slam_toolbox/srv/detail/pause__traits.hpp
[409.293s] -- Installing: /home/asis/hokuyo_ws/src/install/slam_toolbox/include/slam_toolbox/slam_toolbox/srv/detail/merge_maps__struct.hpp
[409.293s] -- Installing: /home/asis/hokuyo_ws/src/install/slam_toolbox/include/slam_toolbox/slam_toolbox/srv/detail/deserialize_pose_graph__builder.hpp
[409.294s] -- Installing: /home/asis/hokuyo_ws/src/install/slam_toolbox/include/slam_toolbox/slam_toolbox/srv/detail/clear_queue__struct.hpp
[409.294s] -- Installing: /home/asis/hokuyo_ws/src/install/slam_toolbox/include/slam_toolbox/slam_toolbox/srv/detail/loop_closure__traits.hpp
[409.294s] -- Installing: /home/asis/hokuyo_ws/src/install/slam_toolbox/include/slam_toolbox/slam_toolbox/srv/deserialize_pose_graph.hpp
[409.294s] -- Installing: /home/asis/hokuyo_ws/src/install/slam_toolbox/include/slam_toolbox/slam_toolbox/srv/pause.hpp
[409.294s] -- Installing: /home/asis/hokuyo_ws/src/install/slam_toolbox/include/slam_toolbox/slam_toolbox/srv/merge_maps.hpp
[409.294s] -- Installing: /home/asis/hokuyo_ws/src/install/slam_toolbox/include/slam_toolbox/slam_toolbox/srv/clear_queue.hpp
[409.294s] -- Up-to-date: /home/asis/hokuyo_ws/src/install/slam_toolbox/include/slam_toolbox/slam_toolbox
[409.294s] -- Up-to-date: /home/asis/hokuyo_ws/src/install/slam_toolbox/include/slam_toolbox/slam_toolbox/srv
[409.294s] -- Up-to-date: /home/asis/hokuyo_ws/src/install/slam_toolbox/include/slam_toolbox/slam_toolbox/srv/detail
[409.294s] -- Installing: /home/asis/hokuyo_ws/src/install/slam_toolbox/include/slam_toolbox/slam_toolbox/srv/detail/deserialize_pose_graph__rosidl_typesupport_fastrtps_cpp.hpp
[409.294s] -- Installing: /home/asis/hokuyo_ws/src/install/slam_toolbox/include/slam_toolbox/slam_toolbox/srv/detail/add_submap__rosidl_typesupport_fastrtps_cpp.hpp
[409.295s] -- Installing: /home/asis/hokuyo_ws/src/install/slam_toolbox/include/slam_toolbox/slam_toolbox/srv/detail/clear__rosidl_typesupport_fastrtps_cpp.hpp
[409.295s] -- Installing: /home/asis/hokuyo_ws/src/install/slam_toolbox/include/slam_toolbox/slam_toolbox/srv/detail/save_map__rosidl_typesupport_fastrtps_cpp.hpp
[409.295s] -- Installing: /home/asis/hokuyo_ws/src/install/slam_toolbox/include/slam_toolbox/slam_toolbox/srv/detail/dds_fastrtps
[409.295s] -- Installing: /home/asis/hokuyo_ws/src/install/slam_toolbox/include/slam_toolbox/slam_toolbox/srv/detail/serialize_pose_graph__rosidl_typesupport_fastrtps_cpp.hpp
[409.295s] -- Installing: /home/asis/hokuyo_ws/src/install/slam_toolbox/include/slam_toolbox/slam_toolbox/srv/detail/reset__rosidl_typesupport_fastrtps_cpp.hpp
[409.295s] -- Installing: /home/asis/hokuyo_ws/src/install/slam_toolbox/include/slam_toolbox/slam_toolbox/srv/detail/loop_closure__rosidl_typesupport_fastrtps_cpp.hpp
[409.295s] -- Installing: /home/asis/hokuyo_ws/src/install/slam_toolbox/include/slam_toolbox/slam_toolbox/srv/detail/toggle_interactive__rosidl_typesupport_fastrtps_cpp.hpp
[409.295s] -- Installing: /home/asis/hokuyo_ws/src/install/slam_toolbox/include/slam_toolbox/slam_toolbox/srv/detail/merge_maps__rosidl_typesupport_fastrtps_cpp.hpp
[409.295s] -- Installing: /home/asis/hokuyo_ws/src/install/slam_toolbox/include/slam_toolbox/slam_toolbox/srv/detail/pause__rosidl_typesupport_fastrtps_cpp.hpp
[409.295s] -- Installing: /home/asis/hokuyo_ws/src/install/slam_toolbox/include/slam_toolbox/slam_toolbox/srv/detail/clear_queue__rosidl_typesupport_fastrtps_cpp.hpp
[409.296s] -- Up-to-date: /home/asis/hokuyo_ws/src/install/slam_toolbox/include/slam_toolbox/slam_toolbox/msg
[409.296s] -- Installing: /home/asis/hokuyo_ws/src/install/slam_toolbox/include/slam_toolbox/slam_toolbox/msg/rosidl_typesupport_fastrtps_cpp__visibility_control.h
[409.296s] -- Installing: /home/asis/hokuyo_ws/src/install/slam_toolbox/lib/libslam_toolbox__rosidl_typesupport_fastrtps_cpp.so
[409.296s] -- Set runtime path of "/home/asis/hokuyo_ws/src/install/slam_toolbox/lib/libslam_toolbox__rosidl_typesupport_fastrtps_cpp.so" to ""
[409.296s] -- Up-to-date: /home/asis/hokuyo_ws/src/install/slam_toolbox/include/slam_toolbox/slam_toolbox
[409.296s] -- Up-to-date: /home/asis/hokuyo_ws/src/install/slam_toolbox/include/slam_toolbox/slam_toolbox/srv
[409.296s] -- Up-to-date: /home/asis/hokuyo_ws/src/install/slam_toolbox/include/slam_toolbox/slam_toolbox/srv/detail
[409.296s] -- Installing: /home/asis/hokuyo_ws/src/install/slam_toolbox/include/slam_toolbox/slam_toolbox/srv/detail/serialize_pose_graph__rosidl_typesupport_introspection_c.h
[409.296s] -- Installing: /home/asis/hokuyo_ws/src/install/slam_toolbox/include/slam_toolbox/slam_toolbox/srv/detail/loop_closure__type_support.c
[409.296s] -- Installing: /home/asis/hokuyo_ws/src/install/slam_toolbox/include/slam_toolbox/slam_toolbox/srv/detail/deserialize_pose_graph__rosidl_typesupport_introspection_c.h
[409.297s] -- Installing: /home/asis/hokuyo_ws/src/install/slam_toolbox/include/slam_toolbox/slam_toolbox/srv/detail/add_submap__rosidl_typesupport_introspection_c.h
[409.297s] -- Installing: /home/asis/hokuyo_ws/src/install/slam_toolbox/include/slam_toolbox/slam_toolbox/srv/detail/merge_maps__type_support.c
[409.298s] -- Installing: /home/asis/hokuyo_ws/src/install/slam_toolbox/include/slam_toolbox/slam_toolbox/srv/detail/toggle_interactive__type_support.c
[409.298s] -- Installing: /home/asis/hokuyo_ws/src/install/slam_toolbox/include/slam_toolbox/slam_toolbox/srv/detail/add_submap__type_support.c
[409.298s] -- Installing: /home/asis/hokuyo_ws/src/install/slam_toolbox/include/slam_toolbox/slam_toolbox/srv/detail/save_map__type_support.c
[409.298s] -- Installing: /home/asis/hokuyo_ws/src/install/slam_toolbox/include/slam_toolbox/slam_toolbox/srv/detail/merge_maps__rosidl_typesupport_introspection_c.h
[409.298s] -- Installing: /home/asis/hokuyo_ws/src/install/slam_toolbox/include/slam_toolbox/slam_toolbox/srv/detail/clear_queue__type_support.c
[409.298s] -- Installing: /home/asis/hokuyo_ws/src/install/slam_toolbox/include/slam_toolbox/slam_toolbox/srv/detail/serialize_pose_graph__type_support.c
[409.298s] -- Installing: /home/asis/hokuyo_ws/src/install/slam_toolbox/include/slam_toolbox/slam_toolbox/srv/detail/clear_queue__rosidl_typesupport_introspection_c.h
[409.298s] -- Installing: /home/asis/hokuyo_ws/src/install/slam_toolbox/include/slam_toolbox/slam_toolbox/srv/detail/loop_closure__rosidl_typesupport_introspection_c.h
[409.298s] -- Installing: /home/asis/hokuyo_ws/src/install/slam_toolbox/include/slam_toolbox/slam_toolbox/srv/detail/reset__type_support.c
[409.298s] -- Installing: /home/asis/hokuyo_ws/src/install/slam_toolbox/include/slam_toolbox/slam_toolbox/srv/detail/deserialize_pose_graph__type_support.c
[409.299s] -- Installing: /home/asis/hokuyo_ws/src/install/slam_toolbox/include/slam_toolbox/slam_toolbox/srv/detail/clear__type_support.c
[409.299s] -- Installing: /home/asis/hokuyo_ws/src/install/slam_toolbox/include/slam_toolbox/slam_toolbox/srv/detail/pause__rosidl_typesupport_introspection_c.h
[409.299s] -- Installing: /home/asis/hokuyo_ws/src/install/slam_toolbox/include/slam_toolbox/slam_toolbox/srv/detail/pause__type_support.c
[409.299s] -- Installing: /home/asis/hokuyo_ws/src/install/slam_toolbox/include/slam_toolbox/slam_toolbox/srv/detail/save_map__rosidl_typesupport_introspection_c.h
[409.299s] -- Installing: /home/asis/hokuyo_ws/src/install/slam_toolbox/include/slam_toolbox/slam_toolbox/srv/detail/toggle_interactive__rosidl_typesupport_introspection_c.h
[409.299s] -- Installing: /home/asis/hokuyo_ws/src/install/slam_toolbox/include/slam_toolbox/slam_toolbox/srv/detail/reset__rosidl_typesupport_introspection_c.h
[409.299s] -- Installing: /home/asis/hokuyo_ws/src/install/slam_toolbox/include/slam_toolbox/slam_toolbox/srv/detail/clear__rosidl_typesupport_introspection_c.h
[409.299s] -- Up-to-date: /home/asis/hokuyo_ws/src/install/slam_toolbox/include/slam_toolbox/slam_toolbox/msg
[409.299s] -- Installing: /home/asis/hokuyo_ws/src/install/slam_toolbox/include/slam_toolbox/slam_toolbox/msg/rosidl_typesupport_introspection_c__visibility_control.h
[409.299s] -- Installing: /home/asis/hokuyo_ws/src/install/slam_toolbox/lib/libslam_toolbox__rosidl_typesupport_introspection_c.so
[409.300s] -- Set runtime path of "/home/asis/hokuyo_ws/src/install/slam_toolbox/lib/libslam_toolbox__rosidl_typesupport_introspection_c.so" to ""
[409.300s] -- Installing: /home/asis/hokuyo_ws/src/install/slam_toolbox/lib/libslam_toolbox__rosidl_typesupport_c.so
[409.300s] -- Set runtime path of "/home/asis/hokuyo_ws/src/install/slam_toolbox/lib/libslam_toolbox__rosidl_typesupport_c.so" to ""
[409.300s] -- Up-to-date: /home/asis/hokuyo_ws/src/install/slam_toolbox/include/slam_toolbox/slam_toolbox
[409.300s] -- Up-to-date: /home/asis/hokuyo_ws/src/install/slam_toolbox/include/slam_toolbox/slam_toolbox/srv
[409.300s] -- Up-to-date: /home/asis/hokuyo_ws/src/install/slam_toolbox/include/slam_toolbox/slam_toolbox/srv/detail
[409.300s] -- Installing: /home/asis/hokuyo_ws/src/install/slam_toolbox/include/slam_toolbox/slam_toolbox/srv/detail/reset__type_support.cpp
[409.300s] -- Installing: /home/asis/hokuyo_ws/src/install/slam_toolbox/include/slam_toolbox/slam_toolbox/srv/detail/pause__type_support.cpp
[409.300s] -- Installing: /home/asis/hokuyo_ws/src/install/slam_toolbox/include/slam_toolbox/slam_toolbox/srv/detail/pause__rosidl_typesupport_introspection_cpp.hpp
[409.300s] -- Installing: /home/asis/hokuyo_ws/src/install/slam_toolbox/include/slam_toolbox/slam_toolbox/srv/detail/clear_queue__type_support.cpp
[409.300s] -- Installing: /home/asis/hokuyo_ws/src/install/slam_toolbox/include/slam_toolbox/slam_toolbox/srv/detail/merge_maps__type_support.cpp
[409.301s] -- Installing: /home/asis/hokuyo_ws/src/install/slam_toolbox/include/slam_toolbox/slam_toolbox/srv/detail/deserialize_pose_graph__rosidl_typesupport_introspection_cpp.hpp
[409.301s] -- Installing: /home/asis/hokuyo_ws/src/install/slam_toolbox/include/slam_toolbox/slam_toolbox/srv/detail/clear__rosidl_typesupport_introspection_cpp.hpp
[409.301s] -- Installing: /home/asis/hokuyo_ws/src/install/slam_toolbox/include/slam_toolbox/slam_toolbox/srv/detail/save_map__type_support.cpp
[409.301s] -- Installing: /home/asis/hokuyo_ws/src/install/slam_toolbox/include/slam_toolbox/slam_toolbox/srv/detail/add_submap__type_support.cpp
[409.301s] -- Installing: /home/asis/hokuyo_ws/src/install/slam_toolbox/include/slam_toolbox/slam_toolbox/srv/detail/merge_maps__rosidl_typesupport_introspection_cpp.hpp
[409.301s] -- Installing: /home/asis/hokuyo_ws/src/install/slam_toolbox/include/slam_toolbox/slam_toolbox/srv/detail/toggle_interactive__rosidl_typesupport_introspection_cpp.hpp
[409.301s] -- Installing: /home/asis/hokuyo_ws/src/install/slam_toolbox/include/slam_toolbox/slam_toolbox/srv/detail/loop_closure__rosidl_typesupport_introspection_cpp.hpp
[409.301s] -- Installing: /home/asis/hokuyo_ws/src/install/slam_toolbox/include/slam_toolbox/slam_toolbox/srv/detail/deserialize_pose_graph__type_support.cpp
[409.302s] -- Installing: /home/asis/hokuyo_ws/src/install/slam_toolbox/include/slam_toolbox/slam_toolbox/srv/detail/reset__rosidl_typesupport_introspection_cpp.hpp
[409.302s] -- Installing: /home/asis/hokuyo_ws/src/install/slam_toolbox/include/slam_toolbox/slam_toolbox/srv/detail/toggle_interactive__type_support.cpp
[409.302s] -- Installing: /home/asis/hokuyo_ws/src/install/slam_toolbox/include/slam_toolbox/slam_toolbox/srv/detail/serialize_pose_graph__rosidl_typesupport_introspection_cpp.hpp
[409.302s] -- Installing: /home/asis/hokuyo_ws/src/install/slam_toolbox/include/slam_toolbox/slam_toolbox/srv/detail/add_submap__rosidl_typesupport_introspection_cpp.hpp
[409.302s] -- Installing: /home/asis/hokuyo_ws/src/install/slam_toolbox/include/slam_toolbox/slam_toolbox/srv/detail/loop_closure__type_support.cpp
[409.302s] -- Installing: /home/asis/hokuyo_ws/src/install/slam_toolbox/include/slam_toolbox/slam_toolbox/srv/detail/save_map__rosidl_typesupport_introspection_cpp.hpp
[409.302s] -- Installing: /home/asis/hokuyo_ws/src/install/slam_toolbox/include/slam_toolbox/slam_toolbox/srv/detail/clear_queue__rosidl_typesupport_introspection_cpp.hpp
[409.302s] -- Installing: /home/asis/hokuyo_ws/src/install/slam_toolbox/include/slam_toolbox/slam_toolbox/srv/detail/serialize_pose_graph__type_support.cpp
[409.302s] -- Installing: /home/asis/hokuyo_ws/src/install/slam_toolbox/include/slam_toolbox/slam_toolbox/srv/detail/clear__type_support.cpp
[409.302s] -- Installing: /home/asis/hokuyo_ws/src/install/slam_toolbox/lib/libslam_toolbox__rosidl_typesupport_introspection_cpp.so
[409.302s] -- Set runtime path of "/home/asis/hokuyo_ws/src/install/slam_toolbox/lib/libslam_toolbox__rosidl_typesupport_introspection_cpp.so" to ""
[409.303s] -- Installing: /home/asis/hokuyo_ws/src/install/slam_toolbox/lib/libslam_toolbox__rosidl_typesupport_cpp.so
[409.303s] -- Set runtime path of "/home/asis/hokuyo_ws/src/install/slam_toolbox/lib/libslam_toolbox__rosidl_typesupport_cpp.so" to ""
[409.303s] -- Installing: /home/asis/hokuyo_ws/src/install/slam_toolbox/share/slam_toolbox/environment/pythonpath.sh
[409.303s] -- Installing: /home/asis/hokuyo_ws/src/install/slam_toolbox/share/slam_toolbox/environment/pythonpath.dsv
[409.303s] -- Installing: /home/asis/hokuyo_ws/src/install/slam_toolbox/local/lib/python3.10/dist-packages/slam_toolbox-2.7.0-py3.10.egg-info
[409.303s] -- Installing: /home/asis/hokuyo_ws/src/install/slam_toolbox/local/lib/python3.10/dist-packages/slam_toolbox-2.7.0-py3.10.egg-info/PKG-INFO
[409.303s] -- Installing: /home/asis/hokuyo_ws/src/install/slam_toolbox/local/lib/python3.10/dist-packages/slam_toolbox-2.7.0-py3.10.egg-info/SOURCES.txt
[409.315s] -- Installing: /home/asis/hokuyo_ws/src/install/slam_toolbox/local/lib/python3.10/dist-packages/slam_toolbox-2.7.0-py3.10.egg-info/dependency_links.txt
[409.315s] -- Installing: /home/asis/hokuyo_ws/src/install/slam_toolbox/local/lib/python3.10/dist-packages/slam_toolbox-2.7.0-py3.10.egg-info/top_level.txt
[409.315s] -- Installing: /home/asis/hokuyo_ws/src/install/slam_toolbox/local/lib/python3.10/dist-packages/slam_toolbox
[409.316s] -- Installing: /home/asis/hokuyo_ws/src/install/slam_toolbox/local/lib/python3.10/dist-packages/slam_toolbox/libslam_toolbox__rosidl_generator_py.so
[409.316s] -- Installing: /home/asis/hokuyo_ws/src/install/slam_toolbox/local/lib/python3.10/dist-packages/slam_toolbox/_slam_toolbox_s.ep.rosidl_typesupport_introspection_c.c
[409.316s] -- Installing: /home/asis/hokuyo_ws/src/install/slam_toolbox/local/lib/python3.10/dist-packages/slam_toolbox/slam_toolbox_s__rosidl_typesupport_introspection_c.cpython-310-x86_64-linux-gnu.so
[409.316s] -- Installing: /home/asis/hokuyo_ws/src/install/slam_toolbox/local/lib/python3.10/dist-packages/slam_toolbox/slam_toolbox_s__rosidl_typesupport_c.cpython-310-x86_64-linux-gnu.so
[409.316s] -- Installing: /home/asis/hokuyo_ws/src/install/slam_toolbox/local/lib/python3.10/dist-packages/slam_toolbox/srv
[409.316s] -- Installing: /home/asis/hokuyo_ws/src/install/slam_toolbox/local/lib/python3.10/dist-packages/slam_toolbox/srv/_pause.py
[409.316s] -- Installing: /home/asis/hokuyo_ws/src/install/slam_toolbox/local/lib/python3.10/dist-packages/slam_toolbox/srv/_serialize_pose_graph_s.c
[409.316s] -- Installing: /home/asis/hokuyo_ws/src/install/slam_toolbox/local/lib/python3.10/dist-packages/slam_toolbox/srv/_reset.py
[409.316s] -- Installing: /home/asis/hokuyo_ws/src/install/slam_toolbox/local/lib/python3.10/dist-packages/slam_toolbox/srv/_pause_s.c
[409.316s] -- Installing: /home/asis/hokuyo_ws/src/install/slam_toolbox/local/lib/python3.10/dist-packages/slam_toolbox/srv/_merge_maps_s.c
[409.316s] -- Installing: /home/asis/hokuyo_ws/src/install/slam_toolbox/local/lib/python3.10/dist-packages/slam_toolbox/srv/_serialize_pose_graph.py
[409.317s] -- Installing: /home/asis/hokuyo_ws/src/install/slam_toolbox/local/lib/python3.10/dist-packages/slam_toolbox/srv/_deserialize_pose_graph_s.c
[409.317s] -- Installing: /home/asis/hokuyo_ws/src/install/slam_toolbox/local/lib/python3.10/dist-packages/slam_toolbox/srv/_merge_maps.py
[409.317s] -- Installing: /home/asis/hokuyo_ws/src/install/slam_toolbox/local/lib/python3.10/dist-packages/slam_toolbox/srv/_reset_s.c
[409.317s] -- Installing: /home/asis/hokuyo_ws/src/install/slam_toolbox/local/lib/python3.10/dist-packages/slam_toolbox/srv/_clear_s.c
[409.317s] -- Installing: /home/asis/hokuyo_ws/src/install/slam_toolbox/local/lib/python3.10/dist-packages/slam_toolbox/srv/_add_submap.py
[409.317s] -- Installing: /home/asis/hokuyo_ws/src/install/slam_toolbox/local/lib/python3.10/dist-packages/slam_toolbox/srv/_clear_queue_s.c
[409.317s] -- Installing: /home/asis/hokuyo_ws/src/install/slam_toolbox/local/lib/python3.10/dist-packages/slam_toolbox/srv/_save_map.py
[409.317s] -- Installing: /home/asis/hokuyo_ws/src/install/slam_toolbox/local/lib/python3.10/dist-packages/slam_toolbox/srv/_clear_queue.py
[409.317s] -- Installing: /home/asis/hokuyo_ws/src/install/slam_toolbox/local/lib/python3.10/dist-packages/slam_toolbox/srv/_loop_closure.py
[409.317s] -- Installing: /home/asis/hokuyo_ws/src/install/slam_toolbox/local/lib/python3.10/dist-packages/slam_toolbox/srv/__init__.py
[409.318s] -- Installing: /home/asis/hokuyo_ws/src/install/slam_toolbox/local/lib/python3.10/dist-packages/slam_toolbox/srv/_deserialize_pose_graph.py
[409.318s] -- Installing: /home/asis/hokuyo_ws/src/install/slam_toolbox/local/lib/python3.10/dist-packages/slam_toolbox/srv/_add_submap_s.c
[409.318s] -- Installing: /home/asis/hokuyo_ws/src/install/slam_toolbox/local/lib/python3.10/dist-packages/slam_toolbox/srv/_clear.py
[409.318s] -- Installing: /home/asis/hokuyo_ws/src/install/slam_toolbox/local/lib/python3.10/dist-packages/slam_toolbox/srv/_save_map_s.c
[409.318s] -- Installing: /home/asis/hokuyo_ws/src/install/slam_toolbox/local/lib/python3.10/dist-packages/slam_toolbox/srv/_toggle_interactive_s.c
[409.318s] -- Installing: /home/asis/hokuyo_ws/src/install/slam_toolbox/local/lib/python3.10/dist-packages/slam_toolbox/srv/_toggle_interactive.py
[409.318s] -- Installing: /home/asis/hokuyo_ws/src/install/slam_toolbox/local/lib/python3.10/dist-packages/slam_toolbox/srv/_loop_closure_s.c
[409.318s] -- Installing: /home/asis/hokuyo_ws/src/install/slam_toolbox/local/lib/python3.10/dist-packages/slam_toolbox/__init__.py
[409.318s] -- Installing: /home/asis/hokuyo_ws/src/install/slam_toolbox/local/lib/python3.10/dist-packages/slam_toolbox/slam_toolbox_s__rosidl_typesupport_fastrtps_c.cpython-310-x86_64-linux-gnu.so
[409.318s] -- Installing: /home/asis/hokuyo_ws/src/install/slam_toolbox/local/lib/python3.10/dist-packages/slam_toolbox/_slam_toolbox_s.ep.rosidl_typesupport_c.c
[409.318s] -- Installing: /home/asis/hokuyo_ws/src/install/slam_toolbox/local/lib/python3.10/dist-packages/slam_toolbox/_slam_toolbox_s.ep.rosidl_typesupport_fastrtps_c.c
[409.386s] Listing '/home/asis/hokuyo_ws/src/install/slam_toolbox/local/lib/python3.10/dist-packages/slam_toolbox'...
[409.387s] Compiling '/home/asis/hokuyo_ws/src/install/slam_toolbox/local/lib/python3.10/dist-packages/slam_toolbox/__init__.py'...
[409.387s] Listing '/home/asis/hokuyo_ws/src/install/slam_toolbox/local/lib/python3.10/dist-packages/slam_toolbox/srv'...
[409.387s] Compiling '/home/asis/hokuyo_ws/src/install/slam_toolbox/local/lib/python3.10/dist-packages/slam_toolbox/srv/__init__.py'...
[409.387s] Compiling '/home/asis/hokuyo_ws/src/install/slam_toolbox/local/lib/python3.10/dist-packages/slam_toolbox/srv/_add_submap.py'...
[409.387s] Compiling '/home/asis/hokuyo_ws/src/install/slam_toolbox/local/lib/python3.10/dist-packages/slam_toolbox/srv/_clear.py'...
[409.387s] Compiling '/home/asis/hokuyo_ws/src/install/slam_toolbox/local/lib/python3.10/dist-packages/slam_toolbox/srv/_clear_queue.py'...
[409.387s] Compiling '/home/asis/hokuyo_ws/src/install/slam_toolbox/local/lib/python3.10/dist-packages/slam_toolbox/srv/_deserialize_pose_graph.py'...
[409.387s] Compiling '/home/asis/hokuyo_ws/src/install/slam_toolbox/local/lib/python3.10/dist-packages/slam_toolbox/srv/_loop_closure.py'...
[409.387s] Compiling '/home/asis/hokuyo_ws/src/install/slam_toolbox/local/lib/python3.10/dist-packages/slam_toolbox/srv/_merge_maps.py'...
[409.387s] Compiling '/home/asis/hokuyo_ws/src/install/slam_toolbox/local/lib/python3.10/dist-packages/slam_toolbox/srv/_pause.py'...
[409.387s] Compiling '/home/asis/hokuyo_ws/src/install/slam_toolbox/local/lib/python3.10/dist-packages/slam_toolbox/srv/_reset.py'...
[409.388s] Compiling '/home/asis/hokuyo_ws/src/install/slam_toolbox/local/lib/python3.10/dist-packages/slam_toolbox/srv/_save_map.py'...
[409.388s] Compiling '/home/asis/hokuyo_ws/src/install/slam_toolbox/local/lib/python3.10/dist-packages/slam_toolbox/srv/_serialize_pose_graph.py'...
[409.388s] Compiling '/home/asis/hokuyo_ws/src/install/slam_toolbox/local/lib/python3.10/dist-packages/slam_toolbox/srv/_toggle_interactive.py'...
[409.389s] -- Installing: /home/asis/hokuyo_ws/src/install/slam_toolbox/local/lib/python3.10/dist-packages/slam_toolbox/slam_toolbox_s__rosidl_typesupport_fastrtps_c.cpython-310-x86_64-linux-gnu.so
[409.402s] -- Set runtime path of "/home/asis/hokuyo_ws/src/install/slam_toolbox/local/lib/python3.10/dist-packages/slam_toolbox/slam_toolbox_s__rosidl_typesupport_fastrtps_c.cpython-310-x86_64-linux-gnu.so" to ""
[409.408s] -- Installing: /home/asis/hokuyo_ws/src/install/slam_toolbox/local/lib/python3.10/dist-packages/slam_toolbox/slam_toolbox_s__rosidl_typesupport_introspection_c.cpython-310-x86_64-linux-gnu.so
[409.416s] -- Set runtime path of "/home/asis/hokuyo_ws/src/install/slam_toolbox/local/lib/python3.10/dist-packages/slam_toolbox/slam_toolbox_s__rosidl_typesupport_introspection_c.cpython-310-x86_64-linux-gnu.so" to ""
[409.426s] -- Installing: /home/asis/hokuyo_ws/src/install/slam_toolbox/local/lib/python3.10/dist-packages/slam_toolbox/slam_toolbox_s__rosidl_typesupport_c.cpython-310-x86_64-linux-gnu.so
[409.427s] -- Set runtime path of "/home/asis/hokuyo_ws/src/install/slam_toolbox/local/lib/python3.10/dist-packages/slam_toolbox/slam_toolbox_s__rosidl_typesupport_c.cpython-310-x86_64-linux-gnu.so" to ""
[409.427s] -- Installing: /home/asis/hokuyo_ws/src/install/slam_toolbox/lib/libslam_toolbox__rosidl_generator_py.so
[409.427s] -- Set runtime path of "/home/asis/hokuyo_ws/src/install/slam_toolbox/lib/libslam_toolbox__rosidl_generator_py.so" to ""
[409.427s] -- Installing: /home/asis/hokuyo_ws/src/install/slam_toolbox/share/slam_toolbox/srv/Pause.idl
[409.427s] -- Installing: /home/asis/hokuyo_ws/src/install/slam_toolbox/share/slam_toolbox/srv/Reset.idl
[409.427s] -- Installing: /home/asis/hokuyo_ws/src/install/slam_toolbox/share/slam_toolbox/srv/ClearQueue.idl
[409.427s] -- Installing: /home/asis/hokuyo_ws/src/install/slam_toolbox/share/slam_toolbox/srv/ToggleInteractive.idl
[409.427s] -- Installing: /home/asis/hokuyo_ws/src/install/slam_toolbox/share/slam_toolbox/srv/Clear.idl
[409.427s] -- Installing: /home/asis/hokuyo_ws/src/install/slam_toolbox/share/slam_toolbox/srv/SaveMap.idl
[409.428s] -- Installing: /home/asis/hokuyo_ws/src/install/slam_toolbox/share/slam_toolbox/srv/LoopClosure.idl
[409.428s] -- Installing: /home/asis/hokuyo_ws/src/install/slam_toolbox/share/slam_toolbox/srv/MergeMaps.idl
[409.428s] -- Installing: /home/asis/hokuyo_ws/src/install/slam_toolbox/share/slam_toolbox/srv/AddSubmap.idl
[409.428s] -- Installing: /home/asis/hokuyo_ws/src/install/slam_toolbox/share/slam_toolbox/srv/DeserializePoseGraph.idl
[409.428s] -- Installing: /home/asis/hokuyo_ws/src/install/slam_toolbox/share/slam_toolbox/srv/SerializePoseGraph.idl
[409.428s] -- Installing: /home/asis/hokuyo_ws/src/install/slam_toolbox/share/slam_toolbox/srvs/Pause.srv
[409.428s] -- Installing: /home/asis/hokuyo_ws/src/install/slam_toolbox/share/slam_toolbox/srvs/Pause_Request.msg
[409.428s] -- Installing: /home/asis/hokuyo_ws/src/install/slam_toolbox/share/slam_toolbox/srvs/Pause_Response.msg
[409.428s] -- Installing: /home/asis/hokuyo_ws/src/install/slam_toolbox/share/slam_toolbox/srvs/Reset.srv
[409.428s] -- Installing: /home/asis/hokuyo_ws/src/install/slam_toolbox/share/slam_toolbox/srvs/Reset_Request.msg
[409.428s] -- Installing: /home/asis/hokuyo_ws/src/install/slam_toolbox/share/slam_toolbox/srvs/Reset_Response.msg
[409.428s] -- Installing: /home/asis/hokuyo_ws/src/install/slam_toolbox/share/slam_toolbox/srvs/ClearQueue.srv
[409.429s] -- Installing: /home/asis/hokuyo_ws/src/install/slam_toolbox/share/slam_toolbox/srvs/ClearQueue_Request.msg
[409.429s] -- Installing: /home/asis/hokuyo_ws/src/install/slam_toolbox/share/slam_toolbox/srvs/ClearQueue_Response.msg
[409.429s] -- Installing: /home/asis/hokuyo_ws/src/install/slam_toolbox/share/slam_toolbox/srvs/ToggleInteractive.srv
[409.429s] -- Installing: /home/asis/hokuyo_ws/src/install/slam_toolbox/share/slam_toolbox/srvs/ToggleInteractive_Request.msg
[409.429s] -- Installing: /home/asis/hokuyo_ws/src/install/slam_toolbox/share/slam_toolbox/srvs/ToggleInteractive_Response.msg
[409.429s] -- Installing: /home/asis/hokuyo_ws/src/install/slam_toolbox/share/slam_toolbox/srvs/Clear.srv
[409.429s] -- Installing: /home/asis/hokuyo_ws/src/install/slam_toolbox/share/slam_toolbox/srvs/Clear_Request.msg
[409.429s] -- Installing: /home/asis/hokuyo_ws/src/install/slam_toolbox/share/slam_toolbox/srvs/Clear_Response.msg
[409.429s] -- Installing: /home/asis/hokuyo_ws/src/install/slam_toolbox/share/slam_toolbox/srvs/SaveMap.srv
[409.429s] -- Installing: /home/asis/hokuyo_ws/src/install/slam_toolbox/share/slam_toolbox/srvs/SaveMap_Request.msg
[409.430s] -- Installing: /home/asis/hokuyo_ws/src/install/slam_toolbox/share/slam_toolbox/srvs/SaveMap_Response.msg
[409.430s] -- Installing: /home/asis/hokuyo_ws/src/install/slam_toolbox/share/slam_toolbox/srvs/LoopClosure.srv
[409.430s] -- Installing: /home/asis/hokuyo_ws/src/install/slam_toolbox/share/slam_toolbox/srvs/LoopClosure_Request.msg
[409.430s] -- Installing: /home/asis/hokuyo_ws/src/install/slam_toolbox/share/slam_toolbox/srvs/LoopClosure_Response.msg
[409.430s] -- Installing: /home/asis/hokuyo_ws/src/install/slam_toolbox/share/slam_toolbox/srvs/MergeMaps.srv
[409.430s] -- Installing: /home/asis/hokuyo_ws/src/install/slam_toolbox/share/slam_toolbox/srvs/MergeMaps_Request.msg
[409.430s] -- Installing: /home/asis/hokuyo_ws/src/install/slam_toolbox/share/slam_toolbox/srvs/MergeMaps_Response.msg
[409.430s] -- Installing: /home/asis/hokuyo_ws/src/install/slam_toolbox/share/slam_toolbox/srvs/AddSubmap.srv
[409.430s] -- Installing: /home/asis/hokuyo_ws/src/install/slam_toolbox/share/slam_toolbox/srvs/AddSubmap_Request.msg
[409.430s] -- Installing: /home/asis/hokuyo_ws/src/install/slam_toolbox/share/slam_toolbox/srvs/AddSubmap_Response.msg
[409.430s] -- Installing: /home/asis/hokuyo_ws/src/install/slam_toolbox/share/slam_toolbox/srvs/DeserializePoseGraph.srv
[409.430s] -- Installing: /home/asis/hokuyo_ws/src/install/slam_toolbox/share/slam_toolbox/srvs/DeserializePoseGraph_Request.msg
[409.431s] -- Installing: /home/asis/hokuyo_ws/src/install/slam_toolbox/share/slam_toolbox/srvs/DeserializePoseGraph_Response.msg
[409.431s] -- Installing: /home/asis/hokuyo_ws/src/install/slam_toolbox/share/slam_toolbox/srvs/SerializePoseGraph.srv
[409.431s] -- Installing: /home/asis/hokuyo_ws/src/install/slam_toolbox/share/slam_toolbox/srvs/SerializePoseGraph_Request.msg
[409.431s] -- Installing: /home/asis/hokuyo_ws/src/install/slam_toolbox/share/slam_toolbox/srvs/SerializePoseGraph_Response.msg
[409.431s] -- Installing: /home/asis/hokuyo_ws/src/install/slam_toolbox/share/slam_toolbox/rviz_plugins.xml
[409.431s] -- Installing: /home/asis/hokuyo_ws/src/install/slam_toolbox/share/slam_toolbox/solver_plugins.xml
[409.431s] -- Installing: /home/asis/hokuyo_ws/src/install/slam_toolbox/lib/slam_toolbox/async_slam_toolbox_node
[409.431s] -- Set runtime path of "/home/asis/hokuyo_ws/src/install/slam_toolbox/lib/slam_toolbox/async_slam_toolbox_node" to ""
[409.431s] -- Installing: /home/asis/hokuyo_ws/src/install/slam_toolbox/lib/slam_toolbox/sync_slam_toolbox_node
[409.433s] -- Set runtime path of "/home/asis/hokuyo_ws/src/install/slam_toolbox/lib/slam_toolbox/sync_slam_toolbox_node" to ""
[409.434s] -- Installing: /home/asis/hokuyo_ws/src/install/slam_toolbox/lib/slam_toolbox/localization_slam_toolbox_node
[409.436s] -- Set runtime path of "/home/asis/hokuyo_ws/src/install/slam_toolbox/lib/slam_toolbox/localization_slam_toolbox_node" to ""
[409.436s] -- Installing: /home/asis/hokuyo_ws/src/install/slam_toolbox/lib/slam_toolbox/map_and_localization_slam_toolbox_node
[409.438s] -- Set runtime path of "/home/asis/hokuyo_ws/src/install/slam_toolbox/lib/slam_toolbox/map_and_localization_slam_toolbox_node" to ""
[409.438s] -- Installing: /home/asis/hokuyo_ws/src/install/slam_toolbox/lib/slam_toolbox/lifelong_slam_toolbox_node
[409.440s] -- Set runtime path of "/home/asis/hokuyo_ws/src/install/slam_toolbox/lib/slam_toolbox/lifelong_slam_toolbox_node" to ""
[409.440s] -- Installing: /home/asis/hokuyo_ws/src/install/slam_toolbox/lib/slam_toolbox/merge_maps_kinematic
[409.443s] -- Set runtime path of "/home/asis/hokuyo_ws/src/install/slam_toolbox/lib/slam_toolbox/merge_maps_kinematic" to ""
[409.444s] -- Installing: /home/asis/hokuyo_ws/src/install/slam_toolbox/lib/libtoolbox_common.so
[409.453s] -- Set runtime path of "/home/asis/hokuyo_ws/src/install/slam_toolbox/lib/libtoolbox_common.so" to ""
[409.453s] -- Installing: /home/asis/hokuyo_ws/src/install/slam_toolbox/lib/libSlamToolboxPlugin.so
[409.458s] -- Set runtime path of "/home/asis/hokuyo_ws/src/install/slam_toolbox/lib/libSlamToolboxPlugin.so" to ""
[409.458s] -- Installing: /home/asis/hokuyo_ws/src/install/slam_toolbox/lib/libceres_solver_plugin.so
[409.461s] -- Set runtime path of "/home/asis/hokuyo_ws/src/install/slam_toolbox/lib/libceres_solver_plugin.so" to ""
[409.461s] -- Installing: /home/asis/hokuyo_ws/src/install/slam_toolbox/lib/libasync_slam_toolbox.so
[409.463s] -- Set runtime path of "/home/asis/hokuyo_ws/src/install/slam_toolbox/lib/libasync_slam_toolbox.so" to ""
[409.463s] -- Installing: /home/asis/hokuyo_ws/src/install/slam_toolbox/lib/libsync_slam_toolbox.so
[409.467s] -- Set runtime path of "/home/asis/hokuyo_ws/src/install/slam_toolbox/lib/libsync_slam_toolbox.so" to ""
[409.467s] -- Installing: /home/asis/hokuyo_ws/src/install/slam_toolbox/lib/liblocalization_slam_toolbox.so
[409.471s] -- Set runtime path of "/home/asis/hokuyo_ws/src/install/slam_toolbox/lib/liblocalization_slam_toolbox.so" to ""
[409.471s] -- Installing: /home/asis/hokuyo_ws/src/install/slam_toolbox/lib/liblifelong_slam_toolbox.so
[409.473s] -- Set runtime path of "/home/asis/hokuyo_ws/src/install/slam_toolbox/lib/liblifelong_slam_toolbox.so" to ""
[409.474s] -- Installing: /home/asis/hokuyo_ws/src/install/slam_toolbox/lib/libmap_and_localization_slam_toolbox.so
[409.478s] -- Set runtime path of "/home/asis/hokuyo_ws/src/install/slam_toolbox/lib/libmap_and_localization_slam_toolbox.so" to ""
[409.478s] -- Installing: /home/asis/hokuyo_ws/src/install/slam_toolbox/lib/libkartoSlamToolbox.so
[409.486s] -- Set runtime path of "/home/asis/hokuyo_ws/src/install/slam_toolbox/lib/libkartoSlamToolbox.so" to ""
[409.486s] -- Up-to-date: /home/asis/hokuyo_ws/src/install/slam_toolbox/lib/libSlamToolboxPlugin.so
[409.487s] -- Up-to-date: /home/asis/hokuyo_ws/src/install/slam_toolbox/include
[409.487s] -- Up-to-date: /home/asis/hokuyo_ws/src/install/slam_toolbox/include/slam_toolbox
[409.487s] -- Installing: /home/asis/hokuyo_ws/src/install/slam_toolbox/include/slam_toolbox/get_pose_helper.hpp
[409.488s] -- Installing: /home/asis/hokuyo_ws/src/install/slam_toolbox/include/slam_toolbox/map_saver.hpp
[409.488s] -- Installing: /home/asis/hokuyo_ws/src/install/slam_toolbox/include/slam_toolbox/laser_utils.hpp
[409.489s] -- Installing: /home/asis/hokuyo_ws/src/install/slam_toolbox/include/slam_toolbox/slam_toolbox_sync.hpp
[409.489s] -- Installing: /home/asis/hokuyo_ws/src/install/slam_toolbox/include/slam_toolbox/slam_mapper.hpp
[409.489s] -- Installing: /home/asis/hokuyo_ws/src/install/slam_toolbox/include/slam_toolbox/merge_maps_kinematic.hpp
[409.489s] -- Installing: /home/asis/hokuyo_ws/src/install/slam_toolbox/include/slam_toolbox/slam_toolbox_common.hpp
[409.489s] -- Installing: /home/asis/hokuyo_ws/src/install/slam_toolbox/include/slam_toolbox/snap_utils.hpp
[409.490s] -- Installing: /home/asis/hokuyo_ws/src/install/slam_toolbox/include/slam_toolbox/toolbox_types.hpp
[409.490s] -- Installing: /home/asis/hokuyo_ws/src/install/slam_toolbox/include/slam_toolbox/visualization_utils.hpp
[409.490s] -- Installing: /home/asis/hokuyo_ws/src/install/slam_toolbox/include/slam_toolbox/toolbox_msgs.hpp
[409.490s] -- Installing: /home/asis/hokuyo_ws/src/install/slam_toolbox/include/slam_toolbox/serialization.hpp
[409.490s] -- Installing: /home/asis/hokuyo_ws/src/install/slam_toolbox/include/slam_toolbox/slam_toolbox_localization.hpp
[409.491s] -- Installing: /home/asis/hokuyo_ws/src/install/slam_toolbox/include/slam_toolbox/slam_toolbox_async.hpp
[409.491s] -- Installing: /home/asis/hokuyo_ws/src/install/slam_toolbox/include/slam_toolbox/loop_closure_assistant.hpp
[409.491s] -- Installing: /home/asis/hokuyo_ws/src/install/slam_toolbox/include/slam_toolbox/experimental
[409.491s] -- Installing: /home/asis/hokuyo_ws/src/install/slam_toolbox/include/slam_toolbox/experimental/slam_toolbox_map_and_localization.hpp
[409.491s] -- Installing: /home/asis/hokuyo_ws/src/install/slam_toolbox/include/slam_toolbox/experimental/slam_toolbox_lifelong.hpp
[409.491s] -- Installing: /home/asis/hokuyo_ws/src/install/slam_toolbox/share/slam_toolbox/launch
[409.492s] -- Installing: /home/asis/hokuyo_ws/src/install/slam_toolbox/share/slam_toolbox/launch/localization_launch.py
[409.493s] -- Installing: /home/asis/hokuyo_ws/src/install/slam_toolbox/share/slam_toolbox/launch/merge_maps_kinematic_launch.py
[409.493s] -- Installing: /home/asis/hokuyo_ws/src/install/slam_toolbox/share/slam_toolbox/launch/online_async_launch.py
[409.494s] -- Installing: /home/asis/hokuyo_ws/src/install/slam_toolbox/share/slam_toolbox/launch/online_sync_launch.py
[409.494s] -- Installing: /home/asis/hokuyo_ws/src/install/slam_toolbox/share/slam_toolbox/launch/offline_launch.py
[409.494s] -- Installing: /home/asis/hokuyo_ws/src/install/slam_toolbox/share/slam_toolbox/config
[409.495s] -- Installing: /home/asis/hokuyo_ws/src/install/slam_toolbox/share/slam_toolbox/config/mapper_params_offline.yaml
[409.495s] -- Installing: /home/asis/hokuyo_ws/src/install/slam_toolbox/share/slam_toolbox/config/mapper_params_localization.yaml
[409.495s] -- Installing: /home/asis/hokuyo_ws/src/install/slam_toolbox/share/slam_toolbox/config/mapper_params_lifelong.yaml
[409.496s] -- Installing: /home/asis/hokuyo_ws/src/install/slam_toolbox/share/slam_toolbox/config/slam_toolbox_default.rviz
[409.496s] -- Installing: /home/asis/hokuyo_ws/src/install/slam_toolbox/share/slam_toolbox/config/mapper_params_online_sync.yaml
[409.496s] -- Installing: /home/asis/hokuyo_ws/src/install/slam_toolbox/share/slam_toolbox/config/mapper_params_online_async.yaml
[409.497s] -- Installing: /home/asis/hokuyo_ws/src/install/slam_toolbox/share/solver_plugins.xml
[409.497s] -- Installing: /home/asis/hokuyo_ws/src/install/slam_toolbox/share/rviz_plugins.xml
[409.497s] -- Installing: /home/asis/hokuyo_ws/src/install/slam_toolbox/share/ament_index/resource_index/package_run_dependencies/slam_toolbox
[409.498s] -- Installing: /home/asis/hokuyo_ws/src/install/slam_toolbox/share/ament_index/resource_index/parent_prefix_path/slam_toolbox
[409.498s] -- Installing: /home/asis/hokuyo_ws/src/install/slam_toolbox/share/slam_toolbox/environment/ament_prefix_path.sh
[409.498s] -- Installing: /home/asis/hokuyo_ws/src/install/slam_toolbox/share/slam_toolbox/environment/ament_prefix_path.dsv
[409.498s] -- Installing: /home/asis/hokuyo_ws/src/install/slam_toolbox/share/slam_toolbox/environment/path.sh
[409.499s] -- Installing: /home/asis/hokuyo_ws/src/install/slam_toolbox/share/slam_toolbox/environment/path.dsv
[409.499s] -- Installing: /home/asis/hokuyo_ws/src/install/slam_toolbox/share/slam_toolbox/local_setup.bash
[409.499s] -- Installing: /home/asis/hokuyo_ws/src/install/slam_toolbox/share/slam_toolbox/local_setup.sh
[409.499s] -- Installing: /home/asis/hokuyo_ws/src/install/slam_toolbox/share/slam_toolbox/local_setup.zsh
[409.500s] -- Installing: /home/asis/hokuyo_ws/src/install/slam_toolbox/share/slam_toolbox/local_setup.dsv
[409.500s] -- Installing: /home/asis/hokuyo_ws/src/install/slam_toolbox/share/slam_toolbox/package.dsv
[409.500s] -- Installing: /home/asis/hokuyo_ws/src/install/slam_toolbox/share/ament_index/resource_index/packages/slam_toolbox
[409.500s] -- Installing: /home/asis/hokuyo_ws/src/install/slam_toolbox/share/ament_index/resource_index/rviz_common__pluginlib__plugin/slam_toolbox
[409.501s] -- Installing: /home/asis/hokuyo_ws/src/install/slam_toolbox/share/ament_index/resource_index/slam_toolbox__pluginlib__plugin/slam_toolbox
[409.501s] -- Installing: /home/asis/hokuyo_ws/src/install/slam_toolbox/share/slam_toolbox/cmake/export_slam_toolbox__rosidl_generator_cExport.cmake
[409.501s] -- Installing: /home/asis/hokuyo_ws/src/install/slam_toolbox/share/slam_toolbox/cmake/export_slam_toolbox__rosidl_generator_cExport-release.cmake
[409.502s] -- Installing: /home/asis/hokuyo_ws/src/install/slam_toolbox/share/slam_toolbox/cmake/export_slam_toolbox__rosidl_typesupport_fastrtps_cExport.cmake
[409.502s] -- Installing: /home/asis/hokuyo_ws/src/install/slam_toolbox/share/slam_toolbox/cmake/export_slam_toolbox__rosidl_typesupport_fastrtps_cExport-release.cmake
[409.503s] -- Installing: /home/asis/hokuyo_ws/src/install/slam_toolbox/share/slam_toolbox/cmake/export_slam_toolbox__rosidl_generator_cppExport.cmake
[409.503s] -- Installing: /home/asis/hokuyo_ws/src/install/slam_toolbox/share/slam_toolbox/cmake/export_slam_toolbox__rosidl_typesupport_fastrtps_cppExport.cmake
[409.504s] -- Installing: /home/asis/hokuyo_ws/src/install/slam_toolbox/share/slam_toolbox/cmake/export_slam_toolbox__rosidl_typesupport_fastrtps_cppExport-release.cmake
[409.504s] -- Installing: /home/asis/hokuyo_ws/src/install/slam_toolbox/share/slam_toolbox/cmake/slam_toolbox__rosidl_typesupport_introspection_cExport.cmake
[409.504s] -- Installing: /home/asis/hokuyo_ws/src/install/slam_toolbox/share/slam_toolbox/cmake/slam_toolbox__rosidl_typesupport_introspection_cExport-release.cmake
[409.505s] -- Installing: /home/asis/hokuyo_ws/src/install/slam_toolbox/share/slam_toolbox/cmake/slam_toolbox__rosidl_typesupport_cExport.cmake
[409.506s] -- Installing: /home/asis/hokuyo_ws/src/install/slam_toolbox/share/slam_toolbox/cmake/slam_toolbox__rosidl_typesupport_cExport-release.cmake
[409.506s] -- Installing: /home/asis/hokuyo_ws/src/install/slam_toolbox/share/slam_toolbox/cmake/slam_toolbox__rosidl_typesupport_introspection_cppExport.cmake
[409.506s] -- Installing: /home/asis/hokuyo_ws/src/install/slam_toolbox/share/slam_toolbox/cmake/slam_toolbox__rosidl_typesupport_introspection_cppExport-release.cmake
[409.506s] -- Installing: /home/asis/hokuyo_ws/src/install/slam_toolbox/share/slam_toolbox/cmake/slam_toolbox__rosidl_typesupport_cppExport.cmake
[409.507s] -- Installing: /home/asis/hokuyo_ws/src/install/slam_toolbox/share/slam_toolbox/cmake/slam_toolbox__rosidl_typesupport_cppExport-release.cmake
[409.507s] -- Installing: /home/asis/hokuyo_ws/src/install/slam_toolbox/share/slam_toolbox/cmake/export_slam_toolbox__rosidl_generator_pyExport.cmake
[409.507s] -- Installing: /home/asis/hokuyo_ws/src/install/slam_toolbox/share/slam_toolbox/cmake/export_slam_toolbox__rosidl_generator_pyExport-release.cmake
[409.507s] -- Installing: /home/asis/hokuyo_ws/src/install/slam_toolbox/share/slam_toolbox/cmake/SlamToolboxPluginExport.cmake
[409.507s] -- Installing: /home/asis/hokuyo_ws/src/install/slam_toolbox/share/slam_toolbox/cmake/SlamToolboxPluginExport-release.cmake
[409.507s] -- Installing: /home/asis/hokuyo_ws/src/install/slam_toolbox/share/ament_index/resource_index/rclcpp_components/slam_toolbox
[409.507s] -- Installing: /home/asis/hokuyo_ws/src/install/slam_toolbox/share/slam_toolbox/cmake/rosidl_cmake-extras.cmake
[409.507s] -- Installing: /home/asis/hokuyo_ws/src/install/slam_toolbox/share/slam_toolbox/cmake/ament_cmake_export_dependencies-extras.cmake
[409.508s] -- Installing: /home/asis/hokuyo_ws/src/install/slam_toolbox/share/slam_toolbox/cmake/ament_cmake_export_include_directories-extras.cmake
[409.508s] -- Installing: /home/asis/hokuyo_ws/src/install/slam_toolbox/share/slam_toolbox/cmake/ament_cmake_export_libraries-extras.cmake
[409.508s] -- Installing: /home/asis/hokuyo_ws/src/install/slam_toolbox/share/slam_toolbox/cmake/ament_cmake_export_targets-extras.cmake
[409.508s] -- Installing: /home/asis/hokuyo_ws/src/install/slam_toolbox/share/slam_toolbox/cmake/rosidl_cmake_export_typesupport_targets-extras.cmake
[409.509s] -- Installing: /home/asis/hokuyo_ws/src/install/slam_toolbox/share/slam_toolbox/cmake/rosidl_cmake_export_typesupport_libraries-extras.cmake
[409.509s] -- Installing: /home/asis/hokuyo_ws/src/install/slam_toolbox/share/slam_toolbox/cmake/slam_toolboxConfig.cmake
[409.509s] -- Installing: /home/asis/hokuyo_ws/src/install/slam_toolbox/share/slam_toolbox/cmake/slam_toolboxConfig-version.cmake
[409.509s] -- Installing: /home/asis/hokuyo_ws/src/install/slam_toolbox/share/slam_toolbox/package.xml
[409.510s] -- Up-to-date: /home/asis/hokuyo_ws/src/install/slam_toolbox/include/
[409.510s] -- Installing: /home/asis/hokuyo_ws/src/install/slam_toolbox/include//karto_sdk
[409.510s] -- Installing: /home/asis/hokuyo_ws/src/install/slam_toolbox/include//karto_sdk/Types.h
[409.510s] -- Installing: /home/asis/hokuyo_ws/src/install/slam_toolbox/include//karto_sdk/Karto.h
[409.511s] -- Installing: /home/asis/hokuyo_ws/src/install/slam_toolbox/include//karto_sdk/Macros.h
[409.511s] -- Installing: /home/asis/hokuyo_ws/src/install/slam_toolbox/include//karto_sdk/nanoflann.hpp
[409.511s] -- Installing: /home/asis/hokuyo_ws/src/install/slam_toolbox/include//karto_sdk/Mapper.h
[409.512s] -- Installing: /home/asis/hokuyo_ws/src/install/slam_toolbox/include//karto_sdk/Math.h
[409.512s] -- Installing: /home/asis/hokuyo_ws/src/install/slam_toolbox/include//karto_sdk/nanoflann_adaptors.h
[409.519s] Invoked command in '/home/asis/hokuyo_ws/src/build/slam_toolbox' returned '0': AMENT_PREFIX_PATH=/home/asis/hokuyo_ws/src/install/nav2_map_server:/home/asis/hokuyo_ws/src/install/nav2_util:/home/asis/hokuyo_ws/src/install/nav2_msgs:/home/asis/hokuyo_ws/src/install/nav2_common:${AMENT_PREFIX_PATH} CMAKE_PREFIX_PATH=/home/asis/hokuyo_ws/src/install/nav2_map_server:/home/asis/hokuyo_ws/src/install/nav2_util:/home/asis/hokuyo_ws/src/install/nav2_msgs:/home/asis/hokuyo_ws/src/install/nav2_common:/home/asis/hokuyo_ws/install/urg_node2:/home/asis/hokuyo_ws/install/slam_toolbox:/opt/ros/humble LD_LIBRARY_PATH=/home/asis/hokuyo_ws/src/install/nav2_map_server/lib:/home/asis/hokuyo_ws/src/install/nav2_util/lib:/home/asis/hokuyo_ws/src/install/nav2_msgs/lib:${LD_LIBRARY_PATH} PYTHONPATH=/home/asis/hokuyo_ws/src/install/nav2_msgs/local/lib/python3.10/dist-packages:/home/asis/hokuyo_ws/src/install/nav2_common/local/lib/python3.10/dist-packages:${PYTHONPATH} /usr/bin/cmake --install /home/asis/hokuyo_ws/src/build/slam_toolbox
