[0.028s] Invoking command in '/home/asis/hokuyo_ws/src/build/nav2_velocity_smoother': AMENT_PREFIX_PATH=/home/asis/hokuyo_ws/src/install/nav2_util:/home/asis/hokuyo_ws/src/install/nav2_msgs:/home/asis/hokuyo_ws/src/install/nav2_common:${AMENT_PREFIX_PATH} CMAKE_PREFIX_PATH=/home/asis/hokuyo_ws/src/install/nav2_util:/home/asis/hokuyo_ws/src/install/nav2_msgs:/home/asis/hokuyo_ws/src/install/nav2_common:/home/asis/hokuyo_ws/install/urg_node2:/home/asis/hokuyo_ws/install/slam_toolbox:/opt/ros/humble LD_LIBRARY_PATH=/home/asis/hokuyo_ws/src/install/nav2_util/lib:/home/asis/hokuyo_ws/src/install/nav2_msgs/lib:${LD_LIBRARY_PATH} PYTHONPATH=/home/asis/hokuyo_ws/src/install/nav2_msgs/local/lib/python3.10/dist-packages:/home/asis/hokuyo_ws/src/install/nav2_common/local/lib/python3.10/dist-packages:${PYTHONPATH} /usr/bin/cmake /home/asis/hokuyo_ws/src/navigation2/nav2_velocity_smoother -DCMAKE_INSTALL_PREFIX=/home/asis/hokuyo_ws/src/install/nav2_velocity_smoother
[0.120s] -- The C compiler identification is GNU 11.4.0
[0.210s] -- The CXX compiler identification is GNU 11.4.0
[0.219s] -- Detecting C compiler ABI info
[0.378s] -- Detecting C compiler ABI info - done
[0.391s] -- Check for working C compiler: /usr/bin/cc - skipped
[0.391s] -- Detecting C compile features
[0.392s] -- Detecting C compile features - done
[0.396s] -- Detecting CXX compiler ABI info
[0.557s] -- Detecting CXX compiler ABI info - done
[0.572s] -- Check for working CXX compiler: /usr/bin/c++ - skipped
[0.573s] -- Detecting CXX compile features
[0.573s] -- Detecting CXX compile features - done
[0.578s] -- Found ament_cmake: 1.3.9 (/opt/ros/humble/share/ament_cmake/cmake)
[0.806s] -- Found Python3: /usr/bin/python3 (found version "3.10.12") found components: Interpreter 
[0.951s] -- Found nav2_common: 1.1.15 (/home/asis/hokuyo_ws/src/install/nav2_common/share/nav2_common/cmake)
[0.954s] -- Found rclcpp: 16.0.9 (/opt/ros/humble/share/rclcpp/cmake)
[1.037s] -- Found rosidl_generator_c: 3.1.5 (/opt/ros/humble/share/rosidl_generator_c/cmake)
[1.045s] -- Found rosidl_adapter: 3.1.5 (/opt/ros/humble/share/rosidl_adapter/cmake)
[1.059s] -- Found rosidl_generator_cpp: 3.1.5 (/opt/ros/humble/share/rosidl_generator_cpp/cmake)
[1.084s] -- Using all available rosidl_typesupport_c: rosidl_typesupport_fastrtps_c;rosidl_typesupport_introspection_c
[1.119s] -- Using all available rosidl_typesupport_cpp: rosidl_typesupport_fastrtps_cpp;rosidl_typesupport_introspection_cpp
[1.243s] -- Found rmw_implementation_cmake: 6.1.2 (/opt/ros/humble/share/rmw_implementation_cmake/cmake)
[1.248s] -- Found rmw_fastrtps_cpp: 6.2.6 (/opt/ros/humble/share/rmw_fastrtps_cpp/cmake)
[1.416s] -- Found OpenSSL: /usr/lib/x86_64-linux-gnu/libcrypto.so (found version "3.0.2")  
[1.460s] -- Found FastRTPS: /opt/ros/humble/include  
[1.541s] -- Using RMW implementation 'rmw_fastrtps_cpp' as default
[1.560s] -- Looking for pthread.h
[1.666s] -- Looking for pthread.h - found
[1.667s] -- Performing Test CMAKE_HAVE_LIBC_PTHREAD
[1.785s] -- Performing Test CMAKE_HAVE_LIBC_PTHREAD - Success
[1.787s] -- Found Threads: TRUE  
[2.092s] -- Found rclcpp_components: 16.0.9 (/opt/ros/humble/share/rclcpp_components/cmake)
[2.209s] -- Found geometry_msgs: 4.2.3 (/opt/ros/humble/share/geometry_msgs/cmake)
[2.279s] -- Found nav2_util: 1.1.15 (/home/asis/hokuyo_ws/src/install/nav2_util/share/nav2_util/cmake)
[3.320s] -- Found eigen3_cmake_module: 0.1.1 (/opt/ros/humble/share/eigen3_cmake_module/cmake)
[3.321s] -- Found Eigen3: TRUE (found version "3.4.0") 
[3.321s] -- Ensuring Eigen3 include directory is part of orocos-kdl CMake target
[3.688s] -- Setting build type to Release as none was specified.
[5.157s] -- Found ament_lint_auto: 0.12.11 (/opt/ros/humble/share/ament_lint_auto/cmake)
[5.288s] -- Found gtest sources under '/opt/ros/humble/src/gtest_vendor': C++ tests using 'Google Test' will be built
[6.098s] -- Added test 'cppcheck' to perform static code analysis on C / C++ code
[6.100s] -- Configured cppcheck include dirs: /home/asis/hokuyo_ws/src/navigation2/nav2_velocity_smoother/include
[6.100s] -- Configured cppcheck exclude dirs and/or files: 
[6.107s] -- Added test 'cpplint' to check C / C++ code against the Google style
[6.107s] -- Configured cpplint exclude dirs and/or files: 
[6.108s] -- Added test 'lint_cmake' to check CMake code style
[6.111s] -- Added test 'uncrustify' to check C / C++ code style
[6.111s] -- Configured uncrustify additional arguments: 
[6.113s] -- Added test 'xmllint' to check XML markup files
[6.117s] -- Configuring done
[6.306s] -- Generating done
[6.309s] -- Build files have been written to: /home/asis/hokuyo_ws/src/build/nav2_velocity_smoother
[6.329s] Invoked command in '/home/asis/hokuyo_ws/src/build/nav2_velocity_smoother' returned '0': AMENT_PREFIX_PATH=/home/asis/hokuyo_ws/src/install/nav2_util:/home/asis/hokuyo_ws/src/install/nav2_msgs:/home/asis/hokuyo_ws/src/install/nav2_common:${AMENT_PREFIX_PATH} CMAKE_PREFIX_PATH=/home/asis/hokuyo_ws/src/install/nav2_util:/home/asis/hokuyo_ws/src/install/nav2_msgs:/home/asis/hokuyo_ws/src/install/nav2_common:/home/asis/hokuyo_ws/install/urg_node2:/home/asis/hokuyo_ws/install/slam_toolbox:/opt/ros/humble LD_LIBRARY_PATH=/home/asis/hokuyo_ws/src/install/nav2_util/lib:/home/asis/hokuyo_ws/src/install/nav2_msgs/lib:${LD_LIBRARY_PATH} PYTHONPATH=/home/asis/hokuyo_ws/src/install/nav2_msgs/local/lib/python3.10/dist-packages:/home/asis/hokuyo_ws/src/install/nav2_common/local/lib/python3.10/dist-packages:${PYTHONPATH} /usr/bin/cmake /home/asis/hokuyo_ws/src/navigation2/nav2_velocity_smoother -DCMAKE_INSTALL_PREFIX=/home/asis/hokuyo_ws/src/install/nav2_velocity_smoother
[6.329s] Invoking command in '/home/asis/hokuyo_ws/src/build/nav2_velocity_smoother': AMENT_PREFIX_PATH=/home/asis/hokuyo_ws/src/install/nav2_util:/home/asis/hokuyo_ws/src/install/nav2_msgs:/home/asis/hokuyo_ws/src/install/nav2_common:${AMENT_PREFIX_PATH} CMAKE_PREFIX_PATH=/home/asis/hokuyo_ws/src/install/nav2_util:/home/asis/hokuyo_ws/src/install/nav2_msgs:/home/asis/hokuyo_ws/src/install/nav2_common:/home/asis/hokuyo_ws/install/urg_node2:/home/asis/hokuyo_ws/install/slam_toolbox:/opt/ros/humble LD_LIBRARY_PATH=/home/asis/hokuyo_ws/src/install/nav2_util/lib:/home/asis/hokuyo_ws/src/install/nav2_msgs/lib:${LD_LIBRARY_PATH} PYTHONPATH=/home/asis/hokuyo_ws/src/install/nav2_msgs/local/lib/python3.10/dist-packages:/home/asis/hokuyo_ws/src/install/nav2_common/local/lib/python3.10/dist-packages:${PYTHONPATH} /usr/bin/cmake --build /home/asis/hokuyo_ws/src/build/nav2_velocity_smoother -- -j8 -l8
[6.415s] [ 10%] [32mBuilding CXX object gtest/CMakeFiles/gtest_main.dir/src/gtest_main.cc.o[0m
[6.438s] [ 20%] [32mBuilding CXX object CMakeFiles/velocity_smoother_core.dir/src/velocity_smoother.cpp.o[0m
[6.522s] [ 30%] [32mBuilding CXX object gtest/CMakeFiles/gtest.dir/src/gtest-all.cc.o[0m
[9.466s] [ 40%] [32m[1mLinking CXX static library libgtest_main.a[0m
[9.525s] [ 40%] Built target gtest_main
[23.964s] [ 50%] [32m[1mLinking CXX static library libgtest.a[0m
[24.063s] [ 50%] Built target gtest
[30.468s] [ 60%] [32m[1mLinking CXX shared library libvelocity_smoother_core.so[0m
[30.742s] [ 60%] Built target velocity_smoother_core
[30.782s] [ 70%] [32mBuilding CXX object CMakeFiles/velocity_smoother.dir/src/main.cpp.o[0m
[37.353s] [ 80%] [32m[1mLinking CXX executable velocity_smoother[0m
[37.839s] [ 80%] Built target velocity_smoother
[37.873s] [ 90%] [32mBuilding CXX object test/CMakeFiles/velocity_smoother_tests.dir/test_velocity_smoother.cpp.o[0m
[61.985s] [100%] [32m[1mLinking CXX executable velocity_smoother_tests[0m
[62.406s] [100%] Built target velocity_smoother_tests
[62.419s] Invoked command in '/home/asis/hokuyo_ws/src/build/nav2_velocity_smoother' returned '0': AMENT_PREFIX_PATH=/home/asis/hokuyo_ws/src/install/nav2_util:/home/asis/hokuyo_ws/src/install/nav2_msgs:/home/asis/hokuyo_ws/src/install/nav2_common:${AMENT_PREFIX_PATH} CMAKE_PREFIX_PATH=/home/asis/hokuyo_ws/src/install/nav2_util:/home/asis/hokuyo_ws/src/install/nav2_msgs:/home/asis/hokuyo_ws/src/install/nav2_common:/home/asis/hokuyo_ws/install/urg_node2:/home/asis/hokuyo_ws/install/slam_toolbox:/opt/ros/humble LD_LIBRARY_PATH=/home/asis/hokuyo_ws/src/install/nav2_util/lib:/home/asis/hokuyo_ws/src/install/nav2_msgs/lib:${LD_LIBRARY_PATH} PYTHONPATH=/home/asis/hokuyo_ws/src/install/nav2_msgs/local/lib/python3.10/dist-packages:/home/asis/hokuyo_ws/src/install/nav2_common/local/lib/python3.10/dist-packages:${PYTHONPATH} /usr/bin/cmake --build /home/asis/hokuyo_ws/src/build/nav2_velocity_smoother -- -j8 -l8
[62.465s] Invoking command in '/home/asis/hokuyo_ws/src/build/nav2_velocity_smoother': AMENT_PREFIX_PATH=/home/asis/hokuyo_ws/src/install/nav2_util:/home/asis/hokuyo_ws/src/install/nav2_msgs:/home/asis/hokuyo_ws/src/install/nav2_common:${AMENT_PREFIX_PATH} CMAKE_PREFIX_PATH=/home/asis/hokuyo_ws/src/install/nav2_util:/home/asis/hokuyo_ws/src/install/nav2_msgs:/home/asis/hokuyo_ws/src/install/nav2_common:/home/asis/hokuyo_ws/install/urg_node2:/home/asis/hokuyo_ws/install/slam_toolbox:/opt/ros/humble LD_LIBRARY_PATH=/home/asis/hokuyo_ws/src/install/nav2_util/lib:/home/asis/hokuyo_ws/src/install/nav2_msgs/lib:${LD_LIBRARY_PATH} PYTHONPATH=/home/asis/hokuyo_ws/src/install/nav2_msgs/local/lib/python3.10/dist-packages:/home/asis/hokuyo_ws/src/install/nav2_common/local/lib/python3.10/dist-packages:${PYTHONPATH} /usr/bin/cmake --install /home/asis/hokuyo_ws/src/build/nav2_velocity_smoother
[62.474s] -- Install configuration: "Release"
[62.475s] -- Installing: /home/asis/hokuyo_ws/src/install/nav2_velocity_smoother/lib/libvelocity_smoother_core.so
[62.476s] -- Set runtime path of "/home/asis/hokuyo_ws/src/install/nav2_velocity_smoother/lib/libvelocity_smoother_core.so" to ""
[62.476s] -- Installing: /home/asis/hokuyo_ws/src/install/nav2_velocity_smoother/lib/nav2_velocity_smoother/velocity_smoother
[62.477s] -- Set runtime path of "/home/asis/hokuyo_ws/src/install/nav2_velocity_smoother/lib/nav2_velocity_smoother/velocity_smoother" to ""
[62.477s] -- Installing: /home/asis/hokuyo_ws/src/install/nav2_velocity_smoother/include/
[62.477s] -- Installing: /home/asis/hokuyo_ws/src/install/nav2_velocity_smoother/include//nav2_velocity_smoother
[62.477s] -- Installing: /home/asis/hokuyo_ws/src/install/nav2_velocity_smoother/include//nav2_velocity_smoother/velocity_smoother.hpp
[62.477s] -- Installing: /home/asis/hokuyo_ws/src/install/nav2_velocity_smoother/share/nav2_velocity_smoother/environment/library_path.sh
[62.477s] -- Installing: /home/asis/hokuyo_ws/src/install/nav2_velocity_smoother/share/nav2_velocity_smoother/environment/library_path.dsv
[62.478s] -- Installing: /home/asis/hokuyo_ws/src/install/nav2_velocity_smoother/share/ament_index/resource_index/package_run_dependencies/nav2_velocity_smoother
[62.478s] -- Installing: /home/asis/hokuyo_ws/src/install/nav2_velocity_smoother/share/ament_index/resource_index/parent_prefix_path/nav2_velocity_smoother
[62.478s] -- Installing: /home/asis/hokuyo_ws/src/install/nav2_velocity_smoother/share/nav2_velocity_smoother/environment/ament_prefix_path.sh
[62.478s] -- Installing: /home/asis/hokuyo_ws/src/install/nav2_velocity_smoother/share/nav2_velocity_smoother/environment/ament_prefix_path.dsv
[62.478s] -- Installing: /home/asis/hokuyo_ws/src/install/nav2_velocity_smoother/share/nav2_velocity_smoother/environment/path.sh
[62.478s] -- Installing: /home/asis/hokuyo_ws/src/install/nav2_velocity_smoother/share/nav2_velocity_smoother/environment/path.dsv
[62.478s] -- Installing: /home/asis/hokuyo_ws/src/install/nav2_velocity_smoother/share/nav2_velocity_smoother/local_setup.bash
[62.478s] -- Installing: /home/asis/hokuyo_ws/src/install/nav2_velocity_smoother/share/nav2_velocity_smoother/local_setup.sh
[62.479s] -- Installing: /home/asis/hokuyo_ws/src/install/nav2_velocity_smoother/share/nav2_velocity_smoother/local_setup.zsh
[62.479s] -- Installing: /home/asis/hokuyo_ws/src/install/nav2_velocity_smoother/share/nav2_velocity_smoother/local_setup.dsv
[62.479s] -- Installing: /home/asis/hokuyo_ws/src/install/nav2_velocity_smoother/share/nav2_velocity_smoother/package.dsv
[62.479s] -- Installing: /home/asis/hokuyo_ws/src/install/nav2_velocity_smoother/share/ament_index/resource_index/packages/nav2_velocity_smoother
[62.479s] -- Installing: /home/asis/hokuyo_ws/src/install/nav2_velocity_smoother/share/ament_index/resource_index/rclcpp_components/nav2_velocity_smoother
[62.479s] -- Installing: /home/asis/hokuyo_ws/src/install/nav2_velocity_smoother/share/nav2_velocity_smoother/cmake/ament_cmake_export_include_directories-extras.cmake
[62.479s] -- Installing: /home/asis/hokuyo_ws/src/install/nav2_velocity_smoother/share/nav2_velocity_smoother/cmake/ament_cmake_export_libraries-extras.cmake
[62.479s] -- Installing: /home/asis/hokuyo_ws/src/install/nav2_velocity_smoother/share/nav2_velocity_smoother/cmake/ament_cmake_export_dependencies-extras.cmake
[62.480s] -- Installing: /home/asis/hokuyo_ws/src/install/nav2_velocity_smoother/share/nav2_velocity_smoother/cmake/nav2_velocity_smootherConfig.cmake
[62.480s] -- Installing: /home/asis/hokuyo_ws/src/install/nav2_velocity_smoother/share/nav2_velocity_smoother/cmake/nav2_velocity_smootherConfig-version.cmake
[62.480s] -- Installing: /home/asis/hokuyo_ws/src/install/nav2_velocity_smoother/share/nav2_velocity_smoother/package.xml
[62.483s] Invoked command in '/home/asis/hokuyo_ws/src/build/nav2_velocity_smoother' returned '0': AMENT_PREFIX_PATH=/home/asis/hokuyo_ws/src/install/nav2_util:/home/asis/hokuyo_ws/src/install/nav2_msgs:/home/asis/hokuyo_ws/src/install/nav2_common:${AMENT_PREFIX_PATH} CMAKE_PREFIX_PATH=/home/asis/hokuyo_ws/src/install/nav2_util:/home/asis/hokuyo_ws/src/install/nav2_msgs:/home/asis/hokuyo_ws/src/install/nav2_common:/home/asis/hokuyo_ws/install/urg_node2:/home/asis/hokuyo_ws/install/slam_toolbox:/opt/ros/humble LD_LIBRARY_PATH=/home/asis/hokuyo_ws/src/install/nav2_util/lib:/home/asis/hokuyo_ws/src/install/nav2_msgs/lib:${LD_LIBRARY_PATH} PYTHONPATH=/home/asis/hokuyo_ws/src/install/nav2_msgs/local/lib/python3.10/dist-packages:/home/asis/hokuyo_ws/src/install/nav2_common/local/lib/python3.10/dist-packages:${PYTHONPATH} /usr/bin/cmake --install /home/asis/hokuyo_ws/src/build/nav2_velocity_smoother
