[0.107s] Invoking command in '/home/asis/hokuyo_ws/src/build/nav2_planner': AMENT_PREFIX_PATH=/home/asis/hokuyo_ws/src/install/nav2_core:/home/asis/hokuyo_ws/src/install/nav2_costmap_2d:/home/asis/hokuyo_ws/src/install/nav2_util:/home/asis/hokuyo_ws/src/install/nav2_voxel_grid:/home/asis/hokuyo_ws/src/install/nav2_msgs:/home/asis/hokuyo_ws/src/install/nav2_common:${AMENT_PREFIX_PATH} CMAKE_PREFIX_PATH=/home/asis/hokuyo_ws/src/install/nav2_core:/home/asis/hokuyo_ws/src/install/nav2_costmap_2d:/home/asis/hokuyo_ws/src/install/nav2_util:/home/asis/hokuyo_ws/src/install/nav2_voxel_grid:/home/asis/hokuyo_ws/src/install/nav2_msgs:/home/asis/hokuyo_ws/src/install/nav2_common:/home/asis/hokuyo_ws/install/urg_node2:/home/asis/hokuyo_ws/install/slam_toolbox:/opt/ros/humble LD_LIBRARY_PATH=/home/asis/hokuyo_ws/src/install/nav2_costmap_2d/lib:/home/asis/hokuyo_ws/src/install/nav2_util/lib:/home/asis/hokuyo_ws/src/install/nav2_voxel_grid/lib:/home/asis/hokuyo_ws/src/install/nav2_msgs/lib:${LD_LIBRARY_PATH} PYTHONPATH=/home/asis/hokuyo_ws/src/install/nav2_msgs/local/lib/python3.10/dist-packages:/home/asis/hokuyo_ws/src/install/nav2_common/local/lib/python3.10/dist-packages:${PYTHONPATH} /usr/bin/cmake /home/asis/hokuyo_ws/src/navigation2/nav2_planner -DCMAKE_INSTALL_PREFIX=/home/asis/hokuyo_ws/src/install/nav2_planner
[24.905s] -- The C compiler identification is GNU 11.4.0
[24.906s] -- The CXX compiler identification is GNU 11.4.0
[24.906s] -- Detecting C compiler ABI info
[24.906s] -- Detecting C compiler ABI info - done
[24.906s] -- Check for working C compiler: /usr/bin/cc - skipped
[24.906s] -- Detecting C compile features
[24.906s] -- Detecting C compile features - done
[24.906s] -- Detecting CXX compiler ABI info
[24.906s] -- Detecting CXX compiler ABI info - done
[24.907s] -- Check for working CXX compiler: /usr/bin/c++ - skipped
[24.907s] -- Detecting CXX compile features
[24.907s] -- Detecting CXX compile features - done
[24.907s] -- Found ament_cmake: 1.3.9 (/opt/ros/humble/share/ament_cmake/cmake)
[24.907s] -- Found Python3: /usr/bin/python3 (found version "3.10.12") found components: Interpreter 
[24.907s] -- Found nav2_common: 1.1.15 (/home/asis/hokuyo_ws/src/install/nav2_common/share/nav2_common/cmake)
[24.907s] -- Found rclcpp: 16.0.9 (/opt/ros/humble/share/rclcpp/cmake)
[24.907s] -- Found rosidl_generator_c: 3.1.5 (/opt/ros/humble/share/rosidl_generator_c/cmake)
[24.908s] -- Found rosidl_adapter: 3.1.5 (/opt/ros/humble/share/rosidl_adapter/cmake)
[24.908s] -- Found rosidl_generator_cpp: 3.1.5 (/opt/ros/humble/share/rosidl_generator_cpp/cmake)
[24.908s] -- Using all available rosidl_typesupport_c: rosidl_typesupport_fastrtps_c;rosidl_typesupport_introspection_c
[24.908s] -- Using all available rosidl_typesupport_cpp: rosidl_typesupport_fastrtps_cpp;rosidl_typesupport_introspection_cpp
[24.908s] -- Found rmw_implementation_cmake: 6.1.2 (/opt/ros/humble/share/rmw_implementation_cmake/cmake)
[24.908s] -- Found rmw_fastrtps_cpp: 6.2.6 (/opt/ros/humble/share/rmw_fastrtps_cpp/cmake)
[24.908s] -- Found OpenSSL: /usr/lib/x86_64-linux-gnu/libcrypto.so (found version "3.0.2")  
[24.908s] -- Found FastRTPS: /opt/ros/humble/include  
[24.909s] -- Using RMW implementation 'rmw_fastrtps_cpp' as default
[24.909s] -- Looking for pthread.h
[24.909s] -- Looking for pthread.h - found
[24.909s] -- Performing Test CMAKE_HAVE_LIBC_PTHREAD
[24.909s] -- Performing Test CMAKE_HAVE_LIBC_PTHREAD - Success
[24.909s] -- Found Threads: TRUE  
[24.909s] -- Found rclcpp_action: 16.0.9 (/opt/ros/humble/share/rclcpp_action/cmake)
[24.909s] -- Found rclcpp_lifecycle: 16.0.9 (/opt/ros/humble/share/rclcpp_lifecycle/cmake)
[24.910s] -- Found rclcpp_components: 16.0.9 (/opt/ros/humble/share/rclcpp_components/cmake)
[24.910s] -- Found visualization_msgs: 4.2.3 (/opt/ros/humble/share/visualization_msgs/cmake)
[24.910s] -- Found nav2_util: 1.1.15 (/home/asis/hokuyo_ws/src/install/nav2_util/share/nav2_util/cmake)
[24.910s] -- Found eigen3_cmake_module: 0.1.1 (/opt/ros/humble/share/eigen3_cmake_module/cmake)
[24.910s] -- Found Eigen3: TRUE (found version "3.4.0") 
[24.910s] -- Ensuring Eigen3 include directory is part of orocos-kdl CMake target
[24.910s] -- Found nav2_costmap_2d: 1.1.15 (/home/asis/hokuyo_ws/src/install/nav2_costmap_2d/share/nav2_costmap_2d/cmake)
[24.910s] -- Found nav2_core: 1.1.15 (/home/asis/hokuyo_ws/src/install/nav2_core/share/nav2_core/cmake)
[24.911s] -- Setting build type to Release as none was specified.
[24.911s] -- Found ament_lint_auto: 0.12.11 (/opt/ros/humble/share/ament_lint_auto/cmake)
[24.911s] -- Found ament_cmake_gtest: 1.3.9 (/opt/ros/humble/share/ament_cmake_gtest/cmake)
[24.911s] -- Found gtest sources under '/opt/ros/humble/src/gtest_vendor': C++ tests using 'Google Test' will be built
[24.911s] -- Added test 'copyright' to check source files copyright and LICENSE
[24.911s] -- Added test 'cppcheck' to perform static code analysis on C / C++ code
[24.911s] -- Configured cppcheck include dirs: /home/asis/hokuyo_ws/src/navigation2/nav2_planner/include
[24.911s] -- Configured cppcheck exclude dirs and/or files: 
[24.911s] -- Added test 'cpplint' to check C / C++ code against the Google style
[24.911s] -- Configured cpplint exclude dirs and/or files: 
[24.912s] -- Added test 'lint_cmake' to check CMake code style
[24.912s] -- Added test 'uncrustify' to check C / C++ code style
[24.912s] -- Configured uncrustify additional arguments: 
[24.912s] -- Added test 'xmllint' to check XML markup files
[24.912s] -- Configuring done
[24.912s] -- Generating done
[24.912s] -- Build files have been written to: /home/asis/hokuyo_ws/src/build/nav2_planner
[24.916s] Invoked command in '/home/asis/hokuyo_ws/src/build/nav2_planner' returned '0': AMENT_PREFIX_PATH=/home/asis/hokuyo_ws/src/install/nav2_core:/home/asis/hokuyo_ws/src/install/nav2_costmap_2d:/home/asis/hokuyo_ws/src/install/nav2_util:/home/asis/hokuyo_ws/src/install/nav2_voxel_grid:/home/asis/hokuyo_ws/src/install/nav2_msgs:/home/asis/hokuyo_ws/src/install/nav2_common:${AMENT_PREFIX_PATH} CMAKE_PREFIX_PATH=/home/asis/hokuyo_ws/src/install/nav2_core:/home/asis/hokuyo_ws/src/install/nav2_costmap_2d:/home/asis/hokuyo_ws/src/install/nav2_util:/home/asis/hokuyo_ws/src/install/nav2_voxel_grid:/home/asis/hokuyo_ws/src/install/nav2_msgs:/home/asis/hokuyo_ws/src/install/nav2_common:/home/asis/hokuyo_ws/install/urg_node2:/home/asis/hokuyo_ws/install/slam_toolbox:/opt/ros/humble LD_LIBRARY_PATH=/home/asis/hokuyo_ws/src/install/nav2_costmap_2d/lib:/home/asis/hokuyo_ws/src/install/nav2_util/lib:/home/asis/hokuyo_ws/src/install/nav2_voxel_grid/lib:/home/asis/hokuyo_ws/src/install/nav2_msgs/lib:${LD_LIBRARY_PATH} PYTHONPATH=/home/asis/hokuyo_ws/src/install/nav2_msgs/local/lib/python3.10/dist-packages:/home/asis/hokuyo_ws/src/install/nav2_common/local/lib/python3.10/dist-packages:${PYTHONPATH} /usr/bin/cmake /home/asis/hokuyo_ws/src/navigation2/nav2_planner -DCMAKE_INSTALL_PREFIX=/home/asis/hokuyo_ws/src/install/nav2_planner
[24.917s] Invoking command in '/home/asis/hokuyo_ws/src/build/nav2_planner': AMENT_PREFIX_PATH=/home/asis/hokuyo_ws/src/install/nav2_core:/home/asis/hokuyo_ws/src/install/nav2_costmap_2d:/home/asis/hokuyo_ws/src/install/nav2_util:/home/asis/hokuyo_ws/src/install/nav2_voxel_grid:/home/asis/hokuyo_ws/src/install/nav2_msgs:/home/asis/hokuyo_ws/src/install/nav2_common:${AMENT_PREFIX_PATH} CMAKE_PREFIX_PATH=/home/asis/hokuyo_ws/src/install/nav2_core:/home/asis/hokuyo_ws/src/install/nav2_costmap_2d:/home/asis/hokuyo_ws/src/install/nav2_util:/home/asis/hokuyo_ws/src/install/nav2_voxel_grid:/home/asis/hokuyo_ws/src/install/nav2_msgs:/home/asis/hokuyo_ws/src/install/nav2_common:/home/asis/hokuyo_ws/install/urg_node2:/home/asis/hokuyo_ws/install/slam_toolbox:/opt/ros/humble LD_LIBRARY_PATH=/home/asis/hokuyo_ws/src/install/nav2_costmap_2d/lib:/home/asis/hokuyo_ws/src/install/nav2_util/lib:/home/asis/hokuyo_ws/src/install/nav2_voxel_grid/lib:/home/asis/hokuyo_ws/src/install/nav2_msgs/lib:${LD_LIBRARY_PATH} PYTHONPATH=/home/asis/hokuyo_ws/src/install/nav2_msgs/local/lib/python3.10/dist-packages:/home/asis/hokuyo_ws/src/install/nav2_common/local/lib/python3.10/dist-packages:${PYTHONPATH} /usr/bin/cmake --build /home/asis/hokuyo_ws/src/build/nav2_planner -- -j8 -l8
[47.581s] [ 10%] [32mBuilding CXX object CMakeFiles/planner_server_core.dir/src/planner_server.cpp.o[0m
[56.828s] [ 20%] [32m[1mLinking CXX shared library libplanner_server_core.so[0m
[57.722s] [ 20%] Built target planner_server_core
[57.757s] [ 30%] [32mBuilding CXX object gtest/CMakeFiles/gtest.dir/src/gtest-all.cc.o[0m
[69.072s] [ 40%] [32m[1mLinking CXX static library libgtest.a[0m
[69.172s] [ 40%] Built target gtest
[69.211s] [ 50%] [32mBuilding CXX object CMakeFiles/planner_server.dir/src/main.cpp.o[0m
[77.691s] [ 60%] [32m[1mLinking CXX executable planner_server[0m
[78.100s] [ 60%] Built target planner_server
[78.123s] [ 70%] [32mBuilding CXX object gtest/CMakeFiles/gtest_main.dir/src/gtest_main.cc.o[0m
[79.552s] [ 80%] [32m[1mLinking CXX static library libgtest_main.a[0m
[79.604s] [ 80%] Built target gtest_main
[79.653s] [ 90%] [32mBuilding CXX object test/CMakeFiles/test_dynamic_parameters.dir/test_dynamic_parameters.cpp.o[0m
[89.938s] [100%] [32m[1mLinking CXX executable test_dynamic_parameters[0m
[90.801s] [100%] Built target test_dynamic_parameters
[90.821s] Invoked command in '/home/asis/hokuyo_ws/src/build/nav2_planner' returned '0': AMENT_PREFIX_PATH=/home/asis/hokuyo_ws/src/install/nav2_core:/home/asis/hokuyo_ws/src/install/nav2_costmap_2d:/home/asis/hokuyo_ws/src/install/nav2_util:/home/asis/hokuyo_ws/src/install/nav2_voxel_grid:/home/asis/hokuyo_ws/src/install/nav2_msgs:/home/asis/hokuyo_ws/src/install/nav2_common:${AMENT_PREFIX_PATH} CMAKE_PREFIX_PATH=/home/asis/hokuyo_ws/src/install/nav2_core:/home/asis/hokuyo_ws/src/install/nav2_costmap_2d:/home/asis/hokuyo_ws/src/install/nav2_util:/home/asis/hokuyo_ws/src/install/nav2_voxel_grid:/home/asis/hokuyo_ws/src/install/nav2_msgs:/home/asis/hokuyo_ws/src/install/nav2_common:/home/asis/hokuyo_ws/install/urg_node2:/home/asis/hokuyo_ws/install/slam_toolbox:/opt/ros/humble LD_LIBRARY_PATH=/home/asis/hokuyo_ws/src/install/nav2_costmap_2d/lib:/home/asis/hokuyo_ws/src/install/nav2_util/lib:/home/asis/hokuyo_ws/src/install/nav2_voxel_grid/lib:/home/asis/hokuyo_ws/src/install/nav2_msgs/lib:${LD_LIBRARY_PATH} PYTHONPATH=/home/asis/hokuyo_ws/src/install/nav2_msgs/local/lib/python3.10/dist-packages:/home/asis/hokuyo_ws/src/install/nav2_common/local/lib/python3.10/dist-packages:${PYTHONPATH} /usr/bin/cmake --build /home/asis/hokuyo_ws/src/build/nav2_planner -- -j8 -l8
[91.017s] Invoking command in '/home/asis/hokuyo_ws/src/build/nav2_planner': AMENT_PREFIX_PATH=/home/asis/hokuyo_ws/src/install/nav2_core:/home/asis/hokuyo_ws/src/install/nav2_costmap_2d:/home/asis/hokuyo_ws/src/install/nav2_util:/home/asis/hokuyo_ws/src/install/nav2_voxel_grid:/home/asis/hokuyo_ws/src/install/nav2_msgs:/home/asis/hokuyo_ws/src/install/nav2_common:${AMENT_PREFIX_PATH} CMAKE_PREFIX_PATH=/home/asis/hokuyo_ws/src/install/nav2_core:/home/asis/hokuyo_ws/src/install/nav2_costmap_2d:/home/asis/hokuyo_ws/src/install/nav2_util:/home/asis/hokuyo_ws/src/install/nav2_voxel_grid:/home/asis/hokuyo_ws/src/install/nav2_msgs:/home/asis/hokuyo_ws/src/install/nav2_common:/home/asis/hokuyo_ws/install/urg_node2:/home/asis/hokuyo_ws/install/slam_toolbox:/opt/ros/humble LD_LIBRARY_PATH=/home/asis/hokuyo_ws/src/install/nav2_costmap_2d/lib:/home/asis/hokuyo_ws/src/install/nav2_util/lib:/home/asis/hokuyo_ws/src/install/nav2_voxel_grid/lib:/home/asis/hokuyo_ws/src/install/nav2_msgs/lib:${LD_LIBRARY_PATH} PYTHONPATH=/home/asis/hokuyo_ws/src/install/nav2_msgs/local/lib/python3.10/dist-packages:/home/asis/hokuyo_ws/src/install/nav2_common/local/lib/python3.10/dist-packages:${PYTHONPATH} /usr/bin/cmake --install /home/asis/hokuyo_ws/src/build/nav2_planner
[95.059s] -- Install configuration: "Release"
[95.059s] -- Installing: /home/asis/hokuyo_ws/src/install/nav2_planner/lib/libplanner_server_core.so
[95.059s] -- Set runtime path of "/home/asis/hokuyo_ws/src/install/nav2_planner/lib/libplanner_server_core.so" to ""
[95.059s] -- Installing: /home/asis/hokuyo_ws/src/install/nav2_planner/lib/nav2_planner/planner_server
[95.059s] -- Set runtime path of "/home/asis/hokuyo_ws/src/install/nav2_planner/lib/nav2_planner/planner_server" to ""
[95.059s] -- Installing: /home/asis/hokuyo_ws/src/install/nav2_planner/include/
[95.060s] -- Installing: /home/asis/hokuyo_ws/src/install/nav2_planner/include//nav2_planner
[95.060s] -- Installing: /home/asis/hokuyo_ws/src/install/nav2_planner/include//nav2_planner/planner_server.hpp
[95.060s] -- Installing: /home/asis/hokuyo_ws/src/install/nav2_planner/share/nav2_planner/environment/library_path.sh
[95.060s] -- Installing: /home/asis/hokuyo_ws/src/install/nav2_planner/share/nav2_planner/environment/library_path.dsv
[95.062s] -- Installing: /home/asis/hokuyo_ws/src/install/nav2_planner/share/ament_index/resource_index/package_run_dependencies/nav2_planner
[95.063s] -- Installing: /home/asis/hokuyo_ws/src/install/nav2_planner/share/ament_index/resource_index/parent_prefix_path/nav2_planner
[95.064s] -- Installing: /home/asis/hokuyo_ws/src/install/nav2_planner/share/nav2_planner/environment/ament_prefix_path.sh
[95.064s] -- Installing: /home/asis/hokuyo_ws/src/install/nav2_planner/share/nav2_planner/environment/ament_prefix_path.dsv
[95.065s] -- Installing: /home/asis/hokuyo_ws/src/install/nav2_planner/share/nav2_planner/environment/path.sh
[95.065s] -- Installing: /home/asis/hokuyo_ws/src/install/nav2_planner/share/nav2_planner/environment/path.dsv
[95.065s] -- Installing: /home/asis/hokuyo_ws/src/install/nav2_planner/share/nav2_planner/local_setup.bash
[95.065s] -- Installing: /home/asis/hokuyo_ws/src/install/nav2_planner/share/nav2_planner/local_setup.sh
[95.065s] -- Installing: /home/asis/hokuyo_ws/src/install/nav2_planner/share/nav2_planner/local_setup.zsh
[95.065s] -- Installing: /home/asis/hokuyo_ws/src/install/nav2_planner/share/nav2_planner/local_setup.dsv
[95.073s] -- Installing: /home/asis/hokuyo_ws/src/install/nav2_planner/share/nav2_planner/package.dsv
[95.074s] -- Installing: /home/asis/hokuyo_ws/src/install/nav2_planner/share/ament_index/resource_index/packages/nav2_planner
[95.074s] -- Installing: /home/asis/hokuyo_ws/src/install/nav2_planner/share/ament_index/resource_index/rclcpp_components/nav2_planner
[95.074s] -- Installing: /home/asis/hokuyo_ws/src/install/nav2_planner/share/nav2_planner/cmake/ament_cmake_export_include_directories-extras.cmake
[95.074s] -- Installing: /home/asis/hokuyo_ws/src/install/nav2_planner/share/nav2_planner/cmake/ament_cmake_export_libraries-extras.cmake
[95.074s] -- Installing: /home/asis/hokuyo_ws/src/install/nav2_planner/share/nav2_planner/cmake/ament_cmake_export_dependencies-extras.cmake
[95.074s] -- Installing: /home/asis/hokuyo_ws/src/install/nav2_planner/share/nav2_planner/cmake/nav2_plannerConfig.cmake
[95.074s] -- Installing: /home/asis/hokuyo_ws/src/install/nav2_planner/share/nav2_planner/cmake/nav2_plannerConfig-version.cmake
[95.075s] -- Installing: /home/asis/hokuyo_ws/src/install/nav2_planner/share/nav2_planner/package.xml
[95.075s] Invoked command in '/home/asis/hokuyo_ws/src/build/nav2_planner' returned '0': AMENT_PREFIX_PATH=/home/asis/hokuyo_ws/src/install/nav2_core:/home/asis/hokuyo_ws/src/install/nav2_costmap_2d:/home/asis/hokuyo_ws/src/install/nav2_util:/home/asis/hokuyo_ws/src/install/nav2_voxel_grid:/home/asis/hokuyo_ws/src/install/nav2_msgs:/home/asis/hokuyo_ws/src/install/nav2_common:${AMENT_PREFIX_PATH} CMAKE_PREFIX_PATH=/home/asis/hokuyo_ws/src/install/nav2_core:/home/asis/hokuyo_ws/src/install/nav2_costmap_2d:/home/asis/hokuyo_ws/src/install/nav2_util:/home/asis/hokuyo_ws/src/install/nav2_voxel_grid:/home/asis/hokuyo_ws/src/install/nav2_msgs:/home/asis/hokuyo_ws/src/install/nav2_common:/home/asis/hokuyo_ws/install/urg_node2:/home/asis/hokuyo_ws/install/slam_toolbox:/opt/ros/humble LD_LIBRARY_PATH=/home/asis/hokuyo_ws/src/install/nav2_costmap_2d/lib:/home/asis/hokuyo_ws/src/install/nav2_util/lib:/home/asis/hokuyo_ws/src/install/nav2_voxel_grid/lib:/home/asis/hokuyo_ws/src/install/nav2_msgs/lib:${LD_LIBRARY_PATH} PYTHONPATH=/home/asis/hokuyo_ws/src/install/nav2_msgs/local/lib/python3.10/dist-packages:/home/asis/hokuyo_ws/src/install/nav2_common/local/lib/python3.10/dist-packages:${PYTHONPATH} /usr/bin/cmake --install /home/asis/hokuyo_ws/src/build/nav2_planner
